<?xml version="1.0" encoding="UTF-8"?>
<!-- Generated by org.testng.reporters.JUnitReportReporter -->
<testsuite hostname="DESKTOP-3DLKC1S" failures="0" tests="6" name="com.jack.task3.Steptoe" time="19.125" errors="0" timestamp="2023-03-19T11:35:36 BDT" skipped="0">
  <testcase classname="com.jack.task3.Steptoe" name="testx" time="0.001"/>
  <system-out/>
  <testcase classname="com.jack.task3.Steptoe" name="saveList" time="0.182"/>
  <system-out/>
  <testcase classname="com.jack.task3.Steptoe" name="run" time="3.299"/>
  <system-out/>
  <testcase classname="com.jack.task3.Steptoe" name="run" time="5.723"/>
  <system-out/>
  <testcase classname="com.jack.task3.Steptoe" name="run" time="5.823"/>
  <system-out/>
  <testcase classname="com.jack.task3.Steptoe" name="run" time="4.097"/>
  <system-out/>
</testsuite> <!-- com.jack.task3.Steptoe -->
