<?xml version="1.0" encoding="UTF-8"?>
<!-- Generated by org.testng.reporters.JUnitReportReporter -->
<testsuite hostname="DESKTOP-89RDKF8" failures="0" tests="817" name="com.jack.task.Sullcrom" time="1915.804" errors="0" timestamp="2022-12-27T18:41:39 BDT" skipped="0">
  <testcase classname="com.jack.task.Sullcrom" name="run" time="4.640"/>
  <system-out/>
  <testcase classname="com.jack.task.Sullcrom" name="run" time="1.622"/>
  <system-out/>
  <testcase classname="com.jack.task.Sullcrom" name="run" time="3.525"/>
  <system-out/>
  <testcase classname="com.jack.task.Sullcrom" name="run" time="2.199"/>
  <system-out/>
  <testcase classname="com.jack.task.Sullcrom" name="run" time="1.580"/>
  <system-out/>
  <testcase classname="com.jack.task.Sullcrom" name="run" time="2.893"/>
  <system-out/>
  <testcase classname="com.jack.task.Sullcrom" name="testx" time="0.000"/>
  <system-out/>
  <testcase classname="com.jack.task.Sullcrom" name="run" time="2.371"/>
  <system-out/>
  <testcase classname="com.jack.task.Sullcrom" name="run" time="1.502"/>
  <system-out/>
  <testcase classname="com.jack.task.Sullcrom" name="run" time="2.534"/>
  <system-out/>
  <testcase classname="com.jack.task.Sullcrom" name="run" time="3.424"/>
  <system-out/>
  <testcase classname="com.jack.task.Sullcrom" name="run" time="1.599"/>
  <system-out/>
  <testcase classname="com.jack.task.Sullcrom" name="run" time="2.116"/>
  <system-out/>
  <testcase classname="com.jack.task.Sullcrom" name="run" time="2.818"/>
  <system-out/>
  <testcase classname="com.jack.task.Sullcrom" name="run" time="2.425"/>
  <system-out/>
  <testcase classname="com.jack.task.Sullcrom" name="run" time="2.650"/>
  <system-out/>
  <testcase classname="com.jack.task.Sullcrom" name="run" time="2.004"/>
  <system-out/>
  <testcase classname="com.jack.task.Sullcrom" name="run" time="2.705"/>
  <system-out/>
  <testcase classname="com.jack.task.Sullcrom" name="run" time="2.448"/>
  <system-out/>
  <testcase classname="com.jack.task.Sullcrom" name="run" time="2.766"/>
  <system-out/>
  <testcase classname="com.jack.task.Sullcrom" name="run" time="2.497"/>
  <system-out/>
  <testcase classname="com.jack.task.Sullcrom" name="run" time="1.473"/>
  <system-out/>
  <testcase classname="com.jack.task.Sullcrom" name="run" time="1.965"/>
  <system-out/>
  <testcase classname="com.jack.task.Sullcrom" name="run" time="1.628"/>
  <system-out/>
  <testcase classname="com.jack.task.Sullcrom" name="run" time="1.694"/>
  <system-out/>
  <testcase classname="com.jack.task.Sullcrom" name="run" time="2.201"/>
  <system-out/>
  <testcase classname="com.jack.task.Sullcrom" name="run" time="2.112"/>
  <system-out/>
  <testcase classname="com.jack.task.Sullcrom" name="run" time="2.662"/>
  <system-out/>
  <testcase classname="com.jack.task.Sullcrom" name="run" time="1.645"/>
  <system-out/>
  <testcase classname="com.jack.task.Sullcrom" name="run" time="3.251"/>
  <system-out/>
  <testcase classname="com.jack.task.Sullcrom" name="run" time="2.303"/>
  <system-out/>
  <testcase classname="com.jack.task.Sullcrom" name="run" time="2.664"/>
  <system-out/>
  <testcase classname="com.jack.task.Sullcrom" name="run" time="2.511"/>
  <system-out/>
  <testcase classname="com.jack.task.Sullcrom" name="run" time="2.491"/>
  <system-out/>
  <testcase classname="com.jack.task.Sullcrom" name="run" time="1.988"/>
  <system-out/>
  <testcase classname="com.jack.task.Sullcrom" name="run" time="2.681"/>
  <system-out/>
  <testcase classname="com.jack.task.Sullcrom" name="run" time="3.572"/>
  <system-out/>
  <testcase classname="com.jack.task.Sullcrom" name="run" time="1.922"/>
  <system-out/>
  <testcase classname="com.jack.task.Sullcrom" name="run" time="2.151"/>
  <system-out/>
  <testcase classname="com.jack.task.Sullcrom" name="run" time="3.050"/>
  <system-out/>
  <testcase classname="com.jack.task.Sullcrom" name="run" time="1.750"/>
  <system-out/>
  <testcase classname="com.jack.task.Sullcrom" name="run" time="2.377"/>
  <system-out/>
  <testcase classname="com.jack.task.Sullcrom" name="run" time="2.290"/>
  <system-out/>
  <testcase classname="com.jack.task.Sullcrom" name="run" time="1.580"/>
  <system-out/>
  <testcase classname="com.jack.task.Sullcrom" name="run" time="3.222"/>
  <system-out/>
  <testcase classname="com.jack.task.Sullcrom" name="run" time="2.583"/>
  <system-out/>
  <testcase classname="com.jack.task.Sullcrom" name="run" time="2.443"/>
  <system-out/>
  <testcase classname="com.jack.task.Sullcrom" name="run" time="3.437"/>
  <system-out/>
  <testcase classname="com.jack.task.Sullcrom" name="run" time="2.202"/>
  <system-out/>
  <testcase classname="com.jack.task.Sullcrom" name="run" time="2.060"/>
  <system-out/>
  <testcase classname="com.jack.task.Sullcrom" name="run" time="2.092"/>
  <system-out/>
  <testcase classname="com.jack.task.Sullcrom" name="run" time="2.126"/>
  <system-out/>
  <testcase classname="com.jack.task.Sullcrom" name="run" time="2.589"/>
  <system-out/>
  <testcase classname="com.jack.task.Sullcrom" name="run" time="4.116"/>
  <system-out/>
  <testcase classname="com.jack.task.Sullcrom" name="run" time="2.194"/>
  <system-out/>
  <testcase classname="com.jack.task.Sullcrom" name="run" time="3.576"/>
  <system-out/>
  <testcase classname="com.jack.task.Sullcrom" name="run" time="2.654"/>
  <system-out/>
  <testcase classname="com.jack.task.Sullcrom" name="run" time="2.282"/>
  <system-out/>
  <testcase classname="com.jack.task.Sullcrom" name="run" time="2.058"/>
  <system-out/>
  <testcase classname="com.jack.task.Sullcrom" name="run" time="2.650"/>
  <system-out/>
  <testcase classname="com.jack.task.Sullcrom" name="run" time="2.427"/>
  <system-out/>
  <testcase classname="com.jack.task.Sullcrom" name="run" time="1.675"/>
  <system-out/>
  <testcase classname="com.jack.task.Sullcrom" name="run" time="2.794"/>
  <system-out/>
  <testcase classname="com.jack.task.Sullcrom" name="run" time="2.538"/>
  <system-out/>
  <testcase classname="com.jack.task.Sullcrom" name="run" time="2.249"/>
  <system-out/>
  <testcase classname="com.jack.task.Sullcrom" name="run" time="2.533"/>
  <system-out/>
  <testcase classname="com.jack.task.Sullcrom" name="run" time="2.546"/>
  <system-out/>
  <testcase classname="com.jack.task.Sullcrom" name="run" time="1.951"/>
  <system-out/>
  <testcase classname="com.jack.task.Sullcrom" name="run" time="2.137"/>
  <system-out/>
  <testcase classname="com.jack.task.Sullcrom" name="run" time="2.890"/>
  <system-out/>
  <testcase classname="com.jack.task.Sullcrom" name="run" time="3.103"/>
  <system-out/>
  <testcase classname="com.jack.task.Sullcrom" name="run" time="2.823"/>
  <system-out/>
  <testcase classname="com.jack.task.Sullcrom" name="run" time="2.321"/>
  <system-out/>
  <testcase classname="com.jack.task.Sullcrom" name="run" time="3.065"/>
  <system-out/>
  <testcase classname="com.jack.task.Sullcrom" name="run" time="2.722"/>
  <system-out/>
  <testcase classname="com.jack.task.Sullcrom" name="run" time="2.560"/>
  <system-out/>
  <testcase classname="com.jack.task.Sullcrom" name="run" time="2.810"/>
  <system-out/>
  <testcase classname="com.jack.task.Sullcrom" name="run" time="2.720"/>
  <system-out/>
  <testcase classname="com.jack.task.Sullcrom" name="run" time="2.703"/>
  <system-out/>
  <testcase classname="com.jack.task.Sullcrom" name="run" time="1.642"/>
  <system-out/>
  <testcase classname="com.jack.task.Sullcrom" name="run" time="2.028"/>
  <system-out/>
  <testcase classname="com.jack.task.Sullcrom" name="run" time="2.447"/>
  <system-out/>
  <testcase classname="com.jack.task.Sullcrom" name="run" time="1.971"/>
  <system-out/>
  <testcase classname="com.jack.task.Sullcrom" name="run" time="3.304"/>
  <system-out/>
  <testcase classname="com.jack.task.Sullcrom" name="run" time="2.273"/>
  <system-out/>
  <testcase classname="com.jack.task.Sullcrom" name="run" time="2.084"/>
  <system-out/>
  <testcase classname="com.jack.task.Sullcrom" name="run" time="1.547"/>
  <system-out/>
  <testcase classname="com.jack.task.Sullcrom" name="run" time="4.422"/>
  <system-out/>
  <testcase classname="com.jack.task.Sullcrom" name="run" time="2.199"/>
  <system-out/>
  <testcase classname="com.jack.task.Sullcrom" name="run" time="1.494"/>
  <system-out/>
  <testcase classname="com.jack.task.Sullcrom" name="run" time="1.552"/>
  <system-out/>
  <testcase classname="com.jack.task.Sullcrom" name="run" time="2.406"/>
  <system-out/>
  <testcase classname="com.jack.task.Sullcrom" name="run" time="1.742"/>
  <system-out/>
  <testcase classname="com.jack.task.Sullcrom" name="run" time="2.032"/>
  <system-out/>
  <testcase classname="com.jack.task.Sullcrom" name="run" time="2.473"/>
  <system-out/>
  <testcase classname="com.jack.task.Sullcrom" name="run" time="1.458"/>
  <system-out/>
  <testcase classname="com.jack.task.Sullcrom" name="run" time="2.725"/>
  <system-out/>
  <testcase classname="com.jack.task.Sullcrom" name="run" time="1.706"/>
  <system-out/>
  <testcase classname="com.jack.task.Sullcrom" name="run" time="2.308"/>
  <system-out/>
  <testcase classname="com.jack.task.Sullcrom" name="run" time="3.179"/>
  <system-out/>
  <testcase classname="com.jack.task.Sullcrom" name="run" time="1.653"/>
  <system-out/>
  <testcase classname="com.jack.task.Sullcrom" name="run" time="1.711"/>
  <system-out/>
  <testcase classname="com.jack.task.Sullcrom" name="run" time="2.393"/>
  <system-out/>
  <testcase classname="com.jack.task.Sullcrom" name="run" time="2.353"/>
  <system-out/>
  <testcase classname="com.jack.task.Sullcrom" name="run" time="1.527"/>
  <system-out/>
  <testcase classname="com.jack.task.Sullcrom" name="run" time="2.065"/>
  <system-out/>
  <testcase classname="com.jack.task.Sullcrom" name="run" time="1.664"/>
  <system-out/>
  <testcase classname="com.jack.task.Sullcrom" name="run" time="5.741"/>
  <system-out/>
  <testcase classname="com.jack.task.Sullcrom" name="run" time="2.238"/>
  <system-out/>
  <testcase classname="com.jack.task.Sullcrom" name="run" time="2.790"/>
  <system-out/>
  <testcase classname="com.jack.task.Sullcrom" name="run" time="1.864"/>
  <system-out/>
  <testcase classname="com.jack.task.Sullcrom" name="run" time="2.439"/>
  <system-out/>
  <testcase classname="com.jack.task.Sullcrom" name="run" time="2.589"/>
  <system-out/>
  <testcase classname="com.jack.task.Sullcrom" name="run" time="2.127"/>
  <system-out/>
  <testcase classname="com.jack.task.Sullcrom" name="run" time="1.492"/>
  <system-out/>
  <testcase classname="com.jack.task.Sullcrom" name="run" time="3.118"/>
  <system-out/>
  <testcase classname="com.jack.task.Sullcrom" name="run" time="2.006"/>
  <system-out/>
  <testcase classname="com.jack.task.Sullcrom" name="run" time="2.102"/>
  <system-out/>
  <testcase classname="com.jack.task.Sullcrom" name="run" time="2.332"/>
  <system-out/>
  <testcase classname="com.jack.task.Sullcrom" name="run" time="2.734"/>
  <system-out/>
  <testcase classname="com.jack.task.Sullcrom" name="run" time="2.224"/>
  <system-out/>
  <testcase classname="com.jack.task.Sullcrom" name="run" time="2.434"/>
  <system-out/>
  <testcase classname="com.jack.task.Sullcrom" name="run" time="2.311"/>
  <system-out/>
  <testcase classname="com.jack.task.Sullcrom" name="run" time="2.498"/>
  <system-out/>
  <testcase classname="com.jack.task.Sullcrom" name="run" time="1.734"/>
  <system-out/>
  <testcase classname="com.jack.task.Sullcrom" name="run" time="1.597"/>
  <system-out/>
  <testcase classname="com.jack.task.Sullcrom" name="run" time="2.471"/>
  <system-out/>
  <testcase classname="com.jack.task.Sullcrom" name="run" time="2.425"/>
  <system-out/>
  <testcase classname="com.jack.task.Sullcrom" name="run" time="1.844"/>
  <system-out/>
  <testcase classname="com.jack.task.Sullcrom" name="run" time="2.186"/>
  <system-out/>
  <testcase classname="com.jack.task.Sullcrom" name="run" time="2.348"/>
  <system-out/>
  <testcase classname="com.jack.task.Sullcrom" name="run" time="3.174"/>
  <system-out/>
  <testcase classname="com.jack.task.Sullcrom" name="run" time="2.270"/>
  <system-out/>
  <testcase classname="com.jack.task.Sullcrom" name="run" time="1.948"/>
  <system-out/>
  <testcase classname="com.jack.task.Sullcrom" name="run" time="2.262"/>
  <system-out/>
  <testcase classname="com.jack.task.Sullcrom" name="run" time="1.809"/>
  <system-out/>
  <testcase classname="com.jack.task.Sullcrom" name="run" time="2.504"/>
  <system-out/>
  <testcase classname="com.jack.task.Sullcrom" name="run" time="2.529"/>
  <system-out/>
  <testcase classname="com.jack.task.Sullcrom" name="run" time="2.476"/>
  <system-out/>
  <testcase classname="com.jack.task.Sullcrom" name="run" time="2.419"/>
  <system-out/>
  <testcase classname="com.jack.task.Sullcrom" name="run" time="1.849"/>
  <system-out/>
  <testcase classname="com.jack.task.Sullcrom" name="run" time="1.571"/>
  <system-out/>
  <testcase classname="com.jack.task.Sullcrom" name="run" time="3.837"/>
  <system-out/>
  <testcase classname="com.jack.task.Sullcrom" name="run" time="1.615"/>
  <system-out/>
  <testcase classname="com.jack.task.Sullcrom" name="run" time="5.034"/>
  <system-out/>
  <testcase classname="com.jack.task.Sullcrom" name="run" time="2.223"/>
  <system-out/>
  <testcase classname="com.jack.task.Sullcrom" name="run" time="2.832"/>
  <system-out/>
  <testcase classname="com.jack.task.Sullcrom" name="run" time="2.682"/>
  <system-out/>
  <testcase classname="com.jack.task.Sullcrom" name="run" time="2.393"/>
  <system-out/>
  <testcase classname="com.jack.task.Sullcrom" name="run" time="1.919"/>
  <system-out/>
  <testcase classname="com.jack.task.Sullcrom" name="run" time="3.597"/>
  <system-out/>
  <testcase classname="com.jack.task.Sullcrom" name="run" time="2.423"/>
  <system-out/>
  <testcase classname="com.jack.task.Sullcrom" name="run" time="2.419"/>
  <system-out/>
  <testcase classname="com.jack.task.Sullcrom" name="run" time="3.361"/>
  <system-out/>
  <testcase classname="com.jack.task.Sullcrom" name="run" time="1.818"/>
  <system-out/>
  <testcase classname="com.jack.task.Sullcrom" name="run" time="2.427"/>
  <system-out/>
  <testcase classname="com.jack.task.Sullcrom" name="run" time="2.252"/>
  <system-out/>
  <testcase classname="com.jack.task.Sullcrom" name="run" time="2.482"/>
  <system-out/>
  <testcase classname="com.jack.task.Sullcrom" name="run" time="1.663"/>
  <system-out/>
  <testcase classname="com.jack.task.Sullcrom" name="run" time="1.631"/>
  <system-out/>
  <testcase classname="com.jack.task.Sullcrom" name="run" time="1.766"/>
  <system-out/>
  <testcase classname="com.jack.task.Sullcrom" name="run" time="2.107"/>
  <system-out/>
  <testcase classname="com.jack.task.Sullcrom" name="run" time="1.502"/>
  <system-out/>
  <testcase classname="com.jack.task.Sullcrom" name="run" time="1.755"/>
  <system-out/>
  <testcase classname="com.jack.task.Sullcrom" name="run" time="2.103"/>
  <system-out/>
  <testcase classname="com.jack.task.Sullcrom" name="run" time="2.074"/>
  <system-out/>
  <testcase classname="com.jack.task.Sullcrom" name="run" time="1.481"/>
  <system-out/>
  <testcase classname="com.jack.task.Sullcrom" name="run" time="3.016"/>
  <system-out/>
  <testcase classname="com.jack.task.Sullcrom" name="run" time="1.974"/>
  <system-out/>
  <testcase classname="com.jack.task.Sullcrom" name="run" time="2.536"/>
  <system-out/>
  <testcase classname="com.jack.task.Sullcrom" name="run" time="2.291"/>
  <system-out/>
  <testcase classname="com.jack.task.Sullcrom" name="run" time="1.700"/>
  <system-out/>
  <testcase classname="com.jack.task.Sullcrom" name="run" time="2.069"/>
  <system-out/>
  <testcase classname="com.jack.task.Sullcrom" name="run" time="4.516"/>
  <system-out/>
  <testcase classname="com.jack.task.Sullcrom" name="run" time="1.753"/>
  <system-out/>
  <testcase classname="com.jack.task.Sullcrom" name="run" time="1.852"/>
  <system-out/>
  <testcase classname="com.jack.task.Sullcrom" name="run" time="2.194"/>
  <system-out/>
  <testcase classname="com.jack.task.Sullcrom" name="run" time="2.220"/>
  <system-out/>
  <testcase classname="com.jack.task.Sullcrom" name="run" time="1.693"/>
  <system-out/>
  <testcase classname="com.jack.task.Sullcrom" name="run" time="1.776"/>
  <system-out/>
  <testcase classname="com.jack.task.Sullcrom" name="run" time="2.001"/>
  <system-out/>
  <testcase classname="com.jack.task.Sullcrom" name="run" time="2.658"/>
  <system-out/>
  <testcase classname="com.jack.task.Sullcrom" name="run" time="2.728"/>
  <system-out/>
  <testcase classname="com.jack.task.Sullcrom" name="run" time="2.146"/>
  <system-out/>
  <testcase classname="com.jack.task.Sullcrom" name="run" time="2.334"/>
  <system-out/>
  <testcase classname="com.jack.task.Sullcrom" name="run" time="2.503"/>
  <system-out/>
  <testcase classname="com.jack.task.Sullcrom" name="run" time="2.590"/>
  <system-out/>
  <testcase classname="com.jack.task.Sullcrom" name="run" time="1.412"/>
  <system-out/>
  <testcase classname="com.jack.task.Sullcrom" name="run" time="2.026"/>
  <system-out/>
  <testcase classname="com.jack.task.Sullcrom" name="run" time="2.306"/>
  <system-out/>
  <testcase classname="com.jack.task.Sullcrom" name="run" time="2.725"/>
  <system-out/>
  <testcase classname="com.jack.task.Sullcrom" name="run" time="2.613"/>
  <system-out/>
  <testcase classname="com.jack.task.Sullcrom" name="run" time="1.571"/>
  <system-out/>
  <testcase classname="com.jack.task.Sullcrom" name="run" time="1.789"/>
  <system-out/>
  <testcase classname="com.jack.task.Sullcrom" name="run" time="2.704"/>
  <system-out/>
  <testcase classname="com.jack.task.Sullcrom" name="run" time="2.751"/>
  <system-out/>
  <testcase classname="com.jack.task.Sullcrom" name="run" time="1.681"/>
  <system-out/>
  <testcase classname="com.jack.task.Sullcrom" name="run" time="2.401"/>
  <system-out/>
  <testcase classname="com.jack.task.Sullcrom" name="run" time="2.400"/>
  <system-out/>
  <testcase classname="com.jack.task.Sullcrom" name="run" time="2.015"/>
  <system-out/>
  <testcase classname="com.jack.task.Sullcrom" name="run" time="2.824"/>
  <system-out/>
  <testcase classname="com.jack.task.Sullcrom" name="run" time="2.611"/>
  <system-out/>
  <testcase classname="com.jack.task.Sullcrom" name="run" time="2.088"/>
  <system-out/>
  <testcase classname="com.jack.task.Sullcrom" name="run" time="2.055"/>
  <system-out/>
  <testcase classname="com.jack.task.Sullcrom" name="run" time="2.659"/>
  <system-out/>
  <testcase classname="com.jack.task.Sullcrom" name="run" time="3.579"/>
  <system-out/>
  <testcase classname="com.jack.task.Sullcrom" name="run" time="3.418"/>
  <system-out/>
  <testcase classname="com.jack.task.Sullcrom" name="run" time="2.295"/>
  <system-out/>
  <testcase classname="com.jack.task.Sullcrom" name="run" time="1.753"/>
  <system-out/>
  <testcase classname="com.jack.task.Sullcrom" name="run" time="2.114"/>
  <system-out/>
  <testcase classname="com.jack.task.Sullcrom" name="run" time="2.050"/>
  <system-out/>
  <testcase classname="com.jack.task.Sullcrom" name="run" time="2.435"/>
  <system-out/>
  <testcase classname="com.jack.task.Sullcrom" name="run" time="1.575"/>
  <system-out/>
  <testcase classname="com.jack.task.Sullcrom" name="run" time="2.199"/>
  <system-out/>
  <testcase classname="com.jack.task.Sullcrom" name="run" time="2.602"/>
  <system-out/>
  <testcase classname="com.jack.task.Sullcrom" name="run" time="2.100"/>
  <system-out/>
  <testcase classname="com.jack.task.Sullcrom" name="run" time="2.867"/>
  <system-out/>
  <testcase classname="com.jack.task.Sullcrom" name="run" time="1.576"/>
  <system-out/>
  <testcase classname="com.jack.task.Sullcrom" name="run" time="1.973"/>
  <system-out/>
  <testcase classname="com.jack.task.Sullcrom" name="run" time="2.621"/>
  <system-out/>
  <testcase classname="com.jack.task.Sullcrom" name="run" time="2.631"/>
  <system-out/>
  <testcase classname="com.jack.task.Sullcrom" name="run" time="3.252"/>
  <system-out/>
  <testcase classname="com.jack.task.Sullcrom" name="run" time="2.018"/>
  <system-out/>
  <testcase classname="com.jack.task.Sullcrom" name="run" time="1.929"/>
  <system-out/>
  <testcase classname="com.jack.task.Sullcrom" name="run" time="1.466"/>
  <system-out/>
  <testcase classname="com.jack.task.Sullcrom" name="run" time="2.934"/>
  <system-out/>
  <testcase classname="com.jack.task.Sullcrom" name="run" time="1.524"/>
  <system-out/>
  <testcase classname="com.jack.task.Sullcrom" name="run" time="2.553"/>
  <system-out/>
  <testcase classname="com.jack.task.Sullcrom" name="run" time="2.117"/>
  <system-out/>
  <testcase classname="com.jack.task.Sullcrom" name="run" time="1.728"/>
  <system-out/>
  <testcase classname="com.jack.task.Sullcrom" name="run" time="2.221"/>
  <system-out/>
  <testcase classname="com.jack.task.Sullcrom" name="run" time="2.119"/>
  <system-out/>
  <testcase classname="com.jack.task.Sullcrom" name="run" time="2.525"/>
  <system-out/>
  <testcase classname="com.jack.task.Sullcrom" name="run" time="2.512"/>
  <system-out/>
  <testcase classname="com.jack.task.Sullcrom" name="run" time="2.442"/>
  <system-out/>
  <testcase classname="com.jack.task.Sullcrom" name="run" time="2.464"/>
  <system-out/>
  <testcase classname="com.jack.task.Sullcrom" name="run" time="1.799"/>
  <system-out/>
  <testcase classname="com.jack.task.Sullcrom" name="run" time="1.763"/>
  <system-out/>
  <testcase classname="com.jack.task.Sullcrom" name="run" time="1.946"/>
  <system-out/>
  <testcase classname="com.jack.task.Sullcrom" name="run" time="1.881"/>
  <system-out/>
  <testcase classname="com.jack.task.Sullcrom" name="run" time="2.278"/>
  <system-out/>
  <testcase classname="com.jack.task.Sullcrom" name="run" time="2.111"/>
  <system-out/>
  <testcase classname="com.jack.task.Sullcrom" name="run" time="2.645"/>
  <system-out/>
  <testcase classname="com.jack.task.Sullcrom" name="run" time="2.707"/>
  <system-out/>
  <testcase classname="com.jack.task.Sullcrom" name="run" time="2.226"/>
  <system-out/>
  <testcase classname="com.jack.task.Sullcrom" name="run" time="1.935"/>
  <system-out/>
  <testcase classname="com.jack.task.Sullcrom" name="run" time="1.600"/>
  <system-out/>
  <testcase classname="com.jack.task.Sullcrom" name="run" time="2.082"/>
  <system-out/>
  <testcase classname="com.jack.task.Sullcrom" name="run" time="1.867"/>
  <system-out/>
  <testcase classname="com.jack.task.Sullcrom" name="run" time="2.605"/>
  <system-out/>
  <testcase classname="com.jack.task.Sullcrom" name="run" time="1.564"/>
  <system-out/>
  <testcase classname="com.jack.task.Sullcrom" name="run" time="2.566"/>
  <system-out/>
  <testcase classname="com.jack.task.Sullcrom" name="run" time="2.409"/>
  <system-out/>
  <testcase classname="com.jack.task.Sullcrom" name="run" time="1.985"/>
  <system-out/>
  <testcase classname="com.jack.task.Sullcrom" name="run" time="2.450"/>
  <system-out/>
  <testcase classname="com.jack.task.Sullcrom" name="run" time="3.282"/>
  <system-out/>
  <testcase classname="com.jack.task.Sullcrom" name="run" time="1.511"/>
  <system-out/>
  <testcase classname="com.jack.task.Sullcrom" name="run" time="1.514"/>
  <system-out/>
  <testcase classname="com.jack.task.Sullcrom" name="run" time="2.389"/>
  <system-out/>
  <testcase classname="com.jack.task.Sullcrom" name="run" time="2.560"/>
  <system-out/>
  <testcase classname="com.jack.task.Sullcrom" name="run" time="2.268"/>
  <system-out/>
  <testcase classname="com.jack.task.Sullcrom" name="run" time="3.268"/>
  <system-out/>
  <testcase classname="com.jack.task.Sullcrom" name="run" time="2.438"/>
  <system-out/>
  <testcase classname="com.jack.task.Sullcrom" name="run" time="1.950"/>
  <system-out/>
  <testcase classname="com.jack.task.Sullcrom" name="run" time="2.453"/>
  <system-out/>
  <testcase classname="com.jack.task.Sullcrom" name="run" time="2.637"/>
  <system-out/>
  <testcase classname="com.jack.task.Sullcrom" name="run" time="1.695"/>
  <system-out/>
  <testcase classname="com.jack.task.Sullcrom" name="run" time="2.626"/>
  <system-out/>
  <testcase classname="com.jack.task.Sullcrom" name="run" time="2.779"/>
  <system-out/>
  <testcase classname="com.jack.task.Sullcrom" name="run" time="1.441"/>
  <system-out/>
  <testcase classname="com.jack.task.Sullcrom" name="run" time="2.065"/>
  <system-out/>
  <testcase classname="com.jack.task.Sullcrom" name="run" time="1.759"/>
  <system-out/>
  <testcase classname="com.jack.task.Sullcrom" name="run" time="2.304"/>
  <system-out/>
  <testcase classname="com.jack.task.Sullcrom" name="run" time="2.461"/>
  <system-out/>
  <testcase classname="com.jack.task.Sullcrom" name="run" time="1.459"/>
  <system-out/>
  <testcase classname="com.jack.task.Sullcrom" name="run" time="2.052"/>
  <system-out/>
  <testcase classname="com.jack.task.Sullcrom" name="run" time="2.611"/>
  <system-out/>
  <testcase classname="com.jack.task.Sullcrom" name="run" time="1.824"/>
  <system-out/>
  <testcase classname="com.jack.task.Sullcrom" name="run" time="1.956"/>
  <system-out/>
  <testcase classname="com.jack.task.Sullcrom" name="run" time="1.717"/>
  <system-out/>
  <testcase classname="com.jack.task.Sullcrom" name="run" time="3.362"/>
  <system-out/>
  <testcase classname="com.jack.task.Sullcrom" name="run" time="2.491"/>
  <system-out/>
  <testcase classname="com.jack.task.Sullcrom" name="run" time="2.931"/>
  <system-out/>
  <testcase classname="com.jack.task.Sullcrom" name="run" time="2.634"/>
  <system-out/>
  <testcase classname="com.jack.task.Sullcrom" name="run" time="2.414"/>
  <system-out/>
  <testcase classname="com.jack.task.Sullcrom" name="run" time="2.379"/>
  <system-out/>
  <testcase classname="com.jack.task.Sullcrom" name="run" time="1.628"/>
  <system-out/>
  <testcase classname="com.jack.task.Sullcrom" name="run" time="2.825"/>
  <system-out/>
  <testcase classname="com.jack.task.Sullcrom" name="run" time="2.543"/>
  <system-out/>
  <testcase classname="com.jack.task.Sullcrom" name="run" time="1.816"/>
  <system-out/>
  <testcase classname="com.jack.task.Sullcrom" name="run" time="2.911"/>
  <system-out/>
  <testcase classname="com.jack.task.Sullcrom" name="run" time="1.693"/>
  <system-out/>
  <testcase classname="com.jack.task.Sullcrom" name="run" time="2.175"/>
  <system-out/>
  <testcase classname="com.jack.task.Sullcrom" name="run" time="1.702"/>
  <system-out/>
  <testcase classname="com.jack.task.Sullcrom" name="run" time="1.722"/>
  <system-out/>
  <testcase classname="com.jack.task.Sullcrom" name="run" time="2.116"/>
  <system-out/>
  <testcase classname="com.jack.task.Sullcrom" name="run" time="2.525"/>
  <system-out/>
  <testcase classname="com.jack.task.Sullcrom" name="run" time="1.621"/>
  <system-out/>
  <testcase classname="com.jack.task.Sullcrom" name="run" time="2.891"/>
  <system-out/>
  <testcase classname="com.jack.task.Sullcrom" name="run" time="1.621"/>
  <system-out/>
  <testcase classname="com.jack.task.Sullcrom" name="run" time="2.427"/>
  <system-out/>
  <testcase classname="com.jack.task.Sullcrom" name="run" time="2.649"/>
  <system-out/>
  <testcase classname="com.jack.task.Sullcrom" name="run" time="3.340"/>
  <system-out/>
  <testcase classname="com.jack.task.Sullcrom" name="run" time="2.956"/>
  <system-out/>
  <testcase classname="com.jack.task.Sullcrom" name="run" time="1.757"/>
  <system-out/>
  <testcase classname="com.jack.task.Sullcrom" name="run" time="2.577"/>
  <system-out/>
  <testcase classname="com.jack.task.Sullcrom" name="run" time="1.981"/>
  <system-out/>
  <testcase classname="com.jack.task.Sullcrom" name="run" time="2.752"/>
  <system-out/>
  <testcase classname="com.jack.task.Sullcrom" name="run" time="2.174"/>
  <system-out/>
  <testcase classname="com.jack.task.Sullcrom" name="run" time="2.857"/>
  <system-out/>
  <testcase classname="com.jack.task.Sullcrom" name="run" time="2.500"/>
  <system-out/>
  <testcase classname="com.jack.task.Sullcrom" name="run" time="2.221"/>
  <system-out/>
  <testcase classname="com.jack.task.Sullcrom" name="run" time="2.243"/>
  <system-out/>
  <testcase classname="com.jack.task.Sullcrom" name="run" time="2.917"/>
  <system-out/>
  <testcase classname="com.jack.task.Sullcrom" name="run" time="2.175"/>
  <system-out/>
  <testcase classname="com.jack.task.Sullcrom" name="run" time="4.854"/>
  <system-out/>
  <testcase classname="com.jack.task.Sullcrom" name="run" time="2.532"/>
  <system-out/>
  <testcase classname="com.jack.task.Sullcrom" name="run" time="2.533"/>
  <system-out/>
  <testcase classname="com.jack.task.Sullcrom" name="run" time="2.613"/>
  <system-out/>
  <testcase classname="com.jack.task.Sullcrom" name="run" time="3.205"/>
  <system-out/>
  <testcase classname="com.jack.task.Sullcrom" name="run" time="1.814"/>
  <system-out/>
  <testcase classname="com.jack.task.Sullcrom" name="run" time="1.872"/>
  <system-out/>
  <testcase classname="com.jack.task.Sullcrom" name="run" time="2.492"/>
  <system-out/>
  <testcase classname="com.jack.task.Sullcrom" name="run" time="2.737"/>
  <system-out/>
  <testcase classname="com.jack.task.Sullcrom" name="run" time="2.478"/>
  <system-out/>
  <testcase classname="com.jack.task.Sullcrom" name="run" time="1.657"/>
  <system-out/>
  <testcase classname="com.jack.task.Sullcrom" name="run" time="1.666"/>
  <system-out/>
  <testcase classname="com.jack.task.Sullcrom" name="run" time="1.684"/>
  <system-out/>
  <testcase classname="com.jack.task.Sullcrom" name="run" time="2.467"/>
  <system-out/>
  <testcase classname="com.jack.task.Sullcrom" name="run" time="1.993"/>
  <system-out/>
  <testcase classname="com.jack.task.Sullcrom" name="run" time="2.502"/>
  <system-out/>
  <testcase classname="com.jack.task.Sullcrom" name="run" time="4.318"/>
  <system-out/>
  <testcase classname="com.jack.task.Sullcrom" name="run" time="2.277"/>
  <system-out/>
  <testcase classname="com.jack.task.Sullcrom" name="run" time="2.648"/>
  <system-out/>
  <testcase classname="com.jack.task.Sullcrom" name="run" time="2.677"/>
  <system-out/>
  <testcase classname="com.jack.task.Sullcrom" name="run" time="1.818"/>
  <system-out/>
  <testcase classname="com.jack.task.Sullcrom" name="run" time="2.110"/>
  <system-out/>
  <testcase classname="com.jack.task.Sullcrom" name="run" time="2.487"/>
  <system-out/>
  <testcase classname="com.jack.task.Sullcrom" name="run" time="2.589"/>
  <system-out/>
  <testcase classname="com.jack.task.Sullcrom" name="run" time="2.735"/>
  <system-out/>
  <testcase classname="com.jack.task.Sullcrom" name="run" time="2.782"/>
  <system-out/>
  <testcase classname="com.jack.task.Sullcrom" name="run" time="2.622"/>
  <system-out/>
  <testcase classname="com.jack.task.Sullcrom" name="run" time="2.256"/>
  <system-out/>
  <testcase classname="com.jack.task.Sullcrom" name="run" time="1.666"/>
  <system-out/>
  <testcase classname="com.jack.task.Sullcrom" name="run" time="2.286"/>
  <system-out/>
  <testcase classname="com.jack.task.Sullcrom" name="run" time="2.848"/>
  <system-out/>
  <testcase classname="com.jack.task.Sullcrom" name="run" time="2.158"/>
  <system-out/>
  <testcase classname="com.jack.task.Sullcrom" name="run" time="3.310"/>
  <system-out/>
  <testcase classname="com.jack.task.Sullcrom" name="run" time="2.478"/>
  <system-out/>
  <testcase classname="com.jack.task.Sullcrom" name="run" time="1.575"/>
  <system-out/>
  <testcase classname="com.jack.task.Sullcrom" name="run" time="2.687"/>
  <system-out/>
  <testcase classname="com.jack.task.Sullcrom" name="run" time="2.340"/>
  <system-out/>
  <testcase classname="com.jack.task.Sullcrom" name="run" time="2.309"/>
  <system-out/>
  <testcase classname="com.jack.task.Sullcrom" name="run" time="2.475"/>
  <system-out/>
  <testcase classname="com.jack.task.Sullcrom" name="run" time="2.504"/>
  <system-out/>
  <testcase classname="com.jack.task.Sullcrom" name="run" time="2.127"/>
  <system-out/>
  <testcase classname="com.jack.task.Sullcrom" name="run" time="2.616"/>
  <system-out/>
  <testcase classname="com.jack.task.Sullcrom" name="run" time="1.731"/>
  <system-out/>
  <testcase classname="com.jack.task.Sullcrom" name="run" time="1.566"/>
  <system-out/>
  <testcase classname="com.jack.task.Sullcrom" name="run" time="1.998"/>
  <system-out/>
  <testcase classname="com.jack.task.Sullcrom" name="run" time="2.404"/>
  <system-out/>
  <testcase classname="com.jack.task.Sullcrom" name="run" time="2.383"/>
  <system-out/>
  <testcase classname="com.jack.task.Sullcrom" name="run" time="1.806"/>
  <system-out/>
  <testcase classname="com.jack.task.Sullcrom" name="run" time="3.123"/>
  <system-out/>
  <testcase classname="com.jack.task.Sullcrom" name="run" time="2.721"/>
  <system-out/>
  <testcase classname="com.jack.task.Sullcrom" name="run" time="2.450"/>
  <system-out/>
  <testcase classname="com.jack.task.Sullcrom" name="run" time="2.417"/>
  <system-out/>
  <testcase classname="com.jack.task.Sullcrom" name="run" time="1.871"/>
  <system-out/>
  <testcase classname="com.jack.task.Sullcrom" name="run" time="1.753"/>
  <system-out/>
  <testcase classname="com.jack.task.Sullcrom" name="run" time="1.921"/>
  <system-out/>
  <testcase classname="com.jack.task.Sullcrom" name="run" time="2.701"/>
  <system-out/>
  <testcase classname="com.jack.task.Sullcrom" name="run" time="3.006"/>
  <system-out/>
  <testcase classname="com.jack.task.Sullcrom" name="run" time="2.386"/>
  <system-out/>
  <testcase classname="com.jack.task.Sullcrom" name="run" time="1.844"/>
  <system-out/>
  <testcase classname="com.jack.task.Sullcrom" name="run" time="2.740"/>
  <system-out/>
  <testcase classname="com.jack.task.Sullcrom" name="run" time="2.379"/>
  <system-out/>
  <testcase classname="com.jack.task.Sullcrom" name="run" time="2.037"/>
  <system-out/>
  <testcase classname="com.jack.task.Sullcrom" name="run" time="1.938"/>
  <system-out/>
  <testcase classname="com.jack.task.Sullcrom" name="run" time="2.093"/>
  <system-out/>
  <testcase classname="com.jack.task.Sullcrom" name="run" time="2.567"/>
  <system-out/>
  <testcase classname="com.jack.task.Sullcrom" name="run" time="2.335"/>
  <system-out/>
  <testcase classname="com.jack.task.Sullcrom" name="run" time="2.348"/>
  <system-out/>
  <testcase classname="com.jack.task.Sullcrom" name="run" time="2.367"/>
  <system-out/>
  <testcase classname="com.jack.task.Sullcrom" name="run" time="2.523"/>
  <system-out/>
  <testcase classname="com.jack.task.Sullcrom" name="run" time="2.306"/>
  <system-out/>
  <testcase classname="com.jack.task.Sullcrom" name="run" time="1.708"/>
  <system-out/>
  <testcase classname="com.jack.task.Sullcrom" name="run" time="1.827"/>
  <system-out/>
  <testcase classname="com.jack.task.Sullcrom" name="run" time="2.702"/>
  <system-out/>
  <testcase classname="com.jack.task.Sullcrom" name="run" time="1.974"/>
  <system-out/>
  <testcase classname="com.jack.task.Sullcrom" name="run" time="2.492"/>
  <system-out/>
  <testcase classname="com.jack.task.Sullcrom" name="run" time="2.375"/>
  <system-out/>
  <testcase classname="com.jack.task.Sullcrom" name="run" time="2.050"/>
  <system-out/>
  <testcase classname="com.jack.task.Sullcrom" name="run" time="2.051"/>
  <system-out/>
  <testcase classname="com.jack.task.Sullcrom" name="run" time="1.546"/>
  <system-out/>
  <testcase classname="com.jack.task.Sullcrom" name="run" time="2.497"/>
  <system-out/>
  <testcase classname="com.jack.task.Sullcrom" name="run" time="1.551"/>
  <system-out/>
  <testcase classname="com.jack.task.Sullcrom" name="run" time="2.001"/>
  <system-out/>
  <testcase classname="com.jack.task.Sullcrom" name="run" time="1.882"/>
  <system-out/>
  <testcase classname="com.jack.task.Sullcrom" name="run" time="2.058"/>
  <system-out/>
  <testcase classname="com.jack.task.Sullcrom" name="run" time="2.489"/>
  <system-out/>
  <testcase classname="com.jack.task.Sullcrom" name="run" time="2.949"/>
  <system-out/>
  <testcase classname="com.jack.task.Sullcrom" name="run" time="2.449"/>
  <system-out/>
  <testcase classname="com.jack.task.Sullcrom" name="run" time="2.178"/>
  <system-out/>
  <testcase classname="com.jack.task.Sullcrom" name="run" time="1.766"/>
  <system-out/>
  <testcase classname="com.jack.task.Sullcrom" name="run" time="2.274"/>
  <system-out/>
  <testcase classname="com.jack.task.Sullcrom" name="run" time="3.519"/>
  <system-out/>
  <testcase classname="com.jack.task.Sullcrom" name="run" time="3.541"/>
  <system-out/>
  <testcase classname="com.jack.task.Sullcrom" name="run" time="2.543"/>
  <system-out/>
  <testcase classname="com.jack.task.Sullcrom" name="run" time="1.811"/>
  <system-out/>
  <testcase classname="com.jack.task.Sullcrom" name="run" time="2.104"/>
  <system-out/>
  <testcase classname="com.jack.task.Sullcrom" name="run" time="2.033"/>
  <system-out/>
  <testcase classname="com.jack.task.Sullcrom" name="run" time="1.851"/>
  <system-out/>
  <testcase classname="com.jack.task.Sullcrom" name="run" time="2.425"/>
  <system-out/>
  <testcase classname="com.jack.task.Sullcrom" name="run" time="2.292"/>
  <system-out/>
  <testcase classname="com.jack.task.Sullcrom" name="run" time="2.159"/>
  <system-out/>
  <testcase classname="com.jack.task.Sullcrom" name="run" time="3.041"/>
  <system-out/>
  <testcase classname="com.jack.task.Sullcrom" name="run" time="2.560"/>
  <system-out/>
  <testcase classname="com.jack.task.Sullcrom" name="run" time="2.786"/>
  <system-out/>
  <testcase classname="com.jack.task.Sullcrom" name="run" time="2.145"/>
  <system-out/>
  <testcase classname="com.jack.task.Sullcrom" name="run" time="2.008"/>
  <system-out/>
  <testcase classname="com.jack.task.Sullcrom" name="run" time="1.979"/>
  <system-out/>
  <testcase classname="com.jack.task.Sullcrom" name="run" time="2.447"/>
  <system-out/>
  <testcase classname="com.jack.task.Sullcrom" name="run" time="3.976"/>
  <system-out/>
  <testcase classname="com.jack.task.Sullcrom" name="run" time="2.538"/>
  <system-out/>
  <testcase classname="com.jack.task.Sullcrom" name="run" time="2.536"/>
  <system-out/>
  <testcase classname="com.jack.task.Sullcrom" name="run" time="1.696"/>
  <system-out/>
  <testcase classname="com.jack.task.Sullcrom" name="run" time="3.730"/>
  <system-out/>
  <testcase classname="com.jack.task.Sullcrom" name="run" time="1.743"/>
  <system-out/>
  <testcase classname="com.jack.task.Sullcrom" name="run" time="2.724"/>
  <system-out/>
  <testcase classname="com.jack.task.Sullcrom" name="run" time="1.970"/>
  <system-out/>
  <testcase classname="com.jack.task.Sullcrom" name="run" time="1.986"/>
  <system-out/>
  <testcase classname="com.jack.task.Sullcrom" name="run" time="2.304"/>
  <system-out/>
  <testcase classname="com.jack.task.Sullcrom" name="run" time="4.851"/>
  <system-out/>
  <testcase classname="com.jack.task.Sullcrom" name="run" time="1.618"/>
  <system-out/>
  <testcase classname="com.jack.task.Sullcrom" name="run" time="2.831"/>
  <system-out/>
  <testcase classname="com.jack.task.Sullcrom" name="run" time="2.677"/>
  <system-out/>
  <testcase classname="com.jack.task.Sullcrom" name="run" time="1.683"/>
  <system-out/>
  <testcase classname="com.jack.task.Sullcrom" name="run" time="2.489"/>
  <system-out/>
  <testcase classname="com.jack.task.Sullcrom" name="run" time="2.145"/>
  <system-out/>
  <testcase classname="com.jack.task.Sullcrom" name="run" time="2.194"/>
  <system-out/>
  <testcase classname="com.jack.task.Sullcrom" name="run" time="2.518"/>
  <system-out/>
  <testcase classname="com.jack.task.Sullcrom" name="run" time="1.914"/>
  <system-out/>
  <testcase classname="com.jack.task.Sullcrom" name="run" time="2.454"/>
  <system-out/>
  <testcase classname="com.jack.task.Sullcrom" name="run" time="2.368"/>
  <system-out/>
  <testcase classname="com.jack.task.Sullcrom" name="run" time="1.521"/>
  <system-out/>
  <testcase classname="com.jack.task.Sullcrom" name="run" time="2.181"/>
  <system-out/>
  <testcase classname="com.jack.task.Sullcrom" name="run" time="2.587"/>
  <system-out/>
  <testcase classname="com.jack.task.Sullcrom" name="run" time="1.698"/>
  <system-out/>
  <testcase classname="com.jack.task.Sullcrom" name="run" time="2.010"/>
  <system-out/>
  <testcase classname="com.jack.task.Sullcrom" name="run" time="1.668"/>
  <system-out/>
  <testcase classname="com.jack.task.Sullcrom" name="run" time="2.673"/>
  <system-out/>
  <testcase classname="com.jack.task.Sullcrom" name="run" time="2.756"/>
  <system-out/>
  <testcase classname="com.jack.task.Sullcrom" name="run" time="1.766"/>
  <system-out/>
  <testcase classname="com.jack.task.Sullcrom" name="run" time="2.236"/>
  <system-out/>
  <testcase classname="com.jack.task.Sullcrom" name="run" time="2.718"/>
  <system-out/>
  <testcase classname="com.jack.task.Sullcrom" name="run" time="2.391"/>
  <system-out/>
  <testcase classname="com.jack.task.Sullcrom" name="run" time="2.289"/>
  <system-out/>
  <testcase classname="com.jack.task.Sullcrom" name="run" time="1.997"/>
  <system-out/>
  <testcase classname="com.jack.task.Sullcrom" name="run" time="1.814"/>
  <system-out/>
  <testcase classname="com.jack.task.Sullcrom" name="run" time="2.251"/>
  <system-out/>
  <testcase classname="com.jack.task.Sullcrom" name="run" time="2.486"/>
  <system-out/>
  <testcase classname="com.jack.task.Sullcrom" name="run" time="2.643"/>
  <system-out/>
  <testcase classname="com.jack.task.Sullcrom" name="run" time="1.764"/>
  <system-out/>
  <testcase classname="com.jack.task.Sullcrom" name="run" time="1.855"/>
  <system-out/>
  <testcase classname="com.jack.task.Sullcrom" name="run" time="1.552"/>
  <system-out/>
  <testcase classname="com.jack.task.Sullcrom" name="run" time="2.536"/>
  <system-out/>
  <testcase classname="com.jack.task.Sullcrom" name="run" time="2.268"/>
  <system-out/>
  <testcase classname="com.jack.task.Sullcrom" name="run" time="2.821"/>
  <system-out/>
  <testcase classname="com.jack.task.Sullcrom" name="run" time="3.885"/>
  <system-out/>
  <testcase classname="com.jack.task.Sullcrom" name="run" time="2.321"/>
  <system-out/>
  <testcase classname="com.jack.task.Sullcrom" name="run" time="2.622"/>
  <system-out/>
  <testcase classname="com.jack.task.Sullcrom" name="run" time="1.986"/>
  <system-out/>
  <testcase classname="com.jack.task.Sullcrom" name="run" time="2.618"/>
  <system-out/>
  <testcase classname="com.jack.task.Sullcrom" name="run" time="4.867"/>
  <system-out/>
  <testcase classname="com.jack.task.Sullcrom" name="run" time="2.447"/>
  <system-out/>
  <testcase classname="com.jack.task.Sullcrom" name="run" time="3.203"/>
  <system-out/>
  <testcase classname="com.jack.task.Sullcrom" name="run" time="2.424"/>
  <system-out/>
  <testcase classname="com.jack.task.Sullcrom" name="run" time="2.410"/>
  <system-out/>
  <testcase classname="com.jack.task.Sullcrom" name="run" time="2.340"/>
  <system-out/>
  <testcase classname="com.jack.task.Sullcrom" name="run" time="1.786"/>
  <system-out/>
  <testcase classname="com.jack.task.Sullcrom" name="run" time="1.467"/>
  <system-out/>
  <testcase classname="com.jack.task.Sullcrom" name="run" time="3.631"/>
  <system-out/>
  <testcase classname="com.jack.task.Sullcrom" name="run" time="3.216"/>
  <system-out/>
  <testcase classname="com.jack.task.Sullcrom" name="run" time="2.379"/>
  <system-out/>
  <testcase classname="com.jack.task.Sullcrom" name="run" time="2.570"/>
  <system-out/>
  <testcase classname="com.jack.task.Sullcrom" name="run" time="2.769"/>
  <system-out/>
  <testcase classname="com.jack.task.Sullcrom" name="run" time="2.598"/>
  <system-out/>
  <testcase classname="com.jack.task.Sullcrom" name="run" time="2.098"/>
  <system-out/>
  <testcase classname="com.jack.task.Sullcrom" name="run" time="2.051"/>
  <system-out/>
  <testcase classname="com.jack.task.Sullcrom" name="run" time="2.880"/>
  <system-out/>
  <testcase classname="com.jack.task.Sullcrom" name="run" time="2.544"/>
  <system-out/>
  <testcase classname="com.jack.task.Sullcrom" name="run" time="2.405"/>
  <system-out/>
  <testcase classname="com.jack.task.Sullcrom" name="run" time="1.586"/>
  <system-out/>
  <testcase classname="com.jack.task.Sullcrom" name="run" time="2.518"/>
  <system-out/>
  <testcase classname="com.jack.task.Sullcrom" name="run" time="1.921"/>
  <system-out/>
  <testcase classname="com.jack.task.Sullcrom" name="run" time="2.379"/>
  <system-out/>
  <testcase classname="com.jack.task.Sullcrom" name="run" time="2.649"/>
  <system-out/>
  <testcase classname="com.jack.task.Sullcrom" name="run" time="2.374"/>
  <system-out/>
  <testcase classname="com.jack.task.Sullcrom" name="run" time="1.607"/>
  <system-out/>
  <testcase classname="com.jack.task.Sullcrom" name="run" time="1.721"/>
  <system-out/>
  <testcase classname="com.jack.task.Sullcrom" name="run" time="2.811"/>
  <system-out/>
  <testcase classname="com.jack.task.Sullcrom" name="run" time="2.257"/>
  <system-out/>
  <testcase classname="com.jack.task.Sullcrom" name="run" time="1.710"/>
  <system-out/>
  <testcase classname="com.jack.task.Sullcrom" name="run" time="2.506"/>
  <system-out/>
  <testcase classname="com.jack.task.Sullcrom" name="run" time="1.986"/>
  <system-out/>
  <testcase classname="com.jack.task.Sullcrom" name="run" time="2.512"/>
  <system-out/>
  <testcase classname="com.jack.task.Sullcrom" name="run" time="2.965"/>
  <system-out/>
  <testcase classname="com.jack.task.Sullcrom" name="run" time="2.615"/>
  <system-out/>
  <testcase classname="com.jack.task.Sullcrom" name="run" time="1.916"/>
  <system-out/>
  <testcase classname="com.jack.task.Sullcrom" name="run" time="2.357"/>
  <system-out/>
  <testcase classname="com.jack.task.Sullcrom" name="run" time="2.128"/>
  <system-out/>
  <testcase classname="com.jack.task.Sullcrom" name="run" time="2.383"/>
  <system-out/>
  <testcase classname="com.jack.task.Sullcrom" name="run" time="2.232"/>
  <system-out/>
  <testcase classname="com.jack.task.Sullcrom" name="run" time="2.196"/>
  <system-out/>
  <testcase classname="com.jack.task.Sullcrom" name="run" time="2.386"/>
  <system-out/>
  <testcase classname="com.jack.task.Sullcrom" name="run" time="2.891"/>
  <system-out/>
  <testcase classname="com.jack.task.Sullcrom" name="run" time="2.007"/>
  <system-out/>
  <testcase classname="com.jack.task.Sullcrom" name="run" time="2.345"/>
  <system-out/>
  <testcase classname="com.jack.task.Sullcrom" name="run" time="2.438"/>
  <system-out/>
  <testcase classname="com.jack.task.Sullcrom" name="run" time="3.546"/>
  <system-out/>
  <testcase classname="com.jack.task.Sullcrom" name="run" time="2.326"/>
  <system-out/>
  <testcase classname="com.jack.task.Sullcrom" name="run" time="2.250"/>
  <system-out/>
  <testcase classname="com.jack.task.Sullcrom" name="run" time="2.698"/>
  <system-out/>
  <testcase classname="com.jack.task.Sullcrom" name="run" time="1.770"/>
  <system-out/>
  <testcase classname="com.jack.task.Sullcrom" name="run" time="2.359"/>
  <system-out/>
  <testcase classname="com.jack.task.Sullcrom" name="run" time="1.755"/>
  <system-out/>
  <testcase classname="com.jack.task.Sullcrom" name="run" time="1.815"/>
  <system-out/>
  <testcase classname="com.jack.task.Sullcrom" name="run" time="1.911"/>
  <system-out/>
  <testcase classname="com.jack.task.Sullcrom" name="run" time="2.672"/>
  <system-out/>
  <testcase classname="com.jack.task.Sullcrom" name="run" time="1.810"/>
  <system-out/>
  <testcase classname="com.jack.task.Sullcrom" name="run" time="2.212"/>
  <system-out/>
  <testcase classname="com.jack.task.Sullcrom" name="run" time="2.255"/>
  <system-out/>
  <testcase classname="com.jack.task.Sullcrom" name="run" time="2.508"/>
  <system-out/>
  <testcase classname="com.jack.task.Sullcrom" name="run" time="2.432"/>
  <system-out/>
  <testcase classname="com.jack.task.Sullcrom" name="run" time="3.446"/>
  <system-out/>
  <testcase classname="com.jack.task.Sullcrom" name="run" time="1.980"/>
  <system-out/>
  <testcase classname="com.jack.task.Sullcrom" name="run" time="1.901"/>
  <system-out/>
  <testcase classname="com.jack.task.Sullcrom" name="run" time="2.279"/>
  <system-out/>
  <testcase classname="com.jack.task.Sullcrom" name="run" time="1.849"/>
  <system-out/>
  <testcase classname="com.jack.task.Sullcrom" name="run" time="2.482"/>
  <system-out/>
  <testcase classname="com.jack.task.Sullcrom" name="run" time="1.808"/>
  <system-out/>
  <testcase classname="com.jack.task.Sullcrom" name="run" time="2.462"/>
  <system-out/>
  <testcase classname="com.jack.task.Sullcrom" name="run" time="2.139"/>
  <system-out/>
  <testcase classname="com.jack.task.Sullcrom" name="run" time="2.600"/>
  <system-out/>
  <testcase classname="com.jack.task.Sullcrom" name="run" time="1.802"/>
  <system-out/>
  <testcase classname="com.jack.task.Sullcrom" name="run" time="2.147"/>
  <system-out/>
  <testcase classname="com.jack.task.Sullcrom" name="run" time="1.655"/>
  <system-out/>
  <testcase classname="com.jack.task.Sullcrom" name="run" time="2.870"/>
  <system-out/>
  <testcase classname="com.jack.task.Sullcrom" name="run" time="2.486"/>
  <system-out/>
  <testcase classname="com.jack.task.Sullcrom" name="run" time="3.064"/>
  <system-out/>
  <testcase classname="com.jack.task.Sullcrom" name="run" time="1.746"/>
  <system-out/>
  <testcase classname="com.jack.task.Sullcrom" name="run" time="1.551"/>
  <system-out/>
  <testcase classname="com.jack.task.Sullcrom" name="run" time="2.991"/>
  <system-out/>
  <testcase classname="com.jack.task.Sullcrom" name="run" time="3.330"/>
  <system-out/>
  <testcase classname="com.jack.task.Sullcrom" name="run" time="1.536"/>
  <system-out/>
  <testcase classname="com.jack.task.Sullcrom" name="run" time="2.403"/>
  <system-out/>
  <testcase classname="com.jack.task.Sullcrom" name="run" time="2.476"/>
  <system-out/>
  <testcase classname="com.jack.task.Sullcrom" name="run" time="3.304"/>
  <system-out/>
  <testcase classname="com.jack.task.Sullcrom" name="run" time="1.640"/>
  <system-out/>
  <testcase classname="com.jack.task.Sullcrom" name="run" time="2.694"/>
  <system-out/>
  <testcase classname="com.jack.task.Sullcrom" name="run" time="3.407"/>
  <system-out/>
  <testcase classname="com.jack.task.Sullcrom" name="run" time="1.977"/>
  <system-out/>
  <testcase classname="com.jack.task.Sullcrom" name="run" time="2.839"/>
  <system-out/>
  <testcase classname="com.jack.task.Sullcrom" name="run" time="2.428"/>
  <system-out/>
  <testcase classname="com.jack.task.Sullcrom" name="run" time="2.773"/>
  <system-out/>
  <testcase classname="com.jack.task.Sullcrom" name="run" time="2.368"/>
  <system-out/>
  <testcase classname="com.jack.task.Sullcrom" name="run" time="2.951"/>
  <system-out/>
  <testcase classname="com.jack.task.Sullcrom" name="run" time="2.095"/>
  <system-out/>
  <testcase classname="com.jack.task.Sullcrom" name="run" time="1.547"/>
  <system-out/>
  <testcase classname="com.jack.task.Sullcrom" name="run" time="2.720"/>
  <system-out/>
  <testcase classname="com.jack.task.Sullcrom" name="run" time="1.521"/>
  <system-out/>
  <testcase classname="com.jack.task.Sullcrom" name="run" time="2.288"/>
  <system-out/>
  <testcase classname="com.jack.task.Sullcrom" name="run" time="1.887"/>
  <system-out/>
  <testcase classname="com.jack.task.Sullcrom" name="run" time="2.301"/>
  <system-out/>
  <testcase classname="com.jack.task.Sullcrom" name="run" time="2.087"/>
  <system-out/>
  <testcase classname="com.jack.task.Sullcrom" name="run" time="2.608"/>
  <system-out/>
  <testcase classname="com.jack.task.Sullcrom" name="run" time="2.226"/>
  <system-out/>
  <testcase classname="com.jack.task.Sullcrom" name="run" time="1.726"/>
  <system-out/>
  <testcase classname="com.jack.task.Sullcrom" name="run" time="2.530"/>
  <system-out/>
  <testcase classname="com.jack.task.Sullcrom" name="run" time="1.869"/>
  <system-out/>
  <testcase classname="com.jack.task.Sullcrom" name="run" time="2.279"/>
  <system-out/>
  <testcase classname="com.jack.task.Sullcrom" name="run" time="1.500"/>
  <system-out/>
  <testcase classname="com.jack.task.Sullcrom" name="run" time="2.350"/>
  <system-out/>
  <testcase classname="com.jack.task.Sullcrom" name="run" time="1.889"/>
  <system-out/>
  <testcase classname="com.jack.task.Sullcrom" name="run" time="1.893"/>
  <system-out/>
  <testcase classname="com.jack.task.Sullcrom" name="run" time="2.161"/>
  <system-out/>
  <testcase classname="com.jack.task.Sullcrom" name="run" time="2.556"/>
  <system-out/>
  <testcase classname="com.jack.task.Sullcrom" name="run" time="2.800"/>
  <system-out/>
  <testcase classname="com.jack.task.Sullcrom" name="run" time="2.379"/>
  <system-out/>
  <testcase classname="com.jack.task.Sullcrom" name="run" time="2.048"/>
  <system-out/>
  <testcase classname="com.jack.task.Sullcrom" name="run" time="3.536"/>
  <system-out/>
  <testcase classname="com.jack.task.Sullcrom" name="run" time="2.849"/>
  <system-out/>
  <testcase classname="com.jack.task.Sullcrom" name="run" time="4.069"/>
  <system-out/>
  <testcase classname="com.jack.task.Sullcrom" name="run" time="2.658"/>
  <system-out/>
  <testcase classname="com.jack.task.Sullcrom" name="run" time="1.799"/>
  <system-out/>
  <testcase classname="com.jack.task.Sullcrom" name="run" time="1.874"/>
  <system-out/>
  <testcase classname="com.jack.task.Sullcrom" name="run" time="2.101"/>
  <system-out/>
  <testcase classname="com.jack.task.Sullcrom" name="run" time="2.435"/>
  <system-out/>
  <testcase classname="com.jack.task.Sullcrom" name="run" time="2.210"/>
  <system-out/>
  <testcase classname="com.jack.task.Sullcrom" name="run" time="1.796"/>
  <system-out/>
  <testcase classname="com.jack.task.Sullcrom" name="run" time="1.695"/>
  <system-out/>
  <testcase classname="com.jack.task.Sullcrom" name="run" time="2.121"/>
  <system-out/>
  <testcase classname="com.jack.task.Sullcrom" name="run" time="1.948"/>
  <system-out/>
  <testcase classname="com.jack.task.Sullcrom" name="run" time="2.801"/>
  <system-out/>
  <testcase classname="com.jack.task.Sullcrom" name="run" time="2.468"/>
  <system-out/>
  <testcase classname="com.jack.task.Sullcrom" name="run" time="2.124"/>
  <system-out/>
  <testcase classname="com.jack.task.Sullcrom" name="run" time="2.469"/>
  <system-out/>
  <testcase classname="com.jack.task.Sullcrom" name="run" time="2.703"/>
  <system-out/>
  <testcase classname="com.jack.task.Sullcrom" name="run" time="1.791"/>
  <system-out/>
  <testcase classname="com.jack.task.Sullcrom" name="run" time="2.550"/>
  <system-out/>
  <testcase classname="com.jack.task.Sullcrom" name="run" time="2.615"/>
  <system-out/>
  <testcase classname="com.jack.task.Sullcrom" name="run" time="2.416"/>
  <system-out/>
  <testcase classname="com.jack.task.Sullcrom" name="run" time="1.670"/>
  <system-out/>
  <testcase classname="com.jack.task.Sullcrom" name="run" time="2.733"/>
  <system-out/>
  <testcase classname="com.jack.task.Sullcrom" name="run" time="1.490"/>
  <system-out/>
  <testcase classname="com.jack.task.Sullcrom" name="run" time="2.317"/>
  <system-out/>
  <testcase classname="com.jack.task.Sullcrom" name="run" time="2.649"/>
  <system-out/>
  <testcase classname="com.jack.task.Sullcrom" name="run" time="1.865"/>
  <system-out/>
  <testcase classname="com.jack.task.Sullcrom" name="run" time="2.467"/>
  <system-out/>
  <testcase classname="com.jack.task.Sullcrom" name="run" time="3.033"/>
  <system-out/>
  <testcase classname="com.jack.task.Sullcrom" name="run" time="2.582"/>
  <system-out/>
  <testcase classname="com.jack.task.Sullcrom" name="run" time="2.708"/>
  <system-out/>
  <testcase classname="com.jack.task.Sullcrom" name="run" time="2.879"/>
  <system-out/>
  <testcase classname="com.jack.task.Sullcrom" name="run" time="4.168"/>
  <system-out/>
  <testcase classname="com.jack.task.Sullcrom" name="run" time="2.481"/>
  <system-out/>
  <testcase classname="com.jack.task.Sullcrom" name="run" time="2.557"/>
  <system-out/>
  <testcase classname="com.jack.task.Sullcrom" name="run" time="2.437"/>
  <system-out/>
  <testcase classname="com.jack.task.Sullcrom" name="run" time="1.554"/>
  <system-out/>
  <testcase classname="com.jack.task.Sullcrom" name="run" time="2.130"/>
  <system-out/>
  <testcase classname="com.jack.task.Sullcrom" name="run" time="1.678"/>
  <system-out/>
  <testcase classname="com.jack.task.Sullcrom" name="run" time="2.452"/>
  <system-out/>
  <testcase classname="com.jack.task.Sullcrom" name="run" time="2.246"/>
  <system-out/>
  <testcase classname="com.jack.task.Sullcrom" name="run" time="1.723"/>
  <system-out/>
  <testcase classname="com.jack.task.Sullcrom" name="run" time="2.469"/>
  <system-out/>
  <testcase classname="com.jack.task.Sullcrom" name="run" time="2.017"/>
  <system-out/>
  <testcase classname="com.jack.task.Sullcrom" name="run" time="1.520"/>
  <system-out/>
  <testcase classname="com.jack.task.Sullcrom" name="run" time="1.877"/>
  <system-out/>
  <testcase classname="com.jack.task.Sullcrom" name="run" time="2.326"/>
  <system-out/>
  <testcase classname="com.jack.task.Sullcrom" name="run" time="2.136"/>
  <system-out/>
  <testcase classname="com.jack.task.Sullcrom" name="run" time="2.499"/>
  <system-out/>
  <testcase classname="com.jack.task.Sullcrom" name="run" time="2.235"/>
  <system-out/>
  <testcase classname="com.jack.task.Sullcrom" name="run" time="2.805"/>
  <system-out/>
  <testcase classname="com.jack.task.Sullcrom" name="run" time="1.957"/>
  <system-out/>
  <testcase classname="com.jack.task.Sullcrom" name="run" time="1.742"/>
  <system-out/>
  <testcase classname="com.jack.task.Sullcrom" name="run" time="2.449"/>
  <system-out/>
  <testcase classname="com.jack.task.Sullcrom" name="run" time="2.262"/>
  <system-out/>
  <testcase classname="com.jack.task.Sullcrom" name="run" time="2.507"/>
  <system-out/>
  <testcase classname="com.jack.task.Sullcrom" name="run" time="2.550"/>
  <system-out/>
  <testcase classname="com.jack.task.Sullcrom" name="run" time="1.661"/>
  <system-out/>
  <testcase classname="com.jack.task.Sullcrom" name="run" time="1.808"/>
  <system-out/>
  <testcase classname="com.jack.task.Sullcrom" name="run" time="2.253"/>
  <system-out/>
  <testcase classname="com.jack.task.Sullcrom" name="run" time="1.604"/>
  <system-out/>
  <testcase classname="com.jack.task.Sullcrom" name="run" time="2.149"/>
  <system-out/>
  <testcase classname="com.jack.task.Sullcrom" name="run" time="3.296"/>
  <system-out/>
  <testcase classname="com.jack.task.Sullcrom" name="run" time="2.300"/>
  <system-out/>
  <testcase classname="com.jack.task.Sullcrom" name="run" time="1.855"/>
  <system-out/>
  <testcase classname="com.jack.task.Sullcrom" name="run" time="2.481"/>
  <system-out/>
  <testcase classname="com.jack.task.Sullcrom" name="run" time="1.536"/>
  <system-out/>
  <testcase classname="com.jack.task.Sullcrom" name="run" time="2.614"/>
  <system-out/>
  <testcase classname="com.jack.task.Sullcrom" name="run" time="2.247"/>
  <system-out/>
  <testcase classname="com.jack.task.Sullcrom" name="run" time="2.599"/>
  <system-out/>
  <testcase classname="com.jack.task.Sullcrom" name="run" time="2.521"/>
  <system-out/>
  <testcase classname="com.jack.task.Sullcrom" name="run" time="1.927"/>
  <system-out/>
  <testcase classname="com.jack.task.Sullcrom" name="run" time="2.086"/>
  <system-out/>
  <testcase classname="com.jack.task.Sullcrom" name="run" time="2.492"/>
  <system-out/>
  <testcase classname="com.jack.task.Sullcrom" name="run" time="2.538"/>
  <system-out/>
  <testcase classname="com.jack.task.Sullcrom" name="run" time="2.705"/>
  <system-out/>
  <testcase classname="com.jack.task.Sullcrom" name="run" time="3.669"/>
  <system-out/>
  <testcase classname="com.jack.task.Sullcrom" name="run" time="2.423"/>
  <system-out/>
  <testcase classname="com.jack.task.Sullcrom" name="run" time="2.352"/>
  <system-out/>
  <testcase classname="com.jack.task.Sullcrom" name="run" time="2.383"/>
  <system-out/>
  <testcase classname="com.jack.task.Sullcrom" name="run" time="2.539"/>
  <system-out/>
  <testcase classname="com.jack.task.Sullcrom" name="run" time="1.825"/>
  <system-out/>
  <testcase classname="com.jack.task.Sullcrom" name="run" time="2.106"/>
  <system-out/>
  <testcase classname="com.jack.task.Sullcrom" name="run" time="2.135"/>
  <system-out/>
  <testcase classname="com.jack.task.Sullcrom" name="run" time="2.429"/>
  <system-out/>
  <testcase classname="com.jack.task.Sullcrom" name="run" time="2.606"/>
  <system-out/>
  <testcase classname="com.jack.task.Sullcrom" name="run" time="2.658"/>
  <system-out/>
  <testcase classname="com.jack.task.Sullcrom" name="run" time="2.552"/>
  <system-out/>
  <testcase classname="com.jack.task.Sullcrom" name="run" time="2.543"/>
  <system-out/>
  <testcase classname="com.jack.task.Sullcrom" name="run" time="2.495"/>
  <system-out/>
  <testcase classname="com.jack.task.Sullcrom" name="run" time="2.435"/>
  <system-out/>
  <testcase classname="com.jack.task.Sullcrom" name="run" time="2.516"/>
  <system-out/>
  <testcase classname="com.jack.task.Sullcrom" name="run" time="2.219"/>
  <system-out/>
  <testcase classname="com.jack.task.Sullcrom" name="run" time="2.482"/>
  <system-out/>
  <testcase classname="com.jack.task.Sullcrom" name="run" time="2.424"/>
  <system-out/>
  <testcase classname="com.jack.task.Sullcrom" name="run" time="3.164"/>
  <system-out/>
  <testcase classname="com.jack.task.Sullcrom" name="run" time="1.575"/>
  <system-out/>
  <testcase classname="com.jack.task.Sullcrom" name="run" time="1.648"/>
  <system-out/>
  <testcase classname="com.jack.task.Sullcrom" name="run" time="2.680"/>
  <system-out/>
  <testcase classname="com.jack.task.Sullcrom" name="run" time="1.766"/>
  <system-out/>
  <testcase classname="com.jack.task.Sullcrom" name="run" time="2.467"/>
  <system-out/>
  <testcase classname="com.jack.task.Sullcrom" name="run" time="2.468"/>
  <system-out/>
  <testcase classname="com.jack.task.Sullcrom" name="run" time="1.591"/>
  <system-out/>
  <testcase classname="com.jack.task.Sullcrom" name="run" time="1.713"/>
  <system-out/>
  <testcase classname="com.jack.task.Sullcrom" name="run" time="1.823"/>
  <system-out/>
  <testcase classname="com.jack.task.Sullcrom" name="run" time="1.610"/>
  <system-out/>
  <testcase classname="com.jack.task.Sullcrom" name="run" time="1.734"/>
  <system-out/>
  <testcase classname="com.jack.task.Sullcrom" name="run" time="2.145"/>
  <system-out/>
  <testcase classname="com.jack.task.Sullcrom" name="run" time="1.955"/>
  <system-out/>
  <testcase classname="com.jack.task.Sullcrom" name="run" time="2.484"/>
  <system-out/>
  <testcase classname="com.jack.task.Sullcrom" name="run" time="2.348"/>
  <system-out/>
  <testcase classname="com.jack.task.Sullcrom" name="run" time="1.742"/>
  <system-out/>
  <testcase classname="com.jack.task.Sullcrom" name="run" time="2.430"/>
  <system-out/>
  <testcase classname="com.jack.task.Sullcrom" name="run" time="1.477"/>
  <system-out/>
  <testcase classname="com.jack.task.Sullcrom" name="run" time="3.457"/>
  <system-out/>
  <testcase classname="com.jack.task.Sullcrom" name="run" time="2.659"/>
  <system-out/>
  <testcase classname="com.jack.task.Sullcrom" name="run" time="1.758"/>
  <system-out/>
  <testcase classname="com.jack.task.Sullcrom" name="run" time="1.578"/>
  <system-out/>
  <testcase classname="com.jack.task.Sullcrom" name="run" time="2.958"/>
  <system-out/>
  <testcase classname="com.jack.task.Sullcrom" name="run" time="2.215"/>
  <system-out/>
  <testcase classname="com.jack.task.Sullcrom" name="run" time="3.596"/>
  <system-out/>
  <testcase classname="com.jack.task.Sullcrom" name="run" time="2.028"/>
  <system-out/>
  <testcase classname="com.jack.task.Sullcrom" name="run" time="2.603"/>
  <system-out/>
  <testcase classname="com.jack.task.Sullcrom" name="run" time="2.588"/>
  <system-out/>
  <testcase classname="com.jack.task.Sullcrom" name="run" time="2.776"/>
  <system-out/>
  <testcase classname="com.jack.task.Sullcrom" name="run" time="3.064"/>
  <system-out/>
  <testcase classname="com.jack.task.Sullcrom" name="run" time="2.544"/>
  <system-out/>
  <testcase classname="com.jack.task.Sullcrom" name="run" time="1.817"/>
  <system-out/>
  <testcase classname="com.jack.task.Sullcrom" name="run" time="2.518"/>
  <system-out/>
  <testcase classname="com.jack.task.Sullcrom" name="run" time="2.793"/>
  <system-out/>
  <testcase classname="com.jack.task.Sullcrom" name="run" time="2.289"/>
  <system-out/>
  <testcase classname="com.jack.task.Sullcrom" name="run" time="1.843"/>
  <system-out/>
  <testcase classname="com.jack.task.Sullcrom" name="run" time="1.966"/>
  <system-out/>
  <testcase classname="com.jack.task.Sullcrom" name="run" time="3.045"/>
  <system-out/>
  <testcase classname="com.jack.task.Sullcrom" name="run" time="3.016"/>
  <system-out/>
  <testcase classname="com.jack.task.Sullcrom" name="run" time="2.583"/>
  <system-out/>
  <testcase classname="com.jack.task.Sullcrom" name="run" time="1.561"/>
  <system-out/>
  <testcase classname="com.jack.task.Sullcrom" name="run" time="1.486"/>
  <system-out/>
  <testcase classname="com.jack.task.Sullcrom" name="run" time="2.068"/>
  <system-out/>
  <testcase classname="com.jack.task.Sullcrom" name="run" time="2.567"/>
  <system-out/>
  <testcase classname="com.jack.task.Sullcrom" name="run" time="2.672"/>
  <system-out/>
  <testcase classname="com.jack.task.Sullcrom" name="run" time="1.717"/>
  <system-out/>
  <testcase classname="com.jack.task.Sullcrom" name="run" time="2.232"/>
  <system-out/>
  <testcase classname="com.jack.task.Sullcrom" name="run" time="1.599"/>
  <system-out/>
  <testcase classname="com.jack.task.Sullcrom" name="run" time="2.285"/>
  <system-out/>
  <testcase classname="com.jack.task.Sullcrom" name="run" time="1.856"/>
  <system-out/>
  <testcase classname="com.jack.task.Sullcrom" name="run" time="2.965"/>
  <system-out/>
  <testcase classname="com.jack.task.Sullcrom" name="run" time="2.531"/>
  <system-out/>
  <testcase classname="com.jack.task.Sullcrom" name="run" time="2.284"/>
  <system-out/>
  <testcase classname="com.jack.task.Sullcrom" name="run" time="3.565"/>
  <system-out/>
  <testcase classname="com.jack.task.Sullcrom" name="run" time="1.752"/>
  <system-out/>
  <testcase classname="com.jack.task.Sullcrom" name="run" time="1.438"/>
  <system-out/>
  <testcase classname="com.jack.task.Sullcrom" name="run" time="2.535"/>
  <system-out/>
  <testcase classname="com.jack.task.Sullcrom" name="run" time="2.667"/>
  <system-out/>
  <testcase classname="com.jack.task.Sullcrom" name="run" time="2.536"/>
  <system-out/>
  <testcase classname="com.jack.task.Sullcrom" name="run" time="1.662"/>
  <system-out/>
  <testcase classname="com.jack.task.Sullcrom" name="run" time="2.656"/>
  <system-out/>
  <testcase classname="com.jack.task.Sullcrom" name="run" time="2.190"/>
  <system-out/>
  <testcase classname="com.jack.task.Sullcrom" name="run" time="2.634"/>
  <system-out/>
  <testcase classname="com.jack.task.Sullcrom" name="run" time="2.301"/>
  <system-out/>
  <testcase classname="com.jack.task.Sullcrom" name="run" time="1.475"/>
  <system-out/>
  <testcase classname="com.jack.task.Sullcrom" name="run" time="2.761"/>
  <system-out/>
  <testcase classname="com.jack.task.Sullcrom" name="run" time="2.749"/>
  <system-out/>
  <testcase classname="com.jack.task.Sullcrom" name="run" time="1.551"/>
  <system-out/>
  <testcase classname="com.jack.task.Sullcrom" name="run" time="2.679"/>
  <system-out/>
  <testcase classname="com.jack.task.Sullcrom" name="run" time="2.233"/>
  <system-out/>
  <testcase classname="com.jack.task.Sullcrom" name="run" time="2.483"/>
  <system-out/>
  <testcase classname="com.jack.task.Sullcrom" name="run" time="2.090"/>
  <system-out/>
  <testcase classname="com.jack.task.Sullcrom" name="run" time="3.157"/>
  <system-out/>
  <testcase classname="com.jack.task.Sullcrom" name="run" time="3.233"/>
  <system-out/>
  <testcase classname="com.jack.task.Sullcrom" name="run" time="2.800"/>
  <system-out/>
  <testcase classname="com.jack.task.Sullcrom" name="run" time="2.519"/>
  <system-out/>
  <testcase classname="com.jack.task.Sullcrom" name="run" time="2.653"/>
  <system-out/>
  <testcase classname="com.jack.task.Sullcrom" name="run" time="1.999"/>
  <system-out/>
  <testcase classname="com.jack.task.Sullcrom" name="run" time="2.849"/>
  <system-out/>
  <testcase classname="com.jack.task.Sullcrom" name="run" time="1.874"/>
  <system-out/>
  <testcase classname="com.jack.task.Sullcrom" name="run" time="2.621"/>
  <system-out/>
  <testcase classname="com.jack.task.Sullcrom" name="run" time="2.388"/>
  <system-out/>
  <testcase classname="com.jack.task.Sullcrom" name="run" time="2.315"/>
  <system-out/>
  <testcase classname="com.jack.task.Sullcrom" name="run" time="2.397"/>
  <system-out/>
  <testcase classname="com.jack.task.Sullcrom" name="run" time="2.232"/>
  <system-out/>
  <testcase classname="com.jack.task.Sullcrom" name="run" time="2.540"/>
  <system-out/>
  <testcase classname="com.jack.task.Sullcrom" name="run" time="3.089"/>
  <system-out/>
  <testcase classname="com.jack.task.Sullcrom" name="run" time="2.776"/>
  <system-out/>
  <testcase classname="com.jack.task.Sullcrom" name="run" time="2.247"/>
  <system-out/>
  <testcase classname="com.jack.task.Sullcrom" name="run" time="2.166"/>
  <system-out/>
  <testcase classname="com.jack.task.Sullcrom" name="run" time="2.205"/>
  <system-out/>
  <testcase classname="com.jack.task.Sullcrom" name="run" time="2.699"/>
  <system-out/>
  <testcase classname="com.jack.task.Sullcrom" name="run" time="2.793"/>
  <system-out/>
  <testcase classname="com.jack.task.Sullcrom" name="run" time="1.945"/>
  <system-out/>
  <testcase classname="com.jack.task.Sullcrom" name="run" time="2.729"/>
  <system-out/>
  <testcase classname="com.jack.task.Sullcrom" name="run" time="2.565"/>
  <system-out/>
  <testcase classname="com.jack.task.Sullcrom" name="run" time="2.492"/>
  <system-out/>
  <testcase classname="com.jack.task.Sullcrom" name="run" time="2.577"/>
  <system-out/>
  <testcase classname="com.jack.task.Sullcrom" name="run" time="3.093"/>
  <system-out/>
  <testcase classname="com.jack.task.Sullcrom" name="run" time="2.647"/>
  <system-out/>
  <testcase classname="com.jack.task.Sullcrom" name="run" time="2.529"/>
  <system-out/>
  <testcase classname="com.jack.task.Sullcrom" name="run" time="1.818"/>
  <system-out/>
  <testcase classname="com.jack.task.Sullcrom" name="run" time="2.721"/>
  <system-out/>
  <testcase classname="com.jack.task.Sullcrom" name="run" time="2.402"/>
  <system-out/>
  <testcase classname="com.jack.task.Sullcrom" name="run" time="2.194"/>
  <system-out/>
  <testcase classname="com.jack.task.Sullcrom" name="run" time="1.773"/>
  <system-out/>
  <testcase classname="com.jack.task.Sullcrom" name="run" time="2.312"/>
  <system-out/>
  <testcase classname="com.jack.task.Sullcrom" name="run" time="2.415"/>
  <system-out/>
  <testcase classname="com.jack.task.Sullcrom" name="run" time="2.574"/>
  <system-out/>
  <testcase classname="com.jack.task.Sullcrom" name="run" time="2.083"/>
  <system-out/>
  <testcase classname="com.jack.task.Sullcrom" name="run" time="1.923"/>
  <system-out/>
  <testcase classname="com.jack.task.Sullcrom" name="run" time="3.065"/>
  <system-out/>
  <testcase classname="com.jack.task.Sullcrom" name="run" time="1.900"/>
  <system-out/>
  <testcase classname="com.jack.task.Sullcrom" name="run" time="2.800"/>
  <system-out/>
  <testcase classname="com.jack.task.Sullcrom" name="run" time="2.118"/>
  <system-out/>
  <testcase classname="com.jack.task.Sullcrom" name="run" time="1.816"/>
  <system-out/>
  <testcase classname="com.jack.task.Sullcrom" name="run" time="3.266"/>
  <system-out/>
  <testcase classname="com.jack.task.Sullcrom" name="run" time="3.151"/>
  <system-out/>
  <testcase classname="com.jack.task.Sullcrom" name="run" time="2.706"/>
  <system-out/>
  <testcase classname="com.jack.task.Sullcrom" name="run" time="3.275"/>
  <system-out/>
  <testcase classname="com.jack.task.Sullcrom" name="run" time="2.553"/>
  <system-out/>
  <testcase classname="com.jack.task.Sullcrom" name="run" time="2.547"/>
  <system-out/>
  <testcase classname="com.jack.task.Sullcrom" name="run" time="1.620"/>
  <system-out/>
  <testcase classname="com.jack.task.Sullcrom" name="run" time="2.284"/>
  <system-out/>
  <testcase classname="com.jack.task.Sullcrom" name="run" time="2.979"/>
  <system-out/>
  <testcase classname="com.jack.task.Sullcrom" name="run" time="2.435"/>
  <system-out/>
  <testcase classname="com.jack.task.Sullcrom" name="run" time="2.168"/>
  <system-out/>
  <testcase classname="com.jack.task.Sullcrom" name="run" time="2.246"/>
  <system-out/>
  <testcase classname="com.jack.task.Sullcrom" name="run" time="2.837"/>
  <system-out/>
  <testcase classname="com.jack.task.Sullcrom" name="run" time="1.787"/>
  <system-out/>
</testsuite> <!-- com.jack.task.Sullcrom -->
