<?xml version="1.0" encoding="UTF-8"?>
<!-- Generated by org.testng.reporters.JUnitReportReporter -->
<testsuite hostname="DESKTOP-89RDKF8" failures="0" tests="1" name="com.jack.task.FileRename" time="0.022" errors="0" timestamp="2023-01-18T21:24:52 BDT" skipped="0">
  <testcase classname="com.jack.task.FileRename" name="rename" time="0.022"/>
  <system-out/>
</testsuite> <!-- com.jack.task.FileRename -->
