<?xml version="1.0" encoding="UTF-8"?>
<!-- Generated by org.testng.reporters.JUnitReportReporter -->
<testsuite hostname="DESKTOP-3DLKC1S" failures="0" tests="63" name="com.jack.task4.DwtSelenium" time="113.717" errors="0" timestamp="2023-04-04T01:11:14 BDT" skipped="0">
  <testcase classname="com.jack.task4.DwtSelenium" name="run" time="2.001"/>
  <system-out/>
  <testcase classname="com.jack.task4.DwtSelenium" name="run" time="1.859"/>
  <system-out/>
  <testcase classname="com.jack.task4.DwtSelenium" name="run" time="1.913"/>
  <system-out/>
  <testcase classname="com.jack.task4.DwtSelenium" name="run" time="2.088"/>
  <system-out/>
  <testcase classname="com.jack.task4.DwtSelenium" name="run" time="2.627"/>
  <system-out/>
  <testcase classname="com.jack.task4.DwtSelenium" name="run" time="2.052"/>
  <system-out/>
  <testcase classname="com.jack.task4.DwtSelenium" name="run" time="1.520"/>
  <system-out/>
  <testcase classname="com.jack.task4.DwtSelenium" name="run" time="1.642"/>
  <system-out/>
  <testcase classname="com.jack.task4.DwtSelenium" name="run" time="1.910"/>
  <system-out/>
  <testcase classname="com.jack.task4.DwtSelenium" name="run" time="3.721"/>
  <system-out/>
  <testcase classname="com.jack.task4.DwtSelenium" name="run" time="1.521"/>
  <system-out/>
  <testcase classname="com.jack.task4.DwtSelenium" name="run" time="1.891"/>
  <system-out/>
  <testcase classname="com.jack.task4.DwtSelenium" name="run" time="1.507"/>
  <system-out/>
  <testcase classname="com.jack.task4.DwtSelenium" name="run" time="1.548"/>
  <system-out/>
  <testcase classname="com.jack.task4.DwtSelenium" name="run" time="1.860"/>
  <system-out/>
  <testcase classname="com.jack.task4.DwtSelenium" name="run" time="1.973"/>
  <system-out/>
  <testcase classname="com.jack.task4.DwtSelenium" name="testx" time="0.001"/>
  <system-out/>
  <testcase classname="com.jack.task4.DwtSelenium" name="run" time="1.823"/>
  <system-out/>
  <testcase classname="com.jack.task4.DwtSelenium" name="run" time="1.811"/>
  <system-out/>
  <testcase classname="com.jack.task4.DwtSelenium" name="run" time="1.620"/>
  <system-out/>
  <testcase classname="com.jack.task4.DwtSelenium" name="run" time="1.964"/>
  <system-out/>
  <testcase classname="com.jack.task4.DwtSelenium" name="run" time="1.516"/>
  <system-out/>
  <testcase classname="com.jack.task4.DwtSelenium" name="run" time="2.033"/>
  <system-out/>
  <testcase classname="com.jack.task4.DwtSelenium" name="run" time="2.119"/>
  <system-out/>
  <testcase classname="com.jack.task4.DwtSelenium" name="run" time="2.070"/>
  <system-out/>
  <testcase classname="com.jack.task4.DwtSelenium" name="run" time="1.939"/>
  <system-out/>
  <testcase classname="com.jack.task4.DwtSelenium" name="run" time="1.928"/>
  <system-out/>
  <testcase classname="com.jack.task4.DwtSelenium" name="run" time="1.867"/>
  <system-out/>
  <testcase classname="com.jack.task4.DwtSelenium" name="run" time="1.862"/>
  <system-out/>
  <testcase classname="com.jack.task4.DwtSelenium" name="run" time="1.943"/>
  <system-out/>
  <testcase classname="com.jack.task4.DwtSelenium" name="run" time="1.522"/>
  <system-out/>
  <testcase classname="com.jack.task4.DwtSelenium" name="run" time="1.795"/>
  <system-out/>
  <testcase classname="com.jack.task4.DwtSelenium" name="run" time="1.926"/>
  <system-out/>
  <testcase classname="com.jack.task4.DwtSelenium" name="run" time="2.041"/>
  <system-out/>
  <testcase classname="com.jack.task4.DwtSelenium" name="run" time="1.947"/>
  <system-out/>
  <testcase classname="com.jack.task4.DwtSelenium" name="run" time="1.991"/>
  <system-out/>
  <testcase classname="com.jack.task4.DwtSelenium" name="run" time="1.532"/>
  <system-out/>
  <testcase classname="com.jack.task4.DwtSelenium" name="run" time="1.871"/>
  <system-out/>
  <testcase classname="com.jack.task4.DwtSelenium" name="run" time="1.595"/>
  <system-out/>
  <testcase classname="com.jack.task4.DwtSelenium" name="run" time="1.921"/>
  <system-out/>
  <testcase classname="com.jack.task4.DwtSelenium" name="run" time="1.724"/>
  <system-out/>
  <testcase classname="com.jack.task4.DwtSelenium" name="run" time="1.914"/>
  <system-out/>
  <testcase classname="com.jack.task4.DwtSelenium" name="run" time="1.902"/>
  <system-out/>
  <testcase classname="com.jack.task4.DwtSelenium" name="run" time="1.918"/>
  <system-out/>
  <testcase classname="com.jack.task4.DwtSelenium" name="run" time="1.861"/>
  <system-out/>
  <testcase classname="com.jack.task4.DwtSelenium" name="run" time="1.867"/>
  <system-out/>
  <testcase classname="com.jack.task4.DwtSelenium" name="run" time="1.550"/>
  <system-out/>
  <testcase classname="com.jack.task4.DwtSelenium" name="run" time="1.639"/>
  <system-out/>
  <testcase classname="com.jack.task4.DwtSelenium" name="run" time="2.097"/>
  <system-out/>
  <testcase classname="com.jack.task4.DwtSelenium" name="run" time="2.532"/>
  <system-out/>
  <testcase classname="com.jack.task4.DwtSelenium" name="run" time="0.511"/>
  <system-out/>
  <testcase classname="com.jack.task4.DwtSelenium" name="saveList" time="0.038"/>
  <system-out/>
  <testcase classname="com.jack.task4.DwtSelenium" name="run" time="1.530"/>
  <system-out/>
  <testcase classname="com.jack.task4.DwtSelenium" name="run" time="1.801"/>
  <system-out/>
  <testcase classname="com.jack.task4.DwtSelenium" name="run" time="1.534"/>
  <system-out/>
  <testcase classname="com.jack.task4.DwtSelenium" name="run" time="1.853"/>
  <system-out/>
  <testcase classname="com.jack.task4.DwtSelenium" name="run" time="2.042"/>
  <system-out/>
  <testcase classname="com.jack.task4.DwtSelenium" name="run" time="1.930"/>
  <system-out/>
  <testcase classname="com.jack.task4.DwtSelenium" name="run" time="1.850"/>
  <system-out/>
  <testcase classname="com.jack.task4.DwtSelenium" name="run" time="1.981"/>
  <system-out/>
  <testcase classname="com.jack.task4.DwtSelenium" name="run" time="1.799"/>
  <system-out/>
  <testcase classname="com.jack.task4.DwtSelenium" name="run" time="2.005"/>
  <system-out/>
  <testcase classname="com.jack.task4.DwtSelenium" name="run" time="1.569"/>
  <system-out/>
</testsuite> <!-- com.jack.task4.DwtSelenium -->
