<?xml version="1.0" encoding="UTF-8"?>
<!-- Generated by org.testng.reporters.JUnitReportReporter -->
<testsuite hostname="DESKTOP-3DLKC1S" failures="0" tests="6" name="com.jack.task3.Duanemorris" time="25.500" errors="0" timestamp="2023-03-21T22:08:22 BDT" skipped="0">
  <testcase classname="com.jack.task3.Duanemorris" name="run" time="5.948"/>
  <system-out/>
  <testcase classname="com.jack.task3.Duanemorris" name="testx" time="0.001"/>
  <system-out/>
  <testcase classname="com.jack.task3.Duanemorris" name="saveList" time="0.192"/>
  <system-out/>
  <testcase classname="com.jack.task3.Duanemorris" name="run" time="7.319"/>
  <system-out/>
  <testcase classname="com.jack.task3.Duanemorris" name="run" time="6.198"/>
  <system-out/>
  <testcase classname="com.jack.task3.Duanemorris" name="run" time="5.842"/>
  <system-out/>
</testsuite> <!-- com.jack.task3.Duanemorris -->
