<?xml version="1.0" encoding="UTF-8"?>
<!-- Generated by org.testng.reporters.JUnitReportReporter -->
<testsuite hostname="DESKTOP-89RDKF8" failures="0" tests="170" name="com.jack.task.Cravath" time="265.968" errors="0" timestamp="2023-02-01T00:55:21 BDT" skipped="0">
  <testcase classname="com.jack.task.Cravath" name="name" time="0.018"/>
  <system-out/>
  <testcase classname="com.jack.task.Cravath" name="run" time="1.053"/>
  <system-out/>
  <testcase classname="com.jack.task.Cravath" name="run" time="0.321"/>
  <system-out/>
  <testcase classname="com.jack.task.Cravath" name="run" time="1.189"/>
  <system-out/>
  <testcase classname="com.jack.task.Cravath" name="run" time="1.147"/>
  <system-out/>
  <testcase classname="com.jack.task.Cravath" name="run" time="0.411"/>
  <system-out/>
  <testcase classname="com.jack.task.Cravath" name="run" time="0.386"/>
  <system-out/>
  <testcase classname="com.jack.task.Cravath" name="run" time="0.319"/>
  <system-out/>
  <testcase classname="com.jack.task.Cravath" name="run" time="1.062"/>
  <system-out/>
  <testcase classname="com.jack.task.Cravath" name="run" time="1.707"/>
  <system-out/>
  <testcase classname="com.jack.task.Cravath" name="run" time="1.779"/>
  <system-out/>
  <testcase classname="com.jack.task.Cravath" name="run" time="0.306"/>
  <system-out/>
  <testcase classname="com.jack.task.Cravath" name="run" time="1.197"/>
  <system-out/>
  <testcase classname="com.jack.task.Cravath" name="run" time="0.305"/>
  <system-out/>
  <testcase classname="com.jack.task.Cravath" name="run" time="0.330"/>
  <system-out/>
  <testcase classname="com.jack.task.Cravath" name="run" time="1.763"/>
  <system-out/>
  <testcase classname="com.jack.task.Cravath" name="run" time="0.298"/>
  <system-out/>
  <testcase classname="com.jack.task.Cravath" name="run" time="0.444"/>
  <system-out/>
  <testcase classname="com.jack.task.Cravath" name="run" time="0.399"/>
  <system-out/>
  <testcase classname="com.jack.task.Cravath" name="run" time="1.700"/>
  <system-out/>
  <testcase classname="com.jack.task.Cravath" name="run" time="2.507"/>
  <system-out/>
  <testcase classname="com.jack.task.Cravath" name="run" time="0.690"/>
  <system-out/>
  <testcase classname="com.jack.task.Cravath" name="run" time="0.401"/>
  <system-out/>
  <testcase classname="com.jack.task.Cravath" name="run" time="2.927"/>
  <system-out/>
  <testcase classname="com.jack.task.Cravath" name="run" time="0.418"/>
  <system-out/>
  <testcase classname="com.jack.task.Cravath" name="run" time="0.295"/>
  <system-out/>
  <testcase classname="com.jack.task.Cravath" name="run" time="3.705"/>
  <system-out/>
  <testcase classname="com.jack.task.Cravath" name="run" time="2.843"/>
  <system-out/>
  <testcase classname="com.jack.task.Cravath" name="run" time="2.313"/>
  <system-out/>
  <testcase classname="com.jack.task.Cravath" name="run" time="2.525"/>
  <system-out/>
  <testcase classname="com.jack.task.Cravath" name="run" time="1.849"/>
  <system-out/>
  <testcase classname="com.jack.task.Cravath" name="run" time="3.446"/>
  <system-out/>
  <testcase classname="com.jack.task.Cravath" name="run" time="3.771"/>
  <system-out/>
  <testcase classname="com.jack.task.Cravath" name="run" time="0.311"/>
  <system-out/>
  <testcase classname="com.jack.task.Cravath" name="run" time="2.869"/>
  <system-out/>
  <testcase classname="com.jack.task.Cravath" name="run" time="1.625"/>
  <system-out/>
  <testcase classname="com.jack.task.Cravath" name="run" time="2.639"/>
  <system-out/>
  <testcase classname="com.jack.task.Cravath" name="run" time="0.293"/>
  <system-out/>
  <testcase classname="com.jack.task.Cravath" name="run" time="5.234"/>
  <system-out/>
  <testcase classname="com.jack.task.Cravath" name="run" time="1.151"/>
  <system-out/>
  <testcase classname="com.jack.task.Cravath" name="run" time="0.298"/>
  <system-out/>
  <testcase classname="com.jack.task.Cravath" name="run" time="1.115"/>
  <system-out/>
  <testcase classname="com.jack.task.Cravath" name="run" time="1.224"/>
  <system-out/>
  <testcase classname="com.jack.task.Cravath" name="run" time="2.558"/>
  <system-out/>
  <testcase classname="com.jack.task.Cravath" name="run" time="0.305"/>
  <system-out/>
  <testcase classname="com.jack.task.Cravath" name="run" time="2.918"/>
  <system-out/>
  <testcase classname="com.jack.task.Cravath" name="run" time="1.091"/>
  <system-out/>
  <testcase classname="com.jack.task.Cravath" name="run" time="0.367"/>
  <system-out/>
  <testcase classname="com.jack.task.Cravath" name="run" time="2.325"/>
  <system-out/>
  <testcase classname="com.jack.task.Cravath" name="run" time="2.601"/>
  <system-out/>
  <testcase classname="com.jack.task.Cravath" name="run" time="1.862"/>
  <system-out/>
  <testcase classname="com.jack.task.Cravath" name="run" time="2.448"/>
  <system-out/>
  <testcase classname="com.jack.task.Cravath" name="run" time="0.414"/>
  <system-out/>
  <testcase classname="com.jack.task.Cravath" name="run" time="2.683"/>
  <system-out/>
  <testcase classname="com.jack.task.Cravath" name="run" time="2.280"/>
  <system-out/>
  <testcase classname="com.jack.task.Cravath" name="run" time="0.402"/>
  <system-out/>
  <testcase classname="com.jack.task.Cravath" name="run" time="0.306"/>
  <system-out/>
  <testcase classname="com.jack.task.Cravath" name="run" time="0.320"/>
  <system-out/>
  <testcase classname="com.jack.task.Cravath" name="run" time="0.299"/>
  <system-out/>
  <testcase classname="com.jack.task.Cravath" name="run" time="0.349"/>
  <system-out/>
  <testcase classname="com.jack.task.Cravath" name="run" time="2.192"/>
  <system-out/>
  <testcase classname="com.jack.task.Cravath" name="run" time="0.486"/>
  <system-out/>
  <testcase classname="com.jack.task.Cravath" name="run" time="0.472"/>
  <system-out/>
  <testcase classname="com.jack.task.Cravath" name="run" time="0.310"/>
  <system-out/>
  <testcase classname="com.jack.task.Cravath" name="run" time="2.593"/>
  <system-out/>
  <testcase classname="com.jack.task.Cravath" name="run" time="0.312"/>
  <system-out/>
  <testcase classname="com.jack.task.Cravath" name="run" time="0.315"/>
  <system-out/>
  <testcase classname="com.jack.task.Cravath" name="run" time="5.133"/>
  <system-out/>
  <testcase classname="com.jack.task.Cravath" name="run" time="1.733"/>
  <system-out/>
  <testcase classname="com.jack.task.Cravath" name="run" time="0.462"/>
  <system-out/>
  <testcase classname="com.jack.task.Cravath" name="run" time="2.743"/>
  <system-out/>
  <testcase classname="com.jack.task.Cravath" name="run" time="1.131"/>
  <system-out/>
  <testcase classname="com.jack.task.Cravath" name="run" time="1.559"/>
  <system-out/>
  <testcase classname="com.jack.task.Cravath" name="run" time="0.300"/>
  <system-out/>
  <testcase classname="com.jack.task.Cravath" name="run" time="1.021"/>
  <system-out/>
  <testcase classname="com.jack.task.Cravath" name="run" time="2.656"/>
  <system-out/>
  <testcase classname="com.jack.task.Cravath" name="run" time="0.300"/>
  <system-out/>
  <testcase classname="com.jack.task.Cravath" name="run" time="0.296"/>
  <system-out/>
  <testcase classname="com.jack.task.Cravath" name="run" time="0.294"/>
  <system-out/>
  <testcase classname="com.jack.task.Cravath" name="run" time="3.115"/>
  <system-out/>
  <testcase classname="com.jack.task.Cravath" name="run" time="0.418"/>
  <system-out/>
  <testcase classname="com.jack.task.Cravath" name="run" time="0.297"/>
  <system-out/>
  <testcase classname="com.jack.task.Cravath" name="run" time="2.480"/>
  <system-out/>
  <testcase classname="com.jack.task.Cravath" name="run" time="1.671"/>
  <system-out/>
  <testcase classname="com.jack.task.Cravath" name="run" time="0.421"/>
  <system-out/>
  <testcase classname="com.jack.task.Cravath" name="run" time="2.978"/>
  <system-out/>
  <testcase classname="com.jack.task.Cravath" name="run" time="0.395"/>
  <system-out/>
  <testcase classname="com.jack.task.Cravath" name="run" time="1.345"/>
  <system-out/>
  <testcase classname="com.jack.task.Cravath" name="run" time="2.381"/>
  <system-out/>
  <testcase classname="com.jack.task.Cravath" name="run" time="0.393"/>
  <system-out/>
  <testcase classname="com.jack.task.Cravath" name="run" time="0.294"/>
  <system-out/>
  <testcase classname="com.jack.task.Cravath" name="run" time="0.427"/>
  <system-out/>
  <testcase classname="com.jack.task.Cravath" name="run" time="2.255"/>
  <system-out/>
  <testcase classname="com.jack.task.Cravath" name="run" time="0.481"/>
  <system-out/>
  <testcase classname="com.jack.task.Cravath" name="run" time="1.795"/>
  <system-out/>
  <testcase classname="com.jack.task.Cravath" name="run" time="0.593"/>
  <system-out/>
  <testcase classname="com.jack.task.Cravath" name="run" time="2.414"/>
  <system-out/>
  <testcase classname="com.jack.task.Cravath" name="run" time="0.314"/>
  <system-out/>
  <testcase classname="com.jack.task.Cravath" name="run" time="1.312"/>
  <system-out/>
  <testcase classname="com.jack.task.Cravath" name="run" time="1.192"/>
  <system-out/>
  <testcase classname="com.jack.task.Cravath" name="run" time="1.167"/>
  <system-out/>
  <testcase classname="com.jack.task.Cravath" name="run" time="0.414"/>
  <system-out/>
  <testcase classname="com.jack.task.Cravath" name="run" time="0.388"/>
  <system-out/>
  <testcase classname="com.jack.task.Cravath" name="run" time="2.066"/>
  <system-out/>
  <testcase classname="com.jack.task.Cravath" name="run" time="3.821"/>
  <system-out/>
  <testcase classname="com.jack.task.Cravath" name="run" time="1.744"/>
  <system-out/>
  <testcase classname="com.jack.task.Cravath" name="run" time="1.203"/>
  <system-out/>
  <testcase classname="com.jack.task.Cravath" name="run" time="2.334"/>
  <system-out/>
  <testcase classname="com.jack.task.Cravath" name="run" time="0.307"/>
  <system-out/>
  <testcase classname="com.jack.task.Cravath" name="run" time="0.347"/>
  <system-out/>
  <testcase classname="com.jack.task.Cravath" name="run" time="1.228"/>
  <system-out/>
  <testcase classname="com.jack.task.Cravath" name="run" time="1.031"/>
  <system-out/>
  <testcase classname="com.jack.task.Cravath" name="run" time="1.100"/>
  <system-out/>
  <testcase classname="com.jack.task.Cravath" name="run" time="1.970"/>
  <system-out/>
  <testcase classname="com.jack.task.Cravath" name="run" time="0.405"/>
  <system-out/>
  <testcase classname="com.jack.task.Cravath" name="run" time="3.343"/>
  <system-out/>
  <testcase classname="com.jack.task.Cravath" name="run" time="2.702"/>
  <system-out/>
  <testcase classname="com.jack.task.Cravath" name="run" time="1.103"/>
  <system-out/>
  <testcase classname="com.jack.task.Cravath" name="run" time="2.268"/>
  <system-out/>
  <testcase classname="com.jack.task.Cravath" name="run" time="3.497"/>
  <system-out/>
  <testcase classname="com.jack.task.Cravath" name="run" time="0.311"/>
  <system-out/>
  <testcase classname="com.jack.task.Cravath" name="run" time="0.530"/>
  <system-out/>
  <testcase classname="com.jack.task.Cravath" name="run" time="1.594"/>
  <system-out/>
  <testcase classname="com.jack.task.Cravath" name="run" time="1.311"/>
  <system-out/>
  <testcase classname="com.jack.task.Cravath" name="run" time="2.215"/>
  <system-out/>
  <testcase classname="com.jack.task.Cravath" name="run" time="0.400"/>
  <system-out/>
  <testcase classname="com.jack.task.Cravath" name="run" time="0.309"/>
  <system-out/>
  <testcase classname="com.jack.task.Cravath" name="run" time="0.408"/>
  <system-out/>
  <testcase classname="com.jack.task.Cravath" name="run" time="0.432"/>
  <system-out/>
  <testcase classname="com.jack.task.Cravath" name="run" time="2.272"/>
  <system-out/>
  <testcase classname="com.jack.task.Cravath" name="run" time="2.467"/>
  <system-out/>
  <testcase classname="com.jack.task.Cravath" name="run" time="0.300"/>
  <system-out/>
  <testcase classname="com.jack.task.Cravath" name="run" time="1.180"/>
  <system-out/>
  <testcase classname="com.jack.task.Cravath" name="run" time="0.432"/>
  <system-out/>
  <testcase classname="com.jack.task.Cravath" name="run" time="1.966"/>
  <system-out/>
  <testcase classname="com.jack.task.Cravath" name="run" time="0.417"/>
  <system-out/>
  <testcase classname="com.jack.task.Cravath" name="run" time="0.316"/>
  <system-out/>
  <testcase classname="com.jack.task.Cravath" name="run" time="1.139"/>
  <system-out/>
  <testcase classname="com.jack.task.Cravath" name="run" time="2.688"/>
  <system-out/>
  <testcase classname="com.jack.task.Cravath" name="run" time="2.139"/>
  <system-out/>
  <testcase classname="com.jack.task.Cravath" name="run" time="0.313"/>
  <system-out/>
  <testcase classname="com.jack.task.Cravath" name="run" time="2.736"/>
  <system-out/>
  <testcase classname="com.jack.task.Cravath" name="run" time="1.236"/>
  <system-out/>
  <testcase classname="com.jack.task.Cravath" name="run" time="2.199"/>
  <system-out/>
  <testcase classname="com.jack.task.Cravath" name="run" time="2.611"/>
  <system-out/>
  <testcase classname="com.jack.task.Cravath" name="run" time="3.118"/>
  <system-out/>
  <testcase classname="com.jack.task.Cravath" name="run" time="1.009"/>
  <system-out/>
  <testcase classname="com.jack.task.Cravath" name="run" time="2.175"/>
  <system-out/>
  <testcase classname="com.jack.task.Cravath" name="run" time="2.707"/>
  <system-out/>
  <testcase classname="com.jack.task.Cravath" name="run" time="2.021"/>
  <system-out/>
  <testcase classname="com.jack.task.Cravath" name="run" time="3.945"/>
  <system-out/>
  <testcase classname="com.jack.task.Cravath" name="run" time="1.312"/>
  <system-out/>
  <testcase classname="com.jack.task.Cravath" name="run" time="1.957"/>
  <system-out/>
  <testcase classname="com.jack.task.Cravath" name="run" time="20.450"/>
  <system-out/>
  <testcase classname="com.jack.task.Cravath" name="run" time="2.819"/>
  <system-out/>
  <testcase classname="com.jack.task.Cravath" name="run" time="0.395"/>
  <system-out/>
  <testcase classname="com.jack.task.Cravath" name="run" time="2.568"/>
  <system-out/>
  <testcase classname="com.jack.task.Cravath" name="run" time="3.511"/>
  <system-out/>
  <testcase classname="com.jack.task.Cravath" name="run" time="0.431"/>
  <system-out/>
  <testcase classname="com.jack.task.Cravath" name="run" time="2.349"/>
  <system-out/>
  <testcase classname="com.jack.task.Cravath" name="run" time="1.937"/>
  <system-out/>
  <testcase classname="com.jack.task.Cravath" name="run" time="1.733"/>
  <system-out/>
  <testcase classname="com.jack.task.Cravath" name="run" time="2.818"/>
  <system-out/>
  <testcase classname="com.jack.task.Cravath" name="run" time="0.303"/>
  <system-out/>
  <testcase classname="com.jack.task.Cravath" name="run" time="1.314"/>
  <system-out/>
  <testcase classname="com.jack.task.Cravath" name="run" time="0.404"/>
  <system-out/>
  <testcase classname="com.jack.task.Cravath" name="run" time="1.305"/>
  <system-out/>
  <testcase classname="com.jack.task.Cravath" name="run" time="2.824"/>
  <system-out/>
  <testcase classname="com.jack.task.Cravath" name="run" time="1.068"/>
  <system-out/>
  <testcase classname="com.jack.task.Cravath" name="run" time="1.746"/>
  <system-out/>
</testsuite> <!-- com.jack.task.Cravath -->
