<?xml version="1.0" encoding="UTF-8"?>
<!-- Generated by org.testng.reporters.JUnitReportReporter -->
<testsuite hostname="DESKTOP-3DLKC1S" failures="0" tests="545" name="com.jack.task4.Jenner" time="2.049" errors="0" timestamp="2023-04-03T19:38:24 BDT" skipped="0">
  <testcase classname="com.jack.task4.Jenner" name="run" time="0.001"/>
  <system-out/>
  <testcase classname="com.jack.task4.Jenner" name="run" time="0.006"/>
  <system-out/>
  <testcase classname="com.jack.task4.Jenner" name="run" time="0.002"/>
  <system-out/>
  <testcase classname="com.jack.task4.Jenner" name="run" time="0.005"/>
  <system-out/>
  <testcase classname="com.jack.task4.Jenner" name="run" time="0.001"/>
  <system-out/>
  <testcase classname="com.jack.task4.Jenner" name="run" time="0.002"/>
  <system-out/>
  <testcase classname="com.jack.task4.Jenner" name="run" time="0.002"/>
  <system-out/>
  <testcase classname="com.jack.task4.Jenner" name="run" time="0.002"/>
  <system-out/>
  <testcase classname="com.jack.task4.Jenner" name="run" time="0.003"/>
  <system-out/>
  <testcase classname="com.jack.task4.Jenner" name="run" time="0.002"/>
  <system-out/>
  <testcase classname="com.jack.task4.Jenner" name="run" time="0.002"/>
  <system-out/>
  <testcase classname="com.jack.task4.Jenner" name="run" time="0.002"/>
  <system-out/>
  <testcase classname="com.jack.task4.Jenner" name="run" time="0.002"/>
  <system-out/>
  <testcase classname="com.jack.task4.Jenner" name="run" time="0.002"/>
  <system-out/>
  <testcase classname="com.jack.task4.Jenner" name="run" time="0.004"/>
  <system-out/>
  <testcase classname="com.jack.task4.Jenner" name="run" time="0.001"/>
  <system-out/>
  <testcase classname="com.jack.task4.Jenner" name="run" time="0.003"/>
  <system-out/>
  <testcase classname="com.jack.task4.Jenner" name="run" time="0.007"/>
  <system-out/>
  <testcase classname="com.jack.task4.Jenner" name="run" time="0.004"/>
  <system-out/>
  <testcase classname="com.jack.task4.Jenner" name="run" time="0.082"/>
  <system-out/>
  <testcase classname="com.jack.task4.Jenner" name="run" time="0.001"/>
  <system-out/>
  <testcase classname="com.jack.task4.Jenner" name="run" time="0.003"/>
  <system-out/>
  <testcase classname="com.jack.task4.Jenner" name="run" time="0.006"/>
  <system-out/>
  <testcase classname="com.jack.task4.Jenner" name="run" time="0.004"/>
  <system-out/>
  <testcase classname="com.jack.task4.Jenner" name="run" time="0.002"/>
  <system-out/>
  <testcase classname="com.jack.task4.Jenner" name="run" time="0.002"/>
  <system-out/>
  <testcase classname="com.jack.task4.Jenner" name="run" time="0.002"/>
  <system-out/>
  <testcase classname="com.jack.task4.Jenner" name="run" time="0.006"/>
  <system-out/>
  <testcase classname="com.jack.task4.Jenner" name="run" time="0.004"/>
  <system-out/>
  <testcase classname="com.jack.task4.Jenner" name="run" time="0.005"/>
  <system-out/>
  <testcase classname="com.jack.task4.Jenner" name="run" time="0.002"/>
  <system-out/>
  <testcase classname="com.jack.task4.Jenner" name="run" time="0.002"/>
  <system-out/>
  <testcase classname="com.jack.task4.Jenner" name="run" time="0.001"/>
  <system-out/>
  <testcase classname="com.jack.task4.Jenner" name="run" time="0.006"/>
  <system-out/>
  <testcase classname="com.jack.task4.Jenner" name="run" time="0.004"/>
  <system-out/>
  <testcase classname="com.jack.task4.Jenner" name="run" time="0.002"/>
  <system-out/>
  <testcase classname="com.jack.task4.Jenner" name="run" time="0.006"/>
  <system-out/>
  <testcase classname="com.jack.task4.Jenner" name="run" time="0.002"/>
  <system-out/>
  <testcase classname="com.jack.task4.Jenner" name="run" time="0.001"/>
  <system-out/>
  <testcase classname="com.jack.task4.Jenner" name="run" time="0.003"/>
  <system-out/>
  <testcase classname="com.jack.task4.Jenner" name="run" time="0.003"/>
  <system-out/>
  <testcase classname="com.jack.task4.Jenner" name="run" time="0.004"/>
  <system-out/>
  <testcase classname="com.jack.task4.Jenner" name="run" time="0.002"/>
  <system-out/>
  <testcase classname="com.jack.task4.Jenner" name="run" time="0.003"/>
  <system-out/>
  <testcase classname="com.jack.task4.Jenner" name="run" time="0.000"/>
  <system-out/>
  <testcase classname="com.jack.task4.Jenner" name="run" time="0.002"/>
  <system-out/>
  <testcase classname="com.jack.task4.Jenner" name="run" time="0.006"/>
  <system-out/>
  <testcase classname="com.jack.task4.Jenner" name="run" time="0.002"/>
  <system-out/>
  <testcase classname="com.jack.task4.Jenner" name="run" time="0.005"/>
  <system-out/>
  <testcase classname="com.jack.task4.Jenner" name="run" time="0.003"/>
  <system-out/>
  <testcase classname="com.jack.task4.Jenner" name="run" time="0.002"/>
  <system-out/>
  <testcase classname="com.jack.task4.Jenner" name="run" time="0.001"/>
  <system-out/>
  <testcase classname="com.jack.task4.Jenner" name="run" time="0.002"/>
  <system-out/>
  <testcase classname="com.jack.task4.Jenner" name="run" time="0.001"/>
  <system-out/>
  <testcase classname="com.jack.task4.Jenner" name="run" time="0.002"/>
  <system-out/>
  <testcase classname="com.jack.task4.Jenner" name="run" time="0.003"/>
  <system-out/>
  <testcase classname="com.jack.task4.Jenner" name="run" time="0.002"/>
  <system-out/>
  <testcase classname="com.jack.task4.Jenner" name="run" time="0.002"/>
  <system-out/>
  <testcase classname="com.jack.task4.Jenner" name="run" time="0.006"/>
  <system-out/>
  <testcase classname="com.jack.task4.Jenner" name="run" time="0.002"/>
  <system-out/>
  <testcase classname="com.jack.task4.Jenner" name="run" time="0.002"/>
  <system-out/>
  <testcase classname="com.jack.task4.Jenner" name="run" time="0.003"/>
  <system-out/>
  <testcase classname="com.jack.task4.Jenner" name="run" time="0.002"/>
  <system-out/>
  <testcase classname="com.jack.task4.Jenner" name="run" time="0.003"/>
  <system-out/>
  <testcase classname="com.jack.task4.Jenner" name="run" time="0.004"/>
  <system-out/>
  <testcase classname="com.jack.task4.Jenner" name="run" time="0.003"/>
  <system-out/>
  <testcase classname="com.jack.task4.Jenner" name="run" time="0.002"/>
  <system-out/>
  <testcase classname="com.jack.task4.Jenner" name="run" time="0.002"/>
  <system-out/>
  <testcase classname="com.jack.task4.Jenner" name="run" time="0.001"/>
  <system-out/>
  <testcase classname="com.jack.task4.Jenner" name="run" time="0.003"/>
  <system-out/>
  <testcase classname="com.jack.task4.Jenner" name="run" time="0.004"/>
  <system-out/>
  <testcase classname="com.jack.task4.Jenner" name="run" time="0.003"/>
  <system-out/>
  <testcase classname="com.jack.task4.Jenner" name="run" time="0.003"/>
  <system-out/>
  <testcase classname="com.jack.task4.Jenner" name="run" time="0.006"/>
  <system-out/>
  <testcase classname="com.jack.task4.Jenner" name="run" time="0.006"/>
  <system-out/>
  <testcase classname="com.jack.task4.Jenner" name="run" time="0.004"/>
  <system-out/>
  <testcase classname="com.jack.task4.Jenner" name="run" time="0.002"/>
  <system-out/>
  <testcase classname="com.jack.task4.Jenner" name="run" time="0.002"/>
  <system-out/>
  <testcase classname="com.jack.task4.Jenner" name="run" time="0.003"/>
  <system-out/>
  <testcase classname="com.jack.task4.Jenner" name="run" time="0.009"/>
  <system-out/>
  <testcase classname="com.jack.task4.Jenner" name="run" time="0.002"/>
  <system-out/>
  <testcase classname="com.jack.task4.Jenner" name="run" time="0.001"/>
  <system-out/>
  <testcase classname="com.jack.task4.Jenner" name="run" time="0.005"/>
  <system-out/>
  <testcase classname="com.jack.task4.Jenner" name="run" time="0.016"/>
  <system-out/>
  <testcase classname="com.jack.task4.Jenner" name="run" time="0.003"/>
  <system-out/>
  <testcase classname="com.jack.task4.Jenner" name="run" time="0.002"/>
  <system-out/>
  <testcase classname="com.jack.task4.Jenner" name="run" time="0.002"/>
  <system-out/>
  <testcase classname="com.jack.task4.Jenner" name="run" time="0.005"/>
  <system-out/>
  <testcase classname="com.jack.task4.Jenner" name="run" time="0.005"/>
  <system-out/>
  <testcase classname="com.jack.task4.Jenner" name="run" time="0.003"/>
  <system-out/>
  <testcase classname="com.jack.task4.Jenner" name="run" time="0.002"/>
  <system-out/>
  <testcase classname="com.jack.task4.Jenner" name="run" time="0.002"/>
  <system-out/>
  <testcase classname="com.jack.task4.Jenner" name="run" time="0.005"/>
  <system-out/>
  <testcase classname="com.jack.task4.Jenner" name="run" time="0.005"/>
  <system-out/>
  <testcase classname="com.jack.task4.Jenner" name="run" time="0.002"/>
  <system-out/>
  <testcase classname="com.jack.task4.Jenner" name="run" time="0.005"/>
  <system-out/>
  <testcase classname="com.jack.task4.Jenner" name="run" time="0.006"/>
  <system-out/>
  <testcase classname="com.jack.task4.Jenner" name="run" time="0.002"/>
  <system-out/>
  <testcase classname="com.jack.task4.Jenner" name="run" time="0.001"/>
  <system-out/>
  <testcase classname="com.jack.task4.Jenner" name="run" time="0.007"/>
  <system-out/>
  <testcase classname="com.jack.task4.Jenner" name="run" time="0.003"/>
  <system-out/>
  <testcase classname="com.jack.task4.Jenner" name="run" time="0.006"/>
  <system-out/>
  <testcase classname="com.jack.task4.Jenner" name="run" time="0.006"/>
  <system-out/>
  <testcase classname="com.jack.task4.Jenner" name="run" time="0.008"/>
  <system-out/>
  <testcase classname="com.jack.task4.Jenner" name="run" time="0.003"/>
  <system-out/>
  <testcase classname="com.jack.task4.Jenner" name="run" time="0.004"/>
  <system-out/>
  <testcase classname="com.jack.task4.Jenner" name="run" time="0.003"/>
  <system-out/>
  <testcase classname="com.jack.task4.Jenner" name="run" time="0.006"/>
  <system-out/>
  <testcase classname="com.jack.task4.Jenner" name="run" time="0.008"/>
  <system-out/>
  <testcase classname="com.jack.task4.Jenner" name="run" time="0.002"/>
  <system-out/>
  <testcase classname="com.jack.task4.Jenner" name="run" time="0.002"/>
  <system-out/>
  <testcase classname="com.jack.task4.Jenner" name="run" time="0.003"/>
  <system-out/>
  <testcase classname="com.jack.task4.Jenner" name="run" time="0.005"/>
  <system-out/>
  <testcase classname="com.jack.task4.Jenner" name="run" time="0.002"/>
  <system-out/>
  <testcase classname="com.jack.task4.Jenner" name="run" time="0.009"/>
  <system-out/>
  <testcase classname="com.jack.task4.Jenner" name="run" time="0.003"/>
  <system-out/>
  <testcase classname="com.jack.task4.Jenner" name="run" time="0.003"/>
  <system-out/>
  <testcase classname="com.jack.task4.Jenner" name="run" time="0.003"/>
  <system-out/>
  <testcase classname="com.jack.task4.Jenner" name="run" time="0.001"/>
  <system-out/>
  <testcase classname="com.jack.task4.Jenner" name="run" time="0.002"/>
  <system-out/>
  <testcase classname="com.jack.task4.Jenner" name="run" time="0.002"/>
  <system-out/>
  <testcase classname="com.jack.task4.Jenner" name="run" time="0.007"/>
  <system-out/>
  <testcase classname="com.jack.task4.Jenner" name="run" time="0.003"/>
  <system-out/>
  <testcase classname="com.jack.task4.Jenner" name="run" time="0.010"/>
  <system-out/>
  <testcase classname="com.jack.task4.Jenner" name="run" time="0.003"/>
  <system-out/>
  <testcase classname="com.jack.task4.Jenner" name="run" time="0.002"/>
  <system-out/>
  <testcase classname="com.jack.task4.Jenner" name="run" time="0.002"/>
  <system-out/>
  <testcase classname="com.jack.task4.Jenner" name="run" time="0.013"/>
  <system-out/>
  <testcase classname="com.jack.task4.Jenner" name="run" time="0.002"/>
  <system-out/>
  <testcase classname="com.jack.task4.Jenner" name="run" time="0.001"/>
  <system-out/>
  <testcase classname="com.jack.task4.Jenner" name="run" time="0.003"/>
  <system-out/>
  <testcase classname="com.jack.task4.Jenner" name="run" time="0.002"/>
  <system-out/>
  <testcase classname="com.jack.task4.Jenner" name="run" time="0.004"/>
  <system-out/>
  <testcase classname="com.jack.task4.Jenner" name="run" time="0.003"/>
  <system-out/>
  <testcase classname="com.jack.task4.Jenner" name="run" time="0.004"/>
  <system-out/>
  <testcase classname="com.jack.task4.Jenner" name="run" time="0.005"/>
  <system-out/>
  <testcase classname="com.jack.task4.Jenner" name="run" time="0.001"/>
  <system-out/>
  <testcase classname="com.jack.task4.Jenner" name="run" time="0.002"/>
  <system-out/>
  <testcase classname="com.jack.task4.Jenner" name="run" time="0.003"/>
  <system-out/>
  <testcase classname="com.jack.task4.Jenner" name="run" time="0.002"/>
  <system-out/>
  <testcase classname="com.jack.task4.Jenner" name="run" time="0.003"/>
  <system-out/>
  <testcase classname="com.jack.task4.Jenner" name="run" time="0.002"/>
  <system-out/>
  <testcase classname="com.jack.task4.Jenner" name="run" time="0.004"/>
  <system-out/>
  <testcase classname="com.jack.task4.Jenner" name="run" time="0.003"/>
  <system-out/>
  <testcase classname="com.jack.task4.Jenner" name="run" time="0.002"/>
  <system-out/>
  <testcase classname="com.jack.task4.Jenner" name="run" time="0.007"/>
  <system-out/>
  <testcase classname="com.jack.task4.Jenner" name="run" time="0.002"/>
  <system-out/>
  <testcase classname="com.jack.task4.Jenner" name="run" time="0.002"/>
  <system-out/>
  <testcase classname="com.jack.task4.Jenner" name="run" time="0.001"/>
  <system-out/>
  <testcase classname="com.jack.task4.Jenner" name="run" time="0.002"/>
  <system-out/>
  <testcase classname="com.jack.task4.Jenner" name="run" time="0.002"/>
  <system-out/>
  <testcase classname="com.jack.task4.Jenner" name="run" time="0.002"/>
  <system-out/>
  <testcase classname="com.jack.task4.Jenner" name="run" time="0.005"/>
  <system-out/>
  <testcase classname="com.jack.task4.Jenner" name="testx" time="0.000"/>
  <system-out/>
  <testcase classname="com.jack.task4.Jenner" name="run" time="0.008"/>
  <system-out/>
  <testcase classname="com.jack.task4.Jenner" name="run" time="0.002"/>
  <system-out/>
  <testcase classname="com.jack.task4.Jenner" name="run" time="0.002"/>
  <system-out/>
  <testcase classname="com.jack.task4.Jenner" name="run" time="0.002"/>
  <system-out/>
  <testcase classname="com.jack.task4.Jenner" name="run" time="0.002"/>
  <system-out/>
  <testcase classname="com.jack.task4.Jenner" name="run" time="0.002"/>
  <system-out/>
  <testcase classname="com.jack.task4.Jenner" name="run" time="0.002"/>
  <system-out/>
  <testcase classname="com.jack.task4.Jenner" name="run" time="0.002"/>
  <system-out/>
  <testcase classname="com.jack.task4.Jenner" name="run" time="0.001"/>
  <system-out/>
  <testcase classname="com.jack.task4.Jenner" name="run" time="0.006"/>
  <system-out/>
  <testcase classname="com.jack.task4.Jenner" name="run" time="0.007"/>
  <system-out/>
  <testcase classname="com.jack.task4.Jenner" name="run" time="0.004"/>
  <system-out/>
  <testcase classname="com.jack.task4.Jenner" name="run" time="0.007"/>
  <system-out/>
  <testcase classname="com.jack.task4.Jenner" name="run" time="0.001"/>
  <system-out/>
  <testcase classname="com.jack.task4.Jenner" name="run" time="0.003"/>
  <system-out/>
  <testcase classname="com.jack.task4.Jenner" name="run" time="0.002"/>
  <system-out/>
  <testcase classname="com.jack.task4.Jenner" name="run" time="0.005"/>
  <system-out/>
  <testcase classname="com.jack.task4.Jenner" name="run" time="0.001"/>
  <system-out/>
  <testcase classname="com.jack.task4.Jenner" name="run" time="0.003"/>
  <system-out/>
  <testcase classname="com.jack.task4.Jenner" name="run" time="0.002"/>
  <system-out/>
  <testcase classname="com.jack.task4.Jenner" name="run" time="0.003"/>
  <system-out/>
  <testcase classname="com.jack.task4.Jenner" name="run" time="0.002"/>
  <system-out/>
  <testcase classname="com.jack.task4.Jenner" name="run" time="0.002"/>
  <system-out/>
  <testcase classname="com.jack.task4.Jenner" name="run" time="0.003"/>
  <system-out/>
  <testcase classname="com.jack.task4.Jenner" name="run" time="0.003"/>
  <system-out/>
  <testcase classname="com.jack.task4.Jenner" name="run" time="0.006"/>
  <system-out/>
  <testcase classname="com.jack.task4.Jenner" name="run" time="0.005"/>
  <system-out/>
  <testcase classname="com.jack.task4.Jenner" name="run" time="0.006"/>
  <system-out/>
  <testcase classname="com.jack.task4.Jenner" name="run" time="0.001"/>
  <system-out/>
  <testcase classname="com.jack.task4.Jenner" name="run" time="0.003"/>
  <system-out/>
  <testcase classname="com.jack.task4.Jenner" name="run" time="0.006"/>
  <system-out/>
  <testcase classname="com.jack.task4.Jenner" name="run" time="0.002"/>
  <system-out/>
  <testcase classname="com.jack.task4.Jenner" name="run" time="0.002"/>
  <system-out/>
  <testcase classname="com.jack.task4.Jenner" name="run" time="0.004"/>
  <system-out/>
  <testcase classname="com.jack.task4.Jenner" name="run" time="0.002"/>
  <system-out/>
  <testcase classname="com.jack.task4.Jenner" name="run" time="0.003"/>
  <system-out/>
  <testcase classname="com.jack.task4.Jenner" name="run" time="0.002"/>
  <system-out/>
  <testcase classname="com.jack.task4.Jenner" name="run" time="0.006"/>
  <system-out/>
  <testcase classname="com.jack.task4.Jenner" name="run" time="0.002"/>
  <system-out/>
  <testcase classname="com.jack.task4.Jenner" name="run" time="0.007"/>
  <system-out/>
  <testcase classname="com.jack.task4.Jenner" name="run" time="0.001"/>
  <system-out/>
  <testcase classname="com.jack.task4.Jenner" name="run" time="0.001"/>
  <system-out/>
  <testcase classname="com.jack.task4.Jenner" name="run" time="0.005"/>
  <system-out/>
  <testcase classname="com.jack.task4.Jenner" name="run" time="0.001"/>
  <system-out/>
  <testcase classname="com.jack.task4.Jenner" name="run" time="0.005"/>
  <system-out/>
  <testcase classname="com.jack.task4.Jenner" name="run" time="0.003"/>
  <system-out/>
  <testcase classname="com.jack.task4.Jenner" name="run" time="0.003"/>
  <system-out/>
  <testcase classname="com.jack.task4.Jenner" name="run" time="0.001"/>
  <system-out/>
  <testcase classname="com.jack.task4.Jenner" name="run" time="0.007"/>
  <system-out/>
  <testcase classname="com.jack.task4.Jenner" name="run" time="0.011"/>
  <system-out/>
  <testcase classname="com.jack.task4.Jenner" name="run" time="0.003"/>
  <system-out/>
  <testcase classname="com.jack.task4.Jenner" name="run" time="0.004"/>
  <system-out/>
  <testcase classname="com.jack.task4.Jenner" name="run" time="0.001"/>
  <system-out/>
  <testcase classname="com.jack.task4.Jenner" name="run" time="0.002"/>
  <system-out/>
  <testcase classname="com.jack.task4.Jenner" name="run" time="0.002"/>
  <system-out/>
  <testcase classname="com.jack.task4.Jenner" name="run" time="0.002"/>
  <system-out/>
  <testcase classname="com.jack.task4.Jenner" name="run" time="0.005"/>
  <system-out/>
  <testcase classname="com.jack.task4.Jenner" name="run" time="0.002"/>
  <system-out/>
  <testcase classname="com.jack.task4.Jenner" name="run" time="0.007"/>
  <system-out/>
  <testcase classname="com.jack.task4.Jenner" name="run" time="0.002"/>
  <system-out/>
  <testcase classname="com.jack.task4.Jenner" name="run" time="0.002"/>
  <system-out/>
  <testcase classname="com.jack.task4.Jenner" name="run" time="0.001"/>
  <system-out/>
  <testcase classname="com.jack.task4.Jenner" name="run" time="0.004"/>
  <system-out/>
  <testcase classname="com.jack.task4.Jenner" name="run" time="0.003"/>
  <system-out/>
  <testcase classname="com.jack.task4.Jenner" name="run" time="0.005"/>
  <system-out/>
  <testcase classname="com.jack.task4.Jenner" name="run" time="0.005"/>
  <system-out/>
  <testcase classname="com.jack.task4.Jenner" name="run" time="0.011"/>
  <system-out/>
  <testcase classname="com.jack.task4.Jenner" name="run" time="0.002"/>
  <system-out/>
  <testcase classname="com.jack.task4.Jenner" name="run" time="0.003"/>
  <system-out/>
  <testcase classname="com.jack.task4.Jenner" name="run" time="0.008"/>
  <system-out/>
  <testcase classname="com.jack.task4.Jenner" name="run" time="0.007"/>
  <system-out/>
  <testcase classname="com.jack.task4.Jenner" name="run" time="0.002"/>
  <system-out/>
  <testcase classname="com.jack.task4.Jenner" name="run" time="0.002"/>
  <system-out/>
  <testcase classname="com.jack.task4.Jenner" name="run" time="0.002"/>
  <system-out/>
  <testcase classname="com.jack.task4.Jenner" name="run" time="0.002"/>
  <system-out/>
  <testcase classname="com.jack.task4.Jenner" name="run" time="0.003"/>
  <system-out/>
  <testcase classname="com.jack.task4.Jenner" name="run" time="0.005"/>
  <system-out/>
  <testcase classname="com.jack.task4.Jenner" name="run" time="0.003"/>
  <system-out/>
  <testcase classname="com.jack.task4.Jenner" name="run" time="0.004"/>
  <system-out/>
  <testcase classname="com.jack.task4.Jenner" name="run" time="0.004"/>
  <system-out/>
  <testcase classname="com.jack.task4.Jenner" name="run" time="0.001"/>
  <system-out/>
  <testcase classname="com.jack.task4.Jenner" name="run" time="0.002"/>
  <system-out/>
  <testcase classname="com.jack.task4.Jenner" name="run" time="0.003"/>
  <system-out/>
  <testcase classname="com.jack.task4.Jenner" name="run" time="0.002"/>
  <system-out/>
  <testcase classname="com.jack.task4.Jenner" name="run" time="0.002"/>
  <system-out/>
  <testcase classname="com.jack.task4.Jenner" name="run" time="0.005"/>
  <system-out/>
  <testcase classname="com.jack.task4.Jenner" name="run" time="0.005"/>
  <system-out/>
  <testcase classname="com.jack.task4.Jenner" name="run" time="0.002"/>
  <system-out/>
  <testcase classname="com.jack.task4.Jenner" name="run" time="0.008"/>
  <system-out/>
  <testcase classname="com.jack.task4.Jenner" name="run" time="0.007"/>
  <system-out/>
  <testcase classname="com.jack.task4.Jenner" name="run" time="0.004"/>
  <system-out/>
  <testcase classname="com.jack.task4.Jenner" name="run" time="0.005"/>
  <system-out/>
  <testcase classname="com.jack.task4.Jenner" name="run" time="0.001"/>
  <system-out/>
  <testcase classname="com.jack.task4.Jenner" name="run" time="0.002"/>
  <system-out/>
  <testcase classname="com.jack.task4.Jenner" name="run" time="0.009"/>
  <system-out/>
  <testcase classname="com.jack.task4.Jenner" name="run" time="0.003"/>
  <system-out/>
  <testcase classname="com.jack.task4.Jenner" name="run" time="0.001"/>
  <system-out/>
  <testcase classname="com.jack.task4.Jenner" name="run" time="0.002"/>
  <system-out/>
  <testcase classname="com.jack.task4.Jenner" name="run" time="0.003"/>
  <system-out/>
  <testcase classname="com.jack.task4.Jenner" name="run" time="0.001"/>
  <system-out/>
  <testcase classname="com.jack.task4.Jenner" name="run" time="0.001"/>
  <system-out/>
  <testcase classname="com.jack.task4.Jenner" name="run" time="0.007"/>
  <system-out/>
  <testcase classname="com.jack.task4.Jenner" name="run" time="0.001"/>
  <system-out/>
  <testcase classname="com.jack.task4.Jenner" name="run" time="0.004"/>
  <system-out/>
  <testcase classname="com.jack.task4.Jenner" name="run" time="0.002"/>
  <system-out/>
  <testcase classname="com.jack.task4.Jenner" name="run" time="0.004"/>
  <system-out/>
  <testcase classname="com.jack.task4.Jenner" name="run" time="0.012"/>
  <system-out/>
  <testcase classname="com.jack.task4.Jenner" name="run" time="0.003"/>
  <system-out/>
  <testcase classname="com.jack.task4.Jenner" name="run" time="0.010"/>
  <system-out/>
  <testcase classname="com.jack.task4.Jenner" name="run" time="0.004"/>
  <system-out/>
  <testcase classname="com.jack.task4.Jenner" name="run" time="0.006"/>
  <system-out/>
  <testcase classname="com.jack.task4.Jenner" name="run" time="0.003"/>
  <system-out/>
  <testcase classname="com.jack.task4.Jenner" name="run" time="0.005"/>
  <system-out/>
  <testcase classname="com.jack.task4.Jenner" name="run" time="0.003"/>
  <system-out/>
  <testcase classname="com.jack.task4.Jenner" name="run" time="0.003"/>
  <system-out/>
  <testcase classname="com.jack.task4.Jenner" name="run" time="0.006"/>
  <system-out/>
  <testcase classname="com.jack.task4.Jenner" name="run" time="0.001"/>
  <system-out/>
  <testcase classname="com.jack.task4.Jenner" name="run" time="0.003"/>
  <system-out/>
  <testcase classname="com.jack.task4.Jenner" name="run" time="0.006"/>
  <system-out/>
  <testcase classname="com.jack.task4.Jenner" name="run" time="0.009"/>
  <system-out/>
  <testcase classname="com.jack.task4.Jenner" name="run" time="0.002"/>
  <system-out/>
  <testcase classname="com.jack.task4.Jenner" name="run" time="0.001"/>
  <system-out/>
  <testcase classname="com.jack.task4.Jenner" name="run" time="0.004"/>
  <system-out/>
  <testcase classname="com.jack.task4.Jenner" name="run" time="0.004"/>
  <system-out/>
  <testcase classname="com.jack.task4.Jenner" name="run" time="0.003"/>
  <system-out/>
  <testcase classname="com.jack.task4.Jenner" name="run" time="0.006"/>
  <system-out/>
  <testcase classname="com.jack.task4.Jenner" name="run" time="0.001"/>
  <system-out/>
  <testcase classname="com.jack.task4.Jenner" name="run" time="0.009"/>
  <system-out/>
  <testcase classname="com.jack.task4.Jenner" name="run" time="0.006"/>
  <system-out/>
  <testcase classname="com.jack.task4.Jenner" name="run" time="0.006"/>
  <system-out/>
  <testcase classname="com.jack.task4.Jenner" name="run" time="0.001"/>
  <system-out/>
  <testcase classname="com.jack.task4.Jenner" name="run" time="0.002"/>
  <system-out/>
  <testcase classname="com.jack.task4.Jenner" name="run" time="0.002"/>
  <system-out/>
  <testcase classname="com.jack.task4.Jenner" name="run" time="0.002"/>
  <system-out/>
  <testcase classname="com.jack.task4.Jenner" name="run" time="0.001"/>
  <system-out/>
  <testcase classname="com.jack.task4.Jenner" name="run" time="0.001"/>
  <system-out/>
  <testcase classname="com.jack.task4.Jenner" name="run" time="0.002"/>
  <system-out/>
  <testcase classname="com.jack.task4.Jenner" name="run" time="0.001"/>
  <system-out/>
  <testcase classname="com.jack.task4.Jenner" name="run" time="0.004"/>
  <system-out/>
  <testcase classname="com.jack.task4.Jenner" name="run" time="0.002"/>
  <system-out/>
  <testcase classname="com.jack.task4.Jenner" name="run" time="0.004"/>
  <system-out/>
  <testcase classname="com.jack.task4.Jenner" name="run" time="0.004"/>
  <system-out/>
  <testcase classname="com.jack.task4.Jenner" name="run" time="0.004"/>
  <system-out/>
  <testcase classname="com.jack.task4.Jenner" name="run" time="0.001"/>
  <system-out/>
  <testcase classname="com.jack.task4.Jenner" name="run" time="0.005"/>
  <system-out/>
  <testcase classname="com.jack.task4.Jenner" name="run" time="0.004"/>
  <system-out/>
  <testcase classname="com.jack.task4.Jenner" name="run" time="0.003"/>
  <system-out/>
  <testcase classname="com.jack.task4.Jenner" name="run" time="0.003"/>
  <system-out/>
  <testcase classname="com.jack.task4.Jenner" name="run" time="0.002"/>
  <system-out/>
  <testcase classname="com.jack.task4.Jenner" name="run" time="0.003"/>
  <system-out/>
  <testcase classname="com.jack.task4.Jenner" name="run" time="0.005"/>
  <system-out/>
  <testcase classname="com.jack.task4.Jenner" name="run" time="0.002"/>
  <system-out/>
  <testcase classname="com.jack.task4.Jenner" name="run" time="0.002"/>
  <system-out/>
  <testcase classname="com.jack.task4.Jenner" name="run" time="0.001"/>
  <system-out/>
  <testcase classname="com.jack.task4.Jenner" name="run" time="0.001"/>
  <system-out/>
  <testcase classname="com.jack.task4.Jenner" name="run" time="0.006"/>
  <system-out/>
  <testcase classname="com.jack.task4.Jenner" name="run" time="0.009"/>
  <system-out/>
  <testcase classname="com.jack.task4.Jenner" name="run" time="0.005"/>
  <system-out/>
  <testcase classname="com.jack.task4.Jenner" name="run" time="0.004"/>
  <system-out/>
  <testcase classname="com.jack.task4.Jenner" name="run" time="0.003"/>
  <system-out/>
  <testcase classname="com.jack.task4.Jenner" name="run" time="0.003"/>
  <system-out/>
  <testcase classname="com.jack.task4.Jenner" name="run" time="0.008"/>
  <system-out/>
  <testcase classname="com.jack.task4.Jenner" name="run" time="0.002"/>
  <system-out/>
  <testcase classname="com.jack.task4.Jenner" name="run" time="0.002"/>
  <system-out/>
  <testcase classname="com.jack.task4.Jenner" name="run" time="0.002"/>
  <system-out/>
  <testcase classname="com.jack.task4.Jenner" name="run" time="0.002"/>
  <system-out/>
  <testcase classname="com.jack.task4.Jenner" name="run" time="0.002"/>
  <system-out/>
  <testcase classname="com.jack.task4.Jenner" name="run" time="0.006"/>
  <system-out/>
  <testcase classname="com.jack.task4.Jenner" name="run" time="0.002"/>
  <system-out/>
  <testcase classname="com.jack.task4.Jenner" name="run" time="0.005"/>
  <system-out/>
  <testcase classname="com.jack.task4.Jenner" name="run" time="0.002"/>
  <system-out/>
  <testcase classname="com.jack.task4.Jenner" name="run" time="0.004"/>
  <system-out/>
  <testcase classname="com.jack.task4.Jenner" name="run" time="0.003"/>
  <system-out/>
  <testcase classname="com.jack.task4.Jenner" name="saveList" time="0.046"/>
  <system-out/>
  <testcase classname="com.jack.task4.Jenner" name="run" time="0.002"/>
  <system-out/>
  <testcase classname="com.jack.task4.Jenner" name="run" time="0.004"/>
  <system-out/>
  <testcase classname="com.jack.task4.Jenner" name="run" time="0.002"/>
  <system-out/>
  <testcase classname="com.jack.task4.Jenner" name="run" time="0.005"/>
  <system-out/>
  <testcase classname="com.jack.task4.Jenner" name="run" time="0.002"/>
  <system-out/>
  <testcase classname="com.jack.task4.Jenner" name="run" time="0.004"/>
  <system-out/>
  <testcase classname="com.jack.task4.Jenner" name="run" time="0.006"/>
  <system-out/>
  <testcase classname="com.jack.task4.Jenner" name="run" time="0.002"/>
  <system-out/>
  <testcase classname="com.jack.task4.Jenner" name="run" time="0.003"/>
  <system-out/>
  <testcase classname="com.jack.task4.Jenner" name="run" time="0.004"/>
  <system-out/>
  <testcase classname="com.jack.task4.Jenner" name="run" time="0.005"/>
  <system-out/>
  <testcase classname="com.jack.task4.Jenner" name="run" time="0.016"/>
  <system-out/>
  <testcase classname="com.jack.task4.Jenner" name="run" time="0.005"/>
  <system-out/>
  <testcase classname="com.jack.task4.Jenner" name="run" time="0.003"/>
  <system-out/>
  <testcase classname="com.jack.task4.Jenner" name="run" time="0.005"/>
  <system-out/>
  <testcase classname="com.jack.task4.Jenner" name="run" time="0.002"/>
  <system-out/>
  <testcase classname="com.jack.task4.Jenner" name="run" time="0.002"/>
  <system-out/>
  <testcase classname="com.jack.task4.Jenner" name="run" time="0.004"/>
  <system-out/>
  <testcase classname="com.jack.task4.Jenner" name="run" time="0.008"/>
  <system-out/>
  <testcase classname="com.jack.task4.Jenner" name="run" time="0.006"/>
  <system-out/>
  <testcase classname="com.jack.task4.Jenner" name="run" time="0.002"/>
  <system-out/>
  <testcase classname="com.jack.task4.Jenner" name="run" time="0.004"/>
  <system-out/>
  <testcase classname="com.jack.task4.Jenner" name="run" time="0.007"/>
  <system-out/>
  <testcase classname="com.jack.task4.Jenner" name="run" time="0.008"/>
  <system-out/>
  <testcase classname="com.jack.task4.Jenner" name="run" time="0.007"/>
  <system-out/>
  <testcase classname="com.jack.task4.Jenner" name="run" time="0.005"/>
  <system-out/>
  <testcase classname="com.jack.task4.Jenner" name="run" time="0.003"/>
  <system-out/>
  <testcase classname="com.jack.task4.Jenner" name="run" time="0.004"/>
  <system-out/>
  <testcase classname="com.jack.task4.Jenner" name="run" time="0.001"/>
  <system-out/>
  <testcase classname="com.jack.task4.Jenner" name="run" time="0.005"/>
  <system-out/>
  <testcase classname="com.jack.task4.Jenner" name="run" time="0.002"/>
  <system-out/>
  <testcase classname="com.jack.task4.Jenner" name="run" time="0.003"/>
  <system-out/>
  <testcase classname="com.jack.task4.Jenner" name="run" time="0.005"/>
  <system-out/>
  <testcase classname="com.jack.task4.Jenner" name="run" time="0.002"/>
  <system-out/>
  <testcase classname="com.jack.task4.Jenner" name="run" time="0.006"/>
  <system-out/>
  <testcase classname="com.jack.task4.Jenner" name="run" time="0.001"/>
  <system-out/>
  <testcase classname="com.jack.task4.Jenner" name="run" time="0.001"/>
  <system-out/>
  <testcase classname="com.jack.task4.Jenner" name="run" time="0.001"/>
  <system-out/>
  <testcase classname="com.jack.task4.Jenner" name="run" time="0.006"/>
  <system-out/>
  <testcase classname="com.jack.task4.Jenner" name="run" time="0.002"/>
  <system-out/>
  <testcase classname="com.jack.task4.Jenner" name="run" time="0.005"/>
  <system-out/>
  <testcase classname="com.jack.task4.Jenner" name="run" time="0.003"/>
  <system-out/>
  <testcase classname="com.jack.task4.Jenner" name="run" time="0.001"/>
  <system-out/>
  <testcase classname="com.jack.task4.Jenner" name="run" time="0.003"/>
  <system-out/>
  <testcase classname="com.jack.task4.Jenner" name="run" time="0.005"/>
  <system-out/>
  <testcase classname="com.jack.task4.Jenner" name="run" time="0.005"/>
  <system-out/>
  <testcase classname="com.jack.task4.Jenner" name="run" time="0.003"/>
  <system-out/>
  <testcase classname="com.jack.task4.Jenner" name="run" time="0.002"/>
  <system-out/>
  <testcase classname="com.jack.task4.Jenner" name="run" time="0.003"/>
  <system-out/>
  <testcase classname="com.jack.task4.Jenner" name="run" time="0.008"/>
  <system-out/>
  <testcase classname="com.jack.task4.Jenner" name="run" time="0.002"/>
  <system-out/>
  <testcase classname="com.jack.task4.Jenner" name="run" time="0.004"/>
  <system-out/>
  <testcase classname="com.jack.task4.Jenner" name="run" time="0.004"/>
  <system-out/>
  <testcase classname="com.jack.task4.Jenner" name="run" time="0.002"/>
  <system-out/>
  <testcase classname="com.jack.task4.Jenner" name="run" time="0.001"/>
  <system-out/>
  <testcase classname="com.jack.task4.Jenner" name="run" time="0.003"/>
  <system-out/>
  <testcase classname="com.jack.task4.Jenner" name="run" time="0.002"/>
  <system-out/>
  <testcase classname="com.jack.task4.Jenner" name="run" time="0.004"/>
  <system-out/>
  <testcase classname="com.jack.task4.Jenner" name="run" time="0.002"/>
  <system-out/>
  <testcase classname="com.jack.task4.Jenner" name="run" time="0.004"/>
  <system-out/>
  <testcase classname="com.jack.task4.Jenner" name="run" time="0.003"/>
  <system-out/>
  <testcase classname="com.jack.task4.Jenner" name="run" time="0.003"/>
  <system-out/>
  <testcase classname="com.jack.task4.Jenner" name="run" time="0.002"/>
  <system-out/>
  <testcase classname="com.jack.task4.Jenner" name="run" time="0.004"/>
  <system-out/>
  <testcase classname="com.jack.task4.Jenner" name="run" time="0.005"/>
  <system-out/>
  <testcase classname="com.jack.task4.Jenner" name="run" time="0.005"/>
  <system-out/>
  <testcase classname="com.jack.task4.Jenner" name="run" time="0.003"/>
  <system-out/>
  <testcase classname="com.jack.task4.Jenner" name="run" time="0.002"/>
  <system-out/>
  <testcase classname="com.jack.task4.Jenner" name="run" time="0.002"/>
  <system-out/>
  <testcase classname="com.jack.task4.Jenner" name="run" time="0.003"/>
  <system-out/>
  <testcase classname="com.jack.task4.Jenner" name="run" time="0.002"/>
  <system-out/>
  <testcase classname="com.jack.task4.Jenner" name="run" time="0.003"/>
  <system-out/>
  <testcase classname="com.jack.task4.Jenner" name="run" time="0.001"/>
  <system-out/>
  <testcase classname="com.jack.task4.Jenner" name="run" time="0.002"/>
  <system-out/>
  <testcase classname="com.jack.task4.Jenner" name="run" time="0.003"/>
  <system-out/>
  <testcase classname="com.jack.task4.Jenner" name="run" time="0.003"/>
  <system-out/>
  <testcase classname="com.jack.task4.Jenner" name="run" time="0.002"/>
  <system-out/>
  <testcase classname="com.jack.task4.Jenner" name="run" time="0.003"/>
  <system-out/>
  <testcase classname="com.jack.task4.Jenner" name="run" time="0.003"/>
  <system-out/>
  <testcase classname="com.jack.task4.Jenner" name="run" time="0.001"/>
  <system-out/>
  <testcase classname="com.jack.task4.Jenner" name="run" time="0.003"/>
  <system-out/>
  <testcase classname="com.jack.task4.Jenner" name="run" time="0.002"/>
  <system-out/>
  <testcase classname="com.jack.task4.Jenner" name="run" time="0.003"/>
  <system-out/>
  <testcase classname="com.jack.task4.Jenner" name="run" time="0.001"/>
  <system-out/>
  <testcase classname="com.jack.task4.Jenner" name="run" time="0.004"/>
  <system-out/>
  <testcase classname="com.jack.task4.Jenner" name="run" time="0.003"/>
  <system-out/>
  <testcase classname="com.jack.task4.Jenner" name="run" time="0.003"/>
  <system-out/>
  <testcase classname="com.jack.task4.Jenner" name="run" time="0.002"/>
  <system-out/>
  <testcase classname="com.jack.task4.Jenner" name="run" time="0.002"/>
  <system-out/>
  <testcase classname="com.jack.task4.Jenner" name="run" time="0.007"/>
  <system-out/>
  <testcase classname="com.jack.task4.Jenner" name="run" time="0.005"/>
  <system-out/>
  <testcase classname="com.jack.task4.Jenner" name="run" time="0.003"/>
  <system-out/>
  <testcase classname="com.jack.task4.Jenner" name="run" time="0.004"/>
  <system-out/>
  <testcase classname="com.jack.task4.Jenner" name="run" time="0.001"/>
  <system-out/>
  <testcase classname="com.jack.task4.Jenner" name="run" time="0.006"/>
  <system-out/>
  <testcase classname="com.jack.task4.Jenner" name="run" time="0.002"/>
  <system-out/>
  <testcase classname="com.jack.task4.Jenner" name="run" time="0.009"/>
  <system-out/>
  <testcase classname="com.jack.task4.Jenner" name="run" time="0.001"/>
  <system-out/>
  <testcase classname="com.jack.task4.Jenner" name="run" time="0.002"/>
  <system-out/>
  <testcase classname="com.jack.task4.Jenner" name="run" time="0.003"/>
  <system-out/>
  <testcase classname="com.jack.task4.Jenner" name="run" time="0.001"/>
  <system-out/>
  <testcase classname="com.jack.task4.Jenner" name="run" time="0.003"/>
  <system-out/>
  <testcase classname="com.jack.task4.Jenner" name="run" time="0.003"/>
  <system-out/>
  <testcase classname="com.jack.task4.Jenner" name="run" time="0.002"/>
  <system-out/>
  <testcase classname="com.jack.task4.Jenner" name="run" time="0.003"/>
  <system-out/>
  <testcase classname="com.jack.task4.Jenner" name="run" time="0.002"/>
  <system-out/>
  <testcase classname="com.jack.task4.Jenner" name="run" time="0.001"/>
  <system-out/>
  <testcase classname="com.jack.task4.Jenner" name="run" time="0.005"/>
  <system-out/>
  <testcase classname="com.jack.task4.Jenner" name="run" time="0.002"/>
  <system-out/>
  <testcase classname="com.jack.task4.Jenner" name="run" time="0.004"/>
  <system-out/>
  <testcase classname="com.jack.task4.Jenner" name="run" time="0.002"/>
  <system-out/>
  <testcase classname="com.jack.task4.Jenner" name="run" time="0.003"/>
  <system-out/>
  <testcase classname="com.jack.task4.Jenner" name="run" time="0.002"/>
  <system-out/>
  <testcase classname="com.jack.task4.Jenner" name="run" time="0.003"/>
  <system-out/>
  <testcase classname="com.jack.task4.Jenner" name="run" time="0.005"/>
  <system-out/>
  <testcase classname="com.jack.task4.Jenner" name="run" time="0.003"/>
  <system-out/>
  <testcase classname="com.jack.task4.Jenner" name="run" time="0.008"/>
  <system-out/>
  <testcase classname="com.jack.task4.Jenner" name="run" time="0.001"/>
  <system-out/>
  <testcase classname="com.jack.task4.Jenner" name="run" time="0.002"/>
  <system-out/>
  <testcase classname="com.jack.task4.Jenner" name="run" time="0.003"/>
  <system-out/>
  <testcase classname="com.jack.task4.Jenner" name="run" time="0.005"/>
  <system-out/>
  <testcase classname="com.jack.task4.Jenner" name="run" time="0.002"/>
  <system-out/>
  <testcase classname="com.jack.task4.Jenner" name="run" time="0.002"/>
  <system-out/>
  <testcase classname="com.jack.task4.Jenner" name="run" time="0.003"/>
  <system-out/>
  <testcase classname="com.jack.task4.Jenner" name="run" time="0.002"/>
  <system-out/>
  <testcase classname="com.jack.task4.Jenner" name="run" time="0.004"/>
  <system-out/>
  <testcase classname="com.jack.task4.Jenner" name="run" time="0.002"/>
  <system-out/>
  <testcase classname="com.jack.task4.Jenner" name="run" time="0.002"/>
  <system-out/>
  <testcase classname="com.jack.task4.Jenner" name="run" time="0.005"/>
  <system-out/>
  <testcase classname="com.jack.task4.Jenner" name="run" time="0.002"/>
  <system-out/>
  <testcase classname="com.jack.task4.Jenner" name="run" time="0.002"/>
  <system-out/>
  <testcase classname="com.jack.task4.Jenner" name="run" time="0.001"/>
  <system-out/>
  <testcase classname="com.jack.task4.Jenner" name="run" time="0.003"/>
  <system-out/>
  <testcase classname="com.jack.task4.Jenner" name="run" time="0.011"/>
  <system-out/>
  <testcase classname="com.jack.task4.Jenner" name="run" time="0.001"/>
  <system-out/>
  <testcase classname="com.jack.task4.Jenner" name="run" time="0.002"/>
  <system-out/>
  <testcase classname="com.jack.task4.Jenner" name="run" time="0.008"/>
  <system-out/>
  <testcase classname="com.jack.task4.Jenner" name="run" time="0.004"/>
  <system-out/>
  <testcase classname="com.jack.task4.Jenner" name="run" time="0.009"/>
  <system-out/>
  <testcase classname="com.jack.task4.Jenner" name="run" time="0.006"/>
  <system-out/>
  <testcase classname="com.jack.task4.Jenner" name="run" time="0.004"/>
  <system-out/>
  <testcase classname="com.jack.task4.Jenner" name="run" time="0.005"/>
  <system-out/>
  <testcase classname="com.jack.task4.Jenner" name="run" time="0.002"/>
  <system-out/>
  <testcase classname="com.jack.task4.Jenner" name="run" time="0.003"/>
  <system-out/>
  <testcase classname="com.jack.task4.Jenner" name="run" time="0.002"/>
  <system-out/>
  <testcase classname="com.jack.task4.Jenner" name="run" time="0.002"/>
  <system-out/>
  <testcase classname="com.jack.task4.Jenner" name="run" time="0.002"/>
  <system-out/>
  <testcase classname="com.jack.task4.Jenner" name="run" time="0.002"/>
  <system-out/>
  <testcase classname="com.jack.task4.Jenner" name="run" time="0.019"/>
  <system-out/>
  <testcase classname="com.jack.task4.Jenner" name="run" time="0.002"/>
  <system-out/>
  <testcase classname="com.jack.task4.Jenner" name="run" time="0.001"/>
  <system-out/>
  <testcase classname="com.jack.task4.Jenner" name="run" time="0.002"/>
  <system-out/>
  <testcase classname="com.jack.task4.Jenner" name="run" time="0.002"/>
  <system-out/>
  <testcase classname="com.jack.task4.Jenner" name="run" time="0.002"/>
  <system-out/>
  <testcase classname="com.jack.task4.Jenner" name="run" time="0.015"/>
  <system-out/>
  <testcase classname="com.jack.task4.Jenner" name="run" time="0.002"/>
  <system-out/>
  <testcase classname="com.jack.task4.Jenner" name="run" time="0.004"/>
  <system-out/>
  <testcase classname="com.jack.task4.Jenner" name="run" time="0.002"/>
  <system-out/>
  <testcase classname="com.jack.task4.Jenner" name="run" time="0.001"/>
  <system-out/>
  <testcase classname="com.jack.task4.Jenner" name="run" time="0.011"/>
  <system-out/>
  <testcase classname="com.jack.task4.Jenner" name="run" time="0.006"/>
  <system-out/>
  <testcase classname="com.jack.task4.Jenner" name="run" time="0.003"/>
  <system-out/>
  <testcase classname="com.jack.task4.Jenner" name="run" time="0.002"/>
  <system-out/>
  <testcase classname="com.jack.task4.Jenner" name="run" time="0.002"/>
  <system-out/>
  <testcase classname="com.jack.task4.Jenner" name="run" time="0.009"/>
  <system-out/>
  <testcase classname="com.jack.task4.Jenner" name="run" time="0.002"/>
  <system-out/>
  <testcase classname="com.jack.task4.Jenner" name="run" time="0.008"/>
  <system-out/>
  <testcase classname="com.jack.task4.Jenner" name="run" time="0.003"/>
  <system-out/>
  <testcase classname="com.jack.task4.Jenner" name="run" time="0.002"/>
  <system-out/>
  <testcase classname="com.jack.task4.Jenner" name="run" time="0.005"/>
  <system-out/>
  <testcase classname="com.jack.task4.Jenner" name="run" time="0.004"/>
  <system-out/>
  <testcase classname="com.jack.task4.Jenner" name="run" time="0.002"/>
  <system-out/>
  <testcase classname="com.jack.task4.Jenner" name="run" time="0.002"/>
  <system-out/>
  <testcase classname="com.jack.task4.Jenner" name="run" time="0.002"/>
  <system-out/>
  <testcase classname="com.jack.task4.Jenner" name="run" time="0.003"/>
  <system-out/>
  <testcase classname="com.jack.task4.Jenner" name="run" time="0.012"/>
  <system-out/>
  <testcase classname="com.jack.task4.Jenner" name="run" time="0.006"/>
  <system-out/>
  <testcase classname="com.jack.task4.Jenner" name="run" time="0.003"/>
  <system-out/>
  <testcase classname="com.jack.task4.Jenner" name="run" time="0.001"/>
  <system-out/>
  <testcase classname="com.jack.task4.Jenner" name="run" time="0.002"/>
  <system-out/>
  <testcase classname="com.jack.task4.Jenner" name="run" time="0.006"/>
  <system-out/>
  <testcase classname="com.jack.task4.Jenner" name="run" time="0.002"/>
  <system-out/>
  <testcase classname="com.jack.task4.Jenner" name="run" time="0.011"/>
  <system-out/>
  <testcase classname="com.jack.task4.Jenner" name="run" time="0.005"/>
  <system-out/>
  <testcase classname="com.jack.task4.Jenner" name="run" time="0.002"/>
  <system-out/>
  <testcase classname="com.jack.task4.Jenner" name="run" time="0.005"/>
  <system-out/>
  <testcase classname="com.jack.task4.Jenner" name="run" time="0.002"/>
  <system-out/>
  <testcase classname="com.jack.task4.Jenner" name="run" time="0.003"/>
  <system-out/>
  <testcase classname="com.jack.task4.Jenner" name="run" time="0.002"/>
  <system-out/>
  <testcase classname="com.jack.task4.Jenner" name="run" time="0.006"/>
  <system-out/>
  <testcase classname="com.jack.task4.Jenner" name="run" time="0.008"/>
  <system-out/>
  <testcase classname="com.jack.task4.Jenner" name="run" time="0.005"/>
  <system-out/>
  <testcase classname="com.jack.task4.Jenner" name="run" time="0.002"/>
  <system-out/>
  <testcase classname="com.jack.task4.Jenner" name="run" time="0.002"/>
  <system-out/>
  <testcase classname="com.jack.task4.Jenner" name="run" time="0.006"/>
  <system-out/>
  <testcase classname="com.jack.task4.Jenner" name="run" time="0.002"/>
  <system-out/>
  <testcase classname="com.jack.task4.Jenner" name="run" time="0.001"/>
  <system-out/>
  <testcase classname="com.jack.task4.Jenner" name="run" time="0.005"/>
  <system-out/>
  <testcase classname="com.jack.task4.Jenner" name="run" time="0.003"/>
  <system-out/>
  <testcase classname="com.jack.task4.Jenner" name="run" time="0.002"/>
  <system-out/>
  <testcase classname="com.jack.task4.Jenner" name="run" time="0.007"/>
  <system-out/>
  <testcase classname="com.jack.task4.Jenner" name="run" time="0.003"/>
  <system-out/>
  <testcase classname="com.jack.task4.Jenner" name="run" time="0.005"/>
  <system-out/>
  <testcase classname="com.jack.task4.Jenner" name="run" time="0.002"/>
  <system-out/>
  <testcase classname="com.jack.task4.Jenner" name="run" time="0.002"/>
  <system-out/>
  <testcase classname="com.jack.task4.Jenner" name="run" time="0.004"/>
  <system-out/>
  <testcase classname="com.jack.task4.Jenner" name="run" time="0.000"/>
  <system-out/>
  <testcase classname="com.jack.task4.Jenner" name="run" time="0.002"/>
  <system-out/>
  <testcase classname="com.jack.task4.Jenner" name="run" time="0.001"/>
  <system-out/>
  <testcase classname="com.jack.task4.Jenner" name="run" time="0.003"/>
  <system-out/>
  <testcase classname="com.jack.task4.Jenner" name="run" time="0.008"/>
  <system-out/>
  <testcase classname="com.jack.task4.Jenner" name="run" time="0.006"/>
  <system-out/>
  <testcase classname="com.jack.task4.Jenner" name="run" time="0.002"/>
  <system-out/>
  <testcase classname="com.jack.task4.Jenner" name="run" time="0.003"/>
  <system-out/>
  <testcase classname="com.jack.task4.Jenner" name="run" time="0.009"/>
  <system-out/>
  <testcase classname="com.jack.task4.Jenner" name="run" time="0.006"/>
  <system-out/>
  <testcase classname="com.jack.task4.Jenner" name="run" time="0.002"/>
  <system-out/>
</testsuite> <!-- com.jack.task4.Jenner -->
