<?xml version="1.0" encoding="UTF-8"?>
<!-- Generated by org.testng.reporters.JUnitReportReporter -->
<testsuite hostname="DESKTOP-3DLKC1S" failures="0" tests="6" name="com.jack.task2.Paulhastings" time="11.946" errors="0" timestamp="2023-02-26T22:58:05 BDT" skipped="0">
  <testcase classname="com.jack.task2.Paulhastings" name="run" time="2.881"/>
  <system-out/>
  <testcase classname="com.jack.task2.Paulhastings" name="testx" time="0.000"/>
  <system-out/>
  <testcase classname="com.jack.task2.Paulhastings" name="run" time="3.131"/>
  <system-out/>
  <testcase classname="com.jack.task2.Paulhastings" name="run" time="3.385"/>
  <system-out/>
  <testcase classname="com.jack.task2.Paulhastings" name="run" time="2.519"/>
  <system-out/>
  <testcase classname="com.jack.task2.Paulhastings" name="saveList" time="0.030"/>
  <system-out/>
</testsuite> <!-- com.jack.task2.Paulhastings -->
