<?xml version="1.0" encoding="UTF-8"?>
<!-- Generated by org.testng.reporters.JUnitReportReporter -->
<testsuite hostname="DESKTOP-3DLKC1S" failures="0" tests="8" name="com.jack.task3.Faegredrinker" time="19.802" errors="0" timestamp="2023-03-21T12:21:34 BDT" skipped="0">
  <testcase classname="com.jack.task3.Faegredrinker" name="run" time="3.925"/>
  <system-out/>
  <testcase classname="com.jack.task3.Faegredrinker" name="run" time="2.671"/>
  <system-out/>
  <testcase classname="com.jack.task3.Faegredrinker" name="run" time="2.594"/>
  <system-out/>
  <testcase classname="com.jack.task3.Faegredrinker" name="run" time="3.750"/>
  <system-out/>
  <testcase classname="com.jack.task3.Faegredrinker" name="testx" time="0.001"/>
  <system-out/>
  <testcase classname="com.jack.task3.Faegredrinker" name="run" time="3.031"/>
  <system-out/>
  <testcase classname="com.jack.task3.Faegredrinker" name="run" time="3.645"/>
  <system-out/>
  <testcase classname="com.jack.task3.Faegredrinker" name="saveList" time="0.185"/>
  <system-out/>
</testsuite> <!-- com.jack.task3.Faegredrinker -->
