<?xml version="1.0" encoding="UTF-8"?>
<!-- Generated by org.testng.reporters.JUnitReportReporter -->
<testsuite hostname="DESKTOP-3DLKC1S" failures="0" tests="1" name="com.jack.LinkScrap.NextPage" time="301.101" errors="0" timestamp="2023-04-13T11:54:39 BDT" skipped="0">
  <testcase classname="com.jack.LinkScrap.NextPage" name="testx" time="301.101"/>
  <system-out/>
</testsuite> <!-- com.jack.LinkScrap.NextPage -->
