<?xml version="1.0" encoding="UTF-8"?>
<!-- Generated by org.testng.reporters.JUnitReportReporter -->
<testsuite hostname="DESKTOP-3DLKC1S" failures="0" tests="9" name="com.jack.task2.Whitecase" time="55.032" errors="0" timestamp="2023-03-03T17:59:28 BDT" skipped="0">
  <testcase classname="com.jack.task2.Whitecase" name="run" time="26.596"/>
  <system-out/>
  <testcase classname="com.jack.task2.Whitecase" name="run" time="4.487"/>
  <system-out/>
  <testcase classname="com.jack.task2.Whitecase" name="run" time="5.322"/>
  <system-out/>
  <testcase classname="com.jack.task2.Whitecase" name="run" time="4.079"/>
  <system-out/>
  <testcase classname="com.jack.task2.Whitecase" name="run" time="5.000"/>
  <system-out/>
  <testcase classname="com.jack.task2.Whitecase" name="saveList" time="0.031"/>
  <system-out/>
  <testcase classname="com.jack.task2.Whitecase" name="run" time="4.433"/>
  <system-out/>
  <testcase classname="com.jack.task2.Whitecase" name="run" time="5.083"/>
  <system-out/>
  <testcase classname="com.jack.task2.Whitecase" name="testx" time="0.001"/>
  <system-out/>
</testsuite> <!-- com.jack.task2.Whitecase -->
