<?xml version="1.0" encoding="UTF-8"?>
<!-- Generated by org.testng.reporters.JUnitReportReporter -->
<testsuite hostname="DESKTOP-3DLKC1S" failures="0" tests="7" name="com.jack.task4.Foxrothschild" time="12.477" errors="5" timestamp="2023-04-03T13:39:39 BDT" skipped="0">
  <testcase classname="com.jack.task4.Foxrothschild" name="saveList" time="0.010"/>
  <system-out/>
  <testcase classname="com.jack.task4.Foxrothschild" name="run" time="2.235">
    <error message="The supplied URL, &#039;&lt;?xml version=&quot;1.0&quot; encoding=&quot;UTF-8&quot;?&gt;
&lt;html lang=&quot;en&quot;&gt;
  &lt;head&gt;
    &lt;meta charset=&quot;utf-8&quot;/&gt;
    &lt;meta name=&quot;viewport&quot; content=&quot;width=device-width,initial-scale=1,shrink-to-fit=no&quot;/&gt;
    &lt;title&gt;
      Fox Rothschild LLP — Attorneys at Law
    &lt;/title&gt;
    &lt;link rel=&quot;shortcut icon&quot; href=&quot;https://d372nmlv8kweuj.cloudfront.net/fox/favicon.ico&quot; type=&quot;image/x-icon&quot;/&gt;
    &lt;style&gt;
      a,abbr,acronym,address,applet,article,aside,audio,b,big,blockquote,body,canvas,caption,center,cite,code,dd,del,details,dfn,div,dl,dt,em,embed,fieldset,figcaption,figure,footer,form,h1,h2,h3,h4,h5,h6,header,hgroup,html,i,iframe,img,ins,kbd,label,legend,li,mark,menu,nav,object,ol,output,p,pre,q,ruby,s,samp,section,small,span,strike,strong,sub,summary,sup,table,tbody,td,tfoot,th,thead,time,tr,tt,u,ul,var,video{margin:0;padding:0;border:0;font:inherit;vertical-align:baseline}body{overflow-x:hidden!important}
    &lt;/style&gt;
    &lt;link href=&quot;/static/css/main.7e9bafcc.chunk.css&quot; rel=&quot;stylesheet&quot;/&gt;
  &lt;/head&gt;
  &lt;body&gt;
    &lt;noscript&gt;
      You need to enable JavaScript to run this app.
    &lt;/noscript&gt;
    &lt;div id=&quot;root&quot;&gt;
    &lt;/div&gt;
    &lt;script type=&quot;text/javascript&quot; async=&quot;&quot; src=&quot;//siteimproveanalytics.com/js/siteanalyze_61283387.js&quot;&gt;
    &lt;/script&gt;
    &lt;script type=&quot;text/javascript&quot;&gt;
//&lt;![CDATA[
!function(){var e=document.createElement(&quot;script&quot;);e.type=&quot;text/javascript&quot;,e.async=!0,e.src=&quot;//siteimproveanalytics.com/js/siteanalyze_61283387.js&quot;;var t=document.getElementsByTagName(&quot;script&quot;)[0];t.parentNode.insertBefore(e,t)}()
//]]&gt;
    &lt;/script&gt;
    &lt;script type=&quot;text/javascript&quot;&gt;
//&lt;![CDATA[
-1!==navigator.userAgent.indexOf(&quot;prerender&quot;)&amp;&amp;(window.SC_DISABLE_SPEEDY=!0)
//]]&gt;
    &lt;/script&gt;
    &lt;script type=&quot;text/javascript&quot;&gt;
//&lt;![CDATA[
!function(e){function r(r){for(var n,a,i=r[0],l=r[1],f=r[2],c=0,s=[];c&lt;i.length;c++)a=i[c],Object.prototype.hasOwnProperty.call(o,a)&amp;&amp;o[a]&amp;&amp;s.push(o[a][0]),o[a]=0;for(n in l)Object.prototype.hasOwnProperty.call(l,n)&amp;&amp;(e[n]=l[n]);for(p&amp;&amp;p(r);s.length;)s.shift()();return u.push.apply(u,f||[]),t()}function t(){for(var e,r=0;r&lt;u.length;r++){for(var t=u[r],n=!0,i=1;i&lt;t.length;i++){var l=t[i];0!==o[l]&amp;&amp;(n=!1)}n&amp;&amp;(u.splice(r--,1),e=a(a.s=t[0]))}return e}var n={},o={1:0},u=[];function a(r){if(n[r])return n[r].exports;var t=n[r]={i:r,l:!1,exports:{}};return e[r].call(t.exports,t,t.exports,a),t.l=!0,t.exports}a.m=e,a.c=n,a.d=function(e,r,t){a.o(e,r)||Object.defineProperty(e,r,{enumerable:!0,get:t})},a.r=function(e){&quot;undefined&quot;!=typeof Symbol&amp;&amp;Symbol.toStringTag&amp;&amp;Object.defineProperty(e,Symbol.toStringTag,{value:&quot;Module&quot;}),Object.defineProperty(e,&quot;__esModule&quot;,{value:!0})},a.t=function(e,r){if(1&amp;r&amp;&amp;(e=a(e)),8&amp;r)return e;if(4&amp;r&amp;&amp;&quot;object&quot;==typeof e&amp;&amp;e&amp;&amp;e.__esModule)return e;var t=Object.create(null);if(a.r(t),Object.defineProperty(t,&quot;default&quot;,{enumerable:!0,value:e}),2&amp;r&amp;&amp;&quot;string&quot;!=typeof e)for(var n in e)a.d(t,n,function(r){return e[r]}.bind(null,n));return t},a.n=function(e){var r=e&amp;&amp;e.__esModule?function(){return e.default}:function(){return e};return a.d(r,&quot;a&quot;,r),r},a.o=function(e,r){return Object.prototype.hasOwnProperty.call(e,r)},a.p=&quot;/&quot;;var i=this.webpackJsonprainmaker5=this.webpackJsonprainmaker5||[],l=i.push.bind(i);i.push=r,i=i.slice();for(var f=0;f&lt;i.length;f++)r(i[f]);var p=l;t()}([])
//]]&gt;
    &lt;/script&gt;
    &lt;script src=&quot;/static/js/2.db616958.chunk.js&quot; type=&quot;text/javascript&quot;&gt;
    &lt;/script&gt;
    &lt;script src=&quot;/static/js/main.3b608c6c.chunk.js&quot; type=&quot;text/javascript&quot;&gt;
    &lt;/script&gt;
  &lt;/body&gt;
&lt;/html&gt;
&#039;, is malformed. Make sure it is an absolute URL, and starts with &#039;http://&#039; or &#039;https://&#039;. See https://jsoup.org/cookbook/extracting-data/working-with-urls" type="java.lang.IllegalArgumentException">
      <![CDATA[java.lang.IllegalArgumentException: The supplied URL, '<?xml version="1.0" encoding="UTF-8"?>
<html lang="en">
  <head>
    <meta charset="utf-8"/>
    <meta name="viewport" content="width=device-width,initial-scale=1,shrink-to-fit=no"/>
    <title>
      Fox Rothschild LLP — Attorneys at Law
    </title>
    <link rel="shortcut icon" href="https://d372nmlv8kweuj.cloudfront.net/fox/favicon.ico" type="image/x-icon"/>
    <style>
      a,abbr,acronym,address,applet,article,aside,audio,b,big,blockquote,body,canvas,caption,center,cite,code,dd,del,details,dfn,div,dl,dt,em,embed,fieldset,figcaption,figure,footer,form,h1,h2,h3,h4,h5,h6,header,hgroup,html,i,iframe,img,ins,kbd,label,legend,li,mark,menu,nav,object,ol,output,p,pre,q,ruby,s,samp,section,small,span,strike,strong,sub,summary,sup,table,tbody,td,tfoot,th,thead,time,tr,tt,u,ul,var,video{margin:0;padding:0;border:0;font:inherit;vertical-align:baseline}body{overflow-x:hidden!important}
    </style>
    <link href="/static/css/main.7e9bafcc.chunk.css" rel="stylesheet"/>
  </head>
  <body>
    <noscript>
      You need to enable JavaScript to run this app.
    </noscript>
    <div id="root">
    </div>
    <script type="text/javascript" async="" src="//siteimproveanalytics.com/js/siteanalyze_61283387.js">
    </script>
    <script type="text/javascript">
//<![CDATA[
!function(){var e=document.createElement("script");e.type="text/javascript",e.async=!0,e.src="//siteimproveanalytics.com/js/siteanalyze_61283387.js";var t=document.getElementsByTagName("script")[0];t.parentNode.insertBefore(e,t)}()
//]]]]><![CDATA[>
    </script>
    <script type="text/javascript">
//<![CDATA[
-1!==navigator.userAgent.indexOf("prerender")&&(window.SC_DISABLE_SPEEDY=!0)
//]]]]><![CDATA[>
    </script>
    <script type="text/javascript">
//<![CDATA[
!function(e){function r(r){for(var n,a,i=r[0],l=r[1],f=r[2],c=0,s=[];c<i.length;c++)a=i[c],Object.prototype.hasOwnProperty.call(o,a)&&o[a]&&s.push(o[a][0]),o[a]=0;for(n in l)Object.prototype.hasOwnProperty.call(l,n)&&(e[n]=l[n]);for(p&&p(r);s.length;)s.shift()();return u.push.apply(u,f||[]),t()}function t(){for(var e,r=0;r<u.length;r++){for(var t=u[r],n=!0,i=1;i<t.length;i++){var l=t[i];0!==o[l]&&(n=!1)}n&&(u.splice(r--,1),e=a(a.s=t[0]))}return e}var n={},o={1:0},u=[];function a(r){if(n[r])return n[r].exports;var t=n[r]={i:r,l:!1,exports:{}};return e[r].call(t.exports,t,t.exports,a),t.l=!0,t.exports}a.m=e,a.c=n,a.d=function(e,r,t){a.o(e,r)||Object.defineProperty(e,r,{enumerable:!0,get:t})},a.r=function(e){"undefined"!=typeof Symbol&&Symbol.toStringTag&&Object.defineProperty(e,Symbol.toStringTag,{value:"Module"}),Object.defineProperty(e,"__esModule",{value:!0})},a.t=function(e,r){if(1&r&&(e=a(e)),8&r)return e;if(4&r&&"object"==typeof e&&e&&e.__esModule)return e;var t=Object.create(null);if(a.r(t),Object.defineProperty(t,"default",{enumerable:!0,value:e}),2&r&&"string"!=typeof e)for(var n in e)a.d(t,n,function(r){return e[r]}.bind(null,n));return t},a.n=function(e){var r=e&&e.__esModule?function(){return e.default}:function(){return e};return a.d(r,"a",r),r},a.o=function(e,r){return Object.prototype.hasOwnProperty.call(e,r)},a.p="/";var i=this.webpackJsonprainmaker5=this.webpackJsonprainmaker5||[],l=i.push.bind(i);i.push=r,i=i.slice();for(var f=0;f<i.length;f++)r(i[f]);var p=l;t()}([])
//]]]]><![CDATA[>
    </script>
    <script src="/static/js/2.db616958.chunk.js" type="text/javascript">
    </script>
    <script src="/static/js/main.3b608c6c.chunk.js" type="text/javascript">
    </script>
  </body>
</html>
', is malformed. Make sure it is an absolute URL, and starts with 'http://' or 'https://'. See https://jsoup.org/cookbook/extracting-data/working-with-urls
at org.jsoup.helper.HttpConnection.url(HttpConnection.java:185)
at org.jsoup.helper.HttpConnection.connect(HttpConnection.java:81)
at org.jsoup.Jsoup.connect(Jsoup.java:94)
at com.jack.task4.Foxrothschild.run(Foxrothschild.java:53)
at java.base/jdk.internal.reflect.NativeMethodAccessorImpl.invoke0(Native Method)
at java.base/jdk.internal.reflect.NativeMethodAccessorImpl.invoke(NativeMethodAccessorImpl.java:62)
at java.base/jdk.internal.reflect.DelegatingMethodAccessorImpl.invoke(DelegatingMethodAccessorImpl.java:43)
at java.base/java.lang.reflect.Method.invoke(Method.java:566)
at org.testng.internal.invokers.MethodInvocationHelper.invokeMethod(MethodInvocationHelper.java:139)
at org.testng.internal.invokers.TestInvoker.invokeMethod(TestInvoker.java:677)
at org.testng.internal.invokers.TestInvoker.invokeTestMethod(TestInvoker.java:221)
at org.testng.internal.invokers.MethodRunner.runInSequence(MethodRunner.java:50)
at org.testng.internal.invokers.TestInvoker$MethodInvocationAgent.invoke(TestInvoker.java:969)
at org.testng.internal.invokers.TestInvoker.invokeTestMethods(TestInvoker.java:194)
at org.testng.internal.invokers.TestMethodWorker.invokeTestMethods(TestMethodWorker.java:148)
at org.testng.internal.invokers.TestMethodWorker.run(TestMethodWorker.java:128)
at java.base/java.util.ArrayList.forEach(ArrayList.java:1541)
at org.testng.TestRunner.privateRun(TestRunner.java:829)
at org.testng.TestRunner.run(TestRunner.java:602)
at org.testng.SuiteRunner.runTest(SuiteRunner.java:437)
at org.testng.SuiteRunner.runSequentially(SuiteRunner.java:431)
at org.testng.SuiteRunner.privateRun(SuiteRunner.java:391)
at org.testng.SuiteRunner.run(SuiteRunner.java:330)
at org.testng.SuiteRunnerWorker.runSuite(SuiteRunnerWorker.java:52)
at org.testng.SuiteRunnerWorker.run(SuiteRunnerWorker.java:95)
at org.testng.TestNG.runSuitesSequentially(TestNG.java:1256)
at org.testng.TestNG.runSuitesLocally(TestNG.java:1176)
at org.testng.TestNG.runSuites(TestNG.java:1099)
at org.testng.TestNG.run(TestNG.java:1067)
at org.testng.remote.AbstractRemoteTestNG.run(AbstractRemoteTestNG.java:115)
at org.testng.remote.RemoteTestNG.initAndRun(RemoteTestNG.java:251)
at org.testng.remote.RemoteTestNG.main(RemoteTestNG.java:77)
Caused by: java.net.MalformedURLException: no protocol: <?xml version="1.0" encoding="UTF-8"?>
<html lang="en">
  <head>
    <meta charset="utf-8"/>
    <meta name="viewport" content="width=device-width,initial-scale=1,shrink-to-fit=no"/>
    <title>
      Fox Rothschild LLP — Attorneys at Law
    </title>
    <link rel="shortcut icon" href="https://d372nmlv8kweuj.cloudfront.net/fox/favicon.ico" type="image/x-icon"/>
    <style>
      a,abbr,acronym,address,applet,article,aside,audio,b,big,blockquote,body,canvas,caption,center,cite,code,dd,del,details,dfn,div,dl,dt,em,embed,fieldset,figcaption,figure,footer,form,h1,h2,h3,h4,h5,h6,header,hgroup,html,i,iframe,img,ins,kbd,label,legend,li,mark,menu,nav,object,ol,output,p,pre,q,ruby,s,samp,section,small,span,strike,strong,sub,summary,sup,table,tbody,td,tfoot,th,thead,time,tr,tt,u,ul,var,video{margin:0;padding:0;border:0;font:inherit;vertical-align:baseline}body{overflow-x:hidden!important}
    </style>
    <link href="/static/css/main.7e9bafcc.chunk.css" rel="stylesheet"/>
  </head>
  <body>
    <noscript>
      You need to enable JavaScript to run this app.
    </noscript>
    <div id="root">
    </div>
    <script type="text/javascript" async="" src="//siteimproveanalytics.com/js/siteanalyze_61283387.js">
    </script>
    <script type="text/javascript">
//<![CDATA[
!function(){var e=document.createElement("script");e.type="text/javascript",e.async=!0,e.src="//siteimproveanalytics.com/js/siteanalyze_61283387.js";var t=document.getElementsByTagName("script")[0];t.parentNode.insertBefore(e,t)}()
//]]]]><![CDATA[>
    </script>
    <script type="text/javascript">
//<![CDATA[
-1!==navigator.userAgent.indexOf("prerender")&&(window.SC_DISABLE_SPEEDY=!0)
//]]]]><![CDATA[>
    </script>
    <script type="text/javascript">
//<![CDATA[
!function(e){function r(r){for(var n,a,i=r[0],l=r[1],f=r[2],c=0,s=[];c<i.length;c++)a=i[c],Object.prototype.hasOwnProperty.call(o,a)&&o[a]&&s.push(o[a][0]),o[a]=0;for(n in l)Object.prototype.hasOwnProperty.call(l,n)&&(e[n]=l[n]);for(p&&p(r);s.length;)s.shift()();return u.push.apply(u,f||[]),t()}function t(){for(var e,r=0;r<u.length;r++){for(var t=u[r],n=!0,i=1;i<t.length;i++){var l=t[i];0!==o[l]&&(n=!1)}n&&(u.splice(r--,1),e=a(a.s=t[0]))}return e}var n={},o={1:0},u=[];function a(r){if(n[r])return n[r].exports;var t=n[r]={i:r,l:!1,exports:{}};return e[r].call(t.exports,t,t.exports,a),t.l=!0,t.exports}a.m=e,a.c=n,a.d=function(e,r,t){a.o(e,r)||Object.defineProperty(e,r,{enumerable:!0,get:t})},a.r=function(e){"undefined"!=typeof Symbol&&Symbol.toStringTag&&Object.defineProperty(e,Symbol.toStringTag,{value:"Module"}),Object.defineProperty(e,"__esModule",{value:!0})},a.t=function(e,r){if(1&r&&(e=a(e)),8&r)return e;if(4&r&&"object"==typeof e&&e&&e.__esModule)return e;var t=Object.create(null);if(a.r(t),Object.defineProperty(t,"default",{enumerable:!0,value:e}),2&r&&"string"!=typeof e)for(var n in e)a.d(t,n,function(r){return e[r]}.bind(null,n));return t},a.n=function(e){var r=e&&e.__esModule?function(){return e.default}:function(){return e};return a.d(r,"a",r),r},a.o=function(e,r){return Object.prototype.hasOwnProperty.call(e,r)},a.p="/";var i=this.webpackJsonprainmaker5=this.webpackJsonprainmaker5||[],l=i.push.bind(i);i.push=r,i=i.slice();for(var f=0;f<i.length;f++)r(i[f]);var p=l;t()}([])
//]]]]><![CDATA[>
    </script>
    <script src="/static/js/2.db616958.chunk.js" type="text/javascript">
    </script>
    <script src="/static/js/main.3b608c6c.chunk.js" type="text/javascript">
    </script>
  </body>
</html>

at java.base/java.net.URL.<init>(URL.java:645)
at java.base/java.net.URL.<init>(URL.java:541)
at java.base/java.net.URL.<init>(URL.java:488)
at org.jsoup.helper.HttpConnection.url(HttpConnection.java:183)
... 31 more
]]>
    </error>
  </testcase> <!-- run -->
  <system-out/>
  <testcase classname="com.jack.task4.Foxrothschild" name="run" time="2.318">
    <error message="The supplied URL, &#039;&lt;?xml version=&quot;1.0&quot; encoding=&quot;UTF-8&quot;?&gt;
&lt;html lang=&quot;en&quot;&gt;
  &lt;head&gt;
    &lt;meta charset=&quot;utf-8&quot;/&gt;
    &lt;meta name=&quot;viewport&quot; content=&quot;width=device-width,initial-scale=1,shrink-to-fit=no&quot;/&gt;
    &lt;title&gt;
      Fox Rothschild LLP — Attorneys at Law
    &lt;/title&gt;
    &lt;link rel=&quot;shortcut icon&quot; href=&quot;https://d372nmlv8kweuj.cloudfront.net/fox/favicon.ico&quot; type=&quot;image/x-icon&quot;/&gt;
    &lt;style&gt;
      a,abbr,acronym,address,applet,article,aside,audio,b,big,blockquote,body,canvas,caption,center,cite,code,dd,del,details,dfn,div,dl,dt,em,embed,fieldset,figcaption,figure,footer,form,h1,h2,h3,h4,h5,h6,header,hgroup,html,i,iframe,img,ins,kbd,label,legend,li,mark,menu,nav,object,ol,output,p,pre,q,ruby,s,samp,section,small,span,strike,strong,sub,summary,sup,table,tbody,td,tfoot,th,thead,time,tr,tt,u,ul,var,video{margin:0;padding:0;border:0;font:inherit;vertical-align:baseline}body{overflow-x:hidden!important}
    &lt;/style&gt;
    &lt;link href=&quot;/static/css/main.7e9bafcc.chunk.css&quot; rel=&quot;stylesheet&quot;/&gt;
  &lt;/head&gt;
  &lt;body&gt;
    &lt;noscript&gt;
      You need to enable JavaScript to run this app.
    &lt;/noscript&gt;
    &lt;div id=&quot;root&quot;&gt;
    &lt;/div&gt;
    &lt;script type=&quot;text/javascript&quot; async=&quot;&quot; src=&quot;//siteimproveanalytics.com/js/siteanalyze_61283387.js&quot;&gt;
    &lt;/script&gt;
    &lt;script type=&quot;text/javascript&quot;&gt;
//&lt;![CDATA[
!function(){var e=document.createElement(&quot;script&quot;);e.type=&quot;text/javascript&quot;,e.async=!0,e.src=&quot;//siteimproveanalytics.com/js/siteanalyze_61283387.js&quot;;var t=document.getElementsByTagName(&quot;script&quot;)[0];t.parentNode.insertBefore(e,t)}()
//]]&gt;
    &lt;/script&gt;
    &lt;script type=&quot;text/javascript&quot;&gt;
//&lt;![CDATA[
-1!==navigator.userAgent.indexOf(&quot;prerender&quot;)&amp;&amp;(window.SC_DISABLE_SPEEDY=!0)
//]]&gt;
    &lt;/script&gt;
    &lt;script type=&quot;text/javascript&quot;&gt;
//&lt;![CDATA[
!function(e){function r(r){for(var n,a,i=r[0],l=r[1],f=r[2],c=0,s=[];c&lt;i.length;c++)a=i[c],Object.prototype.hasOwnProperty.call(o,a)&amp;&amp;o[a]&amp;&amp;s.push(o[a][0]),o[a]=0;for(n in l)Object.prototype.hasOwnProperty.call(l,n)&amp;&amp;(e[n]=l[n]);for(p&amp;&amp;p(r);s.length;)s.shift()();return u.push.apply(u,f||[]),t()}function t(){for(var e,r=0;r&lt;u.length;r++){for(var t=u[r],n=!0,i=1;i&lt;t.length;i++){var l=t[i];0!==o[l]&amp;&amp;(n=!1)}n&amp;&amp;(u.splice(r--,1),e=a(a.s=t[0]))}return e}var n={},o={1:0},u=[];function a(r){if(n[r])return n[r].exports;var t=n[r]={i:r,l:!1,exports:{}};return e[r].call(t.exports,t,t.exports,a),t.l=!0,t.exports}a.m=e,a.c=n,a.d=function(e,r,t){a.o(e,r)||Object.defineProperty(e,r,{enumerable:!0,get:t})},a.r=function(e){&quot;undefined&quot;!=typeof Symbol&amp;&amp;Symbol.toStringTag&amp;&amp;Object.defineProperty(e,Symbol.toStringTag,{value:&quot;Module&quot;}),Object.defineProperty(e,&quot;__esModule&quot;,{value:!0})},a.t=function(e,r){if(1&amp;r&amp;&amp;(e=a(e)),8&amp;r)return e;if(4&amp;r&amp;&amp;&quot;object&quot;==typeof e&amp;&amp;e&amp;&amp;e.__esModule)return e;var t=Object.create(null);if(a.r(t),Object.defineProperty(t,&quot;default&quot;,{enumerable:!0,value:e}),2&amp;r&amp;&amp;&quot;string&quot;!=typeof e)for(var n in e)a.d(t,n,function(r){return e[r]}.bind(null,n));return t},a.n=function(e){var r=e&amp;&amp;e.__esModule?function(){return e.default}:function(){return e};return a.d(r,&quot;a&quot;,r),r},a.o=function(e,r){return Object.prototype.hasOwnProperty.call(e,r)},a.p=&quot;/&quot;;var i=this.webpackJsonprainmaker5=this.webpackJsonprainmaker5||[],l=i.push.bind(i);i.push=r,i=i.slice();for(var f=0;f&lt;i.length;f++)r(i[f]);var p=l;t()}([])
//]]&gt;
    &lt;/script&gt;
    &lt;script src=&quot;/static/js/2.db616958.chunk.js&quot; type=&quot;text/javascript&quot;&gt;
    &lt;/script&gt;
    &lt;script src=&quot;/static/js/main.3b608c6c.chunk.js&quot; type=&quot;text/javascript&quot;&gt;
    &lt;/script&gt;
  &lt;/body&gt;
&lt;/html&gt;
&#039;, is malformed. Make sure it is an absolute URL, and starts with &#039;http://&#039; or &#039;https://&#039;. See https://jsoup.org/cookbook/extracting-data/working-with-urls" type="java.lang.IllegalArgumentException">
      <![CDATA[java.lang.IllegalArgumentException: The supplied URL, '<?xml version="1.0" encoding="UTF-8"?>
<html lang="en">
  <head>
    <meta charset="utf-8"/>
    <meta name="viewport" content="width=device-width,initial-scale=1,shrink-to-fit=no"/>
    <title>
      Fox Rothschild LLP — Attorneys at Law
    </title>
    <link rel="shortcut icon" href="https://d372nmlv8kweuj.cloudfront.net/fox/favicon.ico" type="image/x-icon"/>
    <style>
      a,abbr,acronym,address,applet,article,aside,audio,b,big,blockquote,body,canvas,caption,center,cite,code,dd,del,details,dfn,div,dl,dt,em,embed,fieldset,figcaption,figure,footer,form,h1,h2,h3,h4,h5,h6,header,hgroup,html,i,iframe,img,ins,kbd,label,legend,li,mark,menu,nav,object,ol,output,p,pre,q,ruby,s,samp,section,small,span,strike,strong,sub,summary,sup,table,tbody,td,tfoot,th,thead,time,tr,tt,u,ul,var,video{margin:0;padding:0;border:0;font:inherit;vertical-align:baseline}body{overflow-x:hidden!important}
    </style>
    <link href="/static/css/main.7e9bafcc.chunk.css" rel="stylesheet"/>
  </head>
  <body>
    <noscript>
      You need to enable JavaScript to run this app.
    </noscript>
    <div id="root">
    </div>
    <script type="text/javascript" async="" src="//siteimproveanalytics.com/js/siteanalyze_61283387.js">
    </script>
    <script type="text/javascript">
//<![CDATA[
!function(){var e=document.createElement("script");e.type="text/javascript",e.async=!0,e.src="//siteimproveanalytics.com/js/siteanalyze_61283387.js";var t=document.getElementsByTagName("script")[0];t.parentNode.insertBefore(e,t)}()
//]]]]><![CDATA[>
    </script>
    <script type="text/javascript">
//<![CDATA[
-1!==navigator.userAgent.indexOf("prerender")&&(window.SC_DISABLE_SPEEDY=!0)
//]]]]><![CDATA[>
    </script>
    <script type="text/javascript">
//<![CDATA[
!function(e){function r(r){for(var n,a,i=r[0],l=r[1],f=r[2],c=0,s=[];c<i.length;c++)a=i[c],Object.prototype.hasOwnProperty.call(o,a)&&o[a]&&s.push(o[a][0]),o[a]=0;for(n in l)Object.prototype.hasOwnProperty.call(l,n)&&(e[n]=l[n]);for(p&&p(r);s.length;)s.shift()();return u.push.apply(u,f||[]),t()}function t(){for(var e,r=0;r<u.length;r++){for(var t=u[r],n=!0,i=1;i<t.length;i++){var l=t[i];0!==o[l]&&(n=!1)}n&&(u.splice(r--,1),e=a(a.s=t[0]))}return e}var n={},o={1:0},u=[];function a(r){if(n[r])return n[r].exports;var t=n[r]={i:r,l:!1,exports:{}};return e[r].call(t.exports,t,t.exports,a),t.l=!0,t.exports}a.m=e,a.c=n,a.d=function(e,r,t){a.o(e,r)||Object.defineProperty(e,r,{enumerable:!0,get:t})},a.r=function(e){"undefined"!=typeof Symbol&&Symbol.toStringTag&&Object.defineProperty(e,Symbol.toStringTag,{value:"Module"}),Object.defineProperty(e,"__esModule",{value:!0})},a.t=function(e,r){if(1&r&&(e=a(e)),8&r)return e;if(4&r&&"object"==typeof e&&e&&e.__esModule)return e;var t=Object.create(null);if(a.r(t),Object.defineProperty(t,"default",{enumerable:!0,value:e}),2&r&&"string"!=typeof e)for(var n in e)a.d(t,n,function(r){return e[r]}.bind(null,n));return t},a.n=function(e){var r=e&&e.__esModule?function(){return e.default}:function(){return e};return a.d(r,"a",r),r},a.o=function(e,r){return Object.prototype.hasOwnProperty.call(e,r)},a.p="/";var i=this.webpackJsonprainmaker5=this.webpackJsonprainmaker5||[],l=i.push.bind(i);i.push=r,i=i.slice();for(var f=0;f<i.length;f++)r(i[f]);var p=l;t()}([])
//]]]]><![CDATA[>
    </script>
    <script src="/static/js/2.db616958.chunk.js" type="text/javascript">
    </script>
    <script src="/static/js/main.3b608c6c.chunk.js" type="text/javascript">
    </script>
  </body>
</html>
', is malformed. Make sure it is an absolute URL, and starts with 'http://' or 'https://'. See https://jsoup.org/cookbook/extracting-data/working-with-urls
at org.jsoup.helper.HttpConnection.url(HttpConnection.java:185)
at org.jsoup.helper.HttpConnection.connect(HttpConnection.java:81)
at org.jsoup.Jsoup.connect(Jsoup.java:94)
at com.jack.task4.Foxrothschild.run(Foxrothschild.java:53)
at java.base/jdk.internal.reflect.NativeMethodAccessorImpl.invoke0(Native Method)
at java.base/jdk.internal.reflect.NativeMethodAccessorImpl.invoke(NativeMethodAccessorImpl.java:62)
at java.base/jdk.internal.reflect.DelegatingMethodAccessorImpl.invoke(DelegatingMethodAccessorImpl.java:43)
at java.base/java.lang.reflect.Method.invoke(Method.java:566)
at org.testng.internal.invokers.MethodInvocationHelper.invokeMethod(MethodInvocationHelper.java:139)
at org.testng.internal.invokers.TestInvoker.invokeMethod(TestInvoker.java:677)
at org.testng.internal.invokers.TestInvoker.invokeTestMethod(TestInvoker.java:221)
at org.testng.internal.invokers.MethodRunner.runInSequence(MethodRunner.java:50)
at org.testng.internal.invokers.TestInvoker$MethodInvocationAgent.invoke(TestInvoker.java:969)
at org.testng.internal.invokers.TestInvoker.invokeTestMethods(TestInvoker.java:194)
at org.testng.internal.invokers.TestMethodWorker.invokeTestMethods(TestMethodWorker.java:148)
at org.testng.internal.invokers.TestMethodWorker.run(TestMethodWorker.java:128)
at java.base/java.util.ArrayList.forEach(ArrayList.java:1541)
at org.testng.TestRunner.privateRun(TestRunner.java:829)
at org.testng.TestRunner.run(TestRunner.java:602)
at org.testng.SuiteRunner.runTest(SuiteRunner.java:437)
at org.testng.SuiteRunner.runSequentially(SuiteRunner.java:431)
at org.testng.SuiteRunner.privateRun(SuiteRunner.java:391)
at org.testng.SuiteRunner.run(SuiteRunner.java:330)
at org.testng.SuiteRunnerWorker.runSuite(SuiteRunnerWorker.java:52)
at org.testng.SuiteRunnerWorker.run(SuiteRunnerWorker.java:95)
at org.testng.TestNG.runSuitesSequentially(TestNG.java:1256)
at org.testng.TestNG.runSuitesLocally(TestNG.java:1176)
at org.testng.TestNG.runSuites(TestNG.java:1099)
at org.testng.TestNG.run(TestNG.java:1067)
at org.testng.remote.AbstractRemoteTestNG.run(AbstractRemoteTestNG.java:115)
at org.testng.remote.RemoteTestNG.initAndRun(RemoteTestNG.java:251)
at org.testng.remote.RemoteTestNG.main(RemoteTestNG.java:77)
Caused by: java.net.MalformedURLException: no protocol: <?xml version="1.0" encoding="UTF-8"?>
<html lang="en">
  <head>
    <meta charset="utf-8"/>
    <meta name="viewport" content="width=device-width,initial-scale=1,shrink-to-fit=no"/>
    <title>
      Fox Rothschild LLP — Attorneys at Law
    </title>
    <link rel="shortcut icon" href="https://d372nmlv8kweuj.cloudfront.net/fox/favicon.ico" type="image/x-icon"/>
    <style>
      a,abbr,acronym,address,applet,article,aside,audio,b,big,blockquote,body,canvas,caption,center,cite,code,dd,del,details,dfn,div,dl,dt,em,embed,fieldset,figcaption,figure,footer,form,h1,h2,h3,h4,h5,h6,header,hgroup,html,i,iframe,img,ins,kbd,label,legend,li,mark,menu,nav,object,ol,output,p,pre,q,ruby,s,samp,section,small,span,strike,strong,sub,summary,sup,table,tbody,td,tfoot,th,thead,time,tr,tt,u,ul,var,video{margin:0;padding:0;border:0;font:inherit;vertical-align:baseline}body{overflow-x:hidden!important}
    </style>
    <link href="/static/css/main.7e9bafcc.chunk.css" rel="stylesheet"/>
  </head>
  <body>
    <noscript>
      You need to enable JavaScript to run this app.
    </noscript>
    <div id="root">
    </div>
    <script type="text/javascript" async="" src="//siteimproveanalytics.com/js/siteanalyze_61283387.js">
    </script>
    <script type="text/javascript">
//<![CDATA[
!function(){var e=document.createElement("script");e.type="text/javascript",e.async=!0,e.src="//siteimproveanalytics.com/js/siteanalyze_61283387.js";var t=document.getElementsByTagName("script")[0];t.parentNode.insertBefore(e,t)}()
//]]]]><![CDATA[>
    </script>
    <script type="text/javascript">
//<![CDATA[
-1!==navigator.userAgent.indexOf("prerender")&&(window.SC_DISABLE_SPEEDY=!0)
//]]]]><![CDATA[>
    </script>
    <script type="text/javascript">
//<![CDATA[
!function(e){function r(r){for(var n,a,i=r[0],l=r[1],f=r[2],c=0,s=[];c<i.length;c++)a=i[c],Object.prototype.hasOwnProperty.call(o,a)&&o[a]&&s.push(o[a][0]),o[a]=0;for(n in l)Object.prototype.hasOwnProperty.call(l,n)&&(e[n]=l[n]);for(p&&p(r);s.length;)s.shift()();return u.push.apply(u,f||[]),t()}function t(){for(var e,r=0;r<u.length;r++){for(var t=u[r],n=!0,i=1;i<t.length;i++){var l=t[i];0!==o[l]&&(n=!1)}n&&(u.splice(r--,1),e=a(a.s=t[0]))}return e}var n={},o={1:0},u=[];function a(r){if(n[r])return n[r].exports;var t=n[r]={i:r,l:!1,exports:{}};return e[r].call(t.exports,t,t.exports,a),t.l=!0,t.exports}a.m=e,a.c=n,a.d=function(e,r,t){a.o(e,r)||Object.defineProperty(e,r,{enumerable:!0,get:t})},a.r=function(e){"undefined"!=typeof Symbol&&Symbol.toStringTag&&Object.defineProperty(e,Symbol.toStringTag,{value:"Module"}),Object.defineProperty(e,"__esModule",{value:!0})},a.t=function(e,r){if(1&r&&(e=a(e)),8&r)return e;if(4&r&&"object"==typeof e&&e&&e.__esModule)return e;var t=Object.create(null);if(a.r(t),Object.defineProperty(t,"default",{enumerable:!0,value:e}),2&r&&"string"!=typeof e)for(var n in e)a.d(t,n,function(r){return e[r]}.bind(null,n));return t},a.n=function(e){var r=e&&e.__esModule?function(){return e.default}:function(){return e};return a.d(r,"a",r),r},a.o=function(e,r){return Object.prototype.hasOwnProperty.call(e,r)},a.p="/";var i=this.webpackJsonprainmaker5=this.webpackJsonprainmaker5||[],l=i.push.bind(i);i.push=r,i=i.slice();for(var f=0;f<i.length;f++)r(i[f]);var p=l;t()}([])
//]]]]><![CDATA[>
    </script>
    <script src="/static/js/2.db616958.chunk.js" type="text/javascript">
    </script>
    <script src="/static/js/main.3b608c6c.chunk.js" type="text/javascript">
    </script>
  </body>
</html>

at java.base/java.net.URL.<init>(URL.java:645)
at java.base/java.net.URL.<init>(URL.java:541)
at java.base/java.net.URL.<init>(URL.java:488)
at org.jsoup.helper.HttpConnection.url(HttpConnection.java:183)
... 31 more
]]>
    </error>
  </testcase> <!-- run -->
  <system-out/>
  <testcase classname="com.jack.task4.Foxrothschild" name="run" time="3.964">
    <error message="The supplied URL, &#039;&lt;?xml version=&quot;1.0&quot; encoding=&quot;UTF-8&quot;?&gt;
&lt;html lang=&quot;en&quot;&gt;
  &lt;head&gt;
    &lt;meta charset=&quot;utf-8&quot;/&gt;
    &lt;meta name=&quot;viewport&quot; content=&quot;width=device-width,initial-scale=1,shrink-to-fit=no&quot;/&gt;
    &lt;title&gt;
      Fox Rothschild LLP — Attorneys at Law
    &lt;/title&gt;
    &lt;link rel=&quot;shortcut icon&quot; href=&quot;https://d372nmlv8kweuj.cloudfront.net/fox/favicon.ico&quot; type=&quot;image/x-icon&quot;/&gt;
    &lt;style&gt;
      a,abbr,acronym,address,applet,article,aside,audio,b,big,blockquote,body,canvas,caption,center,cite,code,dd,del,details,dfn,div,dl,dt,em,embed,fieldset,figcaption,figure,footer,form,h1,h2,h3,h4,h5,h6,header,hgroup,html,i,iframe,img,ins,kbd,label,legend,li,mark,menu,nav,object,ol,output,p,pre,q,ruby,s,samp,section,small,span,strike,strong,sub,summary,sup,table,tbody,td,tfoot,th,thead,time,tr,tt,u,ul,var,video{margin:0;padding:0;border:0;font:inherit;vertical-align:baseline}body{overflow-x:hidden!important}
    &lt;/style&gt;
    &lt;link href=&quot;/static/css/main.7e9bafcc.chunk.css&quot; rel=&quot;stylesheet&quot;/&gt;
  &lt;/head&gt;
  &lt;body&gt;
    &lt;noscript&gt;
      You need to enable JavaScript to run this app.
    &lt;/noscript&gt;
    &lt;div id=&quot;root&quot;&gt;
    &lt;/div&gt;
    &lt;script type=&quot;text/javascript&quot; async=&quot;&quot; src=&quot;//siteimproveanalytics.com/js/siteanalyze_61283387.js&quot;&gt;
    &lt;/script&gt;
    &lt;script type=&quot;text/javascript&quot;&gt;
//&lt;![CDATA[
!function(){var e=document.createElement(&quot;script&quot;);e.type=&quot;text/javascript&quot;,e.async=!0,e.src=&quot;//siteimproveanalytics.com/js/siteanalyze_61283387.js&quot;;var t=document.getElementsByTagName(&quot;script&quot;)[0];t.parentNode.insertBefore(e,t)}()
//]]&gt;
    &lt;/script&gt;
    &lt;script type=&quot;text/javascript&quot;&gt;
//&lt;![CDATA[
-1!==navigator.userAgent.indexOf(&quot;prerender&quot;)&amp;&amp;(window.SC_DISABLE_SPEEDY=!0)
//]]&gt;
    &lt;/script&gt;
    &lt;script type=&quot;text/javascript&quot;&gt;
//&lt;![CDATA[
!function(e){function r(r){for(var n,a,i=r[0],l=r[1],f=r[2],c=0,s=[];c&lt;i.length;c++)a=i[c],Object.prototype.hasOwnProperty.call(o,a)&amp;&amp;o[a]&amp;&amp;s.push(o[a][0]),o[a]=0;for(n in l)Object.prototype.hasOwnProperty.call(l,n)&amp;&amp;(e[n]=l[n]);for(p&amp;&amp;p(r);s.length;)s.shift()();return u.push.apply(u,f||[]),t()}function t(){for(var e,r=0;r&lt;u.length;r++){for(var t=u[r],n=!0,i=1;i&lt;t.length;i++){var l=t[i];0!==o[l]&amp;&amp;(n=!1)}n&amp;&amp;(u.splice(r--,1),e=a(a.s=t[0]))}return e}var n={},o={1:0},u=[];function a(r){if(n[r])return n[r].exports;var t=n[r]={i:r,l:!1,exports:{}};return e[r].call(t.exports,t,t.exports,a),t.l=!0,t.exports}a.m=e,a.c=n,a.d=function(e,r,t){a.o(e,r)||Object.defineProperty(e,r,{enumerable:!0,get:t})},a.r=function(e){&quot;undefined&quot;!=typeof Symbol&amp;&amp;Symbol.toStringTag&amp;&amp;Object.defineProperty(e,Symbol.toStringTag,{value:&quot;Module&quot;}),Object.defineProperty(e,&quot;__esModule&quot;,{value:!0})},a.t=function(e,r){if(1&amp;r&amp;&amp;(e=a(e)),8&amp;r)return e;if(4&amp;r&amp;&amp;&quot;object&quot;==typeof e&amp;&amp;e&amp;&amp;e.__esModule)return e;var t=Object.create(null);if(a.r(t),Object.defineProperty(t,&quot;default&quot;,{enumerable:!0,value:e}),2&amp;r&amp;&amp;&quot;string&quot;!=typeof e)for(var n in e)a.d(t,n,function(r){return e[r]}.bind(null,n));return t},a.n=function(e){var r=e&amp;&amp;e.__esModule?function(){return e.default}:function(){return e};return a.d(r,&quot;a&quot;,r),r},a.o=function(e,r){return Object.prototype.hasOwnProperty.call(e,r)},a.p=&quot;/&quot;;var i=this.webpackJsonprainmaker5=this.webpackJsonprainmaker5||[],l=i.push.bind(i);i.push=r,i=i.slice();for(var f=0;f&lt;i.length;f++)r(i[f]);var p=l;t()}([])
//]]&gt;
    &lt;/script&gt;
    &lt;script src=&quot;/static/js/2.db616958.chunk.js&quot; type=&quot;text/javascript&quot;&gt;
    &lt;/script&gt;
    &lt;script src=&quot;/static/js/main.3b608c6c.chunk.js&quot; type=&quot;text/javascript&quot;&gt;
    &lt;/script&gt;
  &lt;/body&gt;
&lt;/html&gt;
&#039;, is malformed. Make sure it is an absolute URL, and starts with &#039;http://&#039; or &#039;https://&#039;. See https://jsoup.org/cookbook/extracting-data/working-with-urls" type="java.lang.IllegalArgumentException">
      <![CDATA[java.lang.IllegalArgumentException: The supplied URL, '<?xml version="1.0" encoding="UTF-8"?>
<html lang="en">
  <head>
    <meta charset="utf-8"/>
    <meta name="viewport" content="width=device-width,initial-scale=1,shrink-to-fit=no"/>
    <title>
      Fox Rothschild LLP — Attorneys at Law
    </title>
    <link rel="shortcut icon" href="https://d372nmlv8kweuj.cloudfront.net/fox/favicon.ico" type="image/x-icon"/>
    <style>
      a,abbr,acronym,address,applet,article,aside,audio,b,big,blockquote,body,canvas,caption,center,cite,code,dd,del,details,dfn,div,dl,dt,em,embed,fieldset,figcaption,figure,footer,form,h1,h2,h3,h4,h5,h6,header,hgroup,html,i,iframe,img,ins,kbd,label,legend,li,mark,menu,nav,object,ol,output,p,pre,q,ruby,s,samp,section,small,span,strike,strong,sub,summary,sup,table,tbody,td,tfoot,th,thead,time,tr,tt,u,ul,var,video{margin:0;padding:0;border:0;font:inherit;vertical-align:baseline}body{overflow-x:hidden!important}
    </style>
    <link href="/static/css/main.7e9bafcc.chunk.css" rel="stylesheet"/>
  </head>
  <body>
    <noscript>
      You need to enable JavaScript to run this app.
    </noscript>
    <div id="root">
    </div>
    <script type="text/javascript" async="" src="//siteimproveanalytics.com/js/siteanalyze_61283387.js">
    </script>
    <script type="text/javascript">
//<![CDATA[
!function(){var e=document.createElement("script");e.type="text/javascript",e.async=!0,e.src="//siteimproveanalytics.com/js/siteanalyze_61283387.js";var t=document.getElementsByTagName("script")[0];t.parentNode.insertBefore(e,t)}()
//]]]]><![CDATA[>
    </script>
    <script type="text/javascript">
//<![CDATA[
-1!==navigator.userAgent.indexOf("prerender")&&(window.SC_DISABLE_SPEEDY=!0)
//]]]]><![CDATA[>
    </script>
    <script type="text/javascript">
//<![CDATA[
!function(e){function r(r){for(var n,a,i=r[0],l=r[1],f=r[2],c=0,s=[];c<i.length;c++)a=i[c],Object.prototype.hasOwnProperty.call(o,a)&&o[a]&&s.push(o[a][0]),o[a]=0;for(n in l)Object.prototype.hasOwnProperty.call(l,n)&&(e[n]=l[n]);for(p&&p(r);s.length;)s.shift()();return u.push.apply(u,f||[]),t()}function t(){for(var e,r=0;r<u.length;r++){for(var t=u[r],n=!0,i=1;i<t.length;i++){var l=t[i];0!==o[l]&&(n=!1)}n&&(u.splice(r--,1),e=a(a.s=t[0]))}return e}var n={},o={1:0},u=[];function a(r){if(n[r])return n[r].exports;var t=n[r]={i:r,l:!1,exports:{}};return e[r].call(t.exports,t,t.exports,a),t.l=!0,t.exports}a.m=e,a.c=n,a.d=function(e,r,t){a.o(e,r)||Object.defineProperty(e,r,{enumerable:!0,get:t})},a.r=function(e){"undefined"!=typeof Symbol&&Symbol.toStringTag&&Object.defineProperty(e,Symbol.toStringTag,{value:"Module"}),Object.defineProperty(e,"__esModule",{value:!0})},a.t=function(e,r){if(1&r&&(e=a(e)),8&r)return e;if(4&r&&"object"==typeof e&&e&&e.__esModule)return e;var t=Object.create(null);if(a.r(t),Object.defineProperty(t,"default",{enumerable:!0,value:e}),2&r&&"string"!=typeof e)for(var n in e)a.d(t,n,function(r){return e[r]}.bind(null,n));return t},a.n=function(e){var r=e&&e.__esModule?function(){return e.default}:function(){return e};return a.d(r,"a",r),r},a.o=function(e,r){return Object.prototype.hasOwnProperty.call(e,r)},a.p="/";var i=this.webpackJsonprainmaker5=this.webpackJsonprainmaker5||[],l=i.push.bind(i);i.push=r,i=i.slice();for(var f=0;f<i.length;f++)r(i[f]);var p=l;t()}([])
//]]]]><![CDATA[>
    </script>
    <script src="/static/js/2.db616958.chunk.js" type="text/javascript">
    </script>
    <script src="/static/js/main.3b608c6c.chunk.js" type="text/javascript">
    </script>
  </body>
</html>
', is malformed. Make sure it is an absolute URL, and starts with 'http://' or 'https://'. See https://jsoup.org/cookbook/extracting-data/working-with-urls
at org.jsoup.helper.HttpConnection.url(HttpConnection.java:185)
at org.jsoup.helper.HttpConnection.connect(HttpConnection.java:81)
at org.jsoup.Jsoup.connect(Jsoup.java:94)
at com.jack.task4.Foxrothschild.run(Foxrothschild.java:53)
at java.base/jdk.internal.reflect.NativeMethodAccessorImpl.invoke0(Native Method)
at java.base/jdk.internal.reflect.NativeMethodAccessorImpl.invoke(NativeMethodAccessorImpl.java:62)
at java.base/jdk.internal.reflect.DelegatingMethodAccessorImpl.invoke(DelegatingMethodAccessorImpl.java:43)
at java.base/java.lang.reflect.Method.invoke(Method.java:566)
at org.testng.internal.invokers.MethodInvocationHelper.invokeMethod(MethodInvocationHelper.java:139)
at org.testng.internal.invokers.TestInvoker.invokeMethod(TestInvoker.java:677)
at org.testng.internal.invokers.TestInvoker.invokeTestMethod(TestInvoker.java:221)
at org.testng.internal.invokers.MethodRunner.runInSequence(MethodRunner.java:50)
at org.testng.internal.invokers.TestInvoker$MethodInvocationAgent.invoke(TestInvoker.java:969)
at org.testng.internal.invokers.TestInvoker.invokeTestMethods(TestInvoker.java:194)
at org.testng.internal.invokers.TestMethodWorker.invokeTestMethods(TestMethodWorker.java:148)
at org.testng.internal.invokers.TestMethodWorker.run(TestMethodWorker.java:128)
at java.base/java.util.ArrayList.forEach(ArrayList.java:1541)
at org.testng.TestRunner.privateRun(TestRunner.java:829)
at org.testng.TestRunner.run(TestRunner.java:602)
at org.testng.SuiteRunner.runTest(SuiteRunner.java:437)
at org.testng.SuiteRunner.runSequentially(SuiteRunner.java:431)
at org.testng.SuiteRunner.privateRun(SuiteRunner.java:391)
at org.testng.SuiteRunner.run(SuiteRunner.java:330)
at org.testng.SuiteRunnerWorker.runSuite(SuiteRunnerWorker.java:52)
at org.testng.SuiteRunnerWorker.run(SuiteRunnerWorker.java:95)
at org.testng.TestNG.runSuitesSequentially(TestNG.java:1256)
at org.testng.TestNG.runSuitesLocally(TestNG.java:1176)
at org.testng.TestNG.runSuites(TestNG.java:1099)
at org.testng.TestNG.run(TestNG.java:1067)
at org.testng.remote.AbstractRemoteTestNG.run(AbstractRemoteTestNG.java:115)
at org.testng.remote.RemoteTestNG.initAndRun(RemoteTestNG.java:251)
at org.testng.remote.RemoteTestNG.main(RemoteTestNG.java:77)
Caused by: java.net.MalformedURLException: no protocol: <?xml version="1.0" encoding="UTF-8"?>
<html lang="en">
  <head>
    <meta charset="utf-8"/>
    <meta name="viewport" content="width=device-width,initial-scale=1,shrink-to-fit=no"/>
    <title>
      Fox Rothschild LLP — Attorneys at Law
    </title>
    <link rel="shortcut icon" href="https://d372nmlv8kweuj.cloudfront.net/fox/favicon.ico" type="image/x-icon"/>
    <style>
      a,abbr,acronym,address,applet,article,aside,audio,b,big,blockquote,body,canvas,caption,center,cite,code,dd,del,details,dfn,div,dl,dt,em,embed,fieldset,figcaption,figure,footer,form,h1,h2,h3,h4,h5,h6,header,hgroup,html,i,iframe,img,ins,kbd,label,legend,li,mark,menu,nav,object,ol,output,p,pre,q,ruby,s,samp,section,small,span,strike,strong,sub,summary,sup,table,tbody,td,tfoot,th,thead,time,tr,tt,u,ul,var,video{margin:0;padding:0;border:0;font:inherit;vertical-align:baseline}body{overflow-x:hidden!important}
    </style>
    <link href="/static/css/main.7e9bafcc.chunk.css" rel="stylesheet"/>
  </head>
  <body>
    <noscript>
      You need to enable JavaScript to run this app.
    </noscript>
    <div id="root">
    </div>
    <script type="text/javascript" async="" src="//siteimproveanalytics.com/js/siteanalyze_61283387.js">
    </script>
    <script type="text/javascript">
//<![CDATA[
!function(){var e=document.createElement("script");e.type="text/javascript",e.async=!0,e.src="//siteimproveanalytics.com/js/siteanalyze_61283387.js";var t=document.getElementsByTagName("script")[0];t.parentNode.insertBefore(e,t)}()
//]]]]><![CDATA[>
    </script>
    <script type="text/javascript">
//<![CDATA[
-1!==navigator.userAgent.indexOf("prerender")&&(window.SC_DISABLE_SPEEDY=!0)
//]]]]><![CDATA[>
    </script>
    <script type="text/javascript">
//<![CDATA[
!function(e){function r(r){for(var n,a,i=r[0],l=r[1],f=r[2],c=0,s=[];c<i.length;c++)a=i[c],Object.prototype.hasOwnProperty.call(o,a)&&o[a]&&s.push(o[a][0]),o[a]=0;for(n in l)Object.prototype.hasOwnProperty.call(l,n)&&(e[n]=l[n]);for(p&&p(r);s.length;)s.shift()();return u.push.apply(u,f||[]),t()}function t(){for(var e,r=0;r<u.length;r++){for(var t=u[r],n=!0,i=1;i<t.length;i++){var l=t[i];0!==o[l]&&(n=!1)}n&&(u.splice(r--,1),e=a(a.s=t[0]))}return e}var n={},o={1:0},u=[];function a(r){if(n[r])return n[r].exports;var t=n[r]={i:r,l:!1,exports:{}};return e[r].call(t.exports,t,t.exports,a),t.l=!0,t.exports}a.m=e,a.c=n,a.d=function(e,r,t){a.o(e,r)||Object.defineProperty(e,r,{enumerable:!0,get:t})},a.r=function(e){"undefined"!=typeof Symbol&&Symbol.toStringTag&&Object.defineProperty(e,Symbol.toStringTag,{value:"Module"}),Object.defineProperty(e,"__esModule",{value:!0})},a.t=function(e,r){if(1&r&&(e=a(e)),8&r)return e;if(4&r&&"object"==typeof e&&e&&e.__esModule)return e;var t=Object.create(null);if(a.r(t),Object.defineProperty(t,"default",{enumerable:!0,value:e}),2&r&&"string"!=typeof e)for(var n in e)a.d(t,n,function(r){return e[r]}.bind(null,n));return t},a.n=function(e){var r=e&&e.__esModule?function(){return e.default}:function(){return e};return a.d(r,"a",r),r},a.o=function(e,r){return Object.prototype.hasOwnProperty.call(e,r)},a.p="/";var i=this.webpackJsonprainmaker5=this.webpackJsonprainmaker5||[],l=i.push.bind(i);i.push=r,i=i.slice();for(var f=0;f<i.length;f++)r(i[f]);var p=l;t()}([])
//]]]]><![CDATA[>
    </script>
    <script src="/static/js/2.db616958.chunk.js" type="text/javascript">
    </script>
    <script src="/static/js/main.3b608c6c.chunk.js" type="text/javascript">
    </script>
  </body>
</html>

at java.base/java.net.URL.<init>(URL.java:645)
at java.base/java.net.URL.<init>(URL.java:541)
at java.base/java.net.URL.<init>(URL.java:488)
at org.jsoup.helper.HttpConnection.url(HttpConnection.java:183)
... 31 more
]]>
    </error>
  </testcase> <!-- run -->
  <system-out/>
  <testcase classname="com.jack.task4.Foxrothschild" name="run" time="1.922">
    <error message="The supplied URL, &#039;&lt;?xml version=&quot;1.0&quot; encoding=&quot;UTF-8&quot;?&gt;
&lt;html lang=&quot;en&quot;&gt;
  &lt;head&gt;
    &lt;meta charset=&quot;utf-8&quot;/&gt;
    &lt;meta name=&quot;viewport&quot; content=&quot;width=device-width,initial-scale=1,shrink-to-fit=no&quot;/&gt;
    &lt;title&gt;
      Fox Rothschild LLP — Attorneys at Law
    &lt;/title&gt;
    &lt;link rel=&quot;shortcut icon&quot; href=&quot;https://d372nmlv8kweuj.cloudfront.net/fox/favicon.ico&quot; type=&quot;image/x-icon&quot;/&gt;
    &lt;style&gt;
      a,abbr,acronym,address,applet,article,aside,audio,b,big,blockquote,body,canvas,caption,center,cite,code,dd,del,details,dfn,div,dl,dt,em,embed,fieldset,figcaption,figure,footer,form,h1,h2,h3,h4,h5,h6,header,hgroup,html,i,iframe,img,ins,kbd,label,legend,li,mark,menu,nav,object,ol,output,p,pre,q,ruby,s,samp,section,small,span,strike,strong,sub,summary,sup,table,tbody,td,tfoot,th,thead,time,tr,tt,u,ul,var,video{margin:0;padding:0;border:0;font:inherit;vertical-align:baseline}body{overflow-x:hidden!important}
    &lt;/style&gt;
    &lt;link href=&quot;/static/css/main.7e9bafcc.chunk.css&quot; rel=&quot;stylesheet&quot;/&gt;
  &lt;/head&gt;
  &lt;body&gt;
    &lt;noscript&gt;
      You need to enable JavaScript to run this app.
    &lt;/noscript&gt;
    &lt;div id=&quot;root&quot;&gt;
    &lt;/div&gt;
    &lt;script type=&quot;text/javascript&quot; async=&quot;&quot; src=&quot;//siteimproveanalytics.com/js/siteanalyze_61283387.js&quot;&gt;
    &lt;/script&gt;
    &lt;script type=&quot;text/javascript&quot;&gt;
//&lt;![CDATA[
!function(){var e=document.createElement(&quot;script&quot;);e.type=&quot;text/javascript&quot;,e.async=!0,e.src=&quot;//siteimproveanalytics.com/js/siteanalyze_61283387.js&quot;;var t=document.getElementsByTagName(&quot;script&quot;)[0];t.parentNode.insertBefore(e,t)}()
//]]&gt;
    &lt;/script&gt;
    &lt;script type=&quot;text/javascript&quot;&gt;
//&lt;![CDATA[
-1!==navigator.userAgent.indexOf(&quot;prerender&quot;)&amp;&amp;(window.SC_DISABLE_SPEEDY=!0)
//]]&gt;
    &lt;/script&gt;
    &lt;script type=&quot;text/javascript&quot;&gt;
//&lt;![CDATA[
!function(e){function r(r){for(var n,a,i=r[0],l=r[1],f=r[2],c=0,s=[];c&lt;i.length;c++)a=i[c],Object.prototype.hasOwnProperty.call(o,a)&amp;&amp;o[a]&amp;&amp;s.push(o[a][0]),o[a]=0;for(n in l)Object.prototype.hasOwnProperty.call(l,n)&amp;&amp;(e[n]=l[n]);for(p&amp;&amp;p(r);s.length;)s.shift()();return u.push.apply(u,f||[]),t()}function t(){for(var e,r=0;r&lt;u.length;r++){for(var t=u[r],n=!0,i=1;i&lt;t.length;i++){var l=t[i];0!==o[l]&amp;&amp;(n=!1)}n&amp;&amp;(u.splice(r--,1),e=a(a.s=t[0]))}return e}var n={},o={1:0},u=[];function a(r){if(n[r])return n[r].exports;var t=n[r]={i:r,l:!1,exports:{}};return e[r].call(t.exports,t,t.exports,a),t.l=!0,t.exports}a.m=e,a.c=n,a.d=function(e,r,t){a.o(e,r)||Object.defineProperty(e,r,{enumerable:!0,get:t})},a.r=function(e){&quot;undefined&quot;!=typeof Symbol&amp;&amp;Symbol.toStringTag&amp;&amp;Object.defineProperty(e,Symbol.toStringTag,{value:&quot;Module&quot;}),Object.defineProperty(e,&quot;__esModule&quot;,{value:!0})},a.t=function(e,r){if(1&amp;r&amp;&amp;(e=a(e)),8&amp;r)return e;if(4&amp;r&amp;&amp;&quot;object&quot;==typeof e&amp;&amp;e&amp;&amp;e.__esModule)return e;var t=Object.create(null);if(a.r(t),Object.defineProperty(t,&quot;default&quot;,{enumerable:!0,value:e}),2&amp;r&amp;&amp;&quot;string&quot;!=typeof e)for(var n in e)a.d(t,n,function(r){return e[r]}.bind(null,n));return t},a.n=function(e){var r=e&amp;&amp;e.__esModule?function(){return e.default}:function(){return e};return a.d(r,&quot;a&quot;,r),r},a.o=function(e,r){return Object.prototype.hasOwnProperty.call(e,r)},a.p=&quot;/&quot;;var i=this.webpackJsonprainmaker5=this.webpackJsonprainmaker5||[],l=i.push.bind(i);i.push=r,i=i.slice();for(var f=0;f&lt;i.length;f++)r(i[f]);var p=l;t()}([])
//]]&gt;
    &lt;/script&gt;
    &lt;script src=&quot;/static/js/2.db616958.chunk.js&quot; type=&quot;text/javascript&quot;&gt;
    &lt;/script&gt;
    &lt;script src=&quot;/static/js/main.3b608c6c.chunk.js&quot; type=&quot;text/javascript&quot;&gt;
    &lt;/script&gt;
  &lt;/body&gt;
&lt;/html&gt;
&#039;, is malformed. Make sure it is an absolute URL, and starts with &#039;http://&#039; or &#039;https://&#039;. See https://jsoup.org/cookbook/extracting-data/working-with-urls" type="java.lang.IllegalArgumentException">
      <![CDATA[java.lang.IllegalArgumentException: The supplied URL, '<?xml version="1.0" encoding="UTF-8"?>
<html lang="en">
  <head>
    <meta charset="utf-8"/>
    <meta name="viewport" content="width=device-width,initial-scale=1,shrink-to-fit=no"/>
    <title>
      Fox Rothschild LLP — Attorneys at Law
    </title>
    <link rel="shortcut icon" href="https://d372nmlv8kweuj.cloudfront.net/fox/favicon.ico" type="image/x-icon"/>
    <style>
      a,abbr,acronym,address,applet,article,aside,audio,b,big,blockquote,body,canvas,caption,center,cite,code,dd,del,details,dfn,div,dl,dt,em,embed,fieldset,figcaption,figure,footer,form,h1,h2,h3,h4,h5,h6,header,hgroup,html,i,iframe,img,ins,kbd,label,legend,li,mark,menu,nav,object,ol,output,p,pre,q,ruby,s,samp,section,small,span,strike,strong,sub,summary,sup,table,tbody,td,tfoot,th,thead,time,tr,tt,u,ul,var,video{margin:0;padding:0;border:0;font:inherit;vertical-align:baseline}body{overflow-x:hidden!important}
    </style>
    <link href="/static/css/main.7e9bafcc.chunk.css" rel="stylesheet"/>
  </head>
  <body>
    <noscript>
      You need to enable JavaScript to run this app.
    </noscript>
    <div id="root">
    </div>
    <script type="text/javascript" async="" src="//siteimproveanalytics.com/js/siteanalyze_61283387.js">
    </script>
    <script type="text/javascript">
//<![CDATA[
!function(){var e=document.createElement("script");e.type="text/javascript",e.async=!0,e.src="//siteimproveanalytics.com/js/siteanalyze_61283387.js";var t=document.getElementsByTagName("script")[0];t.parentNode.insertBefore(e,t)}()
//]]]]><![CDATA[>
    </script>
    <script type="text/javascript">
//<![CDATA[
-1!==navigator.userAgent.indexOf("prerender")&&(window.SC_DISABLE_SPEEDY=!0)
//]]]]><![CDATA[>
    </script>
    <script type="text/javascript">
//<![CDATA[
!function(e){function r(r){for(var n,a,i=r[0],l=r[1],f=r[2],c=0,s=[];c<i.length;c++)a=i[c],Object.prototype.hasOwnProperty.call(o,a)&&o[a]&&s.push(o[a][0]),o[a]=0;for(n in l)Object.prototype.hasOwnProperty.call(l,n)&&(e[n]=l[n]);for(p&&p(r);s.length;)s.shift()();return u.push.apply(u,f||[]),t()}function t(){for(var e,r=0;r<u.length;r++){for(var t=u[r],n=!0,i=1;i<t.length;i++){var l=t[i];0!==o[l]&&(n=!1)}n&&(u.splice(r--,1),e=a(a.s=t[0]))}return e}var n={},o={1:0},u=[];function a(r){if(n[r])return n[r].exports;var t=n[r]={i:r,l:!1,exports:{}};return e[r].call(t.exports,t,t.exports,a),t.l=!0,t.exports}a.m=e,a.c=n,a.d=function(e,r,t){a.o(e,r)||Object.defineProperty(e,r,{enumerable:!0,get:t})},a.r=function(e){"undefined"!=typeof Symbol&&Symbol.toStringTag&&Object.defineProperty(e,Symbol.toStringTag,{value:"Module"}),Object.defineProperty(e,"__esModule",{value:!0})},a.t=function(e,r){if(1&r&&(e=a(e)),8&r)return e;if(4&r&&"object"==typeof e&&e&&e.__esModule)return e;var t=Object.create(null);if(a.r(t),Object.defineProperty(t,"default",{enumerable:!0,value:e}),2&r&&"string"!=typeof e)for(var n in e)a.d(t,n,function(r){return e[r]}.bind(null,n));return t},a.n=function(e){var r=e&&e.__esModule?function(){return e.default}:function(){return e};return a.d(r,"a",r),r},a.o=function(e,r){return Object.prototype.hasOwnProperty.call(e,r)},a.p="/";var i=this.webpackJsonprainmaker5=this.webpackJsonprainmaker5||[],l=i.push.bind(i);i.push=r,i=i.slice();for(var f=0;f<i.length;f++)r(i[f]);var p=l;t()}([])
//]]]]><![CDATA[>
    </script>
    <script src="/static/js/2.db616958.chunk.js" type="text/javascript">
    </script>
    <script src="/static/js/main.3b608c6c.chunk.js" type="text/javascript">
    </script>
  </body>
</html>
', is malformed. Make sure it is an absolute URL, and starts with 'http://' or 'https://'. See https://jsoup.org/cookbook/extracting-data/working-with-urls
at org.jsoup.helper.HttpConnection.url(HttpConnection.java:185)
at org.jsoup.helper.HttpConnection.connect(HttpConnection.java:81)
at org.jsoup.Jsoup.connect(Jsoup.java:94)
at com.jack.task4.Foxrothschild.run(Foxrothschild.java:53)
at java.base/jdk.internal.reflect.NativeMethodAccessorImpl.invoke0(Native Method)
at java.base/jdk.internal.reflect.NativeMethodAccessorImpl.invoke(NativeMethodAccessorImpl.java:62)
at java.base/jdk.internal.reflect.DelegatingMethodAccessorImpl.invoke(DelegatingMethodAccessorImpl.java:43)
at java.base/java.lang.reflect.Method.invoke(Method.java:566)
at org.testng.internal.invokers.MethodInvocationHelper.invokeMethod(MethodInvocationHelper.java:139)
at org.testng.internal.invokers.TestInvoker.invokeMethod(TestInvoker.java:677)
at org.testng.internal.invokers.TestInvoker.invokeTestMethod(TestInvoker.java:221)
at org.testng.internal.invokers.MethodRunner.runInSequence(MethodRunner.java:50)
at org.testng.internal.invokers.TestInvoker$MethodInvocationAgent.invoke(TestInvoker.java:969)
at org.testng.internal.invokers.TestInvoker.invokeTestMethods(TestInvoker.java:194)
at org.testng.internal.invokers.TestMethodWorker.invokeTestMethods(TestMethodWorker.java:148)
at org.testng.internal.invokers.TestMethodWorker.run(TestMethodWorker.java:128)
at java.base/java.util.ArrayList.forEach(ArrayList.java:1541)
at org.testng.TestRunner.privateRun(TestRunner.java:829)
at org.testng.TestRunner.run(TestRunner.java:602)
at org.testng.SuiteRunner.runTest(SuiteRunner.java:437)
at org.testng.SuiteRunner.runSequentially(SuiteRunner.java:431)
at org.testng.SuiteRunner.privateRun(SuiteRunner.java:391)
at org.testng.SuiteRunner.run(SuiteRunner.java:330)
at org.testng.SuiteRunnerWorker.runSuite(SuiteRunnerWorker.java:52)
at org.testng.SuiteRunnerWorker.run(SuiteRunnerWorker.java:95)
at org.testng.TestNG.runSuitesSequentially(TestNG.java:1256)
at org.testng.TestNG.runSuitesLocally(TestNG.java:1176)
at org.testng.TestNG.runSuites(TestNG.java:1099)
at org.testng.TestNG.run(TestNG.java:1067)
at org.testng.remote.AbstractRemoteTestNG.run(AbstractRemoteTestNG.java:115)
at org.testng.remote.RemoteTestNG.initAndRun(RemoteTestNG.java:251)
at org.testng.remote.RemoteTestNG.main(RemoteTestNG.java:77)
Caused by: java.net.MalformedURLException: no protocol: <?xml version="1.0" encoding="UTF-8"?>
<html lang="en">
  <head>
    <meta charset="utf-8"/>
    <meta name="viewport" content="width=device-width,initial-scale=1,shrink-to-fit=no"/>
    <title>
      Fox Rothschild LLP — Attorneys at Law
    </title>
    <link rel="shortcut icon" href="https://d372nmlv8kweuj.cloudfront.net/fox/favicon.ico" type="image/x-icon"/>
    <style>
      a,abbr,acronym,address,applet,article,aside,audio,b,big,blockquote,body,canvas,caption,center,cite,code,dd,del,details,dfn,div,dl,dt,em,embed,fieldset,figcaption,figure,footer,form,h1,h2,h3,h4,h5,h6,header,hgroup,html,i,iframe,img,ins,kbd,label,legend,li,mark,menu,nav,object,ol,output,p,pre,q,ruby,s,samp,section,small,span,strike,strong,sub,summary,sup,table,tbody,td,tfoot,th,thead,time,tr,tt,u,ul,var,video{margin:0;padding:0;border:0;font:inherit;vertical-align:baseline}body{overflow-x:hidden!important}
    </style>
    <link href="/static/css/main.7e9bafcc.chunk.css" rel="stylesheet"/>
  </head>
  <body>
    <noscript>
      You need to enable JavaScript to run this app.
    </noscript>
    <div id="root">
    </div>
    <script type="text/javascript" async="" src="//siteimproveanalytics.com/js/siteanalyze_61283387.js">
    </script>
    <script type="text/javascript">
//<![CDATA[
!function(){var e=document.createElement("script");e.type="text/javascript",e.async=!0,e.src="//siteimproveanalytics.com/js/siteanalyze_61283387.js";var t=document.getElementsByTagName("script")[0];t.parentNode.insertBefore(e,t)}()
//]]]]><![CDATA[>
    </script>
    <script type="text/javascript">
//<![CDATA[
-1!==navigator.userAgent.indexOf("prerender")&&(window.SC_DISABLE_SPEEDY=!0)
//]]]]><![CDATA[>
    </script>
    <script type="text/javascript">
//<![CDATA[
!function(e){function r(r){for(var n,a,i=r[0],l=r[1],f=r[2],c=0,s=[];c<i.length;c++)a=i[c],Object.prototype.hasOwnProperty.call(o,a)&&o[a]&&s.push(o[a][0]),o[a]=0;for(n in l)Object.prototype.hasOwnProperty.call(l,n)&&(e[n]=l[n]);for(p&&p(r);s.length;)s.shift()();return u.push.apply(u,f||[]),t()}function t(){for(var e,r=0;r<u.length;r++){for(var t=u[r],n=!0,i=1;i<t.length;i++){var l=t[i];0!==o[l]&&(n=!1)}n&&(u.splice(r--,1),e=a(a.s=t[0]))}return e}var n={},o={1:0},u=[];function a(r){if(n[r])return n[r].exports;var t=n[r]={i:r,l:!1,exports:{}};return e[r].call(t.exports,t,t.exports,a),t.l=!0,t.exports}a.m=e,a.c=n,a.d=function(e,r,t){a.o(e,r)||Object.defineProperty(e,r,{enumerable:!0,get:t})},a.r=function(e){"undefined"!=typeof Symbol&&Symbol.toStringTag&&Object.defineProperty(e,Symbol.toStringTag,{value:"Module"}),Object.defineProperty(e,"__esModule",{value:!0})},a.t=function(e,r){if(1&r&&(e=a(e)),8&r)return e;if(4&r&&"object"==typeof e&&e&&e.__esModule)return e;var t=Object.create(null);if(a.r(t),Object.defineProperty(t,"default",{enumerable:!0,value:e}),2&r&&"string"!=typeof e)for(var n in e)a.d(t,n,function(r){return e[r]}.bind(null,n));return t},a.n=function(e){var r=e&&e.__esModule?function(){return e.default}:function(){return e};return a.d(r,"a",r),r},a.o=function(e,r){return Object.prototype.hasOwnProperty.call(e,r)},a.p="/";var i=this.webpackJsonprainmaker5=this.webpackJsonprainmaker5||[],l=i.push.bind(i);i.push=r,i=i.slice();for(var f=0;f<i.length;f++)r(i[f]);var p=l;t()}([])
//]]]]><![CDATA[>
    </script>
    <script src="/static/js/2.db616958.chunk.js" type="text/javascript">
    </script>
    <script src="/static/js/main.3b608c6c.chunk.js" type="text/javascript">
    </script>
  </body>
</html>

at java.base/java.net.URL.<init>(URL.java:645)
at java.base/java.net.URL.<init>(URL.java:541)
at java.base/java.net.URL.<init>(URL.java:488)
at org.jsoup.helper.HttpConnection.url(HttpConnection.java:183)
... 31 more
]]>
    </error>
  </testcase> <!-- run -->
  <system-out/>
  <testcase classname="com.jack.task4.Foxrothschild" name="testx" time="0.001"/>
  <system-out/>
  <testcase classname="com.jack.task4.Foxrothschild" name="run" time="2.027">
    <error message="The supplied URL, &#039;&lt;?xml version=&quot;1.0&quot; encoding=&quot;UTF-8&quot;?&gt;
&lt;html lang=&quot;en&quot;&gt;
  &lt;head&gt;
    &lt;meta charset=&quot;utf-8&quot;/&gt;
    &lt;meta name=&quot;viewport&quot; content=&quot;width=device-width,initial-scale=1,shrink-to-fit=no&quot;/&gt;
    &lt;title&gt;
      Fox Rothschild LLP — Attorneys at Law
    &lt;/title&gt;
    &lt;link rel=&quot;shortcut icon&quot; href=&quot;https://d372nmlv8kweuj.cloudfront.net/fox/favicon.ico&quot; type=&quot;image/x-icon&quot;/&gt;
    &lt;style&gt;
      a,abbr,acronym,address,applet,article,aside,audio,b,big,blockquote,body,canvas,caption,center,cite,code,dd,del,details,dfn,div,dl,dt,em,embed,fieldset,figcaption,figure,footer,form,h1,h2,h3,h4,h5,h6,header,hgroup,html,i,iframe,img,ins,kbd,label,legend,li,mark,menu,nav,object,ol,output,p,pre,q,ruby,s,samp,section,small,span,strike,strong,sub,summary,sup,table,tbody,td,tfoot,th,thead,time,tr,tt,u,ul,var,video{margin:0;padding:0;border:0;font:inherit;vertical-align:baseline}body{overflow-x:hidden!important}
    &lt;/style&gt;
    &lt;link href=&quot;/static/css/main.7e9bafcc.chunk.css&quot; rel=&quot;stylesheet&quot;/&gt;
  &lt;/head&gt;
  &lt;body&gt;
    &lt;noscript&gt;
      You need to enable JavaScript to run this app.
    &lt;/noscript&gt;
    &lt;div id=&quot;root&quot;&gt;
    &lt;/div&gt;
    &lt;script type=&quot;text/javascript&quot; async=&quot;&quot; src=&quot;//siteimproveanalytics.com/js/siteanalyze_61283387.js&quot;&gt;
    &lt;/script&gt;
    &lt;script type=&quot;text/javascript&quot;&gt;
//&lt;![CDATA[
!function(){var e=document.createElement(&quot;script&quot;);e.type=&quot;text/javascript&quot;,e.async=!0,e.src=&quot;//siteimproveanalytics.com/js/siteanalyze_61283387.js&quot;;var t=document.getElementsByTagName(&quot;script&quot;)[0];t.parentNode.insertBefore(e,t)}()
//]]&gt;
    &lt;/script&gt;
    &lt;script type=&quot;text/javascript&quot;&gt;
//&lt;![CDATA[
-1!==navigator.userAgent.indexOf(&quot;prerender&quot;)&amp;&amp;(window.SC_DISABLE_SPEEDY=!0)
//]]&gt;
    &lt;/script&gt;
    &lt;script type=&quot;text/javascript&quot;&gt;
//&lt;![CDATA[
!function(e){function r(r){for(var n,a,i=r[0],l=r[1],f=r[2],c=0,s=[];c&lt;i.length;c++)a=i[c],Object.prototype.hasOwnProperty.call(o,a)&amp;&amp;o[a]&amp;&amp;s.push(o[a][0]),o[a]=0;for(n in l)Object.prototype.hasOwnProperty.call(l,n)&amp;&amp;(e[n]=l[n]);for(p&amp;&amp;p(r);s.length;)s.shift()();return u.push.apply(u,f||[]),t()}function t(){for(var e,r=0;r&lt;u.length;r++){for(var t=u[r],n=!0,i=1;i&lt;t.length;i++){var l=t[i];0!==o[l]&amp;&amp;(n=!1)}n&amp;&amp;(u.splice(r--,1),e=a(a.s=t[0]))}return e}var n={},o={1:0},u=[];function a(r){if(n[r])return n[r].exports;var t=n[r]={i:r,l:!1,exports:{}};return e[r].call(t.exports,t,t.exports,a),t.l=!0,t.exports}a.m=e,a.c=n,a.d=function(e,r,t){a.o(e,r)||Object.defineProperty(e,r,{enumerable:!0,get:t})},a.r=function(e){&quot;undefined&quot;!=typeof Symbol&amp;&amp;Symbol.toStringTag&amp;&amp;Object.defineProperty(e,Symbol.toStringTag,{value:&quot;Module&quot;}),Object.defineProperty(e,&quot;__esModule&quot;,{value:!0})},a.t=function(e,r){if(1&amp;r&amp;&amp;(e=a(e)),8&amp;r)return e;if(4&amp;r&amp;&amp;&quot;object&quot;==typeof e&amp;&amp;e&amp;&amp;e.__esModule)return e;var t=Object.create(null);if(a.r(t),Object.defineProperty(t,&quot;default&quot;,{enumerable:!0,value:e}),2&amp;r&amp;&amp;&quot;string&quot;!=typeof e)for(var n in e)a.d(t,n,function(r){return e[r]}.bind(null,n));return t},a.n=function(e){var r=e&amp;&amp;e.__esModule?function(){return e.default}:function(){return e};return a.d(r,&quot;a&quot;,r),r},a.o=function(e,r){return Object.prototype.hasOwnProperty.call(e,r)},a.p=&quot;/&quot;;var i=this.webpackJsonprainmaker5=this.webpackJsonprainmaker5||[],l=i.push.bind(i);i.push=r,i=i.slice();for(var f=0;f&lt;i.length;f++)r(i[f]);var p=l;t()}([])
//]]&gt;
    &lt;/script&gt;
    &lt;script src=&quot;/static/js/2.db616958.chunk.js&quot; type=&quot;text/javascript&quot;&gt;
    &lt;/script&gt;
    &lt;script src=&quot;/static/js/main.3b608c6c.chunk.js&quot; type=&quot;text/javascript&quot;&gt;
    &lt;/script&gt;
  &lt;/body&gt;
&lt;/html&gt;
&#039;, is malformed. Make sure it is an absolute URL, and starts with &#039;http://&#039; or &#039;https://&#039;. See https://jsoup.org/cookbook/extracting-data/working-with-urls" type="java.lang.IllegalArgumentException">
      <![CDATA[java.lang.IllegalArgumentException: The supplied URL, '<?xml version="1.0" encoding="UTF-8"?>
<html lang="en">
  <head>
    <meta charset="utf-8"/>
    <meta name="viewport" content="width=device-width,initial-scale=1,shrink-to-fit=no"/>
    <title>
      Fox Rothschild LLP — Attorneys at Law
    </title>
    <link rel="shortcut icon" href="https://d372nmlv8kweuj.cloudfront.net/fox/favicon.ico" type="image/x-icon"/>
    <style>
      a,abbr,acronym,address,applet,article,aside,audio,b,big,blockquote,body,canvas,caption,center,cite,code,dd,del,details,dfn,div,dl,dt,em,embed,fieldset,figcaption,figure,footer,form,h1,h2,h3,h4,h5,h6,header,hgroup,html,i,iframe,img,ins,kbd,label,legend,li,mark,menu,nav,object,ol,output,p,pre,q,ruby,s,samp,section,small,span,strike,strong,sub,summary,sup,table,tbody,td,tfoot,th,thead,time,tr,tt,u,ul,var,video{margin:0;padding:0;border:0;font:inherit;vertical-align:baseline}body{overflow-x:hidden!important}
    </style>
    <link href="/static/css/main.7e9bafcc.chunk.css" rel="stylesheet"/>
  </head>
  <body>
    <noscript>
      You need to enable JavaScript to run this app.
    </noscript>
    <div id="root">
    </div>
    <script type="text/javascript" async="" src="//siteimproveanalytics.com/js/siteanalyze_61283387.js">
    </script>
    <script type="text/javascript">
//<![CDATA[
!function(){var e=document.createElement("script");e.type="text/javascript",e.async=!0,e.src="//siteimproveanalytics.com/js/siteanalyze_61283387.js";var t=document.getElementsByTagName("script")[0];t.parentNode.insertBefore(e,t)}()
//]]]]><![CDATA[>
    </script>
    <script type="text/javascript">
//<![CDATA[
-1!==navigator.userAgent.indexOf("prerender")&&(window.SC_DISABLE_SPEEDY=!0)
//]]]]><![CDATA[>
    </script>
    <script type="text/javascript">
//<![CDATA[
!function(e){function r(r){for(var n,a,i=r[0],l=r[1],f=r[2],c=0,s=[];c<i.length;c++)a=i[c],Object.prototype.hasOwnProperty.call(o,a)&&o[a]&&s.push(o[a][0]),o[a]=0;for(n in l)Object.prototype.hasOwnProperty.call(l,n)&&(e[n]=l[n]);for(p&&p(r);s.length;)s.shift()();return u.push.apply(u,f||[]),t()}function t(){for(var e,r=0;r<u.length;r++){for(var t=u[r],n=!0,i=1;i<t.length;i++){var l=t[i];0!==o[l]&&(n=!1)}n&&(u.splice(r--,1),e=a(a.s=t[0]))}return e}var n={},o={1:0},u=[];function a(r){if(n[r])return n[r].exports;var t=n[r]={i:r,l:!1,exports:{}};return e[r].call(t.exports,t,t.exports,a),t.l=!0,t.exports}a.m=e,a.c=n,a.d=function(e,r,t){a.o(e,r)||Object.defineProperty(e,r,{enumerable:!0,get:t})},a.r=function(e){"undefined"!=typeof Symbol&&Symbol.toStringTag&&Object.defineProperty(e,Symbol.toStringTag,{value:"Module"}),Object.defineProperty(e,"__esModule",{value:!0})},a.t=function(e,r){if(1&r&&(e=a(e)),8&r)return e;if(4&r&&"object"==typeof e&&e&&e.__esModule)return e;var t=Object.create(null);if(a.r(t),Object.defineProperty(t,"default",{enumerable:!0,value:e}),2&r&&"string"!=typeof e)for(var n in e)a.d(t,n,function(r){return e[r]}.bind(null,n));return t},a.n=function(e){var r=e&&e.__esModule?function(){return e.default}:function(){return e};return a.d(r,"a",r),r},a.o=function(e,r){return Object.prototype.hasOwnProperty.call(e,r)},a.p="/";var i=this.webpackJsonprainmaker5=this.webpackJsonprainmaker5||[],l=i.push.bind(i);i.push=r,i=i.slice();for(var f=0;f<i.length;f++)r(i[f]);var p=l;t()}([])
//]]]]><![CDATA[>
    </script>
    <script src="/static/js/2.db616958.chunk.js" type="text/javascript">
    </script>
    <script src="/static/js/main.3b608c6c.chunk.js" type="text/javascript">
    </script>
  </body>
</html>
', is malformed. Make sure it is an absolute URL, and starts with 'http://' or 'https://'. See https://jsoup.org/cookbook/extracting-data/working-with-urls
at org.jsoup.helper.HttpConnection.url(HttpConnection.java:185)
at org.jsoup.helper.HttpConnection.connect(HttpConnection.java:81)
at org.jsoup.Jsoup.connect(Jsoup.java:94)
at com.jack.task4.Foxrothschild.run(Foxrothschild.java:53)
at java.base/jdk.internal.reflect.NativeMethodAccessorImpl.invoke0(Native Method)
at java.base/jdk.internal.reflect.NativeMethodAccessorImpl.invoke(NativeMethodAccessorImpl.java:62)
at java.base/jdk.internal.reflect.DelegatingMethodAccessorImpl.invoke(DelegatingMethodAccessorImpl.java:43)
at java.base/java.lang.reflect.Method.invoke(Method.java:566)
at org.testng.internal.invokers.MethodInvocationHelper.invokeMethod(MethodInvocationHelper.java:139)
at org.testng.internal.invokers.TestInvoker.invokeMethod(TestInvoker.java:677)
at org.testng.internal.invokers.TestInvoker.invokeTestMethod(TestInvoker.java:221)
at org.testng.internal.invokers.MethodRunner.runInSequence(MethodRunner.java:50)
at org.testng.internal.invokers.TestInvoker$MethodInvocationAgent.invoke(TestInvoker.java:969)
at org.testng.internal.invokers.TestInvoker.invokeTestMethods(TestInvoker.java:194)
at org.testng.internal.invokers.TestMethodWorker.invokeTestMethods(TestMethodWorker.java:148)
at org.testng.internal.invokers.TestMethodWorker.run(TestMethodWorker.java:128)
at java.base/java.util.ArrayList.forEach(ArrayList.java:1541)
at org.testng.TestRunner.privateRun(TestRunner.java:829)
at org.testng.TestRunner.run(TestRunner.java:602)
at org.testng.SuiteRunner.runTest(SuiteRunner.java:437)
at org.testng.SuiteRunner.runSequentially(SuiteRunner.java:431)
at org.testng.SuiteRunner.privateRun(SuiteRunner.java:391)
at org.testng.SuiteRunner.run(SuiteRunner.java:330)
at org.testng.SuiteRunnerWorker.runSuite(SuiteRunnerWorker.java:52)
at org.testng.SuiteRunnerWorker.run(SuiteRunnerWorker.java:95)
at org.testng.TestNG.runSuitesSequentially(TestNG.java:1256)
at org.testng.TestNG.runSuitesLocally(TestNG.java:1176)
at org.testng.TestNG.runSuites(TestNG.java:1099)
at org.testng.TestNG.run(TestNG.java:1067)
at org.testng.remote.AbstractRemoteTestNG.run(AbstractRemoteTestNG.java:115)
at org.testng.remote.RemoteTestNG.initAndRun(RemoteTestNG.java:251)
at org.testng.remote.RemoteTestNG.main(RemoteTestNG.java:77)
Caused by: java.net.MalformedURLException: no protocol: <?xml version="1.0" encoding="UTF-8"?>
<html lang="en">
  <head>
    <meta charset="utf-8"/>
    <meta name="viewport" content="width=device-width,initial-scale=1,shrink-to-fit=no"/>
    <title>
      Fox Rothschild LLP — Attorneys at Law
    </title>
    <link rel="shortcut icon" href="https://d372nmlv8kweuj.cloudfront.net/fox/favicon.ico" type="image/x-icon"/>
    <style>
      a,abbr,acronym,address,applet,article,aside,audio,b,big,blockquote,body,canvas,caption,center,cite,code,dd,del,details,dfn,div,dl,dt,em,embed,fieldset,figcaption,figure,footer,form,h1,h2,h3,h4,h5,h6,header,hgroup,html,i,iframe,img,ins,kbd,label,legend,li,mark,menu,nav,object,ol,output,p,pre,q,ruby,s,samp,section,small,span,strike,strong,sub,summary,sup,table,tbody,td,tfoot,th,thead,time,tr,tt,u,ul,var,video{margin:0;padding:0;border:0;font:inherit;vertical-align:baseline}body{overflow-x:hidden!important}
    </style>
    <link href="/static/css/main.7e9bafcc.chunk.css" rel="stylesheet"/>
  </head>
  <body>
    <noscript>
      You need to enable JavaScript to run this app.
    </noscript>
    <div id="root">
    </div>
    <script type="text/javascript" async="" src="//siteimproveanalytics.com/js/siteanalyze_61283387.js">
    </script>
    <script type="text/javascript">
//<![CDATA[
!function(){var e=document.createElement("script");e.type="text/javascript",e.async=!0,e.src="//siteimproveanalytics.com/js/siteanalyze_61283387.js";var t=document.getElementsByTagName("script")[0];t.parentNode.insertBefore(e,t)}()
//]]]]><![CDATA[>
    </script>
    <script type="text/javascript">
//<![CDATA[
-1!==navigator.userAgent.indexOf("prerender")&&(window.SC_DISABLE_SPEEDY=!0)
//]]]]><![CDATA[>
    </script>
    <script type="text/javascript">
//<![CDATA[
!function(e){function r(r){for(var n,a,i=r[0],l=r[1],f=r[2],c=0,s=[];c<i.length;c++)a=i[c],Object.prototype.hasOwnProperty.call(o,a)&&o[a]&&s.push(o[a][0]),o[a]=0;for(n in l)Object.prototype.hasOwnProperty.call(l,n)&&(e[n]=l[n]);for(p&&p(r);s.length;)s.shift()();return u.push.apply(u,f||[]),t()}function t(){for(var e,r=0;r<u.length;r++){for(var t=u[r],n=!0,i=1;i<t.length;i++){var l=t[i];0!==o[l]&&(n=!1)}n&&(u.splice(r--,1),e=a(a.s=t[0]))}return e}var n={},o={1:0},u=[];function a(r){if(n[r])return n[r].exports;var t=n[r]={i:r,l:!1,exports:{}};return e[r].call(t.exports,t,t.exports,a),t.l=!0,t.exports}a.m=e,a.c=n,a.d=function(e,r,t){a.o(e,r)||Object.defineProperty(e,r,{enumerable:!0,get:t})},a.r=function(e){"undefined"!=typeof Symbol&&Symbol.toStringTag&&Object.defineProperty(e,Symbol.toStringTag,{value:"Module"}),Object.defineProperty(e,"__esModule",{value:!0})},a.t=function(e,r){if(1&r&&(e=a(e)),8&r)return e;if(4&r&&"object"==typeof e&&e&&e.__esModule)return e;var t=Object.create(null);if(a.r(t),Object.defineProperty(t,"default",{enumerable:!0,value:e}),2&r&&"string"!=typeof e)for(var n in e)a.d(t,n,function(r){return e[r]}.bind(null,n));return t},a.n=function(e){var r=e&&e.__esModule?function(){return e.default}:function(){return e};return a.d(r,"a",r),r},a.o=function(e,r){return Object.prototype.hasOwnProperty.call(e,r)},a.p="/";var i=this.webpackJsonprainmaker5=this.webpackJsonprainmaker5||[],l=i.push.bind(i);i.push=r,i=i.slice();for(var f=0;f<i.length;f++)r(i[f]);var p=l;t()}([])
//]]]]><![CDATA[>
    </script>
    <script src="/static/js/2.db616958.chunk.js" type="text/javascript">
    </script>
    <script src="/static/js/main.3b608c6c.chunk.js" type="text/javascript">
    </script>
  </body>
</html>

at java.base/java.net.URL.<init>(URL.java:645)
at java.base/java.net.URL.<init>(URL.java:541)
at java.base/java.net.URL.<init>(URL.java:488)
at org.jsoup.helper.HttpConnection.url(HttpConnection.java:183)
... 31 more
]]>
    </error>
  </testcase> <!-- run -->
  <system-out/>
</testsuite> <!-- com.jack.task4.Foxrothschild -->
