<?xml version="1.0" encoding="UTF-8"?>
<!-- Generated by org.testng.reporters.JUnitReportReporter -->
<testsuite hostname="DESKTOP-3DLKC1S" failures="0" tests="6" name="com.jack.task4.FoxrothschildSelenium" time="14.820" errors="0" timestamp="2023-04-03T15:00:54 BDT" skipped="0">
  <testcase classname="com.jack.task4.FoxrothschildSelenium" name="run" time="5.075"/>
  <system-out/>
  <testcase classname="com.jack.task4.FoxrothschildSelenium" name="saveList" time="0.180"/>
  <system-out/>
  <testcase classname="com.jack.task4.FoxrothschildSelenium" name="run" time="2.975"/>
  <system-out/>
  <testcase classname="com.jack.task4.FoxrothschildSelenium" name="run" time="3.380"/>
  <system-out/>
  <testcase classname="com.jack.task4.FoxrothschildSelenium" name="run" time="3.209"/>
  <system-out/>
  <testcase classname="com.jack.task4.FoxrothschildSelenium" name="testx" time="0.001"/>
  <system-out/>
</testsuite> <!-- com.jack.task4.FoxrothschildSelenium -->
