<?xml version="1.0" encoding="UTF-8"?>
<!-- Generated by org.testng.reporters.JUnitReportReporter -->
<testsuite hostname="DESKTOP-3DLKC1S" failures="0" tests="7" name="com.jack.task3.Lw" time="19.185" errors="0" timestamp="2023-03-17T10:26:25 BDT" skipped="0">
  <testcase classname="com.jack.task3.Lw" name="run" time="3.522"/>
  <system-out/>
  <testcase classname="com.jack.task3.Lw" name="run" time="6.357"/>
  <system-out/>
  <testcase classname="com.jack.task3.Lw" name="run" time="3.003"/>
  <system-out/>
  <testcase classname="com.jack.task3.Lw" name="saveList" time="0.034"/>
  <system-out/>
  <testcase classname="com.jack.task3.Lw" name="testx" time="0.001"/>
  <system-out/>
  <testcase classname="com.jack.task3.Lw" name="run" time="3.725"/>
  <system-out/>
  <testcase classname="com.jack.task3.Lw" name="run" time="2.543"/>
  <system-out/>
</testsuite> <!-- com.jack.task3.Lw -->
