<?xml version="1.0" encoding="UTF-8"?>
<!-- Generated by org.testng.reporters.JUnitReportReporter -->
<testsuite hostname="DESKTOP-89RDKF8" failures="0" tests="309" name="com.jack.task.Gibsondunn" time="1069.747" errors="0" timestamp="2022-12-24T12:13:42 BDT" skipped="0">
  <testcase classname="com.jack.task.Gibsondunn" name="run" time="2.310"/>
  <system-out/>
  <testcase classname="com.jack.task.Gibsondunn" name="run" time="2.253"/>
  <system-out/>
  <testcase classname="com.jack.task.Gibsondunn" name="run" time="2.292"/>
  <system-out/>
  <testcase classname="com.jack.task.Gibsondunn" name="run" time="2.945"/>
  <system-out/>
  <testcase classname="com.jack.task.Gibsondunn" name="run" time="2.389"/>
  <system-out/>
  <testcase classname="com.jack.task.Gibsondunn" name="run" time="2.030"/>
  <system-out/>
  <testcase classname="com.jack.task.Gibsondunn" name="run" time="2.545"/>
  <system-out/>
  <testcase classname="com.jack.task.Gibsondunn" name="run" time="3.427"/>
  <system-out/>
  <testcase classname="com.jack.task.Gibsondunn" name="run" time="2.475"/>
  <system-out/>
  <testcase classname="com.jack.task.Gibsondunn" name="run" time="2.598"/>
  <system-out/>
  <testcase classname="com.jack.task.Gibsondunn" name="run" time="2.684"/>
  <system-out/>
  <testcase classname="com.jack.task.Gibsondunn" name="run" time="2.579"/>
  <system-out/>
  <testcase classname="com.jack.task.Gibsondunn" name="run" time="2.161"/>
  <system-out/>
  <testcase classname="com.jack.task.Gibsondunn" name="run" time="2.884"/>
  <system-out/>
  <testcase classname="com.jack.task.Gibsondunn" name="run" time="2.677"/>
  <system-out/>
  <testcase classname="com.jack.task.Gibsondunn" name="run" time="2.771"/>
  <system-out/>
  <testcase classname="com.jack.task.Gibsondunn" name="run" time="2.285"/>
  <system-out/>
  <testcase classname="com.jack.task.Gibsondunn" name="run" time="2.581"/>
  <system-out/>
  <testcase classname="com.jack.task.Gibsondunn" name="run" time="2.435"/>
  <system-out/>
  <testcase classname="com.jack.task.Gibsondunn" name="run" time="2.641"/>
  <system-out/>
  <testcase classname="com.jack.task.Gibsondunn" name="run" time="2.223"/>
  <system-out/>
  <testcase classname="com.jack.task.Gibsondunn" name="run" time="2.834"/>
  <system-out/>
  <testcase classname="com.jack.task.Gibsondunn" name="run" time="1.957"/>
  <system-out/>
  <testcase classname="com.jack.task.Gibsondunn" name="run" time="2.504"/>
  <system-out/>
  <testcase classname="com.jack.task.Gibsondunn" name="run" time="3.002"/>
  <system-out/>
  <testcase classname="com.jack.task.Gibsondunn" name="run" time="5.038"/>
  <system-out/>
  <testcase classname="com.jack.task.Gibsondunn" name="run" time="4.559"/>
  <system-out/>
  <testcase classname="com.jack.task.Gibsondunn" name="run" time="8.611"/>
  <system-out/>
  <testcase classname="com.jack.task.Gibsondunn" name="run" time="2.636"/>
  <system-out/>
  <testcase classname="com.jack.task.Gibsondunn" name="run" time="2.119"/>
  <system-out/>
  <testcase classname="com.jack.task.Gibsondunn" name="run" time="3.069"/>
  <system-out/>
  <testcase classname="com.jack.task.Gibsondunn" name="run" time="2.675"/>
  <system-out/>
  <testcase classname="com.jack.task.Gibsondunn" name="run" time="2.455"/>
  <system-out/>
  <testcase classname="com.jack.task.Gibsondunn" name="run" time="2.031"/>
  <system-out/>
  <testcase classname="com.jack.task.Gibsondunn" name="run" time="2.869"/>
  <system-out/>
  <testcase classname="com.jack.task.Gibsondunn" name="run" time="2.728"/>
  <system-out/>
  <testcase classname="com.jack.task.Gibsondunn" name="run" time="3.859"/>
  <system-out/>
  <testcase classname="com.jack.task.Gibsondunn" name="run" time="2.968"/>
  <system-out/>
  <testcase classname="com.jack.task.Gibsondunn" name="run" time="2.454"/>
  <system-out/>
  <testcase classname="com.jack.task.Gibsondunn" name="run" time="5.183"/>
  <system-out/>
  <testcase classname="com.jack.task.Gibsondunn" name="run" time="5.814"/>
  <system-out/>
  <testcase classname="com.jack.task.Gibsondunn" name="run" time="2.936"/>
  <system-out/>
  <testcase classname="com.jack.task.Gibsondunn" name="run" time="1.577"/>
  <system-out/>
  <testcase classname="com.jack.task.Gibsondunn" name="run" time="2.024"/>
  <system-out/>
  <testcase classname="com.jack.task.Gibsondunn" name="run" time="2.692"/>
  <system-out/>
  <testcase classname="com.jack.task.Gibsondunn" name="run" time="2.082"/>
  <system-out/>
  <testcase classname="com.jack.task.Gibsondunn" name="run" time="2.706"/>
  <system-out/>
  <testcase classname="com.jack.task.Gibsondunn" name="run" time="1.933"/>
  <system-out/>
  <testcase classname="com.jack.task.Gibsondunn" name="run" time="2.229"/>
  <system-out/>
  <testcase classname="com.jack.task.Gibsondunn" name="run" time="2.798"/>
  <system-out/>
  <testcase classname="com.jack.task.Gibsondunn" name="run" time="3.160"/>
  <system-out/>
  <testcase classname="com.jack.task.Gibsondunn" name="run" time="2.372"/>
  <system-out/>
  <testcase classname="com.jack.task.Gibsondunn" name="run" time="2.282"/>
  <system-out/>
  <testcase classname="com.jack.task.Gibsondunn" name="run" time="2.447"/>
  <system-out/>
  <testcase classname="com.jack.task.Gibsondunn" name="run" time="2.617"/>
  <system-out/>
  <testcase classname="com.jack.task.Gibsondunn" name="run" time="2.033"/>
  <system-out/>
  <testcase classname="com.jack.task.Gibsondunn" name="run" time="3.155"/>
  <system-out/>
  <testcase classname="com.jack.task.Gibsondunn" name="run" time="2.446"/>
  <system-out/>
  <testcase classname="com.jack.task.Gibsondunn" name="run" time="3.261"/>
  <system-out/>
  <testcase classname="com.jack.task.Gibsondunn" name="run" time="2.745"/>
  <system-out/>
  <testcase classname="com.jack.task.Gibsondunn" name="run" time="2.184"/>
  <system-out/>
  <testcase classname="com.jack.task.Gibsondunn" name="run" time="2.300"/>
  <system-out/>
  <testcase classname="com.jack.task.Gibsondunn" name="run" time="2.570"/>
  <system-out/>
  <testcase classname="com.jack.task.Gibsondunn" name="run" time="2.903"/>
  <system-out/>
  <testcase classname="com.jack.task.Gibsondunn" name="run" time="2.518"/>
  <system-out/>
  <testcase classname="com.jack.task.Gibsondunn" name="run" time="2.087"/>
  <system-out/>
  <testcase classname="com.jack.task.Gibsondunn" name="run" time="2.537"/>
  <system-out/>
  <testcase classname="com.jack.task.Gibsondunn" name="run" time="3.322"/>
  <system-out/>
  <testcase classname="com.jack.task.Gibsondunn" name="run" time="2.351"/>
  <system-out/>
  <testcase classname="com.jack.task.Gibsondunn" name="run" time="2.192"/>
  <system-out/>
  <testcase classname="com.jack.task.Gibsondunn" name="run" time="2.018"/>
  <system-out/>
  <testcase classname="com.jack.task.Gibsondunn" name="run" time="2.066"/>
  <system-out/>
  <testcase classname="com.jack.task.Gibsondunn" name="run" time="2.947"/>
  <system-out/>
  <testcase classname="com.jack.task.Gibsondunn" name="run" time="2.486"/>
  <system-out/>
  <testcase classname="com.jack.task.Gibsondunn" name="run" time="3.162"/>
  <system-out/>
  <testcase classname="com.jack.task.Gibsondunn" name="run" time="3.151"/>
  <system-out/>
  <testcase classname="com.jack.task.Gibsondunn" name="run" time="2.996"/>
  <system-out/>
  <testcase classname="com.jack.task.Gibsondunn" name="run" time="1.372"/>
  <system-out/>
  <testcase classname="com.jack.task.Gibsondunn" name="run" time="2.539"/>
  <system-out/>
  <testcase classname="com.jack.task.Gibsondunn" name="run" time="3.213"/>
  <system-out/>
  <testcase classname="com.jack.task.Gibsondunn" name="run" time="2.422"/>
  <system-out/>
  <testcase classname="com.jack.task.Gibsondunn" name="run" time="2.038"/>
  <system-out/>
  <testcase classname="com.jack.task.Gibsondunn" name="run" time="2.404"/>
  <system-out/>
  <testcase classname="com.jack.task.Gibsondunn" name="run" time="2.355"/>
  <system-out/>
  <testcase classname="com.jack.task.Gibsondunn" name="run" time="2.764"/>
  <system-out/>
  <testcase classname="com.jack.task.Gibsondunn" name="run" time="2.816"/>
  <system-out/>
  <testcase classname="com.jack.task.Gibsondunn" name="run" time="2.611"/>
  <system-out/>
  <testcase classname="com.jack.task.Gibsondunn" name="run" time="2.464"/>
  <system-out/>
  <testcase classname="com.jack.task.Gibsondunn" name="run" time="2.390"/>
  <system-out/>
  <testcase classname="com.jack.task.Gibsondunn" name="run" time="3.897"/>
  <system-out/>
  <testcase classname="com.jack.task.Gibsondunn" name="run" time="2.908"/>
  <system-out/>
  <testcase classname="com.jack.task.Gibsondunn" name="run" time="3.149"/>
  <system-out/>
  <testcase classname="com.jack.task.Gibsondunn" name="run" time="1.722"/>
  <system-out/>
  <testcase classname="com.jack.task.Gibsondunn" name="run" time="2.170"/>
  <system-out/>
  <testcase classname="com.jack.task.Gibsondunn" name="run" time="2.198"/>
  <system-out/>
  <testcase classname="com.jack.task.Gibsondunn" name="run" time="2.730"/>
  <system-out/>
  <testcase classname="com.jack.task.Gibsondunn" name="run" time="1.962"/>
  <system-out/>
  <testcase classname="com.jack.task.Gibsondunn" name="run" time="3.158"/>
  <system-out/>
  <testcase classname="com.jack.task.Gibsondunn" name="run" time="2.370"/>
  <system-out/>
  <testcase classname="com.jack.task.Gibsondunn" name="run" time="2.021"/>
  <system-out/>
  <testcase classname="com.jack.task.Gibsondunn" name="run" time="2.347"/>
  <system-out/>
  <testcase classname="com.jack.task.Gibsondunn" name="run" time="2.414"/>
  <system-out/>
  <testcase classname="com.jack.task.Gibsondunn" name="run" time="2.188"/>
  <system-out/>
  <testcase classname="com.jack.task.Gibsondunn" name="run" time="1.757"/>
  <system-out/>
  <testcase classname="com.jack.task.Gibsondunn" name="run" time="1.919"/>
  <system-out/>
  <testcase classname="com.jack.task.Gibsondunn" name="run" time="2.276"/>
  <system-out/>
  <testcase classname="com.jack.task.Gibsondunn" name="run" time="2.303"/>
  <system-out/>
  <testcase classname="com.jack.task.Gibsondunn" name="run" time="2.803"/>
  <system-out/>
  <testcase classname="com.jack.task.Gibsondunn" name="run" time="2.416"/>
  <system-out/>
  <testcase classname="com.jack.task.Gibsondunn" name="run" time="2.743"/>
  <system-out/>
  <testcase classname="com.jack.task.Gibsondunn" name="run" time="1.982"/>
  <system-out/>
  <testcase classname="com.jack.task.Gibsondunn" name="run" time="2.236"/>
  <system-out/>
  <testcase classname="com.jack.task.Gibsondunn" name="run" time="2.707"/>
  <system-out/>
  <testcase classname="com.jack.task.Gibsondunn" name="run" time="2.115"/>
  <system-out/>
  <testcase classname="com.jack.task.Gibsondunn" name="run" time="2.457"/>
  <system-out/>
  <testcase classname="com.jack.task.Gibsondunn" name="run" time="2.321"/>
  <system-out/>
  <testcase classname="com.jack.task.Gibsondunn" name="testx" time="0.002"/>
  <system-out/>
  <testcase classname="com.jack.task.Gibsondunn" name="run" time="5.069"/>
  <system-out/>
  <testcase classname="com.jack.task.Gibsondunn" name="run" time="2.067"/>
  <system-out/>
  <testcase classname="com.jack.task.Gibsondunn" name="run" time="2.217"/>
  <system-out/>
  <testcase classname="com.jack.task.Gibsondunn" name="run" time="2.578"/>
  <system-out/>
  <testcase classname="com.jack.task.Gibsondunn" name="run" time="2.135"/>
  <system-out/>
  <testcase classname="com.jack.task.Gibsondunn" name="run" time="2.160"/>
  <system-out/>
  <testcase classname="com.jack.task.Gibsondunn" name="run" time="2.234"/>
  <system-out/>
  <testcase classname="com.jack.task.Gibsondunn" name="run" time="2.820"/>
  <system-out/>
  <testcase classname="com.jack.task.Gibsondunn" name="run" time="2.583"/>
  <system-out/>
  <testcase classname="com.jack.task.Gibsondunn" name="run" time="2.277"/>
  <system-out/>
  <testcase classname="com.jack.task.Gibsondunn" name="run" time="1.938"/>
  <system-out/>
  <testcase classname="com.jack.task.Gibsondunn" name="run" time="2.256"/>
  <system-out/>
  <testcase classname="com.jack.task.Gibsondunn" name="run" time="2.624"/>
  <system-out/>
  <testcase classname="com.jack.task.Gibsondunn" name="run" time="2.797"/>
  <system-out/>
  <testcase classname="com.jack.task.Gibsondunn" name="run" time="2.820"/>
  <system-out/>
  <testcase classname="com.jack.task.Gibsondunn" name="run" time="2.471"/>
  <system-out/>
  <testcase classname="com.jack.task.Gibsondunn" name="run" time="2.489"/>
  <system-out/>
  <testcase classname="com.jack.task.Gibsondunn" name="run" time="2.742"/>
  <system-out/>
  <testcase classname="com.jack.task.Gibsondunn" name="run" time="2.564"/>
  <system-out/>
  <testcase classname="com.jack.task.Gibsondunn" name="run" time="2.704"/>
  <system-out/>
  <testcase classname="com.jack.task.Gibsondunn" name="run" time="2.005"/>
  <system-out/>
  <testcase classname="com.jack.task.Gibsondunn" name="run" time="2.704"/>
  <system-out/>
  <testcase classname="com.jack.task.Gibsondunn" name="run" time="3.768"/>
  <system-out/>
  <testcase classname="com.jack.task.Gibsondunn" name="run" time="2.203"/>
  <system-out/>
  <testcase classname="com.jack.task.Gibsondunn" name="run" time="2.888"/>
  <system-out/>
  <testcase classname="com.jack.task.Gibsondunn" name="run" time="1.916"/>
  <system-out/>
  <testcase classname="com.jack.task.Gibsondunn" name="run" time="2.756"/>
  <system-out/>
  <testcase classname="com.jack.task.Gibsondunn" name="run" time="2.452"/>
  <system-out/>
  <testcase classname="com.jack.task.Gibsondunn" name="run" time="2.656"/>
  <system-out/>
  <testcase classname="com.jack.task.Gibsondunn" name="run" time="1.783"/>
  <system-out/>
  <testcase classname="com.jack.task.Gibsondunn" name="run" time="2.536"/>
  <system-out/>
  <testcase classname="com.jack.task.Gibsondunn" name="run" time="2.469"/>
  <system-out/>
  <testcase classname="com.jack.task.Gibsondunn" name="run" time="1.834"/>
  <system-out/>
  <testcase classname="com.jack.task.Gibsondunn" name="run" time="2.461"/>
  <system-out/>
  <testcase classname="com.jack.task.Gibsondunn" name="run" time="1.974"/>
  <system-out/>
  <testcase classname="com.jack.task.Gibsondunn" name="run" time="3.448"/>
  <system-out/>
  <testcase classname="com.jack.task.Gibsondunn" name="run" time="2.251"/>
  <system-out/>
  <testcase classname="com.jack.task.Gibsondunn" name="run" time="2.352"/>
  <system-out/>
  <testcase classname="com.jack.task.Gibsondunn" name="run" time="2.363"/>
  <system-out/>
  <testcase classname="com.jack.task.Gibsondunn" name="run" time="2.804"/>
  <system-out/>
  <testcase classname="com.jack.task.Gibsondunn" name="run" time="2.504"/>
  <system-out/>
  <testcase classname="com.jack.task.Gibsondunn" name="run" time="2.644"/>
  <system-out/>
  <testcase classname="com.jack.task.Gibsondunn" name="run" time="3.366"/>
  <system-out/>
  <testcase classname="com.jack.task.Gibsondunn" name="run" time="2.722"/>
  <system-out/>
  <testcase classname="com.jack.task.Gibsondunn" name="run" time="2.856"/>
  <system-out/>
  <testcase classname="com.jack.task.Gibsondunn" name="run" time="2.604"/>
  <system-out/>
  <testcase classname="com.jack.task.Gibsondunn" name="run" time="2.649"/>
  <system-out/>
  <testcase classname="com.jack.task.Gibsondunn" name="run" time="1.951"/>
  <system-out/>
  <testcase classname="com.jack.task.Gibsondunn" name="run" time="1.878"/>
  <system-out/>
  <testcase classname="com.jack.task.Gibsondunn" name="run" time="2.491"/>
  <system-out/>
  <testcase classname="com.jack.task.Gibsondunn" name="run" time="2.015"/>
  <system-out/>
  <testcase classname="com.jack.task.Gibsondunn" name="run" time="1.951"/>
  <system-out/>
  <testcase classname="com.jack.task.Gibsondunn" name="run" time="2.067"/>
  <system-out/>
  <testcase classname="com.jack.task.Gibsondunn" name="run" time="2.129"/>
  <system-out/>
  <testcase classname="com.jack.task.Gibsondunn" name="run" time="2.190"/>
  <system-out/>
  <testcase classname="com.jack.task.Gibsondunn" name="run" time="2.217"/>
  <system-out/>
  <testcase classname="com.jack.task.Gibsondunn" name="run" time="1.964"/>
  <system-out/>
  <testcase classname="com.jack.task.Gibsondunn" name="run" time="2.154"/>
  <system-out/>
  <testcase classname="com.jack.task.Gibsondunn" name="run" time="2.216"/>
  <system-out/>
  <testcase classname="com.jack.task.Gibsondunn" name="run" time="3.143"/>
  <system-out/>
  <testcase classname="com.jack.task.Gibsondunn" name="run" time="2.352"/>
  <system-out/>
  <testcase classname="com.jack.task.Gibsondunn" name="run" time="2.435"/>
  <system-out/>
  <testcase classname="com.jack.task.Gibsondunn" name="run" time="2.208"/>
  <system-out/>
  <testcase classname="com.jack.task.Gibsondunn" name="run" time="2.533"/>
  <system-out/>
  <testcase classname="com.jack.task.Gibsondunn" name="run" time="294.750"/>
  <system-out/>
  <testcase classname="com.jack.task.Gibsondunn" name="run" time="2.857"/>
  <system-out/>
  <testcase classname="com.jack.task.Gibsondunn" name="run" time="2.172"/>
  <system-out/>
  <testcase classname="com.jack.task.Gibsondunn" name="run" time="2.637"/>
  <system-out/>
  <testcase classname="com.jack.task.Gibsondunn" name="run" time="2.183"/>
  <system-out/>
  <testcase classname="com.jack.task.Gibsondunn" name="run" time="2.464"/>
  <system-out/>
  <testcase classname="com.jack.task.Gibsondunn" name="run" time="2.369"/>
  <system-out/>
  <testcase classname="com.jack.task.Gibsondunn" name="run" time="2.421"/>
  <system-out/>
  <testcase classname="com.jack.task.Gibsondunn" name="run" time="2.698"/>
  <system-out/>
  <testcase classname="com.jack.task.Gibsondunn" name="run" time="1.761"/>
  <system-out/>
  <testcase classname="com.jack.task.Gibsondunn" name="run" time="2.373"/>
  <system-out/>
  <testcase classname="com.jack.task.Gibsondunn" name="run" time="1.786"/>
  <system-out/>
  <testcase classname="com.jack.task.Gibsondunn" name="run" time="2.390"/>
  <system-out/>
  <testcase classname="com.jack.task.Gibsondunn" name="run" time="2.593"/>
  <system-out/>
  <testcase classname="com.jack.task.Gibsondunn" name="run" time="1.986"/>
  <system-out/>
  <testcase classname="com.jack.task.Gibsondunn" name="run" time="2.562"/>
  <system-out/>
  <testcase classname="com.jack.task.Gibsondunn" name="run" time="2.518"/>
  <system-out/>
  <testcase classname="com.jack.task.Gibsondunn" name="run" time="2.330"/>
  <system-out/>
  <testcase classname="com.jack.task.Gibsondunn" name="run" time="2.834"/>
  <system-out/>
  <testcase classname="com.jack.task.Gibsondunn" name="run" time="2.219"/>
  <system-out/>
  <testcase classname="com.jack.task.Gibsondunn" name="run" time="2.619"/>
  <system-out/>
  <testcase classname="com.jack.task.Gibsondunn" name="run" time="2.176"/>
  <system-out/>
  <testcase classname="com.jack.task.Gibsondunn" name="run" time="2.286"/>
  <system-out/>
  <testcase classname="com.jack.task.Gibsondunn" name="run" time="2.663"/>
  <system-out/>
  <testcase classname="com.jack.task.Gibsondunn" name="run" time="2.704"/>
  <system-out/>
  <testcase classname="com.jack.task.Gibsondunn" name="run" time="2.107"/>
  <system-out/>
  <testcase classname="com.jack.task.Gibsondunn" name="run" time="2.308"/>
  <system-out/>
  <testcase classname="com.jack.task.Gibsondunn" name="run" time="1.934"/>
  <system-out/>
  <testcase classname="com.jack.task.Gibsondunn" name="run" time="2.728"/>
  <system-out/>
  <testcase classname="com.jack.task.Gibsondunn" name="run" time="2.364"/>
  <system-out/>
  <testcase classname="com.jack.task.Gibsondunn" name="run" time="1.983"/>
  <system-out/>
  <testcase classname="com.jack.task.Gibsondunn" name="run" time="1.834"/>
  <system-out/>
  <testcase classname="com.jack.task.Gibsondunn" name="run" time="2.647"/>
  <system-out/>
  <testcase classname="com.jack.task.Gibsondunn" name="run" time="2.366"/>
  <system-out/>
  <testcase classname="com.jack.task.Gibsondunn" name="run" time="2.688"/>
  <system-out/>
  <testcase classname="com.jack.task.Gibsondunn" name="run" time="1.808"/>
  <system-out/>
  <testcase classname="com.jack.task.Gibsondunn" name="run" time="2.201"/>
  <system-out/>
  <testcase classname="com.jack.task.Gibsondunn" name="run" time="2.096"/>
  <system-out/>
  <testcase classname="com.jack.task.Gibsondunn" name="run" time="2.622"/>
  <system-out/>
  <testcase classname="com.jack.task.Gibsondunn" name="run" time="2.080"/>
  <system-out/>
  <testcase classname="com.jack.task.Gibsondunn" name="run" time="2.414"/>
  <system-out/>
  <testcase classname="com.jack.task.Gibsondunn" name="run" time="1.917"/>
  <system-out/>
  <testcase classname="com.jack.task.Gibsondunn" name="run" time="1.729"/>
  <system-out/>
  <testcase classname="com.jack.task.Gibsondunn" name="run" time="2.520"/>
  <system-out/>
  <testcase classname="com.jack.task.Gibsondunn" name="run" time="2.038"/>
  <system-out/>
  <testcase classname="com.jack.task.Gibsondunn" name="run" time="2.823"/>
  <system-out/>
  <testcase classname="com.jack.task.Gibsondunn" name="run" time="2.335"/>
  <system-out/>
  <testcase classname="com.jack.task.Gibsondunn" name="run" time="2.365"/>
  <system-out/>
  <testcase classname="com.jack.task.Gibsondunn" name="run" time="2.408"/>
  <system-out/>
  <testcase classname="com.jack.task.Gibsondunn" name="run" time="2.908"/>
  <system-out/>
  <testcase classname="com.jack.task.Gibsondunn" name="run" time="2.964"/>
  <system-out/>
  <testcase classname="com.jack.task.Gibsondunn" name="run" time="2.351"/>
  <system-out/>
  <testcase classname="com.jack.task.Gibsondunn" name="run" time="2.492"/>
  <system-out/>
  <testcase classname="com.jack.task.Gibsondunn" name="run" time="2.687"/>
  <system-out/>
  <testcase classname="com.jack.task.Gibsondunn" name="run" time="2.112"/>
  <system-out/>
  <testcase classname="com.jack.task.Gibsondunn" name="run" time="2.301"/>
  <system-out/>
  <testcase classname="com.jack.task.Gibsondunn" name="run" time="2.235"/>
  <system-out/>
  <testcase classname="com.jack.task.Gibsondunn" name="run" time="2.283"/>
  <system-out/>
  <testcase classname="com.jack.task.Gibsondunn" name="run" time="2.540"/>
  <system-out/>
  <testcase classname="com.jack.task.Gibsondunn" name="run" time="2.494"/>
  <system-out/>
  <testcase classname="com.jack.task.Gibsondunn" name="run" time="2.853"/>
  <system-out/>
  <testcase classname="com.jack.task.Gibsondunn" name="run" time="2.356"/>
  <system-out/>
  <testcase classname="com.jack.task.Gibsondunn" name="run" time="2.244"/>
  <system-out/>
  <testcase classname="com.jack.task.Gibsondunn" name="run" time="2.629"/>
  <system-out/>
  <testcase classname="com.jack.task.Gibsondunn" name="run" time="2.488"/>
  <system-out/>
  <testcase classname="com.jack.task.Gibsondunn" name="run" time="2.721"/>
  <system-out/>
  <testcase classname="com.jack.task.Gibsondunn" name="run" time="2.082"/>
  <system-out/>
  <testcase classname="com.jack.task.Gibsondunn" name="run" time="2.660"/>
  <system-out/>
  <testcase classname="com.jack.task.Gibsondunn" name="run" time="2.552"/>
  <system-out/>
  <testcase classname="com.jack.task.Gibsondunn" name="run" time="2.661"/>
  <system-out/>
  <testcase classname="com.jack.task.Gibsondunn" name="run" time="2.434"/>
  <system-out/>
  <testcase classname="com.jack.task.Gibsondunn" name="run" time="1.805"/>
  <system-out/>
  <testcase classname="com.jack.task.Gibsondunn" name="run" time="2.552"/>
  <system-out/>
  <testcase classname="com.jack.task.Gibsondunn" name="run" time="2.628"/>
  <system-out/>
  <testcase classname="com.jack.task.Gibsondunn" name="run" time="3.283"/>
  <system-out/>
  <testcase classname="com.jack.task.Gibsondunn" name="run" time="2.589"/>
  <system-out/>
  <testcase classname="com.jack.task.Gibsondunn" name="run" time="2.389"/>
  <system-out/>
  <testcase classname="com.jack.task.Gibsondunn" name="run" time="2.525"/>
  <system-out/>
  <testcase classname="com.jack.task.Gibsondunn" name="run" time="2.537"/>
  <system-out/>
  <testcase classname="com.jack.task.Gibsondunn" name="run" time="2.210"/>
  <system-out/>
  <testcase classname="com.jack.task.Gibsondunn" name="run" time="2.286"/>
  <system-out/>
  <testcase classname="com.jack.task.Gibsondunn" name="run" time="2.548"/>
  <system-out/>
  <testcase classname="com.jack.task.Gibsondunn" name="run" time="2.073"/>
  <system-out/>
  <testcase classname="com.jack.task.Gibsondunn" name="run" time="2.427"/>
  <system-out/>
  <testcase classname="com.jack.task.Gibsondunn" name="run" time="1.964"/>
  <system-out/>
  <testcase classname="com.jack.task.Gibsondunn" name="run" time="2.649"/>
  <system-out/>
  <testcase classname="com.jack.task.Gibsondunn" name="run" time="3.086"/>
  <system-out/>
  <testcase classname="com.jack.task.Gibsondunn" name="run" time="2.282"/>
  <system-out/>
  <testcase classname="com.jack.task.Gibsondunn" name="run" time="2.881"/>
  <system-out/>
  <testcase classname="com.jack.task.Gibsondunn" name="run" time="2.651"/>
  <system-out/>
  <testcase classname="com.jack.task.Gibsondunn" name="run" time="2.571"/>
  <system-out/>
  <testcase classname="com.jack.task.Gibsondunn" name="run" time="2.144"/>
  <system-out/>
  <testcase classname="com.jack.task.Gibsondunn" name="run" time="2.466"/>
  <system-out/>
  <testcase classname="com.jack.task.Gibsondunn" name="run" time="2.192"/>
  <system-out/>
  <testcase classname="com.jack.task.Gibsondunn" name="run" time="1.858"/>
  <system-out/>
  <testcase classname="com.jack.task.Gibsondunn" name="run" time="2.121"/>
  <system-out/>
  <testcase classname="com.jack.task.Gibsondunn" name="run" time="2.310"/>
  <system-out/>
  <testcase classname="com.jack.task.Gibsondunn" name="run" time="2.555"/>
  <system-out/>
  <testcase classname="com.jack.task.Gibsondunn" name="run" time="2.799"/>
  <system-out/>
  <testcase classname="com.jack.task.Gibsondunn" name="run" time="2.336"/>
  <system-out/>
  <testcase classname="com.jack.task.Gibsondunn" name="run" time="2.150"/>
  <system-out/>
  <testcase classname="com.jack.task.Gibsondunn" name="run" time="2.510"/>
  <system-out/>
  <testcase classname="com.jack.task.Gibsondunn" name="run" time="2.592"/>
  <system-out/>
  <testcase classname="com.jack.task.Gibsondunn" name="run" time="3.137"/>
  <system-out/>
  <testcase classname="com.jack.task.Gibsondunn" name="run" time="2.457"/>
  <system-out/>
  <testcase classname="com.jack.task.Gibsondunn" name="run" time="2.436"/>
  <system-out/>
  <testcase classname="com.jack.task.Gibsondunn" name="run" time="2.783"/>
  <system-out/>
  <testcase classname="com.jack.task.Gibsondunn" name="run" time="2.920"/>
  <system-out/>
  <testcase classname="com.jack.task.Gibsondunn" name="run" time="2.537"/>
  <system-out/>
  <testcase classname="com.jack.task.Gibsondunn" name="run" time="2.832"/>
  <system-out/>
  <testcase classname="com.jack.task.Gibsondunn" name="run" time="2.563"/>
  <system-out/>
  <testcase classname="com.jack.task.Gibsondunn" name="run" time="1.984"/>
  <system-out/>
  <testcase classname="com.jack.task.Gibsondunn" name="run" time="2.216"/>
  <system-out/>
  <testcase classname="com.jack.task.Gibsondunn" name="run" time="2.422"/>
  <system-out/>
  <testcase classname="com.jack.task.Gibsondunn" name="run" time="3.512"/>
  <system-out/>
  <testcase classname="com.jack.task.Gibsondunn" name="run" time="2.347"/>
  <system-out/>
  <testcase classname="com.jack.task.Gibsondunn" name="run" time="1.428"/>
  <system-out/>
  <testcase classname="com.jack.task.Gibsondunn" name="run" time="2.812"/>
  <system-out/>
  <testcase classname="com.jack.task.Gibsondunn" name="run" time="2.879"/>
  <system-out/>
  <testcase classname="com.jack.task.Gibsondunn" name="run" time="2.646"/>
  <system-out/>
  <testcase classname="com.jack.task.Gibsondunn" name="run" time="2.398"/>
  <system-out/>
  <testcase classname="com.jack.task.Gibsondunn" name="run" time="2.917"/>
  <system-out/>
  <testcase classname="com.jack.task.Gibsondunn" name="run" time="2.808"/>
  <system-out/>
  <testcase classname="com.jack.task.Gibsondunn" name="run" time="2.296"/>
  <system-out/>
  <testcase classname="com.jack.task.Gibsondunn" name="run" time="2.326"/>
  <system-out/>
  <testcase classname="com.jack.task.Gibsondunn" name="run" time="1.835"/>
  <system-out/>
  <testcase classname="com.jack.task.Gibsondunn" name="run" time="2.092"/>
  <system-out/>
  <testcase classname="com.jack.task.Gibsondunn" name="run" time="2.581"/>
  <system-out/>
</testsuite> <!-- com.jack.task.Gibsondunn -->
