<?xml version="1.0" encoding="UTF-8"?>
<!-- Generated by org.testng.reporters.JUnitReportReporter -->
<testsuite hostname="DESKTOP-89RDKF8" failures="0" tests="306" name="com.jack.task.Wachtell" time="617.057" errors="0" timestamp="2023-01-11T16:29:24 BDT" skipped="0">
  <testcase classname="com.jack.task.Wachtell" name="run" time="2.233"/>
  <system-out/>
  <testcase classname="com.jack.task.Wachtell" name="run" time="2.034"/>
  <system-out/>
  <testcase classname="com.jack.task.Wachtell" name="run" time="1.901"/>
  <system-out/>
  <testcase classname="com.jack.task.Wachtell" name="run" time="2.085"/>
  <system-out/>
  <testcase classname="com.jack.task.Wachtell" name="run" time="1.824"/>
  <system-out/>
  <testcase classname="com.jack.task.Wachtell" name="run" time="1.258"/>
  <system-out/>
  <testcase classname="com.jack.task.Wachtell" name="run" time="1.955"/>
  <system-out/>
  <testcase classname="com.jack.task.Wachtell" name="run" time="1.749"/>
  <system-out/>
  <testcase classname="com.jack.task.Wachtell" name="run" time="1.748"/>
  <system-out/>
  <testcase classname="com.jack.task.Wachtell" name="run" time="1.198"/>
  <system-out/>
  <testcase classname="com.jack.task.Wachtell" name="run" time="1.840"/>
  <system-out/>
  <testcase classname="com.jack.task.Wachtell" name="run" time="1.630"/>
  <system-out/>
  <testcase classname="com.jack.task.Wachtell" name="run" time="2.462"/>
  <system-out/>
  <testcase classname="com.jack.task.Wachtell" name="run" time="2.099"/>
  <system-out/>
  <testcase classname="com.jack.task.Wachtell" name="run" time="1.085"/>
  <system-out/>
  <testcase classname="com.jack.task.Wachtell" name="run" time="1.403"/>
  <system-out/>
  <testcase classname="com.jack.task.Wachtell" name="run" time="1.937"/>
  <system-out/>
  <testcase classname="com.jack.task.Wachtell" name="run" time="1.340"/>
  <system-out/>
  <testcase classname="com.jack.task.Wachtell" name="run" time="2.053"/>
  <system-out/>
  <testcase classname="com.jack.task.Wachtell" name="run" time="2.314"/>
  <system-out/>
  <testcase classname="com.jack.task.Wachtell" name="run" time="1.949"/>
  <system-out/>
  <testcase classname="com.jack.task.Wachtell" name="run" time="3.025"/>
  <system-out/>
  <testcase classname="com.jack.task.Wachtell" name="run" time="1.898"/>
  <system-out/>
  <testcase classname="com.jack.task.Wachtell" name="run" time="2.685"/>
  <system-out/>
  <testcase classname="com.jack.task.Wachtell" name="run" time="1.494"/>
  <system-out/>
  <testcase classname="com.jack.task.Wachtell" name="run" time="2.881"/>
  <system-out/>
  <testcase classname="com.jack.task.Wachtell" name="run" time="1.881"/>
  <system-out/>
  <testcase classname="com.jack.task.Wachtell" name="run" time="2.060"/>
  <system-out/>
  <testcase classname="com.jack.task.Wachtell" name="run" time="1.827"/>
  <system-out/>
  <testcase classname="com.jack.task.Wachtell" name="run" time="1.284"/>
  <system-out/>
  <testcase classname="com.jack.task.Wachtell" name="run" time="1.920"/>
  <system-out/>
  <testcase classname="com.jack.task.Wachtell" name="run" time="2.023"/>
  <system-out/>
  <testcase classname="com.jack.task.Wachtell" name="run" time="1.821"/>
  <system-out/>
  <testcase classname="com.jack.task.Wachtell" name="run" time="1.170"/>
  <system-out/>
  <testcase classname="com.jack.task.Wachtell" name="run" time="1.517"/>
  <system-out/>
  <testcase classname="com.jack.task.Wachtell" name="run" time="1.087"/>
  <system-out/>
  <testcase classname="com.jack.task.Wachtell" name="run" time="1.925"/>
  <system-out/>
  <testcase classname="com.jack.task.Wachtell" name="run" time="2.029"/>
  <system-out/>
  <testcase classname="com.jack.task.Wachtell" name="run" time="1.868"/>
  <system-out/>
  <testcase classname="com.jack.task.Wachtell" name="run" time="2.120"/>
  <system-out/>
  <testcase classname="com.jack.task.Wachtell" name="run" time="1.084"/>
  <system-out/>
  <testcase classname="com.jack.task.Wachtell" name="run" time="1.197"/>
  <system-out/>
  <testcase classname="com.jack.task.Wachtell" name="run" time="1.139"/>
  <system-out/>
  <testcase classname="com.jack.task.Wachtell" name="run" time="1.749"/>
  <system-out/>
  <testcase classname="com.jack.task.Wachtell" name="run" time="1.202"/>
  <system-out/>
  <testcase classname="com.jack.task.Wachtell" name="run" time="1.132"/>
  <system-out/>
  <testcase classname="com.jack.task.Wachtell" name="run" time="1.875"/>
  <system-out/>
  <testcase classname="com.jack.task.Wachtell" name="run" time="1.592"/>
  <system-out/>
  <testcase classname="com.jack.task.Wachtell" name="run" time="1.799"/>
  <system-out/>
  <testcase classname="com.jack.task.Wachtell" name="run" time="3.454"/>
  <system-out/>
  <testcase classname="com.jack.task.Wachtell" name="run" time="1.232"/>
  <system-out/>
  <testcase classname="com.jack.task.Wachtell" name="run" time="2.034"/>
  <system-out/>
  <testcase classname="com.jack.task.Wachtell" name="run" time="1.971"/>
  <system-out/>
  <testcase classname="com.jack.task.Wachtell" name="run" time="1.669"/>
  <system-out/>
  <testcase classname="com.jack.task.Wachtell" name="run" time="1.853"/>
  <system-out/>
  <testcase classname="com.jack.task.Wachtell" name="run" time="1.569"/>
  <system-out/>
  <testcase classname="com.jack.task.Wachtell" name="run" time="2.088"/>
  <system-out/>
  <testcase classname="com.jack.task.Wachtell" name="run" time="2.273"/>
  <system-out/>
  <testcase classname="com.jack.task.Wachtell" name="run" time="1.901"/>
  <system-out/>
  <testcase classname="com.jack.task.Wachtell" name="run" time="1.512"/>
  <system-out/>
  <testcase classname="com.jack.task.Wachtell" name="run" time="3.024"/>
  <system-out/>
  <testcase classname="com.jack.task.Wachtell" name="run" time="1.924"/>
  <system-out/>
  <testcase classname="com.jack.task.Wachtell" name="run" time="1.150"/>
  <system-out/>
  <testcase classname="com.jack.task.Wachtell" name="run" time="1.353"/>
  <system-out/>
  <testcase classname="com.jack.task.Wachtell" name="run" time="1.597"/>
  <system-out/>
  <testcase classname="com.jack.task.Wachtell" name="run" time="1.210"/>
  <system-out/>
  <testcase classname="com.jack.task.Wachtell" name="run" time="2.245"/>
  <system-out/>
  <testcase classname="com.jack.task.Wachtell" name="run" time="1.767"/>
  <system-out/>
  <testcase classname="com.jack.task.Wachtell" name="run" time="1.830"/>
  <system-out/>
  <testcase classname="com.jack.task.Wachtell" name="run" time="1.762"/>
  <system-out/>
  <testcase classname="com.jack.task.Wachtell" name="run" time="1.988"/>
  <system-out/>
  <testcase classname="com.jack.task.Wachtell" name="run" time="2.194"/>
  <system-out/>
  <testcase classname="com.jack.task.Wachtell" name="run" time="1.699"/>
  <system-out/>
  <testcase classname="com.jack.task.Wachtell" name="run" time="1.755"/>
  <system-out/>
  <testcase classname="com.jack.task.Wachtell" name="run" time="3.250"/>
  <system-out/>
  <testcase classname="com.jack.task.Wachtell" name="run" time="1.936"/>
  <system-out/>
  <testcase classname="com.jack.task.Wachtell" name="run" time="3.138"/>
  <system-out/>
  <testcase classname="com.jack.task.Wachtell" name="run" time="2.254"/>
  <system-out/>
  <testcase classname="com.jack.task.Wachtell" name="run" time="1.182"/>
  <system-out/>
  <testcase classname="com.jack.task.Wachtell" name="run" time="1.173"/>
  <system-out/>
  <testcase classname="com.jack.task.Wachtell" name="run" time="1.559"/>
  <system-out/>
  <testcase classname="com.jack.task.Wachtell" name="run" time="1.911"/>
  <system-out/>
  <testcase classname="com.jack.task.Wachtell" name="run" time="1.870"/>
  <system-out/>
  <testcase classname="com.jack.task.Wachtell" name="run" time="2.064"/>
  <system-out/>
  <testcase classname="com.jack.task.Wachtell" name="run" time="1.185"/>
  <system-out/>
  <testcase classname="com.jack.task.Wachtell" name="run" time="1.903"/>
  <system-out/>
  <testcase classname="com.jack.task.Wachtell" name="run" time="2.003"/>
  <system-out/>
  <testcase classname="com.jack.task.Wachtell" name="run" time="1.123"/>
  <system-out/>
  <testcase classname="com.jack.task.Wachtell" name="run" time="1.705"/>
  <system-out/>
  <testcase classname="com.jack.task.Wachtell" name="run" time="1.884"/>
  <system-out/>
  <testcase classname="com.jack.task.Wachtell" name="run" time="1.925"/>
  <system-out/>
  <testcase classname="com.jack.task.Wachtell" name="run" time="2.057"/>
  <system-out/>
  <testcase classname="com.jack.task.Wachtell" name="run" time="1.541"/>
  <system-out/>
  <testcase classname="com.jack.task.Wachtell" name="run" time="2.057"/>
  <system-out/>
  <testcase classname="com.jack.task.Wachtell" name="run" time="1.857"/>
  <system-out/>
  <testcase classname="com.jack.task.Wachtell" name="run" time="1.932"/>
  <system-out/>
  <testcase classname="com.jack.task.Wachtell" name="run" time="1.653"/>
  <system-out/>
  <testcase classname="com.jack.task.Wachtell" name="run" time="1.295"/>
  <system-out/>
  <testcase classname="com.jack.task.Wachtell" name="run" time="1.168"/>
  <system-out/>
  <testcase classname="com.jack.task.Wachtell" name="run" time="1.675"/>
  <system-out/>
  <testcase classname="com.jack.task.Wachtell" name="run" time="3.088"/>
  <system-out/>
  <testcase classname="com.jack.task.Wachtell" name="run" time="3.174"/>
  <system-out/>
  <testcase classname="com.jack.task.Wachtell" name="run" time="1.141"/>
  <system-out/>
  <testcase classname="com.jack.task.Wachtell" name="run" time="1.083"/>
  <system-out/>
  <testcase classname="com.jack.task.Wachtell" name="run" time="1.098"/>
  <system-out/>
  <testcase classname="com.jack.task.Wachtell" name="run" time="2.401"/>
  <system-out/>
  <testcase classname="com.jack.task.Wachtell" name="run" time="2.167"/>
  <system-out/>
  <testcase classname="com.jack.task.Wachtell" name="run" time="2.103"/>
  <system-out/>
  <testcase classname="com.jack.task.Wachtell" name="run" time="2.249"/>
  <system-out/>
  <testcase classname="com.jack.task.Wachtell" name="run" time="1.995"/>
  <system-out/>
  <testcase classname="com.jack.task.Wachtell" name="run" time="2.797"/>
  <system-out/>
  <testcase classname="com.jack.task.Wachtell" name="run" time="1.919"/>
  <system-out/>
  <testcase classname="com.jack.task.Wachtell" name="run" time="1.233"/>
  <system-out/>
  <testcase classname="com.jack.task.Wachtell" name="run" time="1.441"/>
  <system-out/>
  <testcase classname="com.jack.task.Wachtell" name="run" time="1.777"/>
  <system-out/>
  <testcase classname="com.jack.task.Wachtell" name="run" time="1.167"/>
  <system-out/>
  <testcase classname="com.jack.task.Wachtell" name="run" time="1.168"/>
  <system-out/>
  <testcase classname="com.jack.task.Wachtell" name="run" time="1.797"/>
  <system-out/>
  <testcase classname="com.jack.task.Wachtell" name="run" time="1.824"/>
  <system-out/>
  <testcase classname="com.jack.task.Wachtell" name="run" time="1.693"/>
  <system-out/>
  <testcase classname="com.jack.task.Wachtell" name="run" time="1.659"/>
  <system-out/>
  <testcase classname="com.jack.task.Wachtell" name="run" time="1.239"/>
  <system-out/>
  <testcase classname="com.jack.task.Wachtell" name="run" time="2.221"/>
  <system-out/>
  <testcase classname="com.jack.task.Wachtell" name="run" time="2.052"/>
  <system-out/>
  <testcase classname="com.jack.task.Wachtell" name="run" time="3.277"/>
  <system-out/>
  <testcase classname="com.jack.task.Wachtell" name="run" time="1.988"/>
  <system-out/>
  <testcase classname="com.jack.task.Wachtell" name="run" time="2.842"/>
  <system-out/>
  <testcase classname="com.jack.task.Wachtell" name="run" time="2.050"/>
  <system-out/>
  <testcase classname="com.jack.task.Wachtell" name="run" time="1.882"/>
  <system-out/>
  <testcase classname="com.jack.task.Wachtell" name="run" time="1.330"/>
  <system-out/>
  <testcase classname="com.jack.task.Wachtell" name="run" time="2.103"/>
  <system-out/>
  <testcase classname="com.jack.task.Wachtell" name="run" time="2.234"/>
  <system-out/>
  <testcase classname="com.jack.task.Wachtell" name="run" time="2.205"/>
  <system-out/>
  <testcase classname="com.jack.task.Wachtell" name="run" time="1.889"/>
  <system-out/>
  <testcase classname="com.jack.task.Wachtell" name="run" time="1.864"/>
  <system-out/>
  <testcase classname="com.jack.task.Wachtell" name="run" time="2.076"/>
  <system-out/>
  <testcase classname="com.jack.task.Wachtell" name="run" time="2.516"/>
  <system-out/>
  <testcase classname="com.jack.task.Wachtell" name="run" time="1.989"/>
  <system-out/>
  <testcase classname="com.jack.task.Wachtell" name="run" time="1.854"/>
  <system-out/>
  <testcase classname="com.jack.task.Wachtell" name="run" time="1.730"/>
  <system-out/>
  <testcase classname="com.jack.task.Wachtell" name="run" time="2.252"/>
  <system-out/>
  <testcase classname="com.jack.task.Wachtell" name="run" time="1.985"/>
  <system-out/>
  <testcase classname="com.jack.task.Wachtell" name="run" time="1.113"/>
  <system-out/>
  <testcase classname="com.jack.task.Wachtell" name="run" time="1.780"/>
  <system-out/>
  <testcase classname="com.jack.task.Wachtell" name="run" time="1.885"/>
  <system-out/>
  <testcase classname="com.jack.task.Wachtell" name="run" time="1.908"/>
  <system-out/>
  <testcase classname="com.jack.task.Wachtell" name="run" time="1.924"/>
  <system-out/>
  <testcase classname="com.jack.task.Wachtell" name="run" time="2.161"/>
  <system-out/>
  <testcase classname="com.jack.task.Wachtell" name="run" time="1.917"/>
  <system-out/>
  <testcase classname="com.jack.task.Wachtell" name="run" time="1.911"/>
  <system-out/>
  <testcase classname="com.jack.task.Wachtell" name="run" time="2.200"/>
  <system-out/>
  <testcase classname="com.jack.task.Wachtell" name="run" time="1.949"/>
  <system-out/>
  <testcase classname="com.jack.task.Wachtell" name="run" time="2.245"/>
  <system-out/>
  <testcase classname="com.jack.task.Wachtell" name="run" time="1.933"/>
  <system-out/>
  <testcase classname="com.jack.task.Wachtell" name="run" time="1.999"/>
  <system-out/>
  <testcase classname="com.jack.task.Wachtell" name="run" time="2.736"/>
  <system-out/>
  <testcase classname="com.jack.task.Wachtell" name="run" time="1.230"/>
  <system-out/>
  <testcase classname="com.jack.task.Wachtell" name="run" time="1.313"/>
  <system-out/>
  <testcase classname="com.jack.task.Wachtell" name="run" time="1.767"/>
  <system-out/>
  <testcase classname="com.jack.task.Wachtell" name="run" time="1.835"/>
  <system-out/>
  <testcase classname="com.jack.task.Wachtell" name="run" time="1.865"/>
  <system-out/>
  <testcase classname="com.jack.task.Wachtell" name="run" time="1.962"/>
  <system-out/>
  <testcase classname="com.jack.task.Wachtell" name="run" time="1.964"/>
  <system-out/>
  <testcase classname="com.jack.task.Wachtell" name="run" time="1.700"/>
  <system-out/>
  <testcase classname="com.jack.task.Wachtell" name="run" time="1.725"/>
  <system-out/>
  <testcase classname="com.jack.task.Wachtell" name="run" time="2.303"/>
  <system-out/>
  <testcase classname="com.jack.task.Wachtell" name="run" time="2.758"/>
  <system-out/>
  <testcase classname="com.jack.task.Wachtell" name="run" time="2.499"/>
  <system-out/>
  <testcase classname="com.jack.task.Wachtell" name="run" time="2.120"/>
  <system-out/>
  <testcase classname="com.jack.task.Wachtell" name="run" time="3.110"/>
  <system-out/>
  <testcase classname="com.jack.task.Wachtell" name="run" time="2.962"/>
  <system-out/>
  <testcase classname="com.jack.task.Wachtell" name="run" time="1.631"/>
  <system-out/>
  <testcase classname="com.jack.task.Wachtell" name="run" time="1.895"/>
  <system-out/>
  <testcase classname="com.jack.task.Wachtell" name="run" time="1.984"/>
  <system-out/>
  <testcase classname="com.jack.task.Wachtell" name="run" time="1.921"/>
  <system-out/>
  <testcase classname="com.jack.task.Wachtell" name="run" time="1.828"/>
  <system-out/>
  <testcase classname="com.jack.task.Wachtell" name="run" time="1.142"/>
  <system-out/>
  <testcase classname="com.jack.task.Wachtell" name="run" time="1.102"/>
  <system-out/>
  <testcase classname="com.jack.task.Wachtell" name="run" time="1.793"/>
  <system-out/>
  <testcase classname="com.jack.task.Wachtell" name="run" time="1.959"/>
  <system-out/>
  <testcase classname="com.jack.task.Wachtell" name="run" time="1.139"/>
  <system-out/>
  <testcase classname="com.jack.task.Wachtell" name="run" time="1.921"/>
  <system-out/>
  <testcase classname="com.jack.task.Wachtell" name="testx" time="0.000"/>
  <system-out/>
  <testcase classname="com.jack.task.Wachtell" name="run" time="1.981"/>
  <system-out/>
  <testcase classname="com.jack.task.Wachtell" name="run" time="1.951"/>
  <system-out/>
  <testcase classname="com.jack.task.Wachtell" name="run" time="1.977"/>
  <system-out/>
  <testcase classname="com.jack.task.Wachtell" name="run" time="1.155"/>
  <system-out/>
  <testcase classname="com.jack.task.Wachtell" name="run" time="1.466"/>
  <system-out/>
  <testcase classname="com.jack.task.Wachtell" name="run" time="2.086"/>
  <system-out/>
  <testcase classname="com.jack.task.Wachtell" name="run" time="2.015"/>
  <system-out/>
  <testcase classname="com.jack.task.Wachtell" name="run" time="2.301"/>
  <system-out/>
  <testcase classname="com.jack.task.Wachtell" name="run" time="1.900"/>
  <system-out/>
  <testcase classname="com.jack.task.Wachtell" name="run" time="1.956"/>
  <system-out/>
  <testcase classname="com.jack.task.Wachtell" name="run" time="1.919"/>
  <system-out/>
  <testcase classname="com.jack.task.Wachtell" name="run" time="1.920"/>
  <system-out/>
  <testcase classname="com.jack.task.Wachtell" name="run" time="2.407"/>
  <system-out/>
  <testcase classname="com.jack.task.Wachtell" name="run" time="1.800"/>
  <system-out/>
  <testcase classname="com.jack.task.Wachtell" name="run" time="2.386"/>
  <system-out/>
  <testcase classname="com.jack.task.Wachtell" name="run" time="2.864"/>
  <system-out/>
  <testcase classname="com.jack.task.Wachtell" name="run" time="2.041"/>
  <system-out/>
  <testcase classname="com.jack.task.Wachtell" name="run" time="1.650"/>
  <system-out/>
  <testcase classname="com.jack.task.Wachtell" name="run" time="1.996"/>
  <system-out/>
  <testcase classname="com.jack.task.Wachtell" name="run" time="1.956"/>
  <system-out/>
  <testcase classname="com.jack.task.Wachtell" name="run" time="1.121"/>
  <system-out/>
  <testcase classname="com.jack.task.Wachtell" name="run" time="1.991"/>
  <system-out/>
  <testcase classname="com.jack.task.Wachtell" name="run" time="2.017"/>
  <system-out/>
  <testcase classname="com.jack.task.Wachtell" name="run" time="1.768"/>
  <system-out/>
  <testcase classname="com.jack.task.Wachtell" name="run" time="2.122"/>
  <system-out/>
  <testcase classname="com.jack.task.Wachtell" name="run" time="1.113"/>
  <system-out/>
  <testcase classname="com.jack.task.Wachtell" name="run" time="1.748"/>
  <system-out/>
  <testcase classname="com.jack.task.Wachtell" name="run" time="1.964"/>
  <system-out/>
  <testcase classname="com.jack.task.Wachtell" name="run" time="1.753"/>
  <system-out/>
  <testcase classname="com.jack.task.Wachtell" name="run" time="1.969"/>
  <system-out/>
  <testcase classname="com.jack.task.Wachtell" name="run" time="2.417"/>
  <system-out/>
  <testcase classname="com.jack.task.Wachtell" name="run" time="1.957"/>
  <system-out/>
  <testcase classname="com.jack.task.Wachtell" name="run" time="2.881"/>
  <system-out/>
  <testcase classname="com.jack.task.Wachtell" name="run" time="1.371"/>
  <system-out/>
  <testcase classname="com.jack.task.Wachtell" name="run" time="2.069"/>
  <system-out/>
  <testcase classname="com.jack.task.Wachtell" name="run" time="2.325"/>
  <system-out/>
  <testcase classname="com.jack.task.Wachtell" name="run" time="1.117"/>
  <system-out/>
  <testcase classname="com.jack.task.Wachtell" name="run" time="1.860"/>
  <system-out/>
  <testcase classname="com.jack.task.Wachtell" name="run" time="1.837"/>
  <system-out/>
  <testcase classname="com.jack.task.Wachtell" name="run" time="1.722"/>
  <system-out/>
  <testcase classname="com.jack.task.Wachtell" name="run" time="2.228"/>
  <system-out/>
  <testcase classname="com.jack.task.Wachtell" name="run" time="1.154"/>
  <system-out/>
  <testcase classname="com.jack.task.Wachtell" name="run" time="2.036"/>
  <system-out/>
  <testcase classname="com.jack.task.Wachtell" name="run" time="1.918"/>
  <system-out/>
  <testcase classname="com.jack.task.Wachtell" name="run" time="1.605"/>
  <system-out/>
  <testcase classname="com.jack.task.Wachtell" name="run" time="1.302"/>
  <system-out/>
  <testcase classname="com.jack.task.Wachtell" name="run" time="2.208"/>
  <system-out/>
  <testcase classname="com.jack.task.Wachtell" name="run" time="1.218"/>
  <system-out/>
  <testcase classname="com.jack.task.Wachtell" name="run" time="1.139"/>
  <system-out/>
  <testcase classname="com.jack.task.Wachtell" name="run" time="1.200"/>
  <system-out/>
  <testcase classname="com.jack.task.Wachtell" name="run" time="1.945"/>
  <system-out/>
  <testcase classname="com.jack.task.Wachtell" name="run" time="2.707"/>
  <system-out/>
  <testcase classname="com.jack.task.Wachtell" name="run" time="2.403"/>
  <system-out/>
  <testcase classname="com.jack.task.Wachtell" name="run" time="1.950"/>
  <system-out/>
  <testcase classname="com.jack.task.Wachtell" name="run" time="2.184"/>
  <system-out/>
  <testcase classname="com.jack.task.Wachtell" name="run" time="1.882"/>
  <system-out/>
  <testcase classname="com.jack.task.Wachtell" name="run" time="1.214"/>
  <system-out/>
  <testcase classname="com.jack.task.Wachtell" name="run" time="2.132"/>
  <system-out/>
  <testcase classname="com.jack.task.Wachtell" name="run" time="1.823"/>
  <system-out/>
  <testcase classname="com.jack.task.Wachtell" name="run" time="2.217"/>
  <system-out/>
  <testcase classname="com.jack.task.Wachtell" name="run" time="1.082"/>
  <system-out/>
  <testcase classname="com.jack.task.Wachtell" name="run" time="3.251"/>
  <system-out/>
  <testcase classname="com.jack.task.Wachtell" name="run" time="2.038"/>
  <system-out/>
  <testcase classname="com.jack.task.Wachtell" name="run" time="1.817"/>
  <system-out/>
  <testcase classname="com.jack.task.Wachtell" name="run" time="2.000"/>
  <system-out/>
  <testcase classname="com.jack.task.Wachtell" name="run" time="1.900"/>
  <system-out/>
  <testcase classname="com.jack.task.Wachtell" name="run" time="1.766"/>
  <system-out/>
  <testcase classname="com.jack.task.Wachtell" name="run" time="1.857"/>
  <system-out/>
  <testcase classname="com.jack.task.Wachtell" name="run" time="1.897"/>
  <system-out/>
  <testcase classname="com.jack.task.Wachtell" name="run" time="1.521"/>
  <system-out/>
  <testcase classname="com.jack.task.Wachtell" name="run" time="1.645"/>
  <system-out/>
  <testcase classname="com.jack.task.Wachtell" name="run" time="1.959"/>
  <system-out/>
  <testcase classname="com.jack.task.Wachtell" name="run" time="2.091"/>
  <system-out/>
  <testcase classname="com.jack.task.Wachtell" name="run" time="3.485"/>
  <system-out/>
  <testcase classname="com.jack.task.Wachtell" name="run" time="1.217"/>
  <system-out/>
  <testcase classname="com.jack.task.Wachtell" name="run" time="1.911"/>
  <system-out/>
  <testcase classname="com.jack.task.Wachtell" name="run" time="2.302"/>
  <system-out/>
  <testcase classname="com.jack.task.Wachtell" name="run" time="1.937"/>
  <system-out/>
  <testcase classname="com.jack.task.Wachtell" name="run" time="40.353"/>
  <system-out/>
  <testcase classname="com.jack.task.Wachtell" name="run" time="1.681"/>
  <system-out/>
  <testcase classname="com.jack.task.Wachtell" name="run" time="1.943"/>
  <system-out/>
  <testcase classname="com.jack.task.Wachtell" name="run" time="2.178"/>
  <system-out/>
  <testcase classname="com.jack.task.Wachtell" name="run" time="1.342"/>
  <system-out/>
  <testcase classname="com.jack.task.Wachtell" name="run" time="2.253"/>
  <system-out/>
  <testcase classname="com.jack.task.Wachtell" name="run" time="1.669"/>
  <system-out/>
  <testcase classname="com.jack.task.Wachtell" name="run" time="2.205"/>
  <system-out/>
  <testcase classname="com.jack.task.Wachtell" name="run" time="1.883"/>
  <system-out/>
  <testcase classname="com.jack.task.Wachtell" name="run" time="1.832"/>
  <system-out/>
  <testcase classname="com.jack.task.Wachtell" name="run" time="1.201"/>
  <system-out/>
  <testcase classname="com.jack.task.Wachtell" name="run" time="1.997"/>
  <system-out/>
  <testcase classname="com.jack.task.Wachtell" name="run" time="2.517"/>
  <system-out/>
  <testcase classname="com.jack.task.Wachtell" name="run" time="1.801"/>
  <system-out/>
  <testcase classname="com.jack.task.Wachtell" name="run" time="1.988"/>
  <system-out/>
  <testcase classname="com.jack.task.Wachtell" name="run" time="1.691"/>
  <system-out/>
  <testcase classname="com.jack.task.Wachtell" name="run" time="1.846"/>
  <system-out/>
  <testcase classname="com.jack.task.Wachtell" name="run" time="1.777"/>
  <system-out/>
  <testcase classname="com.jack.task.Wachtell" name="run" time="1.947"/>
  <system-out/>
  <testcase classname="com.jack.task.Wachtell" name="run" time="1.900"/>
  <system-out/>
  <testcase classname="com.jack.task.Wachtell" name="run" time="1.815"/>
  <system-out/>
  <testcase classname="com.jack.task.Wachtell" name="run" time="2.039"/>
  <system-out/>
  <testcase classname="com.jack.task.Wachtell" name="run" time="1.823"/>
  <system-out/>
  <testcase classname="com.jack.task.Wachtell" name="run" time="2.316"/>
  <system-out/>
  <testcase classname="com.jack.task.Wachtell" name="run" time="1.983"/>
  <system-out/>
  <testcase classname="com.jack.task.Wachtell" name="run" time="1.993"/>
  <system-out/>
  <testcase classname="com.jack.task.Wachtell" name="run" time="1.845"/>
  <system-out/>
  <testcase classname="com.jack.task.Wachtell" name="run" time="1.949"/>
  <system-out/>
  <testcase classname="com.jack.task.Wachtell" name="run" time="1.915"/>
  <system-out/>
  <testcase classname="com.jack.task.Wachtell" name="run" time="3.135"/>
  <system-out/>
  <testcase classname="com.jack.task.Wachtell" name="run" time="1.179"/>
  <system-out/>
  <testcase classname="com.jack.task.Wachtell" name="run" time="2.301"/>
  <system-out/>
  <testcase classname="com.jack.task.Wachtell" name="run" time="1.796"/>
  <system-out/>
  <testcase classname="com.jack.task.Wachtell" name="run" time="2.134"/>
  <system-out/>
  <testcase classname="com.jack.task.Wachtell" name="run" time="2.122"/>
  <system-out/>
  <testcase classname="com.jack.task.Wachtell" name="run" time="2.708"/>
  <system-out/>
  <testcase classname="com.jack.task.Wachtell" name="run" time="2.269"/>
  <system-out/>
  <testcase classname="com.jack.task.Wachtell" name="run" time="2.202"/>
  <system-out/>
  <testcase classname="com.jack.task.Wachtell" name="run" time="2.226"/>
  <system-out/>
  <testcase classname="com.jack.task.Wachtell" name="run" time="1.938"/>
  <system-out/>
  <testcase classname="com.jack.task.Wachtell" name="run" time="1.923"/>
  <system-out/>
  <testcase classname="com.jack.task.Wachtell" name="run" time="1.863"/>
  <system-out/>
  <testcase classname="com.jack.task.Wachtell" name="run" time="1.995"/>
  <system-out/>
  <testcase classname="com.jack.task.Wachtell" name="run" time="2.054"/>
  <system-out/>
  <testcase classname="com.jack.task.Wachtell" name="run" time="1.164"/>
  <system-out/>
</testsuite> <!-- com.jack.task.Wachtell -->
