<?xml version="1.0" encoding="UTF-8"?>
<!-- Generated by org.testng.reporters.JUnitReportReporter -->
<testsuite hostname="DESKTOP-3DLKC1S" failures="0" tests="8" name="com.jack.task2.Proskauer" time="17.418" errors="0" timestamp="2023-03-01T11:56:11 BDT" skipped="0">
  <testcase classname="com.jack.task2.Proskauer" name="run" time="2.859"/>
  <system-out/>
  <testcase classname="com.jack.task2.Proskauer" name="run" time="2.347"/>
  <system-out/>
  <testcase classname="com.jack.task2.Proskauer" name="testx" time="0.001"/>
  <system-out/>
  <testcase classname="com.jack.task2.Proskauer" name="run" time="2.961"/>
  <system-out/>
  <testcase classname="com.jack.task2.Proskauer" name="run" time="2.863"/>
  <system-out/>
  <testcase classname="com.jack.task2.Proskauer" name="saveList" time="0.030"/>
  <system-out/>
  <testcase classname="com.jack.task2.Proskauer" name="run" time="2.409"/>
  <system-out/>
  <testcase classname="com.jack.task2.Proskauer" name="run" time="3.948"/>
  <system-out/>
</testsuite> <!-- com.jack.task2.Proskauer -->
