<?xml version="1.0" encoding="UTF-8"?>
<!-- Generated by org.testng.reporters.JUnitReportReporter -->
<testsuite hostname="DESKTOP-3DLKC1S" failures="0" tests="5" name="com.jack.task3.Cozen" time="8.932" errors="0" timestamp="2023-03-19T18:57:19 BDT" skipped="0">
  <testcase classname="com.jack.task3.Cozen" name="run" time="4.734"/>
  <system-out/>
  <testcase classname="com.jack.task3.Cozen" name="run" time="2.010"/>
  <system-out/>
  <testcase classname="com.jack.task3.Cozen" name="run" time="2.051"/>
  <system-out/>
  <testcase classname="com.jack.task3.Cozen" name="saveList" time="0.137"/>
  <system-out/>
  <testcase classname="com.jack.task3.Cozen" name="testx" time="0.000"/>
  <system-out/>
</testsuite> <!-- com.jack.task3.Cozen -->
