<?xml version="1.0" encoding="UTF-8"?>
<!-- Generated by org.testng.reporters.JUnitReportReporter -->
<testsuite hostname="DESKTOP-3DLKC1S" failures="0" tests="6" name="com.jack.task3.Polsinelli" time="14.653" errors="0" timestamp="2023-03-20T23:13:29 BDT" skipped="0">
  <testcase classname="com.jack.task3.Polsinelli" name="run" time="2.610"/>
  <system-out/>
  <testcase classname="com.jack.task3.Polsinelli" name="saveList" time="0.180"/>
  <system-out/>
  <testcase classname="com.jack.task3.Polsinelli" name="run" time="5.157"/>
  <system-out/>
  <testcase classname="com.jack.task3.Polsinelli" name="run" time="3.291"/>
  <system-out/>
  <testcase classname="com.jack.task3.Polsinelli" name="testx" time="0.001"/>
  <system-out/>
  <testcase classname="com.jack.task3.Polsinelli" name="run" time="3.414"/>
  <system-out/>
</testsuite> <!-- com.jack.task3.Polsinelli -->
