<?xml version="1.0" encoding="UTF-8"?>
<!-- Generated by org.testng.reporters.JUnitReportReporter -->
<testsuite hostname="DESKTOP-89RDKF8" failures="0" tests="53" name="com.jack.task.Huntonak" time="483.007" errors="0" timestamp="2023-01-20T15:31:42 BDT" skipped="0">
  <testcase classname="com.jack.task.Huntonak" name="run" time="10.297"/>
  <system-out/>
  <testcase classname="com.jack.task.Huntonak" name="run" time="8.378"/>
  <system-out/>
  <testcase classname="com.jack.task.Huntonak" name="testx" time="0.001"/>
  <system-out/>
  <testcase classname="com.jack.task.Huntonak" name="run" time="9.764"/>
  <system-out/>
  <testcase classname="com.jack.task.Huntonak" name="run" time="12.926"/>
  <system-out/>
  <testcase classname="com.jack.task.Huntonak" name="run" time="9.475"/>
  <system-out/>
  <testcase classname="com.jack.task.Huntonak" name="run" time="7.432"/>
  <system-out/>
  <testcase classname="com.jack.task.Huntonak" name="run" time="8.946"/>
  <system-out/>
  <testcase classname="com.jack.task.Huntonak" name="run" time="15.180"/>
  <system-out/>
  <testcase classname="com.jack.task.Huntonak" name="run" time="7.480"/>
  <system-out/>
  <testcase classname="com.jack.task.Huntonak" name="run" time="10.770"/>
  <system-out/>
  <testcase classname="com.jack.task.Huntonak" name="run" time="8.421"/>
  <system-out/>
  <testcase classname="com.jack.task.Huntonak" name="run" time="7.658"/>
  <system-out/>
  <testcase classname="com.jack.task.Huntonak" name="run" time="8.130"/>
  <system-out/>
  <testcase classname="com.jack.task.Huntonak" name="run" time="11.517"/>
  <system-out/>
  <testcase classname="com.jack.task.Huntonak" name="run" time="9.095"/>
  <system-out/>
  <testcase classname="com.jack.task.Huntonak" name="run" time="11.352"/>
  <system-out/>
  <testcase classname="com.jack.task.Huntonak" name="run" time="8.266"/>
  <system-out/>
  <testcase classname="com.jack.task.Huntonak" name="run" time="8.317"/>
  <system-out/>
  <testcase classname="com.jack.task.Huntonak" name="run" time="8.114"/>
  <system-out/>
  <testcase classname="com.jack.task.Huntonak" name="run" time="7.666"/>
  <system-out/>
  <testcase classname="com.jack.task.Huntonak" name="run" time="9.221"/>
  <system-out/>
  <testcase classname="com.jack.task.Huntonak" name="run" time="9.691"/>
  <system-out/>
  <testcase classname="com.jack.task.Huntonak" name="run" time="9.871"/>
  <system-out/>
  <testcase classname="com.jack.task.Huntonak" name="run" time="9.574"/>
  <system-out/>
  <testcase classname="com.jack.task.Huntonak" name="run" time="9.325"/>
  <system-out/>
  <testcase classname="com.jack.task.Huntonak" name="run" time="9.374"/>
  <system-out/>
  <testcase classname="com.jack.task.Huntonak" name="run" time="12.017"/>
  <system-out/>
  <testcase classname="com.jack.task.Huntonak" name="run" time="8.166"/>
  <system-out/>
  <testcase classname="com.jack.task.Huntonak" name="run" time="9.394"/>
  <system-out/>
  <testcase classname="com.jack.task.Huntonak" name="run" time="8.429"/>
  <system-out/>
  <testcase classname="com.jack.task.Huntonak" name="run" time="7.427"/>
  <system-out/>
  <testcase classname="com.jack.task.Huntonak" name="run" time="8.862"/>
  <system-out/>
  <testcase classname="com.jack.task.Huntonak" name="run" time="9.197"/>
  <system-out/>
  <testcase classname="com.jack.task.Huntonak" name="run" time="7.875"/>
  <system-out/>
  <testcase classname="com.jack.task.Huntonak" name="run" time="10.961"/>
  <system-out/>
  <testcase classname="com.jack.task.Huntonak" name="run" time="6.656"/>
  <system-out/>
  <testcase classname="com.jack.task.Huntonak" name="run" time="7.163"/>
  <system-out/>
  <testcase classname="com.jack.task.Huntonak" name="run" time="7.831"/>
  <system-out/>
  <testcase classname="com.jack.task.Huntonak" name="run" time="11.490"/>
  <system-out/>
  <testcase classname="com.jack.task.Huntonak" name="run" time="10.293"/>
  <system-out/>
  <testcase classname="com.jack.task.Huntonak" name="run" time="8.414"/>
  <system-out/>
  <testcase classname="com.jack.task.Huntonak" name="run" time="7.310"/>
  <system-out/>
  <testcase classname="com.jack.task.Huntonak" name="run" time="9.259"/>
  <system-out/>
  <testcase classname="com.jack.task.Huntonak" name="run" time="9.489"/>
  <system-out/>
  <testcase classname="com.jack.task.Huntonak" name="run" time="9.300"/>
  <system-out/>
  <testcase classname="com.jack.task.Huntonak" name="run" time="9.099"/>
  <system-out/>
  <testcase classname="com.jack.task.Huntonak" name="run" time="8.073"/>
  <system-out/>
  <testcase classname="com.jack.task.Huntonak" name="run" time="9.436"/>
  <system-out/>
  <testcase classname="com.jack.task.Huntonak" name="run" time="9.712"/>
  <system-out/>
  <testcase classname="com.jack.task.Huntonak" name="run" time="10.189"/>
  <system-out/>
  <testcase classname="com.jack.task.Huntonak" name="run" time="9.788"/>
  <system-out/>
  <testcase classname="com.jack.task.Huntonak" name="run" time="10.936"/>
  <system-out/>
</testsuite> <!-- com.jack.task.Huntonak -->
