<?xml version="1.0" encoding="UTF-8"?>
<!-- Generated by org.testng.reporters.JUnitReportReporter -->
<testsuite hostname="DESKTOP-89RDKF8" failures="0" tests="660" name="com.jack.task.Haynesboone" time="5267.697" errors="0" timestamp="2023-01-13T16:41:22 BDT" skipped="0">
  <testcase classname="com.jack.task.Haynesboone" name="run" time="8.428"/>
  <system-out/>
  <testcase classname="com.jack.task.Haynesboone" name="run" time="9.911"/>
  <system-out/>
  <testcase classname="com.jack.task.Haynesboone" name="run" time="14.074"/>
  <system-out/>
  <testcase classname="com.jack.task.Haynesboone" name="run" time="6.801"/>
  <system-out/>
  <testcase classname="com.jack.task.Haynesboone" name="run" time="6.073"/>
  <system-out/>
  <testcase classname="com.jack.task.Haynesboone" name="run" time="6.908"/>
  <system-out/>
  <testcase classname="com.jack.task.Haynesboone" name="run" time="13.569"/>
  <system-out/>
  <testcase classname="com.jack.task.Haynesboone" name="run" time="9.408"/>
  <system-out/>
  <testcase classname="com.jack.task.Haynesboone" name="run" time="8.657"/>
  <system-out/>
  <testcase classname="com.jack.task.Haynesboone" name="run" time="5.935"/>
  <system-out/>
  <testcase classname="com.jack.task.Haynesboone" name="run" time="9.359"/>
  <system-out/>
  <testcase classname="com.jack.task.Haynesboone" name="run" time="9.011"/>
  <system-out/>
  <testcase classname="com.jack.task.Haynesboone" name="run" time="6.377"/>
  <system-out/>
  <testcase classname="com.jack.task.Haynesboone" name="run" time="8.607"/>
  <system-out/>
  <testcase classname="com.jack.task.Haynesboone" name="run" time="10.302"/>
  <system-out/>
  <testcase classname="com.jack.task.Haynesboone" name="run" time="7.764"/>
  <system-out/>
  <testcase classname="com.jack.task.Haynesboone" name="run" time="7.879"/>
  <system-out/>
  <testcase classname="com.jack.task.Haynesboone" name="run" time="12.446"/>
  <system-out/>
  <testcase classname="com.jack.task.Haynesboone" name="run" time="8.737"/>
  <system-out/>
  <testcase classname="com.jack.task.Haynesboone" name="run" time="8.298"/>
  <system-out/>
  <testcase classname="com.jack.task.Haynesboone" name="run" time="44.829"/>
  <system-out/>
  <testcase classname="com.jack.task.Haynesboone" name="run" time="10.366"/>
  <system-out/>
  <testcase classname="com.jack.task.Haynesboone" name="run" time="6.946"/>
  <system-out/>
  <testcase classname="com.jack.task.Haynesboone" name="run" time="6.511"/>
  <system-out/>
  <testcase classname="com.jack.task.Haynesboone" name="run" time="6.558"/>
  <system-out/>
  <testcase classname="com.jack.task.Haynesboone" name="run" time="7.280"/>
  <system-out/>
  <testcase classname="com.jack.task.Haynesboone" name="run" time="8.101"/>
  <system-out/>
  <testcase classname="com.jack.task.Haynesboone" name="run" time="5.316"/>
  <system-out/>
  <testcase classname="com.jack.task.Haynesboone" name="run" time="5.508"/>
  <system-out/>
  <testcase classname="com.jack.task.Haynesboone" name="run" time="6.990"/>
  <system-out/>
  <testcase classname="com.jack.task.Haynesboone" name="run" time="7.506"/>
  <system-out/>
  <testcase classname="com.jack.task.Haynesboone" name="run" time="10.014"/>
  <system-out/>
  <testcase classname="com.jack.task.Haynesboone" name="run" time="5.257"/>
  <system-out/>
  <testcase classname="com.jack.task.Haynesboone" name="run" time="8.380"/>
  <system-out/>
  <testcase classname="com.jack.task.Haynesboone" name="run" time="10.061"/>
  <system-out/>
  <testcase classname="com.jack.task.Haynesboone" name="run" time="6.583"/>
  <system-out/>
  <testcase classname="com.jack.task.Haynesboone" name="run" time="7.109"/>
  <system-out/>
  <testcase classname="com.jack.task.Haynesboone" name="run" time="7.206"/>
  <system-out/>
  <testcase classname="com.jack.task.Haynesboone" name="run" time="6.311"/>
  <system-out/>
  <testcase classname="com.jack.task.Haynesboone" name="run" time="11.680"/>
  <system-out/>
  <testcase classname="com.jack.task.Haynesboone" name="run" time="15.845"/>
  <system-out/>
  <testcase classname="com.jack.task.Haynesboone" name="run" time="6.558"/>
  <system-out/>
  <testcase classname="com.jack.task.Haynesboone" name="run" time="8.615"/>
  <system-out/>
  <testcase classname="com.jack.task.Haynesboone" name="run" time="8.117"/>
  <system-out/>
  <testcase classname="com.jack.task.Haynesboone" name="run" time="4.976"/>
  <system-out/>
  <testcase classname="com.jack.task.Haynesboone" name="run" time="4.810"/>
  <system-out/>
  <testcase classname="com.jack.task.Haynesboone" name="run" time="8.584"/>
  <system-out/>
  <testcase classname="com.jack.task.Haynesboone" name="run" time="5.470"/>
  <system-out/>
  <testcase classname="com.jack.task.Haynesboone" name="run" time="6.615"/>
  <system-out/>
  <testcase classname="com.jack.task.Haynesboone" name="run" time="7.519"/>
  <system-out/>
  <testcase classname="com.jack.task.Haynesboone" name="run" time="6.561"/>
  <system-out/>
  <testcase classname="com.jack.task.Haynesboone" name="run" time="7.008"/>
  <system-out/>
  <testcase classname="com.jack.task.Haynesboone" name="run" time="8.274"/>
  <system-out/>
  <testcase classname="com.jack.task.Haynesboone" name="run" time="4.879"/>
  <system-out/>
  <testcase classname="com.jack.task.Haynesboone" name="run" time="8.044"/>
  <system-out/>
  <testcase classname="com.jack.task.Haynesboone" name="run" time="8.938"/>
  <system-out/>
  <testcase classname="com.jack.task.Haynesboone" name="run" time="7.278"/>
  <system-out/>
  <testcase classname="com.jack.task.Haynesboone" name="run" time="5.018"/>
  <system-out/>
  <testcase classname="com.jack.task.Haynesboone" name="run" time="7.475"/>
  <system-out/>
  <testcase classname="com.jack.task.Haynesboone" name="run" time="7.607"/>
  <system-out/>
  <testcase classname="com.jack.task.Haynesboone" name="run" time="8.607"/>
  <system-out/>
  <testcase classname="com.jack.task.Haynesboone" name="run" time="6.145"/>
  <system-out/>
  <testcase classname="com.jack.task.Haynesboone" name="run" time="6.491"/>
  <system-out/>
  <testcase classname="com.jack.task.Haynesboone" name="run" time="14.438"/>
  <system-out/>
  <testcase classname="com.jack.task.Haynesboone" name="run" time="8.407"/>
  <system-out/>
  <testcase classname="com.jack.task.Haynesboone" name="run" time="8.193"/>
  <system-out/>
  <testcase classname="com.jack.task.Haynesboone" name="run" time="11.786"/>
  <system-out/>
  <testcase classname="com.jack.task.Haynesboone" name="run" time="10.178"/>
  <system-out/>
  <testcase classname="com.jack.task.Haynesboone" name="run" time="8.896"/>
  <system-out/>
  <testcase classname="com.jack.task.Haynesboone" name="run" time="4.588"/>
  <system-out/>
  <testcase classname="com.jack.task.Haynesboone" name="run" time="7.307"/>
  <system-out/>
  <testcase classname="com.jack.task.Haynesboone" name="run" time="10.388"/>
  <system-out/>
  <testcase classname="com.jack.task.Haynesboone" name="run" time="8.073"/>
  <system-out/>
  <testcase classname="com.jack.task.Haynesboone" name="run" time="7.529"/>
  <system-out/>
  <testcase classname="com.jack.task.Haynesboone" name="run" time="8.524"/>
  <system-out/>
  <testcase classname="com.jack.task.Haynesboone" name="run" time="6.721"/>
  <system-out/>
  <testcase classname="com.jack.task.Haynesboone" name="run" time="6.419"/>
  <system-out/>
  <testcase classname="com.jack.task.Haynesboone" name="run" time="5.075"/>
  <system-out/>
  <testcase classname="com.jack.task.Haynesboone" name="run" time="9.262"/>
  <system-out/>
  <testcase classname="com.jack.task.Haynesboone" name="run" time="9.050"/>
  <system-out/>
  <testcase classname="com.jack.task.Haynesboone" name="run" time="7.934"/>
  <system-out/>
  <testcase classname="com.jack.task.Haynesboone" name="run" time="8.207"/>
  <system-out/>
  <testcase classname="com.jack.task.Haynesboone" name="run" time="9.612"/>
  <system-out/>
  <testcase classname="com.jack.task.Haynesboone" name="run" time="8.036"/>
  <system-out/>
  <testcase classname="com.jack.task.Haynesboone" name="run" time="5.942"/>
  <system-out/>
  <testcase classname="com.jack.task.Haynesboone" name="run" time="6.985"/>
  <system-out/>
  <testcase classname="com.jack.task.Haynesboone" name="run" time="5.687"/>
  <system-out/>
  <testcase classname="com.jack.task.Haynesboone" name="run" time="8.353"/>
  <system-out/>
  <testcase classname="com.jack.task.Haynesboone" name="run" time="8.229"/>
  <system-out/>
  <testcase classname="com.jack.task.Haynesboone" name="run" time="7.423"/>
  <system-out/>
  <testcase classname="com.jack.task.Haynesboone" name="run" time="9.024"/>
  <system-out/>
  <testcase classname="com.jack.task.Haynesboone" name="run" time="7.397"/>
  <system-out/>
  <testcase classname="com.jack.task.Haynesboone" name="run" time="6.608"/>
  <system-out/>
  <testcase classname="com.jack.task.Haynesboone" name="run" time="7.128"/>
  <system-out/>
  <testcase classname="com.jack.task.Haynesboone" name="run" time="4.376"/>
  <system-out/>
  <testcase classname="com.jack.task.Haynesboone" name="run" time="5.291"/>
  <system-out/>
  <testcase classname="com.jack.task.Haynesboone" name="run" time="7.830"/>
  <system-out/>
  <testcase classname="com.jack.task.Haynesboone" name="run" time="8.204"/>
  <system-out/>
  <testcase classname="com.jack.task.Haynesboone" name="run" time="8.293"/>
  <system-out/>
  <testcase classname="com.jack.task.Haynesboone" name="run" time="6.001"/>
  <system-out/>
  <testcase classname="com.jack.task.Haynesboone" name="run" time="8.094"/>
  <system-out/>
  <testcase classname="com.jack.task.Haynesboone" name="run" time="9.118"/>
  <system-out/>
  <testcase classname="com.jack.task.Haynesboone" name="run" time="9.376"/>
  <system-out/>
  <testcase classname="com.jack.task.Haynesboone" name="run" time="6.593"/>
  <system-out/>
  <testcase classname="com.jack.task.Haynesboone" name="run" time="6.240"/>
  <system-out/>
  <testcase classname="com.jack.task.Haynesboone" name="run" time="7.675"/>
  <system-out/>
  <testcase classname="com.jack.task.Haynesboone" name="run" time="10.410"/>
  <system-out/>
  <testcase classname="com.jack.task.Haynesboone" name="run" time="8.685"/>
  <system-out/>
  <testcase classname="com.jack.task.Haynesboone" name="run" time="5.988"/>
  <system-out/>
  <testcase classname="com.jack.task.Haynesboone" name="run" time="9.313"/>
  <system-out/>
  <testcase classname="com.jack.task.Haynesboone" name="run" time="7.999"/>
  <system-out/>
  <testcase classname="com.jack.task.Haynesboone" name="run" time="7.460"/>
  <system-out/>
  <testcase classname="com.jack.task.Haynesboone" name="run" time="8.574"/>
  <system-out/>
  <testcase classname="com.jack.task.Haynesboone" name="run" time="9.054"/>
  <system-out/>
  <testcase classname="com.jack.task.Haynesboone" name="run" time="9.462"/>
  <system-out/>
  <testcase classname="com.jack.task.Haynesboone" name="run" time="5.475"/>
  <system-out/>
  <testcase classname="com.jack.task.Haynesboone" name="run" time="5.469"/>
  <system-out/>
  <testcase classname="com.jack.task.Haynesboone" name="run" time="8.329"/>
  <system-out/>
  <testcase classname="com.jack.task.Haynesboone" name="run" time="5.844"/>
  <system-out/>
  <testcase classname="com.jack.task.Haynesboone" name="run" time="7.107"/>
  <system-out/>
  <testcase classname="com.jack.task.Haynesboone" name="run" time="9.143"/>
  <system-out/>
  <testcase classname="com.jack.task.Haynesboone" name="run" time="7.334"/>
  <system-out/>
  <testcase classname="com.jack.task.Haynesboone" name="run" time="6.487"/>
  <system-out/>
  <testcase classname="com.jack.task.Haynesboone" name="run" time="10.527"/>
  <system-out/>
  <testcase classname="com.jack.task.Haynesboone" name="run" time="7.750"/>
  <system-out/>
  <testcase classname="com.jack.task.Haynesboone" name="run" time="9.369"/>
  <system-out/>
  <testcase classname="com.jack.task.Haynesboone" name="run" time="9.209"/>
  <system-out/>
  <testcase classname="com.jack.task.Haynesboone" name="run" time="7.973"/>
  <system-out/>
  <testcase classname="com.jack.task.Haynesboone" name="run" time="6.856"/>
  <system-out/>
  <testcase classname="com.jack.task.Haynesboone" name="run" time="7.837"/>
  <system-out/>
  <testcase classname="com.jack.task.Haynesboone" name="run" time="8.877"/>
  <system-out/>
  <testcase classname="com.jack.task.Haynesboone" name="run" time="10.077"/>
  <system-out/>
  <testcase classname="com.jack.task.Haynesboone" name="run" time="8.490"/>
  <system-out/>
  <testcase classname="com.jack.task.Haynesboone" name="run" time="5.624"/>
  <system-out/>
  <testcase classname="com.jack.task.Haynesboone" name="run" time="7.856"/>
  <system-out/>
  <testcase classname="com.jack.task.Haynesboone" name="run" time="7.838"/>
  <system-out/>
  <testcase classname="com.jack.task.Haynesboone" name="run" time="7.514"/>
  <system-out/>
  <testcase classname="com.jack.task.Haynesboone" name="run" time="7.876"/>
  <system-out/>
  <testcase classname="com.jack.task.Haynesboone" name="run" time="8.795"/>
  <system-out/>
  <testcase classname="com.jack.task.Haynesboone" name="run" time="6.393"/>
  <system-out/>
  <testcase classname="com.jack.task.Haynesboone" name="run" time="7.632"/>
  <system-out/>
  <testcase classname="com.jack.task.Haynesboone" name="run" time="7.335"/>
  <system-out/>
  <testcase classname="com.jack.task.Haynesboone" name="run" time="10.689"/>
  <system-out/>
  <testcase classname="com.jack.task.Haynesboone" name="run" time="7.887"/>
  <system-out/>
  <testcase classname="com.jack.task.Haynesboone" name="run" time="6.783"/>
  <system-out/>
  <testcase classname="com.jack.task.Haynesboone" name="run" time="7.861"/>
  <system-out/>
  <testcase classname="com.jack.task.Haynesboone" name="run" time="6.673"/>
  <system-out/>
  <testcase classname="com.jack.task.Haynesboone" name="run" time="7.032"/>
  <system-out/>
  <testcase classname="com.jack.task.Haynesboone" name="run" time="5.613"/>
  <system-out/>
  <testcase classname="com.jack.task.Haynesboone" name="run" time="14.318"/>
  <system-out/>
  <testcase classname="com.jack.task.Haynesboone" name="run" time="9.564"/>
  <system-out/>
  <testcase classname="com.jack.task.Haynesboone" name="run" time="8.492"/>
  <system-out/>
  <testcase classname="com.jack.task.Haynesboone" name="run" time="9.762"/>
  <system-out/>
  <testcase classname="com.jack.task.Haynesboone" name="run" time="7.805"/>
  <system-out/>
  <testcase classname="com.jack.task.Haynesboone" name="run" time="6.780"/>
  <system-out/>
  <testcase classname="com.jack.task.Haynesboone" name="run" time="7.462"/>
  <system-out/>
  <testcase classname="com.jack.task.Haynesboone" name="run" time="7.032"/>
  <system-out/>
  <testcase classname="com.jack.task.Haynesboone" name="run" time="8.798"/>
  <system-out/>
  <testcase classname="com.jack.task.Haynesboone" name="run" time="10.652"/>
  <system-out/>
  <testcase classname="com.jack.task.Haynesboone" name="run" time="21.566"/>
  <system-out/>
  <testcase classname="com.jack.task.Haynesboone" name="run" time="3.793"/>
  <system-out/>
  <testcase classname="com.jack.task.Haynesboone" name="run" time="6.432"/>
  <system-out/>
  <testcase classname="com.jack.task.Haynesboone" name="run" time="11.680"/>
  <system-out/>
  <testcase classname="com.jack.task.Haynesboone" name="run" time="7.459"/>
  <system-out/>
  <testcase classname="com.jack.task.Haynesboone" name="run" time="7.530"/>
  <system-out/>
  <testcase classname="com.jack.task.Haynesboone" name="run" time="8.317"/>
  <system-out/>
  <testcase classname="com.jack.task.Haynesboone" name="run" time="8.090"/>
  <system-out/>
  <testcase classname="com.jack.task.Haynesboone" name="run" time="7.749"/>
  <system-out/>
  <testcase classname="com.jack.task.Haynesboone" name="run" time="10.406"/>
  <system-out/>
  <testcase classname="com.jack.task.Haynesboone" name="run" time="4.720"/>
  <system-out/>
  <testcase classname="com.jack.task.Haynesboone" name="run" time="7.707"/>
  <system-out/>
  <testcase classname="com.jack.task.Haynesboone" name="run" time="9.645"/>
  <system-out/>
  <testcase classname="com.jack.task.Haynesboone" name="run" time="8.360"/>
  <system-out/>
  <testcase classname="com.jack.task.Haynesboone" name="run" time="7.135"/>
  <system-out/>
  <testcase classname="com.jack.task.Haynesboone" name="run" time="5.652"/>
  <system-out/>
  <testcase classname="com.jack.task.Haynesboone" name="run" time="7.776"/>
  <system-out/>
  <testcase classname="com.jack.task.Haynesboone" name="run" time="9.504"/>
  <system-out/>
  <testcase classname="com.jack.task.Haynesboone" name="run" time="8.220"/>
  <system-out/>
  <testcase classname="com.jack.task.Haynesboone" name="run" time="5.917"/>
  <system-out/>
  <testcase classname="com.jack.task.Haynesboone" name="run" time="5.671"/>
  <system-out/>
  <testcase classname="com.jack.task.Haynesboone" name="run" time="7.823"/>
  <system-out/>
  <testcase classname="com.jack.task.Haynesboone" name="run" time="7.468"/>
  <system-out/>
  <testcase classname="com.jack.task.Haynesboone" name="run" time="6.450"/>
  <system-out/>
  <testcase classname="com.jack.task.Haynesboone" name="run" time="5.164"/>
  <system-out/>
  <testcase classname="com.jack.task.Haynesboone" name="run" time="8.516"/>
  <system-out/>
  <testcase classname="com.jack.task.Haynesboone" name="run" time="10.021"/>
  <system-out/>
  <testcase classname="com.jack.task.Haynesboone" name="run" time="4.541"/>
  <system-out/>
  <testcase classname="com.jack.task.Haynesboone" name="run" time="13.082"/>
  <system-out/>
  <testcase classname="com.jack.task.Haynesboone" name="run" time="6.136"/>
  <system-out/>
  <testcase classname="com.jack.task.Haynesboone" name="run" time="7.680"/>
  <system-out/>
  <testcase classname="com.jack.task.Haynesboone" name="run" time="7.427"/>
  <system-out/>
  <testcase classname="com.jack.task.Haynesboone" name="run" time="11.415"/>
  <system-out/>
  <testcase classname="com.jack.task.Haynesboone" name="run" time="7.512"/>
  <system-out/>
  <testcase classname="com.jack.task.Haynesboone" name="run" time="9.855"/>
  <system-out/>
  <testcase classname="com.jack.task.Haynesboone" name="run" time="8.186"/>
  <system-out/>
  <testcase classname="com.jack.task.Haynesboone" name="run" time="6.877"/>
  <system-out/>
  <testcase classname="com.jack.task.Haynesboone" name="run" time="6.590"/>
  <system-out/>
  <testcase classname="com.jack.task.Haynesboone" name="run" time="7.626"/>
  <system-out/>
  <testcase classname="com.jack.task.Haynesboone" name="run" time="5.315"/>
  <system-out/>
  <testcase classname="com.jack.task.Haynesboone" name="run" time="9.248"/>
  <system-out/>
  <testcase classname="com.jack.task.Haynesboone" name="run" time="13.654"/>
  <system-out/>
  <testcase classname="com.jack.task.Haynesboone" name="run" time="8.045"/>
  <system-out/>
  <testcase classname="com.jack.task.Haynesboone" name="run" time="8.186"/>
  <system-out/>
  <testcase classname="com.jack.task.Haynesboone" name="run" time="5.478"/>
  <system-out/>
  <testcase classname="com.jack.task.Haynesboone" name="run" time="8.316"/>
  <system-out/>
  <testcase classname="com.jack.task.Haynesboone" name="run" time="10.284"/>
  <system-out/>
  <testcase classname="com.jack.task.Haynesboone" name="run" time="8.325"/>
  <system-out/>
  <testcase classname="com.jack.task.Haynesboone" name="run" time="9.037"/>
  <system-out/>
  <testcase classname="com.jack.task.Haynesboone" name="run" time="6.020"/>
  <system-out/>
  <testcase classname="com.jack.task.Haynesboone" name="run" time="9.462"/>
  <system-out/>
  <testcase classname="com.jack.task.Haynesboone" name="run" time="7.591"/>
  <system-out/>
  <testcase classname="com.jack.task.Haynesboone" name="run" time="10.281"/>
  <system-out/>
  <testcase classname="com.jack.task.Haynesboone" name="run" time="8.180"/>
  <system-out/>
  <testcase classname="com.jack.task.Haynesboone" name="run" time="9.626"/>
  <system-out/>
  <testcase classname="com.jack.task.Haynesboone" name="run" time="8.120"/>
  <system-out/>
  <testcase classname="com.jack.task.Haynesboone" name="run" time="6.689"/>
  <system-out/>
  <testcase classname="com.jack.task.Haynesboone" name="run" time="6.178"/>
  <system-out/>
  <testcase classname="com.jack.task.Haynesboone" name="run" time="8.193"/>
  <system-out/>
  <testcase classname="com.jack.task.Haynesboone" name="run" time="10.427"/>
  <system-out/>
  <testcase classname="com.jack.task.Haynesboone" name="run" time="6.940"/>
  <system-out/>
  <testcase classname="com.jack.task.Haynesboone" name="run" time="9.494"/>
  <system-out/>
  <testcase classname="com.jack.task.Haynesboone" name="run" time="7.622"/>
  <system-out/>
  <testcase classname="com.jack.task.Haynesboone" name="run" time="6.132"/>
  <system-out/>
  <testcase classname="com.jack.task.Haynesboone" name="run" time="6.641"/>
  <system-out/>
  <testcase classname="com.jack.task.Haynesboone" name="run" time="9.796"/>
  <system-out/>
  <testcase classname="com.jack.task.Haynesboone" name="run" time="7.654"/>
  <system-out/>
  <testcase classname="com.jack.task.Haynesboone" name="run" time="4.386"/>
  <system-out/>
  <testcase classname="com.jack.task.Haynesboone" name="run" time="6.754"/>
  <system-out/>
  <testcase classname="com.jack.task.Haynesboone" name="run" time="9.280"/>
  <system-out/>
  <testcase classname="com.jack.task.Haynesboone" name="run" time="5.172"/>
  <system-out/>
  <testcase classname="com.jack.task.Haynesboone" name="run" time="7.664"/>
  <system-out/>
  <testcase classname="com.jack.task.Haynesboone" name="run" time="9.143"/>
  <system-out/>
  <testcase classname="com.jack.task.Haynesboone" name="run" time="6.785"/>
  <system-out/>
  <testcase classname="com.jack.task.Haynesboone" name="run" time="7.118"/>
  <system-out/>
  <testcase classname="com.jack.task.Haynesboone" name="run" time="10.126"/>
  <system-out/>
  <testcase classname="com.jack.task.Haynesboone" name="run" time="7.639"/>
  <system-out/>
  <testcase classname="com.jack.task.Haynesboone" name="run" time="6.733"/>
  <system-out/>
  <testcase classname="com.jack.task.Haynesboone" name="run" time="7.513"/>
  <system-out/>
  <testcase classname="com.jack.task.Haynesboone" name="run" time="7.231"/>
  <system-out/>
  <testcase classname="com.jack.task.Haynesboone" name="run" time="6.875"/>
  <system-out/>
  <testcase classname="com.jack.task.Haynesboone" name="run" time="7.799"/>
  <system-out/>
  <testcase classname="com.jack.task.Haynesboone" name="run" time="4.826"/>
  <system-out/>
  <testcase classname="com.jack.task.Haynesboone" name="run" time="10.101"/>
  <system-out/>
  <testcase classname="com.jack.task.Haynesboone" name="run" time="7.938"/>
  <system-out/>
  <testcase classname="com.jack.task.Haynesboone" name="run" time="8.710"/>
  <system-out/>
  <testcase classname="com.jack.task.Haynesboone" name="run" time="10.757"/>
  <system-out/>
  <testcase classname="com.jack.task.Haynesboone" name="run" time="8.836"/>
  <system-out/>
  <testcase classname="com.jack.task.Haynesboone" name="run" time="11.844"/>
  <system-out/>
  <testcase classname="com.jack.task.Haynesboone" name="run" time="5.303"/>
  <system-out/>
  <testcase classname="com.jack.task.Haynesboone" name="run" time="5.604"/>
  <system-out/>
  <testcase classname="com.jack.task.Haynesboone" name="run" time="7.639"/>
  <system-out/>
  <testcase classname="com.jack.task.Haynesboone" name="run" time="6.947"/>
  <system-out/>
  <testcase classname="com.jack.task.Haynesboone" name="run" time="10.038"/>
  <system-out/>
  <testcase classname="com.jack.task.Haynesboone" name="run" time="5.827"/>
  <system-out/>
  <testcase classname="com.jack.task.Haynesboone" name="run" time="4.688"/>
  <system-out/>
  <testcase classname="com.jack.task.Haynesboone" name="run" time="8.117"/>
  <system-out/>
  <testcase classname="com.jack.task.Haynesboone" name="run" time="7.558"/>
  <system-out/>
  <testcase classname="com.jack.task.Haynesboone" name="run" time="10.426"/>
  <system-out/>
  <testcase classname="com.jack.task.Haynesboone" name="run" time="9.879"/>
  <system-out/>
  <testcase classname="com.jack.task.Haynesboone" name="run" time="7.466"/>
  <system-out/>
  <testcase classname="com.jack.task.Haynesboone" name="run" time="10.300"/>
  <system-out/>
  <testcase classname="com.jack.task.Haynesboone" name="run" time="6.757"/>
  <system-out/>
  <testcase classname="com.jack.task.Haynesboone" name="run" time="8.635"/>
  <system-out/>
  <testcase classname="com.jack.task.Haynesboone" name="run" time="7.562"/>
  <system-out/>
  <testcase classname="com.jack.task.Haynesboone" name="run" time="7.468"/>
  <system-out/>
  <testcase classname="com.jack.task.Haynesboone" name="run" time="5.387"/>
  <system-out/>
  <testcase classname="com.jack.task.Haynesboone" name="run" time="5.612"/>
  <system-out/>
  <testcase classname="com.jack.task.Haynesboone" name="run" time="6.674"/>
  <system-out/>
  <testcase classname="com.jack.task.Haynesboone" name="run" time="8.845"/>
  <system-out/>
  <testcase classname="com.jack.task.Haynesboone" name="run" time="9.845"/>
  <system-out/>
  <testcase classname="com.jack.task.Haynesboone" name="run" time="9.859"/>
  <system-out/>
  <testcase classname="com.jack.task.Haynesboone" name="run" time="11.439"/>
  <system-out/>
  <testcase classname="com.jack.task.Haynesboone" name="run" time="9.556"/>
  <system-out/>
  <testcase classname="com.jack.task.Haynesboone" name="run" time="7.066"/>
  <system-out/>
  <testcase classname="com.jack.task.Haynesboone" name="run" time="5.943"/>
  <system-out/>
  <testcase classname="com.jack.task.Haynesboone" name="run" time="10.087"/>
  <system-out/>
  <testcase classname="com.jack.task.Haynesboone" name="run" time="6.823"/>
  <system-out/>
  <testcase classname="com.jack.task.Haynesboone" name="run" time="13.780"/>
  <system-out/>
  <testcase classname="com.jack.task.Haynesboone" name="run" time="6.062"/>
  <system-out/>
  <testcase classname="com.jack.task.Haynesboone" name="run" time="5.184"/>
  <system-out/>
  <testcase classname="com.jack.task.Haynesboone" name="run" time="10.339"/>
  <system-out/>
  <testcase classname="com.jack.task.Haynesboone" name="run" time="6.839"/>
  <system-out/>
  <testcase classname="com.jack.task.Haynesboone" name="run" time="10.268"/>
  <system-out/>
  <testcase classname="com.jack.task.Haynesboone" name="run" time="7.786"/>
  <system-out/>
  <testcase classname="com.jack.task.Haynesboone" name="run" time="7.467"/>
  <system-out/>
  <testcase classname="com.jack.task.Haynesboone" name="run" time="6.673"/>
  <system-out/>
  <testcase classname="com.jack.task.Haynesboone" name="run" time="4.681"/>
  <system-out/>
  <testcase classname="com.jack.task.Haynesboone" name="run" time="6.553"/>
  <system-out/>
  <testcase classname="com.jack.task.Haynesboone" name="run" time="7.550"/>
  <system-out/>
  <testcase classname="com.jack.task.Haynesboone" name="run" time="5.885"/>
  <system-out/>
  <testcase classname="com.jack.task.Haynesboone" name="run" time="8.362"/>
  <system-out/>
  <testcase classname="com.jack.task.Haynesboone" name="run" time="7.678"/>
  <system-out/>
  <testcase classname="com.jack.task.Haynesboone" name="run" time="9.977"/>
  <system-out/>
  <testcase classname="com.jack.task.Haynesboone" name="run" time="9.399"/>
  <system-out/>
  <testcase classname="com.jack.task.Haynesboone" name="run" time="6.445"/>
  <system-out/>
  <testcase classname="com.jack.task.Haynesboone" name="run" time="8.801"/>
  <system-out/>
  <testcase classname="com.jack.task.Haynesboone" name="run" time="7.451"/>
  <system-out/>
  <testcase classname="com.jack.task.Haynesboone" name="run" time="11.216"/>
  <system-out/>
  <testcase classname="com.jack.task.Haynesboone" name="run" time="9.099"/>
  <system-out/>
  <testcase classname="com.jack.task.Haynesboone" name="run" time="5.358"/>
  <system-out/>
  <testcase classname="com.jack.task.Haynesboone" name="run" time="6.896"/>
  <system-out/>
  <testcase classname="com.jack.task.Haynesboone" name="run" time="8.443"/>
  <system-out/>
  <testcase classname="com.jack.task.Haynesboone" name="run" time="9.214"/>
  <system-out/>
  <testcase classname="com.jack.task.Haynesboone" name="run" time="8.343"/>
  <system-out/>
  <testcase classname="com.jack.task.Haynesboone" name="run" time="7.479"/>
  <system-out/>
  <testcase classname="com.jack.task.Haynesboone" name="run" time="6.495"/>
  <system-out/>
  <testcase classname="com.jack.task.Haynesboone" name="run" time="9.616"/>
  <system-out/>
  <testcase classname="com.jack.task.Haynesboone" name="run" time="5.624"/>
  <system-out/>
  <testcase classname="com.jack.task.Haynesboone" name="run" time="9.120"/>
  <system-out/>
  <testcase classname="com.jack.task.Haynesboone" name="run" time="7.568"/>
  <system-out/>
  <testcase classname="com.jack.task.Haynesboone" name="run" time="8.411"/>
  <system-out/>
  <testcase classname="com.jack.task.Haynesboone" name="run" time="5.201"/>
  <system-out/>
  <testcase classname="com.jack.task.Haynesboone" name="run" time="7.870"/>
  <system-out/>
  <testcase classname="com.jack.task.Haynesboone" name="run" time="8.690"/>
  <system-out/>
  <testcase classname="com.jack.task.Haynesboone" name="run" time="7.571"/>
  <system-out/>
  <testcase classname="com.jack.task.Haynesboone" name="run" time="10.363"/>
  <system-out/>
  <testcase classname="com.jack.task.Haynesboone" name="run" time="6.425"/>
  <system-out/>
  <testcase classname="com.jack.task.Haynesboone" name="run" time="6.952"/>
  <system-out/>
  <testcase classname="com.jack.task.Haynesboone" name="run" time="8.275"/>
  <system-out/>
  <testcase classname="com.jack.task.Haynesboone" name="run" time="5.487"/>
  <system-out/>
  <testcase classname="com.jack.task.Haynesboone" name="run" time="5.336"/>
  <system-out/>
  <testcase classname="com.jack.task.Haynesboone" name="run" time="9.246"/>
  <system-out/>
  <testcase classname="com.jack.task.Haynesboone" name="run" time="7.694"/>
  <system-out/>
  <testcase classname="com.jack.task.Haynesboone" name="run" time="4.322"/>
  <system-out/>
  <testcase classname="com.jack.task.Haynesboone" name="run" time="7.955"/>
  <system-out/>
  <testcase classname="com.jack.task.Haynesboone" name="run" time="8.471"/>
  <system-out/>
  <testcase classname="com.jack.task.Haynesboone" name="run" time="22.317"/>
  <system-out/>
  <testcase classname="com.jack.task.Haynesboone" name="run" time="7.636"/>
  <system-out/>
  <testcase classname="com.jack.task.Haynesboone" name="run" time="5.970"/>
  <system-out/>
  <testcase classname="com.jack.task.Haynesboone" name="run" time="7.449"/>
  <system-out/>
  <testcase classname="com.jack.task.Haynesboone" name="run" time="6.294"/>
  <system-out/>
  <testcase classname="com.jack.task.Haynesboone" name="run" time="8.985"/>
  <system-out/>
  <testcase classname="com.jack.task.Haynesboone" name="run" time="6.392"/>
  <system-out/>
  <testcase classname="com.jack.task.Haynesboone" name="run" time="6.733"/>
  <system-out/>
  <testcase classname="com.jack.task.Haynesboone" name="run" time="7.558"/>
  <system-out/>
  <testcase classname="com.jack.task.Haynesboone" name="run" time="8.220"/>
  <system-out/>
  <testcase classname="com.jack.task.Haynesboone" name="run" time="6.893"/>
  <system-out/>
  <testcase classname="com.jack.task.Haynesboone" name="run" time="6.711"/>
  <system-out/>
  <testcase classname="com.jack.task.Haynesboone" name="run" time="6.401"/>
  <system-out/>
  <testcase classname="com.jack.task.Haynesboone" name="run" time="6.028"/>
  <system-out/>
  <testcase classname="com.jack.task.Haynesboone" name="run" time="5.501"/>
  <system-out/>
  <testcase classname="com.jack.task.Haynesboone" name="run" time="12.073"/>
  <system-out/>
  <testcase classname="com.jack.task.Haynesboone" name="run" time="5.166"/>
  <system-out/>
  <testcase classname="com.jack.task.Haynesboone" name="run" time="8.866"/>
  <system-out/>
  <testcase classname="com.jack.task.Haynesboone" name="run" time="8.432"/>
  <system-out/>
  <testcase classname="com.jack.task.Haynesboone" name="run" time="6.500"/>
  <system-out/>
  <testcase classname="com.jack.task.Haynesboone" name="run" time="7.912"/>
  <system-out/>
  <testcase classname="com.jack.task.Haynesboone" name="run" time="9.485"/>
  <system-out/>
  <testcase classname="com.jack.task.Haynesboone" name="run" time="9.100"/>
  <system-out/>
  <testcase classname="com.jack.task.Haynesboone" name="run" time="7.960"/>
  <system-out/>
  <testcase classname="com.jack.task.Haynesboone" name="run" time="9.296"/>
  <system-out/>
  <testcase classname="com.jack.task.Haynesboone" name="run" time="5.291"/>
  <system-out/>
  <testcase classname="com.jack.task.Haynesboone" name="run" time="8.215"/>
  <system-out/>
  <testcase classname="com.jack.task.Haynesboone" name="run" time="7.966"/>
  <system-out/>
  <testcase classname="com.jack.task.Haynesboone" name="run" time="6.400"/>
  <system-out/>
  <testcase classname="com.jack.task.Haynesboone" name="run" time="9.275"/>
  <system-out/>
  <testcase classname="com.jack.task.Haynesboone" name="run" time="7.871"/>
  <system-out/>
  <testcase classname="com.jack.task.Haynesboone" name="run" time="7.074"/>
  <system-out/>
  <testcase classname="com.jack.task.Haynesboone" name="run" time="7.113"/>
  <system-out/>
  <testcase classname="com.jack.task.Haynesboone" name="run" time="8.203"/>
  <system-out/>
  <testcase classname="com.jack.task.Haynesboone" name="run" time="11.083"/>
  <system-out/>
  <testcase classname="com.jack.task.Haynesboone" name="run" time="5.117"/>
  <system-out/>
  <testcase classname="com.jack.task.Haynesboone" name="run" time="8.858"/>
  <system-out/>
  <testcase classname="com.jack.task.Haynesboone" name="run" time="6.460"/>
  <system-out/>
  <testcase classname="com.jack.task.Haynesboone" name="run" time="7.236"/>
  <system-out/>
  <testcase classname="com.jack.task.Haynesboone" name="run" time="11.641"/>
  <system-out/>
  <testcase classname="com.jack.task.Haynesboone" name="run" time="9.556"/>
  <system-out/>
  <testcase classname="com.jack.task.Haynesboone" name="run" time="7.579"/>
  <system-out/>
  <testcase classname="com.jack.task.Haynesboone" name="run" time="7.166"/>
  <system-out/>
  <testcase classname="com.jack.task.Haynesboone" name="run" time="7.451"/>
  <system-out/>
  <testcase classname="com.jack.task.Haynesboone" name="run" time="5.587"/>
  <system-out/>
  <testcase classname="com.jack.task.Haynesboone" name="run" time="10.409"/>
  <system-out/>
  <testcase classname="com.jack.task.Haynesboone" name="run" time="5.807"/>
  <system-out/>
  <testcase classname="com.jack.task.Haynesboone" name="run" time="6.521"/>
  <system-out/>
  <testcase classname="com.jack.task.Haynesboone" name="run" time="9.465"/>
  <system-out/>
  <testcase classname="com.jack.task.Haynesboone" name="run" time="6.721"/>
  <system-out/>
  <testcase classname="com.jack.task.Haynesboone" name="run" time="8.383"/>
  <system-out/>
  <testcase classname="com.jack.task.Haynesboone" name="run" time="7.172"/>
  <system-out/>
  <testcase classname="com.jack.task.Haynesboone" name="run" time="8.609"/>
  <system-out/>
  <testcase classname="com.jack.task.Haynesboone" name="run" time="10.864"/>
  <system-out/>
  <testcase classname="com.jack.task.Haynesboone" name="run" time="9.219"/>
  <system-out/>
  <testcase classname="com.jack.task.Haynesboone" name="run" time="8.191"/>
  <system-out/>
  <testcase classname="com.jack.task.Haynesboone" name="run" time="7.788"/>
  <system-out/>
  <testcase classname="com.jack.task.Haynesboone" name="run" time="8.364"/>
  <system-out/>
  <testcase classname="com.jack.task.Haynesboone" name="run" time="6.572"/>
  <system-out/>
  <testcase classname="com.jack.task.Haynesboone" name="run" time="8.556"/>
  <system-out/>
  <testcase classname="com.jack.task.Haynesboone" name="run" time="5.767"/>
  <system-out/>
  <testcase classname="com.jack.task.Haynesboone" name="run" time="8.240"/>
  <system-out/>
  <testcase classname="com.jack.task.Haynesboone" name="run" time="4.412"/>
  <system-out/>
  <testcase classname="com.jack.task.Haynesboone" name="run" time="10.665"/>
  <system-out/>
  <testcase classname="com.jack.task.Haynesboone" name="run" time="8.196"/>
  <system-out/>
  <testcase classname="com.jack.task.Haynesboone" name="run" time="6.116"/>
  <system-out/>
  <testcase classname="com.jack.task.Haynesboone" name="run" time="7.181"/>
  <system-out/>
  <testcase classname="com.jack.task.Haynesboone" name="run" time="8.684"/>
  <system-out/>
  <testcase classname="com.jack.task.Haynesboone" name="run" time="13.329"/>
  <system-out/>
  <testcase classname="com.jack.task.Haynesboone" name="run" time="6.951"/>
  <system-out/>
  <testcase classname="com.jack.task.Haynesboone" name="run" time="9.353"/>
  <system-out/>
  <testcase classname="com.jack.task.Haynesboone" name="run" time="10.345"/>
  <system-out/>
  <testcase classname="com.jack.task.Haynesboone" name="run" time="9.257"/>
  <system-out/>
  <testcase classname="com.jack.task.Haynesboone" name="run" time="14.990"/>
  <system-out/>
  <testcase classname="com.jack.task.Haynesboone" name="run" time="5.432"/>
  <system-out/>
  <testcase classname="com.jack.task.Haynesboone" name="run" time="6.336"/>
  <system-out/>
  <testcase classname="com.jack.task.Haynesboone" name="run" time="7.985"/>
  <system-out/>
  <testcase classname="com.jack.task.Haynesboone" name="run" time="7.956"/>
  <system-out/>
  <testcase classname="com.jack.task.Haynesboone" name="run" time="5.780"/>
  <system-out/>
  <testcase classname="com.jack.task.Haynesboone" name="run" time="4.201"/>
  <system-out/>
  <testcase classname="com.jack.task.Haynesboone" name="run" time="10.820"/>
  <system-out/>
  <testcase classname="com.jack.task.Haynesboone" name="run" time="6.787"/>
  <system-out/>
  <testcase classname="com.jack.task.Haynesboone" name="run" time="6.151"/>
  <system-out/>
  <testcase classname="com.jack.task.Haynesboone" name="run" time="22.691"/>
  <system-out/>
  <testcase classname="com.jack.task.Haynesboone" name="run" time="6.993"/>
  <system-out/>
  <testcase classname="com.jack.task.Haynesboone" name="run" time="6.688"/>
  <system-out/>
  <testcase classname="com.jack.task.Haynesboone" name="run" time="4.665"/>
  <system-out/>
  <testcase classname="com.jack.task.Haynesboone" name="run" time="8.576"/>
  <system-out/>
  <testcase classname="com.jack.task.Haynesboone" name="run" time="7.894"/>
  <system-out/>
  <testcase classname="com.jack.task.Haynesboone" name="run" time="10.663"/>
  <system-out/>
  <testcase classname="com.jack.task.Haynesboone" name="run" time="4.561"/>
  <system-out/>
  <testcase classname="com.jack.task.Haynesboone" name="run" time="6.944"/>
  <system-out/>
  <testcase classname="com.jack.task.Haynesboone" name="run" time="7.574"/>
  <system-out/>
  <testcase classname="com.jack.task.Haynesboone" name="run" time="7.970"/>
  <system-out/>
  <testcase classname="com.jack.task.Haynesboone" name="run" time="8.388"/>
  <system-out/>
  <testcase classname="com.jack.task.Haynesboone" name="run" time="5.161"/>
  <system-out/>
  <testcase classname="com.jack.task.Haynesboone" name="run" time="6.378"/>
  <system-out/>
  <testcase classname="com.jack.task.Haynesboone" name="run" time="10.512"/>
  <system-out/>
  <testcase classname="com.jack.task.Haynesboone" name="run" time="6.305"/>
  <system-out/>
  <testcase classname="com.jack.task.Haynesboone" name="run" time="6.866"/>
  <system-out/>
  <testcase classname="com.jack.task.Haynesboone" name="run" time="8.405"/>
  <system-out/>
  <testcase classname="com.jack.task.Haynesboone" name="run" time="7.217"/>
  <system-out/>
  <testcase classname="com.jack.task.Haynesboone" name="run" time="7.807"/>
  <system-out/>
  <testcase classname="com.jack.task.Haynesboone" name="run" time="7.682"/>
  <system-out/>
  <testcase classname="com.jack.task.Haynesboone" name="run" time="8.456"/>
  <system-out/>
  <testcase classname="com.jack.task.Haynesboone" name="run" time="4.617"/>
  <system-out/>
  <testcase classname="com.jack.task.Haynesboone" name="run" time="6.437"/>
  <system-out/>
  <testcase classname="com.jack.task.Haynesboone" name="run" time="9.163"/>
  <system-out/>
  <testcase classname="com.jack.task.Haynesboone" name="run" time="5.403"/>
  <system-out/>
  <testcase classname="com.jack.task.Haynesboone" name="run" time="5.876"/>
  <system-out/>
  <testcase classname="com.jack.task.Haynesboone" name="run" time="6.844"/>
  <system-out/>
  <testcase classname="com.jack.task.Haynesboone" name="run" time="5.569"/>
  <system-out/>
  <testcase classname="com.jack.task.Haynesboone" name="run" time="7.402"/>
  <system-out/>
  <testcase classname="com.jack.task.Haynesboone" name="run" time="8.240"/>
  <system-out/>
  <testcase classname="com.jack.task.Haynesboone" name="run" time="8.097"/>
  <system-out/>
  <testcase classname="com.jack.task.Haynesboone" name="run" time="5.814"/>
  <system-out/>
  <testcase classname="com.jack.task.Haynesboone" name="run" time="5.951"/>
  <system-out/>
  <testcase classname="com.jack.task.Haynesboone" name="run" time="7.382"/>
  <system-out/>
  <testcase classname="com.jack.task.Haynesboone" name="run" time="10.809"/>
  <system-out/>
  <testcase classname="com.jack.task.Haynesboone" name="run" time="5.473"/>
  <system-out/>
  <testcase classname="com.jack.task.Haynesboone" name="run" time="8.299"/>
  <system-out/>
  <testcase classname="com.jack.task.Haynesboone" name="run" time="7.379"/>
  <system-out/>
  <testcase classname="com.jack.task.Haynesboone" name="run" time="8.642"/>
  <system-out/>
  <testcase classname="com.jack.task.Haynesboone" name="run" time="7.851"/>
  <system-out/>
  <testcase classname="com.jack.task.Haynesboone" name="run" time="7.484"/>
  <system-out/>
  <testcase classname="com.jack.task.Haynesboone" name="run" time="7.856"/>
  <system-out/>
  <testcase classname="com.jack.task.Haynesboone" name="run" time="7.684"/>
  <system-out/>
  <testcase classname="com.jack.task.Haynesboone" name="run" time="5.787"/>
  <system-out/>
  <testcase classname="com.jack.task.Haynesboone" name="run" time="6.695"/>
  <system-out/>
  <testcase classname="com.jack.task.Haynesboone" name="run" time="7.905"/>
  <system-out/>
  <testcase classname="com.jack.task.Haynesboone" name="run" time="8.445"/>
  <system-out/>
  <testcase classname="com.jack.task.Haynesboone" name="run" time="5.683"/>
  <system-out/>
  <testcase classname="com.jack.task.Haynesboone" name="run" time="10.172"/>
  <system-out/>
  <testcase classname="com.jack.task.Haynesboone" name="run" time="7.612"/>
  <system-out/>
  <testcase classname="com.jack.task.Haynesboone" name="run" time="8.443"/>
  <system-out/>
  <testcase classname="com.jack.task.Haynesboone" name="run" time="5.368"/>
  <system-out/>
  <testcase classname="com.jack.task.Haynesboone" name="run" time="9.523"/>
  <system-out/>
  <testcase classname="com.jack.task.Haynesboone" name="run" time="11.062"/>
  <system-out/>
  <testcase classname="com.jack.task.Haynesboone" name="run" time="13.571"/>
  <system-out/>
  <testcase classname="com.jack.task.Haynesboone" name="run" time="6.987"/>
  <system-out/>
  <testcase classname="com.jack.task.Haynesboone" name="run" time="8.501"/>
  <system-out/>
  <testcase classname="com.jack.task.Haynesboone" name="run" time="9.627"/>
  <system-out/>
  <testcase classname="com.jack.task.Haynesboone" name="run" time="7.528"/>
  <system-out/>
  <testcase classname="com.jack.task.Haynesboone" name="run" time="6.682"/>
  <system-out/>
  <testcase classname="com.jack.task.Haynesboone" name="run" time="7.799"/>
  <system-out/>
  <testcase classname="com.jack.task.Haynesboone" name="run" time="9.417"/>
  <system-out/>
  <testcase classname="com.jack.task.Haynesboone" name="run" time="4.048"/>
  <system-out/>
  <testcase classname="com.jack.task.Haynesboone" name="run" time="7.600"/>
  <system-out/>
  <testcase classname="com.jack.task.Haynesboone" name="run" time="8.310"/>
  <system-out/>
  <testcase classname="com.jack.task.Haynesboone" name="run" time="5.914"/>
  <system-out/>
  <testcase classname="com.jack.task.Haynesboone" name="run" time="5.394"/>
  <system-out/>
  <testcase classname="com.jack.task.Haynesboone" name="run" time="4.186"/>
  <system-out/>
  <testcase classname="com.jack.task.Haynesboone" name="run" time="7.296"/>
  <system-out/>
  <testcase classname="com.jack.task.Haynesboone" name="run" time="5.373"/>
  <system-out/>
  <testcase classname="com.jack.task.Haynesboone" name="run" time="6.727"/>
  <system-out/>
  <testcase classname="com.jack.task.Haynesboone" name="run" time="3.997"/>
  <system-out/>
  <testcase classname="com.jack.task.Haynesboone" name="run" time="5.802"/>
  <system-out/>
  <testcase classname="com.jack.task.Haynesboone" name="run" time="8.688"/>
  <system-out/>
  <testcase classname="com.jack.task.Haynesboone" name="run" time="8.006"/>
  <system-out/>
  <testcase classname="com.jack.task.Haynesboone" name="run" time="9.888"/>
  <system-out/>
  <testcase classname="com.jack.task.Haynesboone" name="run" time="7.338"/>
  <system-out/>
  <testcase classname="com.jack.task.Haynesboone" name="run" time="5.514"/>
  <system-out/>
  <testcase classname="com.jack.task.Haynesboone" name="run" time="7.091"/>
  <system-out/>
  <testcase classname="com.jack.task.Haynesboone" name="run" time="8.697"/>
  <system-out/>
  <testcase classname="com.jack.task.Haynesboone" name="run" time="9.562"/>
  <system-out/>
  <testcase classname="com.jack.task.Haynesboone" name="run" time="8.508"/>
  <system-out/>
  <testcase classname="com.jack.task.Haynesboone" name="run" time="20.360"/>
  <system-out/>
  <testcase classname="com.jack.task.Haynesboone" name="run" time="6.012"/>
  <system-out/>
  <testcase classname="com.jack.task.Haynesboone" name="run" time="7.191"/>
  <system-out/>
  <testcase classname="com.jack.task.Haynesboone" name="run" time="4.006"/>
  <system-out/>
  <testcase classname="com.jack.task.Haynesboone" name="run" time="7.093"/>
  <system-out/>
  <testcase classname="com.jack.task.Haynesboone" name="run" time="9.060"/>
  <system-out/>
  <testcase classname="com.jack.task.Haynesboone" name="run" time="9.997"/>
  <system-out/>
  <testcase classname="com.jack.task.Haynesboone" name="run" time="8.081"/>
  <system-out/>
  <testcase classname="com.jack.task.Haynesboone" name="run" time="9.040"/>
  <system-out/>
  <testcase classname="com.jack.task.Haynesboone" name="run" time="10.608"/>
  <system-out/>
  <testcase classname="com.jack.task.Haynesboone" name="run" time="8.381"/>
  <system-out/>
  <testcase classname="com.jack.task.Haynesboone" name="run" time="6.748"/>
  <system-out/>
  <testcase classname="com.jack.task.Haynesboone" name="run" time="8.489"/>
  <system-out/>
  <testcase classname="com.jack.task.Haynesboone" name="run" time="8.650"/>
  <system-out/>
  <testcase classname="com.jack.task.Haynesboone" name="run" time="4.437"/>
  <system-out/>
  <testcase classname="com.jack.task.Haynesboone" name="run" time="4.485"/>
  <system-out/>
  <testcase classname="com.jack.task.Haynesboone" name="run" time="8.027"/>
  <system-out/>
  <testcase classname="com.jack.task.Haynesboone" name="run" time="6.538"/>
  <system-out/>
  <testcase classname="com.jack.task.Haynesboone" name="run" time="4.440"/>
  <system-out/>
  <testcase classname="com.jack.task.Haynesboone" name="run" time="8.836"/>
  <system-out/>
  <testcase classname="com.jack.task.Haynesboone" name="run" time="7.303"/>
  <system-out/>
  <testcase classname="com.jack.task.Haynesboone" name="run" time="9.236"/>
  <system-out/>
  <testcase classname="com.jack.task.Haynesboone" name="run" time="7.004"/>
  <system-out/>
  <testcase classname="com.jack.task.Haynesboone" name="run" time="7.264"/>
  <system-out/>
  <testcase classname="com.jack.task.Haynesboone" name="run" time="4.621"/>
  <system-out/>
  <testcase classname="com.jack.task.Haynesboone" name="run" time="6.424"/>
  <system-out/>
  <testcase classname="com.jack.task.Haynesboone" name="run" time="6.336"/>
  <system-out/>
  <testcase classname="com.jack.task.Haynesboone" name="run" time="6.054"/>
  <system-out/>
  <testcase classname="com.jack.task.Haynesboone" name="run" time="8.164"/>
  <system-out/>
  <testcase classname="com.jack.task.Haynesboone" name="run" time="9.394"/>
  <system-out/>
  <testcase classname="com.jack.task.Haynesboone" name="run" time="7.474"/>
  <system-out/>
  <testcase classname="com.jack.task.Haynesboone" name="run" time="7.197"/>
  <system-out/>
  <testcase classname="com.jack.task.Haynesboone" name="run" time="7.791"/>
  <system-out/>
  <testcase classname="com.jack.task.Haynesboone" name="run" time="8.742"/>
  <system-out/>
  <testcase classname="com.jack.task.Haynesboone" name="run" time="4.614"/>
  <system-out/>
  <testcase classname="com.jack.task.Haynesboone" name="run" time="7.126"/>
  <system-out/>
  <testcase classname="com.jack.task.Haynesboone" name="run" time="5.972"/>
  <system-out/>
  <testcase classname="com.jack.task.Haynesboone" name="run" time="19.195"/>
  <system-out/>
  <testcase classname="com.jack.task.Haynesboone" name="run" time="4.769"/>
  <system-out/>
  <testcase classname="com.jack.task.Haynesboone" name="run" time="8.242"/>
  <system-out/>
  <testcase classname="com.jack.task.Haynesboone" name="run" time="9.651"/>
  <system-out/>
  <testcase classname="com.jack.task.Haynesboone" name="run" time="8.339"/>
  <system-out/>
  <testcase classname="com.jack.task.Haynesboone" name="run" time="7.994"/>
  <system-out/>
  <testcase classname="com.jack.task.Haynesboone" name="run" time="12.850"/>
  <system-out/>
  <testcase classname="com.jack.task.Haynesboone" name="run" time="9.731"/>
  <system-out/>
  <testcase classname="com.jack.task.Haynesboone" name="run" time="7.442"/>
  <system-out/>
  <testcase classname="com.jack.task.Haynesboone" name="run" time="9.026"/>
  <system-out/>
  <testcase classname="com.jack.task.Haynesboone" name="run" time="8.031"/>
  <system-out/>
  <testcase classname="com.jack.task.Haynesboone" name="run" time="12.620"/>
  <system-out/>
  <testcase classname="com.jack.task.Haynesboone" name="run" time="7.762"/>
  <system-out/>
  <testcase classname="com.jack.task.Haynesboone" name="run" time="6.920"/>
  <system-out/>
  <testcase classname="com.jack.task.Haynesboone" name="run" time="7.947"/>
  <system-out/>
  <testcase classname="com.jack.task.Haynesboone" name="run" time="8.499"/>
  <system-out/>
  <testcase classname="com.jack.task.Haynesboone" name="run" time="9.885"/>
  <system-out/>
  <testcase classname="com.jack.task.Haynesboone" name="run" time="6.473"/>
  <system-out/>
  <testcase classname="com.jack.task.Haynesboone" name="run" time="8.192"/>
  <system-out/>
  <testcase classname="com.jack.task.Haynesboone" name="run" time="7.367"/>
  <system-out/>
  <testcase classname="com.jack.task.Haynesboone" name="run" time="6.259"/>
  <system-out/>
  <testcase classname="com.jack.task.Haynesboone" name="run" time="9.035"/>
  <system-out/>
  <testcase classname="com.jack.task.Haynesboone" name="run" time="8.162"/>
  <system-out/>
  <testcase classname="com.jack.task.Haynesboone" name="run" time="6.567"/>
  <system-out/>
  <testcase classname="com.jack.task.Haynesboone" name="run" time="6.285"/>
  <system-out/>
  <testcase classname="com.jack.task.Haynesboone" name="run" time="9.625"/>
  <system-out/>
  <testcase classname="com.jack.task.Haynesboone" name="run" time="9.044"/>
  <system-out/>
  <testcase classname="com.jack.task.Haynesboone" name="run" time="5.904"/>
  <system-out/>
  <testcase classname="com.jack.task.Haynesboone" name="run" time="7.097"/>
  <system-out/>
  <testcase classname="com.jack.task.Haynesboone" name="run" time="6.600"/>
  <system-out/>
  <testcase classname="com.jack.task.Haynesboone" name="run" time="8.856"/>
  <system-out/>
  <testcase classname="com.jack.task.Haynesboone" name="run" time="16.689"/>
  <system-out/>
  <testcase classname="com.jack.task.Haynesboone" name="run" time="24.527"/>
  <system-out/>
  <testcase classname="com.jack.task.Haynesboone" name="run" time="8.014"/>
  <system-out/>
  <testcase classname="com.jack.task.Haynesboone" name="run" time="8.246"/>
  <system-out/>
  <testcase classname="com.jack.task.Haynesboone" name="run" time="6.571"/>
  <system-out/>
  <testcase classname="com.jack.task.Haynesboone" name="run" time="7.655"/>
  <system-out/>
  <testcase classname="com.jack.task.Haynesboone" name="run" time="9.594"/>
  <system-out/>
  <testcase classname="com.jack.task.Haynesboone" name="run" time="10.194"/>
  <system-out/>
  <testcase classname="com.jack.task.Haynesboone" name="run" time="7.651"/>
  <system-out/>
  <testcase classname="com.jack.task.Haynesboone" name="run" time="7.173"/>
  <system-out/>
  <testcase classname="com.jack.task.Haynesboone" name="run" time="5.355"/>
  <system-out/>
  <testcase classname="com.jack.task.Haynesboone" name="run" time="8.084"/>
  <system-out/>
  <testcase classname="com.jack.task.Haynesboone" name="run" time="8.297"/>
  <system-out/>
  <testcase classname="com.jack.task.Haynesboone" name="run" time="9.639"/>
  <system-out/>
  <testcase classname="com.jack.task.Haynesboone" name="run" time="3.537"/>
  <system-out/>
  <testcase classname="com.jack.task.Haynesboone" name="run" time="6.125"/>
  <system-out/>
  <testcase classname="com.jack.task.Haynesboone" name="run" time="3.677"/>
  <system-out/>
  <testcase classname="com.jack.task.Haynesboone" name="run" time="7.290"/>
  <system-out/>
  <testcase classname="com.jack.task.Haynesboone" name="run" time="5.602"/>
  <system-out/>
  <testcase classname="com.jack.task.Haynesboone" name="run" time="8.040"/>
  <system-out/>
  <testcase classname="com.jack.task.Haynesboone" name="run" time="12.976"/>
  <system-out/>
  <testcase classname="com.jack.task.Haynesboone" name="run" time="10.280"/>
  <system-out/>
  <testcase classname="com.jack.task.Haynesboone" name="run" time="8.713"/>
  <system-out/>
  <testcase classname="com.jack.task.Haynesboone" name="run" time="5.552"/>
  <system-out/>
  <testcase classname="com.jack.task.Haynesboone" name="run" time="7.252"/>
  <system-out/>
  <testcase classname="com.jack.task.Haynesboone" name="run" time="9.518"/>
  <system-out/>
  <testcase classname="com.jack.task.Haynesboone" name="run" time="6.241"/>
  <system-out/>
  <testcase classname="com.jack.task.Haynesboone" name="run" time="5.249"/>
  <system-out/>
  <testcase classname="com.jack.task.Haynesboone" name="run" time="7.137"/>
  <system-out/>
  <testcase classname="com.jack.task.Haynesboone" name="run" time="6.706"/>
  <system-out/>
  <testcase classname="com.jack.task.Haynesboone" name="run" time="8.083"/>
  <system-out/>
  <testcase classname="com.jack.task.Haynesboone" name="run" time="5.346"/>
  <system-out/>
  <testcase classname="com.jack.task.Haynesboone" name="run" time="7.891"/>
  <system-out/>
  <testcase classname="com.jack.task.Haynesboone" name="run" time="8.811"/>
  <system-out/>
  <testcase classname="com.jack.task.Haynesboone" name="run" time="10.459"/>
  <system-out/>
  <testcase classname="com.jack.task.Haynesboone" name="run" time="7.411"/>
  <system-out/>
  <testcase classname="com.jack.task.Haynesboone" name="run" time="7.897"/>
  <system-out/>
  <testcase classname="com.jack.task.Haynesboone" name="run" time="8.702"/>
  <system-out/>
  <testcase classname="com.jack.task.Haynesboone" name="run" time="5.314"/>
  <system-out/>
  <testcase classname="com.jack.task.Haynesboone" name="run" time="8.764"/>
  <system-out/>
  <testcase classname="com.jack.task.Haynesboone" name="run" time="8.275"/>
  <system-out/>
  <testcase classname="com.jack.task.Haynesboone" name="run" time="6.885"/>
  <system-out/>
  <testcase classname="com.jack.task.Haynesboone" name="run" time="8.656"/>
  <system-out/>
  <testcase classname="com.jack.task.Haynesboone" name="run" time="4.890"/>
  <system-out/>
  <testcase classname="com.jack.task.Haynesboone" name="run" time="5.906"/>
  <system-out/>
  <testcase classname="com.jack.task.Haynesboone" name="run" time="7.109"/>
  <system-out/>
  <testcase classname="com.jack.task.Haynesboone" name="run" time="6.823"/>
  <system-out/>
  <testcase classname="com.jack.task.Haynesboone" name="run" time="5.790"/>
  <system-out/>
  <testcase classname="com.jack.task.Haynesboone" name="run" time="5.922"/>
  <system-out/>
  <testcase classname="com.jack.task.Haynesboone" name="run" time="7.146"/>
  <system-out/>
  <testcase classname="com.jack.task.Haynesboone" name="run" time="8.765"/>
  <system-out/>
  <testcase classname="com.jack.task.Haynesboone" name="run" time="10.260"/>
  <system-out/>
  <testcase classname="com.jack.task.Haynesboone" name="run" time="5.689"/>
  <system-out/>
  <testcase classname="com.jack.task.Haynesboone" name="run" time="6.740"/>
  <system-out/>
  <testcase classname="com.jack.task.Haynesboone" name="run" time="10.194"/>
  <system-out/>
  <testcase classname="com.jack.task.Haynesboone" name="run" time="8.102"/>
  <system-out/>
  <testcase classname="com.jack.task.Haynesboone" name="run" time="8.988"/>
  <system-out/>
  <testcase classname="com.jack.task.Haynesboone" name="run" time="8.950"/>
  <system-out/>
  <testcase classname="com.jack.task.Haynesboone" name="run" time="8.245"/>
  <system-out/>
  <testcase classname="com.jack.task.Haynesboone" name="run" time="6.175"/>
  <system-out/>
  <testcase classname="com.jack.task.Haynesboone" name="run" time="8.761"/>
  <system-out/>
  <testcase classname="com.jack.task.Haynesboone" name="run" time="6.729"/>
  <system-out/>
  <testcase classname="com.jack.task.Haynesboone" name="run" time="5.929"/>
  <system-out/>
  <testcase classname="com.jack.task.Haynesboone" name="run" time="5.359"/>
  <system-out/>
  <testcase classname="com.jack.task.Haynesboone" name="run" time="8.259"/>
  <system-out/>
  <testcase classname="com.jack.task.Haynesboone" name="run" time="11.482"/>
  <system-out/>
  <testcase classname="com.jack.task.Haynesboone" name="run" time="6.223"/>
  <system-out/>
  <testcase classname="com.jack.task.Haynesboone" name="run" time="7.801"/>
  <system-out/>
  <testcase classname="com.jack.task.Haynesboone" name="run" time="12.282"/>
  <system-out/>
  <testcase classname="com.jack.task.Haynesboone" name="run" time="5.281"/>
  <system-out/>
  <testcase classname="com.jack.task.Haynesboone" name="run" time="4.905"/>
  <system-out/>
  <testcase classname="com.jack.task.Haynesboone" name="run" time="10.047"/>
  <system-out/>
  <testcase classname="com.jack.task.Haynesboone" name="run" time="6.760"/>
  <system-out/>
  <testcase classname="com.jack.task.Haynesboone" name="run" time="6.684"/>
  <system-out/>
  <testcase classname="com.jack.task.Haynesboone" name="run" time="6.691"/>
  <system-out/>
  <testcase classname="com.jack.task.Haynesboone" name="run" time="6.878"/>
  <system-out/>
  <testcase classname="com.jack.task.Haynesboone" name="run" time="8.660"/>
  <system-out/>
  <testcase classname="com.jack.task.Haynesboone" name="run" time="6.691"/>
  <system-out/>
  <testcase classname="com.jack.task.Haynesboone" name="run" time="4.920"/>
  <system-out/>
  <testcase classname="com.jack.task.Haynesboone" name="run" time="8.790"/>
  <system-out/>
  <testcase classname="com.jack.task.Haynesboone" name="run" time="5.059"/>
  <system-out/>
  <testcase classname="com.jack.task.Haynesboone" name="run" time="6.115"/>
  <system-out/>
  <testcase classname="com.jack.task.Haynesboone" name="run" time="7.509"/>
  <system-out/>
  <testcase classname="com.jack.task.Haynesboone" name="run" time="7.957"/>
  <system-out/>
  <testcase classname="com.jack.task.Haynesboone" name="run" time="8.595"/>
  <system-out/>
  <testcase classname="com.jack.task.Haynesboone" name="run" time="10.448"/>
  <system-out/>
  <testcase classname="com.jack.task.Haynesboone" name="run" time="7.835"/>
  <system-out/>
  <testcase classname="com.jack.task.Haynesboone" name="run" time="10.993"/>
  <system-out/>
  <testcase classname="com.jack.task.Haynesboone" name="run" time="8.035"/>
  <system-out/>
  <testcase classname="com.jack.task.Haynesboone" name="testx" time="0.010"/>
  <system-out/>
  <testcase classname="com.jack.task.Haynesboone" name="run" time="8.054"/>
  <system-out/>
  <testcase classname="com.jack.task.Haynesboone" name="run" time="10.974"/>
  <system-out/>
  <testcase classname="com.jack.task.Haynesboone" name="run" time="10.232"/>
  <system-out/>
  <testcase classname="com.jack.task.Haynesboone" name="run" time="6.989"/>
  <system-out/>
  <testcase classname="com.jack.task.Haynesboone" name="run" time="8.648"/>
  <system-out/>
  <testcase classname="com.jack.task.Haynesboone" name="run" time="7.775"/>
  <system-out/>
  <testcase classname="com.jack.task.Haynesboone" name="run" time="7.778"/>
  <system-out/>
  <testcase classname="com.jack.task.Haynesboone" name="run" time="8.470"/>
  <system-out/>
  <testcase classname="com.jack.task.Haynesboone" name="run" time="16.444"/>
  <system-out/>
  <testcase classname="com.jack.task.Haynesboone" name="run" time="6.024"/>
  <system-out/>
</testsuite> <!-- com.jack.task.Haynesboone -->
