<?xml version="1.0" encoding="UTF-8"?>
<!-- Generated by org.testng.reporters.JUnitReportReporter -->
<testsuite hostname="DESKTOP-89RDKF8" failures="0" tests="485" name="com.jack.task.FrCom" time="3851.416" errors="0" timestamp="2023-01-27T11:21:50 BDT" skipped="0">
  <testcase classname="com.jack.task.FrCom" name="run" time="7.410"/>
  <system-out/>
  <testcase classname="com.jack.task.FrCom" name="run" time="8.290"/>
  <system-out/>
  <testcase classname="com.jack.task.FrCom" name="run" time="8.554"/>
  <system-out/>
  <testcase classname="com.jack.task.FrCom" name="run" time="5.358"/>
  <system-out/>
  <testcase classname="com.jack.task.FrCom" name="run" time="7.824"/>
  <system-out/>
  <testcase classname="com.jack.task.FrCom" name="run" time="6.870"/>
  <system-out/>
  <testcase classname="com.jack.task.FrCom" name="run" time="7.380"/>
  <system-out/>
  <testcase classname="com.jack.task.FrCom" name="run" time="9.961"/>
  <system-out/>
  <testcase classname="com.jack.task.FrCom" name="run" time="12.714"/>
  <system-out/>
  <testcase classname="com.jack.task.FrCom" name="run" time="6.366"/>
  <system-out/>
  <testcase classname="com.jack.task.FrCom" name="run" time="9.146"/>
  <system-out/>
  <testcase classname="com.jack.task.FrCom" name="run" time="8.999"/>
  <system-out/>
  <testcase classname="com.jack.task.FrCom" name="run" time="6.691"/>
  <system-out/>
  <testcase classname="com.jack.task.FrCom" name="run" time="8.434"/>
  <system-out/>
  <testcase classname="com.jack.task.FrCom" name="run" time="7.347"/>
  <system-out/>
  <testcase classname="com.jack.task.FrCom" name="run" time="8.654"/>
  <system-out/>
  <testcase classname="com.jack.task.FrCom" name="run" time="9.035"/>
  <system-out/>
  <testcase classname="com.jack.task.FrCom" name="run" time="7.709"/>
  <system-out/>
  <testcase classname="com.jack.task.FrCom" name="run" time="8.106"/>
  <system-out/>
  <testcase classname="com.jack.task.FrCom" name="run" time="8.525"/>
  <system-out/>
  <testcase classname="com.jack.task.FrCom" name="run" time="8.055"/>
  <system-out/>
  <testcase classname="com.jack.task.FrCom" name="run" time="7.044"/>
  <system-out/>
  <testcase classname="com.jack.task.FrCom" name="run" time="7.906"/>
  <system-out/>
  <testcase classname="com.jack.task.FrCom" name="run" time="8.947"/>
  <system-out/>
  <testcase classname="com.jack.task.FrCom" name="run" time="7.615"/>
  <system-out/>
  <testcase classname="com.jack.task.FrCom" name="run" time="7.353"/>
  <system-out/>
  <testcase classname="com.jack.task.FrCom" name="run" time="6.548"/>
  <system-out/>
  <testcase classname="com.jack.task.FrCom" name="run" time="8.575"/>
  <system-out/>
  <testcase classname="com.jack.task.FrCom" name="run" time="7.944"/>
  <system-out/>
  <testcase classname="com.jack.task.FrCom" name="run" time="9.762"/>
  <system-out/>
  <testcase classname="com.jack.task.FrCom" name="run" time="8.342"/>
  <system-out/>
  <testcase classname="com.jack.task.FrCom" name="run" time="7.377"/>
  <system-out/>
  <testcase classname="com.jack.task.FrCom" name="run" time="10.514"/>
  <system-out/>
  <testcase classname="com.jack.task.FrCom" name="run" time="6.384"/>
  <system-out/>
  <testcase classname="com.jack.task.FrCom" name="run" time="5.516"/>
  <system-out/>
  <testcase classname="com.jack.task.FrCom" name="run" time="7.556"/>
  <system-out/>
  <testcase classname="com.jack.task.FrCom" name="run" time="6.892"/>
  <system-out/>
  <testcase classname="com.jack.task.FrCom" name="run" time="7.924"/>
  <system-out/>
  <testcase classname="com.jack.task.FrCom" name="run" time="7.284"/>
  <system-out/>
  <testcase classname="com.jack.task.FrCom" name="run" time="6.326"/>
  <system-out/>
  <testcase classname="com.jack.task.FrCom" name="run" time="11.228"/>
  <system-out/>
  <testcase classname="com.jack.task.FrCom" name="run" time="8.661"/>
  <system-out/>
  <testcase classname="com.jack.task.FrCom" name="run" time="7.536"/>
  <system-out/>
  <testcase classname="com.jack.task.FrCom" name="run" time="7.974"/>
  <system-out/>
  <testcase classname="com.jack.task.FrCom" name="run" time="8.478"/>
  <system-out/>
  <testcase classname="com.jack.task.FrCom" name="run" time="7.526"/>
  <system-out/>
  <testcase classname="com.jack.task.FrCom" name="run" time="9.232"/>
  <system-out/>
  <testcase classname="com.jack.task.FrCom" name="run" time="8.582"/>
  <system-out/>
  <testcase classname="com.jack.task.FrCom" name="run" time="6.589"/>
  <system-out/>
  <testcase classname="com.jack.task.FrCom" name="run" time="8.497"/>
  <system-out/>
  <testcase classname="com.jack.task.FrCom" name="run" time="9.550"/>
  <system-out/>
  <testcase classname="com.jack.task.FrCom" name="run" time="6.221"/>
  <system-out/>
  <testcase classname="com.jack.task.FrCom" name="run" time="8.474"/>
  <system-out/>
  <testcase classname="com.jack.task.FrCom" name="run" time="7.836"/>
  <system-out/>
  <testcase classname="com.jack.task.FrCom" name="run" time="8.238"/>
  <system-out/>
  <testcase classname="com.jack.task.FrCom" name="run" time="6.555"/>
  <system-out/>
  <testcase classname="com.jack.task.FrCom" name="run" time="10.127"/>
  <system-out/>
  <testcase classname="com.jack.task.FrCom" name="run" time="7.379"/>
  <system-out/>
  <testcase classname="com.jack.task.FrCom" name="run" time="9.435"/>
  <system-out/>
  <testcase classname="com.jack.task.FrCom" name="run" time="6.805"/>
  <system-out/>
  <testcase classname="com.jack.task.FrCom" name="run" time="9.308"/>
  <system-out/>
  <testcase classname="com.jack.task.FrCom" name="run" time="6.204"/>
  <system-out/>
  <testcase classname="com.jack.task.FrCom" name="run" time="9.773"/>
  <system-out/>
  <testcase classname="com.jack.task.FrCom" name="run" time="7.027"/>
  <system-out/>
  <testcase classname="com.jack.task.FrCom" name="run" time="8.672"/>
  <system-out/>
  <testcase classname="com.jack.task.FrCom" name="run" time="6.285"/>
  <system-out/>
  <testcase classname="com.jack.task.FrCom" name="run" time="8.538"/>
  <system-out/>
  <testcase classname="com.jack.task.FrCom" name="run" time="6.184"/>
  <system-out/>
  <testcase classname="com.jack.task.FrCom" name="run" time="8.942"/>
  <system-out/>
  <testcase classname="com.jack.task.FrCom" name="run" time="6.778"/>
  <system-out/>
  <testcase classname="com.jack.task.FrCom" name="run" time="5.791"/>
  <system-out/>
  <testcase classname="com.jack.task.FrCom" name="run" time="6.556"/>
  <system-out/>
  <testcase classname="com.jack.task.FrCom" name="run" time="7.979"/>
  <system-out/>
  <testcase classname="com.jack.task.FrCom" name="run" time="7.898"/>
  <system-out/>
  <testcase classname="com.jack.task.FrCom" name="run" time="7.428"/>
  <system-out/>
  <testcase classname="com.jack.task.FrCom" name="run" time="8.720"/>
  <system-out/>
  <testcase classname="com.jack.task.FrCom" name="run" time="7.070"/>
  <system-out/>
  <testcase classname="com.jack.task.FrCom" name="run" time="5.048"/>
  <system-out/>
  <testcase classname="com.jack.task.FrCom" name="run" time="6.740"/>
  <system-out/>
  <testcase classname="com.jack.task.FrCom" name="run" time="6.236"/>
  <system-out/>
  <testcase classname="com.jack.task.FrCom" name="run" time="8.205"/>
  <system-out/>
  <testcase classname="com.jack.task.FrCom" name="run" time="8.003"/>
  <system-out/>
  <testcase classname="com.jack.task.FrCom" name="run" time="12.489"/>
  <system-out/>
  <testcase classname="com.jack.task.FrCom" name="run" time="3.810"/>
  <system-out/>
  <testcase classname="com.jack.task.FrCom" name="run" time="6.124"/>
  <system-out/>
  <testcase classname="com.jack.task.FrCom" name="run" time="8.588"/>
  <system-out/>
  <testcase classname="com.jack.task.FrCom" name="run" time="7.502"/>
  <system-out/>
  <testcase classname="com.jack.task.FrCom" name="run" time="9.577"/>
  <system-out/>
  <testcase classname="com.jack.task.FrCom" name="run" time="9.714"/>
  <system-out/>
  <testcase classname="com.jack.task.FrCom" name="run" time="8.822"/>
  <system-out/>
  <testcase classname="com.jack.task.FrCom" name="run" time="9.055"/>
  <system-out/>
  <testcase classname="com.jack.task.FrCom" name="run" time="10.679"/>
  <system-out/>
  <testcase classname="com.jack.task.FrCom" name="run" time="6.155"/>
  <system-out/>
  <testcase classname="com.jack.task.FrCom" name="run" time="8.592"/>
  <system-out/>
  <testcase classname="com.jack.task.FrCom" name="run" time="6.947"/>
  <system-out/>
  <testcase classname="com.jack.task.FrCom" name="run" time="5.339"/>
  <system-out/>
  <testcase classname="com.jack.task.FrCom" name="run" time="9.461"/>
  <system-out/>
  <testcase classname="com.jack.task.FrCom" name="run" time="5.821"/>
  <system-out/>
  <testcase classname="com.jack.task.FrCom" name="run" time="9.135"/>
  <system-out/>
  <testcase classname="com.jack.task.FrCom" name="run" time="8.561"/>
  <system-out/>
  <testcase classname="com.jack.task.FrCom" name="run" time="6.141"/>
  <system-out/>
  <testcase classname="com.jack.task.FrCom" name="run" time="7.293"/>
  <system-out/>
  <testcase classname="com.jack.task.FrCom" name="run" time="9.204"/>
  <system-out/>
  <testcase classname="com.jack.task.FrCom" name="run" time="8.362"/>
  <system-out/>
  <testcase classname="com.jack.task.FrCom" name="run" time="5.589"/>
  <system-out/>
  <testcase classname="com.jack.task.FrCom" name="run" time="7.852"/>
  <system-out/>
  <testcase classname="com.jack.task.FrCom" name="run" time="7.836"/>
  <system-out/>
  <testcase classname="com.jack.task.FrCom" name="run" time="8.032"/>
  <system-out/>
  <testcase classname="com.jack.task.FrCom" name="run" time="7.098"/>
  <system-out/>
  <testcase classname="com.jack.task.FrCom" name="run" time="7.070"/>
  <system-out/>
  <testcase classname="com.jack.task.FrCom" name="run" time="6.067"/>
  <system-out/>
  <testcase classname="com.jack.task.FrCom" name="run" time="5.657"/>
  <system-out/>
  <testcase classname="com.jack.task.FrCom" name="run" time="5.493"/>
  <system-out/>
  <testcase classname="com.jack.task.FrCom" name="run" time="9.657"/>
  <system-out/>
  <testcase classname="com.jack.task.FrCom" name="run" time="7.111"/>
  <system-out/>
  <testcase classname="com.jack.task.FrCom" name="run" time="8.138"/>
  <system-out/>
  <testcase classname="com.jack.task.FrCom" name="run" time="9.796"/>
  <system-out/>
  <testcase classname="com.jack.task.FrCom" name="run" time="6.291"/>
  <system-out/>
  <testcase classname="com.jack.task.FrCom" name="run" time="7.222"/>
  <system-out/>
  <testcase classname="com.jack.task.FrCom" name="run" time="6.291"/>
  <system-out/>
  <testcase classname="com.jack.task.FrCom" name="run" time="8.227"/>
  <system-out/>
  <testcase classname="com.jack.task.FrCom" name="run" time="11.070"/>
  <system-out/>
  <testcase classname="com.jack.task.FrCom" name="run" time="6.423"/>
  <system-out/>
  <testcase classname="com.jack.task.FrCom" name="run" time="9.111"/>
  <system-out/>
  <testcase classname="com.jack.task.FrCom" name="run" time="5.992"/>
  <system-out/>
  <testcase classname="com.jack.task.FrCom" name="run" time="6.755"/>
  <system-out/>
  <testcase classname="com.jack.task.FrCom" name="run" time="9.453"/>
  <system-out/>
  <testcase classname="com.jack.task.FrCom" name="run" time="9.713"/>
  <system-out/>
  <testcase classname="com.jack.task.FrCom" name="run" time="5.993"/>
  <system-out/>
  <testcase classname="com.jack.task.FrCom" name="run" time="8.428"/>
  <system-out/>
  <testcase classname="com.jack.task.FrCom" name="run" time="5.879"/>
  <system-out/>
  <testcase classname="com.jack.task.FrCom" name="run" time="7.306"/>
  <system-out/>
  <testcase classname="com.jack.task.FrCom" name="run" time="7.327"/>
  <system-out/>
  <testcase classname="com.jack.task.FrCom" name="run" time="6.394"/>
  <system-out/>
  <testcase classname="com.jack.task.FrCom" name="run" time="5.493"/>
  <system-out/>
  <testcase classname="com.jack.task.FrCom" name="run" time="6.610"/>
  <system-out/>
  <testcase classname="com.jack.task.FrCom" name="run" time="11.420"/>
  <system-out/>
  <testcase classname="com.jack.task.FrCom" name="run" time="8.658"/>
  <system-out/>
  <testcase classname="com.jack.task.FrCom" name="run" time="7.876"/>
  <system-out/>
  <testcase classname="com.jack.task.FrCom" name="run" time="7.765"/>
  <system-out/>
  <testcase classname="com.jack.task.FrCom" name="run" time="8.190"/>
  <system-out/>
  <testcase classname="com.jack.task.FrCom" name="run" time="6.435"/>
  <system-out/>
  <testcase classname="com.jack.task.FrCom" name="run" time="8.730"/>
  <system-out/>
  <testcase classname="com.jack.task.FrCom" name="run" time="9.374"/>
  <system-out/>
  <testcase classname="com.jack.task.FrCom" name="run" time="7.823"/>
  <system-out/>
  <testcase classname="com.jack.task.FrCom" name="run" time="5.976"/>
  <system-out/>
  <testcase classname="com.jack.task.FrCom" name="run" time="5.383"/>
  <system-out/>
  <testcase classname="com.jack.task.FrCom" name="run" time="7.464"/>
  <system-out/>
  <testcase classname="com.jack.task.FrCom" name="run" time="7.555"/>
  <system-out/>
  <testcase classname="com.jack.task.FrCom" name="run" time="5.936"/>
  <system-out/>
  <testcase classname="com.jack.task.FrCom" name="run" time="8.857"/>
  <system-out/>
  <testcase classname="com.jack.task.FrCom" name="run" time="6.552"/>
  <system-out/>
  <testcase classname="com.jack.task.FrCom" name="run" time="7.048"/>
  <system-out/>
  <testcase classname="com.jack.task.FrCom" name="run" time="10.838"/>
  <system-out/>
  <testcase classname="com.jack.task.FrCom" name="testx" time="0.001"/>
  <system-out/>
  <testcase classname="com.jack.task.FrCom" name="run" time="6.262"/>
  <system-out/>
  <testcase classname="com.jack.task.FrCom" name="run" time="6.108"/>
  <system-out/>
  <testcase classname="com.jack.task.FrCom" name="run" time="7.872"/>
  <system-out/>
  <testcase classname="com.jack.task.FrCom" name="run" time="9.128"/>
  <system-out/>
  <testcase classname="com.jack.task.FrCom" name="run" time="5.489"/>
  <system-out/>
  <testcase classname="com.jack.task.FrCom" name="run" time="8.602"/>
  <system-out/>
  <testcase classname="com.jack.task.FrCom" name="run" time="12.063"/>
  <system-out/>
  <testcase classname="com.jack.task.FrCom" name="run" time="6.924"/>
  <system-out/>
  <testcase classname="com.jack.task.FrCom" name="run" time="5.981"/>
  <system-out/>
  <testcase classname="com.jack.task.FrCom" name="run" time="7.023"/>
  <system-out/>
  <testcase classname="com.jack.task.FrCom" name="run" time="6.227"/>
  <system-out/>
  <testcase classname="com.jack.task.FrCom" name="run" time="5.368"/>
  <system-out/>
  <testcase classname="com.jack.task.FrCom" name="run" time="7.793"/>
  <system-out/>
  <testcase classname="com.jack.task.FrCom" name="run" time="9.674"/>
  <system-out/>
  <testcase classname="com.jack.task.FrCom" name="run" time="8.009"/>
  <system-out/>
  <testcase classname="com.jack.task.FrCom" name="run" time="5.387"/>
  <system-out/>
  <testcase classname="com.jack.task.FrCom" name="run" time="6.616"/>
  <system-out/>
  <testcase classname="com.jack.task.FrCom" name="run" time="10.107"/>
  <system-out/>
  <testcase classname="com.jack.task.FrCom" name="run" time="8.776"/>
  <system-out/>
  <testcase classname="com.jack.task.FrCom" name="run" time="7.635"/>
  <system-out/>
  <testcase classname="com.jack.task.FrCom" name="run" time="10.607"/>
  <system-out/>
  <testcase classname="com.jack.task.FrCom" name="run" time="6.620"/>
  <system-out/>
  <testcase classname="com.jack.task.FrCom" name="run" time="8.519"/>
  <system-out/>
  <testcase classname="com.jack.task.FrCom" name="run" time="6.049"/>
  <system-out/>
  <testcase classname="com.jack.task.FrCom" name="run" time="7.655"/>
  <system-out/>
  <testcase classname="com.jack.task.FrCom" name="run" time="8.904"/>
  <system-out/>
  <testcase classname="com.jack.task.FrCom" name="run" time="6.581"/>
  <system-out/>
  <testcase classname="com.jack.task.FrCom" name="run" time="5.749"/>
  <system-out/>
  <testcase classname="com.jack.task.FrCom" name="run" time="4.852"/>
  <system-out/>
  <testcase classname="com.jack.task.FrCom" name="run" time="7.012"/>
  <system-out/>
  <testcase classname="com.jack.task.FrCom" name="run" time="8.621"/>
  <system-out/>
  <testcase classname="com.jack.task.FrCom" name="run" time="9.601"/>
  <system-out/>
  <testcase classname="com.jack.task.FrCom" name="run" time="8.676"/>
  <system-out/>
  <testcase classname="com.jack.task.FrCom" name="run" time="9.936"/>
  <system-out/>
  <testcase classname="com.jack.task.FrCom" name="run" time="7.789"/>
  <system-out/>
  <testcase classname="com.jack.task.FrCom" name="run" time="6.925"/>
  <system-out/>
  <testcase classname="com.jack.task.FrCom" name="run" time="8.598"/>
  <system-out/>
  <testcase classname="com.jack.task.FrCom" name="run" time="9.456"/>
  <system-out/>
  <testcase classname="com.jack.task.FrCom" name="run" time="7.462"/>
  <system-out/>
  <testcase classname="com.jack.task.FrCom" name="run" time="5.766"/>
  <system-out/>
  <testcase classname="com.jack.task.FrCom" name="run" time="10.105"/>
  <system-out/>
  <testcase classname="com.jack.task.FrCom" name="run" time="6.276"/>
  <system-out/>
  <testcase classname="com.jack.task.FrCom" name="run" time="6.586"/>
  <system-out/>
  <testcase classname="com.jack.task.FrCom" name="run" time="7.175"/>
  <system-out/>
  <testcase classname="com.jack.task.FrCom" name="run" time="5.670"/>
  <system-out/>
  <testcase classname="com.jack.task.FrCom" name="run" time="8.690"/>
  <system-out/>
  <testcase classname="com.jack.task.FrCom" name="run" time="6.386"/>
  <system-out/>
  <testcase classname="com.jack.task.FrCom" name="run" time="8.576"/>
  <system-out/>
  <testcase classname="com.jack.task.FrCom" name="run" time="5.063"/>
  <system-out/>
  <testcase classname="com.jack.task.FrCom" name="run" time="8.342"/>
  <system-out/>
  <testcase classname="com.jack.task.FrCom" name="run" time="11.098"/>
  <system-out/>
  <testcase classname="com.jack.task.FrCom" name="run" time="6.410"/>
  <system-out/>
  <testcase classname="com.jack.task.FrCom" name="run" time="6.628"/>
  <system-out/>
  <testcase classname="com.jack.task.FrCom" name="run" time="7.341"/>
  <system-out/>
  <testcase classname="com.jack.task.FrCom" name="run" time="7.044"/>
  <system-out/>
  <testcase classname="com.jack.task.FrCom" name="run" time="9.222"/>
  <system-out/>
  <testcase classname="com.jack.task.FrCom" name="run" time="5.611"/>
  <system-out/>
  <testcase classname="com.jack.task.FrCom" name="run" time="7.690"/>
  <system-out/>
  <testcase classname="com.jack.task.FrCom" name="run" time="5.667"/>
  <system-out/>
  <testcase classname="com.jack.task.FrCom" name="run" time="7.264"/>
  <system-out/>
  <testcase classname="com.jack.task.FrCom" name="run" time="7.410"/>
  <system-out/>
  <testcase classname="com.jack.task.FrCom" name="run" time="9.348"/>
  <system-out/>
  <testcase classname="com.jack.task.FrCom" name="run" time="9.607"/>
  <system-out/>
  <testcase classname="com.jack.task.FrCom" name="run" time="7.977"/>
  <system-out/>
  <testcase classname="com.jack.task.FrCom" name="run" time="6.052"/>
  <system-out/>
  <testcase classname="com.jack.task.FrCom" name="run" time="10.230"/>
  <system-out/>
  <testcase classname="com.jack.task.FrCom" name="run" time="7.688"/>
  <system-out/>
  <testcase classname="com.jack.task.FrCom" name="run" time="10.820"/>
  <system-out/>
  <testcase classname="com.jack.task.FrCom" name="run" time="7.763"/>
  <system-out/>
  <testcase classname="com.jack.task.FrCom" name="run" time="12.352"/>
  <system-out/>
  <testcase classname="com.jack.task.FrCom" name="run" time="6.313"/>
  <system-out/>
  <testcase classname="com.jack.task.FrCom" name="run" time="6.539"/>
  <system-out/>
  <testcase classname="com.jack.task.FrCom" name="run" time="7.975"/>
  <system-out/>
  <testcase classname="com.jack.task.FrCom" name="run" time="8.388"/>
  <system-out/>
  <testcase classname="com.jack.task.FrCom" name="run" time="7.922"/>
  <system-out/>
  <testcase classname="com.jack.task.FrCom" name="run" time="8.113"/>
  <system-out/>
  <testcase classname="com.jack.task.FrCom" name="run" time="9.528"/>
  <system-out/>
  <testcase classname="com.jack.task.FrCom" name="run" time="9.353"/>
  <system-out/>
  <testcase classname="com.jack.task.FrCom" name="run" time="7.507"/>
  <system-out/>
  <testcase classname="com.jack.task.FrCom" name="run" time="6.234"/>
  <system-out/>
  <testcase classname="com.jack.task.FrCom" name="run" time="10.523"/>
  <system-out/>
  <testcase classname="com.jack.task.FrCom" name="run" time="9.729"/>
  <system-out/>
  <testcase classname="com.jack.task.FrCom" name="run" time="6.622"/>
  <system-out/>
  <testcase classname="com.jack.task.FrCom" name="run" time="10.349"/>
  <system-out/>
  <testcase classname="com.jack.task.FrCom" name="run" time="8.236"/>
  <system-out/>
  <testcase classname="com.jack.task.FrCom" name="run" time="6.578"/>
  <system-out/>
  <testcase classname="com.jack.task.FrCom" name="run" time="6.427"/>
  <system-out/>
  <testcase classname="com.jack.task.FrCom" name="run" time="7.542"/>
  <system-out/>
  <testcase classname="com.jack.task.FrCom" name="run" time="8.864"/>
  <system-out/>
  <testcase classname="com.jack.task.FrCom" name="run" time="5.533"/>
  <system-out/>
  <testcase classname="com.jack.task.FrCom" name="run" time="7.811"/>
  <system-out/>
  <testcase classname="com.jack.task.FrCom" name="run" time="7.288"/>
  <system-out/>
  <testcase classname="com.jack.task.FrCom" name="run" time="8.272"/>
  <system-out/>
  <testcase classname="com.jack.task.FrCom" name="run" time="10.586"/>
  <system-out/>
  <testcase classname="com.jack.task.FrCom" name="run" time="5.913"/>
  <system-out/>
  <testcase classname="com.jack.task.FrCom" name="run" time="8.468"/>
  <system-out/>
  <testcase classname="com.jack.task.FrCom" name="run" time="7.697"/>
  <system-out/>
  <testcase classname="com.jack.task.FrCom" name="run" time="8.867"/>
  <system-out/>
  <testcase classname="com.jack.task.FrCom" name="run" time="7.140"/>
  <system-out/>
  <testcase classname="com.jack.task.FrCom" name="run" time="8.059"/>
  <system-out/>
  <testcase classname="com.jack.task.FrCom" name="run" time="9.257"/>
  <system-out/>
  <testcase classname="com.jack.task.FrCom" name="run" time="5.616"/>
  <system-out/>
  <testcase classname="com.jack.task.FrCom" name="run" time="9.372"/>
  <system-out/>
  <testcase classname="com.jack.task.FrCom" name="run" time="7.305"/>
  <system-out/>
  <testcase classname="com.jack.task.FrCom" name="run" time="7.150"/>
  <system-out/>
  <testcase classname="com.jack.task.FrCom" name="run" time="6.916"/>
  <system-out/>
  <testcase classname="com.jack.task.FrCom" name="run" time="7.709"/>
  <system-out/>
  <testcase classname="com.jack.task.FrCom" name="run" time="7.472"/>
  <system-out/>
  <testcase classname="com.jack.task.FrCom" name="run" time="9.165"/>
  <system-out/>
  <testcase classname="com.jack.task.FrCom" name="run" time="9.579"/>
  <system-out/>
  <testcase classname="com.jack.task.FrCom" name="run" time="6.151"/>
  <system-out/>
  <testcase classname="com.jack.task.FrCom" name="run" time="6.766"/>
  <system-out/>
  <testcase classname="com.jack.task.FrCom" name="run" time="8.621"/>
  <system-out/>
  <testcase classname="com.jack.task.FrCom" name="run" time="7.109"/>
  <system-out/>
  <testcase classname="com.jack.task.FrCom" name="run" time="6.298"/>
  <system-out/>
  <testcase classname="com.jack.task.FrCom" name="run" time="8.800"/>
  <system-out/>
  <testcase classname="com.jack.task.FrCom" name="run" time="9.211"/>
  <system-out/>
  <testcase classname="com.jack.task.FrCom" name="run" time="8.799"/>
  <system-out/>
  <testcase classname="com.jack.task.FrCom" name="run" time="7.603"/>
  <system-out/>
  <testcase classname="com.jack.task.FrCom" name="run" time="8.838"/>
  <system-out/>
  <testcase classname="com.jack.task.FrCom" name="run" time="8.265"/>
  <system-out/>
  <testcase classname="com.jack.task.FrCom" name="run" time="11.081"/>
  <system-out/>
  <testcase classname="com.jack.task.FrCom" name="run" time="7.837"/>
  <system-out/>
  <testcase classname="com.jack.task.FrCom" name="run" time="8.455"/>
  <system-out/>
  <testcase classname="com.jack.task.FrCom" name="run" time="7.609"/>
  <system-out/>
  <testcase classname="com.jack.task.FrCom" name="run" time="7.524"/>
  <system-out/>
  <testcase classname="com.jack.task.FrCom" name="run" time="7.976"/>
  <system-out/>
  <testcase classname="com.jack.task.FrCom" name="run" time="7.727"/>
  <system-out/>
  <testcase classname="com.jack.task.FrCom" name="run" time="6.254"/>
  <system-out/>
  <testcase classname="com.jack.task.FrCom" name="run" time="7.255"/>
  <system-out/>
  <testcase classname="com.jack.task.FrCom" name="run" time="7.586"/>
  <system-out/>
  <testcase classname="com.jack.task.FrCom" name="run" time="7.381"/>
  <system-out/>
  <testcase classname="com.jack.task.FrCom" name="run" time="8.089"/>
  <system-out/>
  <testcase classname="com.jack.task.FrCom" name="run" time="9.008"/>
  <system-out/>
  <testcase classname="com.jack.task.FrCom" name="run" time="7.946"/>
  <system-out/>
  <testcase classname="com.jack.task.FrCom" name="run" time="10.219"/>
  <system-out/>
  <testcase classname="com.jack.task.FrCom" name="run" time="9.074"/>
  <system-out/>
  <testcase classname="com.jack.task.FrCom" name="run" time="7.305"/>
  <system-out/>
  <testcase classname="com.jack.task.FrCom" name="run" time="7.202"/>
  <system-out/>
  <testcase classname="com.jack.task.FrCom" name="run" time="12.235"/>
  <system-out/>
  <testcase classname="com.jack.task.FrCom" name="run" time="6.440"/>
  <system-out/>
  <testcase classname="com.jack.task.FrCom" name="run" time="5.876"/>
  <system-out/>
  <testcase classname="com.jack.task.FrCom" name="run" time="10.743"/>
  <system-out/>
  <testcase classname="com.jack.task.FrCom" name="run" time="7.456"/>
  <system-out/>
  <testcase classname="com.jack.task.FrCom" name="run" time="11.155"/>
  <system-out/>
  <testcase classname="com.jack.task.FrCom" name="run" time="10.172"/>
  <system-out/>
  <testcase classname="com.jack.task.FrCom" name="run" time="9.467"/>
  <system-out/>
  <testcase classname="com.jack.task.FrCom" name="run" time="9.967"/>
  <system-out/>
  <testcase classname="com.jack.task.FrCom" name="run" time="9.134"/>
  <system-out/>
  <testcase classname="com.jack.task.FrCom" name="run" time="5.793"/>
  <system-out/>
  <testcase classname="com.jack.task.FrCom" name="run" time="6.786"/>
  <system-out/>
  <testcase classname="com.jack.task.FrCom" name="run" time="7.157"/>
  <system-out/>
  <testcase classname="com.jack.task.FrCom" name="run" time="5.658"/>
  <system-out/>
  <testcase classname="com.jack.task.FrCom" name="run" time="7.390"/>
  <system-out/>
  <testcase classname="com.jack.task.FrCom" name="run" time="6.252"/>
  <system-out/>
  <testcase classname="com.jack.task.FrCom" name="run" time="7.558"/>
  <system-out/>
  <testcase classname="com.jack.task.FrCom" name="run" time="7.728"/>
  <system-out/>
  <testcase classname="com.jack.task.FrCom" name="run" time="8.175"/>
  <system-out/>
  <testcase classname="com.jack.task.FrCom" name="run" time="11.757"/>
  <system-out/>
  <testcase classname="com.jack.task.FrCom" name="run" time="5.606"/>
  <system-out/>
  <testcase classname="com.jack.task.FrCom" name="run" time="6.003"/>
  <system-out/>
  <testcase classname="com.jack.task.FrCom" name="run" time="7.442"/>
  <system-out/>
  <testcase classname="com.jack.task.FrCom" name="run" time="8.396"/>
  <system-out/>
  <testcase classname="com.jack.task.FrCom" name="run" time="5.632"/>
  <system-out/>
  <testcase classname="com.jack.task.FrCom" name="run" time="7.242"/>
  <system-out/>
  <testcase classname="com.jack.task.FrCom" name="run" time="5.211"/>
  <system-out/>
  <testcase classname="com.jack.task.FrCom" name="run" time="5.527"/>
  <system-out/>
  <testcase classname="com.jack.task.FrCom" name="run" time="8.316"/>
  <system-out/>
  <testcase classname="com.jack.task.FrCom" name="run" time="7.087"/>
  <system-out/>
  <testcase classname="com.jack.task.FrCom" name="run" time="7.041"/>
  <system-out/>
  <testcase classname="com.jack.task.FrCom" name="run" time="9.694"/>
  <system-out/>
  <testcase classname="com.jack.task.FrCom" name="run" time="7.105"/>
  <system-out/>
  <testcase classname="com.jack.task.FrCom" name="run" time="8.297"/>
  <system-out/>
  <testcase classname="com.jack.task.FrCom" name="run" time="6.449"/>
  <system-out/>
  <testcase classname="com.jack.task.FrCom" name="run" time="6.682"/>
  <system-out/>
  <testcase classname="com.jack.task.FrCom" name="run" time="8.160"/>
  <system-out/>
  <testcase classname="com.jack.task.FrCom" name="run" time="6.418"/>
  <system-out/>
  <testcase classname="com.jack.task.FrCom" name="run" time="6.976"/>
  <system-out/>
  <testcase classname="com.jack.task.FrCom" name="run" time="7.591"/>
  <system-out/>
  <testcase classname="com.jack.task.FrCom" name="run" time="8.795"/>
  <system-out/>
  <testcase classname="com.jack.task.FrCom" name="run" time="6.493"/>
  <system-out/>
  <testcase classname="com.jack.task.FrCom" name="run" time="5.972"/>
  <system-out/>
  <testcase classname="com.jack.task.FrCom" name="run" time="7.809"/>
  <system-out/>
  <testcase classname="com.jack.task.FrCom" name="run" time="5.968"/>
  <system-out/>
  <testcase classname="com.jack.task.FrCom" name="run" time="5.940"/>
  <system-out/>
  <testcase classname="com.jack.task.FrCom" name="run" time="9.027"/>
  <system-out/>
  <testcase classname="com.jack.task.FrCom" name="run" time="5.689"/>
  <system-out/>
  <testcase classname="com.jack.task.FrCom" name="run" time="6.063"/>
  <system-out/>
  <testcase classname="com.jack.task.FrCom" name="run" time="10.009"/>
  <system-out/>
  <testcase classname="com.jack.task.FrCom" name="run" time="8.379"/>
  <system-out/>
  <testcase classname="com.jack.task.FrCom" name="run" time="7.335"/>
  <system-out/>
  <testcase classname="com.jack.task.FrCom" name="run" time="33.274"/>
  <system-out/>
  <testcase classname="com.jack.task.FrCom" name="run" time="8.871"/>
  <system-out/>
  <testcase classname="com.jack.task.FrCom" name="run" time="10.471"/>
  <system-out/>
  <testcase classname="com.jack.task.FrCom" name="run" time="9.375"/>
  <system-out/>
  <testcase classname="com.jack.task.FrCom" name="run" time="8.369"/>
  <system-out/>
  <testcase classname="com.jack.task.FrCom" name="run" time="6.635"/>
  <system-out/>
  <testcase classname="com.jack.task.FrCom" name="run" time="8.753"/>
  <system-out/>
  <testcase classname="com.jack.task.FrCom" name="run" time="9.177"/>
  <system-out/>
  <testcase classname="com.jack.task.FrCom" name="run" time="7.059"/>
  <system-out/>
  <testcase classname="com.jack.task.FrCom" name="run" time="4.187"/>
  <system-out/>
  <testcase classname="com.jack.task.FrCom" name="run" time="7.108"/>
  <system-out/>
  <testcase classname="com.jack.task.FrCom" name="run" time="10.624"/>
  <system-out/>
  <testcase classname="com.jack.task.FrCom" name="run" time="7.296"/>
  <system-out/>
  <testcase classname="com.jack.task.FrCom" name="run" time="6.507"/>
  <system-out/>
  <testcase classname="com.jack.task.FrCom" name="run" time="9.676"/>
  <system-out/>
  <testcase classname="com.jack.task.FrCom" name="run" time="7.706"/>
  <system-out/>
  <testcase classname="com.jack.task.FrCom" name="run" time="5.721"/>
  <system-out/>
  <testcase classname="com.jack.task.FrCom" name="run" time="8.828"/>
  <system-out/>
  <testcase classname="com.jack.task.FrCom" name="run" time="7.717"/>
  <system-out/>
  <testcase classname="com.jack.task.FrCom" name="run" time="8.454"/>
  <system-out/>
  <testcase classname="com.jack.task.FrCom" name="run" time="6.905"/>
  <system-out/>
  <testcase classname="com.jack.task.FrCom" name="run" time="7.674"/>
  <system-out/>
  <testcase classname="com.jack.task.FrCom" name="run" time="7.247"/>
  <system-out/>
  <testcase classname="com.jack.task.FrCom" name="run" time="8.860"/>
  <system-out/>
  <testcase classname="com.jack.task.FrCom" name="run" time="6.041"/>
  <system-out/>
  <testcase classname="com.jack.task.FrCom" name="run" time="8.588"/>
  <system-out/>
  <testcase classname="com.jack.task.FrCom" name="run" time="8.615"/>
  <system-out/>
  <testcase classname="com.jack.task.FrCom" name="run" time="7.472"/>
  <system-out/>
  <testcase classname="com.jack.task.FrCom" name="run" time="6.819"/>
  <system-out/>
  <testcase classname="com.jack.task.FrCom" name="run" time="6.879"/>
  <system-out/>
  <testcase classname="com.jack.task.FrCom" name="run" time="7.594"/>
  <system-out/>
  <testcase classname="com.jack.task.FrCom" name="run" time="6.511"/>
  <system-out/>
  <testcase classname="com.jack.task.FrCom" name="run" time="6.048"/>
  <system-out/>
  <testcase classname="com.jack.task.FrCom" name="run" time="11.131"/>
  <system-out/>
  <testcase classname="com.jack.task.FrCom" name="run" time="9.675"/>
  <system-out/>
  <testcase classname="com.jack.task.FrCom" name="run" time="10.957"/>
  <system-out/>
  <testcase classname="com.jack.task.FrCom" name="run" time="8.863"/>
  <system-out/>
  <testcase classname="com.jack.task.FrCom" name="run" time="7.150"/>
  <system-out/>
  <testcase classname="com.jack.task.FrCom" name="run" time="8.627"/>
  <system-out/>
  <testcase classname="com.jack.task.FrCom" name="run" time="7.422"/>
  <system-out/>
  <testcase classname="com.jack.task.FrCom" name="run" time="8.832"/>
  <system-out/>
  <testcase classname="com.jack.task.FrCom" name="run" time="11.046"/>
  <system-out/>
  <testcase classname="com.jack.task.FrCom" name="run" time="7.616"/>
  <system-out/>
  <testcase classname="com.jack.task.FrCom" name="run" time="6.303"/>
  <system-out/>
  <testcase classname="com.jack.task.FrCom" name="run" time="8.382"/>
  <system-out/>
  <testcase classname="com.jack.task.FrCom" name="run" time="11.445"/>
  <system-out/>
  <testcase classname="com.jack.task.FrCom" name="run" time="8.163"/>
  <system-out/>
  <testcase classname="com.jack.task.FrCom" name="run" time="8.962"/>
  <system-out/>
  <testcase classname="com.jack.task.FrCom" name="run" time="8.581"/>
  <system-out/>
  <testcase classname="com.jack.task.FrCom" name="run" time="9.646"/>
  <system-out/>
  <testcase classname="com.jack.task.FrCom" name="run" time="8.256"/>
  <system-out/>
  <testcase classname="com.jack.task.FrCom" name="run" time="8.197"/>
  <system-out/>
  <testcase classname="com.jack.task.FrCom" name="run" time="10.906"/>
  <system-out/>
  <testcase classname="com.jack.task.FrCom" name="run" time="8.527"/>
  <system-out/>
  <testcase classname="com.jack.task.FrCom" name="run" time="9.096"/>
  <system-out/>
  <testcase classname="com.jack.task.FrCom" name="run" time="5.699"/>
  <system-out/>
  <testcase classname="com.jack.task.FrCom" name="run" time="8.901"/>
  <system-out/>
  <testcase classname="com.jack.task.FrCom" name="run" time="6.386"/>
  <system-out/>
  <testcase classname="com.jack.task.FrCom" name="run" time="10.025"/>
  <system-out/>
  <testcase classname="com.jack.task.FrCom" name="run" time="6.058"/>
  <system-out/>
  <testcase classname="com.jack.task.FrCom" name="run" time="9.706"/>
  <system-out/>
  <testcase classname="com.jack.task.FrCom" name="run" time="8.828"/>
  <system-out/>
  <testcase classname="com.jack.task.FrCom" name="run" time="7.257"/>
  <system-out/>
  <testcase classname="com.jack.task.FrCom" name="run" time="7.592"/>
  <system-out/>
  <testcase classname="com.jack.task.FrCom" name="run" time="7.631"/>
  <system-out/>
  <testcase classname="com.jack.task.FrCom" name="run" time="9.588"/>
  <system-out/>
  <testcase classname="com.jack.task.FrCom" name="run" time="5.504"/>
  <system-out/>
  <testcase classname="com.jack.task.FrCom" name="run" time="9.056"/>
  <system-out/>
  <testcase classname="com.jack.task.FrCom" name="run" time="5.664"/>
  <system-out/>
  <testcase classname="com.jack.task.FrCom" name="run" time="6.940"/>
  <system-out/>
  <testcase classname="com.jack.task.FrCom" name="run" time="8.934"/>
  <system-out/>
  <testcase classname="com.jack.task.FrCom" name="run" time="8.519"/>
  <system-out/>
  <testcase classname="com.jack.task.FrCom" name="run" time="9.947"/>
  <system-out/>
  <testcase classname="com.jack.task.FrCom" name="run" time="6.906"/>
  <system-out/>
  <testcase classname="com.jack.task.FrCom" name="run" time="9.118"/>
  <system-out/>
  <testcase classname="com.jack.task.FrCom" name="run" time="8.894"/>
  <system-out/>
  <testcase classname="com.jack.task.FrCom" name="run" time="10.639"/>
  <system-out/>
  <testcase classname="com.jack.task.FrCom" name="run" time="6.075"/>
  <system-out/>
  <testcase classname="com.jack.task.FrCom" name="run" time="12.214"/>
  <system-out/>
  <testcase classname="com.jack.task.FrCom" name="run" time="8.218"/>
  <system-out/>
  <testcase classname="com.jack.task.FrCom" name="run" time="8.659"/>
  <system-out/>
  <testcase classname="com.jack.task.FrCom" name="run" time="7.998"/>
  <system-out/>
  <testcase classname="com.jack.task.FrCom" name="run" time="8.840"/>
  <system-out/>
  <testcase classname="com.jack.task.FrCom" name="run" time="8.855"/>
  <system-out/>
  <testcase classname="com.jack.task.FrCom" name="run" time="7.808"/>
  <system-out/>
  <testcase classname="com.jack.task.FrCom" name="run" time="7.224"/>
  <system-out/>
  <testcase classname="com.jack.task.FrCom" name="run" time="10.613"/>
  <system-out/>
  <testcase classname="com.jack.task.FrCom" name="run" time="8.437"/>
  <system-out/>
  <testcase classname="com.jack.task.FrCom" name="run" time="8.607"/>
  <system-out/>
  <testcase classname="com.jack.task.FrCom" name="run" time="5.523"/>
  <system-out/>
  <testcase classname="com.jack.task.FrCom" name="run" time="8.192"/>
  <system-out/>
  <testcase classname="com.jack.task.FrCom" name="run" time="10.184"/>
  <system-out/>
  <testcase classname="com.jack.task.FrCom" name="run" time="8.279"/>
  <system-out/>
  <testcase classname="com.jack.task.FrCom" name="run" time="7.607"/>
  <system-out/>
  <testcase classname="com.jack.task.FrCom" name="run" time="9.272"/>
  <system-out/>
  <testcase classname="com.jack.task.FrCom" name="run" time="7.879"/>
  <system-out/>
  <testcase classname="com.jack.task.FrCom" name="run" time="7.631"/>
  <system-out/>
  <testcase classname="com.jack.task.FrCom" name="run" time="8.694"/>
  <system-out/>
  <testcase classname="com.jack.task.FrCom" name="run" time="7.170"/>
  <system-out/>
  <testcase classname="com.jack.task.FrCom" name="run" time="8.710"/>
  <system-out/>
  <testcase classname="com.jack.task.FrCom" name="run" time="11.649"/>
  <system-out/>
  <testcase classname="com.jack.task.FrCom" name="run" time="9.218"/>
  <system-out/>
  <testcase classname="com.jack.task.FrCom" name="run" time="8.476"/>
  <system-out/>
  <testcase classname="com.jack.task.FrCom" name="run" time="9.204"/>
  <system-out/>
  <testcase classname="com.jack.task.FrCom" name="run" time="8.995"/>
  <system-out/>
  <testcase classname="com.jack.task.FrCom" name="run" time="8.871"/>
  <system-out/>
  <testcase classname="com.jack.task.FrCom" name="run" time="6.424"/>
  <system-out/>
  <testcase classname="com.jack.task.FrCom" name="run" time="6.506"/>
  <system-out/>
  <testcase classname="com.jack.task.FrCom" name="run" time="6.040"/>
  <system-out/>
  <testcase classname="com.jack.task.FrCom" name="run" time="5.526"/>
  <system-out/>
  <testcase classname="com.jack.task.FrCom" name="run" time="4.838"/>
  <system-out/>
  <testcase classname="com.jack.task.FrCom" name="run" time="8.122"/>
  <system-out/>
  <testcase classname="com.jack.task.FrCom" name="run" time="9.782"/>
  <system-out/>
  <testcase classname="com.jack.task.FrCom" name="run" time="8.689"/>
  <system-out/>
  <testcase classname="com.jack.task.FrCom" name="run" time="8.555"/>
  <system-out/>
  <testcase classname="com.jack.task.FrCom" name="run" time="8.227"/>
  <system-out/>
  <testcase classname="com.jack.task.FrCom" name="run" time="10.143"/>
  <system-out/>
  <testcase classname="com.jack.task.FrCom" name="run" time="6.969"/>
  <system-out/>
  <testcase classname="com.jack.task.FrCom" name="run" time="5.300"/>
  <system-out/>
  <testcase classname="com.jack.task.FrCom" name="run" time="7.822"/>
  <system-out/>
  <testcase classname="com.jack.task.FrCom" name="run" time="8.076"/>
  <system-out/>
  <testcase classname="com.jack.task.FrCom" name="run" time="9.883"/>
  <system-out/>
  <testcase classname="com.jack.task.FrCom" name="run" time="8.534"/>
  <system-out/>
  <testcase classname="com.jack.task.FrCom" name="run" time="6.523"/>
  <system-out/>
  <testcase classname="com.jack.task.FrCom" name="run" time="3.874"/>
  <system-out/>
  <testcase classname="com.jack.task.FrCom" name="run" time="6.757"/>
  <system-out/>
  <testcase classname="com.jack.task.FrCom" name="run" time="6.415"/>
  <system-out/>
  <testcase classname="com.jack.task.FrCom" name="run" time="6.194"/>
  <system-out/>
  <testcase classname="com.jack.task.FrCom" name="run" time="12.604"/>
  <system-out/>
  <testcase classname="com.jack.task.FrCom" name="run" time="6.332"/>
  <system-out/>
  <testcase classname="com.jack.task.FrCom" name="run" time="10.724"/>
  <system-out/>
  <testcase classname="com.jack.task.FrCom" name="run" time="9.142"/>
  <system-out/>
  <testcase classname="com.jack.task.FrCom" name="run" time="8.580"/>
  <system-out/>
  <testcase classname="com.jack.task.FrCom" name="run" time="9.472"/>
  <system-out/>
  <testcase classname="com.jack.task.FrCom" name="run" time="10.101"/>
  <system-out/>
  <testcase classname="com.jack.task.FrCom" name="run" time="7.736"/>
  <system-out/>
  <testcase classname="com.jack.task.FrCom" name="run" time="6.129"/>
  <system-out/>
  <testcase classname="com.jack.task.FrCom" name="run" time="8.556"/>
  <system-out/>
  <testcase classname="com.jack.task.FrCom" name="run" time="9.260"/>
  <system-out/>
</testsuite> <!-- com.jack.task.FrCom -->
