<?xml version="1.0" encoding="UTF-8"?>
<!-- Generated by org.testng.reporters.JUnitReportReporter -->
<testsuite hostname="DESKTOP-89RDKF8" failures="0" tests="939" name="com.jack.task.Winston" time="8644.813" errors="0" timestamp="2023-01-31T18:32:54 BDT" skipped="0">
  <testcase classname="com.jack.task.Winston" name="run" time="7.630"/>
  <system-out/>
  <testcase classname="com.jack.task.Winston" name="run" time="5.687"/>
  <system-out/>
  <testcase classname="com.jack.task.Winston" name="run" time="10.768"/>
  <system-out/>
  <testcase classname="com.jack.task.Winston" name="run" time="8.946"/>
  <system-out/>
  <testcase classname="com.jack.task.Winston" name="run" time="7.369"/>
  <system-out/>
  <testcase classname="com.jack.task.Winston" name="run" time="10.121"/>
  <system-out/>
  <testcase classname="com.jack.task.Winston" name="run" time="67.532"/>
  <system-out/>
  <testcase classname="com.jack.task.Winston" name="run" time="8.512"/>
  <system-out/>
  <testcase classname="com.jack.task.Winston" name="run" time="8.347"/>
  <system-out/>
  <testcase classname="com.jack.task.Winston" name="run" time="9.247"/>
  <system-out/>
  <testcase classname="com.jack.task.Winston" name="run" time="8.956"/>
  <system-out/>
  <testcase classname="com.jack.task.Winston" name="run" time="7.797"/>
  <system-out/>
  <testcase classname="com.jack.task.Winston" name="run" time="9.107"/>
  <system-out/>
  <testcase classname="com.jack.task.Winston" name="run" time="9.961"/>
  <system-out/>
  <testcase classname="com.jack.task.Winston" name="run" time="8.702"/>
  <system-out/>
  <testcase classname="com.jack.task.Winston" name="run" time="6.175"/>
  <system-out/>
  <testcase classname="com.jack.task.Winston" name="run" time="9.217"/>
  <system-out/>
  <testcase classname="com.jack.task.Winston" name="run" time="9.005"/>
  <system-out/>
  <testcase classname="com.jack.task.Winston" name="run" time="9.712"/>
  <system-out/>
  <testcase classname="com.jack.task.Winston" name="run" time="6.442"/>
  <system-out/>
  <testcase classname="com.jack.task.Winston" name="run" time="7.571"/>
  <system-out/>
  <testcase classname="com.jack.task.Winston" name="run" time="10.926"/>
  <system-out/>
  <testcase classname="com.jack.task.Winston" name="run" time="6.580"/>
  <system-out/>
  <testcase classname="com.jack.task.Winston" name="run" time="10.860"/>
  <system-out/>
  <testcase classname="com.jack.task.Winston" name="run" time="11.324"/>
  <system-out/>
  <testcase classname="com.jack.task.Winston" name="run" time="10.050"/>
  <system-out/>
  <testcase classname="com.jack.task.Winston" name="run" time="6.647"/>
  <system-out/>
  <testcase classname="com.jack.task.Winston" name="run" time="6.074"/>
  <system-out/>
  <testcase classname="com.jack.task.Winston" name="run" time="8.688"/>
  <system-out/>
  <testcase classname="com.jack.task.Winston" name="run" time="9.252"/>
  <system-out/>
  <testcase classname="com.jack.task.Winston" name="run" time="9.701"/>
  <system-out/>
  <testcase classname="com.jack.task.Winston" name="run" time="11.891"/>
  <system-out/>
  <testcase classname="com.jack.task.Winston" name="run" time="10.595"/>
  <system-out/>
  <testcase classname="com.jack.task.Winston" name="run" time="8.079"/>
  <system-out/>
  <testcase classname="com.jack.task.Winston" name="run" time="8.308"/>
  <system-out/>
  <testcase classname="com.jack.task.Winston" name="run" time="10.657"/>
  <system-out/>
  <testcase classname="com.jack.task.Winston" name="run" time="10.838"/>
  <system-out/>
  <testcase classname="com.jack.task.Winston" name="run" time="9.566"/>
  <system-out/>
  <testcase classname="com.jack.task.Winston" name="run" time="9.900"/>
  <system-out/>
  <testcase classname="com.jack.task.Winston" name="run" time="8.458"/>
  <system-out/>
  <testcase classname="com.jack.task.Winston" name="run" time="10.725"/>
  <system-out/>
  <testcase classname="com.jack.task.Winston" name="run" time="10.330"/>
  <system-out/>
  <testcase classname="com.jack.task.Winston" name="run" time="11.274"/>
  <system-out/>
  <testcase classname="com.jack.task.Winston" name="run" time="10.497"/>
  <system-out/>
  <testcase classname="com.jack.task.Winston" name="run" time="8.690"/>
  <system-out/>
  <testcase classname="com.jack.task.Winston" name="run" time="10.383"/>
  <system-out/>
  <testcase classname="com.jack.task.Winston" name="run" time="8.484"/>
  <system-out/>
  <testcase classname="com.jack.task.Winston" name="run" time="10.630"/>
  <system-out/>
  <testcase classname="com.jack.task.Winston" name="run" time="9.075"/>
  <system-out/>
  <testcase classname="com.jack.task.Winston" name="run" time="8.494"/>
  <system-out/>
  <testcase classname="com.jack.task.Winston" name="run" time="9.654"/>
  <system-out/>
  <testcase classname="com.jack.task.Winston" name="run" time="6.991"/>
  <system-out/>
  <testcase classname="com.jack.task.Winston" name="run" time="10.009"/>
  <system-out/>
  <testcase classname="com.jack.task.Winston" name="run" time="8.911"/>
  <system-out/>
  <testcase classname="com.jack.task.Winston" name="run" time="9.895"/>
  <system-out/>
  <testcase classname="com.jack.task.Winston" name="run" time="10.088"/>
  <system-out/>
  <testcase classname="com.jack.task.Winston" name="run" time="7.500"/>
  <system-out/>
  <testcase classname="com.jack.task.Winston" name="run" time="9.286"/>
  <system-out/>
  <testcase classname="com.jack.task.Winston" name="run" time="7.156"/>
  <system-out/>
  <testcase classname="com.jack.task.Winston" name="run" time="8.204"/>
  <system-out/>
  <testcase classname="com.jack.task.Winston" name="run" time="6.784"/>
  <system-out/>
  <testcase classname="com.jack.task.Winston" name="run" time="10.650"/>
  <system-out/>
  <testcase classname="com.jack.task.Winston" name="run" time="11.298"/>
  <system-out/>
  <testcase classname="com.jack.task.Winston" name="run" time="11.480"/>
  <system-out/>
  <testcase classname="com.jack.task.Winston" name="run" time="8.715"/>
  <system-out/>
  <testcase classname="com.jack.task.Winston" name="run" time="6.741"/>
  <system-out/>
  <testcase classname="com.jack.task.Winston" name="run" time="10.410"/>
  <system-out/>
  <testcase classname="com.jack.task.Winston" name="run" time="10.148"/>
  <system-out/>
  <testcase classname="com.jack.task.Winston" name="run" time="11.671"/>
  <system-out/>
  <testcase classname="com.jack.task.Winston" name="run" time="8.476"/>
  <system-out/>
  <testcase classname="com.jack.task.Winston" name="run" time="7.961"/>
  <system-out/>
  <testcase classname="com.jack.task.Winston" name="run" time="8.005"/>
  <system-out/>
  <testcase classname="com.jack.task.Winston" name="run" time="8.049"/>
  <system-out/>
  <testcase classname="com.jack.task.Winston" name="run" time="11.104"/>
  <system-out/>
  <testcase classname="com.jack.task.Winston" name="run" time="10.544"/>
  <system-out/>
  <testcase classname="com.jack.task.Winston" name="run" time="7.851"/>
  <system-out/>
  <testcase classname="com.jack.task.Winston" name="run" time="10.327"/>
  <system-out/>
  <testcase classname="com.jack.task.Winston" name="run" time="6.010"/>
  <system-out/>
  <testcase classname="com.jack.task.Winston" name="run" time="6.554"/>
  <system-out/>
  <testcase classname="com.jack.task.Winston" name="run" time="10.036"/>
  <system-out/>
  <testcase classname="com.jack.task.Winston" name="run" time="9.417"/>
  <system-out/>
  <testcase classname="com.jack.task.Winston" name="run" time="10.999"/>
  <system-out/>
  <testcase classname="com.jack.task.Winston" name="run" time="7.307"/>
  <system-out/>
  <testcase classname="com.jack.task.Winston" name="run" time="7.254"/>
  <system-out/>
  <testcase classname="com.jack.task.Winston" name="run" time="7.206"/>
  <system-out/>
  <testcase classname="com.jack.task.Winston" name="run" time="8.363"/>
  <system-out/>
  <testcase classname="com.jack.task.Winston" name="run" time="9.670"/>
  <system-out/>
  <testcase classname="com.jack.task.Winston" name="run" time="9.611"/>
  <system-out/>
  <testcase classname="com.jack.task.Winston" name="run" time="7.905"/>
  <system-out/>
  <testcase classname="com.jack.task.Winston" name="run" time="8.769"/>
  <system-out/>
  <testcase classname="com.jack.task.Winston" name="run" time="5.792"/>
  <system-out/>
  <testcase classname="com.jack.task.Winston" name="run" time="6.604"/>
  <system-out/>
  <testcase classname="com.jack.task.Winston" name="run" time="9.837"/>
  <system-out/>
  <testcase classname="com.jack.task.Winston" name="run" time="9.350"/>
  <system-out/>
  <testcase classname="com.jack.task.Winston" name="run" time="9.885"/>
  <system-out/>
  <testcase classname="com.jack.task.Winston" name="run" time="7.730"/>
  <system-out/>
  <testcase classname="com.jack.task.Winston" name="run" time="9.056"/>
  <system-out/>
  <testcase classname="com.jack.task.Winston" name="run" time="8.831"/>
  <system-out/>
  <testcase classname="com.jack.task.Winston" name="run" time="7.606"/>
  <system-out/>
  <testcase classname="com.jack.task.Winston" name="run" time="9.261"/>
  <system-out/>
  <testcase classname="com.jack.task.Winston" name="run" time="11.546"/>
  <system-out/>
  <testcase classname="com.jack.task.Winston" name="run" time="10.588"/>
  <system-out/>
  <testcase classname="com.jack.task.Winston" name="run" time="9.702"/>
  <system-out/>
  <testcase classname="com.jack.task.Winston" name="run" time="12.651"/>
  <system-out/>
  <testcase classname="com.jack.task.Winston" name="run" time="9.728"/>
  <system-out/>
  <testcase classname="com.jack.task.Winston" name="run" time="9.491"/>
  <system-out/>
  <testcase classname="com.jack.task.Winston" name="run" time="7.035"/>
  <system-out/>
  <testcase classname="com.jack.task.Winston" name="run" time="7.432"/>
  <system-out/>
  <testcase classname="com.jack.task.Winston" name="run" time="9.788"/>
  <system-out/>
  <testcase classname="com.jack.task.Winston" name="run" time="8.662"/>
  <system-out/>
  <testcase classname="com.jack.task.Winston" name="run" time="8.966"/>
  <system-out/>
  <testcase classname="com.jack.task.Winston" name="run" time="8.525"/>
  <system-out/>
  <testcase classname="com.jack.task.Winston" name="run" time="7.098"/>
  <system-out/>
  <testcase classname="com.jack.task.Winston" name="run" time="8.974"/>
  <system-out/>
  <testcase classname="com.jack.task.Winston" name="run" time="9.070"/>
  <system-out/>
  <testcase classname="com.jack.task.Winston" name="run" time="7.761"/>
  <system-out/>
  <testcase classname="com.jack.task.Winston" name="run" time="8.940"/>
  <system-out/>
  <testcase classname="com.jack.task.Winston" name="run" time="11.084"/>
  <system-out/>
  <testcase classname="com.jack.task.Winston" name="run" time="11.000"/>
  <system-out/>
  <testcase classname="com.jack.task.Winston" name="run" time="10.515"/>
  <system-out/>
  <testcase classname="com.jack.task.Winston" name="run" time="8.602"/>
  <system-out/>
  <testcase classname="com.jack.task.Winston" name="run" time="5.826"/>
  <system-out/>
  <testcase classname="com.jack.task.Winston" name="run" time="10.069"/>
  <system-out/>
  <testcase classname="com.jack.task.Winston" name="run" time="7.281"/>
  <system-out/>
  <testcase classname="com.jack.task.Winston" name="run" time="7.652"/>
  <system-out/>
  <testcase classname="com.jack.task.Winston" name="run" time="10.867"/>
  <system-out/>
  <testcase classname="com.jack.task.Winston" name="run" time="8.037"/>
  <system-out/>
  <testcase classname="com.jack.task.Winston" name="run" time="8.929"/>
  <system-out/>
  <testcase classname="com.jack.task.Winston" name="run" time="9.819"/>
  <system-out/>
  <testcase classname="com.jack.task.Winston" name="run" time="11.028"/>
  <system-out/>
  <testcase classname="com.jack.task.Winston" name="run" time="9.178"/>
  <system-out/>
  <testcase classname="com.jack.task.Winston" name="run" time="11.705"/>
  <system-out/>
  <testcase classname="com.jack.task.Winston" name="run" time="9.522"/>
  <system-out/>
  <testcase classname="com.jack.task.Winston" name="run" time="5.760"/>
  <system-out/>
  <testcase classname="com.jack.task.Winston" name="run" time="7.147"/>
  <system-out/>
  <testcase classname="com.jack.task.Winston" name="run" time="10.257"/>
  <system-out/>
  <testcase classname="com.jack.task.Winston" name="run" time="7.415"/>
  <system-out/>
  <testcase classname="com.jack.task.Winston" name="run" time="7.011"/>
  <system-out/>
  <testcase classname="com.jack.task.Winston" name="run" time="7.331"/>
  <system-out/>
  <testcase classname="com.jack.task.Winston" name="run" time="7.371"/>
  <system-out/>
  <testcase classname="com.jack.task.Winston" name="run" time="13.072"/>
  <system-out/>
  <testcase classname="com.jack.task.Winston" name="run" time="11.200"/>
  <system-out/>
  <testcase classname="com.jack.task.Winston" name="run" time="9.663"/>
  <system-out/>
  <testcase classname="com.jack.task.Winston" name="run" time="7.977"/>
  <system-out/>
  <testcase classname="com.jack.task.Winston" name="run" time="10.066"/>
  <system-out/>
  <testcase classname="com.jack.task.Winston" name="run" time="8.636"/>
  <system-out/>
  <testcase classname="com.jack.task.Winston" name="run" time="16.697"/>
  <system-out/>
  <testcase classname="com.jack.task.Winston" name="run" time="10.543"/>
  <system-out/>
  <testcase classname="com.jack.task.Winston" name="run" time="9.043"/>
  <system-out/>
  <testcase classname="com.jack.task.Winston" name="run" time="10.342"/>
  <system-out/>
  <testcase classname="com.jack.task.Winston" name="run" time="6.018"/>
  <system-out/>
  <testcase classname="com.jack.task.Winston" name="run" time="10.577"/>
  <system-out/>
  <testcase classname="com.jack.task.Winston" name="run" time="8.354"/>
  <system-out/>
  <testcase classname="com.jack.task.Winston" name="run" time="9.031"/>
  <system-out/>
  <testcase classname="com.jack.task.Winston" name="run" time="7.114"/>
  <system-out/>
  <testcase classname="com.jack.task.Winston" name="run" time="6.942"/>
  <system-out/>
  <testcase classname="com.jack.task.Winston" name="run" time="8.313"/>
  <system-out/>
  <testcase classname="com.jack.task.Winston" name="run" time="11.139"/>
  <system-out/>
  <testcase classname="com.jack.task.Winston" name="run" time="7.725"/>
  <system-out/>
  <testcase classname="com.jack.task.Winston" name="run" time="10.623"/>
  <system-out/>
  <testcase classname="com.jack.task.Winston" name="run" time="9.565"/>
  <system-out/>
  <testcase classname="com.jack.task.Winston" name="run" time="6.053"/>
  <system-out/>
  <testcase classname="com.jack.task.Winston" name="run" time="5.864"/>
  <system-out/>
  <testcase classname="com.jack.task.Winston" name="run" time="8.577"/>
  <system-out/>
  <testcase classname="com.jack.task.Winston" name="run" time="8.715"/>
  <system-out/>
  <testcase classname="com.jack.task.Winston" name="run" time="10.194"/>
  <system-out/>
  <testcase classname="com.jack.task.Winston" name="run" time="6.634"/>
  <system-out/>
  <testcase classname="com.jack.task.Winston" name="run" time="8.970"/>
  <system-out/>
  <testcase classname="com.jack.task.Winston" name="run" time="9.469"/>
  <system-out/>
  <testcase classname="com.jack.task.Winston" name="run" time="10.166"/>
  <system-out/>
  <testcase classname="com.jack.task.Winston" name="run" time="8.913"/>
  <system-out/>
  <testcase classname="com.jack.task.Winston" name="run" time="13.996"/>
  <system-out/>
  <testcase classname="com.jack.task.Winston" name="run" time="12.179"/>
  <system-out/>
  <testcase classname="com.jack.task.Winston" name="run" time="9.041"/>
  <system-out/>
  <testcase classname="com.jack.task.Winston" name="run" time="8.987"/>
  <system-out/>
  <testcase classname="com.jack.task.Winston" name="run" time="7.205"/>
  <system-out/>
  <testcase classname="com.jack.task.Winston" name="run" time="9.945"/>
  <system-out/>
  <testcase classname="com.jack.task.Winston" name="run" time="8.059"/>
  <system-out/>
  <testcase classname="com.jack.task.Winston" name="run" time="7.589"/>
  <system-out/>
  <testcase classname="com.jack.task.Winston" name="run" time="8.701"/>
  <system-out/>
  <testcase classname="com.jack.task.Winston" name="run" time="10.184"/>
  <system-out/>
  <testcase classname="com.jack.task.Winston" name="run" time="7.149"/>
  <system-out/>
  <testcase classname="com.jack.task.Winston" name="run" time="10.091"/>
  <system-out/>
  <testcase classname="com.jack.task.Winston" name="run" time="10.158"/>
  <system-out/>
  <testcase classname="com.jack.task.Winston" name="run" time="7.043"/>
  <system-out/>
  <testcase classname="com.jack.task.Winston" name="run" time="9.622"/>
  <system-out/>
  <testcase classname="com.jack.task.Winston" name="run" time="8.100"/>
  <system-out/>
  <testcase classname="com.jack.task.Winston" name="run" time="9.344"/>
  <system-out/>
  <testcase classname="com.jack.task.Winston" name="run" time="10.277"/>
  <system-out/>
  <testcase classname="com.jack.task.Winston" name="run" time="10.637"/>
  <system-out/>
  <testcase classname="com.jack.task.Winston" name="run" time="8.855"/>
  <system-out/>
  <testcase classname="com.jack.task.Winston" name="run" time="10.800"/>
  <system-out/>
  <testcase classname="com.jack.task.Winston" name="run" time="9.409"/>
  <system-out/>
  <testcase classname="com.jack.task.Winston" name="run" time="9.141"/>
  <system-out/>
  <testcase classname="com.jack.task.Winston" name="run" time="9.760"/>
  <system-out/>
  <testcase classname="com.jack.task.Winston" name="run" time="8.024"/>
  <system-out/>
  <testcase classname="com.jack.task.Winston" name="run" time="7.108"/>
  <system-out/>
  <testcase classname="com.jack.task.Winston" name="run" time="9.265"/>
  <system-out/>
  <testcase classname="com.jack.task.Winston" name="run" time="9.432"/>
  <system-out/>
  <testcase classname="com.jack.task.Winston" name="run" time="7.128"/>
  <system-out/>
  <testcase classname="com.jack.task.Winston" name="run" time="6.273"/>
  <system-out/>
  <testcase classname="com.jack.task.Winston" name="run" time="5.677"/>
  <system-out/>
  <testcase classname="com.jack.task.Winston" name="run" time="11.125"/>
  <system-out/>
  <testcase classname="com.jack.task.Winston" name="run" time="9.016"/>
  <system-out/>
  <testcase classname="com.jack.task.Winston" name="run" time="9.434"/>
  <system-out/>
  <testcase classname="com.jack.task.Winston" name="run" time="9.249"/>
  <system-out/>
  <testcase classname="com.jack.task.Winston" name="run" time="6.464"/>
  <system-out/>
  <testcase classname="com.jack.task.Winston" name="run" time="9.461"/>
  <system-out/>
  <testcase classname="com.jack.task.Winston" name="run" time="9.260"/>
  <system-out/>
  <testcase classname="com.jack.task.Winston" name="run" time="9.274"/>
  <system-out/>
  <testcase classname="com.jack.task.Winston" name="run" time="7.105"/>
  <system-out/>
  <testcase classname="com.jack.task.Winston" name="run" time="11.208"/>
  <system-out/>
  <testcase classname="com.jack.task.Winston" name="run" time="10.187"/>
  <system-out/>
  <testcase classname="com.jack.task.Winston" name="run" time="12.388"/>
  <system-out/>
  <testcase classname="com.jack.task.Winston" name="run" time="8.598"/>
  <system-out/>
  <testcase classname="com.jack.task.Winston" name="run" time="8.412"/>
  <system-out/>
  <testcase classname="com.jack.task.Winston" name="run" time="8.090"/>
  <system-out/>
  <testcase classname="com.jack.task.Winston" name="run" time="7.510"/>
  <system-out/>
  <testcase classname="com.jack.task.Winston" name="run" time="12.475"/>
  <system-out/>
  <testcase classname="com.jack.task.Winston" name="run" time="7.282"/>
  <system-out/>
  <testcase classname="com.jack.task.Winston" name="run" time="10.615"/>
  <system-out/>
  <testcase classname="com.jack.task.Winston" name="run" time="7.464"/>
  <system-out/>
  <testcase classname="com.jack.task.Winston" name="run" time="8.945"/>
  <system-out/>
  <testcase classname="com.jack.task.Winston" name="run" time="9.702"/>
  <system-out/>
  <testcase classname="com.jack.task.Winston" name="run" time="7.352"/>
  <system-out/>
  <testcase classname="com.jack.task.Winston" name="run" time="6.080"/>
  <system-out/>
  <testcase classname="com.jack.task.Winston" name="run" time="9.925"/>
  <system-out/>
  <testcase classname="com.jack.task.Winston" name="run" time="8.692"/>
  <system-out/>
  <testcase classname="com.jack.task.Winston" name="run" time="10.364"/>
  <system-out/>
  <testcase classname="com.jack.task.Winston" name="run" time="8.977"/>
  <system-out/>
  <testcase classname="com.jack.task.Winston" name="run" time="8.034"/>
  <system-out/>
  <testcase classname="com.jack.task.Winston" name="run" time="9.760"/>
  <system-out/>
  <testcase classname="com.jack.task.Winston" name="run" time="9.984"/>
  <system-out/>
  <testcase classname="com.jack.task.Winston" name="run" time="10.253"/>
  <system-out/>
  <testcase classname="com.jack.task.Winston" name="run" time="8.756"/>
  <system-out/>
  <testcase classname="com.jack.task.Winston" name="run" time="7.460"/>
  <system-out/>
  <testcase classname="com.jack.task.Winston" name="run" time="11.197"/>
  <system-out/>
  <testcase classname="com.jack.task.Winston" name="run" time="8.324"/>
  <system-out/>
  <testcase classname="com.jack.task.Winston" name="run" time="9.737"/>
  <system-out/>
  <testcase classname="com.jack.task.Winston" name="run" time="9.646"/>
  <system-out/>
  <testcase classname="com.jack.task.Winston" name="run" time="10.263"/>
  <system-out/>
  <testcase classname="com.jack.task.Winston" name="run" time="11.637"/>
  <system-out/>
  <testcase classname="com.jack.task.Winston" name="run" time="7.925"/>
  <system-out/>
  <testcase classname="com.jack.task.Winston" name="run" time="10.433"/>
  <system-out/>
  <testcase classname="com.jack.task.Winston" name="run" time="10.355"/>
  <system-out/>
  <testcase classname="com.jack.task.Winston" name="run" time="9.426"/>
  <system-out/>
  <testcase classname="com.jack.task.Winston" name="run" time="8.518"/>
  <system-out/>
  <testcase classname="com.jack.task.Winston" name="run" time="10.276"/>
  <system-out/>
  <testcase classname="com.jack.task.Winston" name="run" time="7.767"/>
  <system-out/>
  <testcase classname="com.jack.task.Winston" name="run" time="7.911"/>
  <system-out/>
  <testcase classname="com.jack.task.Winston" name="run" time="8.378"/>
  <system-out/>
  <testcase classname="com.jack.task.Winston" name="run" time="9.098"/>
  <system-out/>
  <testcase classname="com.jack.task.Winston" name="run" time="10.109"/>
  <system-out/>
  <testcase classname="com.jack.task.Winston" name="run" time="8.230"/>
  <system-out/>
  <testcase classname="com.jack.task.Winston" name="run" time="8.274"/>
  <system-out/>
  <testcase classname="com.jack.task.Winston" name="run" time="7.196"/>
  <system-out/>
  <testcase classname="com.jack.task.Winston" name="run" time="7.434"/>
  <system-out/>
  <testcase classname="com.jack.task.Winston" name="run" time="9.035"/>
  <system-out/>
  <testcase classname="com.jack.task.Winston" name="run" time="7.797"/>
  <system-out/>
  <testcase classname="com.jack.task.Winston" name="run" time="9.651"/>
  <system-out/>
  <testcase classname="com.jack.task.Winston" name="run" time="8.886"/>
  <system-out/>
  <testcase classname="com.jack.task.Winston" name="run" time="6.381"/>
  <system-out/>
  <testcase classname="com.jack.task.Winston" name="run" time="11.250"/>
  <system-out/>
  <testcase classname="com.jack.task.Winston" name="run" time="9.534"/>
  <system-out/>
  <testcase classname="com.jack.task.Winston" name="run" time="8.613"/>
  <system-out/>
  <testcase classname="com.jack.task.Winston" name="run" time="9.241"/>
  <system-out/>
  <testcase classname="com.jack.task.Winston" name="run" time="8.488"/>
  <system-out/>
  <testcase classname="com.jack.task.Winston" name="run" time="11.946"/>
  <system-out/>
  <testcase classname="com.jack.task.Winston" name="run" time="8.050"/>
  <system-out/>
  <testcase classname="com.jack.task.Winston" name="run" time="10.034"/>
  <system-out/>
  <testcase classname="com.jack.task.Winston" name="run" time="8.314"/>
  <system-out/>
  <testcase classname="com.jack.task.Winston" name="run" time="9.860"/>
  <system-out/>
  <testcase classname="com.jack.task.Winston" name="run" time="8.049"/>
  <system-out/>
  <testcase classname="com.jack.task.Winston" name="run" time="7.062"/>
  <system-out/>
  <testcase classname="com.jack.task.Winston" name="run" time="9.016"/>
  <system-out/>
  <testcase classname="com.jack.task.Winston" name="run" time="8.484"/>
  <system-out/>
  <testcase classname="com.jack.task.Winston" name="run" time="9.305"/>
  <system-out/>
  <testcase classname="com.jack.task.Winston" name="run" time="9.671"/>
  <system-out/>
  <testcase classname="com.jack.task.Winston" name="run" time="7.865"/>
  <system-out/>
  <testcase classname="com.jack.task.Winston" name="run" time="8.809"/>
  <system-out/>
  <testcase classname="com.jack.task.Winston" name="run" time="8.508"/>
  <system-out/>
  <testcase classname="com.jack.task.Winston" name="run" time="10.162"/>
  <system-out/>
  <testcase classname="com.jack.task.Winston" name="run" time="7.531"/>
  <system-out/>
  <testcase classname="com.jack.task.Winston" name="run" time="9.085"/>
  <system-out/>
  <testcase classname="com.jack.task.Winston" name="run" time="6.023"/>
  <system-out/>
  <testcase classname="com.jack.task.Winston" name="run" time="10.186"/>
  <system-out/>
  <testcase classname="com.jack.task.Winston" name="run" time="8.545"/>
  <system-out/>
  <testcase classname="com.jack.task.Winston" name="run" time="9.724"/>
  <system-out/>
  <testcase classname="com.jack.task.Winston" name="run" time="10.119"/>
  <system-out/>
  <testcase classname="com.jack.task.Winston" name="run" time="11.163"/>
  <system-out/>
  <testcase classname="com.jack.task.Winston" name="run" time="10.266"/>
  <system-out/>
  <testcase classname="com.jack.task.Winston" name="run" time="7.547"/>
  <system-out/>
  <testcase classname="com.jack.task.Winston" name="run" time="12.563"/>
  <system-out/>
  <testcase classname="com.jack.task.Winston" name="run" time="9.076"/>
  <system-out/>
  <testcase classname="com.jack.task.Winston" name="run" time="9.464"/>
  <system-out/>
  <testcase classname="com.jack.task.Winston" name="run" time="9.723"/>
  <system-out/>
  <testcase classname="com.jack.task.Winston" name="run" time="9.309"/>
  <system-out/>
  <testcase classname="com.jack.task.Winston" name="run" time="7.795"/>
  <system-out/>
  <testcase classname="com.jack.task.Winston" name="run" time="7.656"/>
  <system-out/>
  <testcase classname="com.jack.task.Winston" name="run" time="9.039"/>
  <system-out/>
  <testcase classname="com.jack.task.Winston" name="run" time="7.926"/>
  <system-out/>
  <testcase classname="com.jack.task.Winston" name="run" time="11.493"/>
  <system-out/>
  <testcase classname="com.jack.task.Winston" name="run" time="8.063"/>
  <system-out/>
  <testcase classname="com.jack.task.Winston" name="run" time="9.074"/>
  <system-out/>
  <testcase classname="com.jack.task.Winston" name="run" time="9.999"/>
  <system-out/>
  <testcase classname="com.jack.task.Winston" name="run" time="9.494"/>
  <system-out/>
  <testcase classname="com.jack.task.Winston" name="run" time="7.757"/>
  <system-out/>
  <testcase classname="com.jack.task.Winston" name="run" time="9.553"/>
  <system-out/>
  <testcase classname="com.jack.task.Winston" name="run" time="10.924"/>
  <system-out/>
  <testcase classname="com.jack.task.Winston" name="run" time="9.584"/>
  <system-out/>
  <testcase classname="com.jack.task.Winston" name="run" time="5.925"/>
  <system-out/>
  <testcase classname="com.jack.task.Winston" name="run" time="6.555"/>
  <system-out/>
  <testcase classname="com.jack.task.Winston" name="run" time="8.785"/>
  <system-out/>
  <testcase classname="com.jack.task.Winston" name="run" time="10.048"/>
  <system-out/>
  <testcase classname="com.jack.task.Winston" name="run" time="8.259"/>
  <system-out/>
  <testcase classname="com.jack.task.Winston" name="run" time="7.322"/>
  <system-out/>
  <testcase classname="com.jack.task.Winston" name="run" time="9.175"/>
  <system-out/>
  <testcase classname="com.jack.task.Winston" name="run" time="7.474"/>
  <system-out/>
  <testcase classname="com.jack.task.Winston" name="run" time="10.116"/>
  <system-out/>
  <testcase classname="com.jack.task.Winston" name="run" time="9.890"/>
  <system-out/>
  <testcase classname="com.jack.task.Winston" name="run" time="7.528"/>
  <system-out/>
  <testcase classname="com.jack.task.Winston" name="run" time="8.747"/>
  <system-out/>
  <testcase classname="com.jack.task.Winston" name="run" time="7.009"/>
  <system-out/>
  <testcase classname="com.jack.task.Winston" name="run" time="10.725"/>
  <system-out/>
  <testcase classname="com.jack.task.Winston" name="run" time="8.457"/>
  <system-out/>
  <testcase classname="com.jack.task.Winston" name="run" time="6.127"/>
  <system-out/>
  <testcase classname="com.jack.task.Winston" name="run" time="11.444"/>
  <system-out/>
  <testcase classname="com.jack.task.Winston" name="run" time="10.010"/>
  <system-out/>
  <testcase classname="com.jack.task.Winston" name="run" time="9.069"/>
  <system-out/>
  <testcase classname="com.jack.task.Winston" name="run" time="10.840"/>
  <system-out/>
  <testcase classname="com.jack.task.Winston" name="run" time="9.129"/>
  <system-out/>
  <testcase classname="com.jack.task.Winston" name="run" time="9.813"/>
  <system-out/>
  <testcase classname="com.jack.task.Winston" name="run" time="10.681"/>
  <system-out/>
  <testcase classname="com.jack.task.Winston" name="run" time="8.811"/>
  <system-out/>
  <testcase classname="com.jack.task.Winston" name="run" time="7.698"/>
  <system-out/>
  <testcase classname="com.jack.task.Winston" name="run" time="8.490"/>
  <system-out/>
  <testcase classname="com.jack.task.Winston" name="run" time="7.166"/>
  <system-out/>
  <testcase classname="com.jack.task.Winston" name="run" time="8.804"/>
  <system-out/>
  <testcase classname="com.jack.task.Winston" name="run" time="15.834"/>
  <system-out/>
  <testcase classname="com.jack.task.Winston" name="run" time="9.924"/>
  <system-out/>
  <testcase classname="com.jack.task.Winston" name="run" time="8.820"/>
  <system-out/>
  <testcase classname="com.jack.task.Winston" name="run" time="11.553"/>
  <system-out/>
  <testcase classname="com.jack.task.Winston" name="run" time="10.703"/>
  <system-out/>
  <testcase classname="com.jack.task.Winston" name="run" time="9.507"/>
  <system-out/>
  <testcase classname="com.jack.task.Winston" name="run" time="10.219"/>
  <system-out/>
  <testcase classname="com.jack.task.Winston" name="run" time="7.143"/>
  <system-out/>
  <testcase classname="com.jack.task.Winston" name="run" time="9.811"/>
  <system-out/>
  <testcase classname="com.jack.task.Winston" name="run" time="8.306"/>
  <system-out/>
  <testcase classname="com.jack.task.Winston" name="run" time="10.294"/>
  <system-out/>
  <testcase classname="com.jack.task.Winston" name="run" time="6.371"/>
  <system-out/>
  <testcase classname="com.jack.task.Winston" name="run" time="8.143"/>
  <system-out/>
  <testcase classname="com.jack.task.Winston" name="run" time="7.821"/>
  <system-out/>
  <testcase classname="com.jack.task.Winston" name="run" time="8.488"/>
  <system-out/>
  <testcase classname="com.jack.task.Winston" name="run" time="8.760"/>
  <system-out/>
  <testcase classname="com.jack.task.Winston" name="run" time="8.142"/>
  <system-out/>
  <testcase classname="com.jack.task.Winston" name="run" time="7.613"/>
  <system-out/>
  <testcase classname="com.jack.task.Winston" name="run" time="10.610"/>
  <system-out/>
  <testcase classname="com.jack.task.Winston" name="run" time="9.242"/>
  <system-out/>
  <testcase classname="com.jack.task.Winston" name="run" time="9.365"/>
  <system-out/>
  <testcase classname="com.jack.task.Winston" name="run" time="9.552"/>
  <system-out/>
  <testcase classname="com.jack.task.Winston" name="run" time="11.819"/>
  <system-out/>
  <testcase classname="com.jack.task.Winston" name="run" time="8.870"/>
  <system-out/>
  <testcase classname="com.jack.task.Winston" name="run" time="5.436"/>
  <system-out/>
  <testcase classname="com.jack.task.Winston" name="run" time="13.294"/>
  <system-out/>
  <testcase classname="com.jack.task.Winston" name="run" time="9.054"/>
  <system-out/>
  <testcase classname="com.jack.task.Winston" name="run" time="7.837"/>
  <system-out/>
  <testcase classname="com.jack.task.Winston" name="run" time="9.429"/>
  <system-out/>
  <testcase classname="com.jack.task.Winston" name="run" time="9.372"/>
  <system-out/>
  <testcase classname="com.jack.task.Winston" name="run" time="9.613"/>
  <system-out/>
  <testcase classname="com.jack.task.Winston" name="run" time="10.049"/>
  <system-out/>
  <testcase classname="com.jack.task.Winston" name="run" time="9.536"/>
  <system-out/>
  <testcase classname="com.jack.task.Winston" name="run" time="8.024"/>
  <system-out/>
  <testcase classname="com.jack.task.Winston" name="run" time="8.722"/>
  <system-out/>
  <testcase classname="com.jack.task.Winston" name="run" time="5.751"/>
  <system-out/>
  <testcase classname="com.jack.task.Winston" name="run" time="10.048"/>
  <system-out/>
  <testcase classname="com.jack.task.Winston" name="run" time="6.690"/>
  <system-out/>
  <testcase classname="com.jack.task.Winston" name="run" time="7.893"/>
  <system-out/>
  <testcase classname="com.jack.task.Winston" name="run" time="9.260"/>
  <system-out/>
  <testcase classname="com.jack.task.Winston" name="run" time="7.782"/>
  <system-out/>
  <testcase classname="com.jack.task.Winston" name="run" time="8.314"/>
  <system-out/>
  <testcase classname="com.jack.task.Winston" name="run" time="9.888"/>
  <system-out/>
  <testcase classname="com.jack.task.Winston" name="run" time="8.701"/>
  <system-out/>
  <testcase classname="com.jack.task.Winston" name="run" time="6.214"/>
  <system-out/>
  <testcase classname="com.jack.task.Winston" name="run" time="9.137"/>
  <system-out/>
  <testcase classname="com.jack.task.Winston" name="run" time="6.243"/>
  <system-out/>
  <testcase classname="com.jack.task.Winston" name="run" time="7.451"/>
  <system-out/>
  <testcase classname="com.jack.task.Winston" name="run" time="7.230"/>
  <system-out/>
  <testcase classname="com.jack.task.Winston" name="run" time="9.593"/>
  <system-out/>
  <testcase classname="com.jack.task.Winston" name="run" time="10.371"/>
  <system-out/>
  <testcase classname="com.jack.task.Winston" name="run" time="11.163"/>
  <system-out/>
  <testcase classname="com.jack.task.Winston" name="run" time="7.839"/>
  <system-out/>
  <testcase classname="com.jack.task.Winston" name="run" time="9.554"/>
  <system-out/>
  <testcase classname="com.jack.task.Winston" name="run" time="9.093"/>
  <system-out/>
  <testcase classname="com.jack.task.Winston" name="run" time="10.829"/>
  <system-out/>
  <testcase classname="com.jack.task.Winston" name="run" time="10.591"/>
  <system-out/>
  <testcase classname="com.jack.task.Winston" name="run" time="8.533"/>
  <system-out/>
  <testcase classname="com.jack.task.Winston" name="run" time="7.065"/>
  <system-out/>
  <testcase classname="com.jack.task.Winston" name="run" time="9.987"/>
  <system-out/>
  <testcase classname="com.jack.task.Winston" name="run" time="10.796"/>
  <system-out/>
  <testcase classname="com.jack.task.Winston" name="run" time="11.748"/>
  <system-out/>
  <testcase classname="com.jack.task.Winston" name="run" time="8.691"/>
  <system-out/>
  <testcase classname="com.jack.task.Winston" name="run" time="10.400"/>
  <system-out/>
  <testcase classname="com.jack.task.Winston" name="run" time="7.987"/>
  <system-out/>
  <testcase classname="com.jack.task.Winston" name="run" time="10.809"/>
  <system-out/>
  <testcase classname="com.jack.task.Winston" name="run" time="9.365"/>
  <system-out/>
  <testcase classname="com.jack.task.Winston" name="run" time="8.875"/>
  <system-out/>
  <testcase classname="com.jack.task.Winston" name="run" time="11.413"/>
  <system-out/>
  <testcase classname="com.jack.task.Winston" name="run" time="9.710"/>
  <system-out/>
  <testcase classname="com.jack.task.Winston" name="run" time="7.307"/>
  <system-out/>
  <testcase classname="com.jack.task.Winston" name="run" time="10.222"/>
  <system-out/>
  <testcase classname="com.jack.task.Winston" name="run" time="10.815"/>
  <system-out/>
  <testcase classname="com.jack.task.Winston" name="run" time="10.588"/>
  <system-out/>
  <testcase classname="com.jack.task.Winston" name="run" time="8.283"/>
  <system-out/>
  <testcase classname="com.jack.task.Winston" name="run" time="10.584"/>
  <system-out/>
  <testcase classname="com.jack.task.Winston" name="run" time="8.898"/>
  <system-out/>
  <testcase classname="com.jack.task.Winston" name="run" time="8.936"/>
  <system-out/>
  <testcase classname="com.jack.task.Winston" name="run" time="8.401"/>
  <system-out/>
  <testcase classname="com.jack.task.Winston" name="run" time="10.238"/>
  <system-out/>
  <testcase classname="com.jack.task.Winston" name="run" time="9.351"/>
  <system-out/>
  <testcase classname="com.jack.task.Winston" name="run" time="7.382"/>
  <system-out/>
  <testcase classname="com.jack.task.Winston" name="run" time="7.258"/>
  <system-out/>
  <testcase classname="com.jack.task.Winston" name="run" time="9.671"/>
  <system-out/>
  <testcase classname="com.jack.task.Winston" name="run" time="6.549"/>
  <system-out/>
  <testcase classname="com.jack.task.Winston" name="run" time="6.735"/>
  <system-out/>
  <testcase classname="com.jack.task.Winston" name="run" time="12.243"/>
  <system-out/>
  <testcase classname="com.jack.task.Winston" name="run" time="10.251"/>
  <system-out/>
  <testcase classname="com.jack.task.Winston" name="run" time="9.176"/>
  <system-out/>
  <testcase classname="com.jack.task.Winston" name="run" time="8.839"/>
  <system-out/>
  <testcase classname="com.jack.task.Winston" name="run" time="10.872"/>
  <system-out/>
  <testcase classname="com.jack.task.Winston" name="run" time="11.232"/>
  <system-out/>
  <testcase classname="com.jack.task.Winston" name="run" time="8.885"/>
  <system-out/>
  <testcase classname="com.jack.task.Winston" name="run" time="9.206"/>
  <system-out/>
  <testcase classname="com.jack.task.Winston" name="run" time="10.666"/>
  <system-out/>
  <testcase classname="com.jack.task.Winston" name="run" time="69.177"/>
  <system-out/>
  <testcase classname="com.jack.task.Winston" name="run" time="10.374"/>
  <system-out/>
  <testcase classname="com.jack.task.Winston" name="run" time="9.739"/>
  <system-out/>
  <testcase classname="com.jack.task.Winston" name="run" time="7.836"/>
  <system-out/>
  <testcase classname="com.jack.task.Winston" name="run" time="11.314"/>
  <system-out/>
  <testcase classname="com.jack.task.Winston" name="run" time="7.765"/>
  <system-out/>
  <testcase classname="com.jack.task.Winston" name="run" time="8.375"/>
  <system-out/>
  <testcase classname="com.jack.task.Winston" name="run" time="7.862"/>
  <system-out/>
  <testcase classname="com.jack.task.Winston" name="run" time="10.919"/>
  <system-out/>
  <testcase classname="com.jack.task.Winston" name="run" time="9.404"/>
  <system-out/>
  <testcase classname="com.jack.task.Winston" name="run" time="10.907"/>
  <system-out/>
  <testcase classname="com.jack.task.Winston" name="run" time="9.720"/>
  <system-out/>
  <testcase classname="com.jack.task.Winston" name="run" time="7.454"/>
  <system-out/>
  <testcase classname="com.jack.task.Winston" name="run" time="9.224"/>
  <system-out/>
  <testcase classname="com.jack.task.Winston" name="run" time="9.933"/>
  <system-out/>
  <testcase classname="com.jack.task.Winston" name="run" time="9.806"/>
  <system-out/>
  <testcase classname="com.jack.task.Winston" name="run" time="10.030"/>
  <system-out/>
  <testcase classname="com.jack.task.Winston" name="run" time="7.385"/>
  <system-out/>
  <testcase classname="com.jack.task.Winston" name="run" time="12.620"/>
  <system-out/>
  <testcase classname="com.jack.task.Winston" name="run" time="8.962"/>
  <system-out/>
  <testcase classname="com.jack.task.Winston" name="run" time="10.787"/>
  <system-out/>
  <testcase classname="com.jack.task.Winston" name="run" time="9.824"/>
  <system-out/>
  <testcase classname="com.jack.task.Winston" name="run" time="7.857"/>
  <system-out/>
  <testcase classname="com.jack.task.Winston" name="run" time="11.884"/>
  <system-out/>
  <testcase classname="com.jack.task.Winston" name="run" time="6.212"/>
  <system-out/>
  <testcase classname="com.jack.task.Winston" name="run" time="8.260"/>
  <system-out/>
  <testcase classname="com.jack.task.Winston" name="run" time="7.774"/>
  <system-out/>
  <testcase classname="com.jack.task.Winston" name="run" time="11.762"/>
  <system-out/>
  <testcase classname="com.jack.task.Winston" name="run" time="10.419"/>
  <system-out/>
  <testcase classname="com.jack.task.Winston" name="run" time="10.783"/>
  <system-out/>
  <testcase classname="com.jack.task.Winston" name="run" time="9.423"/>
  <system-out/>
  <testcase classname="com.jack.task.Winston" name="run" time="8.672"/>
  <system-out/>
  <testcase classname="com.jack.task.Winston" name="run" time="6.955"/>
  <system-out/>
  <testcase classname="com.jack.task.Winston" name="run" time="10.612"/>
  <system-out/>
  <testcase classname="com.jack.task.Winston" name="run" time="6.154"/>
  <system-out/>
  <testcase classname="com.jack.task.Winston" name="run" time="10.448"/>
  <system-out/>
  <testcase classname="com.jack.task.Winston" name="run" time="8.966"/>
  <system-out/>
  <testcase classname="com.jack.task.Winston" name="run" time="10.812"/>
  <system-out/>
  <testcase classname="com.jack.task.Winston" name="run" time="8.059"/>
  <system-out/>
  <testcase classname="com.jack.task.Winston" name="run" time="6.655"/>
  <system-out/>
  <testcase classname="com.jack.task.Winston" name="run" time="9.337"/>
  <system-out/>
  <testcase classname="com.jack.task.Winston" name="run" time="11.577"/>
  <system-out/>
  <testcase classname="com.jack.task.Winston" name="run" time="8.026"/>
  <system-out/>
  <testcase classname="com.jack.task.Winston" name="run" time="7.311"/>
  <system-out/>
  <testcase classname="com.jack.task.Winston" name="run" time="7.847"/>
  <system-out/>
  <testcase classname="com.jack.task.Winston" name="run" time="9.739"/>
  <system-out/>
  <testcase classname="com.jack.task.Winston" name="run" time="10.863"/>
  <system-out/>
  <testcase classname="com.jack.task.Winston" name="run" time="5.973"/>
  <system-out/>
  <testcase classname="com.jack.task.Winston" name="run" time="8.487"/>
  <system-out/>
  <testcase classname="com.jack.task.Winston" name="run" time="7.761"/>
  <system-out/>
  <testcase classname="com.jack.task.Winston" name="run" time="8.492"/>
  <system-out/>
  <testcase classname="com.jack.task.Winston" name="run" time="7.691"/>
  <system-out/>
  <testcase classname="com.jack.task.Winston" name="run" time="10.332"/>
  <system-out/>
  <testcase classname="com.jack.task.Winston" name="run" time="6.651"/>
  <system-out/>
  <testcase classname="com.jack.task.Winston" name="run" time="6.903"/>
  <system-out/>
  <testcase classname="com.jack.task.Winston" name="run" time="7.672"/>
  <system-out/>
  <testcase classname="com.jack.task.Winston" name="run" time="9.834"/>
  <system-out/>
  <testcase classname="com.jack.task.Winston" name="run" time="7.944"/>
  <system-out/>
  <testcase classname="com.jack.task.Winston" name="run" time="12.239"/>
  <system-out/>
  <testcase classname="com.jack.task.Winston" name="run" time="9.086"/>
  <system-out/>
  <testcase classname="com.jack.task.Winston" name="run" time="10.127"/>
  <system-out/>
  <testcase classname="com.jack.task.Winston" name="run" time="6.570"/>
  <system-out/>
  <testcase classname="com.jack.task.Winston" name="run" time="6.316"/>
  <system-out/>
  <testcase classname="com.jack.task.Winston" name="run" time="9.286"/>
  <system-out/>
  <testcase classname="com.jack.task.Winston" name="run" time="9.733"/>
  <system-out/>
  <testcase classname="com.jack.task.Winston" name="run" time="11.617"/>
  <system-out/>
  <testcase classname="com.jack.task.Winston" name="run" time="10.754"/>
  <system-out/>
  <testcase classname="com.jack.task.Winston" name="run" time="9.938"/>
  <system-out/>
  <testcase classname="com.jack.task.Winston" name="run" time="10.801"/>
  <system-out/>
  <testcase classname="com.jack.task.Winston" name="run" time="5.606"/>
  <system-out/>
  <testcase classname="com.jack.task.Winston" name="run" time="5.216"/>
  <system-out/>
  <testcase classname="com.jack.task.Winston" name="run" time="11.524"/>
  <system-out/>
  <testcase classname="com.jack.task.Winston" name="run" time="7.524"/>
  <system-out/>
  <testcase classname="com.jack.task.Winston" name="run" time="6.771"/>
  <system-out/>
  <testcase classname="com.jack.task.Winston" name="run" time="11.056"/>
  <system-out/>
  <testcase classname="com.jack.task.Winston" name="run" time="8.915"/>
  <system-out/>
  <testcase classname="com.jack.task.Winston" name="run" time="9.361"/>
  <system-out/>
  <testcase classname="com.jack.task.Winston" name="run" time="7.597"/>
  <system-out/>
  <testcase classname="com.jack.task.Winston" name="run" time="9.003"/>
  <system-out/>
  <testcase classname="com.jack.task.Winston" name="run" time="10.649"/>
  <system-out/>
  <testcase classname="com.jack.task.Winston" name="run" time="7.353"/>
  <system-out/>
  <testcase classname="com.jack.task.Winston" name="run" time="9.364"/>
  <system-out/>
  <testcase classname="com.jack.task.Winston" name="run" time="10.437"/>
  <system-out/>
  <testcase classname="com.jack.task.Winston" name="run" time="7.400"/>
  <system-out/>
  <testcase classname="com.jack.task.Winston" name="run" time="7.051"/>
  <system-out/>
  <testcase classname="com.jack.task.Winston" name="run" time="9.805"/>
  <system-out/>
  <testcase classname="com.jack.task.Winston" name="run" time="10.462"/>
  <system-out/>
  <testcase classname="com.jack.task.Winston" name="run" time="9.765"/>
  <system-out/>
  <testcase classname="com.jack.task.Winston" name="run" time="10.497"/>
  <system-out/>
  <testcase classname="com.jack.task.Winston" name="run" time="6.265"/>
  <system-out/>
  <testcase classname="com.jack.task.Winston" name="run" time="7.729"/>
  <system-out/>
  <testcase classname="com.jack.task.Winston" name="run" time="9.194"/>
  <system-out/>
  <testcase classname="com.jack.task.Winston" name="run" time="10.200"/>
  <system-out/>
  <testcase classname="com.jack.task.Winston" name="run" time="7.522"/>
  <system-out/>
  <testcase classname="com.jack.task.Winston" name="run" time="7.736"/>
  <system-out/>
  <testcase classname="com.jack.task.Winston" name="run" time="7.425"/>
  <system-out/>
  <testcase classname="com.jack.task.Winston" name="run" time="9.538"/>
  <system-out/>
  <testcase classname="com.jack.task.Winston" name="run" time="10.929"/>
  <system-out/>
  <testcase classname="com.jack.task.Winston" name="run" time="9.077"/>
  <system-out/>
  <testcase classname="com.jack.task.Winston" name="run" time="11.280"/>
  <system-out/>
  <testcase classname="com.jack.task.Winston" name="run" time="8.674"/>
  <system-out/>
  <testcase classname="com.jack.task.Winston" name="run" time="10.987"/>
  <system-out/>
  <testcase classname="com.jack.task.Winston" name="run" time="9.656"/>
  <system-out/>
  <testcase classname="com.jack.task.Winston" name="run" time="8.159"/>
  <system-out/>
  <testcase classname="com.jack.task.Winston" name="run" time="8.960"/>
  <system-out/>
  <testcase classname="com.jack.task.Winston" name="run" time="9.973"/>
  <system-out/>
  <testcase classname="com.jack.task.Winston" name="run" time="10.831"/>
  <system-out/>
  <testcase classname="com.jack.task.Winston" name="run" time="10.218"/>
  <system-out/>
  <testcase classname="com.jack.task.Winston" name="run" time="7.404"/>
  <system-out/>
  <testcase classname="com.jack.task.Winston" name="run" time="8.108"/>
  <system-out/>
  <testcase classname="com.jack.task.Winston" name="run" time="4.814"/>
  <system-out/>
  <testcase classname="com.jack.task.Winston" name="run" time="9.265"/>
  <system-out/>
  <testcase classname="com.jack.task.Winston" name="run" time="9.281"/>
  <system-out/>
  <testcase classname="com.jack.task.Winston" name="run" time="9.623"/>
  <system-out/>
  <testcase classname="com.jack.task.Winston" name="run" time="5.392"/>
  <system-out/>
  <testcase classname="com.jack.task.Winston" name="run" time="12.028"/>
  <system-out/>
  <testcase classname="com.jack.task.Winston" name="run" time="11.302"/>
  <system-out/>
  <testcase classname="com.jack.task.Winston" name="run" time="7.477"/>
  <system-out/>
  <testcase classname="com.jack.task.Winston" name="run" time="9.975"/>
  <system-out/>
  <testcase classname="com.jack.task.Winston" name="run" time="9.469"/>
  <system-out/>
  <testcase classname="com.jack.task.Winston" name="run" time="7.772"/>
  <system-out/>
  <testcase classname="com.jack.task.Winston" name="run" time="8.209"/>
  <system-out/>
  <testcase classname="com.jack.task.Winston" name="run" time="7.945"/>
  <system-out/>
  <testcase classname="com.jack.task.Winston" name="run" time="5.621"/>
  <system-out/>
  <testcase classname="com.jack.task.Winston" name="run" time="11.113"/>
  <system-out/>
  <testcase classname="com.jack.task.Winston" name="run" time="9.179"/>
  <system-out/>
  <testcase classname="com.jack.task.Winston" name="run" time="9.629"/>
  <system-out/>
  <testcase classname="com.jack.task.Winston" name="run" time="10.257"/>
  <system-out/>
  <testcase classname="com.jack.task.Winston" name="run" time="5.608"/>
  <system-out/>
  <testcase classname="com.jack.task.Winston" name="run" time="7.590"/>
  <system-out/>
  <testcase classname="com.jack.task.Winston" name="run" time="11.658"/>
  <system-out/>
  <testcase classname="com.jack.task.Winston" name="run" time="6.227"/>
  <system-out/>
  <testcase classname="com.jack.task.Winston" name="run" time="7.961"/>
  <system-out/>
  <testcase classname="com.jack.task.Winston" name="run" time="10.468"/>
  <system-out/>
  <testcase classname="com.jack.task.Winston" name="run" time="10.073"/>
  <system-out/>
  <testcase classname="com.jack.task.Winston" name="run" time="9.421"/>
  <system-out/>
  <testcase classname="com.jack.task.Winston" name="run" time="11.634"/>
  <system-out/>
  <testcase classname="com.jack.task.Winston" name="run" time="10.854"/>
  <system-out/>
  <testcase classname="com.jack.task.Winston" name="run" time="9.727"/>
  <system-out/>
  <testcase classname="com.jack.task.Winston" name="run" time="11.727"/>
  <system-out/>
  <testcase classname="com.jack.task.Winston" name="run" time="9.237"/>
  <system-out/>
  <testcase classname="com.jack.task.Winston" name="run" time="5.932"/>
  <system-out/>
  <testcase classname="com.jack.task.Winston" name="run" time="8.510"/>
  <system-out/>
  <testcase classname="com.jack.task.Winston" name="run" time="7.168"/>
  <system-out/>
  <testcase classname="com.jack.task.Winston" name="run" time="8.761"/>
  <system-out/>
  <testcase classname="com.jack.task.Winston" name="run" time="6.922"/>
  <system-out/>
  <testcase classname="com.jack.task.Winston" name="run" time="11.548"/>
  <system-out/>
  <testcase classname="com.jack.task.Winston" name="run" time="9.870"/>
  <system-out/>
  <testcase classname="com.jack.task.Winston" name="run" time="10.181"/>
  <system-out/>
  <testcase classname="com.jack.task.Winston" name="run" time="10.689"/>
  <system-out/>
  <testcase classname="com.jack.task.Winston" name="run" time="9.892"/>
  <system-out/>
  <testcase classname="com.jack.task.Winston" name="run" time="10.364"/>
  <system-out/>
  <testcase classname="com.jack.task.Winston" name="run" time="11.135"/>
  <system-out/>
  <testcase classname="com.jack.task.Winston" name="run" time="8.083"/>
  <system-out/>
  <testcase classname="com.jack.task.Winston" name="run" time="7.868"/>
  <system-out/>
  <testcase classname="com.jack.task.Winston" name="run" time="9.930"/>
  <system-out/>
  <testcase classname="com.jack.task.Winston" name="run" time="10.578"/>
  <system-out/>
  <testcase classname="com.jack.task.Winston" name="run" time="10.892"/>
  <system-out/>
  <testcase classname="com.jack.task.Winston" name="run" time="8.397"/>
  <system-out/>
  <testcase classname="com.jack.task.Winston" name="run" time="9.333"/>
  <system-out/>
  <testcase classname="com.jack.task.Winston" name="run" time="13.811"/>
  <system-out/>
  <testcase classname="com.jack.task.Winston" name="run" time="11.213"/>
  <system-out/>
  <testcase classname="com.jack.task.Winston" name="run" time="6.923"/>
  <system-out/>
  <testcase classname="com.jack.task.Winston" name="run" time="10.079"/>
  <system-out/>
  <testcase classname="com.jack.task.Winston" name="run" time="6.572"/>
  <system-out/>
  <testcase classname="com.jack.task.Winston" name="run" time="10.824"/>
  <system-out/>
  <testcase classname="com.jack.task.Winston" name="run" time="8.804"/>
  <system-out/>
  <testcase classname="com.jack.task.Winston" name="run" time="9.132"/>
  <system-out/>
  <testcase classname="com.jack.task.Winston" name="run" time="9.856"/>
  <system-out/>
  <testcase classname="com.jack.task.Winston" name="run" time="6.388"/>
  <system-out/>
  <testcase classname="com.jack.task.Winston" name="run" time="10.083"/>
  <system-out/>
  <testcase classname="com.jack.task.Winston" name="run" time="9.589"/>
  <system-out/>
  <testcase classname="com.jack.task.Winston" name="run" time="8.526"/>
  <system-out/>
  <testcase classname="com.jack.task.Winston" name="run" time="10.436"/>
  <system-out/>
  <testcase classname="com.jack.task.Winston" name="run" time="11.217"/>
  <system-out/>
  <testcase classname="com.jack.task.Winston" name="run" time="9.247"/>
  <system-out/>
  <testcase classname="com.jack.task.Winston" name="run" time="5.853"/>
  <system-out/>
  <testcase classname="com.jack.task.Winston" name="run" time="7.689"/>
  <system-out/>
  <testcase classname="com.jack.task.Winston" name="run" time="9.941"/>
  <system-out/>
  <testcase classname="com.jack.task.Winston" name="run" time="6.225"/>
  <system-out/>
  <testcase classname="com.jack.task.Winston" name="run" time="9.177"/>
  <system-out/>
  <testcase classname="com.jack.task.Winston" name="run" time="9.359"/>
  <system-out/>
  <testcase classname="com.jack.task.Winston" name="run" time="8.509"/>
  <system-out/>
  <testcase classname="com.jack.task.Winston" name="run" time="8.858"/>
  <system-out/>
  <testcase classname="com.jack.task.Winston" name="run" time="8.842"/>
  <system-out/>
  <testcase classname="com.jack.task.Winston" name="run" time="7.718"/>
  <system-out/>
  <testcase classname="com.jack.task.Winston" name="run" time="10.495"/>
  <system-out/>
  <testcase classname="com.jack.task.Winston" name="run" time="8.354"/>
  <system-out/>
  <testcase classname="com.jack.task.Winston" name="run" time="10.841"/>
  <system-out/>
  <testcase classname="com.jack.task.Winston" name="run" time="8.105"/>
  <system-out/>
  <testcase classname="com.jack.task.Winston" name="run" time="8.034"/>
  <system-out/>
  <testcase classname="com.jack.task.Winston" name="run" time="6.669"/>
  <system-out/>
  <testcase classname="com.jack.task.Winston" name="run" time="11.224"/>
  <system-out/>
  <testcase classname="com.jack.task.Winston" name="run" time="7.309"/>
  <system-out/>
  <testcase classname="com.jack.task.Winston" name="run" time="9.799"/>
  <system-out/>
  <testcase classname="com.jack.task.Winston" name="run" time="10.123"/>
  <system-out/>
  <testcase classname="com.jack.task.Winston" name="run" time="6.887"/>
  <system-out/>
  <testcase classname="com.jack.task.Winston" name="run" time="9.777"/>
  <system-out/>
  <testcase classname="com.jack.task.Winston" name="run" time="8.225"/>
  <system-out/>
  <testcase classname="com.jack.task.Winston" name="run" time="9.108"/>
  <system-out/>
  <testcase classname="com.jack.task.Winston" name="run" time="6.167"/>
  <system-out/>
  <testcase classname="com.jack.task.Winston" name="run" time="7.677"/>
  <system-out/>
  <testcase classname="com.jack.task.Winston" name="run" time="9.858"/>
  <system-out/>
  <testcase classname="com.jack.task.Winston" name="run" time="9.657"/>
  <system-out/>
  <testcase classname="com.jack.task.Winston" name="run" time="8.206"/>
  <system-out/>
  <testcase classname="com.jack.task.Winston" name="run" time="9.570"/>
  <system-out/>
  <testcase classname="com.jack.task.Winston" name="run" time="9.850"/>
  <system-out/>
  <testcase classname="com.jack.task.Winston" name="run" time="8.612"/>
  <system-out/>
  <testcase classname="com.jack.task.Winston" name="run" time="10.844"/>
  <system-out/>
  <testcase classname="com.jack.task.Winston" name="run" time="10.861"/>
  <system-out/>
  <testcase classname="com.jack.task.Winston" name="run" time="11.155"/>
  <system-out/>
  <testcase classname="com.jack.task.Winston" name="run" time="8.572"/>
  <system-out/>
  <testcase classname="com.jack.task.Winston" name="run" time="9.004"/>
  <system-out/>
  <testcase classname="com.jack.task.Winston" name="run" time="9.768"/>
  <system-out/>
  <testcase classname="com.jack.task.Winston" name="run" time="8.062"/>
  <system-out/>
  <testcase classname="com.jack.task.Winston" name="run" time="6.670"/>
  <system-out/>
  <testcase classname="com.jack.task.Winston" name="run" time="5.899"/>
  <system-out/>
  <testcase classname="com.jack.task.Winston" name="run" time="7.624"/>
  <system-out/>
  <testcase classname="com.jack.task.Winston" name="run" time="9.362"/>
  <system-out/>
  <testcase classname="com.jack.task.Winston" name="run" time="9.427"/>
  <system-out/>
  <testcase classname="com.jack.task.Winston" name="run" time="10.657"/>
  <system-out/>
  <testcase classname="com.jack.task.Winston" name="run" time="8.763"/>
  <system-out/>
  <testcase classname="com.jack.task.Winston" name="run" time="6.156"/>
  <system-out/>
  <testcase classname="com.jack.task.Winston" name="run" time="9.519"/>
  <system-out/>
  <testcase classname="com.jack.task.Winston" name="run" time="9.856"/>
  <system-out/>
  <testcase classname="com.jack.task.Winston" name="run" time="6.756"/>
  <system-out/>
  <testcase classname="com.jack.task.Winston" name="run" time="10.876"/>
  <system-out/>
  <testcase classname="com.jack.task.Winston" name="run" time="9.283"/>
  <system-out/>
  <testcase classname="com.jack.task.Winston" name="run" time="11.368"/>
  <system-out/>
  <testcase classname="com.jack.task.Winston" name="run" time="6.520"/>
  <system-out/>
  <testcase classname="com.jack.task.Winston" name="run" time="9.011"/>
  <system-out/>
  <testcase classname="com.jack.task.Winston" name="run" time="8.880"/>
  <system-out/>
  <testcase classname="com.jack.task.Winston" name="run" time="11.127"/>
  <system-out/>
  <testcase classname="com.jack.task.Winston" name="run" time="9.721"/>
  <system-out/>
  <testcase classname="com.jack.task.Winston" name="run" time="10.603"/>
  <system-out/>
  <testcase classname="com.jack.task.Winston" name="run" time="8.443"/>
  <system-out/>
  <testcase classname="com.jack.task.Winston" name="run" time="8.697"/>
  <system-out/>
  <testcase classname="com.jack.task.Winston" name="run" time="9.171"/>
  <system-out/>
  <testcase classname="com.jack.task.Winston" name="run" time="12.140"/>
  <system-out/>
  <testcase classname="com.jack.task.Winston" name="run" time="10.337"/>
  <system-out/>
  <testcase classname="com.jack.task.Winston" name="run" time="11.463"/>
  <system-out/>
  <testcase classname="com.jack.task.Winston" name="run" time="10.340"/>
  <system-out/>
  <testcase classname="com.jack.task.Winston" name="run" time="7.499"/>
  <system-out/>
  <testcase classname="com.jack.task.Winston" name="run" time="10.061"/>
  <system-out/>
  <testcase classname="com.jack.task.Winston" name="run" time="10.767"/>
  <system-out/>
  <testcase classname="com.jack.task.Winston" name="run" time="5.586"/>
  <system-out/>
  <testcase classname="com.jack.task.Winston" name="run" time="8.976"/>
  <system-out/>
  <testcase classname="com.jack.task.Winston" name="run" time="9.222"/>
  <system-out/>
  <testcase classname="com.jack.task.Winston" name="run" time="6.359"/>
  <system-out/>
  <testcase classname="com.jack.task.Winston" name="run" time="9.177"/>
  <system-out/>
  <testcase classname="com.jack.task.Winston" name="run" time="7.954"/>
  <system-out/>
  <testcase classname="com.jack.task.Winston" name="run" time="4.501"/>
  <system-out/>
  <testcase classname="com.jack.task.Winston" name="run" time="6.654"/>
  <system-out/>
  <testcase classname="com.jack.task.Winston" name="run" time="8.992"/>
  <system-out/>
  <testcase classname="com.jack.task.Winston" name="run" time="7.757"/>
  <system-out/>
  <testcase classname="com.jack.task.Winston" name="run" time="10.504"/>
  <system-out/>
  <testcase classname="com.jack.task.Winston" name="run" time="9.753"/>
  <system-out/>
  <testcase classname="com.jack.task.Winston" name="run" time="9.712"/>
  <system-out/>
  <testcase classname="com.jack.task.Winston" name="run" time="6.230"/>
  <system-out/>
  <testcase classname="com.jack.task.Winston" name="run" time="7.515"/>
  <system-out/>
  <testcase classname="com.jack.task.Winston" name="run" time="8.905"/>
  <system-out/>
  <testcase classname="com.jack.task.Winston" name="run" time="9.646"/>
  <system-out/>
  <testcase classname="com.jack.task.Winston" name="run" time="7.840"/>
  <system-out/>
  <testcase classname="com.jack.task.Winston" name="run" time="10.193"/>
  <system-out/>
  <testcase classname="com.jack.task.Winston" name="run" time="6.713"/>
  <system-out/>
  <testcase classname="com.jack.task.Winston" name="run" time="8.888"/>
  <system-out/>
  <testcase classname="com.jack.task.Winston" name="run" time="8.149"/>
  <system-out/>
  <testcase classname="com.jack.task.Winston" name="run" time="11.412"/>
  <system-out/>
  <testcase classname="com.jack.task.Winston" name="run" time="7.908"/>
  <system-out/>
  <testcase classname="com.jack.task.Winston" name="run" time="6.386"/>
  <system-out/>
  <testcase classname="com.jack.task.Winston" name="run" time="8.724"/>
  <system-out/>
  <testcase classname="com.jack.task.Winston" name="run" time="8.933"/>
  <system-out/>
  <testcase classname="com.jack.task.Winston" name="run" time="10.278"/>
  <system-out/>
  <testcase classname="com.jack.task.Winston" name="run" time="7.560"/>
  <system-out/>
  <testcase classname="com.jack.task.Winston" name="run" time="7.668"/>
  <system-out/>
  <testcase classname="com.jack.task.Winston" name="run" time="9.783"/>
  <system-out/>
  <testcase classname="com.jack.task.Winston" name="run" time="10.116"/>
  <system-out/>
  <testcase classname="com.jack.task.Winston" name="run" time="8.450"/>
  <system-out/>
  <testcase classname="com.jack.task.Winston" name="run" time="9.786"/>
  <system-out/>
  <testcase classname="com.jack.task.Winston" name="run" time="9.031"/>
  <system-out/>
  <testcase classname="com.jack.task.Winston" name="run" time="7.424"/>
  <system-out/>
  <testcase classname="com.jack.task.Winston" name="run" time="16.091"/>
  <system-out/>
  <testcase classname="com.jack.task.Winston" name="run" time="10.652"/>
  <system-out/>
  <testcase classname="com.jack.task.Winston" name="run" time="6.961"/>
  <system-out/>
  <testcase classname="com.jack.task.Winston" name="run" time="11.195"/>
  <system-out/>
  <testcase classname="com.jack.task.Winston" name="run" time="9.084"/>
  <system-out/>
  <testcase classname="com.jack.task.Winston" name="run" time="8.993"/>
  <system-out/>
  <testcase classname="com.jack.task.Winston" name="run" time="8.528"/>
  <system-out/>
  <testcase classname="com.jack.task.Winston" name="run" time="9.733"/>
  <system-out/>
  <testcase classname="com.jack.task.Winston" name="run" time="9.716"/>
  <system-out/>
  <testcase classname="com.jack.task.Winston" name="run" time="8.264"/>
  <system-out/>
  <testcase classname="com.jack.task.Winston" name="run" time="7.739"/>
  <system-out/>
  <testcase classname="com.jack.task.Winston" name="run" time="8.840"/>
  <system-out/>
  <testcase classname="com.jack.task.Winston" name="run" time="9.634"/>
  <system-out/>
  <testcase classname="com.jack.task.Winston" name="run" time="9.830"/>
  <system-out/>
  <testcase classname="com.jack.task.Winston" name="run" time="9.474"/>
  <system-out/>
  <testcase classname="com.jack.task.Winston" name="run" time="11.189"/>
  <system-out/>
  <testcase classname="com.jack.task.Winston" name="run" time="10.847"/>
  <system-out/>
  <testcase classname="com.jack.task.Winston" name="run" time="5.878"/>
  <system-out/>
  <testcase classname="com.jack.task.Winston" name="run" time="9.948"/>
  <system-out/>
  <testcase classname="com.jack.task.Winston" name="run" time="6.683"/>
  <system-out/>
  <testcase classname="com.jack.task.Winston" name="run" time="9.588"/>
  <system-out/>
  <testcase classname="com.jack.task.Winston" name="run" time="7.339"/>
  <system-out/>
  <testcase classname="com.jack.task.Winston" name="run" time="5.837"/>
  <system-out/>
  <testcase classname="com.jack.task.Winston" name="run" time="11.511"/>
  <system-out/>
  <testcase classname="com.jack.task.Winston" name="run" time="9.450"/>
  <system-out/>
  <testcase classname="com.jack.task.Winston" name="run" time="7.405"/>
  <system-out/>
  <testcase classname="com.jack.task.Winston" name="run" time="10.331"/>
  <system-out/>
  <testcase classname="com.jack.task.Winston" name="run" time="7.392"/>
  <system-out/>
  <testcase classname="com.jack.task.Winston" name="run" time="6.929"/>
  <system-out/>
  <testcase classname="com.jack.task.Winston" name="run" time="7.766"/>
  <system-out/>
  <testcase classname="com.jack.task.Winston" name="run" time="10.182"/>
  <system-out/>
  <testcase classname="com.jack.task.Winston" name="run" time="9.011"/>
  <system-out/>
  <testcase classname="com.jack.task.Winston" name="run" time="12.177"/>
  <system-out/>
  <testcase classname="com.jack.task.Winston" name="run" time="8.885"/>
  <system-out/>
  <testcase classname="com.jack.task.Winston" name="run" time="6.302"/>
  <system-out/>
  <testcase classname="com.jack.task.Winston" name="run" time="7.458"/>
  <system-out/>
  <testcase classname="com.jack.task.Winston" name="run" time="9.666"/>
  <system-out/>
  <testcase classname="com.jack.task.Winston" name="run" time="10.935"/>
  <system-out/>
  <testcase classname="com.jack.task.Winston" name="run" time="9.887"/>
  <system-out/>
  <testcase classname="com.jack.task.Winston" name="run" time="9.840"/>
  <system-out/>
  <testcase classname="com.jack.task.Winston" name="run" time="7.270"/>
  <system-out/>
  <testcase classname="com.jack.task.Winston" name="run" time="10.208"/>
  <system-out/>
  <testcase classname="com.jack.task.Winston" name="run" time="8.230"/>
  <system-out/>
  <testcase classname="com.jack.task.Winston" name="run" time="10.423"/>
  <system-out/>
  <testcase classname="com.jack.task.Winston" name="run" time="8.923"/>
  <system-out/>
  <testcase classname="com.jack.task.Winston" name="run" time="9.701"/>
  <system-out/>
  <testcase classname="com.jack.task.Winston" name="run" time="7.621"/>
  <system-out/>
  <testcase classname="com.jack.task.Winston" name="run" time="9.195"/>
  <system-out/>
  <testcase classname="com.jack.task.Winston" name="run" time="10.705"/>
  <system-out/>
  <testcase classname="com.jack.task.Winston" name="run" time="9.110"/>
  <system-out/>
  <testcase classname="com.jack.task.Winston" name="run" time="8.797"/>
  <system-out/>
  <testcase classname="com.jack.task.Winston" name="run" time="9.886"/>
  <system-out/>
  <testcase classname="com.jack.task.Winston" name="run" time="9.966"/>
  <system-out/>
  <testcase classname="com.jack.task.Winston" name="run" time="7.025"/>
  <system-out/>
  <testcase classname="com.jack.task.Winston" name="run" time="14.161"/>
  <system-out/>
  <testcase classname="com.jack.task.Winston" name="run" time="10.415"/>
  <system-out/>
  <testcase classname="com.jack.task.Winston" name="run" time="10.948"/>
  <system-out/>
  <testcase classname="com.jack.task.Winston" name="run" time="11.918"/>
  <system-out/>
  <testcase classname="com.jack.task.Winston" name="run" time="8.917"/>
  <system-out/>
  <testcase classname="com.jack.task.Winston" name="run" time="10.547"/>
  <system-out/>
  <testcase classname="com.jack.task.Winston" name="run" time="8.674"/>
  <system-out/>
  <testcase classname="com.jack.task.Winston" name="run" time="9.925"/>
  <system-out/>
  <testcase classname="com.jack.task.Winston" name="run" time="6.604"/>
  <system-out/>
  <testcase classname="com.jack.task.Winston" name="run" time="8.709"/>
  <system-out/>
  <testcase classname="com.jack.task.Winston" name="run" time="9.415"/>
  <system-out/>
  <testcase classname="com.jack.task.Winston" name="run" time="9.178"/>
  <system-out/>
  <testcase classname="com.jack.task.Winston" name="run" time="7.908"/>
  <system-out/>
  <testcase classname="com.jack.task.Winston" name="run" time="5.600"/>
  <system-out/>
  <testcase classname="com.jack.task.Winston" name="run" time="8.696"/>
  <system-out/>
  <testcase classname="com.jack.task.Winston" name="run" time="11.926"/>
  <system-out/>
  <testcase classname="com.jack.task.Winston" name="run" time="12.000"/>
  <system-out/>
  <testcase classname="com.jack.task.Winston" name="run" time="10.998"/>
  <system-out/>
  <testcase classname="com.jack.task.Winston" name="run" time="9.385"/>
  <system-out/>
  <testcase classname="com.jack.task.Winston" name="run" time="11.676"/>
  <system-out/>
  <testcase classname="com.jack.task.Winston" name="run" time="8.976"/>
  <system-out/>
  <testcase classname="com.jack.task.Winston" name="run" time="10.829"/>
  <system-out/>
  <testcase classname="com.jack.task.Winston" name="run" time="5.698"/>
  <system-out/>
  <testcase classname="com.jack.task.Winston" name="run" time="7.298"/>
  <system-out/>
  <testcase classname="com.jack.task.Winston" name="run" time="7.243"/>
  <system-out/>
  <testcase classname="com.jack.task.Winston" name="run" time="8.316"/>
  <system-out/>
  <testcase classname="com.jack.task.Winston" name="run" time="11.134"/>
  <system-out/>
  <testcase classname="com.jack.task.Winston" name="run" time="9.087"/>
  <system-out/>
  <testcase classname="com.jack.task.Winston" name="run" time="9.021"/>
  <system-out/>
  <testcase classname="com.jack.task.Winston" name="run" time="6.818"/>
  <system-out/>
  <testcase classname="com.jack.task.Winston" name="run" time="9.828"/>
  <system-out/>
  <testcase classname="com.jack.task.Winston" name="run" time="10.976"/>
  <system-out/>
  <testcase classname="com.jack.task.Winston" name="run" time="7.258"/>
  <system-out/>
  <testcase classname="com.jack.task.Winston" name="run" time="9.271"/>
  <system-out/>
  <testcase classname="com.jack.task.Winston" name="run" time="9.677"/>
  <system-out/>
  <testcase classname="com.jack.task.Winston" name="run" time="7.836"/>
  <system-out/>
  <testcase classname="com.jack.task.Winston" name="run" time="7.773"/>
  <system-out/>
  <testcase classname="com.jack.task.Winston" name="run" time="10.585"/>
  <system-out/>
  <testcase classname="com.jack.task.Winston" name="run" time="7.967"/>
  <system-out/>
  <testcase classname="com.jack.task.Winston" name="run" time="8.698"/>
  <system-out/>
  <testcase classname="com.jack.task.Winston" name="run" time="10.395"/>
  <system-out/>
  <testcase classname="com.jack.task.Winston" name="run" time="8.289"/>
  <system-out/>
  <testcase classname="com.jack.task.Winston" name="run" time="8.851"/>
  <system-out/>
  <testcase classname="com.jack.task.Winston" name="run" time="8.239"/>
  <system-out/>
  <testcase classname="com.jack.task.Winston" name="run" time="8.480"/>
  <system-out/>
  <testcase classname="com.jack.task.Winston" name="run" time="10.405"/>
  <system-out/>
  <testcase classname="com.jack.task.Winston" name="run" time="9.447"/>
  <system-out/>
  <testcase classname="com.jack.task.Winston" name="run" time="6.538"/>
  <system-out/>
  <testcase classname="com.jack.task.Winston" name="run" time="11.217"/>
  <system-out/>
  <testcase classname="com.jack.task.Winston" name="run" time="8.620"/>
  <system-out/>
  <testcase classname="com.jack.task.Winston" name="run" time="12.746"/>
  <system-out/>
  <testcase classname="com.jack.task.Winston" name="run" time="8.528"/>
  <system-out/>
  <testcase classname="com.jack.task.Winston" name="run" time="8.120"/>
  <system-out/>
  <testcase classname="com.jack.task.Winston" name="run" time="12.285"/>
  <system-out/>
  <testcase classname="com.jack.task.Winston" name="run" time="11.218"/>
  <system-out/>
  <testcase classname="com.jack.task.Winston" name="run" time="5.706"/>
  <system-out/>
  <testcase classname="com.jack.task.Winston" name="run" time="10.658"/>
  <system-out/>
  <testcase classname="com.jack.task.Winston" name="run" time="7.053"/>
  <system-out/>
  <testcase classname="com.jack.task.Winston" name="run" time="10.621"/>
  <system-out/>
  <testcase classname="com.jack.task.Winston" name="run" time="12.110"/>
  <system-out/>
  <testcase classname="com.jack.task.Winston" name="run" time="12.162"/>
  <system-out/>
  <testcase classname="com.jack.task.Winston" name="run" time="6.877"/>
  <system-out/>
  <testcase classname="com.jack.task.Winston" name="run" time="7.041"/>
  <system-out/>
  <testcase classname="com.jack.task.Winston" name="run" time="9.051"/>
  <system-out/>
  <testcase classname="com.jack.task.Winston" name="run" time="10.041"/>
  <system-out/>
  <testcase classname="com.jack.task.Winston" name="run" time="6.638"/>
  <system-out/>
  <testcase classname="com.jack.task.Winston" name="run" time="7.308"/>
  <system-out/>
  <testcase classname="com.jack.task.Winston" name="run" time="8.390"/>
  <system-out/>
  <testcase classname="com.jack.task.Winston" name="run" time="9.301"/>
  <system-out/>
  <testcase classname="com.jack.task.Winston" name="run" time="9.437"/>
  <system-out/>
  <testcase classname="com.jack.task.Winston" name="run" time="8.780"/>
  <system-out/>
  <testcase classname="com.jack.task.Winston" name="run" time="10.395"/>
  <system-out/>
  <testcase classname="com.jack.task.Winston" name="run" time="13.308"/>
  <system-out/>
  <testcase classname="com.jack.task.Winston" name="run" time="7.606"/>
  <system-out/>
  <testcase classname="com.jack.task.Winston" name="run" time="8.460"/>
  <system-out/>
  <testcase classname="com.jack.task.Winston" name="run" time="10.012"/>
  <system-out/>
  <testcase classname="com.jack.task.Winston" name="run" time="9.441"/>
  <system-out/>
  <testcase classname="com.jack.task.Winston" name="run" time="7.855"/>
  <system-out/>
  <testcase classname="com.jack.task.Winston" name="run" time="10.693"/>
  <system-out/>
  <testcase classname="com.jack.task.Winston" name="run" time="10.043"/>
  <system-out/>
  <testcase classname="com.jack.task.Winston" name="run" time="8.631"/>
  <system-out/>
  <testcase classname="com.jack.task.Winston" name="run" time="8.840"/>
  <system-out/>
  <testcase classname="com.jack.task.Winston" name="run" time="10.623"/>
  <system-out/>
  <testcase classname="com.jack.task.Winston" name="run" time="7.544"/>
  <system-out/>
  <testcase classname="com.jack.task.Winston" name="run" time="8.570"/>
  <system-out/>
  <testcase classname="com.jack.task.Winston" name="run" time="9.935"/>
  <system-out/>
  <testcase classname="com.jack.task.Winston" name="run" time="11.920"/>
  <system-out/>
  <testcase classname="com.jack.task.Winston" name="run" time="7.675"/>
  <system-out/>
  <testcase classname="com.jack.task.Winston" name="run" time="7.240"/>
  <system-out/>
  <testcase classname="com.jack.task.Winston" name="testx" time="0.001"/>
  <system-out/>
  <testcase classname="com.jack.task.Winston" name="run" time="8.552"/>
  <system-out/>
  <testcase classname="com.jack.task.Winston" name="run" time="9.261"/>
  <system-out/>
  <testcase classname="com.jack.task.Winston" name="run" time="9.985"/>
  <system-out/>
  <testcase classname="com.jack.task.Winston" name="run" time="7.399"/>
  <system-out/>
  <testcase classname="com.jack.task.Winston" name="run" time="8.429"/>
  <system-out/>
  <testcase classname="com.jack.task.Winston" name="run" time="6.345"/>
  <system-out/>
  <testcase classname="com.jack.task.Winston" name="run" time="9.870"/>
  <system-out/>
  <testcase classname="com.jack.task.Winston" name="run" time="9.030"/>
  <system-out/>
  <testcase classname="com.jack.task.Winston" name="run" time="9.260"/>
  <system-out/>
  <testcase classname="com.jack.task.Winston" name="run" time="9.874"/>
  <system-out/>
  <testcase classname="com.jack.task.Winston" name="run" time="10.847"/>
  <system-out/>
  <testcase classname="com.jack.task.Winston" name="run" time="9.793"/>
  <system-out/>
  <testcase classname="com.jack.task.Winston" name="run" time="11.118"/>
  <system-out/>
  <testcase classname="com.jack.task.Winston" name="run" time="9.553"/>
  <system-out/>
  <testcase classname="com.jack.task.Winston" name="run" time="10.718"/>
  <system-out/>
  <testcase classname="com.jack.task.Winston" name="run" time="9.907"/>
  <system-out/>
  <testcase classname="com.jack.task.Winston" name="run" time="7.749"/>
  <system-out/>
  <testcase classname="com.jack.task.Winston" name="run" time="9.569"/>
  <system-out/>
  <testcase classname="com.jack.task.Winston" name="run" time="10.665"/>
  <system-out/>
  <testcase classname="com.jack.task.Winston" name="run" time="8.652"/>
  <system-out/>
  <testcase classname="com.jack.task.Winston" name="run" time="11.279"/>
  <system-out/>
  <testcase classname="com.jack.task.Winston" name="run" time="7.195"/>
  <system-out/>
  <testcase classname="com.jack.task.Winston" name="run" time="7.176"/>
  <system-out/>
  <testcase classname="com.jack.task.Winston" name="run" time="9.670"/>
  <system-out/>
  <testcase classname="com.jack.task.Winston" name="run" time="11.539"/>
  <system-out/>
  <testcase classname="com.jack.task.Winston" name="run" time="9.450"/>
  <system-out/>
  <testcase classname="com.jack.task.Winston" name="run" time="7.370"/>
  <system-out/>
  <testcase classname="com.jack.task.Winston" name="run" time="11.558"/>
  <system-out/>
  <testcase classname="com.jack.task.Winston" name="run" time="9.234"/>
  <system-out/>
  <testcase classname="com.jack.task.Winston" name="run" time="10.547"/>
  <system-out/>
  <testcase classname="com.jack.task.Winston" name="run" time="11.893"/>
  <system-out/>
  <testcase classname="com.jack.task.Winston" name="run" time="9.877"/>
  <system-out/>
  <testcase classname="com.jack.task.Winston" name="run" time="11.141"/>
  <system-out/>
  <testcase classname="com.jack.task.Winston" name="run" time="5.740"/>
  <system-out/>
  <testcase classname="com.jack.task.Winston" name="run" time="7.745"/>
  <system-out/>
  <testcase classname="com.jack.task.Winston" name="run" time="10.959"/>
  <system-out/>
  <testcase classname="com.jack.task.Winston" name="run" time="8.551"/>
  <system-out/>
  <testcase classname="com.jack.task.Winston" name="run" time="11.385"/>
  <system-out/>
  <testcase classname="com.jack.task.Winston" name="run" time="9.148"/>
  <system-out/>
  <testcase classname="com.jack.task.Winston" name="run" time="10.259"/>
  <system-out/>
  <testcase classname="com.jack.task.Winston" name="run" time="9.760"/>
  <system-out/>
  <testcase classname="com.jack.task.Winston" name="run" time="8.173"/>
  <system-out/>
  <testcase classname="com.jack.task.Winston" name="run" time="7.901"/>
  <system-out/>
  <testcase classname="com.jack.task.Winston" name="run" time="9.557"/>
  <system-out/>
  <testcase classname="com.jack.task.Winston" name="run" time="9.607"/>
  <system-out/>
  <testcase classname="com.jack.task.Winston" name="run" time="9.534"/>
  <system-out/>
  <testcase classname="com.jack.task.Winston" name="run" time="11.322"/>
  <system-out/>
  <testcase classname="com.jack.task.Winston" name="run" time="9.583"/>
  <system-out/>
  <testcase classname="com.jack.task.Winston" name="run" time="9.096"/>
  <system-out/>
  <testcase classname="com.jack.task.Winston" name="run" time="6.932"/>
  <system-out/>
  <testcase classname="com.jack.task.Winston" name="run" time="10.825"/>
  <system-out/>
  <testcase classname="com.jack.task.Winston" name="run" time="7.786"/>
  <system-out/>
  <testcase classname="com.jack.task.Winston" name="run" time="9.417"/>
  <system-out/>
  <testcase classname="com.jack.task.Winston" name="run" time="10.319"/>
  <system-out/>
  <testcase classname="com.jack.task.Winston" name="run" time="8.778"/>
  <system-out/>
  <testcase classname="com.jack.task.Winston" name="run" time="9.999"/>
  <system-out/>
  <testcase classname="com.jack.task.Winston" name="run" time="11.277"/>
  <system-out/>
  <testcase classname="com.jack.task.Winston" name="run" time="8.720"/>
  <system-out/>
  <testcase classname="com.jack.task.Winston" name="run" time="9.362"/>
  <system-out/>
  <testcase classname="com.jack.task.Winston" name="run" time="6.228"/>
  <system-out/>
  <testcase classname="com.jack.task.Winston" name="run" time="8.747"/>
  <system-out/>
  <testcase classname="com.jack.task.Winston" name="run" time="10.166"/>
  <system-out/>
  <testcase classname="com.jack.task.Winston" name="run" time="11.325"/>
  <system-out/>
  <testcase classname="com.jack.task.Winston" name="run" time="8.411"/>
  <system-out/>
  <testcase classname="com.jack.task.Winston" name="run" time="10.508"/>
  <system-out/>
  <testcase classname="com.jack.task.Winston" name="run" time="11.455"/>
  <system-out/>
  <testcase classname="com.jack.task.Winston" name="run" time="8.749"/>
  <system-out/>
  <testcase classname="com.jack.task.Winston" name="run" time="6.195"/>
  <system-out/>
  <testcase classname="com.jack.task.Winston" name="run" time="13.075"/>
  <system-out/>
  <testcase classname="com.jack.task.Winston" name="run" time="10.338"/>
  <system-out/>
  <testcase classname="com.jack.task.Winston" name="run" time="8.339"/>
  <system-out/>
  <testcase classname="com.jack.task.Winston" name="run" time="9.252"/>
  <system-out/>
  <testcase classname="com.jack.task.Winston" name="run" time="9.148"/>
  <system-out/>
  <testcase classname="com.jack.task.Winston" name="run" time="7.075"/>
  <system-out/>
  <testcase classname="com.jack.task.Winston" name="run" time="8.566"/>
  <system-out/>
  <testcase classname="com.jack.task.Winston" name="run" time="9.138"/>
  <system-out/>
  <testcase classname="com.jack.task.Winston" name="run" time="9.577"/>
  <system-out/>
  <testcase classname="com.jack.task.Winston" name="run" time="10.154"/>
  <system-out/>
  <testcase classname="com.jack.task.Winston" name="run" time="7.352"/>
  <system-out/>
  <testcase classname="com.jack.task.Winston" name="run" time="5.749"/>
  <system-out/>
  <testcase classname="com.jack.task.Winston" name="run" time="8.177"/>
  <system-out/>
</testsuite> <!-- com.jack.task.Winston -->
