<?xml version="1.0" encoding="UTF-8"?>
<!-- Generated by org.testng.reporters.JUnitReportReporter -->
<testsuite hostname="DESKTOP-3DLKC1S" failures="0" tests="562" name="com.jack.task.Cravath" time="0.288" errors="0" timestamp="2023-03-04T23:02:16 BDT" skipped="0">
  <testcase classname="com.jack.task.Cravath" name="run" time="0.000"/>
  <system-out/>
  <testcase classname="com.jack.task.Cravath" name="run" time="0.000"/>
  <system-out/>
  <testcase classname="com.jack.task.Cravath" name="run" time="0.000"/>
  <system-out/>
  <testcase classname="com.jack.task.Cravath" name="run" time="0.000"/>
  <system-out/>
  <testcase classname="com.jack.task.Cravath" name="run" time="0.000"/>
  <system-out/>
  <testcase classname="com.jack.task.Cravath" name="run" time="0.001"/>
  <system-out/>
  <testcase classname="com.jack.task.Cravath" name="run" time="0.000"/>
  <system-out/>
  <testcase classname="com.jack.task.Cravath" name="run" time="0.001"/>
  <system-out/>
  <testcase classname="com.jack.task.Cravath" name="run" time="0.001"/>
  <system-out/>
  <testcase classname="com.jack.task.Cravath" name="run" time="0.001"/>
  <system-out/>
  <testcase classname="com.jack.task.Cravath" name="run" time="0.001"/>
  <system-out/>
  <testcase classname="com.jack.task.Cravath" name="run" time="0.000"/>
  <system-out/>
  <testcase classname="com.jack.task.Cravath" name="run" time="0.000"/>
  <system-out/>
  <testcase classname="com.jack.task.Cravath" name="run" time="0.001"/>
  <system-out/>
  <testcase classname="com.jack.task.Cravath" name="run" time="0.000"/>
  <system-out/>
  <testcase classname="com.jack.task.Cravath" name="run" time="0.000"/>
  <system-out/>
  <testcase classname="com.jack.task.Cravath" name="run" time="0.000"/>
  <system-out/>
  <testcase classname="com.jack.task.Cravath" name="run" time="0.001"/>
  <system-out/>
  <testcase classname="com.jack.task.Cravath" name="run" time="0.000"/>
  <system-out/>
  <testcase classname="com.jack.task.Cravath" name="run" time="0.001"/>
  <system-out/>
  <testcase classname="com.jack.task.Cravath" name="run" time="0.001"/>
  <system-out/>
  <testcase classname="com.jack.task.Cravath" name="run" time="0.001"/>
  <system-out/>
  <testcase classname="com.jack.task.Cravath" name="run" time="0.000"/>
  <system-out/>
  <testcase classname="com.jack.task.Cravath" name="run" time="0.000"/>
  <system-out/>
  <testcase classname="com.jack.task.Cravath" name="run" time="0.001"/>
  <system-out/>
  <testcase classname="com.jack.task.Cravath" name="run" time="0.001"/>
  <system-out/>
  <testcase classname="com.jack.task.Cravath" name="run" time="0.000"/>
  <system-out/>
  <testcase classname="com.jack.task.Cravath" name="run" time="0.000"/>
  <system-out/>
  <testcase classname="com.jack.task.Cravath" name="run" time="0.001"/>
  <system-out/>
  <testcase classname="com.jack.task.Cravath" name="run" time="0.001"/>
  <system-out/>
  <testcase classname="com.jack.task.Cravath" name="run" time="0.000"/>
  <system-out/>
  <testcase classname="com.jack.task.Cravath" name="run" time="0.001"/>
  <system-out/>
  <testcase classname="com.jack.task.Cravath" name="run" time="0.000"/>
  <system-out/>
  <testcase classname="com.jack.task.Cravath" name="run" time="0.000"/>
  <system-out/>
  <testcase classname="com.jack.task.Cravath" name="run" time="0.000"/>
  <system-out/>
  <testcase classname="com.jack.task.Cravath" name="run" time="0.001"/>
  <system-out/>
  <testcase classname="com.jack.task.Cravath" name="run" time="0.001"/>
  <system-out/>
  <testcase classname="com.jack.task.Cravath" name="run" time="0.000"/>
  <system-out/>
  <testcase classname="com.jack.task.Cravath" name="run" time="0.000"/>
  <system-out/>
  <testcase classname="com.jack.task.Cravath" name="run" time="0.000"/>
  <system-out/>
  <testcase classname="com.jack.task.Cravath" name="run" time="0.000"/>
  <system-out/>
  <testcase classname="com.jack.task.Cravath" name="run" time="0.000"/>
  <system-out/>
  <testcase classname="com.jack.task.Cravath" name="run" time="0.000"/>
  <system-out/>
  <testcase classname="com.jack.task.Cravath" name="run" time="0.000"/>
  <system-out/>
  <testcase classname="com.jack.task.Cravath" name="run" time="0.001"/>
  <system-out/>
  <testcase classname="com.jack.task.Cravath" name="run" time="0.000"/>
  <system-out/>
  <testcase classname="com.jack.task.Cravath" name="run" time="0.000"/>
  <system-out/>
  <testcase classname="com.jack.task.Cravath" name="run" time="0.000"/>
  <system-out/>
  <testcase classname="com.jack.task.Cravath" name="run" time="0.001"/>
  <system-out/>
  <testcase classname="com.jack.task.Cravath" name="run" time="0.000"/>
  <system-out/>
  <testcase classname="com.jack.task.Cravath" name="run" time="0.000"/>
  <system-out/>
  <testcase classname="com.jack.task.Cravath" name="run" time="0.001"/>
  <system-out/>
  <testcase classname="com.jack.task.Cravath" name="run" time="0.001"/>
  <system-out/>
  <testcase classname="com.jack.task.Cravath" name="run" time="0.001"/>
  <system-out/>
  <testcase classname="com.jack.task.Cravath" name="run" time="0.001"/>
  <system-out/>
  <testcase classname="com.jack.task.Cravath" name="run" time="0.000"/>
  <system-out/>
  <testcase classname="com.jack.task.Cravath" name="run" time="0.000"/>
  <system-out/>
  <testcase classname="com.jack.task.Cravath" name="run" time="0.001"/>
  <system-out/>
  <testcase classname="com.jack.task.Cravath" name="run" time="0.000"/>
  <system-out/>
  <testcase classname="com.jack.task.Cravath" name="run" time="0.001"/>
  <system-out/>
  <testcase classname="com.jack.task.Cravath" name="run" time="0.000"/>
  <system-out/>
  <testcase classname="com.jack.task.Cravath" name="run" time="0.000"/>
  <system-out/>
  <testcase classname="com.jack.task.Cravath" name="run" time="0.001"/>
  <system-out/>
  <testcase classname="com.jack.task.Cravath" name="run" time="0.001"/>
  <system-out/>
  <testcase classname="com.jack.task.Cravath" name="run" time="0.001"/>
  <system-out/>
  <testcase classname="com.jack.task.Cravath" name="run" time="0.000"/>
  <system-out/>
  <testcase classname="com.jack.task.Cravath" name="run" time="0.001"/>
  <system-out/>
  <testcase classname="com.jack.task.Cravath" name="run" time="0.000"/>
  <system-out/>
  <testcase classname="com.jack.task.Cravath" name="run" time="0.000"/>
  <system-out/>
  <testcase classname="com.jack.task.Cravath" name="run" time="0.000"/>
  <system-out/>
  <testcase classname="com.jack.task.Cravath" name="run" time="0.001"/>
  <system-out/>
  <testcase classname="com.jack.task.Cravath" name="run" time="0.000"/>
  <system-out/>
  <testcase classname="com.jack.task.Cravath" name="run" time="0.000"/>
  <system-out/>
  <testcase classname="com.jack.task.Cravath" name="run" time="0.000"/>
  <system-out/>
  <testcase classname="com.jack.task.Cravath" name="run" time="0.001"/>
  <system-out/>
  <testcase classname="com.jack.task.Cravath" name="run" time="0.001"/>
  <system-out/>
  <testcase classname="com.jack.task.Cravath" name="run" time="0.001"/>
  <system-out/>
  <testcase classname="com.jack.task.Cravath" name="run" time="0.000"/>
  <system-out/>
  <testcase classname="com.jack.task.Cravath" name="run" time="0.001"/>
  <system-out/>
  <testcase classname="com.jack.task.Cravath" name="run" time="0.001"/>
  <system-out/>
  <testcase classname="com.jack.task.Cravath" name="run" time="0.000"/>
  <system-out/>
  <testcase classname="com.jack.task.Cravath" name="run" time="0.000"/>
  <system-out/>
  <testcase classname="com.jack.task.Cravath" name="run" time="0.001"/>
  <system-out/>
  <testcase classname="com.jack.task.Cravath" name="run" time="0.000"/>
  <system-out/>
  <testcase classname="com.jack.task.Cravath" name="run" time="0.000"/>
  <system-out/>
  <testcase classname="com.jack.task.Cravath" name="run" time="0.000"/>
  <system-out/>
  <testcase classname="com.jack.task.Cravath" name="run" time="0.001"/>
  <system-out/>
  <testcase classname="com.jack.task.Cravath" name="run" time="0.000"/>
  <system-out/>
  <testcase classname="com.jack.task.Cravath" name="run" time="0.000"/>
  <system-out/>
  <testcase classname="com.jack.task.Cravath" name="run" time="0.001"/>
  <system-out/>
  <testcase classname="com.jack.task.Cravath" name="run" time="0.001"/>
  <system-out/>
  <testcase classname="com.jack.task.Cravath" name="run" time="0.001"/>
  <system-out/>
  <testcase classname="com.jack.task.Cravath" name="run" time="0.001"/>
  <system-out/>
  <testcase classname="com.jack.task.Cravath" name="run" time="0.000"/>
  <system-out/>
  <testcase classname="com.jack.task.Cravath" name="run" time="0.001"/>
  <system-out/>
  <testcase classname="com.jack.task.Cravath" name="run" time="0.000"/>
  <system-out/>
  <testcase classname="com.jack.task.Cravath" name="run" time="0.001"/>
  <system-out/>
  <testcase classname="com.jack.task.Cravath" name="run" time="0.001"/>
  <system-out/>
  <testcase classname="com.jack.task.Cravath" name="run" time="0.000"/>
  <system-out/>
  <testcase classname="com.jack.task.Cravath" name="run" time="0.000"/>
  <system-out/>
  <testcase classname="com.jack.task.Cravath" name="run" time="0.001"/>
  <system-out/>
  <testcase classname="com.jack.task.Cravath" name="run" time="0.000"/>
  <system-out/>
  <testcase classname="com.jack.task.Cravath" name="run" time="0.000"/>
  <system-out/>
  <testcase classname="com.jack.task.Cravath" name="run" time="0.001"/>
  <system-out/>
  <testcase classname="com.jack.task.Cravath" name="run" time="0.000"/>
  <system-out/>
  <testcase classname="com.jack.task.Cravath" name="run" time="0.001"/>
  <system-out/>
  <testcase classname="com.jack.task.Cravath" name="run" time="0.000"/>
  <system-out/>
  <testcase classname="com.jack.task.Cravath" name="run" time="0.000"/>
  <system-out/>
  <testcase classname="com.jack.task.Cravath" name="run" time="0.001"/>
  <system-out/>
  <testcase classname="com.jack.task.Cravath" name="run" time="0.000"/>
  <system-out/>
  <testcase classname="com.jack.task.Cravath" name="run" time="0.000"/>
  <system-out/>
  <testcase classname="com.jack.task.Cravath" name="run" time="0.000"/>
  <system-out/>
  <testcase classname="com.jack.task.Cravath" name="run" time="0.000"/>
  <system-out/>
  <testcase classname="com.jack.task.Cravath" name="run" time="0.001"/>
  <system-out/>
  <testcase classname="com.jack.task.Cravath" name="run" time="0.000"/>
  <system-out/>
  <testcase classname="com.jack.task.Cravath" name="run" time="0.000"/>
  <system-out/>
  <testcase classname="com.jack.task.Cravath" name="run" time="0.001"/>
  <system-out/>
  <testcase classname="com.jack.task.Cravath" name="run" time="0.000"/>
  <system-out/>
  <testcase classname="com.jack.task.Cravath" name="run" time="0.000"/>
  <system-out/>
  <testcase classname="com.jack.task.Cravath" name="run" time="0.000"/>
  <system-out/>
  <testcase classname="com.jack.task.Cravath" name="run" time="0.001"/>
  <system-out/>
  <testcase classname="com.jack.task.Cravath" name="run" time="0.000"/>
  <system-out/>
  <testcase classname="com.jack.task.Cravath" name="run" time="0.001"/>
  <system-out/>
  <testcase classname="com.jack.task.Cravath" name="run" time="0.001"/>
  <system-out/>
  <testcase classname="com.jack.task.Cravath" name="run" time="0.000"/>
  <system-out/>
  <testcase classname="com.jack.task.Cravath" name="run" time="0.001"/>
  <system-out/>
  <testcase classname="com.jack.task.Cravath" name="run" time="0.000"/>
  <system-out/>
  <testcase classname="com.jack.task.Cravath" name="run" time="0.000"/>
  <system-out/>
  <testcase classname="com.jack.task.Cravath" name="run" time="0.000"/>
  <system-out/>
  <testcase classname="com.jack.task.Cravath" name="run" time="0.001"/>
  <system-out/>
  <testcase classname="com.jack.task.Cravath" name="run" time="0.001"/>
  <system-out/>
  <testcase classname="com.jack.task.Cravath" name="run" time="0.000"/>
  <system-out/>
  <testcase classname="com.jack.task.Cravath" name="run" time="0.001"/>
  <system-out/>
  <testcase classname="com.jack.task.Cravath" name="run" time="0.000"/>
  <system-out/>
  <testcase classname="com.jack.task.Cravath" name="run" time="0.000"/>
  <system-out/>
  <testcase classname="com.jack.task.Cravath" name="run" time="0.000"/>
  <system-out/>
  <testcase classname="com.jack.task.Cravath" name="run" time="0.001"/>
  <system-out/>
  <testcase classname="com.jack.task.Cravath" name="run" time="0.001"/>
  <system-out/>
  <testcase classname="com.jack.task.Cravath" name="run" time="0.001"/>
  <system-out/>
  <testcase classname="com.jack.task.Cravath" name="run" time="0.000"/>
  <system-out/>
  <testcase classname="com.jack.task.Cravath" name="run" time="0.001"/>
  <system-out/>
  <testcase classname="com.jack.task.Cravath" name="run" time="0.000"/>
  <system-out/>
  <testcase classname="com.jack.task.Cravath" name="run" time="0.001"/>
  <system-out/>
  <testcase classname="com.jack.task.Cravath" name="run" time="0.000"/>
  <system-out/>
  <testcase classname="com.jack.task.Cravath" name="run" time="0.001"/>
  <system-out/>
  <testcase classname="com.jack.task.Cravath" name="run" time="0.000"/>
  <system-out/>
  <testcase classname="com.jack.task.Cravath" name="run" time="0.000"/>
  <system-out/>
  <testcase classname="com.jack.task.Cravath" name="run" time="0.000"/>
  <system-out/>
  <testcase classname="com.jack.task.Cravath" name="run" time="0.001"/>
  <system-out/>
  <testcase classname="com.jack.task.Cravath" name="run" time="0.000"/>
  <system-out/>
  <testcase classname="com.jack.task.Cravath" name="run" time="0.001"/>
  <system-out/>
  <testcase classname="com.jack.task.Cravath" name="run" time="0.001"/>
  <system-out/>
  <testcase classname="com.jack.task.Cravath" name="run" time="0.001"/>
  <system-out/>
  <testcase classname="com.jack.task.Cravath" name="run" time="0.001"/>
  <system-out/>
  <testcase classname="com.jack.task.Cravath" name="run" time="0.000"/>
  <system-out/>
  <testcase classname="com.jack.task.Cravath" name="run" time="0.001"/>
  <system-out/>
  <testcase classname="com.jack.task.Cravath" name="run" time="0.001"/>
  <system-out/>
  <testcase classname="com.jack.task.Cravath" name="run" time="0.000"/>
  <system-out/>
  <testcase classname="com.jack.task.Cravath" name="run" time="0.001"/>
  <system-out/>
  <testcase classname="com.jack.task.Cravath" name="run" time="0.000"/>
  <system-out/>
  <testcase classname="com.jack.task.Cravath" name="run" time="0.000"/>
  <system-out/>
  <testcase classname="com.jack.task.Cravath" name="run" time="0.001"/>
  <system-out/>
  <testcase classname="com.jack.task.Cravath" name="run" time="0.001"/>
  <system-out/>
  <testcase classname="com.jack.task.Cravath" name="run" time="0.001"/>
  <system-out/>
  <testcase classname="com.jack.task.Cravath" name="run" time="0.001"/>
  <system-out/>
  <testcase classname="com.jack.task.Cravath" name="run" time="0.001"/>
  <system-out/>
  <testcase classname="com.jack.task.Cravath" name="run" time="0.000"/>
  <system-out/>
  <testcase classname="com.jack.task.Cravath" name="run" time="0.001"/>
  <system-out/>
  <testcase classname="com.jack.task.Cravath" name="run" time="0.001"/>
  <system-out/>
  <testcase classname="com.jack.task.Cravath" name="run" time="0.000"/>
  <system-out/>
  <testcase classname="com.jack.task.Cravath" name="run" time="0.001"/>
  <system-out/>
  <testcase classname="com.jack.task.Cravath" name="run" time="0.000"/>
  <system-out/>
  <testcase classname="com.jack.task.Cravath" name="run" time="0.000"/>
  <system-out/>
  <testcase classname="com.jack.task.Cravath" name="run" time="0.001"/>
  <system-out/>
  <testcase classname="com.jack.task.Cravath" name="run" time="0.000"/>
  <system-out/>
  <testcase classname="com.jack.task.Cravath" name="run" time="0.000"/>
  <system-out/>
  <testcase classname="com.jack.task.Cravath" name="run" time="0.001"/>
  <system-out/>
  <testcase classname="com.jack.task.Cravath" name="run" time="0.000"/>
  <system-out/>
  <testcase classname="com.jack.task.Cravath" name="run" time="0.000"/>
  <system-out/>
  <testcase classname="com.jack.task.Cravath" name="run" time="0.000"/>
  <system-out/>
  <testcase classname="com.jack.task.Cravath" name="run" time="0.000"/>
  <system-out/>
  <testcase classname="com.jack.task.Cravath" name="run" time="0.000"/>
  <system-out/>
  <testcase classname="com.jack.task.Cravath" name="run" time="0.001"/>
  <system-out/>
  <testcase classname="com.jack.task.Cravath" name="run" time="0.001"/>
  <system-out/>
  <testcase classname="com.jack.task.Cravath" name="run" time="0.000"/>
  <system-out/>
  <testcase classname="com.jack.task.Cravath" name="run" time="0.000"/>
  <system-out/>
  <testcase classname="com.jack.task.Cravath" name="run" time="0.000"/>
  <system-out/>
  <testcase classname="com.jack.task.Cravath" name="run" time="0.000"/>
  <system-out/>
  <testcase classname="com.jack.task.Cravath" name="run" time="0.000"/>
  <system-out/>
  <testcase classname="com.jack.task.Cravath" name="run" time="0.000"/>
  <system-out/>
  <testcase classname="com.jack.task.Cravath" name="run" time="0.000"/>
  <system-out/>
  <testcase classname="com.jack.task.Cravath" name="run" time="0.001"/>
  <system-out/>
  <testcase classname="com.jack.task.Cravath" name="run" time="0.001"/>
  <system-out/>
  <testcase classname="com.jack.task.Cravath" name="run" time="0.001"/>
  <system-out/>
  <testcase classname="com.jack.task.Cravath" name="run" time="0.001"/>
  <system-out/>
  <testcase classname="com.jack.task.Cravath" name="run" time="0.001"/>
  <system-out/>
  <testcase classname="com.jack.task.Cravath" name="run" time="0.000"/>
  <system-out/>
  <testcase classname="com.jack.task.Cravath" name="run" time="0.000"/>
  <system-out/>
  <testcase classname="com.jack.task.Cravath" name="run" time="0.001"/>
  <system-out/>
  <testcase classname="com.jack.task.Cravath" name="run" time="0.001"/>
  <system-out/>
  <testcase classname="com.jack.task.Cravath" name="run" time="0.001"/>
  <system-out/>
  <testcase classname="com.jack.task.Cravath" name="run" time="0.001"/>
  <system-out/>
  <testcase classname="com.jack.task.Cravath" name="run" time="0.000"/>
  <system-out/>
  <testcase classname="com.jack.task.Cravath" name="run" time="0.001"/>
  <system-out/>
  <testcase classname="com.jack.task.Cravath" name="run" time="0.001"/>
  <system-out/>
  <testcase classname="com.jack.task.Cravath" name="run" time="0.000"/>
  <system-out/>
  <testcase classname="com.jack.task.Cravath" name="run" time="0.001"/>
  <system-out/>
  <testcase classname="com.jack.task.Cravath" name="run" time="0.000"/>
  <system-out/>
  <testcase classname="com.jack.task.Cravath" name="run" time="0.000"/>
  <system-out/>
  <testcase classname="com.jack.task.Cravath" name="run" time="0.001"/>
  <system-out/>
  <testcase classname="com.jack.task.Cravath" name="run" time="0.001"/>
  <system-out/>
  <testcase classname="com.jack.task.Cravath" name="run" time="0.001"/>
  <system-out/>
  <testcase classname="com.jack.task.Cravath" name="run" time="0.000"/>
  <system-out/>
  <testcase classname="com.jack.task.Cravath" name="run" time="0.000"/>
  <system-out/>
  <testcase classname="com.jack.task.Cravath" name="run" time="0.001"/>
  <system-out/>
  <testcase classname="com.jack.task.Cravath" name="run" time="0.000"/>
  <system-out/>
  <testcase classname="com.jack.task.Cravath" name="run" time="0.001"/>
  <system-out/>
  <testcase classname="com.jack.task.Cravath" name="run" time="0.000"/>
  <system-out/>
  <testcase classname="com.jack.task.Cravath" name="run" time="0.001"/>
  <system-out/>
  <testcase classname="com.jack.task.Cravath" name="run" time="0.000"/>
  <system-out/>
  <testcase classname="com.jack.task.Cravath" name="run" time="0.000"/>
  <system-out/>
  <testcase classname="com.jack.task.Cravath" name="run" time="0.001"/>
  <system-out/>
  <testcase classname="com.jack.task.Cravath" name="run" time="0.001"/>
  <system-out/>
  <testcase classname="com.jack.task.Cravath" name="run" time="0.001"/>
  <system-out/>
  <testcase classname="com.jack.task.Cravath" name="run" time="0.001"/>
  <system-out/>
  <testcase classname="com.jack.task.Cravath" name="run" time="0.001"/>
  <system-out/>
  <testcase classname="com.jack.task.Cravath" name="run" time="0.000"/>
  <system-out/>
  <testcase classname="com.jack.task.Cravath" name="run" time="0.001"/>
  <system-out/>
  <testcase classname="com.jack.task.Cravath" name="run" time="0.000"/>
  <system-out/>
  <testcase classname="com.jack.task.Cravath" name="run" time="0.000"/>
  <system-out/>
  <testcase classname="com.jack.task.Cravath" name="run" time="0.001"/>
  <system-out/>
  <testcase classname="com.jack.task.Cravath" name="run" time="0.001"/>
  <system-out/>
  <testcase classname="com.jack.task.Cravath" name="run" time="0.001"/>
  <system-out/>
  <testcase classname="com.jack.task.Cravath" name="run" time="0.001"/>
  <system-out/>
  <testcase classname="com.jack.task.Cravath" name="run" time="0.000"/>
  <system-out/>
  <testcase classname="com.jack.task.Cravath" name="run" time="0.001"/>
  <system-out/>
  <testcase classname="com.jack.task.Cravath" name="run" time="0.000"/>
  <system-out/>
  <testcase classname="com.jack.task.Cravath" name="run" time="0.001"/>
  <system-out/>
  <testcase classname="com.jack.task.Cravath" name="run" time="0.000"/>
  <system-out/>
  <testcase classname="com.jack.task.Cravath" name="run" time="0.000"/>
  <system-out/>
  <testcase classname="com.jack.task.Cravath" name="run" time="0.001"/>
  <system-out/>
  <testcase classname="com.jack.task.Cravath" name="run" time="0.000"/>
  <system-out/>
  <testcase classname="com.jack.task.Cravath" name="run" time="0.001"/>
  <system-out/>
  <testcase classname="com.jack.task.Cravath" name="run" time="0.000"/>
  <system-out/>
  <testcase classname="com.jack.task.Cravath" name="run" time="0.001"/>
  <system-out/>
  <testcase classname="com.jack.task.Cravath" name="run" time="0.001"/>
  <system-out/>
  <testcase classname="com.jack.task.Cravath" name="run" time="0.000"/>
  <system-out/>
  <testcase classname="com.jack.task.Cravath" name="run" time="0.000"/>
  <system-out/>
  <testcase classname="com.jack.task.Cravath" name="run" time="0.001"/>
  <system-out/>
  <testcase classname="com.jack.task.Cravath" name="run" time="0.000"/>
  <system-out/>
  <testcase classname="com.jack.task.Cravath" name="run" time="0.000"/>
  <system-out/>
  <testcase classname="com.jack.task.Cravath" name="run" time="0.000"/>
  <system-out/>
  <testcase classname="com.jack.task.Cravath" name="run" time="0.002"/>
  <system-out/>
  <testcase classname="com.jack.task.Cravath" name="run" time="0.001"/>
  <system-out/>
  <testcase classname="com.jack.task.Cravath" name="run" time="0.000"/>
  <system-out/>
  <testcase classname="com.jack.task.Cravath" name="run" time="0.001"/>
  <system-out/>
  <testcase classname="com.jack.task.Cravath" name="run" time="0.001"/>
  <system-out/>
  <testcase classname="com.jack.task.Cravath" name="run" time="0.000"/>
  <system-out/>
  <testcase classname="com.jack.task.Cravath" name="run" time="0.001"/>
  <system-out/>
  <testcase classname="com.jack.task.Cravath" name="run" time="0.000"/>
  <system-out/>
  <testcase classname="com.jack.task.Cravath" name="run" time="0.001"/>
  <system-out/>
  <testcase classname="com.jack.task.Cravath" name="run" time="0.000"/>
  <system-out/>
  <testcase classname="com.jack.task.Cravath" name="run" time="0.000"/>
  <system-out/>
  <testcase classname="com.jack.task.Cravath" name="run" time="0.000"/>
  <system-out/>
  <testcase classname="com.jack.task.Cravath" name="run" time="0.000"/>
  <system-out/>
  <testcase classname="com.jack.task.Cravath" name="run" time="0.000"/>
  <system-out/>
  <testcase classname="com.jack.task.Cravath" name="run" time="0.000"/>
  <system-out/>
  <testcase classname="com.jack.task.Cravath" name="run" time="0.001"/>
  <system-out/>
  <testcase classname="com.jack.task.Cravath" name="run" time="0.000"/>
  <system-out/>
  <testcase classname="com.jack.task.Cravath" name="run" time="0.001"/>
  <system-out/>
  <testcase classname="com.jack.task.Cravath" name="run" time="0.000"/>
  <system-out/>
  <testcase classname="com.jack.task.Cravath" name="run" time="0.001"/>
  <system-out/>
  <testcase classname="com.jack.task.Cravath" name="run" time="0.001"/>
  <system-out/>
  <testcase classname="com.jack.task.Cravath" name="run" time="0.001"/>
  <system-out/>
  <testcase classname="com.jack.task.Cravath" name="run" time="0.001"/>
  <system-out/>
  <testcase classname="com.jack.task.Cravath" name="run" time="0.000"/>
  <system-out/>
  <testcase classname="com.jack.task.Cravath" name="run" time="0.000"/>
  <system-out/>
  <testcase classname="com.jack.task.Cravath" name="run" time="0.000"/>
  <system-out/>
  <testcase classname="com.jack.task.Cravath" name="run" time="0.001"/>
  <system-out/>
  <testcase classname="com.jack.task.Cravath" name="run" time="0.001"/>
  <system-out/>
  <testcase classname="com.jack.task.Cravath" name="run" time="0.000"/>
  <system-out/>
  <testcase classname="com.jack.task.Cravath" name="run" time="0.000"/>
  <system-out/>
  <testcase classname="com.jack.task.Cravath" name="run" time="0.001"/>
  <system-out/>
  <testcase classname="com.jack.task.Cravath" name="run" time="0.000"/>
  <system-out/>
  <testcase classname="com.jack.task.Cravath" name="run" time="0.000"/>
  <system-out/>
  <testcase classname="com.jack.task.Cravath" name="run" time="0.000"/>
  <system-out/>
  <testcase classname="com.jack.task.Cravath" name="run" time="0.001"/>
  <system-out/>
  <testcase classname="com.jack.task.Cravath" name="run" time="0.000"/>
  <system-out/>
  <testcase classname="com.jack.task.Cravath" name="run" time="0.000"/>
  <system-out/>
  <testcase classname="com.jack.task.Cravath" name="run" time="0.001"/>
  <system-out/>
  <testcase classname="com.jack.task.Cravath" name="run" time="0.000"/>
  <system-out/>
  <testcase classname="com.jack.task.Cravath" name="run" time="0.001"/>
  <system-out/>
  <testcase classname="com.jack.task.Cravath" name="run" time="0.001"/>
  <system-out/>
  <testcase classname="com.jack.task.Cravath" name="run" time="0.001"/>
  <system-out/>
  <testcase classname="com.jack.task.Cravath" name="run" time="0.001"/>
  <system-out/>
  <testcase classname="com.jack.task.Cravath" name="run" time="0.000"/>
  <system-out/>
  <testcase classname="com.jack.task.Cravath" name="run" time="0.001"/>
  <system-out/>
  <testcase classname="com.jack.task.Cravath" name="run" time="0.001"/>
  <system-out/>
  <testcase classname="com.jack.task.Cravath" name="run" time="0.000"/>
  <system-out/>
  <testcase classname="com.jack.task.Cravath" name="run" time="0.001"/>
  <system-out/>
  <testcase classname="com.jack.task.Cravath" name="run" time="0.001"/>
  <system-out/>
  <testcase classname="com.jack.task.Cravath" name="run" time="0.001"/>
  <system-out/>
  <testcase classname="com.jack.task.Cravath" name="run" time="0.001"/>
  <system-out/>
  <testcase classname="com.jack.task.Cravath" name="run" time="0.001"/>
  <system-out/>
  <testcase classname="com.jack.task.Cravath" name="run" time="0.000"/>
  <system-out/>
  <testcase classname="com.jack.task.Cravath" name="run" time="0.001"/>
  <system-out/>
  <testcase classname="com.jack.task.Cravath" name="run" time="0.000"/>
  <system-out/>
  <testcase classname="com.jack.task.Cravath" name="run" time="0.001"/>
  <system-out/>
  <testcase classname="com.jack.task.Cravath" name="run" time="0.000"/>
  <system-out/>
  <testcase classname="com.jack.task.Cravath" name="run" time="0.000"/>
  <system-out/>
  <testcase classname="com.jack.task.Cravath" name="run" time="0.000"/>
  <system-out/>
  <testcase classname="com.jack.task.Cravath" name="run" time="0.000"/>
  <system-out/>
  <testcase classname="com.jack.task.Cravath" name="run" time="0.001"/>
  <system-out/>
  <testcase classname="com.jack.task.Cravath" name="run" time="0.000"/>
  <system-out/>
  <testcase classname="com.jack.task.Cravath" name="run" time="0.001"/>
  <system-out/>
  <testcase classname="com.jack.task.Cravath" name="run" time="0.001"/>
  <system-out/>
  <testcase classname="com.jack.task.Cravath" name="run" time="0.000"/>
  <system-out/>
  <testcase classname="com.jack.task.Cravath" name="run" time="0.001"/>
  <system-out/>
  <testcase classname="com.jack.task.Cravath" name="run" time="0.001"/>
  <system-out/>
  <testcase classname="com.jack.task.Cravath" name="run" time="0.001"/>
  <system-out/>
  <testcase classname="com.jack.task.Cravath" name="run" time="0.000"/>
  <system-out/>
  <testcase classname="com.jack.task.Cravath" name="run" time="0.001"/>
  <system-out/>
  <testcase classname="com.jack.task.Cravath" name="run" time="0.001"/>
  <system-out/>
  <testcase classname="com.jack.task.Cravath" name="run" time="0.000"/>
  <system-out/>
  <testcase classname="com.jack.task.Cravath" name="run" time="0.001"/>
  <system-out/>
  <testcase classname="com.jack.task.Cravath" name="run" time="0.001"/>
  <system-out/>
  <testcase classname="com.jack.task.Cravath" name="run" time="0.000"/>
  <system-out/>
  <testcase classname="com.jack.task.Cravath" name="run" time="0.001"/>
  <system-out/>
  <testcase classname="com.jack.task.Cravath" name="run" time="0.000"/>
  <system-out/>
  <testcase classname="com.jack.task.Cravath" name="run" time="0.000"/>
  <system-out/>
  <testcase classname="com.jack.task.Cravath" name="run" time="0.000"/>
  <system-out/>
  <testcase classname="com.jack.task.Cravath" name="run" time="0.000"/>
  <system-out/>
  <testcase classname="com.jack.task.Cravath" name="run" time="0.000"/>
  <system-out/>
  <testcase classname="com.jack.task.Cravath" name="run" time="0.001"/>
  <system-out/>
  <testcase classname="com.jack.task.Cravath" name="run" time="0.000"/>
  <system-out/>
  <testcase classname="com.jack.task.Cravath" name="run" time="0.001"/>
  <system-out/>
  <testcase classname="com.jack.task.Cravath" name="run" time="0.000"/>
  <system-out/>
  <testcase classname="com.jack.task.Cravath" name="run" time="0.001"/>
  <system-out/>
  <testcase classname="com.jack.task.Cravath" name="run" time="0.000"/>
  <system-out/>
  <testcase classname="com.jack.task.Cravath" name="run" time="0.001"/>
  <system-out/>
  <testcase classname="com.jack.task.Cravath" name="run" time="0.001"/>
  <system-out/>
  <testcase classname="com.jack.task.Cravath" name="run" time="0.000"/>
  <system-out/>
  <testcase classname="com.jack.task.Cravath" name="run" time="0.001"/>
  <system-out/>
  <testcase classname="com.jack.task.Cravath" name="run" time="0.000"/>
  <system-out/>
  <testcase classname="com.jack.task.Cravath" name="run" time="0.000"/>
  <system-out/>
  <testcase classname="com.jack.task.Cravath" name="run" time="0.000"/>
  <system-out/>
  <testcase classname="com.jack.task.Cravath" name="run" time="0.000"/>
  <system-out/>
  <testcase classname="com.jack.task.Cravath" name="run" time="0.001"/>
  <system-out/>
  <testcase classname="com.jack.task.Cravath" name="run" time="0.000"/>
  <system-out/>
  <testcase classname="com.jack.task.Cravath" name="run" time="0.000"/>
  <system-out/>
  <testcase classname="com.jack.task.Cravath" name="run" time="0.000"/>
  <system-out/>
  <testcase classname="com.jack.task.Cravath" name="run" time="0.000"/>
  <system-out/>
  <testcase classname="com.jack.task.Cravath" name="run" time="0.000"/>
  <system-out/>
  <testcase classname="com.jack.task.Cravath" name="run" time="0.001"/>
  <system-out/>
  <testcase classname="com.jack.task.Cravath" name="run" time="0.000"/>
  <system-out/>
  <testcase classname="com.jack.task.Cravath" name="run" time="0.000"/>
  <system-out/>
  <testcase classname="com.jack.task.Cravath" name="run" time="0.001"/>
  <system-out/>
  <testcase classname="com.jack.task.Cravath" name="run" time="0.001"/>
  <system-out/>
  <testcase classname="com.jack.task.Cravath" name="run" time="0.000"/>
  <system-out/>
  <testcase classname="com.jack.task.Cravath" name="run" time="0.001"/>
  <system-out/>
  <testcase classname="com.jack.task.Cravath" name="run" time="0.000"/>
  <system-out/>
  <testcase classname="com.jack.task.Cravath" name="run" time="0.001"/>
  <system-out/>
  <testcase classname="com.jack.task.Cravath" name="run" time="0.001"/>
  <system-out/>
  <testcase classname="com.jack.task.Cravath" name="run" time="0.000"/>
  <system-out/>
  <testcase classname="com.jack.task.Cravath" name="run" time="0.001"/>
  <system-out/>
  <testcase classname="com.jack.task.Cravath" name="run" time="0.000"/>
  <system-out/>
  <testcase classname="com.jack.task.Cravath" name="run" time="0.001"/>
  <system-out/>
  <testcase classname="com.jack.task.Cravath" name="run" time="0.000"/>
  <system-out/>
  <testcase classname="com.jack.task.Cravath" name="run" time="0.001"/>
  <system-out/>
  <testcase classname="com.jack.task.Cravath" name="run" time="0.001"/>
  <system-out/>
  <testcase classname="com.jack.task.Cravath" name="run" time="0.001"/>
  <system-out/>
  <testcase classname="com.jack.task.Cravath" name="run" time="0.000"/>
  <system-out/>
  <testcase classname="com.jack.task.Cravath" name="run" time="0.001"/>
  <system-out/>
  <testcase classname="com.jack.task.Cravath" name="run" time="0.001"/>
  <system-out/>
  <testcase classname="com.jack.task.Cravath" name="run" time="0.001"/>
  <system-out/>
  <testcase classname="com.jack.task.Cravath" name="run" time="0.000"/>
  <system-out/>
  <testcase classname="com.jack.task.Cravath" name="run" time="0.000"/>
  <system-out/>
  <testcase classname="com.jack.task.Cravath" name="run" time="0.001"/>
  <system-out/>
  <testcase classname="com.jack.task.Cravath" name="run" time="0.000"/>
  <system-out/>
  <testcase classname="com.jack.task.Cravath" name="run" time="0.001"/>
  <system-out/>
  <testcase classname="com.jack.task.Cravath" name="run" time="0.000"/>
  <system-out/>
  <testcase classname="com.jack.task.Cravath" name="run" time="0.000"/>
  <system-out/>
  <testcase classname="com.jack.task.Cravath" name="run" time="0.000"/>
  <system-out/>
  <testcase classname="com.jack.task.Cravath" name="run" time="0.000"/>
  <system-out/>
  <testcase classname="com.jack.task.Cravath" name="run" time="0.000"/>
  <system-out/>
  <testcase classname="com.jack.task.Cravath" name="run" time="0.000"/>
  <system-out/>
  <testcase classname="com.jack.task.Cravath" name="run" time="0.000"/>
  <system-out/>
  <testcase classname="com.jack.task.Cravath" name="run" time="0.001"/>
  <system-out/>
  <testcase classname="com.jack.task.Cravath" name="run" time="0.000"/>
  <system-out/>
  <testcase classname="com.jack.task.Cravath" name="run" time="0.001"/>
  <system-out/>
  <testcase classname="com.jack.task.Cravath" name="run" time="0.001"/>
  <system-out/>
  <testcase classname="com.jack.task.Cravath" name="run" time="0.000"/>
  <system-out/>
  <testcase classname="com.jack.task.Cravath" name="run" time="0.001"/>
  <system-out/>
  <testcase classname="com.jack.task.Cravath" name="run" time="0.001"/>
  <system-out/>
  <testcase classname="com.jack.task.Cravath" name="run" time="0.001"/>
  <system-out/>
  <testcase classname="com.jack.task.Cravath" name="run" time="0.000"/>
  <system-out/>
  <testcase classname="com.jack.task.Cravath" name="run" time="0.000"/>
  <system-out/>
  <testcase classname="com.jack.task.Cravath" name="run" time="0.000"/>
  <system-out/>
  <testcase classname="com.jack.task.Cravath" name="run" time="0.000"/>
  <system-out/>
  <testcase classname="com.jack.task.Cravath" name="run" time="0.001"/>
  <system-out/>
  <testcase classname="com.jack.task.Cravath" name="run" time="0.000"/>
  <system-out/>
  <testcase classname="com.jack.task.Cravath" name="run" time="0.001"/>
  <system-out/>
  <testcase classname="com.jack.task.Cravath" name="run" time="0.001"/>
  <system-out/>
  <testcase classname="com.jack.task.Cravath" name="run" time="0.001"/>
  <system-out/>
  <testcase classname="com.jack.task.Cravath" name="run" time="0.001"/>
  <system-out/>
  <testcase classname="com.jack.task.Cravath" name="run" time="0.001"/>
  <system-out/>
  <testcase classname="com.jack.task.Cravath" name="run" time="0.001"/>
  <system-out/>
  <testcase classname="com.jack.task.Cravath" name="run" time="0.000"/>
  <system-out/>
  <testcase classname="com.jack.task.Cravath" name="run" time="0.001"/>
  <system-out/>
  <testcase classname="com.jack.task.Cravath" name="run" time="0.001"/>
  <system-out/>
  <testcase classname="com.jack.task.Cravath" name="run" time="0.001"/>
  <system-out/>
  <testcase classname="com.jack.task.Cravath" name="run" time="0.001"/>
  <system-out/>
  <testcase classname="com.jack.task.Cravath" name="run" time="0.000"/>
  <system-out/>
  <testcase classname="com.jack.task.Cravath" name="run" time="0.000"/>
  <system-out/>
  <testcase classname="com.jack.task.Cravath" name="run" time="0.001"/>
  <system-out/>
  <testcase classname="com.jack.task.Cravath" name="run" time="0.001"/>
  <system-out/>
  <testcase classname="com.jack.task.Cravath" name="run" time="0.001"/>
  <system-out/>
  <testcase classname="com.jack.task.Cravath" name="run" time="0.001"/>
  <system-out/>
  <testcase classname="com.jack.task.Cravath" name="run" time="0.001"/>
  <system-out/>
  <testcase classname="com.jack.task.Cravath" name="run" time="0.001"/>
  <system-out/>
  <testcase classname="com.jack.task.Cravath" name="run" time="0.002"/>
  <system-out/>
  <testcase classname="com.jack.task.Cravath" name="run" time="0.000"/>
  <system-out/>
  <testcase classname="com.jack.task.Cravath" name="run" time="0.000"/>
  <system-out/>
  <testcase classname="com.jack.task.Cravath" name="run" time="0.000"/>
  <system-out/>
  <testcase classname="com.jack.task.Cravath" name="run" time="0.000"/>
  <system-out/>
  <testcase classname="com.jack.task.Cravath" name="run" time="0.001"/>
  <system-out/>
  <testcase classname="com.jack.task.Cravath" name="run" time="0.000"/>
  <system-out/>
  <testcase classname="com.jack.task.Cravath" name="run" time="0.001"/>
  <system-out/>
  <testcase classname="com.jack.task.Cravath" name="run" time="0.001"/>
  <system-out/>
  <testcase classname="com.jack.task.Cravath" name="run" time="0.000"/>
  <system-out/>
  <testcase classname="com.jack.task.Cravath" name="run" time="0.001"/>
  <system-out/>
  <testcase classname="com.jack.task.Cravath" name="run" time="0.001"/>
  <system-out/>
  <testcase classname="com.jack.task.Cravath" name="run" time="0.001"/>
  <system-out/>
  <testcase classname="com.jack.task.Cravath" name="run" time="0.000"/>
  <system-out/>
  <testcase classname="com.jack.task.Cravath" name="run" time="0.000"/>
  <system-out/>
  <testcase classname="com.jack.task.Cravath" name="run" time="0.001"/>
  <system-out/>
  <testcase classname="com.jack.task.Cravath" name="run" time="0.000"/>
  <system-out/>
  <testcase classname="com.jack.task.Cravath" name="run" time="0.001"/>
  <system-out/>
  <testcase classname="com.jack.task.Cravath" name="run" time="0.000"/>
  <system-out/>
  <testcase classname="com.jack.task.Cravath" name="run" time="0.001"/>
  <system-out/>
  <testcase classname="com.jack.task.Cravath" name="run" time="0.000"/>
  <system-out/>
  <testcase classname="com.jack.task.Cravath" name="run" time="0.001"/>
  <system-out/>
  <testcase classname="com.jack.task.Cravath" name="run" time="0.001"/>
  <system-out/>
  <testcase classname="com.jack.task.Cravath" name="run" time="0.000"/>
  <system-out/>
  <testcase classname="com.jack.task.Cravath" name="run" time="0.000"/>
  <system-out/>
  <testcase classname="com.jack.task.Cravath" name="run" time="0.001"/>
  <system-out/>
  <testcase classname="com.jack.task.Cravath" name="run" time="0.001"/>
  <system-out/>
  <testcase classname="com.jack.task.Cravath" name="run" time="0.001"/>
  <system-out/>
  <testcase classname="com.jack.task.Cravath" name="run" time="0.001"/>
  <system-out/>
  <testcase classname="com.jack.task.Cravath" name="run" time="0.000"/>
  <system-out/>
  <testcase classname="com.jack.task.Cravath" name="run" time="0.001"/>
  <system-out/>
  <testcase classname="com.jack.task.Cravath" name="run" time="0.001"/>
  <system-out/>
  <testcase classname="com.jack.task.Cravath" name="run" time="0.001"/>
  <system-out/>
  <testcase classname="com.jack.task.Cravath" name="run" time="0.000"/>
  <system-out/>
  <testcase classname="com.jack.task.Cravath" name="run" time="0.000"/>
  <system-out/>
  <testcase classname="com.jack.task.Cravath" name="run" time="0.001"/>
  <system-out/>
  <testcase classname="com.jack.task.Cravath" name="run" time="0.000"/>
  <system-out/>
  <testcase classname="com.jack.task.Cravath" name="run" time="0.000"/>
  <system-out/>
  <testcase classname="com.jack.task.Cravath" name="run" time="0.001"/>
  <system-out/>
  <testcase classname="com.jack.task.Cravath" name="run" time="0.000"/>
  <system-out/>
  <testcase classname="com.jack.task.Cravath" name="run" time="0.001"/>
  <system-out/>
  <testcase classname="com.jack.task.Cravath" name="run" time="0.001"/>
  <system-out/>
  <testcase classname="com.jack.task.Cravath" name="run" time="0.000"/>
  <system-out/>
  <testcase classname="com.jack.task.Cravath" name="run" time="0.001"/>
  <system-out/>
  <testcase classname="com.jack.task.Cravath" name="run" time="0.001"/>
  <system-out/>
  <testcase classname="com.jack.task.Cravath" name="run" time="0.000"/>
  <system-out/>
  <testcase classname="com.jack.task.Cravath" name="run" time="0.001"/>
  <system-out/>
  <testcase classname="com.jack.task.Cravath" name="run" time="0.000"/>
  <system-out/>
  <testcase classname="com.jack.task.Cravath" name="run" time="0.001"/>
  <system-out/>
  <testcase classname="com.jack.task.Cravath" name="run" time="0.001"/>
  <system-out/>
  <testcase classname="com.jack.task.Cravath" name="run" time="0.001"/>
  <system-out/>
  <testcase classname="com.jack.task.Cravath" name="run" time="0.000"/>
  <system-out/>
  <testcase classname="com.jack.task.Cravath" name="run" time="0.000"/>
  <system-out/>
  <testcase classname="com.jack.task.Cravath" name="run" time="0.001"/>
  <system-out/>
  <testcase classname="com.jack.task.Cravath" name="run" time="0.000"/>
  <system-out/>
  <testcase classname="com.jack.task.Cravath" name="run" time="0.000"/>
  <system-out/>
  <testcase classname="com.jack.task.Cravath" name="run" time="0.001"/>
  <system-out/>
  <testcase classname="com.jack.task.Cravath" name="run" time="0.001"/>
  <system-out/>
  <testcase classname="com.jack.task.Cravath" name="run" time="0.000"/>
  <system-out/>
  <testcase classname="com.jack.task.Cravath" name="run" time="0.001"/>
  <system-out/>
  <testcase classname="com.jack.task.Cravath" name="run" time="0.000"/>
  <system-out/>
  <testcase classname="com.jack.task.Cravath" name="run" time="0.000"/>
  <system-out/>
  <testcase classname="com.jack.task.Cravath" name="run" time="0.000"/>
  <system-out/>
  <testcase classname="com.jack.task.Cravath" name="run" time="0.001"/>
  <system-out/>
  <testcase classname="com.jack.task.Cravath" name="run" time="0.001"/>
  <system-out/>
  <testcase classname="com.jack.task.Cravath" name="run" time="0.001"/>
  <system-out/>
  <testcase classname="com.jack.task.Cravath" name="run" time="0.001"/>
  <system-out/>
  <testcase classname="com.jack.task.Cravath" name="run" time="0.001"/>
  <system-out/>
  <testcase classname="com.jack.task.Cravath" name="run" time="0.001"/>
  <system-out/>
  <testcase classname="com.jack.task.Cravath" name="run" time="0.001"/>
  <system-out/>
  <testcase classname="com.jack.task.Cravath" name="run" time="0.001"/>
  <system-out/>
  <testcase classname="com.jack.task.Cravath" name="run" time="0.001"/>
  <system-out/>
  <testcase classname="com.jack.task.Cravath" name="run" time="0.001"/>
  <system-out/>
  <testcase classname="com.jack.task.Cravath" name="run" time="0.000"/>
  <system-out/>
  <testcase classname="com.jack.task.Cravath" name="run" time="0.000"/>
  <system-out/>
  <testcase classname="com.jack.task.Cravath" name="run" time="0.001"/>
  <system-out/>
  <testcase classname="com.jack.task.Cravath" name="run" time="0.001"/>
  <system-out/>
  <testcase classname="com.jack.task.Cravath" name="run" time="0.000"/>
  <system-out/>
  <testcase classname="com.jack.task.Cravath" name="run" time="0.000"/>
  <system-out/>
  <testcase classname="com.jack.task.Cravath" name="run" time="0.000"/>
  <system-out/>
  <testcase classname="com.jack.task.Cravath" name="run" time="0.000"/>
  <system-out/>
  <testcase classname="com.jack.task.Cravath" name="run" time="0.000"/>
  <system-out/>
  <testcase classname="com.jack.task.Cravath" name="run" time="0.000"/>
  <system-out/>
  <testcase classname="com.jack.task.Cravath" name="run" time="0.000"/>
  <system-out/>
  <testcase classname="com.jack.task.Cravath" name="run" time="0.001"/>
  <system-out/>
  <testcase classname="com.jack.task.Cravath" name="run" time="0.001"/>
  <system-out/>
  <testcase classname="com.jack.task.Cravath" name="run" time="0.000"/>
  <system-out/>
  <testcase classname="com.jack.task.Cravath" name="run" time="0.001"/>
  <system-out/>
  <testcase classname="com.jack.task.Cravath" name="run" time="0.001"/>
  <system-out/>
  <testcase classname="com.jack.task.Cravath" name="run" time="0.000"/>
  <system-out/>
  <testcase classname="com.jack.task.Cravath" name="name" time="0.007"/>
  <system-out/>
  <testcase classname="com.jack.task.Cravath" name="run" time="0.000"/>
  <system-out/>
  <testcase classname="com.jack.task.Cravath" name="run" time="0.000"/>
  <system-out/>
  <testcase classname="com.jack.task.Cravath" name="run" time="0.001"/>
  <system-out/>
  <testcase classname="com.jack.task.Cravath" name="run" time="0.001"/>
  <system-out/>
  <testcase classname="com.jack.task.Cravath" name="run" time="0.000"/>
  <system-out/>
  <testcase classname="com.jack.task.Cravath" name="run" time="0.000"/>
  <system-out/>
  <testcase classname="com.jack.task.Cravath" name="run" time="0.001"/>
  <system-out/>
  <testcase classname="com.jack.task.Cravath" name="run" time="0.001"/>
  <system-out/>
  <testcase classname="com.jack.task.Cravath" name="run" time="0.000"/>
  <system-out/>
  <testcase classname="com.jack.task.Cravath" name="run" time="0.001"/>
  <system-out/>
  <testcase classname="com.jack.task.Cravath" name="run" time="0.001"/>
  <system-out/>
  <testcase classname="com.jack.task.Cravath" name="run" time="0.000"/>
  <system-out/>
  <testcase classname="com.jack.task.Cravath" name="run" time="0.001"/>
  <system-out/>
  <testcase classname="com.jack.task.Cravath" name="run" time="0.000"/>
  <system-out/>
  <testcase classname="com.jack.task.Cravath" name="run" time="0.001"/>
  <system-out/>
  <testcase classname="com.jack.task.Cravath" name="run" time="0.001"/>
  <system-out/>
  <testcase classname="com.jack.task.Cravath" name="run" time="0.000"/>
  <system-out/>
  <testcase classname="com.jack.task.Cravath" name="run" time="0.001"/>
  <system-out/>
  <testcase classname="com.jack.task.Cravath" name="run" time="0.001"/>
  <system-out/>
  <testcase classname="com.jack.task.Cravath" name="run" time="0.001"/>
  <system-out/>
  <testcase classname="com.jack.task.Cravath" name="run" time="0.000"/>
  <system-out/>
  <testcase classname="com.jack.task.Cravath" name="run" time="0.000"/>
  <system-out/>
  <testcase classname="com.jack.task.Cravath" name="run" time="0.001"/>
  <system-out/>
  <testcase classname="com.jack.task.Cravath" name="run" time="0.001"/>
  <system-out/>
  <testcase classname="com.jack.task.Cravath" name="run" time="0.000"/>
  <system-out/>
  <testcase classname="com.jack.task.Cravath" name="run" time="0.001"/>
  <system-out/>
  <testcase classname="com.jack.task.Cravath" name="run" time="0.001"/>
  <system-out/>
  <testcase classname="com.jack.task.Cravath" name="run" time="0.001"/>
  <system-out/>
  <testcase classname="com.jack.task.Cravath" name="run" time="0.000"/>
  <system-out/>
  <testcase classname="com.jack.task.Cravath" name="run" time="0.000"/>
  <system-out/>
  <testcase classname="com.jack.task.Cravath" name="run" time="0.001"/>
  <system-out/>
  <testcase classname="com.jack.task.Cravath" name="run" time="0.000"/>
  <system-out/>
  <testcase classname="com.jack.task.Cravath" name="run" time="0.001"/>
  <system-out/>
  <testcase classname="com.jack.task.Cravath" name="run" time="0.000"/>
  <system-out/>
  <testcase classname="com.jack.task.Cravath" name="run" time="0.001"/>
  <system-out/>
  <testcase classname="com.jack.task.Cravath" name="run" time="0.000"/>
  <system-out/>
  <testcase classname="com.jack.task.Cravath" name="run" time="0.000"/>
  <system-out/>
  <testcase classname="com.jack.task.Cravath" name="run" time="0.000"/>
  <system-out/>
  <testcase classname="com.jack.task.Cravath" name="run" time="0.001"/>
  <system-out/>
  <testcase classname="com.jack.task.Cravath" name="run" time="0.001"/>
  <system-out/>
  <testcase classname="com.jack.task.Cravath" name="run" time="0.000"/>
  <system-out/>
  <testcase classname="com.jack.task.Cravath" name="run" time="0.001"/>
  <system-out/>
  <testcase classname="com.jack.task.Cravath" name="run" time="0.000"/>
  <system-out/>
  <testcase classname="com.jack.task.Cravath" name="run" time="0.000"/>
  <system-out/>
  <testcase classname="com.jack.task.Cravath" name="run" time="0.000"/>
  <system-out/>
  <testcase classname="com.jack.task.Cravath" name="run" time="0.000"/>
  <system-out/>
  <testcase classname="com.jack.task.Cravath" name="run" time="0.000"/>
  <system-out/>
  <testcase classname="com.jack.task.Cravath" name="run" time="0.000"/>
  <system-out/>
  <testcase classname="com.jack.task.Cravath" name="run" time="0.001"/>
  <system-out/>
  <testcase classname="com.jack.task.Cravath" name="run" time="0.000"/>
  <system-out/>
  <testcase classname="com.jack.task.Cravath" name="run" time="0.001"/>
  <system-out/>
</testsuite> <!-- com.jack.task.Cravath -->
