<?xml version="1.0" encoding="UTF-8"?>
<!-- Generated by org.testng.reporters.JUnitReportReporter -->
<testsuite hostname="DESKTOP-89RDKF8" failures="0" tests="996" name="com.jack.task.Jonesday" time="9897.582" errors="0" timestamp="2023-01-25T00:22:38 BDT" skipped="0">
  <testcase classname="com.jack.task.Jonesday" name="run" time="5.164"/>
  <system-out/>
  <testcase classname="com.jack.task.Jonesday" name="run" time="15.823"/>
  <system-out/>
  <testcase classname="com.jack.task.Jonesday" name="run" time="8.922"/>
  <system-out/>
  <testcase classname="com.jack.task.Jonesday" name="run" time="10.931"/>
  <system-out/>
  <testcase classname="com.jack.task.Jonesday" name="run" time="15.844"/>
  <system-out/>
  <testcase classname="com.jack.task.Jonesday" name="run" time="15.212"/>
  <system-out/>
  <testcase classname="com.jack.task.Jonesday" name="run" time="15.733"/>
  <system-out/>
  <testcase classname="com.jack.task.Jonesday" name="run" time="8.549"/>
  <system-out/>
  <testcase classname="com.jack.task.Jonesday" name="run" time="11.543"/>
  <system-out/>
  <testcase classname="com.jack.task.Jonesday" name="run" time="3.699"/>
  <system-out/>
  <testcase classname="com.jack.task.Jonesday" name="run" time="5.430"/>
  <system-out/>
  <testcase classname="com.jack.task.Jonesday" name="run" time="4.496"/>
  <system-out/>
  <testcase classname="com.jack.task.Jonesday" name="run" time="7.558"/>
  <system-out/>
  <testcase classname="com.jack.task.Jonesday" name="run" time="4.775"/>
  <system-out/>
  <testcase classname="com.jack.task.Jonesday" name="run" time="5.078"/>
  <system-out/>
  <testcase classname="com.jack.task.Jonesday" name="run" time="9.222"/>
  <system-out/>
  <testcase classname="com.jack.task.Jonesday" name="run" time="4.067"/>
  <system-out/>
  <testcase classname="com.jack.task.Jonesday" name="run" time="5.319"/>
  <system-out/>
  <testcase classname="com.jack.task.Jonesday" name="run" time="5.010"/>
  <system-out/>
  <testcase classname="com.jack.task.Jonesday" name="run" time="17.036"/>
  <system-out/>
  <testcase classname="com.jack.task.Jonesday" name="run" time="14.902"/>
  <system-out/>
  <testcase classname="com.jack.task.Jonesday" name="run" time="14.083"/>
  <system-out/>
  <testcase classname="com.jack.task.Jonesday" name="run" time="8.418"/>
  <system-out/>
  <testcase classname="com.jack.task.Jonesday" name="run" time="14.000"/>
  <system-out/>
  <testcase classname="com.jack.task.Jonesday" name="run" time="29.759"/>
  <system-out/>
  <testcase classname="com.jack.task.Jonesday" name="run" time="6.606"/>
  <system-out/>
  <testcase classname="com.jack.task.Jonesday" name="run" time="4.244"/>
  <system-out/>
  <testcase classname="com.jack.task.Jonesday" name="run" time="7.413"/>
  <system-out/>
  <testcase classname="com.jack.task.Jonesday" name="run" time="8.243"/>
  <system-out/>
  <testcase classname="com.jack.task.Jonesday" name="run" time="4.556"/>
  <system-out/>
  <testcase classname="com.jack.task.Jonesday" name="run" time="2.237"/>
  <system-out/>
  <testcase classname="com.jack.task.Jonesday" name="run" time="7.552"/>
  <system-out/>
  <testcase classname="com.jack.task.Jonesday" name="run" time="89.493"/>
  <system-out/>
  <testcase classname="com.jack.task.Jonesday" name="run" time="6.518"/>
  <system-out/>
  <testcase classname="com.jack.task.Jonesday" name="run" time="6.636"/>
  <system-out/>
  <testcase classname="com.jack.task.Jonesday" name="run" time="8.612"/>
  <system-out/>
  <testcase classname="com.jack.task.Jonesday" name="run" time="16.790"/>
  <system-out/>
  <testcase classname="com.jack.task.Jonesday" name="run" time="3.824"/>
  <system-out/>
  <testcase classname="com.jack.task.Jonesday" name="run" time="9.225"/>
  <system-out/>
  <testcase classname="com.jack.task.Jonesday" name="run" time="13.713"/>
  <system-out/>
  <testcase classname="com.jack.task.Jonesday" name="run" time="3.964"/>
  <system-out/>
  <testcase classname="com.jack.task.Jonesday" name="run" time="10.023"/>
  <system-out/>
  <testcase classname="com.jack.task.Jonesday" name="run" time="3.265"/>
  <system-out/>
  <testcase classname="com.jack.task.Jonesday" name="run" time="9.394"/>
  <system-out/>
  <testcase classname="com.jack.task.Jonesday" name="run" time="8.287"/>
  <system-out/>
  <testcase classname="com.jack.task.Jonesday" name="run" time="19.381"/>
  <system-out/>
  <testcase classname="com.jack.task.Jonesday" name="run" time="2.584"/>
  <system-out/>
  <testcase classname="com.jack.task.Jonesday" name="run" time="4.368"/>
  <system-out/>
  <testcase classname="com.jack.task.Jonesday" name="run" time="6.439"/>
  <system-out/>
  <testcase classname="com.jack.task.Jonesday" name="run" time="7.908"/>
  <system-out/>
  <testcase classname="com.jack.task.Jonesday" name="run" time="3.136"/>
  <system-out/>
  <testcase classname="com.jack.task.Jonesday" name="run" time="15.072"/>
  <system-out/>
  <testcase classname="com.jack.task.Jonesday" name="run" time="4.069"/>
  <system-out/>
  <testcase classname="com.jack.task.Jonesday" name="run" time="15.925"/>
  <system-out/>
  <testcase classname="com.jack.task.Jonesday" name="run" time="5.914"/>
  <system-out/>
  <testcase classname="com.jack.task.Jonesday" name="run" time="8.615"/>
  <system-out/>
  <testcase classname="com.jack.task.Jonesday" name="run" time="5.629"/>
  <system-out/>
  <testcase classname="com.jack.task.Jonesday" name="run" time="11.852"/>
  <system-out/>
  <testcase classname="com.jack.task.Jonesday" name="run" time="3.337"/>
  <system-out/>
  <testcase classname="com.jack.task.Jonesday" name="run" time="16.700"/>
  <system-out/>
  <testcase classname="com.jack.task.Jonesday" name="run" time="8.907"/>
  <system-out/>
  <testcase classname="com.jack.task.Jonesday" name="run" time="6.656"/>
  <system-out/>
  <testcase classname="com.jack.task.Jonesday" name="run" time="14.579"/>
  <system-out/>
  <testcase classname="com.jack.task.Jonesday" name="run" time="15.002"/>
  <system-out/>
  <testcase classname="com.jack.task.Jonesday" name="run" time="12.364"/>
  <system-out/>
  <testcase classname="com.jack.task.Jonesday" name="run" time="6.787"/>
  <system-out/>
  <testcase classname="com.jack.task.Jonesday" name="run" time="11.032"/>
  <system-out/>
  <testcase classname="com.jack.task.Jonesday" name="run" time="12.184"/>
  <system-out/>
  <testcase classname="com.jack.task.Jonesday" name="run" time="14.650"/>
  <system-out/>
  <testcase classname="com.jack.task.Jonesday" name="run" time="14.445"/>
  <system-out/>
  <testcase classname="com.jack.task.Jonesday" name="run" time="15.203"/>
  <system-out/>
  <testcase classname="com.jack.task.Jonesday" name="run" time="6.991"/>
  <system-out/>
  <testcase classname="com.jack.task.Jonesday" name="run" time="3.920"/>
  <system-out/>
  <testcase classname="com.jack.task.Jonesday" name="run" time="5.968"/>
  <system-out/>
  <testcase classname="com.jack.task.Jonesday" name="run" time="4.641"/>
  <system-out/>
  <testcase classname="com.jack.task.Jonesday" name="run" time="3.313"/>
  <system-out/>
  <testcase classname="com.jack.task.Jonesday" name="run" time="6.931"/>
  <system-out/>
  <testcase classname="com.jack.task.Jonesday" name="run" time="13.605"/>
  <system-out/>
  <testcase classname="com.jack.task.Jonesday" name="run" time="6.161"/>
  <system-out/>
  <testcase classname="com.jack.task.Jonesday" name="run" time="26.993"/>
  <system-out/>
  <testcase classname="com.jack.task.Jonesday" name="run" time="14.999"/>
  <system-out/>
  <testcase classname="com.jack.task.Jonesday" name="run" time="4.323"/>
  <system-out/>
  <testcase classname="com.jack.task.Jonesday" name="run" time="5.125"/>
  <system-out/>
  <testcase classname="com.jack.task.Jonesday" name="run" time="9.237"/>
  <system-out/>
  <testcase classname="com.jack.task.Jonesday" name="run" time="13.476"/>
  <system-out/>
  <testcase classname="com.jack.task.Jonesday" name="run" time="3.028"/>
  <system-out/>
  <testcase classname="com.jack.task.Jonesday" name="run" time="9.590"/>
  <system-out/>
  <testcase classname="com.jack.task.Jonesday" name="run" time="3.710"/>
  <system-out/>
  <testcase classname="com.jack.task.Jonesday" name="run" time="3.718"/>
  <system-out/>
  <testcase classname="com.jack.task.Jonesday" name="run" time="17.155"/>
  <system-out/>
  <testcase classname="com.jack.task.Jonesday" name="run" time="14.337"/>
  <system-out/>
  <testcase classname="com.jack.task.Jonesday" name="run" time="13.782"/>
  <system-out/>
  <testcase classname="com.jack.task.Jonesday" name="run" time="5.028"/>
  <system-out/>
  <testcase classname="com.jack.task.Jonesday" name="run" time="12.776"/>
  <system-out/>
  <testcase classname="com.jack.task.Jonesday" name="run" time="2.623"/>
  <system-out/>
  <testcase classname="com.jack.task.Jonesday" name="run" time="7.297"/>
  <system-out/>
  <testcase classname="com.jack.task.Jonesday" name="run" time="13.356"/>
  <system-out/>
  <testcase classname="com.jack.task.Jonesday" name="run" time="14.650"/>
  <system-out/>
  <testcase classname="com.jack.task.Jonesday" name="run" time="7.137"/>
  <system-out/>
  <testcase classname="com.jack.task.Jonesday" name="run" time="4.844"/>
  <system-out/>
  <testcase classname="com.jack.task.Jonesday" name="run" time="14.716"/>
  <system-out/>
  <testcase classname="com.jack.task.Jonesday" name="run" time="3.186"/>
  <system-out/>
  <testcase classname="com.jack.task.Jonesday" name="run" time="11.972"/>
  <system-out/>
  <testcase classname="com.jack.task.Jonesday" name="run" time="15.124"/>
  <system-out/>
  <testcase classname="com.jack.task.Jonesday" name="run" time="8.150"/>
  <system-out/>
  <testcase classname="com.jack.task.Jonesday" name="run" time="4.244"/>
  <system-out/>
  <testcase classname="com.jack.task.Jonesday" name="run" time="15.820"/>
  <system-out/>
  <testcase classname="com.jack.task.Jonesday" name="run" time="12.937"/>
  <system-out/>
  <testcase classname="com.jack.task.Jonesday" name="run" time="13.847"/>
  <system-out/>
  <testcase classname="com.jack.task.Jonesday" name="run" time="14.352"/>
  <system-out/>
  <testcase classname="com.jack.task.Jonesday" name="run" time="8.880"/>
  <system-out/>
  <testcase classname="com.jack.task.Jonesday" name="run" time="4.387"/>
  <system-out/>
  <testcase classname="com.jack.task.Jonesday" name="run" time="7.871"/>
  <system-out/>
  <testcase classname="com.jack.task.Jonesday" name="run" time="18.379"/>
  <system-out/>
  <testcase classname="com.jack.task.Jonesday" name="run" time="13.461"/>
  <system-out/>
  <testcase classname="com.jack.task.Jonesday" name="run" time="18.151"/>
  <system-out/>
  <testcase classname="com.jack.task.Jonesday" name="run" time="14.182"/>
  <system-out/>
  <testcase classname="com.jack.task.Jonesday" name="run" time="6.158"/>
  <system-out/>
  <testcase classname="com.jack.task.Jonesday" name="run" time="14.654"/>
  <system-out/>
  <testcase classname="com.jack.task.Jonesday" name="run" time="8.849"/>
  <system-out/>
  <testcase classname="com.jack.task.Jonesday" name="run" time="4.878"/>
  <system-out/>
  <testcase classname="com.jack.task.Jonesday" name="run" time="6.804"/>
  <system-out/>
  <testcase classname="com.jack.task.Jonesday" name="run" time="14.654"/>
  <system-out/>
  <testcase classname="com.jack.task.Jonesday" name="run" time="10.544"/>
  <system-out/>
  <testcase classname="com.jack.task.Jonesday" name="run" time="3.974"/>
  <system-out/>
  <testcase classname="com.jack.task.Jonesday" name="run" time="10.037"/>
  <system-out/>
  <testcase classname="com.jack.task.Jonesday" name="run" time="14.472"/>
  <system-out/>
  <testcase classname="com.jack.task.Jonesday" name="run" time="5.323"/>
  <system-out/>
  <testcase classname="com.jack.task.Jonesday" name="run" time="13.344"/>
  <system-out/>
  <testcase classname="com.jack.task.Jonesday" name="run" time="5.967"/>
  <system-out/>
  <testcase classname="com.jack.task.Jonesday" name="run" time="11.844"/>
  <system-out/>
  <testcase classname="com.jack.task.Jonesday" name="run" time="13.595"/>
  <system-out/>
  <testcase classname="com.jack.task.Jonesday" name="run" time="9.277"/>
  <system-out/>
  <testcase classname="com.jack.task.Jonesday" name="run" time="10.603"/>
  <system-out/>
  <testcase classname="com.jack.task.Jonesday" name="run" time="3.614"/>
  <system-out/>
  <testcase classname="com.jack.task.Jonesday" name="run" time="15.014"/>
  <system-out/>
  <testcase classname="com.jack.task.Jonesday" name="run" time="13.041"/>
  <system-out/>
  <testcase classname="com.jack.task.Jonesday" name="run" time="16.416"/>
  <system-out/>
  <testcase classname="com.jack.task.Jonesday" name="run" time="4.125"/>
  <system-out/>
  <testcase classname="com.jack.task.Jonesday" name="run" time="4.107"/>
  <system-out/>
  <testcase classname="com.jack.task.Jonesday" name="run" time="8.174"/>
  <system-out/>
  <testcase classname="com.jack.task.Jonesday" name="run" time="12.638"/>
  <system-out/>
  <testcase classname="com.jack.task.Jonesday" name="run" time="4.153"/>
  <system-out/>
  <testcase classname="com.jack.task.Jonesday" name="run" time="13.201"/>
  <system-out/>
  <testcase classname="com.jack.task.Jonesday" name="run" time="14.585"/>
  <system-out/>
  <testcase classname="com.jack.task.Jonesday" name="run" time="7.762"/>
  <system-out/>
  <testcase classname="com.jack.task.Jonesday" name="run" time="7.358"/>
  <system-out/>
  <testcase classname="com.jack.task.Jonesday" name="run" time="9.218"/>
  <system-out/>
  <testcase classname="com.jack.task.Jonesday" name="run" time="9.523"/>
  <system-out/>
  <testcase classname="com.jack.task.Jonesday" name="testx" time="0.006"/>
  <system-out/>
  <testcase classname="com.jack.task.Jonesday" name="run" time="2.839"/>
  <system-out/>
  <testcase classname="com.jack.task.Jonesday" name="run" time="10.627"/>
  <system-out/>
  <testcase classname="com.jack.task.Jonesday" name="run" time="5.477"/>
  <system-out/>
  <testcase classname="com.jack.task.Jonesday" name="run" time="10.692"/>
  <system-out/>
  <testcase classname="com.jack.task.Jonesday" name="run" time="14.754"/>
  <system-out/>
  <testcase classname="com.jack.task.Jonesday" name="run" time="4.772"/>
  <system-out/>
  <testcase classname="com.jack.task.Jonesday" name="run" time="6.682"/>
  <system-out/>
  <testcase classname="com.jack.task.Jonesday" name="run" time="8.670"/>
  <system-out/>
  <testcase classname="com.jack.task.Jonesday" name="run" time="7.199"/>
  <system-out/>
  <testcase classname="com.jack.task.Jonesday" name="run" time="7.813"/>
  <system-out/>
  <testcase classname="com.jack.task.Jonesday" name="run" time="14.189"/>
  <system-out/>
  <testcase classname="com.jack.task.Jonesday" name="run" time="6.357"/>
  <system-out/>
  <testcase classname="com.jack.task.Jonesday" name="run" time="9.003"/>
  <system-out/>
  <testcase classname="com.jack.task.Jonesday" name="run" time="5.653"/>
  <system-out/>
  <testcase classname="com.jack.task.Jonesday" name="run" time="6.028"/>
  <system-out/>
  <testcase classname="com.jack.task.Jonesday" name="run" time="7.371"/>
  <system-out/>
  <testcase classname="com.jack.task.Jonesday" name="run" time="17.267"/>
  <system-out/>
  <testcase classname="com.jack.task.Jonesday" name="run" time="2.512"/>
  <system-out/>
  <testcase classname="com.jack.task.Jonesday" name="run" time="11.161"/>
  <system-out/>
  <testcase classname="com.jack.task.Jonesday" name="run" time="3.734"/>
  <system-out/>
  <testcase classname="com.jack.task.Jonesday" name="run" time="14.969"/>
  <system-out/>
  <testcase classname="com.jack.task.Jonesday" name="run" time="5.296"/>
  <system-out/>
  <testcase classname="com.jack.task.Jonesday" name="run" time="3.082"/>
  <system-out/>
  <testcase classname="com.jack.task.Jonesday" name="run" time="2.885"/>
  <system-out/>
  <testcase classname="com.jack.task.Jonesday" name="run" time="16.497"/>
  <system-out/>
  <testcase classname="com.jack.task.Jonesday" name="run" time="3.371"/>
  <system-out/>
  <testcase classname="com.jack.task.Jonesday" name="run" time="2.668"/>
  <system-out/>
  <testcase classname="com.jack.task.Jonesday" name="run" time="13.814"/>
  <system-out/>
  <testcase classname="com.jack.task.Jonesday" name="run" time="4.117"/>
  <system-out/>
  <testcase classname="com.jack.task.Jonesday" name="run" time="12.767"/>
  <system-out/>
  <testcase classname="com.jack.task.Jonesday" name="run" time="11.521"/>
  <system-out/>
  <testcase classname="com.jack.task.Jonesday" name="run" time="17.166"/>
  <system-out/>
  <testcase classname="com.jack.task.Jonesday" name="run" time="10.441"/>
  <system-out/>
  <testcase classname="com.jack.task.Jonesday" name="run" time="2.635"/>
  <system-out/>
  <testcase classname="com.jack.task.Jonesday" name="run" time="5.323"/>
  <system-out/>
  <testcase classname="com.jack.task.Jonesday" name="run" time="13.543"/>
  <system-out/>
  <testcase classname="com.jack.task.Jonesday" name="run" time="22.274"/>
  <system-out/>
  <testcase classname="com.jack.task.Jonesday" name="run" time="15.228"/>
  <system-out/>
  <testcase classname="com.jack.task.Jonesday" name="run" time="6.545"/>
  <system-out/>
  <testcase classname="com.jack.task.Jonesday" name="run" time="4.920"/>
  <system-out/>
  <testcase classname="com.jack.task.Jonesday" name="run" time="15.126"/>
  <system-out/>
  <testcase classname="com.jack.task.Jonesday" name="run" time="13.566"/>
  <system-out/>
  <testcase classname="com.jack.task.Jonesday" name="run" time="14.468"/>
  <system-out/>
  <testcase classname="com.jack.task.Jonesday" name="run" time="13.572"/>
  <system-out/>
  <testcase classname="com.jack.task.Jonesday" name="run" time="6.750"/>
  <system-out/>
  <testcase classname="com.jack.task.Jonesday" name="run" time="3.420"/>
  <system-out/>
  <testcase classname="com.jack.task.Jonesday" name="run" time="8.007"/>
  <system-out/>
  <testcase classname="com.jack.task.Jonesday" name="run" time="11.573"/>
  <system-out/>
  <testcase classname="com.jack.task.Jonesday" name="run" time="2.633"/>
  <system-out/>
  <testcase classname="com.jack.task.Jonesday" name="run" time="16.873"/>
  <system-out/>
  <testcase classname="com.jack.task.Jonesday" name="run" time="11.467"/>
  <system-out/>
  <testcase classname="com.jack.task.Jonesday" name="run" time="4.342"/>
  <system-out/>
  <testcase classname="com.jack.task.Jonesday" name="run" time="12.333"/>
  <system-out/>
  <testcase classname="com.jack.task.Jonesday" name="run" time="8.777"/>
  <system-out/>
  <testcase classname="com.jack.task.Jonesday" name="run" time="5.129"/>
  <system-out/>
  <testcase classname="com.jack.task.Jonesday" name="run" time="12.976"/>
  <system-out/>
  <testcase classname="com.jack.task.Jonesday" name="run" time="13.811"/>
  <system-out/>
  <testcase classname="com.jack.task.Jonesday" name="run" time="12.818"/>
  <system-out/>
  <testcase classname="com.jack.task.Jonesday" name="run" time="4.077"/>
  <system-out/>
  <testcase classname="com.jack.task.Jonesday" name="run" time="5.023"/>
  <system-out/>
  <testcase classname="com.jack.task.Jonesday" name="run" time="13.821"/>
  <system-out/>
  <testcase classname="com.jack.task.Jonesday" name="run" time="3.955"/>
  <system-out/>
  <testcase classname="com.jack.task.Jonesday" name="run" time="15.130"/>
  <system-out/>
  <testcase classname="com.jack.task.Jonesday" name="run" time="1.982"/>
  <system-out/>
  <testcase classname="com.jack.task.Jonesday" name="run" time="26.935"/>
  <system-out/>
  <testcase classname="com.jack.task.Jonesday" name="run" time="2.895"/>
  <system-out/>
  <testcase classname="com.jack.task.Jonesday" name="run" time="4.598"/>
  <system-out/>
  <testcase classname="com.jack.task.Jonesday" name="run" time="5.856"/>
  <system-out/>
  <testcase classname="com.jack.task.Jonesday" name="run" time="2.869"/>
  <system-out/>
  <testcase classname="com.jack.task.Jonesday" name="run" time="12.488"/>
  <system-out/>
  <testcase classname="com.jack.task.Jonesday" name="run" time="8.957"/>
  <system-out/>
  <testcase classname="com.jack.task.Jonesday" name="run" time="4.836"/>
  <system-out/>
  <testcase classname="com.jack.task.Jonesday" name="run" time="4.600"/>
  <system-out/>
  <testcase classname="com.jack.task.Jonesday" name="run" time="18.904"/>
  <system-out/>
  <testcase classname="com.jack.task.Jonesday" name="run" time="5.513"/>
  <system-out/>
  <testcase classname="com.jack.task.Jonesday" name="run" time="9.728"/>
  <system-out/>
  <testcase classname="com.jack.task.Jonesday" name="run" time="5.370"/>
  <system-out/>
  <testcase classname="com.jack.task.Jonesday" name="run" time="4.843"/>
  <system-out/>
  <testcase classname="com.jack.task.Jonesday" name="run" time="4.185"/>
  <system-out/>
  <testcase classname="com.jack.task.Jonesday" name="run" time="16.730"/>
  <system-out/>
  <testcase classname="com.jack.task.Jonesday" name="run" time="12.704"/>
  <system-out/>
  <testcase classname="com.jack.task.Jonesday" name="run" time="9.030"/>
  <system-out/>
  <testcase classname="com.jack.task.Jonesday" name="run" time="12.591"/>
  <system-out/>
  <testcase classname="com.jack.task.Jonesday" name="run" time="8.983"/>
  <system-out/>
  <testcase classname="com.jack.task.Jonesday" name="run" time="5.016"/>
  <system-out/>
  <testcase classname="com.jack.task.Jonesday" name="run" time="6.368"/>
  <system-out/>
  <testcase classname="com.jack.task.Jonesday" name="run" time="9.473"/>
  <system-out/>
  <testcase classname="com.jack.task.Jonesday" name="run" time="13.583"/>
  <system-out/>
  <testcase classname="com.jack.task.Jonesday" name="run" time="11.925"/>
  <system-out/>
  <testcase classname="com.jack.task.Jonesday" name="run" time="15.601"/>
  <system-out/>
  <testcase classname="com.jack.task.Jonesday" name="run" time="7.513"/>
  <system-out/>
  <testcase classname="com.jack.task.Jonesday" name="run" time="5.766"/>
  <system-out/>
  <testcase classname="com.jack.task.Jonesday" name="run" time="9.145"/>
  <system-out/>
  <testcase classname="com.jack.task.Jonesday" name="run" time="8.956"/>
  <system-out/>
  <testcase classname="com.jack.task.Jonesday" name="run" time="12.602"/>
  <system-out/>
  <testcase classname="com.jack.task.Jonesday" name="run" time="13.732"/>
  <system-out/>
  <testcase classname="com.jack.task.Jonesday" name="run" time="17.451"/>
  <system-out/>
  <testcase classname="com.jack.task.Jonesday" name="run" time="14.561"/>
  <system-out/>
  <testcase classname="com.jack.task.Jonesday" name="run" time="14.677"/>
  <system-out/>
  <testcase classname="com.jack.task.Jonesday" name="run" time="14.279"/>
  <system-out/>
  <testcase classname="com.jack.task.Jonesday" name="run" time="14.310"/>
  <system-out/>
  <testcase classname="com.jack.task.Jonesday" name="run" time="3.700"/>
  <system-out/>
  <testcase classname="com.jack.task.Jonesday" name="run" time="8.855"/>
  <system-out/>
  <testcase classname="com.jack.task.Jonesday" name="run" time="3.348"/>
  <system-out/>
  <testcase classname="com.jack.task.Jonesday" name="run" time="9.768"/>
  <system-out/>
  <testcase classname="com.jack.task.Jonesday" name="run" time="6.677"/>
  <system-out/>
  <testcase classname="com.jack.task.Jonesday" name="run" time="9.171"/>
  <system-out/>
  <testcase classname="com.jack.task.Jonesday" name="run" time="8.717"/>
  <system-out/>
  <testcase classname="com.jack.task.Jonesday" name="run" time="3.652"/>
  <system-out/>
  <testcase classname="com.jack.task.Jonesday" name="run" time="2.388"/>
  <system-out/>
  <testcase classname="com.jack.task.Jonesday" name="run" time="3.742"/>
  <system-out/>
  <testcase classname="com.jack.task.Jonesday" name="run" time="20.240"/>
  <system-out/>
  <testcase classname="com.jack.task.Jonesday" name="run" time="21.729"/>
  <system-out/>
  <testcase classname="com.jack.task.Jonesday" name="run" time="8.656"/>
  <system-out/>
  <testcase classname="com.jack.task.Jonesday" name="run" time="14.442"/>
  <system-out/>
  <testcase classname="com.jack.task.Jonesday" name="run" time="16.163"/>
  <system-out/>
  <testcase classname="com.jack.task.Jonesday" name="run" time="18.419"/>
  <system-out/>
  <testcase classname="com.jack.task.Jonesday" name="run" time="4.037"/>
  <system-out/>
  <testcase classname="com.jack.task.Jonesday" name="run" time="3.848"/>
  <system-out/>
  <testcase classname="com.jack.task.Jonesday" name="run" time="10.029"/>
  <system-out/>
  <testcase classname="com.jack.task.Jonesday" name="run" time="15.298"/>
  <system-out/>
  <testcase classname="com.jack.task.Jonesday" name="run" time="12.424"/>
  <system-out/>
  <testcase classname="com.jack.task.Jonesday" name="run" time="15.608"/>
  <system-out/>
  <testcase classname="com.jack.task.Jonesday" name="run" time="4.288"/>
  <system-out/>
  <testcase classname="com.jack.task.Jonesday" name="run" time="11.654"/>
  <system-out/>
  <testcase classname="com.jack.task.Jonesday" name="run" time="12.914"/>
  <system-out/>
  <testcase classname="com.jack.task.Jonesday" name="run" time="20.165"/>
  <system-out/>
  <testcase classname="com.jack.task.Jonesday" name="run" time="7.702"/>
  <system-out/>
  <testcase classname="com.jack.task.Jonesday" name="run" time="5.892"/>
  <system-out/>
  <testcase classname="com.jack.task.Jonesday" name="run" time="6.971"/>
  <system-out/>
  <testcase classname="com.jack.task.Jonesday" name="run" time="4.739"/>
  <system-out/>
  <testcase classname="com.jack.task.Jonesday" name="run" time="9.180"/>
  <system-out/>
  <testcase classname="com.jack.task.Jonesday" name="run" time="14.713"/>
  <system-out/>
  <testcase classname="com.jack.task.Jonesday" name="run" time="3.883"/>
  <system-out/>
  <testcase classname="com.jack.task.Jonesday" name="run" time="4.024"/>
  <system-out/>
  <testcase classname="com.jack.task.Jonesday" name="run" time="11.291"/>
  <system-out/>
  <testcase classname="com.jack.task.Jonesday" name="run" time="15.367"/>
  <system-out/>
  <testcase classname="com.jack.task.Jonesday" name="run" time="4.719"/>
  <system-out/>
  <testcase classname="com.jack.task.Jonesday" name="run" time="8.778"/>
  <system-out/>
  <testcase classname="com.jack.task.Jonesday" name="run" time="13.591"/>
  <system-out/>
  <testcase classname="com.jack.task.Jonesday" name="run" time="3.504"/>
  <system-out/>
  <testcase classname="com.jack.task.Jonesday" name="run" time="2.906"/>
  <system-out/>
  <testcase classname="com.jack.task.Jonesday" name="run" time="8.224"/>
  <system-out/>
  <testcase classname="com.jack.task.Jonesday" name="run" time="7.076"/>
  <system-out/>
  <testcase classname="com.jack.task.Jonesday" name="run" time="6.407"/>
  <system-out/>
  <testcase classname="com.jack.task.Jonesday" name="run" time="13.444"/>
  <system-out/>
  <testcase classname="com.jack.task.Jonesday" name="run" time="15.814"/>
  <system-out/>
  <testcase classname="com.jack.task.Jonesday" name="run" time="11.741"/>
  <system-out/>
  <testcase classname="com.jack.task.Jonesday" name="run" time="5.556"/>
  <system-out/>
  <testcase classname="com.jack.task.Jonesday" name="run" time="7.147"/>
  <system-out/>
  <testcase classname="com.jack.task.Jonesday" name="run" time="4.993"/>
  <system-out/>
  <testcase classname="com.jack.task.Jonesday" name="run" time="8.819"/>
  <system-out/>
  <testcase classname="com.jack.task.Jonesday" name="run" time="3.683"/>
  <system-out/>
  <testcase classname="com.jack.task.Jonesday" name="run" time="13.295"/>
  <system-out/>
  <testcase classname="com.jack.task.Jonesday" name="run" time="31.854"/>
  <system-out/>
  <testcase classname="com.jack.task.Jonesday" name="run" time="20.950"/>
  <system-out/>
  <testcase classname="com.jack.task.Jonesday" name="run" time="4.629"/>
  <system-out/>
  <testcase classname="com.jack.task.Jonesday" name="run" time="19.487"/>
  <system-out/>
  <testcase classname="com.jack.task.Jonesday" name="run" time="3.025"/>
  <system-out/>
  <testcase classname="com.jack.task.Jonesday" name="run" time="9.687"/>
  <system-out/>
  <testcase classname="com.jack.task.Jonesday" name="run" time="11.611"/>
  <system-out/>
  <testcase classname="com.jack.task.Jonesday" name="run" time="13.770"/>
  <system-out/>
  <testcase classname="com.jack.task.Jonesday" name="run" time="3.673"/>
  <system-out/>
  <testcase classname="com.jack.task.Jonesday" name="run" time="15.005"/>
  <system-out/>
  <testcase classname="com.jack.task.Jonesday" name="run" time="8.374"/>
  <system-out/>
  <testcase classname="com.jack.task.Jonesday" name="run" time="5.563"/>
  <system-out/>
  <testcase classname="com.jack.task.Jonesday" name="run" time="5.327"/>
  <system-out/>
  <testcase classname="com.jack.task.Jonesday" name="run" time="11.274"/>
  <system-out/>
  <testcase classname="com.jack.task.Jonesday" name="run" time="5.862"/>
  <system-out/>
  <testcase classname="com.jack.task.Jonesday" name="run" time="16.197"/>
  <system-out/>
  <testcase classname="com.jack.task.Jonesday" name="run" time="7.376"/>
  <system-out/>
  <testcase classname="com.jack.task.Jonesday" name="run" time="12.964"/>
  <system-out/>
  <testcase classname="com.jack.task.Jonesday" name="run" time="15.779"/>
  <system-out/>
  <testcase classname="com.jack.task.Jonesday" name="run" time="13.514"/>
  <system-out/>
  <testcase classname="com.jack.task.Jonesday" name="run" time="6.711"/>
  <system-out/>
  <testcase classname="com.jack.task.Jonesday" name="run" time="11.800"/>
  <system-out/>
  <testcase classname="com.jack.task.Jonesday" name="run" time="15.977"/>
  <system-out/>
  <testcase classname="com.jack.task.Jonesday" name="run" time="4.257"/>
  <system-out/>
  <testcase classname="com.jack.task.Jonesday" name="run" time="11.012"/>
  <system-out/>
  <testcase classname="com.jack.task.Jonesday" name="run" time="15.020"/>
  <system-out/>
  <testcase classname="com.jack.task.Jonesday" name="run" time="15.511"/>
  <system-out/>
  <testcase classname="com.jack.task.Jonesday" name="run" time="15.918"/>
  <system-out/>
  <testcase classname="com.jack.task.Jonesday" name="run" time="6.072"/>
  <system-out/>
  <testcase classname="com.jack.task.Jonesday" name="run" time="6.142"/>
  <system-out/>
  <testcase classname="com.jack.task.Jonesday" name="run" time="7.197"/>
  <system-out/>
  <testcase classname="com.jack.task.Jonesday" name="run" time="8.034"/>
  <system-out/>
  <testcase classname="com.jack.task.Jonesday" name="run" time="11.814"/>
  <system-out/>
  <testcase classname="com.jack.task.Jonesday" name="run" time="4.086"/>
  <system-out/>
  <testcase classname="com.jack.task.Jonesday" name="run" time="14.275"/>
  <system-out/>
  <testcase classname="com.jack.task.Jonesday" name="run" time="5.841"/>
  <system-out/>
  <testcase classname="com.jack.task.Jonesday" name="run" time="8.922"/>
  <system-out/>
  <testcase classname="com.jack.task.Jonesday" name="run" time="7.873"/>
  <system-out/>
  <testcase classname="com.jack.task.Jonesday" name="run" time="14.691"/>
  <system-out/>
  <testcase classname="com.jack.task.Jonesday" name="run" time="9.108"/>
  <system-out/>
  <testcase classname="com.jack.task.Jonesday" name="run" time="4.430"/>
  <system-out/>
  <testcase classname="com.jack.task.Jonesday" name="run" time="12.605"/>
  <system-out/>
  <testcase classname="com.jack.task.Jonesday" name="run" time="3.654"/>
  <system-out/>
  <testcase classname="com.jack.task.Jonesday" name="run" time="8.077"/>
  <system-out/>
  <testcase classname="com.jack.task.Jonesday" name="run" time="9.682"/>
  <system-out/>
  <testcase classname="com.jack.task.Jonesday" name="run" time="7.058"/>
  <system-out/>
  <testcase classname="com.jack.task.Jonesday" name="run" time="17.209"/>
  <system-out/>
  <testcase classname="com.jack.task.Jonesday" name="run" time="14.047"/>
  <system-out/>
  <testcase classname="com.jack.task.Jonesday" name="run" time="13.931"/>
  <system-out/>
  <testcase classname="com.jack.task.Jonesday" name="run" time="9.514"/>
  <system-out/>
  <testcase classname="com.jack.task.Jonesday" name="run" time="16.781"/>
  <system-out/>
  <testcase classname="com.jack.task.Jonesday" name="run" time="14.899"/>
  <system-out/>
  <testcase classname="com.jack.task.Jonesday" name="run" time="4.908"/>
  <system-out/>
  <testcase classname="com.jack.task.Jonesday" name="run" time="13.362"/>
  <system-out/>
  <testcase classname="com.jack.task.Jonesday" name="run" time="16.303"/>
  <system-out/>
  <testcase classname="com.jack.task.Jonesday" name="run" time="13.634"/>
  <system-out/>
  <testcase classname="com.jack.task.Jonesday" name="run" time="16.028"/>
  <system-out/>
  <testcase classname="com.jack.task.Jonesday" name="run" time="5.802"/>
  <system-out/>
  <testcase classname="com.jack.task.Jonesday" name="run" time="17.014"/>
  <system-out/>
  <testcase classname="com.jack.task.Jonesday" name="run" time="17.165"/>
  <system-out/>
  <testcase classname="com.jack.task.Jonesday" name="run" time="14.089"/>
  <system-out/>
  <testcase classname="com.jack.task.Jonesday" name="run" time="5.318"/>
  <system-out/>
  <testcase classname="com.jack.task.Jonesday" name="run" time="2.553"/>
  <system-out/>
  <testcase classname="com.jack.task.Jonesday" name="run" time="4.784"/>
  <system-out/>
  <testcase classname="com.jack.task.Jonesday" name="run" time="11.681"/>
  <system-out/>
  <testcase classname="com.jack.task.Jonesday" name="run" time="4.379"/>
  <system-out/>
  <testcase classname="com.jack.task.Jonesday" name="run" time="5.918"/>
  <system-out/>
  <testcase classname="com.jack.task.Jonesday" name="run" time="11.828"/>
  <system-out/>
  <testcase classname="com.jack.task.Jonesday" name="run" time="14.240"/>
  <system-out/>
  <testcase classname="com.jack.task.Jonesday" name="run" time="2.953"/>
  <system-out/>
  <testcase classname="com.jack.task.Jonesday" name="run" time="13.013"/>
  <system-out/>
  <testcase classname="com.jack.task.Jonesday" name="run" time="6.077"/>
  <system-out/>
  <testcase classname="com.jack.task.Jonesday" name="run" time="3.716"/>
  <system-out/>
  <testcase classname="com.jack.task.Jonesday" name="run" time="12.426"/>
  <system-out/>
  <testcase classname="com.jack.task.Jonesday" name="run" time="13.820"/>
  <system-out/>
  <testcase classname="com.jack.task.Jonesday" name="run" time="10.606"/>
  <system-out/>
  <testcase classname="com.jack.task.Jonesday" name="run" time="5.396"/>
  <system-out/>
  <testcase classname="com.jack.task.Jonesday" name="run" time="4.713"/>
  <system-out/>
  <testcase classname="com.jack.task.Jonesday" name="run" time="4.174"/>
  <system-out/>
  <testcase classname="com.jack.task.Jonesday" name="run" time="15.473"/>
  <system-out/>
  <testcase classname="com.jack.task.Jonesday" name="run" time="11.050"/>
  <system-out/>
  <testcase classname="com.jack.task.Jonesday" name="run" time="8.948"/>
  <system-out/>
  <testcase classname="com.jack.task.Jonesday" name="run" time="8.310"/>
  <system-out/>
  <testcase classname="com.jack.task.Jonesday" name="run" time="6.471"/>
  <system-out/>
  <testcase classname="com.jack.task.Jonesday" name="run" time="8.080"/>
  <system-out/>
  <testcase classname="com.jack.task.Jonesday" name="run" time="12.153"/>
  <system-out/>
  <testcase classname="com.jack.task.Jonesday" name="run" time="13.069"/>
  <system-out/>
  <testcase classname="com.jack.task.Jonesday" name="run" time="7.954"/>
  <system-out/>
  <testcase classname="com.jack.task.Jonesday" name="run" time="4.818"/>
  <system-out/>
  <testcase classname="com.jack.task.Jonesday" name="run" time="2.597"/>
  <system-out/>
  <testcase classname="com.jack.task.Jonesday" name="run" time="6.849"/>
  <system-out/>
  <testcase classname="com.jack.task.Jonesday" name="run" time="2.606"/>
  <system-out/>
  <testcase classname="com.jack.task.Jonesday" name="run" time="4.716"/>
  <system-out/>
  <testcase classname="com.jack.task.Jonesday" name="run" time="5.466"/>
  <system-out/>
  <testcase classname="com.jack.task.Jonesday" name="run" time="7.999"/>
  <system-out/>
  <testcase classname="com.jack.task.Jonesday" name="run" time="8.347"/>
  <system-out/>
  <testcase classname="com.jack.task.Jonesday" name="run" time="14.380"/>
  <system-out/>
  <testcase classname="com.jack.task.Jonesday" name="run" time="14.909"/>
  <system-out/>
  <testcase classname="com.jack.task.Jonesday" name="run" time="10.670"/>
  <system-out/>
  <testcase classname="com.jack.task.Jonesday" name="run" time="7.040"/>
  <system-out/>
  <testcase classname="com.jack.task.Jonesday" name="run" time="18.400"/>
  <system-out/>
  <testcase classname="com.jack.task.Jonesday" name="run" time="5.490"/>
  <system-out/>
  <testcase classname="com.jack.task.Jonesday" name="run" time="4.386"/>
  <system-out/>
  <testcase classname="com.jack.task.Jonesday" name="run" time="8.563"/>
  <system-out/>
  <testcase classname="com.jack.task.Jonesday" name="run" time="4.747"/>
  <system-out/>
  <testcase classname="com.jack.task.Jonesday" name="run" time="14.282"/>
  <system-out/>
  <testcase classname="com.jack.task.Jonesday" name="run" time="2.613"/>
  <system-out/>
  <testcase classname="com.jack.task.Jonesday" name="run" time="15.105"/>
  <system-out/>
  <testcase classname="com.jack.task.Jonesday" name="run" time="10.331"/>
  <system-out/>
  <testcase classname="com.jack.task.Jonesday" name="run" time="3.385"/>
  <system-out/>
  <testcase classname="com.jack.task.Jonesday" name="run" time="14.038"/>
  <system-out/>
  <testcase classname="com.jack.task.Jonesday" name="run" time="12.611"/>
  <system-out/>
  <testcase classname="com.jack.task.Jonesday" name="run" time="8.398"/>
  <system-out/>
  <testcase classname="com.jack.task.Jonesday" name="run" time="6.437"/>
  <system-out/>
  <testcase classname="com.jack.task.Jonesday" name="run" time="19.134"/>
  <system-out/>
  <testcase classname="com.jack.task.Jonesday" name="run" time="7.205"/>
  <system-out/>
  <testcase classname="com.jack.task.Jonesday" name="run" time="11.984"/>
  <system-out/>
  <testcase classname="com.jack.task.Jonesday" name="run" time="9.263"/>
  <system-out/>
  <testcase classname="com.jack.task.Jonesday" name="run" time="6.228"/>
  <system-out/>
  <testcase classname="com.jack.task.Jonesday" name="run" time="3.814"/>
  <system-out/>
  <testcase classname="com.jack.task.Jonesday" name="run" time="7.050"/>
  <system-out/>
  <testcase classname="com.jack.task.Jonesday" name="run" time="5.104"/>
  <system-out/>
  <testcase classname="com.jack.task.Jonesday" name="run" time="3.928"/>
  <system-out/>
  <testcase classname="com.jack.task.Jonesday" name="run" time="15.382"/>
  <system-out/>
  <testcase classname="com.jack.task.Jonesday" name="run" time="15.480"/>
  <system-out/>
  <testcase classname="com.jack.task.Jonesday" name="run" time="4.816"/>
  <system-out/>
  <testcase classname="com.jack.task.Jonesday" name="run" time="14.215"/>
  <system-out/>
  <testcase classname="com.jack.task.Jonesday" name="run" time="7.510"/>
  <system-out/>
  <testcase classname="com.jack.task.Jonesday" name="run" time="5.574"/>
  <system-out/>
  <testcase classname="com.jack.task.Jonesday" name="run" time="9.875"/>
  <system-out/>
  <testcase classname="com.jack.task.Jonesday" name="run" time="12.394"/>
  <system-out/>
  <testcase classname="com.jack.task.Jonesday" name="run" time="9.251"/>
  <system-out/>
  <testcase classname="com.jack.task.Jonesday" name="run" time="4.722"/>
  <system-out/>
  <testcase classname="com.jack.task.Jonesday" name="run" time="11.889"/>
  <system-out/>
  <testcase classname="com.jack.task.Jonesday" name="run" time="5.490"/>
  <system-out/>
  <testcase classname="com.jack.task.Jonesday" name="run" time="4.995"/>
  <system-out/>
  <testcase classname="com.jack.task.Jonesday" name="run" time="9.861"/>
  <system-out/>
  <testcase classname="com.jack.task.Jonesday" name="run" time="14.228"/>
  <system-out/>
  <testcase classname="com.jack.task.Jonesday" name="run" time="2.589"/>
  <system-out/>
  <testcase classname="com.jack.task.Jonesday" name="run" time="8.717"/>
  <system-out/>
  <testcase classname="com.jack.task.Jonesday" name="run" time="15.418"/>
  <system-out/>
  <testcase classname="com.jack.task.Jonesday" name="run" time="7.752"/>
  <system-out/>
  <testcase classname="com.jack.task.Jonesday" name="run" time="21.331"/>
  <system-out/>
  <testcase classname="com.jack.task.Jonesday" name="run" time="2.741"/>
  <system-out/>
  <testcase classname="com.jack.task.Jonesday" name="run" time="13.231"/>
  <system-out/>
  <testcase classname="com.jack.task.Jonesday" name="run" time="15.284"/>
  <system-out/>
  <testcase classname="com.jack.task.Jonesday" name="run" time="4.115"/>
  <system-out/>
  <testcase classname="com.jack.task.Jonesday" name="run" time="16.492"/>
  <system-out/>
  <testcase classname="com.jack.task.Jonesday" name="run" time="4.064"/>
  <system-out/>
  <testcase classname="com.jack.task.Jonesday" name="run" time="14.514"/>
  <system-out/>
  <testcase classname="com.jack.task.Jonesday" name="run" time="13.160"/>
  <system-out/>
  <testcase classname="com.jack.task.Jonesday" name="run" time="14.434"/>
  <system-out/>
  <testcase classname="com.jack.task.Jonesday" name="run" time="6.721"/>
  <system-out/>
  <testcase classname="com.jack.task.Jonesday" name="run" time="5.246"/>
  <system-out/>
  <testcase classname="com.jack.task.Jonesday" name="run" time="14.301"/>
  <system-out/>
  <testcase classname="com.jack.task.Jonesday" name="run" time="4.708"/>
  <system-out/>
  <testcase classname="com.jack.task.Jonesday" name="run" time="7.113"/>
  <system-out/>
  <testcase classname="com.jack.task.Jonesday" name="run" time="13.562"/>
  <system-out/>
  <testcase classname="com.jack.task.Jonesday" name="run" time="6.030"/>
  <system-out/>
  <testcase classname="com.jack.task.Jonesday" name="run" time="16.755"/>
  <system-out/>
  <testcase classname="com.jack.task.Jonesday" name="run" time="5.109"/>
  <system-out/>
  <testcase classname="com.jack.task.Jonesday" name="run" time="13.383"/>
  <system-out/>
  <testcase classname="com.jack.task.Jonesday" name="run" time="11.888"/>
  <system-out/>
  <testcase classname="com.jack.task.Jonesday" name="run" time="14.336"/>
  <system-out/>
  <testcase classname="com.jack.task.Jonesday" name="run" time="4.584"/>
  <system-out/>
  <testcase classname="com.jack.task.Jonesday" name="run" time="6.311"/>
  <system-out/>
  <testcase classname="com.jack.task.Jonesday" name="run" time="13.599"/>
  <system-out/>
  <testcase classname="com.jack.task.Jonesday" name="run" time="11.208"/>
  <system-out/>
  <testcase classname="com.jack.task.Jonesday" name="run" time="6.338"/>
  <system-out/>
  <testcase classname="com.jack.task.Jonesday" name="run" time="9.819"/>
  <system-out/>
  <testcase classname="com.jack.task.Jonesday" name="run" time="10.525"/>
  <system-out/>
  <testcase classname="com.jack.task.Jonesday" name="run" time="8.213"/>
  <system-out/>
  <testcase classname="com.jack.task.Jonesday" name="run" time="4.149"/>
  <system-out/>
  <testcase classname="com.jack.task.Jonesday" name="run" time="6.313"/>
  <system-out/>
  <testcase classname="com.jack.task.Jonesday" name="run" time="8.840"/>
  <system-out/>
  <testcase classname="com.jack.task.Jonesday" name="run" time="15.087"/>
  <system-out/>
  <testcase classname="com.jack.task.Jonesday" name="run" time="6.955"/>
  <system-out/>
  <testcase classname="com.jack.task.Jonesday" name="run" time="10.345"/>
  <system-out/>
  <testcase classname="com.jack.task.Jonesday" name="run" time="3.783"/>
  <system-out/>
  <testcase classname="com.jack.task.Jonesday" name="run" time="3.227"/>
  <system-out/>
  <testcase classname="com.jack.task.Jonesday" name="run" time="15.777"/>
  <system-out/>
  <testcase classname="com.jack.task.Jonesday" name="run" time="11.212"/>
  <system-out/>
  <testcase classname="com.jack.task.Jonesday" name="run" time="13.958"/>
  <system-out/>
  <testcase classname="com.jack.task.Jonesday" name="run" time="15.437"/>
  <system-out/>
  <testcase classname="com.jack.task.Jonesday" name="run" time="13.479"/>
  <system-out/>
  <testcase classname="com.jack.task.Jonesday" name="run" time="10.035"/>
  <system-out/>
  <testcase classname="com.jack.task.Jonesday" name="run" time="6.003"/>
  <system-out/>
  <testcase classname="com.jack.task.Jonesday" name="run" time="6.765"/>
  <system-out/>
  <testcase classname="com.jack.task.Jonesday" name="run" time="3.871"/>
  <system-out/>
  <testcase classname="com.jack.task.Jonesday" name="run" time="8.046"/>
  <system-out/>
  <testcase classname="com.jack.task.Jonesday" name="run" time="8.370"/>
  <system-out/>
  <testcase classname="com.jack.task.Jonesday" name="run" time="4.655"/>
  <system-out/>
  <testcase classname="com.jack.task.Jonesday" name="run" time="16.868"/>
  <system-out/>
  <testcase classname="com.jack.task.Jonesday" name="run" time="6.842"/>
  <system-out/>
  <testcase classname="com.jack.task.Jonesday" name="run" time="15.479"/>
  <system-out/>
  <testcase classname="com.jack.task.Jonesday" name="run" time="3.717"/>
  <system-out/>
  <testcase classname="com.jack.task.Jonesday" name="run" time="9.986"/>
  <system-out/>
  <testcase classname="com.jack.task.Jonesday" name="run" time="11.814"/>
  <system-out/>
  <testcase classname="com.jack.task.Jonesday" name="run" time="15.924"/>
  <system-out/>
  <testcase classname="com.jack.task.Jonesday" name="run" time="7.359"/>
  <system-out/>
  <testcase classname="com.jack.task.Jonesday" name="run" time="5.038"/>
  <system-out/>
  <testcase classname="com.jack.task.Jonesday" name="run" time="8.376"/>
  <system-out/>
  <testcase classname="com.jack.task.Jonesday" name="run" time="13.831"/>
  <system-out/>
  <testcase classname="com.jack.task.Jonesday" name="run" time="6.211"/>
  <system-out/>
  <testcase classname="com.jack.task.Jonesday" name="run" time="14.569"/>
  <system-out/>
  <testcase classname="com.jack.task.Jonesday" name="run" time="5.997"/>
  <system-out/>
  <testcase classname="com.jack.task.Jonesday" name="run" time="15.083"/>
  <system-out/>
  <testcase classname="com.jack.task.Jonesday" name="run" time="6.684"/>
  <system-out/>
  <testcase classname="com.jack.task.Jonesday" name="run" time="17.275"/>
  <system-out/>
  <testcase classname="com.jack.task.Jonesday" name="run" time="5.193"/>
  <system-out/>
  <testcase classname="com.jack.task.Jonesday" name="run" time="16.383"/>
  <system-out/>
  <testcase classname="com.jack.task.Jonesday" name="run" time="10.521"/>
  <system-out/>
  <testcase classname="com.jack.task.Jonesday" name="run" time="14.856"/>
  <system-out/>
  <testcase classname="com.jack.task.Jonesday" name="run" time="7.817"/>
  <system-out/>
  <testcase classname="com.jack.task.Jonesday" name="run" time="11.094"/>
  <system-out/>
  <testcase classname="com.jack.task.Jonesday" name="run" time="4.662"/>
  <system-out/>
  <testcase classname="com.jack.task.Jonesday" name="run" time="13.959"/>
  <system-out/>
  <testcase classname="com.jack.task.Jonesday" name="run" time="15.183"/>
  <system-out/>
  <testcase classname="com.jack.task.Jonesday" name="run" time="6.121"/>
  <system-out/>
  <testcase classname="com.jack.task.Jonesday" name="run" time="15.628"/>
  <system-out/>
  <testcase classname="com.jack.task.Jonesday" name="run" time="14.983"/>
  <system-out/>
  <testcase classname="com.jack.task.Jonesday" name="run" time="15.866"/>
  <system-out/>
  <testcase classname="com.jack.task.Jonesday" name="run" time="13.632"/>
  <system-out/>
  <testcase classname="com.jack.task.Jonesday" name="run" time="6.081"/>
  <system-out/>
  <testcase classname="com.jack.task.Jonesday" name="run" time="2.924"/>
  <system-out/>
  <testcase classname="com.jack.task.Jonesday" name="run" time="5.874"/>
  <system-out/>
  <testcase classname="com.jack.task.Jonesday" name="run" time="14.474"/>
  <system-out/>
  <testcase classname="com.jack.task.Jonesday" name="run" time="2.585"/>
  <system-out/>
  <testcase classname="com.jack.task.Jonesday" name="run" time="5.169"/>
  <system-out/>
  <testcase classname="com.jack.task.Jonesday" name="run" time="6.077"/>
  <system-out/>
  <testcase classname="com.jack.task.Jonesday" name="run" time="13.025"/>
  <system-out/>
  <testcase classname="com.jack.task.Jonesday" name="run" time="3.665"/>
  <system-out/>
  <testcase classname="com.jack.task.Jonesday" name="run" time="14.944"/>
  <system-out/>
  <testcase classname="com.jack.task.Jonesday" name="run" time="14.716"/>
  <system-out/>
  <testcase classname="com.jack.task.Jonesday" name="run" time="15.309"/>
  <system-out/>
  <testcase classname="com.jack.task.Jonesday" name="run" time="10.917"/>
  <system-out/>
  <testcase classname="com.jack.task.Jonesday" name="run" time="3.136"/>
  <system-out/>
  <testcase classname="com.jack.task.Jonesday" name="run" time="14.366"/>
  <system-out/>
  <testcase classname="com.jack.task.Jonesday" name="run" time="6.366"/>
  <system-out/>
  <testcase classname="com.jack.task.Jonesday" name="run" time="4.472"/>
  <system-out/>
  <testcase classname="com.jack.task.Jonesday" name="run" time="6.415"/>
  <system-out/>
  <testcase classname="com.jack.task.Jonesday" name="run" time="9.630"/>
  <system-out/>
  <testcase classname="com.jack.task.Jonesday" name="run" time="13.084"/>
  <system-out/>
  <testcase classname="com.jack.task.Jonesday" name="run" time="14.163"/>
  <system-out/>
  <testcase classname="com.jack.task.Jonesday" name="run" time="15.412"/>
  <system-out/>
  <testcase classname="com.jack.task.Jonesday" name="run" time="9.185"/>
  <system-out/>
  <testcase classname="com.jack.task.Jonesday" name="run" time="18.297"/>
  <system-out/>
  <testcase classname="com.jack.task.Jonesday" name="run" time="4.416"/>
  <system-out/>
  <testcase classname="com.jack.task.Jonesday" name="run" time="15.831"/>
  <system-out/>
  <testcase classname="com.jack.task.Jonesday" name="run" time="6.004"/>
  <system-out/>
  <testcase classname="com.jack.task.Jonesday" name="run" time="13.607"/>
  <system-out/>
  <testcase classname="com.jack.task.Jonesday" name="run" time="6.588"/>
  <system-out/>
  <testcase classname="com.jack.task.Jonesday" name="run" time="6.035"/>
  <system-out/>
  <testcase classname="com.jack.task.Jonesday" name="run" time="9.154"/>
  <system-out/>
  <testcase classname="com.jack.task.Jonesday" name="run" time="8.430"/>
  <system-out/>
  <testcase classname="com.jack.task.Jonesday" name="run" time="2.862"/>
  <system-out/>
  <testcase classname="com.jack.task.Jonesday" name="run" time="5.011"/>
  <system-out/>
  <testcase classname="com.jack.task.Jonesday" name="run" time="12.453"/>
  <system-out/>
  <testcase classname="com.jack.task.Jonesday" name="run" time="4.962"/>
  <system-out/>
  <testcase classname="com.jack.task.Jonesday" name="run" time="14.696"/>
  <system-out/>
  <testcase classname="com.jack.task.Jonesday" name="run" time="16.637"/>
  <system-out/>
  <testcase classname="com.jack.task.Jonesday" name="run" time="15.438"/>
  <system-out/>
  <testcase classname="com.jack.task.Jonesday" name="run" time="14.313"/>
  <system-out/>
  <testcase classname="com.jack.task.Jonesday" name="run" time="16.539"/>
  <system-out/>
  <testcase classname="com.jack.task.Jonesday" name="run" time="8.532"/>
  <system-out/>
  <testcase classname="com.jack.task.Jonesday" name="run" time="10.675"/>
  <system-out/>
  <testcase classname="com.jack.task.Jonesday" name="run" time="17.006"/>
  <system-out/>
  <testcase classname="com.jack.task.Jonesday" name="run" time="9.728"/>
  <system-out/>
  <testcase classname="com.jack.task.Jonesday" name="run" time="3.216"/>
  <system-out/>
  <testcase classname="com.jack.task.Jonesday" name="run" time="8.761"/>
  <system-out/>
  <testcase classname="com.jack.task.Jonesday" name="run" time="5.016"/>
  <system-out/>
  <testcase classname="com.jack.task.Jonesday" name="run" time="6.718"/>
  <system-out/>
  <testcase classname="com.jack.task.Jonesday" name="run" time="7.644"/>
  <system-out/>
  <testcase classname="com.jack.task.Jonesday" name="run" time="15.391"/>
  <system-out/>
  <testcase classname="com.jack.task.Jonesday" name="run" time="2.856"/>
  <system-out/>
  <testcase classname="com.jack.task.Jonesday" name="run" time="12.905"/>
  <system-out/>
  <testcase classname="com.jack.task.Jonesday" name="run" time="14.137"/>
  <system-out/>
  <testcase classname="com.jack.task.Jonesday" name="run" time="4.722"/>
  <system-out/>
  <testcase classname="com.jack.task.Jonesday" name="run" time="15.927"/>
  <system-out/>
  <testcase classname="com.jack.task.Jonesday" name="run" time="2.883"/>
  <system-out/>
  <testcase classname="com.jack.task.Jonesday" name="run" time="9.132"/>
  <system-out/>
  <testcase classname="com.jack.task.Jonesday" name="run" time="8.948"/>
  <system-out/>
  <testcase classname="com.jack.task.Jonesday" name="run" time="12.165"/>
  <system-out/>
  <testcase classname="com.jack.task.Jonesday" name="run" time="3.700"/>
  <system-out/>
  <testcase classname="com.jack.task.Jonesday" name="run" time="3.825"/>
  <system-out/>
  <testcase classname="com.jack.task.Jonesday" name="run" time="5.410"/>
  <system-out/>
  <testcase classname="com.jack.task.Jonesday" name="run" time="11.477"/>
  <system-out/>
  <testcase classname="com.jack.task.Jonesday" name="run" time="11.984"/>
  <system-out/>
  <testcase classname="com.jack.task.Jonesday" name="run" time="3.875"/>
  <system-out/>
  <testcase classname="com.jack.task.Jonesday" name="run" time="3.664"/>
  <system-out/>
  <testcase classname="com.jack.task.Jonesday" name="run" time="14.898"/>
  <system-out/>
  <testcase classname="com.jack.task.Jonesday" name="run" time="14.548"/>
  <system-out/>
  <testcase classname="com.jack.task.Jonesday" name="run" time="4.590"/>
  <system-out/>
  <testcase classname="com.jack.task.Jonesday" name="run" time="9.269"/>
  <system-out/>
  <testcase classname="com.jack.task.Jonesday" name="run" time="11.419"/>
  <system-out/>
  <testcase classname="com.jack.task.Jonesday" name="run" time="3.078"/>
  <system-out/>
  <testcase classname="com.jack.task.Jonesday" name="run" time="14.205"/>
  <system-out/>
  <testcase classname="com.jack.task.Jonesday" name="run" time="6.448"/>
  <system-out/>
  <testcase classname="com.jack.task.Jonesday" name="run" time="16.679"/>
  <system-out/>
  <testcase classname="com.jack.task.Jonesday" name="run" time="14.387"/>
  <system-out/>
  <testcase classname="com.jack.task.Jonesday" name="run" time="11.239"/>
  <system-out/>
  <testcase classname="com.jack.task.Jonesday" name="run" time="5.712"/>
  <system-out/>
  <testcase classname="com.jack.task.Jonesday" name="run" time="3.163"/>
  <system-out/>
  <testcase classname="com.jack.task.Jonesday" name="run" time="6.973"/>
  <system-out/>
  <testcase classname="com.jack.task.Jonesday" name="run" time="8.861"/>
  <system-out/>
  <testcase classname="com.jack.task.Jonesday" name="run" time="4.256"/>
  <system-out/>
  <testcase classname="com.jack.task.Jonesday" name="run" time="17.430"/>
  <system-out/>
  <testcase classname="com.jack.task.Jonesday" name="run" time="13.283"/>
  <system-out/>
  <testcase classname="com.jack.task.Jonesday" name="run" time="3.802"/>
  <system-out/>
  <testcase classname="com.jack.task.Jonesday" name="run" time="5.472"/>
  <system-out/>
  <testcase classname="com.jack.task.Jonesday" name="run" time="14.515"/>
  <system-out/>
  <testcase classname="com.jack.task.Jonesday" name="run" time="5.488"/>
  <system-out/>
  <testcase classname="com.jack.task.Jonesday" name="run" time="13.144"/>
  <system-out/>
  <testcase classname="com.jack.task.Jonesday" name="run" time="11.576"/>
  <system-out/>
  <testcase classname="com.jack.task.Jonesday" name="run" time="14.134"/>
  <system-out/>
  <testcase classname="com.jack.task.Jonesday" name="run" time="10.285"/>
  <system-out/>
  <testcase classname="com.jack.task.Jonesday" name="run" time="4.840"/>
  <system-out/>
  <testcase classname="com.jack.task.Jonesday" name="run" time="8.384"/>
  <system-out/>
  <testcase classname="com.jack.task.Jonesday" name="run" time="10.202"/>
  <system-out/>
  <testcase classname="com.jack.task.Jonesday" name="run" time="10.936"/>
  <system-out/>
  <testcase classname="com.jack.task.Jonesday" name="run" time="8.572"/>
  <system-out/>
  <testcase classname="com.jack.task.Jonesday" name="run" time="4.761"/>
  <system-out/>
  <testcase classname="com.jack.task.Jonesday" name="run" time="29.698"/>
  <system-out/>
  <testcase classname="com.jack.task.Jonesday" name="run" time="14.458"/>
  <system-out/>
  <testcase classname="com.jack.task.Jonesday" name="run" time="13.410"/>
  <system-out/>
  <testcase classname="com.jack.task.Jonesday" name="run" time="15.264"/>
  <system-out/>
  <testcase classname="com.jack.task.Jonesday" name="run" time="14.560"/>
  <system-out/>
  <testcase classname="com.jack.task.Jonesday" name="run" time="3.610"/>
  <system-out/>
  <testcase classname="com.jack.task.Jonesday" name="run" time="6.177"/>
  <system-out/>
  <testcase classname="com.jack.task.Jonesday" name="run" time="2.788"/>
  <system-out/>
  <testcase classname="com.jack.task.Jonesday" name="run" time="16.120"/>
  <system-out/>
  <testcase classname="com.jack.task.Jonesday" name="run" time="20.608"/>
  <system-out/>
  <testcase classname="com.jack.task.Jonesday" name="run" time="4.409"/>
  <system-out/>
  <testcase classname="com.jack.task.Jonesday" name="run" time="6.519"/>
  <system-out/>
  <testcase classname="com.jack.task.Jonesday" name="run" time="5.122"/>
  <system-out/>
  <testcase classname="com.jack.task.Jonesday" name="run" time="14.516"/>
  <system-out/>
  <testcase classname="com.jack.task.Jonesday" name="run" time="11.889"/>
  <system-out/>
  <testcase classname="com.jack.task.Jonesday" name="run" time="14.890"/>
  <system-out/>
  <testcase classname="com.jack.task.Jonesday" name="run" time="9.178"/>
  <system-out/>
  <testcase classname="com.jack.task.Jonesday" name="run" time="46.832"/>
  <system-out/>
  <testcase classname="com.jack.task.Jonesday" name="run" time="16.208"/>
  <system-out/>
  <testcase classname="com.jack.task.Jonesday" name="run" time="10.211"/>
  <system-out/>
  <testcase classname="com.jack.task.Jonesday" name="run" time="15.497"/>
  <system-out/>
  <testcase classname="com.jack.task.Jonesday" name="run" time="4.516"/>
  <system-out/>
  <testcase classname="com.jack.task.Jonesday" name="run" time="15.220"/>
  <system-out/>
  <testcase classname="com.jack.task.Jonesday" name="run" time="18.945"/>
  <system-out/>
  <testcase classname="com.jack.task.Jonesday" name="run" time="8.922"/>
  <system-out/>
  <testcase classname="com.jack.task.Jonesday" name="run" time="8.488"/>
  <system-out/>
  <testcase classname="com.jack.task.Jonesday" name="run" time="5.875"/>
  <system-out/>
  <testcase classname="com.jack.task.Jonesday" name="run" time="13.694"/>
  <system-out/>
  <testcase classname="com.jack.task.Jonesday" name="run" time="14.454"/>
  <system-out/>
  <testcase classname="com.jack.task.Jonesday" name="run" time="14.520"/>
  <system-out/>
  <testcase classname="com.jack.task.Jonesday" name="run" time="17.342"/>
  <system-out/>
  <testcase classname="com.jack.task.Jonesday" name="run" time="4.373"/>
  <system-out/>
  <testcase classname="com.jack.task.Jonesday" name="run" time="19.501"/>
  <system-out/>
  <testcase classname="com.jack.task.Jonesday" name="run" time="8.738"/>
  <system-out/>
  <testcase classname="com.jack.task.Jonesday" name="run" time="11.744"/>
  <system-out/>
  <testcase classname="com.jack.task.Jonesday" name="run" time="5.011"/>
  <system-out/>
  <testcase classname="com.jack.task.Jonesday" name="run" time="13.705"/>
  <system-out/>
  <testcase classname="com.jack.task.Jonesday" name="run" time="2.818"/>
  <system-out/>
  <testcase classname="com.jack.task.Jonesday" name="run" time="12.942"/>
  <system-out/>
  <testcase classname="com.jack.task.Jonesday" name="run" time="2.622"/>
  <system-out/>
  <testcase classname="com.jack.task.Jonesday" name="run" time="8.173"/>
  <system-out/>
  <testcase classname="com.jack.task.Jonesday" name="run" time="7.673"/>
  <system-out/>
  <testcase classname="com.jack.task.Jonesday" name="run" time="14.124"/>
  <system-out/>
  <testcase classname="com.jack.task.Jonesday" name="run" time="9.540"/>
  <system-out/>
  <testcase classname="com.jack.task.Jonesday" name="run" time="12.632"/>
  <system-out/>
  <testcase classname="com.jack.task.Jonesday" name="run" time="14.138"/>
  <system-out/>
  <testcase classname="com.jack.task.Jonesday" name="run" time="18.030"/>
  <system-out/>
  <testcase classname="com.jack.task.Jonesday" name="run" time="14.781"/>
  <system-out/>
  <testcase classname="com.jack.task.Jonesday" name="run" time="2.710"/>
  <system-out/>
  <testcase classname="com.jack.task.Jonesday" name="run" time="6.674"/>
  <system-out/>
  <testcase classname="com.jack.task.Jonesday" name="run" time="6.608"/>
  <system-out/>
  <testcase classname="com.jack.task.Jonesday" name="run" time="15.010"/>
  <system-out/>
  <testcase classname="com.jack.task.Jonesday" name="run" time="9.629"/>
  <system-out/>
  <testcase classname="com.jack.task.Jonesday" name="run" time="5.501"/>
  <system-out/>
  <testcase classname="com.jack.task.Jonesday" name="run" time="4.567"/>
  <system-out/>
  <testcase classname="com.jack.task.Jonesday" name="run" time="16.846"/>
  <system-out/>
  <testcase classname="com.jack.task.Jonesday" name="run" time="4.085"/>
  <system-out/>
  <testcase classname="com.jack.task.Jonesday" name="run" time="14.358"/>
  <system-out/>
  <testcase classname="com.jack.task.Jonesday" name="run" time="24.320"/>
  <system-out/>
  <testcase classname="com.jack.task.Jonesday" name="run" time="4.368"/>
  <system-out/>
  <testcase classname="com.jack.task.Jonesday" name="run" time="10.242"/>
  <system-out/>
  <testcase classname="com.jack.task.Jonesday" name="run" time="3.702"/>
  <system-out/>
  <testcase classname="com.jack.task.Jonesday" name="run" time="6.021"/>
  <system-out/>
  <testcase classname="com.jack.task.Jonesday" name="run" time="12.404"/>
  <system-out/>
  <testcase classname="com.jack.task.Jonesday" name="run" time="8.638"/>
  <system-out/>
  <testcase classname="com.jack.task.Jonesday" name="run" time="8.521"/>
  <system-out/>
  <testcase classname="com.jack.task.Jonesday" name="run" time="3.010"/>
  <system-out/>
  <testcase classname="com.jack.task.Jonesday" name="run" time="14.431"/>
  <system-out/>
  <testcase classname="com.jack.task.Jonesday" name="run" time="15.709"/>
  <system-out/>
  <testcase classname="com.jack.task.Jonesday" name="run" time="4.090"/>
  <system-out/>
  <testcase classname="com.jack.task.Jonesday" name="run" time="13.987"/>
  <system-out/>
  <testcase classname="com.jack.task.Jonesday" name="run" time="12.746"/>
  <system-out/>
  <testcase classname="com.jack.task.Jonesday" name="run" time="2.527"/>
  <system-out/>
  <testcase classname="com.jack.task.Jonesday" name="run" time="6.804"/>
  <system-out/>
  <testcase classname="com.jack.task.Jonesday" name="run" time="7.543"/>
  <system-out/>
  <testcase classname="com.jack.task.Jonesday" name="run" time="8.402"/>
  <system-out/>
  <testcase classname="com.jack.task.Jonesday" name="run" time="15.431"/>
  <system-out/>
  <testcase classname="com.jack.task.Jonesday" name="run" time="2.932"/>
  <system-out/>
  <testcase classname="com.jack.task.Jonesday" name="run" time="7.765"/>
  <system-out/>
  <testcase classname="com.jack.task.Jonesday" name="run" time="8.952"/>
  <system-out/>
  <testcase classname="com.jack.task.Jonesday" name="run" time="12.534"/>
  <system-out/>
  <testcase classname="com.jack.task.Jonesday" name="run" time="5.167"/>
  <system-out/>
  <testcase classname="com.jack.task.Jonesday" name="run" time="6.489"/>
  <system-out/>
  <testcase classname="com.jack.task.Jonesday" name="run" time="13.742"/>
  <system-out/>
  <testcase classname="com.jack.task.Jonesday" name="run" time="4.890"/>
  <system-out/>
  <testcase classname="com.jack.task.Jonesday" name="run" time="9.941"/>
  <system-out/>
  <testcase classname="com.jack.task.Jonesday" name="run" time="14.621"/>
  <system-out/>
  <testcase classname="com.jack.task.Jonesday" name="run" time="16.841"/>
  <system-out/>
  <testcase classname="com.jack.task.Jonesday" name="run" time="7.159"/>
  <system-out/>
  <testcase classname="com.jack.task.Jonesday" name="run" time="8.045"/>
  <system-out/>
  <testcase classname="com.jack.task.Jonesday" name="run" time="5.124"/>
  <system-out/>
  <testcase classname="com.jack.task.Jonesday" name="run" time="11.783"/>
  <system-out/>
  <testcase classname="com.jack.task.Jonesday" name="run" time="15.868"/>
  <system-out/>
  <testcase classname="com.jack.task.Jonesday" name="run" time="5.602"/>
  <system-out/>
  <testcase classname="com.jack.task.Jonesday" name="run" time="3.365"/>
  <system-out/>
  <testcase classname="com.jack.task.Jonesday" name="run" time="12.376"/>
  <system-out/>
  <testcase classname="com.jack.task.Jonesday" name="run" time="6.770"/>
  <system-out/>
  <testcase classname="com.jack.task.Jonesday" name="run" time="6.252"/>
  <system-out/>
  <testcase classname="com.jack.task.Jonesday" name="run" time="3.454"/>
  <system-out/>
  <testcase classname="com.jack.task.Jonesday" name="run" time="6.831"/>
  <system-out/>
  <testcase classname="com.jack.task.Jonesday" name="run" time="4.020"/>
  <system-out/>
  <testcase classname="com.jack.task.Jonesday" name="run" time="3.467"/>
  <system-out/>
  <testcase classname="com.jack.task.Jonesday" name="run" time="3.648"/>
  <system-out/>
  <testcase classname="com.jack.task.Jonesday" name="run" time="15.704"/>
  <system-out/>
  <testcase classname="com.jack.task.Jonesday" name="run" time="11.427"/>
  <system-out/>
  <testcase classname="com.jack.task.Jonesday" name="run" time="45.110"/>
  <system-out/>
  <testcase classname="com.jack.task.Jonesday" name="run" time="4.028"/>
  <system-out/>
  <testcase classname="com.jack.task.Jonesday" name="run" time="4.588"/>
  <system-out/>
  <testcase classname="com.jack.task.Jonesday" name="run" time="13.503"/>
  <system-out/>
  <testcase classname="com.jack.task.Jonesday" name="run" time="14.148"/>
  <system-out/>
  <testcase classname="com.jack.task.Jonesday" name="run" time="20.675"/>
  <system-out/>
  <testcase classname="com.jack.task.Jonesday" name="run" time="4.486"/>
  <system-out/>
  <testcase classname="com.jack.task.Jonesday" name="run" time="7.149"/>
  <system-out/>
  <testcase classname="com.jack.task.Jonesday" name="run" time="10.497"/>
  <system-out/>
  <testcase classname="com.jack.task.Jonesday" name="run" time="13.280"/>
  <system-out/>
  <testcase classname="com.jack.task.Jonesday" name="run" time="5.225"/>
  <system-out/>
  <testcase classname="com.jack.task.Jonesday" name="run" time="2.719"/>
  <system-out/>
  <testcase classname="com.jack.task.Jonesday" name="run" time="3.783"/>
  <system-out/>
  <testcase classname="com.jack.task.Jonesday" name="run" time="6.521"/>
  <system-out/>
  <testcase classname="com.jack.task.Jonesday" name="run" time="15.006"/>
  <system-out/>
  <testcase classname="com.jack.task.Jonesday" name="run" time="8.963"/>
  <system-out/>
  <testcase classname="com.jack.task.Jonesday" name="run" time="4.945"/>
  <system-out/>
  <testcase classname="com.jack.task.Jonesday" name="run" time="8.920"/>
  <system-out/>
  <testcase classname="com.jack.task.Jonesday" name="run" time="4.635"/>
  <system-out/>
  <testcase classname="com.jack.task.Jonesday" name="run" time="8.042"/>
  <system-out/>
  <testcase classname="com.jack.task.Jonesday" name="run" time="8.214"/>
  <system-out/>
  <testcase classname="com.jack.task.Jonesday" name="run" time="5.100"/>
  <system-out/>
  <testcase classname="com.jack.task.Jonesday" name="run" time="7.471"/>
  <system-out/>
  <testcase classname="com.jack.task.Jonesday" name="run" time="13.515"/>
  <system-out/>
  <testcase classname="com.jack.task.Jonesday" name="run" time="12.999"/>
  <system-out/>
  <testcase classname="com.jack.task.Jonesday" name="run" time="6.615"/>
  <system-out/>
  <testcase classname="com.jack.task.Jonesday" name="run" time="8.785"/>
  <system-out/>
  <testcase classname="com.jack.task.Jonesday" name="run" time="6.296"/>
  <system-out/>
  <testcase classname="com.jack.task.Jonesday" name="run" time="7.008"/>
  <system-out/>
  <testcase classname="com.jack.task.Jonesday" name="run" time="5.833"/>
  <system-out/>
  <testcase classname="com.jack.task.Jonesday" name="run" time="8.547"/>
  <system-out/>
  <testcase classname="com.jack.task.Jonesday" name="run" time="14.213"/>
  <system-out/>
  <testcase classname="com.jack.task.Jonesday" name="run" time="5.873"/>
  <system-out/>
  <testcase classname="com.jack.task.Jonesday" name="run" time="4.253"/>
  <system-out/>
  <testcase classname="com.jack.task.Jonesday" name="run" time="3.166"/>
  <system-out/>
  <testcase classname="com.jack.task.Jonesday" name="run" time="8.690"/>
  <system-out/>
  <testcase classname="com.jack.task.Jonesday" name="run" time="11.535"/>
  <system-out/>
  <testcase classname="com.jack.task.Jonesday" name="run" time="17.273"/>
  <system-out/>
  <testcase classname="com.jack.task.Jonesday" name="run" time="12.416"/>
  <system-out/>
  <testcase classname="com.jack.task.Jonesday" name="run" time="3.747"/>
  <system-out/>
  <testcase classname="com.jack.task.Jonesday" name="run" time="2.496"/>
  <system-out/>
  <testcase classname="com.jack.task.Jonesday" name="run" time="17.632"/>
  <system-out/>
  <testcase classname="com.jack.task.Jonesday" name="run" time="8.392"/>
  <system-out/>
  <testcase classname="com.jack.task.Jonesday" name="run" time="9.066"/>
  <system-out/>
  <testcase classname="com.jack.task.Jonesday" name="run" time="12.793"/>
  <system-out/>
  <testcase classname="com.jack.task.Jonesday" name="run" time="5.560"/>
  <system-out/>
  <testcase classname="com.jack.task.Jonesday" name="run" time="8.160"/>
  <system-out/>
  <testcase classname="com.jack.task.Jonesday" name="run" time="16.107"/>
  <system-out/>
  <testcase classname="com.jack.task.Jonesday" name="run" time="5.393"/>
  <system-out/>
  <testcase classname="com.jack.task.Jonesday" name="run" time="12.282"/>
  <system-out/>
  <testcase classname="com.jack.task.Jonesday" name="run" time="3.853"/>
  <system-out/>
  <testcase classname="com.jack.task.Jonesday" name="run" time="4.527"/>
  <system-out/>
  <testcase classname="com.jack.task.Jonesday" name="run" time="10.137"/>
  <system-out/>
  <testcase classname="com.jack.task.Jonesday" name="run" time="9.125"/>
  <system-out/>
  <testcase classname="com.jack.task.Jonesday" name="run" time="8.799"/>
  <system-out/>
  <testcase classname="com.jack.task.Jonesday" name="run" time="14.879"/>
  <system-out/>
  <testcase classname="com.jack.task.Jonesday" name="run" time="17.612"/>
  <system-out/>
  <testcase classname="com.jack.task.Jonesday" name="run" time="3.692"/>
  <system-out/>
  <testcase classname="com.jack.task.Jonesday" name="run" time="2.526"/>
  <system-out/>
  <testcase classname="com.jack.task.Jonesday" name="run" time="5.009"/>
  <system-out/>
  <testcase classname="com.jack.task.Jonesday" name="run" time="16.673"/>
  <system-out/>
  <testcase classname="com.jack.task.Jonesday" name="run" time="11.626"/>
  <system-out/>
  <testcase classname="com.jack.task.Jonesday" name="run" time="11.124"/>
  <system-out/>
  <testcase classname="com.jack.task.Jonesday" name="run" time="4.662"/>
  <system-out/>
  <testcase classname="com.jack.task.Jonesday" name="run" time="16.213"/>
  <system-out/>
  <testcase classname="com.jack.task.Jonesday" name="run" time="10.922"/>
  <system-out/>
  <testcase classname="com.jack.task.Jonesday" name="run" time="13.678"/>
  <system-out/>
  <testcase classname="com.jack.task.Jonesday" name="run" time="16.802"/>
  <system-out/>
  <testcase classname="com.jack.task.Jonesday" name="run" time="15.927"/>
  <system-out/>
  <testcase classname="com.jack.task.Jonesday" name="run" time="19.530"/>
  <system-out/>
  <testcase classname="com.jack.task.Jonesday" name="run" time="4.025"/>
  <system-out/>
  <testcase classname="com.jack.task.Jonesday" name="run" time="14.790"/>
  <system-out/>
  <testcase classname="com.jack.task.Jonesday" name="run" time="18.128"/>
  <system-out/>
  <testcase classname="com.jack.task.Jonesday" name="run" time="14.410"/>
  <system-out/>
  <testcase classname="com.jack.task.Jonesday" name="run" time="7.300"/>
  <system-out/>
  <testcase classname="com.jack.task.Jonesday" name="run" time="6.174"/>
  <system-out/>
  <testcase classname="com.jack.task.Jonesday" name="run" time="5.421"/>
  <system-out/>
  <testcase classname="com.jack.task.Jonesday" name="run" time="9.395"/>
  <system-out/>
  <testcase classname="com.jack.task.Jonesday" name="run" time="16.714"/>
  <system-out/>
  <testcase classname="com.jack.task.Jonesday" name="run" time="13.549"/>
  <system-out/>
  <testcase classname="com.jack.task.Jonesday" name="run" time="4.002"/>
  <system-out/>
  <testcase classname="com.jack.task.Jonesday" name="run" time="16.057"/>
  <system-out/>
  <testcase classname="com.jack.task.Jonesday" name="run" time="3.325"/>
  <system-out/>
  <testcase classname="com.jack.task.Jonesday" name="run" time="6.297"/>
  <system-out/>
  <testcase classname="com.jack.task.Jonesday" name="run" time="10.983"/>
  <system-out/>
  <testcase classname="com.jack.task.Jonesday" name="run" time="4.130"/>
  <system-out/>
  <testcase classname="com.jack.task.Jonesday" name="run" time="4.156"/>
  <system-out/>
  <testcase classname="com.jack.task.Jonesday" name="run" time="17.632"/>
  <system-out/>
  <testcase classname="com.jack.task.Jonesday" name="run" time="3.621"/>
  <system-out/>
  <testcase classname="com.jack.task.Jonesday" name="run" time="5.238"/>
  <system-out/>
  <testcase classname="com.jack.task.Jonesday" name="run" time="4.122"/>
  <system-out/>
  <testcase classname="com.jack.task.Jonesday" name="run" time="11.495"/>
  <system-out/>
  <testcase classname="com.jack.task.Jonesday" name="run" time="2.689"/>
  <system-out/>
  <testcase classname="com.jack.task.Jonesday" name="run" time="3.523"/>
  <system-out/>
  <testcase classname="com.jack.task.Jonesday" name="run" time="12.649"/>
  <system-out/>
  <testcase classname="com.jack.task.Jonesday" name="run" time="15.083"/>
  <system-out/>
  <testcase classname="com.jack.task.Jonesday" name="run" time="17.320"/>
  <system-out/>
  <testcase classname="com.jack.task.Jonesday" name="run" time="4.272"/>
  <system-out/>
  <testcase classname="com.jack.task.Jonesday" name="run" time="6.450"/>
  <system-out/>
  <testcase classname="com.jack.task.Jonesday" name="run" time="6.841"/>
  <system-out/>
  <testcase classname="com.jack.task.Jonesday" name="run" time="29.769"/>
  <system-out/>
  <testcase classname="com.jack.task.Jonesday" name="run" time="13.510"/>
  <system-out/>
  <testcase classname="com.jack.task.Jonesday" name="run" time="2.748"/>
  <system-out/>
  <testcase classname="com.jack.task.Jonesday" name="run" time="4.799"/>
  <system-out/>
  <testcase classname="com.jack.task.Jonesday" name="run" time="11.067"/>
  <system-out/>
  <testcase classname="com.jack.task.Jonesday" name="run" time="15.467"/>
  <system-out/>
  <testcase classname="com.jack.task.Jonesday" name="run" time="3.001"/>
  <system-out/>
  <testcase classname="com.jack.task.Jonesday" name="run" time="17.964"/>
  <system-out/>
  <testcase classname="com.jack.task.Jonesday" name="run" time="15.662"/>
  <system-out/>
  <testcase classname="com.jack.task.Jonesday" name="run" time="6.541"/>
  <system-out/>
  <testcase classname="com.jack.task.Jonesday" name="run" time="14.975"/>
  <system-out/>
  <testcase classname="com.jack.task.Jonesday" name="run" time="17.174"/>
  <system-out/>
  <testcase classname="com.jack.task.Jonesday" name="run" time="13.010"/>
  <system-out/>
  <testcase classname="com.jack.task.Jonesday" name="run" time="15.562"/>
  <system-out/>
  <testcase classname="com.jack.task.Jonesday" name="run" time="15.996"/>
  <system-out/>
  <testcase classname="com.jack.task.Jonesday" name="run" time="9.938"/>
  <system-out/>
  <testcase classname="com.jack.task.Jonesday" name="run" time="11.385"/>
  <system-out/>
  <testcase classname="com.jack.task.Jonesday" name="run" time="12.296"/>
  <system-out/>
  <testcase classname="com.jack.task.Jonesday" name="run" time="2.602"/>
  <system-out/>
  <testcase classname="com.jack.task.Jonesday" name="run" time="19.638"/>
  <system-out/>
  <testcase classname="com.jack.task.Jonesday" name="run" time="3.727"/>
  <system-out/>
  <testcase classname="com.jack.task.Jonesday" name="run" time="6.329"/>
  <system-out/>
  <testcase classname="com.jack.task.Jonesday" name="run" time="14.004"/>
  <system-out/>
  <testcase classname="com.jack.task.Jonesday" name="run" time="14.344"/>
  <system-out/>
  <testcase classname="com.jack.task.Jonesday" name="run" time="12.860"/>
  <system-out/>
  <testcase classname="com.jack.task.Jonesday" name="run" time="12.678"/>
  <system-out/>
  <testcase classname="com.jack.task.Jonesday" name="run" time="5.241"/>
  <system-out/>
  <testcase classname="com.jack.task.Jonesday" name="run" time="5.574"/>
  <system-out/>
  <testcase classname="com.jack.task.Jonesday" name="run" time="4.928"/>
  <system-out/>
  <testcase classname="com.jack.task.Jonesday" name="run" time="8.905"/>
  <system-out/>
  <testcase classname="com.jack.task.Jonesday" name="run" time="8.230"/>
  <system-out/>
  <testcase classname="com.jack.task.Jonesday" name="run" time="4.601"/>
  <system-out/>
  <testcase classname="com.jack.task.Jonesday" name="run" time="12.576"/>
  <system-out/>
  <testcase classname="com.jack.task.Jonesday" name="run" time="14.766"/>
  <system-out/>
  <testcase classname="com.jack.task.Jonesday" name="run" time="9.162"/>
  <system-out/>
  <testcase classname="com.jack.task.Jonesday" name="run" time="6.422"/>
  <system-out/>
  <testcase classname="com.jack.task.Jonesday" name="run" time="13.721"/>
  <system-out/>
  <testcase classname="com.jack.task.Jonesday" name="run" time="9.250"/>
  <system-out/>
  <testcase classname="com.jack.task.Jonesday" name="run" time="14.918"/>
  <system-out/>
  <testcase classname="com.jack.task.Jonesday" name="run" time="5.772"/>
  <system-out/>
  <testcase classname="com.jack.task.Jonesday" name="run" time="3.791"/>
  <system-out/>
  <testcase classname="com.jack.task.Jonesday" name="run" time="5.008"/>
  <system-out/>
  <testcase classname="com.jack.task.Jonesday" name="run" time="8.986"/>
  <system-out/>
  <testcase classname="com.jack.task.Jonesday" name="run" time="18.883"/>
  <system-out/>
  <testcase classname="com.jack.task.Jonesday" name="run" time="3.951"/>
  <system-out/>
  <testcase classname="com.jack.task.Jonesday" name="run" time="15.049"/>
  <system-out/>
  <testcase classname="com.jack.task.Jonesday" name="run" time="11.867"/>
  <system-out/>
  <testcase classname="com.jack.task.Jonesday" name="run" time="13.867"/>
  <system-out/>
  <testcase classname="com.jack.task.Jonesday" name="run" time="19.653"/>
  <system-out/>
  <testcase classname="com.jack.task.Jonesday" name="run" time="2.525"/>
  <system-out/>
  <testcase classname="com.jack.task.Jonesday" name="run" time="6.009"/>
  <system-out/>
  <testcase classname="com.jack.task.Jonesday" name="run" time="12.513"/>
  <system-out/>
  <testcase classname="com.jack.task.Jonesday" name="run" time="16.162"/>
  <system-out/>
  <testcase classname="com.jack.task.Jonesday" name="run" time="16.664"/>
  <system-out/>
  <testcase classname="com.jack.task.Jonesday" name="run" time="5.853"/>
  <system-out/>
  <testcase classname="com.jack.task.Jonesday" name="run" time="14.777"/>
  <system-out/>
  <testcase classname="com.jack.task.Jonesday" name="run" time="14.917"/>
  <system-out/>
  <testcase classname="com.jack.task.Jonesday" name="run" time="14.045"/>
  <system-out/>
  <testcase classname="com.jack.task.Jonesday" name="run" time="2.591"/>
  <system-out/>
  <testcase classname="com.jack.task.Jonesday" name="run" time="5.959"/>
  <system-out/>
  <testcase classname="com.jack.task.Jonesday" name="run" time="5.632"/>
  <system-out/>
  <testcase classname="com.jack.task.Jonesday" name="run" time="5.221"/>
  <system-out/>
  <testcase classname="com.jack.task.Jonesday" name="run" time="12.814"/>
  <system-out/>
  <testcase classname="com.jack.task.Jonesday" name="run" time="14.740"/>
  <system-out/>
  <testcase classname="com.jack.task.Jonesday" name="run" time="5.495"/>
  <system-out/>
  <testcase classname="com.jack.task.Jonesday" name="run" time="16.986"/>
  <system-out/>
  <testcase classname="com.jack.task.Jonesday" name="run" time="3.858"/>
  <system-out/>
  <testcase classname="com.jack.task.Jonesday" name="run" time="7.646"/>
  <system-out/>
  <testcase classname="com.jack.task.Jonesday" name="run" time="3.088"/>
  <system-out/>
  <testcase classname="com.jack.task.Jonesday" name="run" time="14.298"/>
  <system-out/>
  <testcase classname="com.jack.task.Jonesday" name="run" time="15.445"/>
  <system-out/>
  <testcase classname="com.jack.task.Jonesday" name="run" time="13.057"/>
  <system-out/>
  <testcase classname="com.jack.task.Jonesday" name="run" time="9.438"/>
  <system-out/>
  <testcase classname="com.jack.task.Jonesday" name="run" time="6.641"/>
  <system-out/>
  <testcase classname="com.jack.task.Jonesday" name="run" time="6.137"/>
  <system-out/>
  <testcase classname="com.jack.task.Jonesday" name="run" time="6.341"/>
  <system-out/>
  <testcase classname="com.jack.task.Jonesday" name="run" time="17.181"/>
  <system-out/>
  <testcase classname="com.jack.task.Jonesday" name="run" time="7.124"/>
  <system-out/>
  <testcase classname="com.jack.task.Jonesday" name="run" time="12.341"/>
  <system-out/>
  <testcase classname="com.jack.task.Jonesday" name="run" time="8.738"/>
  <system-out/>
  <testcase classname="com.jack.task.Jonesday" name="run" time="2.495"/>
  <system-out/>
  <testcase classname="com.jack.task.Jonesday" name="run" time="12.132"/>
  <system-out/>
  <testcase classname="com.jack.task.Jonesday" name="run" time="18.483"/>
  <system-out/>
  <testcase classname="com.jack.task.Jonesday" name="run" time="11.461"/>
  <system-out/>
  <testcase classname="com.jack.task.Jonesday" name="run" time="4.395"/>
  <system-out/>
  <testcase classname="com.jack.task.Jonesday" name="run" time="13.598"/>
  <system-out/>
  <testcase classname="com.jack.task.Jonesday" name="run" time="8.052"/>
  <system-out/>
  <testcase classname="com.jack.task.Jonesday" name="run" time="15.576"/>
  <system-out/>
  <testcase classname="com.jack.task.Jonesday" name="run" time="15.951"/>
  <system-out/>
  <testcase classname="com.jack.task.Jonesday" name="run" time="10.354"/>
  <system-out/>
  <testcase classname="com.jack.task.Jonesday" name="run" time="3.274"/>
  <system-out/>
  <testcase classname="com.jack.task.Jonesday" name="run" time="2.541"/>
  <system-out/>
  <testcase classname="com.jack.task.Jonesday" name="run" time="8.869"/>
  <system-out/>
  <testcase classname="com.jack.task.Jonesday" name="run" time="14.464"/>
  <system-out/>
  <testcase classname="com.jack.task.Jonesday" name="run" time="8.858"/>
  <system-out/>
  <testcase classname="com.jack.task.Jonesday" name="run" time="5.218"/>
  <system-out/>
  <testcase classname="com.jack.task.Jonesday" name="run" time="7.838"/>
  <system-out/>
  <testcase classname="com.jack.task.Jonesday" name="run" time="11.212"/>
  <system-out/>
  <testcase classname="com.jack.task.Jonesday" name="run" time="8.881"/>
  <system-out/>
  <testcase classname="com.jack.task.Jonesday" name="run" time="5.623"/>
  <system-out/>
  <testcase classname="com.jack.task.Jonesday" name="run" time="12.518"/>
  <system-out/>
  <testcase classname="com.jack.task.Jonesday" name="run" time="22.705"/>
  <system-out/>
  <testcase classname="com.jack.task.Jonesday" name="run" time="6.235"/>
  <system-out/>
  <testcase classname="com.jack.task.Jonesday" name="run" time="4.888"/>
  <system-out/>
  <testcase classname="com.jack.task.Jonesday" name="run" time="2.998"/>
  <system-out/>
  <testcase classname="com.jack.task.Jonesday" name="run" time="10.311"/>
  <system-out/>
  <testcase classname="com.jack.task.Jonesday" name="run" time="10.352"/>
  <system-out/>
  <testcase classname="com.jack.task.Jonesday" name="run" time="11.618"/>
  <system-out/>
  <testcase classname="com.jack.task.Jonesday" name="run" time="4.304"/>
  <system-out/>
  <testcase classname="com.jack.task.Jonesday" name="run" time="16.193"/>
  <system-out/>
  <testcase classname="com.jack.task.Jonesday" name="run" time="3.797"/>
  <system-out/>
  <testcase classname="com.jack.task.Jonesday" name="run" time="9.214"/>
  <system-out/>
  <testcase classname="com.jack.task.Jonesday" name="run" time="10.176"/>
  <system-out/>
  <testcase classname="com.jack.task.Jonesday" name="run" time="10.712"/>
  <system-out/>
  <testcase classname="com.jack.task.Jonesday" name="run" time="3.445"/>
  <system-out/>
  <testcase classname="com.jack.task.Jonesday" name="run" time="5.496"/>
  <system-out/>
  <testcase classname="com.jack.task.Jonesday" name="run" time="6.338"/>
  <system-out/>
  <testcase classname="com.jack.task.Jonesday" name="run" time="8.883"/>
  <system-out/>
  <testcase classname="com.jack.task.Jonesday" name="run" time="16.741"/>
  <system-out/>
  <testcase classname="com.jack.task.Jonesday" name="run" time="3.422"/>
  <system-out/>
  <testcase classname="com.jack.task.Jonesday" name="run" time="6.858"/>
  <system-out/>
  <testcase classname="com.jack.task.Jonesday" name="run" time="10.436"/>
  <system-out/>
  <testcase classname="com.jack.task.Jonesday" name="run" time="13.446"/>
  <system-out/>
  <testcase classname="com.jack.task.Jonesday" name="run" time="13.610"/>
  <system-out/>
  <testcase classname="com.jack.task.Jonesday" name="run" time="14.868"/>
  <system-out/>
  <testcase classname="com.jack.task.Jonesday" name="run" time="12.880"/>
  <system-out/>
  <testcase classname="com.jack.task.Jonesday" name="run" time="6.741"/>
  <system-out/>
  <testcase classname="com.jack.task.Jonesday" name="run" time="10.811"/>
  <system-out/>
  <testcase classname="com.jack.task.Jonesday" name="run" time="6.983"/>
  <system-out/>
  <testcase classname="com.jack.task.Jonesday" name="run" time="11.417"/>
  <system-out/>
  <testcase classname="com.jack.task.Jonesday" name="run" time="9.726"/>
  <system-out/>
  <testcase classname="com.jack.task.Jonesday" name="run" time="13.847"/>
  <system-out/>
  <testcase classname="com.jack.task.Jonesday" name="run" time="14.314"/>
  <system-out/>
  <testcase classname="com.jack.task.Jonesday" name="run" time="5.644"/>
  <system-out/>
  <testcase classname="com.jack.task.Jonesday" name="run" time="3.485"/>
  <system-out/>
  <testcase classname="com.jack.task.Jonesday" name="run" time="6.380"/>
  <system-out/>
  <testcase classname="com.jack.task.Jonesday" name="run" time="8.837"/>
  <system-out/>
  <testcase classname="com.jack.task.Jonesday" name="run" time="14.379"/>
  <system-out/>
  <testcase classname="com.jack.task.Jonesday" name="run" time="13.121"/>
  <system-out/>
  <testcase classname="com.jack.task.Jonesday" name="run" time="14.477"/>
  <system-out/>
  <testcase classname="com.jack.task.Jonesday" name="run" time="16.043"/>
  <system-out/>
  <testcase classname="com.jack.task.Jonesday" name="run" time="17.880"/>
  <system-out/>
  <testcase classname="com.jack.task.Jonesday" name="run" time="13.078"/>
  <system-out/>
  <testcase classname="com.jack.task.Jonesday" name="run" time="5.387"/>
  <system-out/>
  <testcase classname="com.jack.task.Jonesday" name="run" time="16.055"/>
  <system-out/>
  <testcase classname="com.jack.task.Jonesday" name="run" time="15.826"/>
  <system-out/>
  <testcase classname="com.jack.task.Jonesday" name="run" time="16.998"/>
  <system-out/>
  <testcase classname="com.jack.task.Jonesday" name="run" time="5.337"/>
  <system-out/>
  <testcase classname="com.jack.task.Jonesday" name="run" time="5.083"/>
  <system-out/>
  <testcase classname="com.jack.task.Jonesday" name="run" time="5.374"/>
  <system-out/>
  <testcase classname="com.jack.task.Jonesday" name="run" time="9.039"/>
  <system-out/>
  <testcase classname="com.jack.task.Jonesday" name="run" time="13.203"/>
  <system-out/>
  <testcase classname="com.jack.task.Jonesday" name="run" time="12.803"/>
  <system-out/>
  <testcase classname="com.jack.task.Jonesday" name="run" time="17.259"/>
  <system-out/>
  <testcase classname="com.jack.task.Jonesday" name="run" time="7.050"/>
  <system-out/>
  <testcase classname="com.jack.task.Jonesday" name="run" time="9.333"/>
  <system-out/>
  <testcase classname="com.jack.task.Jonesday" name="run" time="14.306"/>
  <system-out/>
  <testcase classname="com.jack.task.Jonesday" name="run" time="15.014"/>
  <system-out/>
  <testcase classname="com.jack.task.Jonesday" name="run" time="4.185"/>
  <system-out/>
  <testcase classname="com.jack.task.Jonesday" name="run" time="15.019"/>
  <system-out/>
  <testcase classname="com.jack.task.Jonesday" name="run" time="14.075"/>
  <system-out/>
  <testcase classname="com.jack.task.Jonesday" name="run" time="14.714"/>
  <system-out/>
  <testcase classname="com.jack.task.Jonesday" name="run" time="4.858"/>
  <system-out/>
  <testcase classname="com.jack.task.Jonesday" name="run" time="10.592"/>
  <system-out/>
  <testcase classname="com.jack.task.Jonesday" name="run" time="4.234"/>
  <system-out/>
</testsuite> <!-- com.jack.task.Jonesday -->
