<?xml version="1.0" encoding="UTF-8"?>
<!-- Generated by org.testng.reporters.JUnitReportReporter -->
<testsuite hostname="DESKTOP-89RDKF8" failures="0" tests="405" name="com.jack.task.Squirepattonboggs" time="2300.097" errors="0" timestamp="2023-01-25T21:18:05 BDT" skipped="0">
  <testcase classname="com.jack.task.Squirepattonboggs" name="run" time="4.541"/>
  <system-out/>
  <testcase classname="com.jack.task.Squirepattonboggs" name="run" time="5.805"/>
  <system-out/>
  <testcase classname="com.jack.task.Squirepattonboggs" name="run" time="6.707"/>
  <system-out/>
  <testcase classname="com.jack.task.Squirepattonboggs" name="run" time="9.659"/>
  <system-out/>
  <testcase classname="com.jack.task.Squirepattonboggs" name="run" time="5.183"/>
  <system-out/>
  <testcase classname="com.jack.task.Squirepattonboggs" name="run" time="6.826"/>
  <system-out/>
  <testcase classname="com.jack.task.Squirepattonboggs" name="run" time="3.793"/>
  <system-out/>
  <testcase classname="com.jack.task.Squirepattonboggs" name="run" time="5.793"/>
  <system-out/>
  <testcase classname="com.jack.task.Squirepattonboggs" name="run" time="6.081"/>
  <system-out/>
  <testcase classname="com.jack.task.Squirepattonboggs" name="run" time="8.113"/>
  <system-out/>
  <testcase classname="com.jack.task.Squirepattonboggs" name="run" time="6.387"/>
  <system-out/>
  <testcase classname="com.jack.task.Squirepattonboggs" name="run" time="4.571"/>
  <system-out/>
  <testcase classname="com.jack.task.Squirepattonboggs" name="run" time="7.288"/>
  <system-out/>
  <testcase classname="com.jack.task.Squirepattonboggs" name="run" time="5.236"/>
  <system-out/>
  <testcase classname="com.jack.task.Squirepattonboggs" name="run" time="3.974"/>
  <system-out/>
  <testcase classname="com.jack.task.Squirepattonboggs" name="run" time="4.204"/>
  <system-out/>
  <testcase classname="com.jack.task.Squirepattonboggs" name="run" time="4.520"/>
  <system-out/>
  <testcase classname="com.jack.task.Squirepattonboggs" name="run" time="6.535"/>
  <system-out/>
  <testcase classname="com.jack.task.Squirepattonboggs" name="testx" time="0.002"/>
  <system-out/>
  <testcase classname="com.jack.task.Squirepattonboggs" name="run" time="5.649"/>
  <system-out/>
  <testcase classname="com.jack.task.Squirepattonboggs" name="run" time="4.301"/>
  <system-out/>
  <testcase classname="com.jack.task.Squirepattonboggs" name="run" time="7.474"/>
  <system-out/>
  <testcase classname="com.jack.task.Squirepattonboggs" name="run" time="4.626"/>
  <system-out/>
  <testcase classname="com.jack.task.Squirepattonboggs" name="run" time="5.812"/>
  <system-out/>
  <testcase classname="com.jack.task.Squirepattonboggs" name="run" time="7.669"/>
  <system-out/>
  <testcase classname="com.jack.task.Squirepattonboggs" name="run" time="6.389"/>
  <system-out/>
  <testcase classname="com.jack.task.Squirepattonboggs" name="run" time="3.016"/>
  <system-out/>
  <testcase classname="com.jack.task.Squirepattonboggs" name="run" time="9.066"/>
  <system-out/>
  <testcase classname="com.jack.task.Squirepattonboggs" name="run" time="7.074"/>
  <system-out/>
  <testcase classname="com.jack.task.Squirepattonboggs" name="run" time="6.339"/>
  <system-out/>
  <testcase classname="com.jack.task.Squirepattonboggs" name="run" time="7.846"/>
  <system-out/>
  <testcase classname="com.jack.task.Squirepattonboggs" name="run" time="3.853"/>
  <system-out/>
  <testcase classname="com.jack.task.Squirepattonboggs" name="run" time="10.041"/>
  <system-out/>
  <testcase classname="com.jack.task.Squirepattonboggs" name="run" time="6.076"/>
  <system-out/>
  <testcase classname="com.jack.task.Squirepattonboggs" name="run" time="5.169"/>
  <system-out/>
  <testcase classname="com.jack.task.Squirepattonboggs" name="run" time="5.178"/>
  <system-out/>
  <testcase classname="com.jack.task.Squirepattonboggs" name="run" time="2.720"/>
  <system-out/>
  <testcase classname="com.jack.task.Squirepattonboggs" name="run" time="5.656"/>
  <system-out/>
  <testcase classname="com.jack.task.Squirepattonboggs" name="run" time="4.725"/>
  <system-out/>
  <testcase classname="com.jack.task.Squirepattonboggs" name="run" time="3.951"/>
  <system-out/>
  <testcase classname="com.jack.task.Squirepattonboggs" name="run" time="8.601"/>
  <system-out/>
  <testcase classname="com.jack.task.Squirepattonboggs" name="run" time="5.310"/>
  <system-out/>
  <testcase classname="com.jack.task.Squirepattonboggs" name="run" time="5.532"/>
  <system-out/>
  <testcase classname="com.jack.task.Squirepattonboggs" name="run" time="3.932"/>
  <system-out/>
  <testcase classname="com.jack.task.Squirepattonboggs" name="run" time="3.236"/>
  <system-out/>
  <testcase classname="com.jack.task.Squirepattonboggs" name="run" time="3.594"/>
  <system-out/>
  <testcase classname="com.jack.task.Squirepattonboggs" name="run" time="4.032"/>
  <system-out/>
  <testcase classname="com.jack.task.Squirepattonboggs" name="run" time="5.400"/>
  <system-out/>
  <testcase classname="com.jack.task.Squirepattonboggs" name="run" time="4.087"/>
  <system-out/>
  <testcase classname="com.jack.task.Squirepattonboggs" name="run" time="8.789"/>
  <system-out/>
  <testcase classname="com.jack.task.Squirepattonboggs" name="run" time="5.083"/>
  <system-out/>
  <testcase classname="com.jack.task.Squirepattonboggs" name="run" time="6.724"/>
  <system-out/>
  <testcase classname="com.jack.task.Squirepattonboggs" name="run" time="7.365"/>
  <system-out/>
  <testcase classname="com.jack.task.Squirepattonboggs" name="run" time="5.435"/>
  <system-out/>
  <testcase classname="com.jack.task.Squirepattonboggs" name="run" time="4.369"/>
  <system-out/>
  <testcase classname="com.jack.task.Squirepattonboggs" name="run" time="6.553"/>
  <system-out/>
  <testcase classname="com.jack.task.Squirepattonboggs" name="run" time="5.769"/>
  <system-out/>
  <testcase classname="com.jack.task.Squirepattonboggs" name="run" time="3.827"/>
  <system-out/>
  <testcase classname="com.jack.task.Squirepattonboggs" name="run" time="4.777"/>
  <system-out/>
  <testcase classname="com.jack.task.Squirepattonboggs" name="run" time="2.613"/>
  <system-out/>
  <testcase classname="com.jack.task.Squirepattonboggs" name="run" time="3.601"/>
  <system-out/>
  <testcase classname="com.jack.task.Squirepattonboggs" name="run" time="4.403"/>
  <system-out/>
  <testcase classname="com.jack.task.Squirepattonboggs" name="run" time="5.523"/>
  <system-out/>
  <testcase classname="com.jack.task.Squirepattonboggs" name="run" time="4.467"/>
  <system-out/>
  <testcase classname="com.jack.task.Squirepattonboggs" name="run" time="8.041"/>
  <system-out/>
  <testcase classname="com.jack.task.Squirepattonboggs" name="run" time="8.509"/>
  <system-out/>
  <testcase classname="com.jack.task.Squirepattonboggs" name="run" time="4.781"/>
  <system-out/>
  <testcase classname="com.jack.task.Squirepattonboggs" name="run" time="5.523"/>
  <system-out/>
  <testcase classname="com.jack.task.Squirepattonboggs" name="run" time="5.248"/>
  <system-out/>
  <testcase classname="com.jack.task.Squirepattonboggs" name="run" time="4.904"/>
  <system-out/>
  <testcase classname="com.jack.task.Squirepattonboggs" name="run" time="6.841"/>
  <system-out/>
  <testcase classname="com.jack.task.Squirepattonboggs" name="run" time="5.414"/>
  <system-out/>
  <testcase classname="com.jack.task.Squirepattonboggs" name="run" time="3.866"/>
  <system-out/>
  <testcase classname="com.jack.task.Squirepattonboggs" name="run" time="3.168"/>
  <system-out/>
  <testcase classname="com.jack.task.Squirepattonboggs" name="run" time="5.761"/>
  <system-out/>
  <testcase classname="com.jack.task.Squirepattonboggs" name="run" time="7.586"/>
  <system-out/>
  <testcase classname="com.jack.task.Squirepattonboggs" name="run" time="4.655"/>
  <system-out/>
  <testcase classname="com.jack.task.Squirepattonboggs" name="run" time="6.523"/>
  <system-out/>
  <testcase classname="com.jack.task.Squirepattonboggs" name="run" time="5.380"/>
  <system-out/>
  <testcase classname="com.jack.task.Squirepattonboggs" name="run" time="6.867"/>
  <system-out/>
  <testcase classname="com.jack.task.Squirepattonboggs" name="run" time="7.864"/>
  <system-out/>
  <testcase classname="com.jack.task.Squirepattonboggs" name="run" time="4.193"/>
  <system-out/>
  <testcase classname="com.jack.task.Squirepattonboggs" name="run" time="3.865"/>
  <system-out/>
  <testcase classname="com.jack.task.Squirepattonboggs" name="run" time="5.680"/>
  <system-out/>
  <testcase classname="com.jack.task.Squirepattonboggs" name="run" time="5.024"/>
  <system-out/>
  <testcase classname="com.jack.task.Squirepattonboggs" name="run" time="3.132"/>
  <system-out/>
  <testcase classname="com.jack.task.Squirepattonboggs" name="run" time="13.500"/>
  <system-out/>
  <testcase classname="com.jack.task.Squirepattonboggs" name="run" time="6.040"/>
  <system-out/>
  <testcase classname="com.jack.task.Squirepattonboggs" name="run" time="4.904"/>
  <system-out/>
  <testcase classname="com.jack.task.Squirepattonboggs" name="run" time="7.315"/>
  <system-out/>
  <testcase classname="com.jack.task.Squirepattonboggs" name="run" time="5.115"/>
  <system-out/>
  <testcase classname="com.jack.task.Squirepattonboggs" name="run" time="4.772"/>
  <system-out/>
  <testcase classname="com.jack.task.Squirepattonboggs" name="run" time="6.172"/>
  <system-out/>
  <testcase classname="com.jack.task.Squirepattonboggs" name="run" time="5.323"/>
  <system-out/>
  <testcase classname="com.jack.task.Squirepattonboggs" name="run" time="5.169"/>
  <system-out/>
  <testcase classname="com.jack.task.Squirepattonboggs" name="run" time="3.265"/>
  <system-out/>
  <testcase classname="com.jack.task.Squirepattonboggs" name="run" time="5.973"/>
  <system-out/>
  <testcase classname="com.jack.task.Squirepattonboggs" name="run" time="5.715"/>
  <system-out/>
  <testcase classname="com.jack.task.Squirepattonboggs" name="run" time="5.943"/>
  <system-out/>
  <testcase classname="com.jack.task.Squirepattonboggs" name="run" time="3.968"/>
  <system-out/>
  <testcase classname="com.jack.task.Squirepattonboggs" name="run" time="4.764"/>
  <system-out/>
  <testcase classname="com.jack.task.Squirepattonboggs" name="run" time="5.410"/>
  <system-out/>
  <testcase classname="com.jack.task.Squirepattonboggs" name="run" time="8.715"/>
  <system-out/>
  <testcase classname="com.jack.task.Squirepattonboggs" name="run" time="3.397"/>
  <system-out/>
  <testcase classname="com.jack.task.Squirepattonboggs" name="run" time="5.944"/>
  <system-out/>
  <testcase classname="com.jack.task.Squirepattonboggs" name="run" time="8.571"/>
  <system-out/>
  <testcase classname="com.jack.task.Squirepattonboggs" name="run" time="4.778"/>
  <system-out/>
  <testcase classname="com.jack.task.Squirepattonboggs" name="run" time="5.235"/>
  <system-out/>
  <testcase classname="com.jack.task.Squirepattonboggs" name="run" time="5.547"/>
  <system-out/>
  <testcase classname="com.jack.task.Squirepattonboggs" name="run" time="5.477"/>
  <system-out/>
  <testcase classname="com.jack.task.Squirepattonboggs" name="run" time="5.787"/>
  <system-out/>
  <testcase classname="com.jack.task.Squirepattonboggs" name="run" time="4.996"/>
  <system-out/>
  <testcase classname="com.jack.task.Squirepattonboggs" name="run" time="3.337"/>
  <system-out/>
  <testcase classname="com.jack.task.Squirepattonboggs" name="run" time="6.704"/>
  <system-out/>
  <testcase classname="com.jack.task.Squirepattonboggs" name="run" time="3.786"/>
  <system-out/>
  <testcase classname="com.jack.task.Squirepattonboggs" name="run" time="9.064"/>
  <system-out/>
  <testcase classname="com.jack.task.Squirepattonboggs" name="run" time="3.369"/>
  <system-out/>
  <testcase classname="com.jack.task.Squirepattonboggs" name="run" time="6.168"/>
  <system-out/>
  <testcase classname="com.jack.task.Squirepattonboggs" name="run" time="4.970"/>
  <system-out/>
  <testcase classname="com.jack.task.Squirepattonboggs" name="run" time="7.855"/>
  <system-out/>
  <testcase classname="com.jack.task.Squirepattonboggs" name="run" time="5.382"/>
  <system-out/>
  <testcase classname="com.jack.task.Squirepattonboggs" name="run" time="5.875"/>
  <system-out/>
  <testcase classname="com.jack.task.Squirepattonboggs" name="run" time="8.314"/>
  <system-out/>
  <testcase classname="com.jack.task.Squirepattonboggs" name="run" time="7.165"/>
  <system-out/>
  <testcase classname="com.jack.task.Squirepattonboggs" name="run" time="9.985"/>
  <system-out/>
  <testcase classname="com.jack.task.Squirepattonboggs" name="run" time="6.733"/>
  <system-out/>
  <testcase classname="com.jack.task.Squirepattonboggs" name="run" time="5.787"/>
  <system-out/>
  <testcase classname="com.jack.task.Squirepattonboggs" name="run" time="4.501"/>
  <system-out/>
  <testcase classname="com.jack.task.Squirepattonboggs" name="run" time="6.253"/>
  <system-out/>
  <testcase classname="com.jack.task.Squirepattonboggs" name="run" time="4.673"/>
  <system-out/>
  <testcase classname="com.jack.task.Squirepattonboggs" name="run" time="6.218"/>
  <system-out/>
  <testcase classname="com.jack.task.Squirepattonboggs" name="run" time="4.275"/>
  <system-out/>
  <testcase classname="com.jack.task.Squirepattonboggs" name="run" time="5.418"/>
  <system-out/>
  <testcase classname="com.jack.task.Squirepattonboggs" name="run" time="4.168"/>
  <system-out/>
  <testcase classname="com.jack.task.Squirepattonboggs" name="run" time="5.408"/>
  <system-out/>
  <testcase classname="com.jack.task.Squirepattonboggs" name="run" time="6.070"/>
  <system-out/>
  <testcase classname="com.jack.task.Squirepattonboggs" name="run" time="4.638"/>
  <system-out/>
  <testcase classname="com.jack.task.Squirepattonboggs" name="run" time="4.479"/>
  <system-out/>
  <testcase classname="com.jack.task.Squirepattonboggs" name="run" time="3.972"/>
  <system-out/>
  <testcase classname="com.jack.task.Squirepattonboggs" name="run" time="5.911"/>
  <system-out/>
  <testcase classname="com.jack.task.Squirepattonboggs" name="run" time="9.564"/>
  <system-out/>
  <testcase classname="com.jack.task.Squirepattonboggs" name="run" time="6.739"/>
  <system-out/>
  <testcase classname="com.jack.task.Squirepattonboggs" name="run" time="4.356"/>
  <system-out/>
  <testcase classname="com.jack.task.Squirepattonboggs" name="run" time="6.440"/>
  <system-out/>
  <testcase classname="com.jack.task.Squirepattonboggs" name="run" time="4.872"/>
  <system-out/>
  <testcase classname="com.jack.task.Squirepattonboggs" name="run" time="5.339"/>
  <system-out/>
  <testcase classname="com.jack.task.Squirepattonboggs" name="run" time="7.229"/>
  <system-out/>
  <testcase classname="com.jack.task.Squirepattonboggs" name="run" time="8.993"/>
  <system-out/>
  <testcase classname="com.jack.task.Squirepattonboggs" name="run" time="6.436"/>
  <system-out/>
  <testcase classname="com.jack.task.Squirepattonboggs" name="run" time="4.732"/>
  <system-out/>
  <testcase classname="com.jack.task.Squirepattonboggs" name="run" time="4.084"/>
  <system-out/>
  <testcase classname="com.jack.task.Squirepattonboggs" name="run" time="5.291"/>
  <system-out/>
  <testcase classname="com.jack.task.Squirepattonboggs" name="run" time="6.730"/>
  <system-out/>
  <testcase classname="com.jack.task.Squirepattonboggs" name="run" time="5.345"/>
  <system-out/>
  <testcase classname="com.jack.task.Squirepattonboggs" name="run" time="5.282"/>
  <system-out/>
  <testcase classname="com.jack.task.Squirepattonboggs" name="run" time="3.497"/>
  <system-out/>
  <testcase classname="com.jack.task.Squirepattonboggs" name="run" time="3.900"/>
  <system-out/>
  <testcase classname="com.jack.task.Squirepattonboggs" name="run" time="3.817"/>
  <system-out/>
  <testcase classname="com.jack.task.Squirepattonboggs" name="run" time="5.435"/>
  <system-out/>
  <testcase classname="com.jack.task.Squirepattonboggs" name="run" time="6.576"/>
  <system-out/>
  <testcase classname="com.jack.task.Squirepattonboggs" name="run" time="14.539"/>
  <system-out/>
  <testcase classname="com.jack.task.Squirepattonboggs" name="run" time="6.101"/>
  <system-out/>
  <testcase classname="com.jack.task.Squirepattonboggs" name="run" time="4.132"/>
  <system-out/>
  <testcase classname="com.jack.task.Squirepattonboggs" name="run" time="9.014"/>
  <system-out/>
  <testcase classname="com.jack.task.Squirepattonboggs" name="run" time="6.168"/>
  <system-out/>
  <testcase classname="com.jack.task.Squirepattonboggs" name="run" time="7.850"/>
  <system-out/>
  <testcase classname="com.jack.task.Squirepattonboggs" name="run" time="6.780"/>
  <system-out/>
  <testcase classname="com.jack.task.Squirepattonboggs" name="run" time="5.670"/>
  <system-out/>
  <testcase classname="com.jack.task.Squirepattonboggs" name="run" time="7.263"/>
  <system-out/>
  <testcase classname="com.jack.task.Squirepattonboggs" name="run" time="4.087"/>
  <system-out/>
  <testcase classname="com.jack.task.Squirepattonboggs" name="run" time="4.285"/>
  <system-out/>
  <testcase classname="com.jack.task.Squirepattonboggs" name="run" time="9.961"/>
  <system-out/>
  <testcase classname="com.jack.task.Squirepattonboggs" name="run" time="6.016"/>
  <system-out/>
  <testcase classname="com.jack.task.Squirepattonboggs" name="run" time="6.233"/>
  <system-out/>
  <testcase classname="com.jack.task.Squirepattonboggs" name="run" time="5.377"/>
  <system-out/>
  <testcase classname="com.jack.task.Squirepattonboggs" name="run" time="8.252"/>
  <system-out/>
  <testcase classname="com.jack.task.Squirepattonboggs" name="run" time="4.363"/>
  <system-out/>
  <testcase classname="com.jack.task.Squirepattonboggs" name="run" time="4.689"/>
  <system-out/>
  <testcase classname="com.jack.task.Squirepattonboggs" name="run" time="4.148"/>
  <system-out/>
  <testcase classname="com.jack.task.Squirepattonboggs" name="run" time="8.492"/>
  <system-out/>
  <testcase classname="com.jack.task.Squirepattonboggs" name="run" time="4.709"/>
  <system-out/>
  <testcase classname="com.jack.task.Squirepattonboggs" name="run" time="2.733"/>
  <system-out/>
  <testcase classname="com.jack.task.Squirepattonboggs" name="run" time="5.317"/>
  <system-out/>
  <testcase classname="com.jack.task.Squirepattonboggs" name="run" time="4.278"/>
  <system-out/>
  <testcase classname="com.jack.task.Squirepattonboggs" name="run" time="11.643"/>
  <system-out/>
  <testcase classname="com.jack.task.Squirepattonboggs" name="run" time="4.753"/>
  <system-out/>
  <testcase classname="com.jack.task.Squirepattonboggs" name="run" time="7.100"/>
  <system-out/>
  <testcase classname="com.jack.task.Squirepattonboggs" name="run" time="4.858"/>
  <system-out/>
  <testcase classname="com.jack.task.Squirepattonboggs" name="run" time="6.384"/>
  <system-out/>
  <testcase classname="com.jack.task.Squirepattonboggs" name="run" time="9.421"/>
  <system-out/>
  <testcase classname="com.jack.task.Squirepattonboggs" name="run" time="3.785"/>
  <system-out/>
  <testcase classname="com.jack.task.Squirepattonboggs" name="run" time="4.192"/>
  <system-out/>
  <testcase classname="com.jack.task.Squirepattonboggs" name="run" time="5.848"/>
  <system-out/>
  <testcase classname="com.jack.task.Squirepattonboggs" name="run" time="6.060"/>
  <system-out/>
  <testcase classname="com.jack.task.Squirepattonboggs" name="run" time="6.306"/>
  <system-out/>
  <testcase classname="com.jack.task.Squirepattonboggs" name="run" time="4.676"/>
  <system-out/>
  <testcase classname="com.jack.task.Squirepattonboggs" name="run" time="3.843"/>
  <system-out/>
  <testcase classname="com.jack.task.Squirepattonboggs" name="run" time="5.007"/>
  <system-out/>
  <testcase classname="com.jack.task.Squirepattonboggs" name="run" time="5.712"/>
  <system-out/>
  <testcase classname="com.jack.task.Squirepattonboggs" name="run" time="4.093"/>
  <system-out/>
  <testcase classname="com.jack.task.Squirepattonboggs" name="run" time="2.996"/>
  <system-out/>
  <testcase classname="com.jack.task.Squirepattonboggs" name="run" time="5.425"/>
  <system-out/>
  <testcase classname="com.jack.task.Squirepattonboggs" name="run" time="3.525"/>
  <system-out/>
  <testcase classname="com.jack.task.Squirepattonboggs" name="run" time="5.613"/>
  <system-out/>
  <testcase classname="com.jack.task.Squirepattonboggs" name="run" time="8.802"/>
  <system-out/>
  <testcase classname="com.jack.task.Squirepattonboggs" name="run" time="3.325"/>
  <system-out/>
  <testcase classname="com.jack.task.Squirepattonboggs" name="run" time="4.515"/>
  <system-out/>
  <testcase classname="com.jack.task.Squirepattonboggs" name="run" time="6.991"/>
  <system-out/>
  <testcase classname="com.jack.task.Squirepattonboggs" name="run" time="4.377"/>
  <system-out/>
  <testcase classname="com.jack.task.Squirepattonboggs" name="run" time="4.803"/>
  <system-out/>
  <testcase classname="com.jack.task.Squirepattonboggs" name="run" time="14.115"/>
  <system-out/>
  <testcase classname="com.jack.task.Squirepattonboggs" name="run" time="4.548"/>
  <system-out/>
  <testcase classname="com.jack.task.Squirepattonboggs" name="run" time="5.591"/>
  <system-out/>
  <testcase classname="com.jack.task.Squirepattonboggs" name="run" time="8.281"/>
  <system-out/>
  <testcase classname="com.jack.task.Squirepattonboggs" name="run" time="8.145"/>
  <system-out/>
  <testcase classname="com.jack.task.Squirepattonboggs" name="run" time="6.867"/>
  <system-out/>
  <testcase classname="com.jack.task.Squirepattonboggs" name="run" time="5.365"/>
  <system-out/>
  <testcase classname="com.jack.task.Squirepattonboggs" name="run" time="5.423"/>
  <system-out/>
  <testcase classname="com.jack.task.Squirepattonboggs" name="run" time="5.839"/>
  <system-out/>
  <testcase classname="com.jack.task.Squirepattonboggs" name="run" time="5.475"/>
  <system-out/>
  <testcase classname="com.jack.task.Squirepattonboggs" name="run" time="7.524"/>
  <system-out/>
  <testcase classname="com.jack.task.Squirepattonboggs" name="run" time="3.995"/>
  <system-out/>
  <testcase classname="com.jack.task.Squirepattonboggs" name="run" time="5.032"/>
  <system-out/>
  <testcase classname="com.jack.task.Squirepattonboggs" name="run" time="5.005"/>
  <system-out/>
  <testcase classname="com.jack.task.Squirepattonboggs" name="run" time="6.325"/>
  <system-out/>
  <testcase classname="com.jack.task.Squirepattonboggs" name="run" time="3.791"/>
  <system-out/>
  <testcase classname="com.jack.task.Squirepattonboggs" name="run" time="4.748"/>
  <system-out/>
  <testcase classname="com.jack.task.Squirepattonboggs" name="run" time="4.776"/>
  <system-out/>
  <testcase classname="com.jack.task.Squirepattonboggs" name="run" time="10.728"/>
  <system-out/>
  <testcase classname="com.jack.task.Squirepattonboggs" name="run" time="4.659"/>
  <system-out/>
  <testcase classname="com.jack.task.Squirepattonboggs" name="run" time="5.635"/>
  <system-out/>
  <testcase classname="com.jack.task.Squirepattonboggs" name="run" time="4.375"/>
  <system-out/>
  <testcase classname="com.jack.task.Squirepattonboggs" name="run" time="3.889"/>
  <system-out/>
  <testcase classname="com.jack.task.Squirepattonboggs" name="run" time="8.803"/>
  <system-out/>
  <testcase classname="com.jack.task.Squirepattonboggs" name="run" time="8.084"/>
  <system-out/>
  <testcase classname="com.jack.task.Squirepattonboggs" name="run" time="6.747"/>
  <system-out/>
  <testcase classname="com.jack.task.Squirepattonboggs" name="run" time="5.126"/>
  <system-out/>
  <testcase classname="com.jack.task.Squirepattonboggs" name="run" time="4.454"/>
  <system-out/>
  <testcase classname="com.jack.task.Squirepattonboggs" name="run" time="3.428"/>
  <system-out/>
  <testcase classname="com.jack.task.Squirepattonboggs" name="run" time="4.821"/>
  <system-out/>
  <testcase classname="com.jack.task.Squirepattonboggs" name="run" time="5.503"/>
  <system-out/>
  <testcase classname="com.jack.task.Squirepattonboggs" name="run" time="6.260"/>
  <system-out/>
  <testcase classname="com.jack.task.Squirepattonboggs" name="run" time="7.588"/>
  <system-out/>
  <testcase classname="com.jack.task.Squirepattonboggs" name="run" time="6.626"/>
  <system-out/>
  <testcase classname="com.jack.task.Squirepattonboggs" name="run" time="6.472"/>
  <system-out/>
  <testcase classname="com.jack.task.Squirepattonboggs" name="run" time="4.208"/>
  <system-out/>
  <testcase classname="com.jack.task.Squirepattonboggs" name="run" time="4.065"/>
  <system-out/>
  <testcase classname="com.jack.task.Squirepattonboggs" name="run" time="8.254"/>
  <system-out/>
  <testcase classname="com.jack.task.Squirepattonboggs" name="run" time="6.272"/>
  <system-out/>
  <testcase classname="com.jack.task.Squirepattonboggs" name="run" time="8.828"/>
  <system-out/>
  <testcase classname="com.jack.task.Squirepattonboggs" name="run" time="4.174"/>
  <system-out/>
  <testcase classname="com.jack.task.Squirepattonboggs" name="run" time="2.683"/>
  <system-out/>
  <testcase classname="com.jack.task.Squirepattonboggs" name="run" time="4.574"/>
  <system-out/>
  <testcase classname="com.jack.task.Squirepattonboggs" name="run" time="3.737"/>
  <system-out/>
  <testcase classname="com.jack.task.Squirepattonboggs" name="run" time="4.585"/>
  <system-out/>
  <testcase classname="com.jack.task.Squirepattonboggs" name="run" time="6.482"/>
  <system-out/>
  <testcase classname="com.jack.task.Squirepattonboggs" name="run" time="4.180"/>
  <system-out/>
  <testcase classname="com.jack.task.Squirepattonboggs" name="run" time="6.992"/>
  <system-out/>
  <testcase classname="com.jack.task.Squirepattonboggs" name="run" time="5.664"/>
  <system-out/>
  <testcase classname="com.jack.task.Squirepattonboggs" name="run" time="4.055"/>
  <system-out/>
  <testcase classname="com.jack.task.Squirepattonboggs" name="run" time="8.364"/>
  <system-out/>
  <testcase classname="com.jack.task.Squirepattonboggs" name="run" time="3.772"/>
  <system-out/>
  <testcase classname="com.jack.task.Squirepattonboggs" name="run" time="4.956"/>
  <system-out/>
  <testcase classname="com.jack.task.Squirepattonboggs" name="run" time="5.910"/>
  <system-out/>
  <testcase classname="com.jack.task.Squirepattonboggs" name="run" time="5.778"/>
  <system-out/>
  <testcase classname="com.jack.task.Squirepattonboggs" name="run" time="4.067"/>
  <system-out/>
  <testcase classname="com.jack.task.Squirepattonboggs" name="run" time="6.672"/>
  <system-out/>
  <testcase classname="com.jack.task.Squirepattonboggs" name="run" time="4.738"/>
  <system-out/>
  <testcase classname="com.jack.task.Squirepattonboggs" name="run" time="6.080"/>
  <system-out/>
  <testcase classname="com.jack.task.Squirepattonboggs" name="run" time="4.508"/>
  <system-out/>
  <testcase classname="com.jack.task.Squirepattonboggs" name="run" time="3.675"/>
  <system-out/>
  <testcase classname="com.jack.task.Squirepattonboggs" name="run" time="5.283"/>
  <system-out/>
  <testcase classname="com.jack.task.Squirepattonboggs" name="run" time="7.967"/>
  <system-out/>
  <testcase classname="com.jack.task.Squirepattonboggs" name="run" time="2.752"/>
  <system-out/>
  <testcase classname="com.jack.task.Squirepattonboggs" name="run" time="7.361"/>
  <system-out/>
  <testcase classname="com.jack.task.Squirepattonboggs" name="run" time="3.752"/>
  <system-out/>
  <testcase classname="com.jack.task.Squirepattonboggs" name="run" time="6.984"/>
  <system-out/>
  <testcase classname="com.jack.task.Squirepattonboggs" name="run" time="8.615"/>
  <system-out/>
  <testcase classname="com.jack.task.Squirepattonboggs" name="run" time="6.246"/>
  <system-out/>
  <testcase classname="com.jack.task.Squirepattonboggs" name="run" time="3.880"/>
  <system-out/>
  <testcase classname="com.jack.task.Squirepattonboggs" name="run" time="5.437"/>
  <system-out/>
  <testcase classname="com.jack.task.Squirepattonboggs" name="run" time="6.239"/>
  <system-out/>
  <testcase classname="com.jack.task.Squirepattonboggs" name="run" time="5.561"/>
  <system-out/>
  <testcase classname="com.jack.task.Squirepattonboggs" name="run" time="7.815"/>
  <system-out/>
  <testcase classname="com.jack.task.Squirepattonboggs" name="run" time="4.952"/>
  <system-out/>
  <testcase classname="com.jack.task.Squirepattonboggs" name="run" time="6.316"/>
  <system-out/>
  <testcase classname="com.jack.task.Squirepattonboggs" name="run" time="11.694"/>
  <system-out/>
  <testcase classname="com.jack.task.Squirepattonboggs" name="run" time="5.333"/>
  <system-out/>
  <testcase classname="com.jack.task.Squirepattonboggs" name="run" time="7.442"/>
  <system-out/>
  <testcase classname="com.jack.task.Squirepattonboggs" name="run" time="6.342"/>
  <system-out/>
  <testcase classname="com.jack.task.Squirepattonboggs" name="run" time="3.256"/>
  <system-out/>
  <testcase classname="com.jack.task.Squirepattonboggs" name="run" time="4.789"/>
  <system-out/>
  <testcase classname="com.jack.task.Squirepattonboggs" name="run" time="3.803"/>
  <system-out/>
  <testcase classname="com.jack.task.Squirepattonboggs" name="run" time="3.853"/>
  <system-out/>
  <testcase classname="com.jack.task.Squirepattonboggs" name="run" time="3.810"/>
  <system-out/>
  <testcase classname="com.jack.task.Squirepattonboggs" name="run" time="3.647"/>
  <system-out/>
  <testcase classname="com.jack.task.Squirepattonboggs" name="run" time="4.519"/>
  <system-out/>
  <testcase classname="com.jack.task.Squirepattonboggs" name="run" time="3.066"/>
  <system-out/>
  <testcase classname="com.jack.task.Squirepattonboggs" name="run" time="3.599"/>
  <system-out/>
  <testcase classname="com.jack.task.Squirepattonboggs" name="run" time="8.917"/>
  <system-out/>
  <testcase classname="com.jack.task.Squirepattonboggs" name="run" time="6.009"/>
  <system-out/>
  <testcase classname="com.jack.task.Squirepattonboggs" name="run" time="2.922"/>
  <system-out/>
  <testcase classname="com.jack.task.Squirepattonboggs" name="run" time="6.452"/>
  <system-out/>
  <testcase classname="com.jack.task.Squirepattonboggs" name="run" time="4.330"/>
  <system-out/>
  <testcase classname="com.jack.task.Squirepattonboggs" name="run" time="5.388"/>
  <system-out/>
  <testcase classname="com.jack.task.Squirepattonboggs" name="run" time="6.325"/>
  <system-out/>
  <testcase classname="com.jack.task.Squirepattonboggs" name="run" time="6.357"/>
  <system-out/>
  <testcase classname="com.jack.task.Squirepattonboggs" name="run" time="7.686"/>
  <system-out/>
  <testcase classname="com.jack.task.Squirepattonboggs" name="run" time="3.221"/>
  <system-out/>
  <testcase classname="com.jack.task.Squirepattonboggs" name="run" time="6.388"/>
  <system-out/>
  <testcase classname="com.jack.task.Squirepattonboggs" name="run" time="5.434"/>
  <system-out/>
  <testcase classname="com.jack.task.Squirepattonboggs" name="run" time="6.373"/>
  <system-out/>
  <testcase classname="com.jack.task.Squirepattonboggs" name="run" time="6.442"/>
  <system-out/>
  <testcase classname="com.jack.task.Squirepattonboggs" name="run" time="3.690"/>
  <system-out/>
  <testcase classname="com.jack.task.Squirepattonboggs" name="run" time="8.824"/>
  <system-out/>
  <testcase classname="com.jack.task.Squirepattonboggs" name="run" time="6.815"/>
  <system-out/>
  <testcase classname="com.jack.task.Squirepattonboggs" name="run" time="3.297"/>
  <system-out/>
  <testcase classname="com.jack.task.Squirepattonboggs" name="run" time="3.771"/>
  <system-out/>
  <testcase classname="com.jack.task.Squirepattonboggs" name="run" time="6.173"/>
  <system-out/>
  <testcase classname="com.jack.task.Squirepattonboggs" name="run" time="3.884"/>
  <system-out/>
  <testcase classname="com.jack.task.Squirepattonboggs" name="run" time="5.500"/>
  <system-out/>
  <testcase classname="com.jack.task.Squirepattonboggs" name="run" time="6.145"/>
  <system-out/>
  <testcase classname="com.jack.task.Squirepattonboggs" name="run" time="4.301"/>
  <system-out/>
  <testcase classname="com.jack.task.Squirepattonboggs" name="run" time="3.998"/>
  <system-out/>
  <testcase classname="com.jack.task.Squirepattonboggs" name="run" time="5.139"/>
  <system-out/>
  <testcase classname="com.jack.task.Squirepattonboggs" name="run" time="6.118"/>
  <system-out/>
  <testcase classname="com.jack.task.Squirepattonboggs" name="run" time="4.907"/>
  <system-out/>
  <testcase classname="com.jack.task.Squirepattonboggs" name="run" time="6.491"/>
  <system-out/>
  <testcase classname="com.jack.task.Squirepattonboggs" name="run" time="6.574"/>
  <system-out/>
  <testcase classname="com.jack.task.Squirepattonboggs" name="run" time="6.105"/>
  <system-out/>
  <testcase classname="com.jack.task.Squirepattonboggs" name="run" time="14.911"/>
  <system-out/>
  <testcase classname="com.jack.task.Squirepattonboggs" name="run" time="4.263"/>
  <system-out/>
  <testcase classname="com.jack.task.Squirepattonboggs" name="run" time="4.362"/>
  <system-out/>
  <testcase classname="com.jack.task.Squirepattonboggs" name="run" time="6.000"/>
  <system-out/>
  <testcase classname="com.jack.task.Squirepattonboggs" name="run" time="6.193"/>
  <system-out/>
  <testcase classname="com.jack.task.Squirepattonboggs" name="run" time="3.603"/>
  <system-out/>
  <testcase classname="com.jack.task.Squirepattonboggs" name="run" time="6.487"/>
  <system-out/>
  <testcase classname="com.jack.task.Squirepattonboggs" name="run" time="8.214"/>
  <system-out/>
  <testcase classname="com.jack.task.Squirepattonboggs" name="run" time="4.580"/>
  <system-out/>
  <testcase classname="com.jack.task.Squirepattonboggs" name="run" time="4.081"/>
  <system-out/>
  <testcase classname="com.jack.task.Squirepattonboggs" name="run" time="4.924"/>
  <system-out/>
  <testcase classname="com.jack.task.Squirepattonboggs" name="run" time="3.699"/>
  <system-out/>
  <testcase classname="com.jack.task.Squirepattonboggs" name="run" time="6.837"/>
  <system-out/>
  <testcase classname="com.jack.task.Squirepattonboggs" name="run" time="4.944"/>
  <system-out/>
  <testcase classname="com.jack.task.Squirepattonboggs" name="run" time="6.551"/>
  <system-out/>
  <testcase classname="com.jack.task.Squirepattonboggs" name="run" time="3.334"/>
  <system-out/>
  <testcase classname="com.jack.task.Squirepattonboggs" name="run" time="4.757"/>
  <system-out/>
  <testcase classname="com.jack.task.Squirepattonboggs" name="run" time="8.784"/>
  <system-out/>
  <testcase classname="com.jack.task.Squirepattonboggs" name="run" time="11.260"/>
  <system-out/>
  <testcase classname="com.jack.task.Squirepattonboggs" name="run" time="6.096"/>
  <system-out/>
  <testcase classname="com.jack.task.Squirepattonboggs" name="run" time="5.681"/>
  <system-out/>
  <testcase classname="com.jack.task.Squirepattonboggs" name="run" time="4.597"/>
  <system-out/>
  <testcase classname="com.jack.task.Squirepattonboggs" name="run" time="5.215"/>
  <system-out/>
  <testcase classname="com.jack.task.Squirepattonboggs" name="run" time="5.703"/>
  <system-out/>
  <testcase classname="com.jack.task.Squirepattonboggs" name="run" time="5.284"/>
  <system-out/>
  <testcase classname="com.jack.task.Squirepattonboggs" name="run" time="6.311"/>
  <system-out/>
  <testcase classname="com.jack.task.Squirepattonboggs" name="run" time="6.341"/>
  <system-out/>
  <testcase classname="com.jack.task.Squirepattonboggs" name="run" time="6.373"/>
  <system-out/>
  <testcase classname="com.jack.task.Squirepattonboggs" name="run" time="6.992"/>
  <system-out/>
  <testcase classname="com.jack.task.Squirepattonboggs" name="run" time="16.937"/>
  <system-out/>
  <testcase classname="com.jack.task.Squirepattonboggs" name="run" time="7.763"/>
  <system-out/>
  <testcase classname="com.jack.task.Squirepattonboggs" name="run" time="3.278"/>
  <system-out/>
  <testcase classname="com.jack.task.Squirepattonboggs" name="run" time="7.421"/>
  <system-out/>
  <testcase classname="com.jack.task.Squirepattonboggs" name="run" time="4.601"/>
  <system-out/>
  <testcase classname="com.jack.task.Squirepattonboggs" name="run" time="6.043"/>
  <system-out/>
  <testcase classname="com.jack.task.Squirepattonboggs" name="run" time="7.967"/>
  <system-out/>
  <testcase classname="com.jack.task.Squirepattonboggs" name="run" time="3.958"/>
  <system-out/>
  <testcase classname="com.jack.task.Squirepattonboggs" name="run" time="7.708"/>
  <system-out/>
  <testcase classname="com.jack.task.Squirepattonboggs" name="run" time="3.550"/>
  <system-out/>
  <testcase classname="com.jack.task.Squirepattonboggs" name="run" time="5.048"/>
  <system-out/>
  <testcase classname="com.jack.task.Squirepattonboggs" name="run" time="3.499"/>
  <system-out/>
  <testcase classname="com.jack.task.Squirepattonboggs" name="run" time="6.101"/>
  <system-out/>
  <testcase classname="com.jack.task.Squirepattonboggs" name="run" time="5.276"/>
  <system-out/>
  <testcase classname="com.jack.task.Squirepattonboggs" name="run" time="4.349"/>
  <system-out/>
  <testcase classname="com.jack.task.Squirepattonboggs" name="run" time="4.965"/>
  <system-out/>
  <testcase classname="com.jack.task.Squirepattonboggs" name="run" time="2.891"/>
  <system-out/>
  <testcase classname="com.jack.task.Squirepattonboggs" name="run" time="5.105"/>
  <system-out/>
  <testcase classname="com.jack.task.Squirepattonboggs" name="run" time="6.409"/>
  <system-out/>
  <testcase classname="com.jack.task.Squirepattonboggs" name="run" time="5.183"/>
  <system-out/>
  <testcase classname="com.jack.task.Squirepattonboggs" name="run" time="3.721"/>
  <system-out/>
  <testcase classname="com.jack.task.Squirepattonboggs" name="run" time="3.382"/>
  <system-out/>
  <testcase classname="com.jack.task.Squirepattonboggs" name="run" time="5.037"/>
  <system-out/>
  <testcase classname="com.jack.task.Squirepattonboggs" name="run" time="3.177"/>
  <system-out/>
  <testcase classname="com.jack.task.Squirepattonboggs" name="run" time="10.170"/>
  <system-out/>
  <testcase classname="com.jack.task.Squirepattonboggs" name="run" time="4.913"/>
  <system-out/>
  <testcase classname="com.jack.task.Squirepattonboggs" name="run" time="5.824"/>
  <system-out/>
  <testcase classname="com.jack.task.Squirepattonboggs" name="run" time="4.224"/>
  <system-out/>
  <testcase classname="com.jack.task.Squirepattonboggs" name="run" time="5.420"/>
  <system-out/>
  <testcase classname="com.jack.task.Squirepattonboggs" name="run" time="6.011"/>
  <system-out/>
  <testcase classname="com.jack.task.Squirepattonboggs" name="run" time="4.553"/>
  <system-out/>
  <testcase classname="com.jack.task.Squirepattonboggs" name="run" time="5.117"/>
  <system-out/>
  <testcase classname="com.jack.task.Squirepattonboggs" name="run" time="3.304"/>
  <system-out/>
  <testcase classname="com.jack.task.Squirepattonboggs" name="run" time="5.047"/>
  <system-out/>
  <testcase classname="com.jack.task.Squirepattonboggs" name="run" time="4.542"/>
  <system-out/>
  <testcase classname="com.jack.task.Squirepattonboggs" name="run" time="4.375"/>
  <system-out/>
  <testcase classname="com.jack.task.Squirepattonboggs" name="run" time="5.198"/>
  <system-out/>
  <testcase classname="com.jack.task.Squirepattonboggs" name="run" time="5.201"/>
  <system-out/>
  <testcase classname="com.jack.task.Squirepattonboggs" name="run" time="3.933"/>
  <system-out/>
  <testcase classname="com.jack.task.Squirepattonboggs" name="run" time="4.202"/>
  <system-out/>
  <testcase classname="com.jack.task.Squirepattonboggs" name="run" time="7.896"/>
  <system-out/>
  <testcase classname="com.jack.task.Squirepattonboggs" name="run" time="3.582"/>
  <system-out/>
  <testcase classname="com.jack.task.Squirepattonboggs" name="run" time="7.192"/>
  <system-out/>
  <testcase classname="com.jack.task.Squirepattonboggs" name="run" time="6.152"/>
  <system-out/>
  <testcase classname="com.jack.task.Squirepattonboggs" name="run" time="4.704"/>
  <system-out/>
  <testcase classname="com.jack.task.Squirepattonboggs" name="run" time="4.051"/>
  <system-out/>
</testsuite> <!-- com.jack.task.Squirepattonboggs -->
