<?xml version="1.0" encoding="UTF-8"?>
<!-- Generated by org.testng.reporters.JUnitReportReporter -->
<testsuite hostname="DESKTOP-3DLKC1S" failures="0" tests="6" name="com.jack.task2.Mofo" time="4.749" errors="0" timestamp="2023-02-27T00:53:51 BDT" skipped="0">
  <testcase classname="com.jack.task2.Mofo" name="saveList" time="0.030"/>
  <system-out/>
  <testcase classname="com.jack.task2.Mofo" name="run" time="0.956"/>
  <system-out/>
  <testcase classname="com.jack.task2.Mofo" name="run" time="1.577"/>
  <system-out/>
  <testcase classname="com.jack.task2.Mofo" name="run" time="1.151"/>
  <system-out/>
  <testcase classname="com.jack.task2.Mofo" name="testx" time="0.001"/>
  <system-out/>
  <testcase classname="com.jack.task2.Mofo" name="run" time="1.034"/>
  <system-out/>
</testsuite> <!-- com.jack.task2.Mofo -->
