<?xml version="1.0" encoding="UTF-8"?>
<!-- Generated by org.testng.reporters.JUnitReportReporter -->
<testsuite hostname="DESKTOP-3DLKC1S" failures="0" tests="6" name="com.jack.task3.Kramerlevin" time="17.514" errors="0" timestamp="2023-03-19T12:58:49 BDT" skipped="0">
  <testcase classname="com.jack.task3.Kramerlevin" name="run" time="3.347"/>
  <system-out/>
  <testcase classname="com.jack.task3.Kramerlevin" name="run" time="4.130"/>
  <system-out/>
  <testcase classname="com.jack.task3.Kramerlevin" name="run" time="4.275"/>
  <system-out/>
  <testcase classname="com.jack.task3.Kramerlevin" name="run" time="5.613"/>
  <system-out/>
  <testcase classname="com.jack.task3.Kramerlevin" name="saveList" time="0.149"/>
  <system-out/>
  <testcase classname="com.jack.task3.Kramerlevin" name="testx" time="0.000"/>
  <system-out/>
</testsuite> <!-- com.jack.task3.Kramerlevin -->
