<?xml version="1.0" encoding="UTF-8"?>
<!-- Generated by org.testng.reporters.JUnitReportReporter -->
<testsuite hostname="DESKTOP-3DLKC1S" failures="0" tests="1" name="com.jack.LinkScrap.Others" time="2.022" errors="0" timestamp="2023-03-16T19:53:28 BDT" skipped="0">
  <testcase classname="com.jack.LinkScrap.Others" name="testx" time="2.022"/>
  <system-out/>
</testsuite> <!-- com.jack.LinkScrap.Others -->
