<?xml version="1.0" encoding="UTF-8"?>
<!-- Generated by org.testng.reporters.JUnitReportReporter -->
<testsuite hostname="DESKTOP-3DLKC1S" failures="0" tests="6" name="com.jack.task3.Ballardspahr" time="11.886" errors="0" timestamp="2023-03-19T14:18:14 BDT" skipped="0">
  <testcase classname="com.jack.task3.Ballardspahr" name="run" time="2.627"/>
  <system-out/>
  <testcase classname="com.jack.task3.Ballardspahr" name="testx" time="0.000"/>
  <system-out/>
  <testcase classname="com.jack.task3.Ballardspahr" name="run" time="4.406"/>
  <system-out/>
  <testcase classname="com.jack.task3.Ballardspahr" name="saveList" time="0.176"/>
  <system-out/>
  <testcase classname="com.jack.task3.Ballardspahr" name="run" time="2.462"/>
  <system-out/>
  <testcase classname="com.jack.task3.Ballardspahr" name="run" time="2.215"/>
  <system-out/>
</testsuite> <!-- com.jack.task3.Ballardspahr -->
