<?xml version="1.0" encoding="UTF-8"?>
<!-- Generated by org.testng.reporters.JUnitReportReporter -->
<testsuite hostname="DESKTOP-3DLKC1S" failures="0" tests="8" name="com.jack.task4.Troutman" time="13.724" errors="0" timestamp="2023-04-02T20:47:47 BDT" skipped="0">
  <testcase classname="com.jack.task4.Troutman" name="saveList" time="0.033"/>
  <system-out/>
  <testcase classname="com.jack.task4.Troutman" name="run" time="2.795"/>
  <system-out/>
  <testcase classname="com.jack.task4.Troutman" name="run" time="2.200"/>
  <system-out/>
  <testcase classname="com.jack.task4.Troutman" name="run" time="2.328"/>
  <system-out/>
  <testcase classname="com.jack.task4.Troutman" name="run" time="2.201"/>
  <system-out/>
  <testcase classname="com.jack.task4.Troutman" name="run" time="2.019"/>
  <system-out/>
  <testcase classname="com.jack.task4.Troutman" name="run" time="2.148"/>
  <system-out/>
  <testcase classname="com.jack.task4.Troutman" name="testx" time="0.000"/>
  <system-out/>
</testsuite> <!-- com.jack.task4.Troutman -->
