<?xml version="1.0" encoding="UTF-8"?>
<!-- Generated by org.testng.reporters.JUnitReportReporter -->
<testsuite hostname="DESKTOP-3DLKC1S" failures="0" tests="6" name="com.jack.task4.Katten" time="4.761" errors="0" timestamp="2023-04-03T00:18:17 BDT" skipped="0">
  <testcase classname="com.jack.task4.Katten" name="run" time="1.048"/>
  <system-out/>
  <testcase classname="com.jack.task4.Katten" name="run" time="1.079"/>
  <system-out/>
  <testcase classname="com.jack.task4.Katten" name="saveList" time="0.032"/>
  <system-out/>
  <testcase classname="com.jack.task4.Katten" name="testx" time="0.001"/>
  <system-out/>
  <testcase classname="com.jack.task4.Katten" name="run" time="1.103"/>
  <system-out/>
  <testcase classname="com.jack.task4.Katten" name="run" time="1.498"/>
  <system-out/>
</testsuite> <!-- com.jack.task4.Katten -->
