<?xml version="1.0" encoding="UTF-8"?>
<!-- Generated by org.testng.reporters.JUnitReportReporter -->
<testsuite hostname="DESKTOP-3DLKC1S" failures="0" tests="8" name="com.jack.task2.Arnoldporter" time="11.047" errors="0" timestamp="2023-02-27T23:55:13 BDT" skipped="0">
  <testcase classname="com.jack.task2.Arnoldporter" name="run" time="1.279"/>
  <system-out/>
  <testcase classname="com.jack.task2.Arnoldporter" name="run" time="1.260"/>
  <system-out/>
  <testcase classname="com.jack.task2.Arnoldporter" name="saveList" time="0.028"/>
  <system-out/>
  <testcase classname="com.jack.task2.Arnoldporter" name="run" time="4.242"/>
  <system-out/>
  <testcase classname="com.jack.task2.Arnoldporter" name="run" time="1.177"/>
  <system-out/>
  <testcase classname="com.jack.task2.Arnoldporter" name="testx" time="0.001"/>
  <system-out/>
  <testcase classname="com.jack.task2.Arnoldporter" name="run" time="1.880"/>
  <system-out/>
  <testcase classname="com.jack.task2.Arnoldporter" name="run" time="1.180"/>
  <system-out/>
</testsuite> <!-- com.jack.task2.Arnoldporter -->
