<?xml version="1.0" encoding="UTF-8"?>
<!-- Generated by org.testng.reporters.JUnitReportReporter -->
<testsuite hostname="DESKTOP-3DLKC1S" failures="0" tests="6" name="com.jack.task3.Kslaw" time="16.412" errors="0" timestamp="2023-03-17T17:10:26 BDT" skipped="0">
  <testcase classname="com.jack.task3.Kslaw" name="saveList" time="0.196"/>
  <system-out/>
  <testcase classname="com.jack.task3.Kslaw" name="testx" time="0.001"/>
  <system-out/>
  <testcase classname="com.jack.task3.Kslaw" name="run" time="2.854"/>
  <system-out/>
  <testcase classname="com.jack.task3.Kslaw" name="run" time="5.279"/>
  <system-out/>
  <testcase classname="com.jack.task3.Kslaw" name="run" time="4.182"/>
  <system-out/>
  <testcase classname="com.jack.task3.Kslaw" name="run" time="3.900"/>
  <system-out/>
</testsuite> <!-- com.jack.task3.Kslaw -->
