<?xml version="1.0" encoding="UTF-8"?>
<!-- Generated by org.testng.reporters.JUnitReportReporter -->
<testsuite hostname="DESKTOP-3DLKC1S" failures="0" tests="7" name="com.jack.task3.Haynesboone" time="24.528" errors="0" timestamp="2023-03-19T18:52:31 BDT" skipped="0">
  <testcase classname="com.jack.task3.Haynesboone" name="run" time="8.521"/>
  <system-out/>
  <testcase classname="com.jack.task3.Haynesboone" name="run" time="3.223"/>
  <system-out/>
  <testcase classname="com.jack.task3.Haynesboone" name="run" time="3.476"/>
  <system-out/>
  <testcase classname="com.jack.task3.Haynesboone" name="run" time="3.331"/>
  <system-out/>
  <testcase classname="com.jack.task3.Haynesboone" name="testx" time="0.001"/>
  <system-out/>
  <testcase classname="com.jack.task3.Haynesboone" name="saveList" time="0.147"/>
  <system-out/>
  <testcase classname="com.jack.task3.Haynesboone" name="run" time="5.829"/>
  <system-out/>
</testsuite> <!-- com.jack.task3.Haynesboone -->
