<?xml version="1.0" encoding="UTF-8"?>
<!-- Generated by org.testng.reporters.JUnitReportReporter -->
<testsuite hostname="DESKTOP-3DLKC1S" failures="0" tests="688" name="com.jack.LinkScrap.ImageWork" time="736.353" errors="4" timestamp="2023-04-13T12:42:49 BDT" skipped="0">
  <testcase classname="com.jack.LinkScrap.ImageWork" name="run" time="1.431"/>
  <system-out/>
  <testcase classname="com.jack.LinkScrap.ImageWork" name="run" time="1.797"/>
  <system-out/>
  <testcase classname="com.jack.LinkScrap.ImageWork" name="run" time="0.334"/>
  <system-out/>
  <testcase classname="com.jack.LinkScrap.ImageWork" name="run" time="0.347"/>
  <system-out/>
  <testcase classname="com.jack.LinkScrap.ImageWork" name="run" time="1.544"/>
  <system-out/>
  <testcase classname="com.jack.LinkScrap.ImageWork" name="run" time="0.321"/>
  <system-out/>
  <testcase classname="com.jack.LinkScrap.ImageWork" name="run" time="0.525"/>
  <system-out/>
  <testcase classname="com.jack.LinkScrap.ImageWork" name="run" time="0.961"/>
  <system-out/>
  <testcase classname="com.jack.LinkScrap.ImageWork" name="run" time="0.717"/>
  <system-out/>
  <testcase classname="com.jack.LinkScrap.ImageWork" name="run" time="1.742"/>
  <system-out/>
  <testcase classname="com.jack.LinkScrap.ImageWork" name="run" time="0.595"/>
  <system-out/>
  <testcase classname="com.jack.LinkScrap.ImageWork" name="run" time="0.585"/>
  <system-out/>
  <testcase classname="com.jack.LinkScrap.ImageWork" name="run" time="0.727"/>
  <system-out/>
  <testcase classname="com.jack.LinkScrap.ImageWork" name="run" time="2.336"/>
  <system-out/>
  <testcase classname="com.jack.LinkScrap.ImageWork" name="run" time="0.634"/>
  <system-out/>
  <testcase classname="com.jack.LinkScrap.ImageWork" name="run" time="1.495"/>
  <system-out/>
  <testcase classname="com.jack.LinkScrap.ImageWork" name="run" time="4.190"/>
  <system-out/>
  <testcase classname="com.jack.LinkScrap.ImageWork" name="run" time="1.216"/>
  <system-out/>
  <testcase classname="com.jack.LinkScrap.ImageWork" name="run" time="1.391"/>
  <system-out/>
  <testcase classname="com.jack.LinkScrap.ImageWork" name="run" time="2.326"/>
  <system-out/>
  <testcase classname="com.jack.LinkScrap.ImageWork" name="run" time="0.639"/>
  <system-out/>
  <testcase classname="com.jack.LinkScrap.ImageWork" name="run" time="0.764"/>
  <system-out/>
  <testcase classname="com.jack.LinkScrap.ImageWork" name="run" time="2.107"/>
  <system-out/>
  <testcase classname="com.jack.LinkScrap.ImageWork" name="run" time="0.607"/>
  <system-out/>
  <testcase classname="com.jack.LinkScrap.ImageWork" name="run" time="2.025"/>
  <system-out/>
  <testcase classname="com.jack.LinkScrap.ImageWork" name="run" time="0.763"/>
  <system-out/>
  <testcase classname="com.jack.LinkScrap.ImageWork" name="run" time="0.323"/>
  <system-out/>
  <testcase classname="com.jack.LinkScrap.ImageWork" name="run" time="1.758"/>
  <system-out/>
  <testcase classname="com.jack.LinkScrap.ImageWork" name="run" time="0.910"/>
  <system-out/>
  <testcase classname="com.jack.LinkScrap.ImageWork" name="run" time="1.826"/>
  <system-out/>
  <testcase classname="com.jack.LinkScrap.ImageWork" name="run" time="0.637"/>
  <system-out/>
  <testcase classname="com.jack.LinkScrap.ImageWork" name="run" time="0.631"/>
  <system-out/>
  <testcase classname="com.jack.LinkScrap.ImageWork" name="run" time="0.514"/>
  <system-out/>
  <testcase classname="com.jack.LinkScrap.ImageWork" name="run" time="0.325"/>
  <system-out/>
  <testcase classname="com.jack.LinkScrap.ImageWork" name="run" time="1.515"/>
  <system-out/>
  <testcase classname="com.jack.LinkScrap.ImageWork" name="run" time="0.947"/>
  <system-out/>
  <testcase classname="com.jack.LinkScrap.ImageWork" name="run" time="1.954"/>
  <system-out/>
  <testcase classname="com.jack.LinkScrap.ImageWork" name="run" time="0.806"/>
  <system-out/>
  <testcase classname="com.jack.LinkScrap.ImageWork" name="run" time="0.327"/>
  <system-out/>
  <testcase classname="com.jack.LinkScrap.ImageWork" name="run" time="0.300">
    <error message="D:\Fiverr Work\Jack Project 4\ARENTFOX SCHIFF LLP\rimg\230413afslaw00121Couchoud*.jpg (The filename, directory name, or volume label syntax is incorrect)" type="java.io.FileNotFoundException">
      <![CDATA[java.io.FileNotFoundException: D:\Fiverr Work\Jack Project 4\ARENTFOX SCHIFF LLP\rimg\230413afslaw00121Couchoud*.jpg (The filename, directory name, or volume label syntax is incorrect)
at java.base/java.io.FileOutputStream.open0(Native Method)
at java.base/java.io.FileOutputStream.open(FileOutputStream.java:293)
at java.base/java.io.FileOutputStream.<init>(FileOutputStream.java:235)
at java.base/java.io.FileOutputStream.<init>(FileOutputStream.java:123)
at com.jack.LinkScrap.ImageWork.run(ImageWork.java:44)
at jdk.internal.reflect.GeneratedMethodAccessor1.invoke(Unknown Source)
at java.base/jdk.internal.reflect.DelegatingMethodAccessorImpl.invoke(DelegatingMethodAccessorImpl.java:43)
at java.base/java.lang.reflect.Method.invoke(Method.java:568)
at org.testng.internal.invokers.MethodInvocationHelper.invokeMethod(MethodInvocationHelper.java:139)
at org.testng.internal.invokers.TestInvoker.invokeMethod(TestInvoker.java:677)
at org.testng.internal.invokers.TestInvoker.invokeTestMethod(TestInvoker.java:221)
at org.testng.internal.invokers.MethodRunner.runInSequence(MethodRunner.java:50)
at org.testng.internal.invokers.TestInvoker$MethodInvocationAgent.invoke(TestInvoker.java:969)
at org.testng.internal.invokers.TestInvoker.invokeTestMethods(TestInvoker.java:194)
at org.testng.internal.invokers.TestMethodWorker.invokeTestMethods(TestMethodWorker.java:148)
at org.testng.internal.invokers.TestMethodWorker.run(TestMethodWorker.java:128)
at java.base/java.util.ArrayList.forEach(ArrayList.java:1511)
at org.testng.TestRunner.privateRun(TestRunner.java:829)
at org.testng.TestRunner.run(TestRunner.java:602)
at org.testng.SuiteRunner.runTest(SuiteRunner.java:437)
at org.testng.SuiteRunner.runSequentially(SuiteRunner.java:431)
at org.testng.SuiteRunner.privateRun(SuiteRunner.java:391)
at org.testng.SuiteRunner.run(SuiteRunner.java:330)
at org.testng.SuiteRunnerWorker.runSuite(SuiteRunnerWorker.java:52)
at org.testng.SuiteRunnerWorker.run(SuiteRunnerWorker.java:95)
at org.testng.TestNG.runSuitesSequentially(TestNG.java:1256)
at org.testng.TestNG.runSuitesLocally(TestNG.java:1176)
at org.testng.TestNG.runSuites(TestNG.java:1099)
at org.testng.TestNG.run(TestNG.java:1067)
at org.testng.remote.AbstractRemoteTestNG.run(AbstractRemoteTestNG.java:115)
at org.testng.remote.RemoteTestNG.initAndRun(RemoteTestNG.java:251)
at org.testng.remote.RemoteTestNG.main(RemoteTestNG.java:77)
]]>
    </error>
  </testcase> <!-- run -->
  <system-out/>
  <testcase classname="com.jack.LinkScrap.ImageWork" name="run" time="0.556"/>
  <system-out/>
  <testcase classname="com.jack.LinkScrap.ImageWork" name="run" time="0.726"/>
  <system-out/>
  <testcase classname="com.jack.LinkScrap.ImageWork" name="run" time="3.103"/>
  <system-out/>
  <testcase classname="com.jack.LinkScrap.ImageWork" name="run" time="0.851"/>
  <system-out/>
  <testcase classname="com.jack.LinkScrap.ImageWork" name="run" time="0.734"/>
  <system-out/>
  <testcase classname="com.jack.LinkScrap.ImageWork" name="run" time="0.808"/>
  <system-out/>
  <testcase classname="com.jack.LinkScrap.ImageWork" name="run" time="0.584"/>
  <system-out/>
  <testcase classname="com.jack.LinkScrap.ImageWork" name="run" time="2.063"/>
  <system-out/>
  <testcase classname="com.jack.LinkScrap.ImageWork" name="run" time="0.796"/>
  <system-out/>
  <testcase classname="com.jack.LinkScrap.ImageWork" name="run" time="0.675"/>
  <system-out/>
  <testcase classname="com.jack.LinkScrap.ImageWork" name="run" time="0.754"/>
  <system-out/>
  <testcase classname="com.jack.LinkScrap.ImageWork" name="run" time="0.692"/>
  <system-out/>
  <testcase classname="com.jack.LinkScrap.ImageWork" name="run" time="1.836"/>
  <system-out/>
  <testcase classname="com.jack.LinkScrap.ImageWork" name="run" time="0.537"/>
  <system-out/>
  <testcase classname="com.jack.LinkScrap.ImageWork" name="run" time="0.798"/>
  <system-out/>
  <testcase classname="com.jack.LinkScrap.ImageWork" name="run" time="0.695"/>
  <system-out/>
  <testcase classname="com.jack.LinkScrap.ImageWork" name="run" time="3.451"/>
  <system-out/>
  <testcase classname="com.jack.LinkScrap.ImageWork" name="run" time="1.046"/>
  <system-out/>
  <testcase classname="com.jack.LinkScrap.ImageWork" name="run" time="0.571"/>
  <system-out/>
  <testcase classname="com.jack.LinkScrap.ImageWork" name="run" time="0.717"/>
  <system-out/>
  <testcase classname="com.jack.LinkScrap.ImageWork" name="run" time="0.703"/>
  <system-out/>
  <testcase classname="com.jack.LinkScrap.ImageWork" name="run" time="0.734"/>
  <system-out/>
  <testcase classname="com.jack.LinkScrap.ImageWork" name="run" time="1.505"/>
  <system-out/>
  <testcase classname="com.jack.LinkScrap.ImageWork" name="run" time="0.759"/>
  <system-out/>
  <testcase classname="com.jack.LinkScrap.ImageWork" name="run" time="1.502"/>
  <system-out/>
  <testcase classname="com.jack.LinkScrap.ImageWork" name="run" time="1.906"/>
  <system-out/>
  <testcase classname="com.jack.LinkScrap.ImageWork" name="run" time="0.629"/>
  <system-out/>
  <testcase classname="com.jack.LinkScrap.ImageWork" name="run" time="0.729"/>
  <system-out/>
  <testcase classname="com.jack.LinkScrap.ImageWork" name="run" time="0.803"/>
  <system-out/>
  <testcase classname="com.jack.LinkScrap.ImageWork" name="run" time="1.472"/>
  <system-out/>
  <testcase classname="com.jack.LinkScrap.ImageWork" name="run" time="1.935"/>
  <system-out/>
  <testcase classname="com.jack.LinkScrap.ImageWork" name="run" time="1.800"/>
  <system-out/>
  <testcase classname="com.jack.LinkScrap.ImageWork" name="run" time="0.627"/>
  <system-out/>
  <testcase classname="com.jack.LinkScrap.ImageWork" name="run" time="0.750"/>
  <system-out/>
  <testcase classname="com.jack.LinkScrap.ImageWork" name="run" time="0.366"/>
  <system-out/>
  <testcase classname="com.jack.LinkScrap.ImageWork" name="run" time="0.755"/>
  <system-out/>
  <testcase classname="com.jack.LinkScrap.ImageWork" name="run" time="0.806"/>
  <system-out/>
  <testcase classname="com.jack.LinkScrap.ImageWork" name="run" time="1.836"/>
  <system-out/>
  <testcase classname="com.jack.LinkScrap.ImageWork" name="run" time="0.792"/>
  <system-out/>
  <testcase classname="com.jack.LinkScrap.ImageWork" name="run" time="1.840"/>
  <system-out/>
  <testcase classname="com.jack.LinkScrap.ImageWork" name="run" time="1.775"/>
  <system-out/>
  <testcase classname="com.jack.LinkScrap.ImageWork" name="run" time="0.803"/>
  <system-out/>
  <testcase classname="com.jack.LinkScrap.ImageWork" name="run" time="0.703"/>
  <system-out/>
  <testcase classname="com.jack.LinkScrap.ImageWork" name="run" time="0.978"/>
  <system-out/>
  <testcase classname="com.jack.LinkScrap.ImageWork" name="run" time="0.574"/>
  <system-out/>
  <testcase classname="com.jack.LinkScrap.ImageWork" name="run" time="0.273">
    <error message="D:\Fiverr Work\Jack Project 4\ARENTFOX SCHIFF LLP\rimg\230413afslaw00207Freirich*.jpg (The filename, directory name, or volume label syntax is incorrect)" type="java.io.FileNotFoundException">
      <![CDATA[java.io.FileNotFoundException: D:\Fiverr Work\Jack Project 4\ARENTFOX SCHIFF LLP\rimg\230413afslaw00207Freirich*.jpg (The filename, directory name, or volume label syntax is incorrect)
at java.base/java.io.FileOutputStream.open0(Native Method)
at java.base/java.io.FileOutputStream.open(FileOutputStream.java:293)
at java.base/java.io.FileOutputStream.<init>(FileOutputStream.java:235)
at java.base/java.io.FileOutputStream.<init>(FileOutputStream.java:123)
at com.jack.LinkScrap.ImageWork.run(ImageWork.java:44)
at jdk.internal.reflect.GeneratedMethodAccessor1.invoke(Unknown Source)
at java.base/jdk.internal.reflect.DelegatingMethodAccessorImpl.invoke(DelegatingMethodAccessorImpl.java:43)
at java.base/java.lang.reflect.Method.invoke(Method.java:568)
at org.testng.internal.invokers.MethodInvocationHelper.invokeMethod(MethodInvocationHelper.java:139)
at org.testng.internal.invokers.TestInvoker.invokeMethod(TestInvoker.java:677)
at org.testng.internal.invokers.TestInvoker.invokeTestMethod(TestInvoker.java:221)
at org.testng.internal.invokers.MethodRunner.runInSequence(MethodRunner.java:50)
at org.testng.internal.invokers.TestInvoker$MethodInvocationAgent.invoke(TestInvoker.java:969)
at org.testng.internal.invokers.TestInvoker.invokeTestMethods(TestInvoker.java:194)
at org.testng.internal.invokers.TestMethodWorker.invokeTestMethods(TestMethodWorker.java:148)
at org.testng.internal.invokers.TestMethodWorker.run(TestMethodWorker.java:128)
at java.base/java.util.ArrayList.forEach(ArrayList.java:1511)
at org.testng.TestRunner.privateRun(TestRunner.java:829)
at org.testng.TestRunner.run(TestRunner.java:602)
at org.testng.SuiteRunner.runTest(SuiteRunner.java:437)
at org.testng.SuiteRunner.runSequentially(SuiteRunner.java:431)
at org.testng.SuiteRunner.privateRun(SuiteRunner.java:391)
at org.testng.SuiteRunner.run(SuiteRunner.java:330)
at org.testng.SuiteRunnerWorker.runSuite(SuiteRunnerWorker.java:52)
at org.testng.SuiteRunnerWorker.run(SuiteRunnerWorker.java:95)
at org.testng.TestNG.runSuitesSequentially(TestNG.java:1256)
at org.testng.TestNG.runSuitesLocally(TestNG.java:1176)
at org.testng.TestNG.runSuites(TestNG.java:1099)
at org.testng.TestNG.run(TestNG.java:1067)
at org.testng.remote.AbstractRemoteTestNG.run(AbstractRemoteTestNG.java:115)
at org.testng.remote.RemoteTestNG.initAndRun(RemoteTestNG.java:251)
at org.testng.remote.RemoteTestNG.main(RemoteTestNG.java:77)
]]>
    </error>
  </testcase> <!-- run -->
  <system-out/>
  <testcase classname="com.jack.LinkScrap.ImageWork" name="run" time="0.550"/>
  <system-out/>
  <testcase classname="com.jack.LinkScrap.ImageWork" name="run" time="0.323"/>
  <system-out/>
  <testcase classname="com.jack.LinkScrap.ImageWork" name="run" time="1.458"/>
  <system-out/>
  <testcase classname="com.jack.LinkScrap.ImageWork" name="run" time="0.760"/>
  <system-out/>
  <testcase classname="com.jack.LinkScrap.ImageWork" name="run" time="1.895"/>
  <system-out/>
  <testcase classname="com.jack.LinkScrap.ImageWork" name="run" time="0.858"/>
  <system-out/>
  <testcase classname="com.jack.LinkScrap.ImageWork" name="run" time="0.325"/>
  <system-out/>
  <testcase classname="com.jack.LinkScrap.ImageWork" name="run" time="0.608"/>
  <system-out/>
  <testcase classname="com.jack.LinkScrap.ImageWork" name="run" time="0.737"/>
  <system-out/>
  <testcase classname="com.jack.LinkScrap.ImageWork" name="run" time="1.995"/>
  <system-out/>
  <testcase classname="com.jack.LinkScrap.ImageWork" name="run" time="0.578"/>
  <system-out/>
  <testcase classname="com.jack.LinkScrap.ImageWork" name="run" time="1.597"/>
  <system-out/>
  <testcase classname="com.jack.LinkScrap.ImageWork" name="run" time="2.175"/>
  <system-out/>
  <testcase classname="com.jack.LinkScrap.ImageWork" name="run" time="0.669"/>
  <system-out/>
  <testcase classname="com.jack.LinkScrap.ImageWork" name="run" time="1.560"/>
  <system-out/>
  <testcase classname="com.jack.LinkScrap.ImageWork" name="run" time="0.625"/>
  <system-out/>
  <testcase classname="com.jack.LinkScrap.ImageWork" name="run" time="2.971"/>
  <system-out/>
  <testcase classname="com.jack.LinkScrap.ImageWork" name="run" time="1.435"/>
  <system-out/>
  <testcase classname="com.jack.LinkScrap.ImageWork" name="run" time="1.743"/>
  <system-out/>
  <testcase classname="com.jack.LinkScrap.ImageWork" name="run" time="0.640"/>
  <system-out/>
  <testcase classname="com.jack.LinkScrap.ImageWork" name="run" time="1.900"/>
  <system-out/>
  <testcase classname="com.jack.LinkScrap.ImageWork" name="run" time="0.784"/>
  <system-out/>
  <testcase classname="com.jack.LinkScrap.ImageWork" name="run" time="0.320"/>
  <system-out/>
  <testcase classname="com.jack.LinkScrap.ImageWork" name="run" time="1.704"/>
  <system-out/>
  <testcase classname="com.jack.LinkScrap.ImageWork" name="run" time="0.648"/>
  <system-out/>
  <testcase classname="com.jack.LinkScrap.ImageWork" name="run" time="0.630"/>
  <system-out/>
  <testcase classname="com.jack.LinkScrap.ImageWork" name="run" time="1.864"/>
  <system-out/>
  <testcase classname="com.jack.LinkScrap.ImageWork" name="run" time="1.444"/>
  <system-out/>
  <testcase classname="com.jack.LinkScrap.ImageWork" name="run" time="3.109"/>
  <system-out/>
  <testcase classname="com.jack.LinkScrap.ImageWork" name="run" time="1.594"/>
  <system-out/>
  <testcase classname="com.jack.LinkScrap.ImageWork" name="run" time="0.673"/>
  <system-out/>
  <testcase classname="com.jack.LinkScrap.ImageWork" name="run" time="0.709"/>
  <system-out/>
  <testcase classname="com.jack.LinkScrap.ImageWork" name="run" time="0.800"/>
  <system-out/>
  <testcase classname="com.jack.LinkScrap.ImageWork" name="run" time="0.261">
    <error message="D:\Fiverr Work\Jack Project 4\ARENTFOX SCHIFF LLP\rimg\230413afslaw00418McManus*.jpg (The filename, directory name, or volume label syntax is incorrect)" type="java.io.FileNotFoundException">
      <![CDATA[java.io.FileNotFoundException: D:\Fiverr Work\Jack Project 4\ARENTFOX SCHIFF LLP\rimg\230413afslaw00418McManus*.jpg (The filename, directory name, or volume label syntax is incorrect)
at java.base/java.io.FileOutputStream.open0(Native Method)
at java.base/java.io.FileOutputStream.open(FileOutputStream.java:293)
at java.base/java.io.FileOutputStream.<init>(FileOutputStream.java:235)
at java.base/java.io.FileOutputStream.<init>(FileOutputStream.java:123)
at com.jack.LinkScrap.ImageWork.run(ImageWork.java:44)
at jdk.internal.reflect.GeneratedMethodAccessor1.invoke(Unknown Source)
at java.base/jdk.internal.reflect.DelegatingMethodAccessorImpl.invoke(DelegatingMethodAccessorImpl.java:43)
at java.base/java.lang.reflect.Method.invoke(Method.java:568)
at org.testng.internal.invokers.MethodInvocationHelper.invokeMethod(MethodInvocationHelper.java:139)
at org.testng.internal.invokers.TestInvoker.invokeMethod(TestInvoker.java:677)
at org.testng.internal.invokers.TestInvoker.invokeTestMethod(TestInvoker.java:221)
at org.testng.internal.invokers.MethodRunner.runInSequence(MethodRunner.java:50)
at org.testng.internal.invokers.TestInvoker$MethodInvocationAgent.invoke(TestInvoker.java:969)
at org.testng.internal.invokers.TestInvoker.invokeTestMethods(TestInvoker.java:194)
at org.testng.internal.invokers.TestMethodWorker.invokeTestMethods(TestMethodWorker.java:148)
at org.testng.internal.invokers.TestMethodWorker.run(TestMethodWorker.java:128)
at java.base/java.util.ArrayList.forEach(ArrayList.java:1511)
at org.testng.TestRunner.privateRun(TestRunner.java:829)
at org.testng.TestRunner.run(TestRunner.java:602)
at org.testng.SuiteRunner.runTest(SuiteRunner.java:437)
at org.testng.SuiteRunner.runSequentially(SuiteRunner.java:431)
at org.testng.SuiteRunner.privateRun(SuiteRunner.java:391)
at org.testng.SuiteRunner.run(SuiteRunner.java:330)
at org.testng.SuiteRunnerWorker.runSuite(SuiteRunnerWorker.java:52)
at org.testng.SuiteRunnerWorker.run(SuiteRunnerWorker.java:95)
at org.testng.TestNG.runSuitesSequentially(TestNG.java:1256)
at org.testng.TestNG.runSuitesLocally(TestNG.java:1176)
at org.testng.TestNG.runSuites(TestNG.java:1099)
at org.testng.TestNG.run(TestNG.java:1067)
at org.testng.remote.AbstractRemoteTestNG.run(AbstractRemoteTestNG.java:115)
at org.testng.remote.RemoteTestNG.initAndRun(RemoteTestNG.java:251)
at org.testng.remote.RemoteTestNG.main(RemoteTestNG.java:77)
]]>
    </error>
  </testcase> <!-- run -->
  <system-out/>
  <testcase classname="com.jack.LinkScrap.ImageWork" name="run" time="1.849"/>
  <system-out/>
  <testcase classname="com.jack.LinkScrap.ImageWork" name="run" time="0.571"/>
  <system-out/>
  <testcase classname="com.jack.LinkScrap.ImageWork" name="run" time="0.663"/>
  <system-out/>
  <testcase classname="com.jack.LinkScrap.ImageWork" name="run" time="0.786"/>
  <system-out/>
  <testcase classname="com.jack.LinkScrap.ImageWork" name="run" time="0.648"/>
  <system-out/>
  <testcase classname="com.jack.LinkScrap.ImageWork" name="run" time="1.413"/>
  <system-out/>
  <testcase classname="com.jack.LinkScrap.ImageWork" name="run" time="0.689"/>
  <system-out/>
  <testcase classname="com.jack.LinkScrap.ImageWork" name="run" time="1.819"/>
  <system-out/>
  <testcase classname="com.jack.LinkScrap.ImageWork" name="run" time="1.721"/>
  <system-out/>
  <testcase classname="com.jack.LinkScrap.ImageWork" name="run" time="1.562"/>
  <system-out/>
  <testcase classname="com.jack.LinkScrap.ImageWork" name="run" time="1.868"/>
  <system-out/>
  <testcase classname="com.jack.LinkScrap.ImageWork" name="run" time="0.959"/>
  <system-out/>
  <testcase classname="com.jack.LinkScrap.ImageWork" name="run" time="0.562"/>
  <system-out/>
  <testcase classname="com.jack.LinkScrap.ImageWork" name="run" time="2.012"/>
  <system-out/>
  <testcase classname="com.jack.LinkScrap.ImageWork" name="run" time="1.959"/>
  <system-out/>
  <testcase classname="com.jack.LinkScrap.ImageWork" name="run" time="0.596"/>
  <system-out/>
  <testcase classname="com.jack.LinkScrap.ImageWork" name="run" time="1.772"/>
  <system-out/>
  <testcase classname="com.jack.LinkScrap.ImageWork" name="run" time="1.392"/>
  <system-out/>
  <testcase classname="com.jack.LinkScrap.ImageWork" name="run" time="0.332"/>
  <system-out/>
  <testcase classname="com.jack.LinkScrap.ImageWork" name="run" time="1.024"/>
  <system-out/>
  <testcase classname="com.jack.LinkScrap.ImageWork" name="run" time="1.621"/>
  <system-out/>
  <testcase classname="com.jack.LinkScrap.ImageWork" name="run" time="0.604"/>
  <system-out/>
  <testcase classname="com.jack.LinkScrap.ImageWork" name="run" time="0.326"/>
  <system-out/>
  <testcase classname="com.jack.LinkScrap.ImageWork" name="run" time="0.926"/>
  <system-out/>
  <testcase classname="com.jack.LinkScrap.ImageWork" name="run" time="1.434"/>
  <system-out/>
  <testcase classname="com.jack.LinkScrap.ImageWork" name="run" time="0.639"/>
  <system-out/>
  <testcase classname="com.jack.LinkScrap.ImageWork" name="run" time="3.204"/>
  <system-out/>
  <testcase classname="com.jack.LinkScrap.ImageWork" name="run" time="0.812"/>
  <system-out/>
  <testcase classname="com.jack.LinkScrap.ImageWork" name="run" time="0.590"/>
  <system-out/>
  <testcase classname="com.jack.LinkScrap.ImageWork" name="run" time="0.644"/>
  <system-out/>
  <testcase classname="com.jack.LinkScrap.ImageWork" name="run" time="2.116"/>
  <system-out/>
  <testcase classname="com.jack.LinkScrap.ImageWork" name="run" time="2.258"/>
  <system-out/>
  <testcase classname="com.jack.LinkScrap.ImageWork" name="run" time="0.464"/>
  <system-out/>
  <testcase classname="com.jack.LinkScrap.ImageWork" name="run" time="0.599"/>
  <system-out/>
  <testcase classname="com.jack.LinkScrap.ImageWork" name="run" time="1.711"/>
  <system-out/>
  <testcase classname="com.jack.LinkScrap.ImageWork" name="run" time="0.336"/>
  <system-out/>
  <testcase classname="com.jack.LinkScrap.ImageWork" name="run" time="0.460"/>
  <system-out/>
  <testcase classname="com.jack.LinkScrap.ImageWork" name="run" time="0.597"/>
  <system-out/>
  <testcase classname="com.jack.LinkScrap.ImageWork" name="run" time="0.622"/>
  <system-out/>
  <testcase classname="com.jack.LinkScrap.ImageWork" name="run" time="2.577"/>
  <system-out/>
  <testcase classname="com.jack.LinkScrap.ImageWork" name="run" time="0.558"/>
  <system-out/>
  <testcase classname="com.jack.LinkScrap.ImageWork" name="run" time="1.530"/>
  <system-out/>
  <testcase classname="com.jack.LinkScrap.ImageWork" name="run" time="0.599"/>
  <system-out/>
  <testcase classname="com.jack.LinkScrap.ImageWork" name="run" time="0.580"/>
  <system-out/>
  <testcase classname="com.jack.LinkScrap.ImageWork" name="run" time="1.380"/>
  <system-out/>
  <testcase classname="com.jack.LinkScrap.ImageWork" name="run" time="2.340"/>
  <system-out/>
  <testcase classname="com.jack.LinkScrap.ImageWork" name="run" time="0.708"/>
  <system-out/>
  <testcase classname="com.jack.LinkScrap.ImageWork" name="run" time="0.752"/>
  <system-out/>
  <testcase classname="com.jack.LinkScrap.ImageWork" name="run" time="0.738"/>
  <system-out/>
  <testcase classname="com.jack.LinkScrap.ImageWork" name="run" time="0.596"/>
  <system-out/>
  <testcase classname="com.jack.LinkScrap.ImageWork" name="run" time="2.383"/>
  <system-out/>
  <testcase classname="com.jack.LinkScrap.ImageWork" name="run" time="0.642"/>
  <system-out/>
  <testcase classname="com.jack.LinkScrap.ImageWork" name="run" time="0.504"/>
  <system-out/>
  <testcase classname="com.jack.LinkScrap.ImageWork" name="run" time="2.082"/>
  <system-out/>
  <testcase classname="com.jack.LinkScrap.ImageWork" name="run" time="1.410"/>
  <system-out/>
  <testcase classname="com.jack.LinkScrap.ImageWork" name="run" time="0.939"/>
  <system-out/>
  <testcase classname="com.jack.LinkScrap.ImageWork" name="run" time="0.796"/>
  <system-out/>
  <testcase classname="com.jack.LinkScrap.ImageWork" name="run" time="0.730"/>
  <system-out/>
  <testcase classname="com.jack.LinkScrap.ImageWork" name="run" time="1.792"/>
  <system-out/>
  <testcase classname="com.jack.LinkScrap.ImageWork" name="run" time="2.028"/>
  <system-out/>
  <testcase classname="com.jack.LinkScrap.ImageWork" name="run" time="1.656"/>
  <system-out/>
  <testcase classname="com.jack.LinkScrap.ImageWork" name="run" time="0.729"/>
  <system-out/>
  <testcase classname="com.jack.LinkScrap.ImageWork" name="run" time="0.513"/>
  <system-out/>
  <testcase classname="com.jack.LinkScrap.ImageWork" name="run" time="1.532"/>
  <system-out/>
  <testcase classname="com.jack.LinkScrap.ImageWork" name="run" time="0.841"/>
  <system-out/>
  <testcase classname="com.jack.LinkScrap.ImageWork" name="run" time="0.611"/>
  <system-out/>
  <testcase classname="com.jack.LinkScrap.ImageWork" name="run" time="0.633"/>
  <system-out/>
  <testcase classname="com.jack.LinkScrap.ImageWork" name="run" time="0.574"/>
  <system-out/>
  <testcase classname="com.jack.LinkScrap.ImageWork" name="run" time="0.714"/>
  <system-out/>
  <testcase classname="com.jack.LinkScrap.ImageWork" name="run" time="1.599"/>
  <system-out/>
  <testcase classname="com.jack.LinkScrap.ImageWork" name="run" time="1.543"/>
  <system-out/>
  <testcase classname="com.jack.LinkScrap.ImageWork" name="run" time="0.572"/>
  <system-out/>
  <testcase classname="com.jack.LinkScrap.ImageWork" name="run" time="0.724"/>
  <system-out/>
  <testcase classname="com.jack.LinkScrap.ImageWork" name="run" time="1.663"/>
  <system-out/>
  <testcase classname="com.jack.LinkScrap.ImageWork" name="run" time="1.846"/>
  <system-out/>
  <testcase classname="com.jack.LinkScrap.ImageWork" name="run" time="0.775"/>
  <system-out/>
  <testcase classname="com.jack.LinkScrap.ImageWork" name="run" time="0.518"/>
  <system-out/>
  <testcase classname="com.jack.LinkScrap.ImageWork" name="run" time="0.543"/>
  <system-out/>
  <testcase classname="com.jack.LinkScrap.ImageWork" name="run" time="0.674"/>
  <system-out/>
  <testcase classname="com.jack.LinkScrap.ImageWork" name="run" time="0.821"/>
  <system-out/>
  <testcase classname="com.jack.LinkScrap.ImageWork" name="run" time="0.703"/>
  <system-out/>
  <testcase classname="com.jack.LinkScrap.ImageWork" name="run" time="0.492"/>
  <system-out/>
  <testcase classname="com.jack.LinkScrap.ImageWork" name="run" time="0.815"/>
  <system-out/>
  <testcase classname="com.jack.LinkScrap.ImageWork" name="run" time="0.690"/>
  <system-out/>
  <testcase classname="com.jack.LinkScrap.ImageWork" name="run" time="0.846"/>
  <system-out/>
  <testcase classname="com.jack.LinkScrap.ImageWork" name="run" time="1.954"/>
  <system-out/>
  <testcase classname="com.jack.LinkScrap.ImageWork" name="run" time="0.803"/>
  <system-out/>
  <testcase classname="com.jack.LinkScrap.ImageWork" name="run" time="0.652"/>
  <system-out/>
  <testcase classname="com.jack.LinkScrap.ImageWork" name="run" time="0.655"/>
  <system-out/>
  <testcase classname="com.jack.LinkScrap.ImageWork" name="run" time="0.823"/>
  <system-out/>
  <testcase classname="com.jack.LinkScrap.ImageWork" name="run" time="2.191"/>
  <system-out/>
  <testcase classname="com.jack.LinkScrap.ImageWork" name="run" time="1.871"/>
  <system-out/>
  <testcase classname="com.jack.LinkScrap.ImageWork" name="run" time="0.323"/>
  <system-out/>
  <testcase classname="com.jack.LinkScrap.ImageWork" name="run" time="0.701"/>
  <system-out/>
  <testcase classname="com.jack.LinkScrap.ImageWork" name="run" time="0.336"/>
  <system-out/>
  <testcase classname="com.jack.LinkScrap.ImageWork" name="run" time="1.827"/>
  <system-out/>
  <testcase classname="com.jack.LinkScrap.ImageWork" name="run" time="1.699"/>
  <system-out/>
  <testcase classname="com.jack.LinkScrap.ImageWork" name="run" time="1.498"/>
  <system-out/>
  <testcase classname="com.jack.LinkScrap.ImageWork" name="run" time="2.284"/>
  <system-out/>
  <testcase classname="com.jack.LinkScrap.ImageWork" name="run" time="0.709"/>
  <system-out/>
  <testcase classname="com.jack.LinkScrap.ImageWork" name="run" time="0.801"/>
  <system-out/>
  <testcase classname="com.jack.LinkScrap.ImageWork" name="run" time="0.813"/>
  <system-out/>
  <testcase classname="com.jack.LinkScrap.ImageWork" name="run" time="1.038"/>
  <system-out/>
  <testcase classname="com.jack.LinkScrap.ImageWork" name="run" time="1.501"/>
  <system-out/>
  <testcase classname="com.jack.LinkScrap.ImageWork" name="run" time="0.473"/>
  <system-out/>
  <testcase classname="com.jack.LinkScrap.ImageWork" name="run" time="0.362"/>
  <system-out/>
  <testcase classname="com.jack.LinkScrap.ImageWork" name="run" time="0.782"/>
  <system-out/>
  <testcase classname="com.jack.LinkScrap.ImageWork" name="run" time="0.811"/>
  <system-out/>
  <testcase classname="com.jack.LinkScrap.ImageWork" name="run" time="0.598"/>
  <system-out/>
  <testcase classname="com.jack.LinkScrap.ImageWork" name="run" time="1.890"/>
  <system-out/>
  <testcase classname="com.jack.LinkScrap.ImageWork" name="run" time="0.842"/>
  <system-out/>
  <testcase classname="com.jack.LinkScrap.ImageWork" name="run" time="0.650"/>
  <system-out/>
  <testcase classname="com.jack.LinkScrap.ImageWork" name="run" time="2.147"/>
  <system-out/>
  <testcase classname="com.jack.LinkScrap.ImageWork" name="run" time="3.299"/>
  <system-out/>
  <testcase classname="com.jack.LinkScrap.ImageWork" name="run" time="0.584"/>
  <system-out/>
  <testcase classname="com.jack.LinkScrap.ImageWork" name="run" time="0.652"/>
  <system-out/>
  <testcase classname="com.jack.LinkScrap.ImageWork" name="run" time="0.461"/>
  <system-out/>
  <testcase classname="com.jack.LinkScrap.ImageWork" name="run" time="1.414"/>
  <system-out/>
  <testcase classname="com.jack.LinkScrap.ImageWork" name="run" time="0.801"/>
  <system-out/>
  <testcase classname="com.jack.LinkScrap.ImageWork" name="run" time="0.810"/>
  <system-out/>
  <testcase classname="com.jack.LinkScrap.ImageWork" name="run" time="0.805"/>
  <system-out/>
  <testcase classname="com.jack.LinkScrap.ImageWork" name="run" time="1.839"/>
  <system-out/>
  <testcase classname="com.jack.LinkScrap.ImageWork" name="run" time="1.594"/>
  <system-out/>
  <testcase classname="com.jack.LinkScrap.ImageWork" name="run" time="0.525"/>
  <system-out/>
  <testcase classname="com.jack.LinkScrap.ImageWork" name="run" time="0.835"/>
  <system-out/>
  <testcase classname="com.jack.LinkScrap.ImageWork" name="run" time="0.796"/>
  <system-out/>
  <testcase classname="com.jack.LinkScrap.ImageWork" name="run" time="1.431"/>
  <system-out/>
  <testcase classname="com.jack.LinkScrap.ImageWork" name="run" time="1.245"/>
  <system-out/>
  <testcase classname="com.jack.LinkScrap.ImageWork" name="run" time="1.698"/>
  <system-out/>
  <testcase classname="com.jack.LinkScrap.ImageWork" name="run" time="0.676"/>
  <system-out/>
  <testcase classname="com.jack.LinkScrap.ImageWork" name="run" time="0.753"/>
  <system-out/>
  <testcase classname="com.jack.LinkScrap.ImageWork" name="run" time="2.993"/>
  <system-out/>
  <testcase classname="com.jack.LinkScrap.ImageWork" name="run" time="1.437"/>
  <system-out/>
  <testcase classname="com.jack.LinkScrap.ImageWork" name="run" time="1.050"/>
  <system-out/>
  <testcase classname="com.jack.LinkScrap.ImageWork" name="run" time="0.325"/>
  <system-out/>
  <testcase classname="com.jack.LinkScrap.ImageWork" name="run" time="1.723"/>
  <system-out/>
  <testcase classname="com.jack.LinkScrap.ImageWork" name="run" time="0.713"/>
  <system-out/>
  <testcase classname="com.jack.LinkScrap.ImageWork" name="run" time="2.167"/>
  <system-out/>
  <testcase classname="com.jack.LinkScrap.ImageWork" name="run" time="0.735"/>
  <system-out/>
  <testcase classname="com.jack.LinkScrap.ImageWork" name="run" time="0.550"/>
  <system-out/>
  <testcase classname="com.jack.LinkScrap.ImageWork" name="run" time="2.208"/>
  <system-out/>
  <testcase classname="com.jack.LinkScrap.ImageWork" name="run" time="1.113"/>
  <system-out/>
  <testcase classname="com.jack.LinkScrap.ImageWork" name="run" time="1.656"/>
  <system-out/>
  <testcase classname="com.jack.LinkScrap.ImageWork" name="run" time="0.837"/>
  <system-out/>
  <testcase classname="com.jack.LinkScrap.ImageWork" name="run" time="0.621"/>
  <system-out/>
  <testcase classname="com.jack.LinkScrap.ImageWork" name="run" time="0.696"/>
  <system-out/>
  <testcase classname="com.jack.LinkScrap.ImageWork" name="run" time="0.616"/>
  <system-out/>
  <testcase classname="com.jack.LinkScrap.ImageWork" name="run" time="2.088"/>
  <system-out/>
  <testcase classname="com.jack.LinkScrap.ImageWork" name="run" time="1.702"/>
  <system-out/>
  <testcase classname="com.jack.LinkScrap.ImageWork" name="run" time="0.730"/>
  <system-out/>
  <testcase classname="com.jack.LinkScrap.ImageWork" name="run" time="1.754"/>
  <system-out/>
  <testcase classname="com.jack.LinkScrap.ImageWork" name="run" time="0.598"/>
  <system-out/>
  <testcase classname="com.jack.LinkScrap.ImageWork" name="run" time="0.542"/>
  <system-out/>
  <testcase classname="com.jack.LinkScrap.ImageWork" name="run" time="0.546"/>
  <system-out/>
  <testcase classname="com.jack.LinkScrap.ImageWork" name="run" time="0.833"/>
  <system-out/>
  <testcase classname="com.jack.LinkScrap.ImageWork" name="run" time="0.325"/>
  <system-out/>
  <testcase classname="com.jack.LinkScrap.ImageWork" name="run" time="1.965"/>
  <system-out/>
  <testcase classname="com.jack.LinkScrap.ImageWork" name="run" time="1.078"/>
  <system-out/>
  <testcase classname="com.jack.LinkScrap.ImageWork" name="run" time="0.488"/>
  <system-out/>
  <testcase classname="com.jack.LinkScrap.ImageWork" name="run" time="1.652"/>
  <system-out/>
  <testcase classname="com.jack.LinkScrap.ImageWork" name="run" time="1.012"/>
  <system-out/>
  <testcase classname="com.jack.LinkScrap.ImageWork" name="run" time="1.939"/>
  <system-out/>
  <testcase classname="com.jack.LinkScrap.ImageWork" name="run" time="0.981"/>
  <system-out/>
  <testcase classname="com.jack.LinkScrap.ImageWork" name="run" time="1.625"/>
  <system-out/>
  <testcase classname="com.jack.LinkScrap.ImageWork" name="run" time="2.571"/>
  <system-out/>
  <testcase classname="com.jack.LinkScrap.ImageWork" name="run" time="1.573"/>
  <system-out/>
  <testcase classname="com.jack.LinkScrap.ImageWork" name="run" time="0.748"/>
  <system-out/>
  <testcase classname="com.jack.LinkScrap.ImageWork" name="run" time="0.877"/>
  <system-out/>
  <testcase classname="com.jack.LinkScrap.ImageWork" name="run" time="0.641"/>
  <system-out/>
  <testcase classname="com.jack.LinkScrap.ImageWork" name="run" time="0.612"/>
  <system-out/>
  <testcase classname="com.jack.LinkScrap.ImageWork" name="run" time="0.790"/>
  <system-out/>
  <testcase classname="com.jack.LinkScrap.ImageWork" name="run" time="0.447"/>
  <system-out/>
  <testcase classname="com.jack.LinkScrap.ImageWork" name="run" time="1.733"/>
  <system-out/>
  <testcase classname="com.jack.LinkScrap.ImageWork" name="run" time="2.119"/>
  <system-out/>
  <testcase classname="com.jack.LinkScrap.ImageWork" name="run" time="0.715"/>
  <system-out/>
  <testcase classname="com.jack.LinkScrap.ImageWork" name="run" time="0.322"/>
  <system-out/>
  <testcase classname="com.jack.LinkScrap.ImageWork" name="run" time="0.846"/>
  <system-out/>
  <testcase classname="com.jack.LinkScrap.ImageWork" name="run" time="0.614"/>
  <system-out/>
  <testcase classname="com.jack.LinkScrap.ImageWork" name="run" time="0.934"/>
  <system-out/>
  <testcase classname="com.jack.LinkScrap.ImageWork" name="run" time="0.560"/>
  <system-out/>
  <testcase classname="com.jack.LinkScrap.ImageWork" name="run" time="1.960"/>
  <system-out/>
  <testcase classname="com.jack.LinkScrap.ImageWork" name="run" time="1.985"/>
  <system-out/>
  <testcase classname="com.jack.LinkScrap.ImageWork" name="run" time="1.323"/>
  <system-out/>
  <testcase classname="com.jack.LinkScrap.ImageWork" name="run" time="0.710"/>
  <system-out/>
  <testcase classname="com.jack.LinkScrap.ImageWork" name="run" time="1.552"/>
  <system-out/>
  <testcase classname="com.jack.LinkScrap.ImageWork" name="run" time="0.633"/>
  <system-out/>
  <testcase classname="com.jack.LinkScrap.ImageWork" name="run" time="1.438"/>
  <system-out/>
  <testcase classname="com.jack.LinkScrap.ImageWork" name="run" time="0.258">
    <error message="D:\Fiverr Work\Jack Project 4\ARENTFOX SCHIFF LLP\rimg\230413afslaw00279Hofmann*.jpg (The filename, directory name, or volume label syntax is incorrect)" type="java.io.FileNotFoundException">
      <![CDATA[java.io.FileNotFoundException: D:\Fiverr Work\Jack Project 4\ARENTFOX SCHIFF LLP\rimg\230413afslaw00279Hofmann*.jpg (The filename, directory name, or volume label syntax is incorrect)
at java.base/java.io.FileOutputStream.open0(Native Method)
at java.base/java.io.FileOutputStream.open(FileOutputStream.java:293)
at java.base/java.io.FileOutputStream.<init>(FileOutputStream.java:235)
at java.base/java.io.FileOutputStream.<init>(FileOutputStream.java:123)
at com.jack.LinkScrap.ImageWork.run(ImageWork.java:44)
at jdk.internal.reflect.GeneratedMethodAccessor1.invoke(Unknown Source)
at java.base/jdk.internal.reflect.DelegatingMethodAccessorImpl.invoke(DelegatingMethodAccessorImpl.java:43)
at java.base/java.lang.reflect.Method.invoke(Method.java:568)
at org.testng.internal.invokers.MethodInvocationHelper.invokeMethod(MethodInvocationHelper.java:139)
at org.testng.internal.invokers.TestInvoker.invokeMethod(TestInvoker.java:677)
at org.testng.internal.invokers.TestInvoker.invokeTestMethod(TestInvoker.java:221)
at org.testng.internal.invokers.MethodRunner.runInSequence(MethodRunner.java:50)
at org.testng.internal.invokers.TestInvoker$MethodInvocationAgent.invoke(TestInvoker.java:969)
at org.testng.internal.invokers.TestInvoker.invokeTestMethods(TestInvoker.java:194)
at org.testng.internal.invokers.TestMethodWorker.invokeTestMethods(TestMethodWorker.java:148)
at org.testng.internal.invokers.TestMethodWorker.run(TestMethodWorker.java:128)
at java.base/java.util.ArrayList.forEach(ArrayList.java:1511)
at org.testng.TestRunner.privateRun(TestRunner.java:829)
at org.testng.TestRunner.run(TestRunner.java:602)
at org.testng.SuiteRunner.runTest(SuiteRunner.java:437)
at org.testng.SuiteRunner.runSequentially(SuiteRunner.java:431)
at org.testng.SuiteRunner.privateRun(SuiteRunner.java:391)
at org.testng.SuiteRunner.run(SuiteRunner.java:330)
at org.testng.SuiteRunnerWorker.runSuite(SuiteRunnerWorker.java:52)
at org.testng.SuiteRunnerWorker.run(SuiteRunnerWorker.java:95)
at org.testng.TestNG.runSuitesSequentially(TestNG.java:1256)
at org.testng.TestNG.runSuitesLocally(TestNG.java:1176)
at org.testng.TestNG.runSuites(TestNG.java:1099)
at org.testng.TestNG.run(TestNG.java:1067)
at org.testng.remote.AbstractRemoteTestNG.run(AbstractRemoteTestNG.java:115)
at org.testng.remote.RemoteTestNG.initAndRun(RemoteTestNG.java:251)
at org.testng.remote.RemoteTestNG.main(RemoteTestNG.java:77)
]]>
    </error>
  </testcase> <!-- run -->
  <system-out/>
  <testcase classname="com.jack.LinkScrap.ImageWork" name="run" time="0.763"/>
  <system-out/>
  <testcase classname="com.jack.LinkScrap.ImageWork" name="run" time="2.004"/>
  <system-out/>
  <testcase classname="com.jack.LinkScrap.ImageWork" name="run" time="0.755"/>
  <system-out/>
  <testcase classname="com.jack.LinkScrap.ImageWork" name="run" time="1.889"/>
  <system-out/>
  <testcase classname="com.jack.LinkScrap.ImageWork" name="run" time="0.323"/>
  <system-out/>
  <testcase classname="com.jack.LinkScrap.ImageWork" name="run" time="0.529"/>
  <system-out/>
  <testcase classname="com.jack.LinkScrap.ImageWork" name="run" time="1.444"/>
  <system-out/>
  <testcase classname="com.jack.LinkScrap.ImageWork" name="run" time="0.609"/>
  <system-out/>
  <testcase classname="com.jack.LinkScrap.ImageWork" name="run" time="1.733"/>
  <system-out/>
  <testcase classname="com.jack.LinkScrap.ImageWork" name="run" time="0.844"/>
  <system-out/>
  <testcase classname="com.jack.LinkScrap.ImageWork" name="run" time="0.628"/>
  <system-out/>
  <testcase classname="com.jack.LinkScrap.ImageWork" name="run" time="2.153"/>
  <system-out/>
  <testcase classname="com.jack.LinkScrap.ImageWork" name="run" time="1.692"/>
  <system-out/>
  <testcase classname="com.jack.LinkScrap.ImageWork" name="run" time="0.748"/>
  <system-out/>
  <testcase classname="com.jack.LinkScrap.ImageWork" name="run" time="1.606"/>
  <system-out/>
  <testcase classname="com.jack.LinkScrap.ImageWork" name="run" time="0.569"/>
  <system-out/>
  <testcase classname="com.jack.LinkScrap.ImageWork" name="run" time="1.962"/>
  <system-out/>
  <testcase classname="com.jack.LinkScrap.ImageWork" name="run" time="0.543"/>
  <system-out/>
  <testcase classname="com.jack.LinkScrap.ImageWork" name="run" time="1.652"/>
  <system-out/>
  <testcase classname="com.jack.LinkScrap.ImageWork" name="run" time="1.213"/>
  <system-out/>
  <testcase classname="com.jack.LinkScrap.ImageWork" name="run" time="0.955"/>
  <system-out/>
  <testcase classname="com.jack.LinkScrap.ImageWork" name="run" time="0.730"/>
  <system-out/>
  <testcase classname="com.jack.LinkScrap.ImageWork" name="run" time="0.720"/>
  <system-out/>
  <testcase classname="com.jack.LinkScrap.ImageWork" name="run" time="0.737"/>
  <system-out/>
  <testcase classname="com.jack.LinkScrap.ImageWork" name="run" time="0.330"/>
  <system-out/>
  <testcase classname="com.jack.LinkScrap.ImageWork" name="run" time="1.499"/>
  <system-out/>
  <testcase classname="com.jack.LinkScrap.ImageWork" name="run" time="0.735"/>
  <system-out/>
  <testcase classname="com.jack.LinkScrap.ImageWork" name="run" time="0.734"/>
  <system-out/>
  <testcase classname="com.jack.LinkScrap.ImageWork" name="run" time="0.592"/>
  <system-out/>
  <testcase classname="com.jack.LinkScrap.ImageWork" name="run" time="1.497"/>
  <system-out/>
  <testcase classname="com.jack.LinkScrap.ImageWork" name="run" time="0.328"/>
  <system-out/>
  <testcase classname="com.jack.LinkScrap.ImageWork" name="run" time="1.039"/>
  <system-out/>
  <testcase classname="com.jack.LinkScrap.ImageWork" name="run" time="0.771"/>
  <system-out/>
  <testcase classname="com.jack.LinkScrap.ImageWork" name="run" time="0.725"/>
  <system-out/>
  <testcase classname="com.jack.LinkScrap.ImageWork" name="run" time="1.903"/>
  <system-out/>
  <testcase classname="com.jack.LinkScrap.ImageWork" name="run" time="0.617"/>
  <system-out/>
  <testcase classname="com.jack.LinkScrap.ImageWork" name="run" time="0.674"/>
  <system-out/>
  <testcase classname="com.jack.LinkScrap.ImageWork" name="run" time="0.941"/>
  <system-out/>
  <testcase classname="com.jack.LinkScrap.ImageWork" name="run" time="0.776"/>
  <system-out/>
  <testcase classname="com.jack.LinkScrap.ImageWork" name="run" time="1.445"/>
  <system-out/>
  <testcase classname="com.jack.LinkScrap.ImageWork" name="run" time="0.924"/>
  <system-out/>
  <testcase classname="com.jack.LinkScrap.ImageWork" name="run" time="1.880"/>
  <system-out/>
  <testcase classname="com.jack.LinkScrap.ImageWork" name="run" time="0.862"/>
  <system-out/>
  <testcase classname="com.jack.LinkScrap.ImageWork" name="run" time="0.632"/>
  <system-out/>
  <testcase classname="com.jack.LinkScrap.ImageWork" name="run" time="0.897"/>
  <system-out/>
  <testcase classname="com.jack.LinkScrap.ImageWork" name="run" time="1.846"/>
  <system-out/>
  <testcase classname="com.jack.LinkScrap.ImageWork" name="run" time="0.563"/>
  <system-out/>
  <testcase classname="com.jack.LinkScrap.ImageWork" name="run" time="0.599"/>
  <system-out/>
  <testcase classname="com.jack.LinkScrap.ImageWork" name="run" time="0.707"/>
  <system-out/>
  <testcase classname="com.jack.LinkScrap.ImageWork" name="run" time="0.548"/>
  <system-out/>
  <testcase classname="com.jack.LinkScrap.ImageWork" name="run" time="0.987"/>
  <system-out/>
  <testcase classname="com.jack.LinkScrap.ImageWork" name="run" time="0.899"/>
  <system-out/>
  <testcase classname="com.jack.LinkScrap.ImageWork" name="run" time="1.507"/>
  <system-out/>
  <testcase classname="com.jack.LinkScrap.ImageWork" name="run" time="0.658"/>
  <system-out/>
  <testcase classname="com.jack.LinkScrap.ImageWork" name="run" time="0.724"/>
  <system-out/>
  <testcase classname="com.jack.LinkScrap.ImageWork" name="run" time="1.827"/>
  <system-out/>
  <testcase classname="com.jack.LinkScrap.ImageWork" name="run" time="2.039"/>
  <system-out/>
  <testcase classname="com.jack.LinkScrap.ImageWork" name="run" time="0.555"/>
  <system-out/>
  <testcase classname="com.jack.LinkScrap.ImageWork" name="run" time="0.655"/>
  <system-out/>
  <testcase classname="com.jack.LinkScrap.ImageWork" name="run" time="0.509"/>
  <system-out/>
  <testcase classname="com.jack.LinkScrap.ImageWork" name="run" time="0.490"/>
  <system-out/>
  <testcase classname="com.jack.LinkScrap.ImageWork" name="run" time="0.882"/>
  <system-out/>
  <testcase classname="com.jack.LinkScrap.ImageWork" name="run" time="0.323"/>
  <system-out/>
  <testcase classname="com.jack.LinkScrap.ImageWork" name="run" time="0.725"/>
  <system-out/>
  <testcase classname="com.jack.LinkScrap.ImageWork" name="run" time="1.831"/>
  <system-out/>
  <testcase classname="com.jack.LinkScrap.ImageWork" name="run" time="2.125"/>
  <system-out/>
  <testcase classname="com.jack.LinkScrap.ImageWork" name="run" time="0.323"/>
  <system-out/>
  <testcase classname="com.jack.LinkScrap.ImageWork" name="run" time="1.543"/>
  <system-out/>
  <testcase classname="com.jack.LinkScrap.ImageWork" name="run" time="0.331"/>
  <system-out/>
  <testcase classname="com.jack.LinkScrap.ImageWork" name="run" time="0.551"/>
  <system-out/>
  <testcase classname="com.jack.LinkScrap.ImageWork" name="run" time="0.569"/>
  <system-out/>
  <testcase classname="com.jack.LinkScrap.ImageWork" name="run" time="0.526"/>
  <system-out/>
  <testcase classname="com.jack.LinkScrap.ImageWork" name="run" time="1.597"/>
  <system-out/>
  <testcase classname="com.jack.LinkScrap.ImageWork" name="run" time="1.437"/>
  <system-out/>
  <testcase classname="com.jack.LinkScrap.ImageWork" name="run" time="0.636"/>
  <system-out/>
  <testcase classname="com.jack.LinkScrap.ImageWork" name="run" time="0.326"/>
  <system-out/>
  <testcase classname="com.jack.LinkScrap.ImageWork" name="run" time="0.682"/>
  <system-out/>
  <testcase classname="com.jack.LinkScrap.ImageWork" name="run" time="0.696"/>
  <system-out/>
  <testcase classname="com.jack.LinkScrap.ImageWork" name="run" time="0.619"/>
  <system-out/>
  <testcase classname="com.jack.LinkScrap.ImageWork" name="run" time="0.763"/>
  <system-out/>
  <testcase classname="com.jack.LinkScrap.ImageWork" name="run" time="2.351"/>
  <system-out/>
  <testcase classname="com.jack.LinkScrap.ImageWork" name="run" time="0.814"/>
  <system-out/>
  <testcase classname="com.jack.LinkScrap.ImageWork" name="run" time="0.816"/>
  <system-out/>
  <testcase classname="com.jack.LinkScrap.ImageWork" name="run" time="1.854"/>
  <system-out/>
  <testcase classname="com.jack.LinkScrap.ImageWork" name="run" time="0.638"/>
  <system-out/>
  <testcase classname="com.jack.LinkScrap.ImageWork" name="run" time="0.752"/>
  <system-out/>
  <testcase classname="com.jack.LinkScrap.ImageWork" name="run" time="1.371"/>
  <system-out/>
  <testcase classname="com.jack.LinkScrap.ImageWork" name="run" time="0.632"/>
  <system-out/>
  <testcase classname="com.jack.LinkScrap.ImageWork" name="run" time="1.576"/>
  <system-out/>
  <testcase classname="com.jack.LinkScrap.ImageWork" name="run" time="0.839"/>
  <system-out/>
  <testcase classname="com.jack.LinkScrap.ImageWork" name="run" time="0.706"/>
  <system-out/>
  <testcase classname="com.jack.LinkScrap.ImageWork" name="run" time="2.558"/>
  <system-out/>
  <testcase classname="com.jack.LinkScrap.ImageWork" name="run" time="1.592"/>
  <system-out/>
  <testcase classname="com.jack.LinkScrap.ImageWork" name="run" time="0.566"/>
  <system-out/>
  <testcase classname="com.jack.LinkScrap.ImageWork" name="run" time="1.818"/>
  <system-out/>
  <testcase classname="com.jack.LinkScrap.ImageWork" name="run" time="1.111"/>
  <system-out/>
  <testcase classname="com.jack.LinkScrap.ImageWork" name="run" time="1.744"/>
  <system-out/>
  <testcase classname="com.jack.LinkScrap.ImageWork" name="run" time="0.527"/>
  <system-out/>
  <testcase classname="com.jack.LinkScrap.ImageWork" name="run" time="2.587"/>
  <system-out/>
  <testcase classname="com.jack.LinkScrap.ImageWork" name="run" time="1.818"/>
  <system-out/>
  <testcase classname="com.jack.LinkScrap.ImageWork" name="run" time="1.649"/>
  <system-out/>
  <testcase classname="com.jack.LinkScrap.ImageWork" name="run" time="0.718"/>
  <system-out/>
  <testcase classname="com.jack.LinkScrap.ImageWork" name="run" time="1.592"/>
  <system-out/>
  <testcase classname="com.jack.LinkScrap.ImageWork" name="run" time="0.801"/>
  <system-out/>
  <testcase classname="com.jack.LinkScrap.ImageWork" name="run" time="0.497"/>
  <system-out/>
  <testcase classname="com.jack.LinkScrap.ImageWork" name="run" time="1.894"/>
  <system-out/>
  <testcase classname="com.jack.LinkScrap.ImageWork" name="run" time="0.726"/>
  <system-out/>
  <testcase classname="com.jack.LinkScrap.ImageWork" name="run" time="2.422"/>
  <system-out/>
  <testcase classname="com.jack.LinkScrap.ImageWork" name="run" time="0.644"/>
  <system-out/>
  <testcase classname="com.jack.LinkScrap.ImageWork" name="run" time="0.724"/>
  <system-out/>
  <testcase classname="com.jack.LinkScrap.ImageWork" name="run" time="0.794"/>
  <system-out/>
  <testcase classname="com.jack.LinkScrap.ImageWork" name="run" time="0.840"/>
  <system-out/>
  <testcase classname="com.jack.LinkScrap.ImageWork" name="run" time="0.866"/>
  <system-out/>
  <testcase classname="com.jack.LinkScrap.ImageWork" name="run" time="0.619"/>
  <system-out/>
  <testcase classname="com.jack.LinkScrap.ImageWork" name="run" time="1.777"/>
  <system-out/>
  <testcase classname="com.jack.LinkScrap.ImageWork" name="run" time="1.531"/>
  <system-out/>
  <testcase classname="com.jack.LinkScrap.ImageWork" name="run" time="0.542"/>
  <system-out/>
  <testcase classname="com.jack.LinkScrap.ImageWork" name="run" time="0.511"/>
  <system-out/>
  <testcase classname="com.jack.LinkScrap.ImageWork" name="run" time="0.802"/>
  <system-out/>
  <testcase classname="com.jack.LinkScrap.ImageWork" name="run" time="0.589"/>
  <system-out/>
  <testcase classname="com.jack.LinkScrap.ImageWork" name="run" time="0.568"/>
  <system-out/>
  <testcase classname="com.jack.LinkScrap.ImageWork" name="run" time="0.767"/>
  <system-out/>
  <testcase classname="com.jack.LinkScrap.ImageWork" name="run" time="0.331"/>
  <system-out/>
  <testcase classname="com.jack.LinkScrap.ImageWork" name="run" time="0.726"/>
  <system-out/>
  <testcase classname="com.jack.LinkScrap.ImageWork" name="run" time="1.605"/>
  <system-out/>
  <testcase classname="com.jack.LinkScrap.ImageWork" name="run" time="0.602"/>
  <system-out/>
  <testcase classname="com.jack.LinkScrap.ImageWork" name="run" time="0.702"/>
  <system-out/>
  <testcase classname="com.jack.LinkScrap.ImageWork" name="run" time="0.325"/>
  <system-out/>
  <testcase classname="com.jack.LinkScrap.ImageWork" name="run" time="0.465"/>
  <system-out/>
  <testcase classname="com.jack.LinkScrap.ImageWork" name="run" time="1.795"/>
  <system-out/>
  <testcase classname="com.jack.LinkScrap.ImageWork" name="run" time="1.899"/>
  <system-out/>
  <testcase classname="com.jack.LinkScrap.ImageWork" name="run" time="1.747"/>
  <system-out/>
  <testcase classname="com.jack.LinkScrap.ImageWork" name="run" time="0.615"/>
  <system-out/>
  <testcase classname="com.jack.LinkScrap.ImageWork" name="run" time="0.695"/>
  <system-out/>
  <testcase classname="com.jack.LinkScrap.ImageWork" name="run" time="1.482"/>
  <system-out/>
  <testcase classname="com.jack.LinkScrap.ImageWork" name="run" time="0.656"/>
  <system-out/>
  <testcase classname="com.jack.LinkScrap.ImageWork" name="run" time="0.538"/>
  <system-out/>
  <testcase classname="com.jack.LinkScrap.ImageWork" name="run" time="1.565"/>
  <system-out/>
  <testcase classname="com.jack.LinkScrap.ImageWork" name="run" time="0.614"/>
  <system-out/>
  <testcase classname="com.jack.LinkScrap.ImageWork" name="run" time="0.697"/>
  <system-out/>
  <testcase classname="com.jack.LinkScrap.ImageWork" name="run" time="0.796"/>
  <system-out/>
  <testcase classname="com.jack.LinkScrap.ImageWork" name="run" time="1.310"/>
  <system-out/>
  <testcase classname="com.jack.LinkScrap.ImageWork" name="run" time="0.555"/>
  <system-out/>
  <testcase classname="com.jack.LinkScrap.ImageWork" name="run" time="1.497"/>
  <system-out/>
  <testcase classname="com.jack.LinkScrap.ImageWork" name="run" time="0.861"/>
  <system-out/>
  <testcase classname="com.jack.LinkScrap.ImageWork" name="run" time="1.476"/>
  <system-out/>
  <testcase classname="com.jack.LinkScrap.ImageWork" name="run" time="0.878"/>
  <system-out/>
  <testcase classname="com.jack.LinkScrap.ImageWork" name="run" time="0.698"/>
  <system-out/>
  <testcase classname="com.jack.LinkScrap.ImageWork" name="run" time="0.779"/>
  <system-out/>
  <testcase classname="com.jack.LinkScrap.ImageWork" name="run" time="0.521"/>
  <system-out/>
  <testcase classname="com.jack.LinkScrap.ImageWork" name="run" time="0.790"/>
  <system-out/>
  <testcase classname="com.jack.LinkScrap.ImageWork" name="run" time="0.762"/>
  <system-out/>
  <testcase classname="com.jack.LinkScrap.ImageWork" name="run" time="0.603"/>
  <system-out/>
  <testcase classname="com.jack.LinkScrap.ImageWork" name="run" time="1.671"/>
  <system-out/>
  <testcase classname="com.jack.LinkScrap.ImageWork" name="run" time="1.704"/>
  <system-out/>
  <testcase classname="com.jack.LinkScrap.ImageWork" name="run" time="0.733"/>
  <system-out/>
  <testcase classname="com.jack.LinkScrap.ImageWork" name="run" time="0.842"/>
  <system-out/>
  <testcase classname="com.jack.LinkScrap.ImageWork" name="run" time="0.772"/>
  <system-out/>
  <testcase classname="com.jack.LinkScrap.ImageWork" name="run" time="0.692"/>
  <system-out/>
  <testcase classname="com.jack.LinkScrap.ImageWork" name="run" time="0.975"/>
  <system-out/>
  <testcase classname="com.jack.LinkScrap.ImageWork" name="run" time="0.853"/>
  <system-out/>
  <testcase classname="com.jack.LinkScrap.ImageWork" name="run" time="0.715"/>
  <system-out/>
  <testcase classname="com.jack.LinkScrap.ImageWork" name="run" time="1.488"/>
  <system-out/>
  <testcase classname="com.jack.LinkScrap.ImageWork" name="run" time="0.564"/>
  <system-out/>
  <testcase classname="com.jack.LinkScrap.ImageWork" name="run" time="0.585"/>
  <system-out/>
  <testcase classname="com.jack.LinkScrap.ImageWork" name="run" time="0.325"/>
  <system-out/>
  <testcase classname="com.jack.LinkScrap.ImageWork" name="run" time="0.597"/>
  <system-out/>
  <testcase classname="com.jack.LinkScrap.ImageWork" name="run" time="0.340"/>
  <system-out/>
  <testcase classname="com.jack.LinkScrap.ImageWork" name="run" time="0.648"/>
  <system-out/>
  <testcase classname="com.jack.LinkScrap.ImageWork" name="run" time="0.679"/>
  <system-out/>
  <testcase classname="com.jack.LinkScrap.ImageWork" name="run" time="0.485"/>
  <system-out/>
  <testcase classname="com.jack.LinkScrap.ImageWork" name="run" time="0.898"/>
  <system-out/>
  <testcase classname="com.jack.LinkScrap.ImageWork" name="run" time="3.363"/>
  <system-out/>
  <testcase classname="com.jack.LinkScrap.ImageWork" name="run" time="0.923"/>
  <system-out/>
  <testcase classname="com.jack.LinkScrap.ImageWork" name="run" time="2.079"/>
  <system-out/>
  <testcase classname="com.jack.LinkScrap.ImageWork" name="run" time="0.603"/>
  <system-out/>
  <testcase classname="com.jack.LinkScrap.ImageWork" name="run" time="0.523"/>
  <system-out/>
  <testcase classname="com.jack.LinkScrap.ImageWork" name="run" time="0.825"/>
  <system-out/>
  <testcase classname="com.jack.LinkScrap.ImageWork" name="run" time="1.115"/>
  <system-out/>
  <testcase classname="com.jack.LinkScrap.ImageWork" name="run" time="0.961"/>
  <system-out/>
  <testcase classname="com.jack.LinkScrap.ImageWork" name="run" time="1.592"/>
  <system-out/>
  <testcase classname="com.jack.LinkScrap.ImageWork" name="run" time="0.577"/>
  <system-out/>
  <testcase classname="com.jack.LinkScrap.ImageWork" name="run" time="0.787"/>
  <system-out/>
  <testcase classname="com.jack.LinkScrap.ImageWork" name="run" time="1.818"/>
  <system-out/>
  <testcase classname="com.jack.LinkScrap.ImageWork" name="run" time="0.658"/>
  <system-out/>
  <testcase classname="com.jack.LinkScrap.ImageWork" name="run" time="0.555"/>
  <system-out/>
  <testcase classname="com.jack.LinkScrap.ImageWork" name="run" time="1.467"/>
  <system-out/>
  <testcase classname="com.jack.LinkScrap.ImageWork" name="run" time="0.925"/>
  <system-out/>
  <testcase classname="com.jack.LinkScrap.ImageWork" name="run" time="0.520"/>
  <system-out/>
  <testcase classname="com.jack.LinkScrap.ImageWork" name="run" time="1.812"/>
  <system-out/>
  <testcase classname="com.jack.LinkScrap.ImageWork" name="run" time="1.493"/>
  <system-out/>
  <testcase classname="com.jack.LinkScrap.ImageWork" name="run" time="0.729"/>
  <system-out/>
  <testcase classname="com.jack.LinkScrap.ImageWork" name="run" time="1.682"/>
  <system-out/>
  <testcase classname="com.jack.LinkScrap.ImageWork" name="run" time="0.533"/>
  <system-out/>
  <testcase classname="com.jack.LinkScrap.ImageWork" name="run" time="1.422"/>
  <system-out/>
  <testcase classname="com.jack.LinkScrap.ImageWork" name="run" time="2.202"/>
  <system-out/>
  <testcase classname="com.jack.LinkScrap.ImageWork" name="run" time="1.661"/>
  <system-out/>
  <testcase classname="com.jack.LinkScrap.ImageWork" name="run" time="1.699"/>
  <system-out/>
  <testcase classname="com.jack.LinkScrap.ImageWork" name="run" time="1.587"/>
  <system-out/>
  <testcase classname="com.jack.LinkScrap.ImageWork" name="run" time="0.650"/>
  <system-out/>
  <testcase classname="com.jack.LinkScrap.ImageWork" name="run" time="2.067"/>
  <system-out/>
  <testcase classname="com.jack.LinkScrap.ImageWork" name="run" time="1.546"/>
  <system-out/>
  <testcase classname="com.jack.LinkScrap.ImageWork" name="run" time="0.619"/>
  <system-out/>
  <testcase classname="com.jack.LinkScrap.ImageWork" name="run" time="1.703"/>
  <system-out/>
  <testcase classname="com.jack.LinkScrap.ImageWork" name="run" time="0.490"/>
  <system-out/>
  <testcase classname="com.jack.LinkScrap.ImageWork" name="run" time="0.604"/>
  <system-out/>
  <testcase classname="com.jack.LinkScrap.ImageWork" name="run" time="1.647"/>
  <system-out/>
  <testcase classname="com.jack.LinkScrap.ImageWork" name="run" time="0.808"/>
  <system-out/>
  <testcase classname="com.jack.LinkScrap.ImageWork" name="run" time="1.543"/>
  <system-out/>
  <testcase classname="com.jack.LinkScrap.ImageWork" name="run" time="2.281"/>
  <system-out/>
  <testcase classname="com.jack.LinkScrap.ImageWork" name="run" time="0.774"/>
  <system-out/>
  <testcase classname="com.jack.LinkScrap.ImageWork" name="run" time="0.745"/>
  <system-out/>
  <testcase classname="com.jack.LinkScrap.ImageWork" name="run" time="0.832"/>
  <system-out/>
  <testcase classname="com.jack.LinkScrap.ImageWork" name="run" time="0.496"/>
  <system-out/>
  <testcase classname="com.jack.LinkScrap.ImageWork" name="run" time="0.586"/>
  <system-out/>
  <testcase classname="com.jack.LinkScrap.ImageWork" name="run" time="0.813"/>
  <system-out/>
  <testcase classname="com.jack.LinkScrap.ImageWork" name="run" time="0.982"/>
  <system-out/>
  <testcase classname="com.jack.LinkScrap.ImageWork" name="run" time="0.519"/>
  <system-out/>
  <testcase classname="com.jack.LinkScrap.ImageWork" name="run" time="0.845"/>
  <system-out/>
  <testcase classname="com.jack.LinkScrap.ImageWork" name="run" time="0.324"/>
  <system-out/>
  <testcase classname="com.jack.LinkScrap.ImageWork" name="run" time="0.607"/>
  <system-out/>
  <testcase classname="com.jack.LinkScrap.ImageWork" name="run" time="1.278"/>
  <system-out/>
  <testcase classname="com.jack.LinkScrap.ImageWork" name="run" time="0.875"/>
  <system-out/>
  <testcase classname="com.jack.LinkScrap.ImageWork" name="run" time="0.628"/>
  <system-out/>
  <testcase classname="com.jack.LinkScrap.ImageWork" name="run" time="0.680"/>
  <system-out/>
  <testcase classname="com.jack.LinkScrap.ImageWork" name="run" time="0.507"/>
  <system-out/>
  <testcase classname="com.jack.LinkScrap.ImageWork" name="run" time="0.969"/>
  <system-out/>
  <testcase classname="com.jack.LinkScrap.ImageWork" name="run" time="0.330"/>
  <system-out/>
  <testcase classname="com.jack.LinkScrap.ImageWork" name="run" time="2.303"/>
  <system-out/>
  <testcase classname="com.jack.LinkScrap.ImageWork" name="run" time="0.751"/>
  <system-out/>
  <testcase classname="com.jack.LinkScrap.ImageWork" name="run" time="1.741"/>
  <system-out/>
  <testcase classname="com.jack.LinkScrap.ImageWork" name="run" time="0.726"/>
  <system-out/>
  <testcase classname="com.jack.LinkScrap.ImageWork" name="run" time="0.625"/>
  <system-out/>
  <testcase classname="com.jack.LinkScrap.ImageWork" name="run" time="0.457"/>
  <system-out/>
  <testcase classname="com.jack.LinkScrap.ImageWork" name="run" time="1.672"/>
  <system-out/>
  <testcase classname="com.jack.LinkScrap.ImageWork" name="run" time="1.954"/>
  <system-out/>
  <testcase classname="com.jack.LinkScrap.ImageWork" name="run" time="3.087"/>
  <system-out/>
  <testcase classname="com.jack.LinkScrap.ImageWork" name="run" time="0.534"/>
  <system-out/>
  <testcase classname="com.jack.LinkScrap.ImageWork" name="run" time="0.501"/>
  <system-out/>
  <testcase classname="com.jack.LinkScrap.ImageWork" name="run" time="0.747"/>
  <system-out/>
  <testcase classname="com.jack.LinkScrap.ImageWork" name="run" time="1.607"/>
  <system-out/>
  <testcase classname="com.jack.LinkScrap.ImageWork" name="run" time="0.857"/>
  <system-out/>
  <testcase classname="com.jack.LinkScrap.ImageWork" name="run" time="2.039"/>
  <system-out/>
  <testcase classname="com.jack.LinkScrap.ImageWork" name="run" time="0.657"/>
  <system-out/>
  <testcase classname="com.jack.LinkScrap.ImageWork" name="run" time="0.333"/>
  <system-out/>
  <testcase classname="com.jack.LinkScrap.ImageWork" name="run" time="0.536"/>
  <system-out/>
  <testcase classname="com.jack.LinkScrap.ImageWork" name="run" time="0.691"/>
  <system-out/>
  <testcase classname="com.jack.LinkScrap.ImageWork" name="run" time="0.817"/>
  <system-out/>
  <testcase classname="com.jack.LinkScrap.ImageWork" name="run" time="0.917"/>
  <system-out/>
  <testcase classname="com.jack.LinkScrap.ImageWork" name="run" time="0.586"/>
  <system-out/>
  <testcase classname="com.jack.LinkScrap.ImageWork" name="run" time="0.677"/>
  <system-out/>
  <testcase classname="com.jack.LinkScrap.ImageWork" name="run" time="1.924"/>
  <system-out/>
  <testcase classname="com.jack.LinkScrap.ImageWork" name="run" time="0.612"/>
  <system-out/>
  <testcase classname="com.jack.LinkScrap.ImageWork" name="run" time="0.674"/>
  <system-out/>
  <testcase classname="com.jack.LinkScrap.ImageWork" name="run" time="1.676"/>
  <system-out/>
  <testcase classname="com.jack.LinkScrap.ImageWork" name="run" time="0.654"/>
  <system-out/>
  <testcase classname="com.jack.LinkScrap.ImageWork" name="run" time="0.887"/>
  <system-out/>
  <testcase classname="com.jack.LinkScrap.ImageWork" name="run" time="1.487"/>
  <system-out/>
  <testcase classname="com.jack.LinkScrap.ImageWork" name="run" time="0.325"/>
  <system-out/>
  <testcase classname="com.jack.LinkScrap.ImageWork" name="run" time="1.230"/>
  <system-out/>
  <testcase classname="com.jack.LinkScrap.ImageWork" name="run" time="1.907"/>
  <system-out/>
  <testcase classname="com.jack.LinkScrap.ImageWork" name="run" time="0.640"/>
  <system-out/>
  <testcase classname="com.jack.LinkScrap.ImageWork" name="run" time="0.709"/>
  <system-out/>
  <testcase classname="com.jack.LinkScrap.ImageWork" name="run" time="1.515"/>
  <system-out/>
  <testcase classname="com.jack.LinkScrap.ImageWork" name="run" time="0.328"/>
  <system-out/>
  <testcase classname="com.jack.LinkScrap.ImageWork" name="run" time="0.526"/>
  <system-out/>
  <testcase classname="com.jack.LinkScrap.ImageWork" name="run" time="0.738"/>
  <system-out/>
  <testcase classname="com.jack.LinkScrap.ImageWork" name="run" time="0.725"/>
  <system-out/>
  <testcase classname="com.jack.LinkScrap.ImageWork" name="run" time="2.443"/>
  <system-out/>
  <testcase classname="com.jack.LinkScrap.ImageWork" name="run" time="0.835"/>
  <system-out/>
  <testcase classname="com.jack.LinkScrap.ImageWork" name="run" time="0.807"/>
  <system-out/>
  <testcase classname="com.jack.LinkScrap.ImageWork" name="run" time="0.732"/>
  <system-out/>
  <testcase classname="com.jack.LinkScrap.ImageWork" name="run" time="2.284"/>
  <system-out/>
  <testcase classname="com.jack.LinkScrap.ImageWork" name="run" time="1.574"/>
  <system-out/>
  <testcase classname="com.jack.LinkScrap.ImageWork" name="run" time="2.258"/>
  <system-out/>
  <testcase classname="com.jack.LinkScrap.ImageWork" name="run" time="0.690"/>
  <system-out/>
  <testcase classname="com.jack.LinkScrap.ImageWork" name="run" time="1.740"/>
  <system-out/>
  <testcase classname="com.jack.LinkScrap.ImageWork" name="run" time="3.274"/>
  <system-out/>
  <testcase classname="com.jack.LinkScrap.ImageWork" name="run" time="0.712"/>
  <system-out/>
  <testcase classname="com.jack.LinkScrap.ImageWork" name="run" time="1.828"/>
  <system-out/>
  <testcase classname="com.jack.LinkScrap.ImageWork" name="run" time="0.671"/>
  <system-out/>
  <testcase classname="com.jack.LinkScrap.ImageWork" name="run" time="0.569"/>
  <system-out/>
  <testcase classname="com.jack.LinkScrap.ImageWork" name="run" time="0.894"/>
  <system-out/>
  <testcase classname="com.jack.LinkScrap.ImageWork" name="run" time="1.474"/>
  <system-out/>
  <testcase classname="com.jack.LinkScrap.ImageWork" name="run" time="0.529"/>
  <system-out/>
  <testcase classname="com.jack.LinkScrap.ImageWork" name="run" time="0.907"/>
  <system-out/>
  <testcase classname="com.jack.LinkScrap.ImageWork" name="run" time="0.504"/>
  <system-out/>
  <testcase classname="com.jack.LinkScrap.ImageWork" name="run" time="0.738"/>
  <system-out/>
  <testcase classname="com.jack.LinkScrap.ImageWork" name="run" time="0.733"/>
  <system-out/>
  <testcase classname="com.jack.LinkScrap.ImageWork" name="run" time="0.580"/>
  <system-out/>
  <testcase classname="com.jack.LinkScrap.ImageWork" name="run" time="0.322"/>
  <system-out/>
  <testcase classname="com.jack.LinkScrap.ImageWork" name="run" time="0.540"/>
  <system-out/>
  <testcase classname="com.jack.LinkScrap.ImageWork" name="run" time="0.630"/>
  <system-out/>
  <testcase classname="com.jack.LinkScrap.ImageWork" name="run" time="0.334"/>
  <system-out/>
  <testcase classname="com.jack.LinkScrap.ImageWork" name="run" time="0.508"/>
  <system-out/>
  <testcase classname="com.jack.LinkScrap.ImageWork" name="run" time="1.694"/>
  <system-out/>
  <testcase classname="com.jack.LinkScrap.ImageWork" name="run" time="0.876"/>
  <system-out/>
  <testcase classname="com.jack.LinkScrap.ImageWork" name="run" time="2.512"/>
  <system-out/>
  <testcase classname="com.jack.LinkScrap.ImageWork" name="run" time="0.752"/>
  <system-out/>
  <testcase classname="com.jack.LinkScrap.ImageWork" name="run" time="0.541"/>
  <system-out/>
  <testcase classname="com.jack.LinkScrap.ImageWork" name="run" time="0.333"/>
  <system-out/>
  <testcase classname="com.jack.LinkScrap.ImageWork" name="run" time="0.896"/>
  <system-out/>
  <testcase classname="com.jack.LinkScrap.ImageWork" name="run" time="1.128"/>
  <system-out/>
  <testcase classname="com.jack.LinkScrap.ImageWork" name="run" time="0.695"/>
  <system-out/>
  <testcase classname="com.jack.LinkScrap.ImageWork" name="run" time="0.657"/>
  <system-out/>
  <testcase classname="com.jack.LinkScrap.ImageWork" name="run" time="0.653"/>
  <system-out/>
  <testcase classname="com.jack.LinkScrap.ImageWork" name="run" time="0.684"/>
  <system-out/>
  <testcase classname="com.jack.LinkScrap.ImageWork" name="run" time="0.641"/>
  <system-out/>
  <testcase classname="com.jack.LinkScrap.ImageWork" name="run" time="0.688"/>
  <system-out/>
  <testcase classname="com.jack.LinkScrap.ImageWork" name="run" time="1.115"/>
  <system-out/>
  <testcase classname="com.jack.LinkScrap.ImageWork" name="name" time="0.007"/>
  <system-out/>
  <testcase classname="com.jack.LinkScrap.ImageWork" name="run" time="0.589"/>
  <system-out/>
  <testcase classname="com.jack.LinkScrap.ImageWork" name="run" time="1.339"/>
  <system-out/>
  <testcase classname="com.jack.LinkScrap.ImageWork" name="run" time="2.097"/>
  <system-out/>
  <testcase classname="com.jack.LinkScrap.ImageWork" name="run" time="0.687"/>
  <system-out/>
  <testcase classname="com.jack.LinkScrap.ImageWork" name="run" time="1.525"/>
  <system-out/>
  <testcase classname="com.jack.LinkScrap.ImageWork" name="run" time="0.567"/>
  <system-out/>
  <testcase classname="com.jack.LinkScrap.ImageWork" name="run" time="1.719"/>
  <system-out/>
  <testcase classname="com.jack.LinkScrap.ImageWork" name="run" time="0.883"/>
  <system-out/>
  <testcase classname="com.jack.LinkScrap.ImageWork" name="run" time="0.658"/>
  <system-out/>
  <testcase classname="com.jack.LinkScrap.ImageWork" name="run" time="0.691"/>
  <system-out/>
  <testcase classname="com.jack.LinkScrap.ImageWork" name="run" time="0.656"/>
  <system-out/>
  <testcase classname="com.jack.LinkScrap.ImageWork" name="run" time="0.581"/>
  <system-out/>
  <testcase classname="com.jack.LinkScrap.ImageWork" name="run" time="0.976"/>
  <system-out/>
  <testcase classname="com.jack.LinkScrap.ImageWork" name="run" time="1.707"/>
  <system-out/>
  <testcase classname="com.jack.LinkScrap.ImageWork" name="run" time="1.051"/>
  <system-out/>
  <testcase classname="com.jack.LinkScrap.ImageWork" name="run" time="0.375"/>
  <system-out/>
  <testcase classname="com.jack.LinkScrap.ImageWork" name="run" time="0.706"/>
  <system-out/>
  <testcase classname="com.jack.LinkScrap.ImageWork" name="run" time="0.683"/>
  <system-out/>
  <testcase classname="com.jack.LinkScrap.ImageWork" name="run" time="0.770"/>
  <system-out/>
  <testcase classname="com.jack.LinkScrap.ImageWork" name="run" time="0.584"/>
  <system-out/>
  <testcase classname="com.jack.LinkScrap.ImageWork" name="run" time="0.522"/>
  <system-out/>
  <testcase classname="com.jack.LinkScrap.ImageWork" name="run" time="1.939"/>
  <system-out/>
  <testcase classname="com.jack.LinkScrap.ImageWork" name="run" time="0.623"/>
  <system-out/>
  <testcase classname="com.jack.LinkScrap.ImageWork" name="run" time="0.731"/>
  <system-out/>
  <testcase classname="com.jack.LinkScrap.ImageWork" name="run" time="2.111"/>
  <system-out/>
  <testcase classname="com.jack.LinkScrap.ImageWork" name="run" time="0.612"/>
  <system-out/>
  <testcase classname="com.jack.LinkScrap.ImageWork" name="run" time="0.707"/>
  <system-out/>
  <testcase classname="com.jack.LinkScrap.ImageWork" name="run" time="0.634"/>
  <system-out/>
  <testcase classname="com.jack.LinkScrap.ImageWork" name="run" time="0.895"/>
  <system-out/>
  <testcase classname="com.jack.LinkScrap.ImageWork" name="run" time="1.062"/>
  <system-out/>
  <testcase classname="com.jack.LinkScrap.ImageWork" name="run" time="2.273"/>
  <system-out/>
  <testcase classname="com.jack.LinkScrap.ImageWork" name="run" time="3.392"/>
  <system-out/>
  <testcase classname="com.jack.LinkScrap.ImageWork" name="run" time="1.270"/>
  <system-out/>
  <testcase classname="com.jack.LinkScrap.ImageWork" name="run" time="0.636"/>
  <system-out/>
  <testcase classname="com.jack.LinkScrap.ImageWork" name="run" time="1.551"/>
  <system-out/>
  <testcase classname="com.jack.LinkScrap.ImageWork" name="run" time="0.644"/>
  <system-out/>
  <testcase classname="com.jack.LinkScrap.ImageWork" name="run" time="1.979"/>
  <system-out/>
  <testcase classname="com.jack.LinkScrap.ImageWork" name="run" time="1.104"/>
  <system-out/>
  <testcase classname="com.jack.LinkScrap.ImageWork" name="run" time="2.824"/>
  <system-out/>
  <testcase classname="com.jack.LinkScrap.ImageWork" name="run" time="0.712"/>
  <system-out/>
  <testcase classname="com.jack.LinkScrap.ImageWork" name="run" time="1.755"/>
  <system-out/>
  <testcase classname="com.jack.LinkScrap.ImageWork" name="run" time="0.698"/>
  <system-out/>
  <testcase classname="com.jack.LinkScrap.ImageWork" name="run" time="0.848"/>
  <system-out/>
  <testcase classname="com.jack.LinkScrap.ImageWork" name="run" time="1.492"/>
  <system-out/>
  <testcase classname="com.jack.LinkScrap.ImageWork" name="run" time="0.835"/>
  <system-out/>
  <testcase classname="com.jack.LinkScrap.ImageWork" name="run" time="1.711"/>
  <system-out/>
  <testcase classname="com.jack.LinkScrap.ImageWork" name="run" time="0.655"/>
  <system-out/>
  <testcase classname="com.jack.LinkScrap.ImageWork" name="run" time="0.628"/>
  <system-out/>
  <testcase classname="com.jack.LinkScrap.ImageWork" name="run" time="0.695"/>
  <system-out/>
  <testcase classname="com.jack.LinkScrap.ImageWork" name="run" time="0.484"/>
  <system-out/>
  <testcase classname="com.jack.LinkScrap.ImageWork" name="run" time="0.500"/>
  <system-out/>
  <testcase classname="com.jack.LinkScrap.ImageWork" name="run" time="0.538"/>
  <system-out/>
  <testcase classname="com.jack.LinkScrap.ImageWork" name="run" time="2.865"/>
  <system-out/>
  <testcase classname="com.jack.LinkScrap.ImageWork" name="run" time="2.085"/>
  <system-out/>
  <testcase classname="com.jack.LinkScrap.ImageWork" name="run" time="1.264"/>
  <system-out/>
  <testcase classname="com.jack.LinkScrap.ImageWork" name="run" time="2.256"/>
  <system-out/>
  <testcase classname="com.jack.LinkScrap.ImageWork" name="run" time="0.480"/>
  <system-out/>
  <testcase classname="com.jack.LinkScrap.ImageWork" name="run" time="0.703"/>
  <system-out/>
  <testcase classname="com.jack.LinkScrap.ImageWork" name="run" time="0.502"/>
  <system-out/>
  <testcase classname="com.jack.LinkScrap.ImageWork" name="run" time="1.585"/>
  <system-out/>
  <testcase classname="com.jack.LinkScrap.ImageWork" name="run" time="1.442"/>
  <system-out/>
  <testcase classname="com.jack.LinkScrap.ImageWork" name="run" time="0.866"/>
  <system-out/>
  <testcase classname="com.jack.LinkScrap.ImageWork" name="run" time="0.609"/>
  <system-out/>
  <testcase classname="com.jack.LinkScrap.ImageWork" name="run" time="0.615"/>
  <system-out/>
  <testcase classname="com.jack.LinkScrap.ImageWork" name="run" time="0.610"/>
  <system-out/>
  <testcase classname="com.jack.LinkScrap.ImageWork" name="run" time="1.738"/>
  <system-out/>
  <testcase classname="com.jack.LinkScrap.ImageWork" name="run" time="2.028"/>
  <system-out/>
  <testcase classname="com.jack.LinkScrap.ImageWork" name="run" time="0.810"/>
  <system-out/>
  <testcase classname="com.jack.LinkScrap.ImageWork" name="run" time="0.740"/>
  <system-out/>
</testsuite> <!-- com.jack.LinkScrap.ImageWork -->
