<?xml version="1.0" encoding="UTF-8"?>
<!-- Generated by org.testng.reporters.JUnitReportReporter -->
<testsuite hostname="DESKTOP-3DLKC1S" failures="0" tests="6" name="com.jack.task3.Kilpatricktownsend" time="18.154" errors="0" timestamp="2023-03-22T00:58:47 BDT" skipped="0">
  <testcase classname="com.jack.task3.Kilpatricktownsend" name="run" time="6.533"/>
  <system-out/>
  <testcase classname="com.jack.task3.Kilpatricktownsend" name="run" time="7.715"/>
  <system-out/>
  <testcase classname="com.jack.task3.Kilpatricktownsend" name="testx" time="0.001"/>
  <system-out/>
  <testcase classname="com.jack.task3.Kilpatricktownsend" name="run" time="1.956"/>
  <system-out/>
  <testcase classname="com.jack.task3.Kilpatricktownsend" name="run" time="1.838"/>
  <system-out/>
  <testcase classname="com.jack.task3.Kilpatricktownsend" name="saveList" time="0.111"/>
  <system-out/>
</testsuite> <!-- com.jack.task3.Kilpatricktownsend -->
