<?xml version="1.0" encoding="UTF-8"?>
<!-- Generated by org.testng.reporters.JUnitReportReporter -->
<testsuite hostname="DESKTOP-3DLKC1S" failures="0" tests="1496" name="com.jack.task4.Cooley" time="2883.831" errors="4" timestamp="2023-03-31T20:19:59 BDT" skipped="0">
  <testcase classname="com.jack.task4.Cooley" name="run" time="2.141"/>
  <system-out/>
  <testcase classname="com.jack.task4.Cooley" name="run" time="2.208"/>
  <system-out/>
  <testcase classname="com.jack.task4.Cooley" name="run" time="2.250"/>
  <system-out/>
  <testcase classname="com.jack.task4.Cooley" name="run" time="1.671"/>
  <system-out/>
  <testcase classname="com.jack.task4.Cooley" name="run" time="1.579"/>
  <system-out/>
  <testcase classname="com.jack.task4.Cooley" name="run" time="1.547"/>
  <system-out/>
  <testcase classname="com.jack.task4.Cooley" name="run" time="1.945"/>
  <system-out/>
  <testcase classname="com.jack.task4.Cooley" name="run" time="1.735"/>
  <system-out/>
  <testcase classname="com.jack.task4.Cooley" name="run" time="1.039"/>
  <system-out/>
  <testcase classname="com.jack.task4.Cooley" name="run" time="1.468"/>
  <system-out/>
  <testcase classname="com.jack.task4.Cooley" name="run" time="1.661"/>
  <system-out/>
  <testcase classname="com.jack.task4.Cooley" name="run" time="1.422"/>
  <system-out/>
  <testcase classname="com.jack.task4.Cooley" name="run" time="1.691"/>
  <system-out/>
  <testcase classname="com.jack.task4.Cooley" name="run" time="2.056"/>
  <system-out/>
  <testcase classname="com.jack.task4.Cooley" name="run" time="1.768"/>
  <system-out/>
  <testcase classname="com.jack.task4.Cooley" name="run" time="1.344"/>
  <system-out/>
  <testcase classname="com.jack.task4.Cooley" name="run" time="2.375"/>
  <system-out/>
  <testcase classname="com.jack.task4.Cooley" name="run" time="1.115"/>
  <system-out/>
  <testcase classname="com.jack.task4.Cooley" name="run" time="2.078"/>
  <system-out/>
  <testcase classname="com.jack.task4.Cooley" name="run" time="1.883"/>
  <system-out/>
  <testcase classname="com.jack.task4.Cooley" name="run" time="1.721"/>
  <system-out/>
  <testcase classname="com.jack.task4.Cooley" name="run" time="1.358"/>
  <system-out/>
  <testcase classname="com.jack.task4.Cooley" name="run" time="2.427"/>
  <system-out/>
  <testcase classname="com.jack.task4.Cooley" name="run" time="5.039"/>
  <system-out/>
  <testcase classname="com.jack.task4.Cooley" name="run" time="1.678"/>
  <system-out/>
  <testcase classname="com.jack.task4.Cooley" name="run" time="1.816"/>
  <system-out/>
  <testcase classname="com.jack.task4.Cooley" name="run" time="1.659"/>
  <system-out/>
  <testcase classname="com.jack.task4.Cooley" name="run" time="1.671"/>
  <system-out/>
  <testcase classname="com.jack.task4.Cooley" name="run" time="1.335"/>
  <system-out/>
  <testcase classname="com.jack.task4.Cooley" name="run" time="1.023"/>
  <system-out/>
  <testcase classname="com.jack.task4.Cooley" name="run" time="1.837"/>
  <system-out/>
  <testcase classname="com.jack.task4.Cooley" name="run" time="1.467"/>
  <system-out/>
  <testcase classname="com.jack.task4.Cooley" name="run" time="1.583"/>
  <system-out/>
  <testcase classname="com.jack.task4.Cooley" name="run" time="1.350"/>
  <system-out/>
  <testcase classname="com.jack.task4.Cooley" name="run" time="2.309"/>
  <system-out/>
  <testcase classname="com.jack.task4.Cooley" name="run" time="2.244"/>
  <system-out/>
  <testcase classname="com.jack.task4.Cooley" name="run" time="2.307"/>
  <system-out/>
  <testcase classname="com.jack.task4.Cooley" name="run" time="1.355"/>
  <system-out/>
  <testcase classname="com.jack.task4.Cooley" name="run" time="2.292"/>
  <system-out/>
  <testcase classname="com.jack.task4.Cooley" name="run" time="1.657"/>
  <system-out/>
  <testcase classname="com.jack.task4.Cooley" name="run" time="1.562"/>
  <system-out/>
  <testcase classname="com.jack.task4.Cooley" name="run" time="3.016"/>
  <system-out/>
  <testcase classname="com.jack.task4.Cooley" name="run" time="1.550"/>
  <system-out/>
  <testcase classname="com.jack.task4.Cooley" name="run" time="1.356"/>
  <system-out/>
  <testcase classname="com.jack.task4.Cooley" name="run" time="7.168"/>
  <system-out/>
  <testcase classname="com.jack.task4.Cooley" name="run" time="1.464"/>
  <system-out/>
  <testcase classname="com.jack.task4.Cooley" name="run" time="1.736"/>
  <system-out/>
  <testcase classname="com.jack.task4.Cooley" name="run" time="1.671"/>
  <system-out/>
  <testcase classname="com.jack.task4.Cooley" name="run" time="1.545"/>
  <system-out/>
  <testcase classname="com.jack.task4.Cooley" name="run" time="1.476"/>
  <system-out/>
  <testcase classname="com.jack.task4.Cooley" name="run" time="1.692"/>
  <system-out/>
  <testcase classname="com.jack.task4.Cooley" name="run" time="1.996"/>
  <system-out/>
  <testcase classname="com.jack.task4.Cooley" name="run" time="2.043"/>
  <system-out/>
  <testcase classname="com.jack.task4.Cooley" name="run" time="2.077"/>
  <system-out/>
  <testcase classname="com.jack.task4.Cooley" name="run" time="1.889"/>
  <system-out/>
  <testcase classname="com.jack.task4.Cooley" name="run" time="1.659"/>
  <system-out/>
  <testcase classname="com.jack.task4.Cooley" name="run" time="1.981"/>
  <system-out/>
  <testcase classname="com.jack.task4.Cooley" name="run" time="0.976"/>
  <system-out/>
  <testcase classname="com.jack.task4.Cooley" name="run" time="1.691"/>
  <system-out/>
  <testcase classname="com.jack.task4.Cooley" name="run" time="1.898"/>
  <system-out/>
  <testcase classname="com.jack.task4.Cooley" name="run" time="1.181"/>
  <system-out/>
  <testcase classname="com.jack.task4.Cooley" name="run" time="2.675"/>
  <system-out/>
  <testcase classname="com.jack.task4.Cooley" name="run" time="1.277"/>
  <system-out/>
  <testcase classname="com.jack.task4.Cooley" name="run" time="2.159"/>
  <system-out/>
  <testcase classname="com.jack.task4.Cooley" name="run" time="1.703"/>
  <system-out/>
  <testcase classname="com.jack.task4.Cooley" name="run" time="1.817"/>
  <system-out/>
  <testcase classname="com.jack.task4.Cooley" name="run" time="2.099"/>
  <system-out/>
  <testcase classname="com.jack.task4.Cooley" name="run" time="1.466"/>
  <system-out/>
  <testcase classname="com.jack.task4.Cooley" name="run" time="1.487"/>
  <system-out/>
  <testcase classname="com.jack.task4.Cooley" name="run" time="2.130"/>
  <system-out/>
  <testcase classname="com.jack.task4.Cooley" name="run" time="1.420"/>
  <system-out/>
  <testcase classname="com.jack.task4.Cooley" name="run" time="9.877"/>
  <system-out/>
  <testcase classname="com.jack.task4.Cooley" name="run" time="1.886"/>
  <system-out/>
  <testcase classname="com.jack.task4.Cooley" name="run" time="1.123"/>
  <system-out/>
  <testcase classname="com.jack.task4.Cooley" name="run" time="2.106"/>
  <system-out/>
  <testcase classname="com.jack.task4.Cooley" name="run" time="1.742"/>
  <system-out/>
  <testcase classname="com.jack.task4.Cooley" name="run" time="1.498"/>
  <system-out/>
  <testcase classname="com.jack.task4.Cooley" name="run" time="1.075"/>
  <system-out/>
  <testcase classname="com.jack.task4.Cooley" name="run" time="1.685"/>
  <system-out/>
  <testcase classname="com.jack.task4.Cooley" name="run" time="1.049"/>
  <system-out/>
  <testcase classname="com.jack.task4.Cooley" name="run" time="1.711"/>
  <system-out/>
  <testcase classname="com.jack.task4.Cooley" name="run" time="1.086"/>
  <system-out/>
  <testcase classname="com.jack.task4.Cooley" name="run" time="1.608"/>
  <system-out/>
  <testcase classname="com.jack.task4.Cooley" name="run" time="1.647"/>
  <system-out/>
  <testcase classname="com.jack.task4.Cooley" name="run" time="1.098"/>
  <system-out/>
  <testcase classname="com.jack.task4.Cooley" name="run" time="1.519"/>
  <system-out/>
  <testcase classname="com.jack.task4.Cooley" name="run" time="1.908"/>
  <system-out/>
  <testcase classname="com.jack.task4.Cooley" name="run" time="1.418"/>
  <system-out/>
  <testcase classname="com.jack.task4.Cooley" name="run" time="1.740"/>
  <system-out/>
  <testcase classname="com.jack.task4.Cooley" name="run" time="1.854"/>
  <system-out/>
  <testcase classname="com.jack.task4.Cooley" name="run" time="1.644"/>
  <system-out/>
  <testcase classname="com.jack.task4.Cooley" name="run" time="1.873"/>
  <system-out/>
  <testcase classname="com.jack.task4.Cooley" name="run" time="1.484"/>
  <system-out/>
  <testcase classname="com.jack.task4.Cooley" name="run" time="1.647"/>
  <system-out/>
  <testcase classname="com.jack.task4.Cooley" name="run" time="1.680"/>
  <system-out/>
  <testcase classname="com.jack.task4.Cooley" name="run" time="1.500"/>
  <system-out/>
  <testcase classname="com.jack.task4.Cooley" name="run" time="1.499"/>
  <system-out/>
  <testcase classname="com.jack.task4.Cooley" name="run" time="1.117"/>
  <system-out/>
  <testcase classname="com.jack.task4.Cooley" name="run" time="1.644"/>
  <system-out/>
  <testcase classname="com.jack.task4.Cooley" name="run" time="4.410"/>
  <system-out/>
  <testcase classname="com.jack.task4.Cooley" name="run" time="2.237"/>
  <system-out/>
  <testcase classname="com.jack.task4.Cooley" name="run" time="1.094"/>
  <system-out/>
  <testcase classname="com.jack.task4.Cooley" name="run" time="1.583"/>
  <system-out/>
  <testcase classname="com.jack.task4.Cooley" name="run" time="1.644"/>
  <system-out/>
  <testcase classname="com.jack.task4.Cooley" name="run" time="3.017"/>
  <system-out/>
  <testcase classname="com.jack.task4.Cooley" name="run" time="1.630"/>
  <system-out/>
  <testcase classname="com.jack.task4.Cooley" name="run" time="1.579"/>
  <system-out/>
  <testcase classname="com.jack.task4.Cooley" name="run" time="1.832"/>
  <system-out/>
  <testcase classname="com.jack.task4.Cooley" name="run" time="1.389"/>
  <system-out/>
  <testcase classname="com.jack.task4.Cooley" name="run" time="1.147"/>
  <system-out/>
  <testcase classname="com.jack.task4.Cooley" name="run" time="1.886"/>
  <system-out/>
  <testcase classname="com.jack.task4.Cooley" name="run" time="1.129"/>
  <system-out/>
  <testcase classname="com.jack.task4.Cooley" name="run" time="1.446"/>
  <system-out/>
  <testcase classname="com.jack.task4.Cooley" name="run" time="1.626"/>
  <system-out/>
  <testcase classname="com.jack.task4.Cooley" name="run" time="1.611"/>
  <system-out/>
  <testcase classname="com.jack.task4.Cooley" name="run" time="1.902"/>
  <system-out/>
  <testcase classname="com.jack.task4.Cooley" name="run" time="1.918"/>
  <system-out/>
  <testcase classname="com.jack.task4.Cooley" name="run" time="3.407"/>
  <system-out/>
  <testcase classname="com.jack.task4.Cooley" name="run" time="1.052"/>
  <system-out/>
  <testcase classname="com.jack.task4.Cooley" name="run" time="1.909"/>
  <system-out/>
  <testcase classname="com.jack.task4.Cooley" name="run" time="1.545"/>
  <system-out/>
  <testcase classname="com.jack.task4.Cooley" name="run" time="1.828"/>
  <system-out/>
  <testcase classname="com.jack.task4.Cooley" name="run" time="1.674"/>
  <system-out/>
  <testcase classname="com.jack.task4.Cooley" name="run" time="4.514"/>
  <system-out/>
  <testcase classname="com.jack.task4.Cooley" name="run" time="2.200"/>
  <system-out/>
  <testcase classname="com.jack.task4.Cooley" name="run" time="2.030"/>
  <system-out/>
  <testcase classname="com.jack.task4.Cooley" name="run" time="1.594"/>
  <system-out/>
  <testcase classname="com.jack.task4.Cooley" name="run" time="1.680"/>
  <system-out/>
  <testcase classname="com.jack.task4.Cooley" name="run" time="1.545"/>
  <system-out/>
  <testcase classname="com.jack.task4.Cooley" name="run" time="1.403"/>
  <system-out/>
  <testcase classname="com.jack.task4.Cooley" name="run" time="1.645"/>
  <system-out/>
  <testcase classname="com.jack.task4.Cooley" name="run" time="2.109"/>
  <system-out/>
  <testcase classname="com.jack.task4.Cooley" name="run" time="1.869"/>
  <system-out/>
  <testcase classname="com.jack.task4.Cooley" name="run" time="3.287"/>
  <system-out/>
  <testcase classname="com.jack.task4.Cooley" name="run" time="1.405"/>
  <system-out/>
  <testcase classname="com.jack.task4.Cooley" name="run" time="2.369"/>
  <system-out/>
  <testcase classname="com.jack.task4.Cooley" name="run" time="1.758"/>
  <system-out/>
  <testcase classname="com.jack.task4.Cooley" name="run" time="1.084"/>
  <system-out/>
  <testcase classname="com.jack.task4.Cooley" name="run" time="1.509"/>
  <system-out/>
  <testcase classname="com.jack.task4.Cooley" name="run" time="2.464"/>
  <system-out/>
  <testcase classname="com.jack.task4.Cooley" name="run" time="1.789"/>
  <system-out/>
  <testcase classname="com.jack.task4.Cooley" name="run" time="1.511"/>
  <system-out/>
  <testcase classname="com.jack.task4.Cooley" name="run" time="2.390"/>
  <system-out/>
  <testcase classname="com.jack.task4.Cooley" name="run" time="1.101"/>
  <system-out/>
  <testcase classname="com.jack.task4.Cooley" name="run" time="1.685"/>
  <system-out/>
  <testcase classname="com.jack.task4.Cooley" name="run" time="1.453"/>
  <system-out/>
  <testcase classname="com.jack.task4.Cooley" name="run" time="1.536"/>
  <system-out/>
  <testcase classname="com.jack.task4.Cooley" name="run" time="1.607"/>
  <system-out/>
  <testcase classname="com.jack.task4.Cooley" name="run" time="1.183"/>
  <system-out/>
  <testcase classname="com.jack.task4.Cooley" name="run" time="2.366"/>
  <system-out/>
  <testcase classname="com.jack.task4.Cooley" name="run" time="5.968"/>
  <system-out/>
  <testcase classname="com.jack.task4.Cooley" name="run" time="1.067"/>
  <system-out/>
  <testcase classname="com.jack.task4.Cooley" name="run" time="1.783"/>
  <system-out/>
  <testcase classname="com.jack.task4.Cooley" name="run" time="1.915"/>
  <system-out/>
  <testcase classname="com.jack.task4.Cooley" name="run" time="1.028"/>
  <system-out/>
  <testcase classname="com.jack.task4.Cooley" name="run" time="2.376"/>
  <system-out/>
  <testcase classname="com.jack.task4.Cooley" name="run" time="1.484"/>
  <system-out/>
  <testcase classname="com.jack.task4.Cooley" name="run" time="1.162"/>
  <system-out/>
  <testcase classname="com.jack.task4.Cooley" name="run" time="1.818"/>
  <system-out/>
  <testcase classname="com.jack.task4.Cooley" name="run" time="2.810"/>
  <system-out/>
  <testcase classname="com.jack.task4.Cooley" name="run" time="2.362"/>
  <system-out/>
  <testcase classname="com.jack.task4.Cooley" name="run" time="1.584"/>
  <system-out/>
  <testcase classname="com.jack.task4.Cooley" name="run" time="1.529"/>
  <system-out/>
  <testcase classname="com.jack.task4.Cooley" name="run" time="1.518"/>
  <system-out/>
  <testcase classname="com.jack.task4.Cooley" name="run" time="2.531"/>
  <system-out/>
  <testcase classname="com.jack.task4.Cooley" name="run" time="1.302"/>
  <system-out/>
  <testcase classname="com.jack.task4.Cooley" name="run" time="1.486"/>
  <system-out/>
  <testcase classname="com.jack.task4.Cooley" name="run" time="1.546"/>
  <system-out/>
  <testcase classname="com.jack.task4.Cooley" name="run" time="1.803"/>
  <system-out/>
  <testcase classname="com.jack.task4.Cooley" name="run" time="2.095"/>
  <system-out/>
  <testcase classname="com.jack.task4.Cooley" name="run" time="1.705"/>
  <system-out/>
  <testcase classname="com.jack.task4.Cooley" name="run" time="1.595"/>
  <system-out/>
  <testcase classname="com.jack.task4.Cooley" name="run" time="1.867"/>
  <system-out/>
  <testcase classname="com.jack.task4.Cooley" name="run" time="3.212"/>
  <system-out/>
  <testcase classname="com.jack.task4.Cooley" name="run" time="1.432"/>
  <system-out/>
  <testcase classname="com.jack.task4.Cooley" name="run" time="1.681"/>
  <system-out/>
  <testcase classname="com.jack.task4.Cooley" name="run" time="1.861"/>
  <system-out/>
  <testcase classname="com.jack.task4.Cooley" name="run" time="1.365"/>
  <system-out/>
  <testcase classname="com.jack.task4.Cooley" name="run" time="1.589"/>
  <system-out/>
  <testcase classname="com.jack.task4.Cooley" name="run" time="1.098"/>
  <system-out/>
  <testcase classname="com.jack.task4.Cooley" name="run" time="1.737"/>
  <system-out/>
  <testcase classname="com.jack.task4.Cooley" name="run" time="1.037"/>
  <system-out/>
  <testcase classname="com.jack.task4.Cooley" name="run" time="1.417"/>
  <system-out/>
  <testcase classname="com.jack.task4.Cooley" name="run" time="1.066"/>
  <system-out/>
  <testcase classname="com.jack.task4.Cooley" name="run" time="1.576"/>
  <system-out/>
  <testcase classname="com.jack.task4.Cooley" name="run" time="1.355"/>
  <system-out/>
  <testcase classname="com.jack.task4.Cooley" name="run" time="1.483"/>
  <system-out/>
  <testcase classname="com.jack.task4.Cooley" name="run" time="1.119"/>
  <system-out/>
  <testcase classname="com.jack.task4.Cooley" name="run" time="1.167"/>
  <system-out/>
  <testcase classname="com.jack.task4.Cooley" name="run" time="1.451"/>
  <system-out/>
  <testcase classname="com.jack.task4.Cooley" name="run" time="1.792"/>
  <system-out/>
  <testcase classname="com.jack.task4.Cooley" name="run" time="1.445"/>
  <system-out/>
  <testcase classname="com.jack.task4.Cooley" name="run" time="1.913"/>
  <system-out/>
  <testcase classname="com.jack.task4.Cooley" name="run" time="0.973"/>
  <system-out/>
  <testcase classname="com.jack.task4.Cooley" name="run" time="1.559"/>
  <system-out/>
  <testcase classname="com.jack.task4.Cooley" name="run" time="1.072"/>
  <system-out/>
  <testcase classname="com.jack.task4.Cooley" name="run" time="1.407"/>
  <system-out/>
  <testcase classname="com.jack.task4.Cooley" name="run" time="1.486"/>
  <system-out/>
  <testcase classname="com.jack.task4.Cooley" name="run" time="1.697"/>
  <system-out/>
  <testcase classname="com.jack.task4.Cooley" name="run" time="1.370"/>
  <system-out/>
  <testcase classname="com.jack.task4.Cooley" name="run" time="1.446"/>
  <system-out/>
  <testcase classname="com.jack.task4.Cooley" name="run" time="1.850"/>
  <system-out/>
  <testcase classname="com.jack.task4.Cooley" name="run" time="2.036"/>
  <system-out/>
  <testcase classname="com.jack.task4.Cooley" name="run" time="1.742"/>
  <system-out/>
  <testcase classname="com.jack.task4.Cooley" name="run" time="1.860"/>
  <system-out/>
  <testcase classname="com.jack.task4.Cooley" name="run" time="1.814"/>
  <system-out/>
  <testcase classname="com.jack.task4.Cooley" name="run" time="1.046"/>
  <system-out/>
  <testcase classname="com.jack.task4.Cooley" name="run" time="1.659"/>
  <system-out/>
  <testcase classname="com.jack.task4.Cooley" name="run" time="3.332"/>
  <system-out/>
  <testcase classname="com.jack.task4.Cooley" name="run" time="2.092"/>
  <system-out/>
  <testcase classname="com.jack.task4.Cooley" name="run" time="2.750"/>
  <system-out/>
  <testcase classname="com.jack.task4.Cooley" name="run" time="0.974"/>
  <system-out/>
  <testcase classname="com.jack.task4.Cooley" name="run" time="2.483"/>
  <system-out/>
  <testcase classname="com.jack.task4.Cooley" name="run" time="1.017"/>
  <system-out/>
  <testcase classname="com.jack.task4.Cooley" name="run" time="1.920"/>
  <system-out/>
  <testcase classname="com.jack.task4.Cooley" name="run" time="1.582"/>
  <system-out/>
  <testcase classname="com.jack.task4.Cooley" name="run" time="1.911"/>
  <system-out/>
  <testcase classname="com.jack.task4.Cooley" name="run" time="1.597"/>
  <system-out/>
  <testcase classname="com.jack.task4.Cooley" name="run" time="1.885"/>
  <system-out/>
  <testcase classname="com.jack.task4.Cooley" name="run" time="1.471"/>
  <system-out/>
  <testcase classname="com.jack.task4.Cooley" name="run" time="1.336"/>
  <system-out/>
  <testcase classname="com.jack.task4.Cooley" name="run" time="1.627"/>
  <system-out/>
  <testcase classname="com.jack.task4.Cooley" name="run" time="1.103"/>
  <system-out/>
  <testcase classname="com.jack.task4.Cooley" name="run" time="3.622"/>
  <system-out/>
  <testcase classname="com.jack.task4.Cooley" name="run" time="1.147"/>
  <system-out/>
  <testcase classname="com.jack.task4.Cooley" name="run" time="3.237"/>
  <system-out/>
  <testcase classname="com.jack.task4.Cooley" name="run" time="1.039"/>
  <system-out/>
  <testcase classname="com.jack.task4.Cooley" name="run" time="1.118"/>
  <system-out/>
  <testcase classname="com.jack.task4.Cooley" name="run" time="1.513"/>
  <system-out/>
  <testcase classname="com.jack.task4.Cooley" name="run" time="1.801"/>
  <system-out/>
  <testcase classname="com.jack.task4.Cooley" name="run" time="1.514"/>
  <system-out/>
  <testcase classname="com.jack.task4.Cooley" name="run" time="1.197"/>
  <system-out/>
  <testcase classname="com.jack.task4.Cooley" name="run" time="2.654"/>
  <system-out/>
  <testcase classname="com.jack.task4.Cooley" name="run" time="1.867"/>
  <system-out/>
  <testcase classname="com.jack.task4.Cooley" name="run" time="1.340"/>
  <system-out/>
  <testcase classname="com.jack.task4.Cooley" name="run" time="1.475"/>
  <system-out/>
  <testcase classname="com.jack.task4.Cooley" name="run" time="1.660"/>
  <system-out/>
  <testcase classname="com.jack.task4.Cooley" name="run" time="1.738"/>
  <system-out/>
  <testcase classname="com.jack.task4.Cooley" name="run" time="1.671"/>
  <system-out/>
  <testcase classname="com.jack.task4.Cooley" name="run" time="1.373"/>
  <system-out/>
  <testcase classname="com.jack.task4.Cooley" name="run" time="1.420"/>
  <system-out/>
  <testcase classname="com.jack.task4.Cooley" name="run" time="1.083"/>
  <system-out/>
  <testcase classname="com.jack.task4.Cooley" name="run" time="1.470"/>
  <system-out/>
  <testcase classname="com.jack.task4.Cooley" name="run" time="1.871"/>
  <system-out/>
  <testcase classname="com.jack.task4.Cooley" name="run" time="2.102"/>
  <system-out/>
  <testcase classname="com.jack.task4.Cooley" name="run" time="3.059"/>
  <system-out/>
  <testcase classname="com.jack.task4.Cooley" name="run" time="1.288"/>
  <system-out/>
  <testcase classname="com.jack.task4.Cooley" name="run" time="1.119"/>
  <system-out/>
  <testcase classname="com.jack.task4.Cooley" name="run" time="5.142"/>
  <system-out/>
  <testcase classname="com.jack.task4.Cooley" name="run" time="2.166"/>
  <system-out/>
  <testcase classname="com.jack.task4.Cooley" name="run" time="2.956"/>
  <system-out/>
  <testcase classname="com.jack.task4.Cooley" name="run" time="2.393"/>
  <system-out/>
  <testcase classname="com.jack.task4.Cooley" name="run" time="2.070"/>
  <system-out/>
  <testcase classname="com.jack.task4.Cooley" name="run" time="1.179"/>
  <system-out/>
  <testcase classname="com.jack.task4.Cooley" name="run" time="1.450"/>
  <system-out/>
  <testcase classname="com.jack.task4.Cooley" name="run" time="2.037"/>
  <system-out/>
  <testcase classname="com.jack.task4.Cooley" name="run" time="2.248"/>
  <system-out/>
  <testcase classname="com.jack.task4.Cooley" name="run" time="1.328"/>
  <system-out/>
  <testcase classname="com.jack.task4.Cooley" name="run" time="1.657"/>
  <system-out/>
  <testcase classname="com.jack.task4.Cooley" name="run" time="1.487"/>
  <system-out/>
  <testcase classname="com.jack.task4.Cooley" name="run" time="1.627"/>
  <system-out/>
  <testcase classname="com.jack.task4.Cooley" name="run" time="2.555"/>
  <system-out/>
  <testcase classname="com.jack.task4.Cooley" name="run" time="1.084"/>
  <system-out/>
  <testcase classname="com.jack.task4.Cooley" name="run" time="1.696"/>
  <system-out/>
  <testcase classname="com.jack.task4.Cooley" name="run" time="1.435"/>
  <system-out/>
  <testcase classname="com.jack.task4.Cooley" name="run" time="1.466"/>
  <system-out/>
  <testcase classname="com.jack.task4.Cooley" name="run" time="1.129"/>
  <system-out/>
  <testcase classname="com.jack.task4.Cooley" name="run" time="2.393"/>
  <system-out/>
  <testcase classname="com.jack.task4.Cooley" name="run" time="1.704"/>
  <system-out/>
  <testcase classname="com.jack.task4.Cooley" name="run" time="3.219"/>
  <system-out/>
  <testcase classname="com.jack.task4.Cooley" name="run" time="1.112"/>
  <system-out/>
  <testcase classname="com.jack.task4.Cooley" name="run" time="1.672"/>
  <system-out/>
  <testcase classname="com.jack.task4.Cooley" name="run" time="1.865"/>
  <system-out/>
  <testcase classname="com.jack.task4.Cooley" name="run" time="1.515"/>
  <system-out/>
  <testcase classname="com.jack.task4.Cooley" name="run" time="2.376"/>
  <system-out/>
  <testcase classname="com.jack.task4.Cooley" name="run" time="1.836"/>
  <system-out/>
  <testcase classname="com.jack.task4.Cooley" name="run" time="2.892"/>
  <system-out/>
  <testcase classname="com.jack.task4.Cooley" name="run" time="1.881"/>
  <system-out/>
  <testcase classname="com.jack.task4.Cooley" name="run" time="2.648"/>
  <system-out/>
  <testcase classname="com.jack.task4.Cooley" name="run" time="1.403"/>
  <system-out/>
  <testcase classname="com.jack.task4.Cooley" name="run" time="1.057"/>
  <system-out/>
  <testcase classname="com.jack.task4.Cooley" name="run" time="1.360"/>
  <system-out/>
  <testcase classname="com.jack.task4.Cooley" name="run" time="1.047"/>
  <system-out/>
  <testcase classname="com.jack.task4.Cooley" name="run" time="2.350"/>
  <system-out/>
  <testcase classname="com.jack.task4.Cooley" name="run" time="1.484"/>
  <system-out/>
  <testcase classname="com.jack.task4.Cooley" name="run" time="1.864"/>
  <system-out/>
  <testcase classname="com.jack.task4.Cooley" name="run" time="1.419"/>
  <system-out/>
  <testcase classname="com.jack.task4.Cooley" name="run" time="3.060"/>
  <system-out/>
  <testcase classname="com.jack.task4.Cooley" name="run" time="2.182"/>
  <system-out/>
  <testcase classname="com.jack.task4.Cooley" name="run" time="1.594"/>
  <system-out/>
  <testcase classname="com.jack.task4.Cooley" name="run" time="1.687"/>
  <system-out/>
  <testcase classname="com.jack.task4.Cooley" name="run" time="1.817"/>
  <system-out/>
  <testcase classname="com.jack.task4.Cooley" name="run" time="1.755"/>
  <system-out/>
  <testcase classname="com.jack.task4.Cooley" name="run" time="1.034"/>
  <system-out/>
  <testcase classname="com.jack.task4.Cooley" name="run" time="1.499"/>
  <system-out/>
  <testcase classname="com.jack.task4.Cooley" name="run" time="2.442"/>
  <system-out/>
  <testcase classname="com.jack.task4.Cooley" name="run" time="2.288"/>
  <system-out/>
  <testcase classname="com.jack.task4.Cooley" name="run" time="1.752"/>
  <system-out/>
  <testcase classname="com.jack.task4.Cooley" name="run" time="3.728"/>
  <system-out/>
  <testcase classname="com.jack.task4.Cooley" name="run" time="1.705"/>
  <system-out/>
  <testcase classname="com.jack.task4.Cooley" name="run" time="1.628"/>
  <system-out/>
  <testcase classname="com.jack.task4.Cooley" name="run" time="1.421"/>
  <system-out/>
  <testcase classname="com.jack.task4.Cooley" name="run" time="3.721"/>
  <system-out/>
  <testcase classname="com.jack.task4.Cooley" name="run" time="1.136"/>
  <system-out/>
  <testcase classname="com.jack.task4.Cooley" name="run" time="1.934"/>
  <system-out/>
  <testcase classname="com.jack.task4.Cooley" name="run" time="2.191"/>
  <system-out/>
  <testcase classname="com.jack.task4.Cooley" name="run" time="1.626"/>
  <system-out/>
  <testcase classname="com.jack.task4.Cooley" name="run" time="1.521"/>
  <system-out/>
  <testcase classname="com.jack.task4.Cooley" name="run" time="1.023"/>
  <system-out/>
  <testcase classname="com.jack.task4.Cooley" name="run" time="1.441"/>
  <system-out/>
  <testcase classname="com.jack.task4.Cooley" name="run" time="1.752"/>
  <system-out/>
  <testcase classname="com.jack.task4.Cooley" name="run" time="1.513"/>
  <system-out/>
  <testcase classname="com.jack.task4.Cooley" name="run" time="1.623"/>
  <system-out/>
  <testcase classname="com.jack.task4.Cooley" name="run" time="3.165"/>
  <system-out/>
  <testcase classname="com.jack.task4.Cooley" name="run" time="1.408"/>
  <system-out/>
  <testcase classname="com.jack.task4.Cooley" name="run" time="1.485"/>
  <system-out/>
  <testcase classname="com.jack.task4.Cooley" name="run" time="1.134"/>
  <system-out/>
  <testcase classname="com.jack.task4.Cooley" name="run" time="1.737"/>
  <system-out/>
  <testcase classname="com.jack.task4.Cooley" name="run" time="1.637"/>
  <system-out/>
  <testcase classname="com.jack.task4.Cooley" name="run" time="1.344"/>
  <system-out/>
  <testcase classname="com.jack.task4.Cooley" name="run" time="4.108"/>
  <system-out/>
  <testcase classname="com.jack.task4.Cooley" name="run" time="1.560"/>
  <system-out/>
  <testcase classname="com.jack.task4.Cooley" name="run" time="1.775"/>
  <system-out/>
  <testcase classname="com.jack.task4.Cooley" name="run" time="2.345"/>
  <system-out/>
  <testcase classname="com.jack.task4.Cooley" name="run" time="1.744"/>
  <system-out/>
  <testcase classname="com.jack.task4.Cooley" name="run" time="1.648"/>
  <system-out/>
  <testcase classname="com.jack.task4.Cooley" name="run" time="1.717"/>
  <system-out/>
  <testcase classname="com.jack.task4.Cooley" name="run" time="1.696"/>
  <system-out/>
  <testcase classname="com.jack.task4.Cooley" name="run" time="0.989"/>
  <system-out/>
  <testcase classname="com.jack.task4.Cooley" name="run" time="1.656"/>
  <system-out/>
  <testcase classname="com.jack.task4.Cooley" name="run" time="1.422"/>
  <system-out/>
  <testcase classname="com.jack.task4.Cooley" name="run" time="1.647"/>
  <system-out/>
  <testcase classname="com.jack.task4.Cooley" name="run" time="2.399"/>
  <system-out/>
  <testcase classname="com.jack.task4.Cooley" name="run" time="2.039"/>
  <system-out/>
  <testcase classname="com.jack.task4.Cooley" name="run" time="1.190"/>
  <system-out/>
  <testcase classname="com.jack.task4.Cooley" name="run" time="1.696"/>
  <system-out/>
  <testcase classname="com.jack.task4.Cooley" name="run" time="1.727"/>
  <system-out/>
  <testcase classname="com.jack.task4.Cooley" name="run" time="4.319"/>
  <system-out/>
  <testcase classname="com.jack.task4.Cooley" name="run" time="1.627"/>
  <system-out/>
  <testcase classname="com.jack.task4.Cooley" name="run" time="1.701"/>
  <system-out/>
  <testcase classname="com.jack.task4.Cooley" name="run" time="5.533"/>
  <system-out/>
  <testcase classname="com.jack.task4.Cooley" name="run" time="1.098"/>
  <system-out/>
  <testcase classname="com.jack.task4.Cooley" name="run" time="1.197"/>
  <system-out/>
  <testcase classname="com.jack.task4.Cooley" name="run" time="1.784"/>
  <system-out/>
  <testcase classname="com.jack.task4.Cooley" name="run" time="1.560"/>
  <system-out/>
  <testcase classname="com.jack.task4.Cooley" name="run" time="1.400"/>
  <system-out/>
  <testcase classname="com.jack.task4.Cooley" name="run" time="1.630"/>
  <system-out/>
  <testcase classname="com.jack.task4.Cooley" name="run" time="1.614"/>
  <system-out/>
  <testcase classname="com.jack.task4.Cooley" name="run" time="2.699"/>
  <system-out/>
  <testcase classname="com.jack.task4.Cooley" name="run" time="2.680"/>
  <system-out/>
  <testcase classname="com.jack.task4.Cooley" name="run" time="1.771"/>
  <system-out/>
  <testcase classname="com.jack.task4.Cooley" name="run" time="1.115"/>
  <system-out/>
  <testcase classname="com.jack.task4.Cooley" name="run" time="2.141"/>
  <system-out/>
  <testcase classname="com.jack.task4.Cooley" name="run" time="3.769"/>
  <system-out/>
  <testcase classname="com.jack.task4.Cooley" name="run" time="1.773"/>
  <system-out/>
  <testcase classname="com.jack.task4.Cooley" name="run" time="3.712"/>
  <system-out/>
  <testcase classname="com.jack.task4.Cooley" name="run" time="2.217"/>
  <system-out/>
  <testcase classname="com.jack.task4.Cooley" name="run" time="1.869"/>
  <system-out/>
  <testcase classname="com.jack.task4.Cooley" name="run" time="1.407"/>
  <system-out/>
  <testcase classname="com.jack.task4.Cooley" name="run" time="1.659"/>
  <system-out/>
  <testcase classname="com.jack.task4.Cooley" name="run" time="1.055"/>
  <system-out/>
  <testcase classname="com.jack.task4.Cooley" name="run" time="2.630"/>
  <system-out/>
  <testcase classname="com.jack.task4.Cooley" name="run" time="1.865"/>
  <system-out/>
  <testcase classname="com.jack.task4.Cooley" name="run" time="1.658"/>
  <system-out/>
  <testcase classname="com.jack.task4.Cooley" name="run" time="1.674"/>
  <system-out/>
  <testcase classname="com.jack.task4.Cooley" name="run" time="2.157"/>
  <system-out/>
  <testcase classname="com.jack.task4.Cooley" name="run" time="1.622"/>
  <system-out/>
  <testcase classname="com.jack.task4.Cooley" name="run" time="2.657"/>
  <system-out/>
  <testcase classname="com.jack.task4.Cooley" name="run" time="1.101"/>
  <system-out/>
  <testcase classname="com.jack.task4.Cooley" name="run" time="1.679"/>
  <system-out/>
  <testcase classname="com.jack.task4.Cooley" name="run" time="1.581"/>
  <system-out/>
  <testcase classname="com.jack.task4.Cooley" name="run" time="1.918"/>
  <system-out/>
  <testcase classname="com.jack.task4.Cooley" name="run" time="1.627"/>
  <system-out/>
  <testcase classname="com.jack.task4.Cooley" name="run" time="1.582"/>
  <system-out/>
  <testcase classname="com.jack.task4.Cooley" name="run" time="2.254"/>
  <system-out/>
  <testcase classname="com.jack.task4.Cooley" name="run" time="1.707"/>
  <system-out/>
  <testcase classname="com.jack.task4.Cooley" name="run" time="1.855"/>
  <system-out/>
  <testcase classname="com.jack.task4.Cooley" name="run" time="2.473"/>
  <system-out/>
  <testcase classname="com.jack.task4.Cooley" name="run" time="1.762"/>
  <system-out/>
  <testcase classname="com.jack.task4.Cooley" name="run" time="1.499"/>
  <system-out/>
  <testcase classname="com.jack.task4.Cooley" name="run" time="3.195"/>
  <system-out/>
  <testcase classname="com.jack.task4.Cooley" name="run" time="2.042"/>
  <system-out/>
  <testcase classname="com.jack.task4.Cooley" name="run" time="3.093"/>
  <system-out/>
  <testcase classname="com.jack.task4.Cooley" name="run" time="2.322"/>
  <system-out/>
  <testcase classname="com.jack.task4.Cooley" name="run" time="1.419"/>
  <system-out/>
  <testcase classname="com.jack.task4.Cooley" name="run" time="1.149"/>
  <system-out/>
  <testcase classname="com.jack.task4.Cooley" name="run" time="1.608"/>
  <system-out/>
  <testcase classname="com.jack.task4.Cooley" name="run" time="2.675"/>
  <system-out/>
  <testcase classname="com.jack.task4.Cooley" name="run" time="1.527"/>
  <system-out/>
  <testcase classname="com.jack.task4.Cooley" name="run" time="2.200"/>
  <system-out/>
  <testcase classname="com.jack.task4.Cooley" name="run" time="2.635"/>
  <system-out/>
  <testcase classname="com.jack.task4.Cooley" name="run" time="1.374"/>
  <system-out/>
  <testcase classname="com.jack.task4.Cooley" name="run" time="1.849"/>
  <system-out/>
  <testcase classname="com.jack.task4.Cooley" name="run" time="2.948"/>
  <system-out/>
  <testcase classname="com.jack.task4.Cooley" name="run" time="3.721"/>
  <system-out/>
  <testcase classname="com.jack.task4.Cooley" name="run" time="1.669"/>
  <system-out/>
  <testcase classname="com.jack.task4.Cooley" name="run" time="1.421"/>
  <system-out/>
  <testcase classname="com.jack.task4.Cooley" name="run" time="1.103"/>
  <system-out/>
  <testcase classname="com.jack.task4.Cooley" name="run" time="1.671"/>
  <system-out/>
  <testcase classname="com.jack.task4.Cooley" name="run" time="1.706"/>
  <system-out/>
  <testcase classname="com.jack.task4.Cooley" name="run" time="1.619"/>
  <system-out/>
  <testcase classname="com.jack.task4.Cooley" name="run" time="1.755"/>
  <system-out/>
  <testcase classname="com.jack.task4.Cooley" name="run" time="1.584"/>
  <system-out/>
  <testcase classname="com.jack.task4.Cooley" name="run" time="1.862"/>
  <system-out/>
  <testcase classname="com.jack.task4.Cooley" name="run" time="1.469"/>
  <system-out/>
  <testcase classname="com.jack.task4.Cooley" name="run" time="2.090"/>
  <system-out/>
  <testcase classname="com.jack.task4.Cooley" name="run" time="1.120"/>
  <system-out/>
  <testcase classname="com.jack.task4.Cooley" name="run" time="1.230"/>
  <system-out/>
  <testcase classname="com.jack.task4.Cooley" name="run" time="1.521"/>
  <system-out/>
  <testcase classname="com.jack.task4.Cooley" name="run" time="1.728"/>
  <system-out/>
  <testcase classname="com.jack.task4.Cooley" name="run" time="1.756"/>
  <system-out/>
  <testcase classname="com.jack.task4.Cooley" name="run" time="1.451"/>
  <system-out/>
  <testcase classname="com.jack.task4.Cooley" name="run" time="2.029"/>
  <system-out/>
  <testcase classname="com.jack.task4.Cooley" name="run" time="1.517"/>
  <system-out/>
  <testcase classname="com.jack.task4.Cooley" name="run" time="1.871"/>
  <system-out/>
  <testcase classname="com.jack.task4.Cooley" name="run" time="1.748"/>
  <system-out/>
  <testcase classname="com.jack.task4.Cooley" name="run" time="3.101"/>
  <system-out/>
  <testcase classname="com.jack.task4.Cooley" name="run" time="1.401"/>
  <system-out/>
  <testcase classname="com.jack.task4.Cooley" name="run" time="1.705"/>
  <system-out/>
  <testcase classname="com.jack.task4.Cooley" name="run" time="1.917"/>
  <system-out/>
  <testcase classname="com.jack.task4.Cooley" name="run" time="3.064"/>
  <system-out/>
  <testcase classname="com.jack.task4.Cooley" name="run" time="1.623"/>
  <system-out/>
  <testcase classname="com.jack.task4.Cooley" name="run" time="4.237"/>
  <system-out/>
  <testcase classname="com.jack.task4.Cooley" name="run" time="1.036"/>
  <system-out/>
  <testcase classname="com.jack.task4.Cooley" name="run" time="1.957"/>
  <system-out/>
  <testcase classname="com.jack.task4.Cooley" name="run" time="1.780"/>
  <system-out/>
  <testcase classname="com.jack.task4.Cooley" name="run" time="1.436"/>
  <system-out/>
  <testcase classname="com.jack.task4.Cooley" name="run" time="1.767"/>
  <system-out/>
  <testcase classname="com.jack.task4.Cooley" name="run" time="1.548"/>
  <system-out/>
  <testcase classname="com.jack.task4.Cooley" name="run" time="1.834"/>
  <system-out/>
  <testcase classname="com.jack.task4.Cooley" name="run" time="3.450"/>
  <system-out/>
  <testcase classname="com.jack.task4.Cooley" name="run" time="1.008"/>
  <system-out/>
  <testcase classname="com.jack.task4.Cooley" name="run" time="1.420"/>
  <system-out/>
  <testcase classname="com.jack.task4.Cooley" name="run" time="2.209"/>
  <system-out/>
  <testcase classname="com.jack.task4.Cooley" name="run" time="1.836"/>
  <system-out/>
  <testcase classname="com.jack.task4.Cooley" name="run" time="1.471"/>
  <system-out/>
  <testcase classname="com.jack.task4.Cooley" name="run" time="1.595"/>
  <system-out/>
  <testcase classname="com.jack.task4.Cooley" name="run" time="1.505"/>
  <system-out/>
  <testcase classname="com.jack.task4.Cooley" name="run" time="1.165"/>
  <system-out/>
  <testcase classname="com.jack.task4.Cooley" name="run" time="1.598"/>
  <system-out/>
  <testcase classname="com.jack.task4.Cooley" name="run" time="1.334"/>
  <system-out/>
  <testcase classname="com.jack.task4.Cooley" name="run" time="1.678"/>
  <system-out/>
  <testcase classname="com.jack.task4.Cooley" name="run" time="1.757"/>
  <system-out/>
  <testcase classname="com.jack.task4.Cooley" name="run" time="1.451"/>
  <system-out/>
  <testcase classname="com.jack.task4.Cooley" name="run" time="1.528"/>
  <system-out/>
  <testcase classname="com.jack.task4.Cooley" name="run" time="1.630"/>
  <system-out/>
  <testcase classname="com.jack.task4.Cooley" name="run" time="1.100"/>
  <system-out/>
  <testcase classname="com.jack.task4.Cooley" name="run" time="2.576"/>
  <system-out/>
  <testcase classname="com.jack.task4.Cooley" name="run" time="2.096"/>
  <system-out/>
  <testcase classname="com.jack.task4.Cooley" name="run" time="1.256"/>
  <system-out/>
  <testcase classname="com.jack.task4.Cooley" name="run" time="2.037"/>
  <system-out/>
  <testcase classname="com.jack.task4.Cooley" name="run" time="2.295"/>
  <system-out/>
  <testcase classname="com.jack.task4.Cooley" name="run" time="1.724"/>
  <system-out/>
  <testcase classname="com.jack.task4.Cooley" name="run" time="1.422"/>
  <system-out/>
  <testcase classname="com.jack.task4.Cooley" name="run" time="4.844"/>
  <system-out/>
  <testcase classname="com.jack.task4.Cooley" name="run" time="2.216"/>
  <system-out/>
  <testcase classname="com.jack.task4.Cooley" name="run" time="2.262"/>
  <system-out/>
  <testcase classname="com.jack.task4.Cooley" name="run" time="1.685"/>
  <system-out/>
  <testcase classname="com.jack.task4.Cooley" name="run" time="3.406"/>
  <system-out/>
  <testcase classname="com.jack.task4.Cooley" name="run" time="1.673"/>
  <system-out/>
  <testcase classname="com.jack.task4.Cooley" name="run" time="3.943"/>
  <system-out/>
  <testcase classname="com.jack.task4.Cooley" name="run" time="1.433"/>
  <system-out/>
  <testcase classname="com.jack.task4.Cooley" name="run" time="1.687"/>
  <system-out/>
  <testcase classname="com.jack.task4.Cooley" name="run" time="1.660"/>
  <system-out/>
  <testcase classname="com.jack.task4.Cooley" name="run" time="1.685"/>
  <system-out/>
  <testcase classname="com.jack.task4.Cooley" name="run" time="4.542"/>
  <system-out/>
  <testcase classname="com.jack.task4.Cooley" name="run" time="1.670"/>
  <system-out/>
  <testcase classname="com.jack.task4.Cooley" name="run" time="1.464"/>
  <system-out/>
  <testcase classname="com.jack.task4.Cooley" name="run" time="1.132"/>
  <system-out/>
  <testcase classname="com.jack.task4.Cooley" name="run" time="6.894"/>
  <system-out/>
  <testcase classname="com.jack.task4.Cooley" name="run" time="1.447"/>
  <system-out/>
  <testcase classname="com.jack.task4.Cooley" name="run" time="1.650"/>
  <system-out/>
  <testcase classname="com.jack.task4.Cooley" name="run" time="2.328"/>
  <system-out/>
  <testcase classname="com.jack.task4.Cooley" name="run" time="1.601"/>
  <system-out/>
  <testcase classname="com.jack.task4.Cooley" name="run" time="1.184"/>
  <system-out/>
  <testcase classname="com.jack.task4.Cooley" name="run" time="2.972"/>
  <system-out/>
  <testcase classname="com.jack.task4.Cooley" name="run" time="1.452"/>
  <system-out/>
  <testcase classname="com.jack.task4.Cooley" name="run" time="2.170"/>
  <system-out/>
  <testcase classname="com.jack.task4.Cooley" name="run" time="1.607"/>
  <system-out/>
  <testcase classname="com.jack.task4.Cooley" name="run" time="1.684"/>
  <system-out/>
  <testcase classname="com.jack.task4.Cooley" name="run" time="1.672"/>
  <system-out/>
  <testcase classname="com.jack.task4.Cooley" name="run" time="1.645"/>
  <system-out/>
  <testcase classname="com.jack.task4.Cooley" name="run" time="1.488"/>
  <system-out/>
  <testcase classname="com.jack.task4.Cooley" name="run" time="2.709"/>
  <system-out/>
  <testcase classname="com.jack.task4.Cooley" name="run" time="2.360"/>
  <system-out/>
  <testcase classname="com.jack.task4.Cooley" name="run" time="1.086"/>
  <system-out/>
  <testcase classname="com.jack.task4.Cooley" name="run" time="1.470"/>
  <system-out/>
  <testcase classname="com.jack.task4.Cooley" name="run" time="2.791"/>
  <system-out/>
  <testcase classname="com.jack.task4.Cooley" name="run" time="1.435"/>
  <system-out/>
  <testcase classname="com.jack.task4.Cooley" name="run" time="1.070"/>
  <system-out/>
  <testcase classname="com.jack.task4.Cooley" name="run" time="1.672"/>
  <system-out/>
  <testcase classname="com.jack.task4.Cooley" name="run" time="1.632"/>
  <system-out/>
  <testcase classname="com.jack.task4.Cooley" name="run" time="3.022"/>
  <system-out/>
  <testcase classname="com.jack.task4.Cooley" name="run" time="1.698"/>
  <system-out/>
  <testcase classname="com.jack.task4.Cooley" name="run" time="1.100"/>
  <system-out/>
  <testcase classname="com.jack.task4.Cooley" name="run" time="1.434"/>
  <system-out/>
  <testcase classname="com.jack.task4.Cooley" name="run" time="1.693"/>
  <system-out/>
  <testcase classname="com.jack.task4.Cooley" name="run" time="1.787"/>
  <system-out/>
  <testcase classname="com.jack.task4.Cooley" name="run" time="1.872"/>
  <system-out/>
  <testcase classname="com.jack.task4.Cooley" name="run" time="2.074"/>
  <system-out/>
  <testcase classname="com.jack.task4.Cooley" name="run" time="1.473"/>
  <system-out/>
  <testcase classname="com.jack.task4.Cooley" name="run" time="1.693"/>
  <system-out/>
  <testcase classname="com.jack.task4.Cooley" name="run" time="2.202"/>
  <system-out/>
  <testcase classname="com.jack.task4.Cooley" name="run" time="1.372"/>
  <system-out/>
  <testcase classname="com.jack.task4.Cooley" name="run" time="1.533"/>
  <system-out/>
  <testcase classname="com.jack.task4.Cooley" name="run" time="1.373"/>
  <system-out/>
  <testcase classname="com.jack.task4.Cooley" name="run" time="1.433"/>
  <system-out/>
  <testcase classname="com.jack.task4.Cooley" name="run" time="2.051"/>
  <system-out/>
  <testcase classname="com.jack.task4.Cooley" name="run" time="1.376"/>
  <system-out/>
  <testcase classname="com.jack.task4.Cooley" name="run" time="1.866"/>
  <system-out/>
  <testcase classname="com.jack.task4.Cooley" name="run" time="1.594"/>
  <system-out/>
  <testcase classname="com.jack.task4.Cooley" name="run" time="1.260"/>
  <system-out/>
  <testcase classname="com.jack.task4.Cooley" name="run" time="1.915"/>
  <system-out/>
  <testcase classname="com.jack.task4.Cooley" name="run" time="1.694"/>
  <system-out/>
  <testcase classname="com.jack.task4.Cooley" name="run" time="2.054"/>
  <system-out/>
  <testcase classname="com.jack.task4.Cooley" name="run" time="1.664"/>
  <system-out/>
  <testcase classname="com.jack.task4.Cooley" name="run" time="1.514"/>
  <system-out/>
  <testcase classname="com.jack.task4.Cooley" name="run" time="1.464"/>
  <system-out/>
  <testcase classname="com.jack.task4.Cooley" name="run" time="1.322"/>
  <system-out/>
  <testcase classname="com.jack.task4.Cooley" name="run" time="1.570"/>
  <system-out/>
  <testcase classname="com.jack.task4.Cooley" name="run" time="1.071"/>
  <system-out/>
  <testcase classname="com.jack.task4.Cooley" name="run" time="1.453"/>
  <system-out/>
  <testcase classname="com.jack.task4.Cooley" name="run" time="1.469"/>
  <system-out/>
  <testcase classname="com.jack.task4.Cooley" name="run" time="1.500"/>
  <system-out/>
  <testcase classname="com.jack.task4.Cooley" name="run" time="1.693"/>
  <system-out/>
  <testcase classname="com.jack.task4.Cooley" name="run" time="1.096"/>
  <system-out/>
  <testcase classname="com.jack.task4.Cooley" name="run" time="1.783"/>
  <system-out/>
  <testcase classname="com.jack.task4.Cooley" name="run" time="1.649"/>
  <system-out/>
  <testcase classname="com.jack.task4.Cooley" name="run" time="2.274"/>
  <system-out/>
  <testcase classname="com.jack.task4.Cooley" name="run" time="3.786"/>
  <system-out/>
  <testcase classname="com.jack.task4.Cooley" name="run" time="3.992"/>
  <system-out/>
  <testcase classname="com.jack.task4.Cooley" name="run" time="1.868"/>
  <system-out/>
  <testcase classname="com.jack.task4.Cooley" name="run" time="1.468"/>
  <system-out/>
  <testcase classname="com.jack.task4.Cooley" name="run" time="1.398"/>
  <system-out/>
  <testcase classname="com.jack.task4.Cooley" name="run" time="1.452"/>
  <system-out/>
  <testcase classname="com.jack.task4.Cooley" name="run" time="2.201"/>
  <system-out/>
  <testcase classname="com.jack.task4.Cooley" name="run" time="1.486"/>
  <system-out/>
  <testcase classname="com.jack.task4.Cooley" name="run" time="1.577"/>
  <system-out/>
  <testcase classname="com.jack.task4.Cooley" name="run" time="2.665"/>
  <system-out/>
  <testcase classname="com.jack.task4.Cooley" name="run" time="1.914"/>
  <system-out/>
  <testcase classname="com.jack.task4.Cooley" name="run" time="1.827"/>
  <system-out/>
  <testcase classname="com.jack.task4.Cooley" name="run" time="1.551"/>
  <system-out/>
  <testcase classname="com.jack.task4.Cooley" name="run" time="1.855"/>
  <system-out/>
  <testcase classname="com.jack.task4.Cooley" name="run" time="1.458"/>
  <system-out/>
  <testcase classname="com.jack.task4.Cooley" name="run" time="1.702"/>
  <system-out/>
  <testcase classname="com.jack.task4.Cooley" name="run" time="1.844"/>
  <system-out/>
  <testcase classname="com.jack.task4.Cooley" name="run" time="1.137"/>
  <system-out/>
  <testcase classname="com.jack.task4.Cooley" name="run" time="3.600"/>
  <system-out/>
  <testcase classname="com.jack.task4.Cooley" name="run" time="4.359"/>
  <system-out/>
  <testcase classname="com.jack.task4.Cooley" name="run" time="1.899"/>
  <system-out/>
  <testcase classname="com.jack.task4.Cooley" name="run" time="1.112"/>
  <system-out/>
  <testcase classname="com.jack.task4.Cooley" name="run" time="1.889"/>
  <system-out/>
  <testcase classname="com.jack.task4.Cooley" name="run" time="1.469"/>
  <system-out/>
  <testcase classname="com.jack.task4.Cooley" name="run" time="1.672"/>
  <system-out/>
  <testcase classname="com.jack.task4.Cooley" name="run" time="2.536"/>
  <system-out/>
  <testcase classname="com.jack.task4.Cooley" name="run" time="1.848"/>
  <system-out/>
  <testcase classname="com.jack.task4.Cooley" name="run" time="1.503"/>
  <system-out/>
  <testcase classname="com.jack.task4.Cooley" name="run" time="1.565"/>
  <system-out/>
  <testcase classname="com.jack.task4.Cooley" name="run" time="1.661"/>
  <system-out/>
  <testcase classname="com.jack.task4.Cooley" name="run" time="2.505"/>
  <system-out/>
  <testcase classname="com.jack.task4.Cooley" name="run" time="1.621"/>
  <system-out/>
  <testcase classname="com.jack.task4.Cooley" name="run" time="1.339"/>
  <system-out/>
  <testcase classname="com.jack.task4.Cooley" name="run" time="1.102"/>
  <system-out/>
  <testcase classname="com.jack.task4.Cooley" name="run" time="6.937"/>
  <system-out/>
  <testcase classname="com.jack.task4.Cooley" name="run" time="1.279"/>
  <system-out/>
  <testcase classname="com.jack.task4.Cooley" name="run" time="1.521"/>
  <system-out/>
  <testcase classname="com.jack.task4.Cooley" name="run" time="1.801"/>
  <system-out/>
  <testcase classname="com.jack.task4.Cooley" name="run" time="1.368"/>
  <system-out/>
  <testcase classname="com.jack.task4.Cooley" name="run" time="1.820"/>
  <system-out/>
  <testcase classname="com.jack.task4.Cooley" name="run" time="1.414"/>
  <system-out/>
  <testcase classname="com.jack.task4.Cooley" name="run" time="1.931"/>
  <system-out/>
  <testcase classname="com.jack.task4.Cooley" name="run" time="0.039">
    <error message="invalid argument
  (Session info: MicrosoftEdge=111.0.1661.54)
Build info: version: &#039;4.8.1&#039;, revision: &#039;8ebccac989&#039;
System info: os.name: &#039;Windows 10&#039;, os.arch: &#039;amd64&#039;, os.version: &#039;10.0&#039;, java.version: &#039;11.0.17&#039;
Driver info: org.openqa.selenium.edge.EdgeDriver
Command: [d17d2f06b8239f8bc8f1152aa12c87f8, get {url=whamer@cooley.com}]
Capabilities {acceptInsecureCerts: false, browserName: msedge, browserVersion: 111.0.1661.54, ms:edgeOptions: {debuggerAddress: localhost:5000}, msedge: {msedgedriverVersion: 111.0.1661.62 (0a8f453929e6..., userDataDir: C:\Users\Asus\AppData\Local...}, networkConnectionEnabled: false, pageLoadStrategy: normal, platformName: WINDOWS, proxy: Proxy(), se:cdp: ws://localhost:5000/devtool..., se:cdpVersion: 111.0.1661.54, setWindowRect: true, strictFileInteractability: false, timeouts: {implicit: 0, pageLoad: 300000, script: 30000}, unhandledPromptBehavior: dismiss and notify, webauthn:extension:credBlob: true, webauthn:extension:largeBlob: true, webauthn:extension:minPinLength: true, webauthn:extension:prf: true, webauthn:virtualAuthenticators: true}
Session ID: d17d2f06b8239f8bc8f1152aa12c87f8" type="org.openqa.selenium.InvalidArgumentException">
      <![CDATA[org.openqa.selenium.InvalidArgumentException: invalid argument
  (Session info: MicrosoftEdge=111.0.1661.54)
Build info: version: '4.8.1', revision: '8ebccac989'
System info: os.name: 'Windows 10', os.arch: 'amd64', os.version: '10.0', java.version: '11.0.17'
Driver info: org.openqa.selenium.edge.EdgeDriver
Command: [d17d2f06b8239f8bc8f1152aa12c87f8, get {url=whamer@cooley.com}]
Capabilities {acceptInsecureCerts: false, browserName: msedge, browserVersion: 111.0.1661.54, ms:edgeOptions: {debuggerAddress: localhost:5000}, msedge: {msedgedriverVersion: 111.0.1661.62 (0a8f453929e6..., userDataDir: C:\Users\Asus\AppData\Local...}, networkConnectionEnabled: false, pageLoadStrategy: normal, platformName: WINDOWS, proxy: Proxy(), se:cdp: ws://localhost:5000/devtool..., se:cdpVersion: 111.0.1661.54, setWindowRect: true, strictFileInteractability: false, timeouts: {implicit: 0, pageLoad: 300000, script: 30000}, unhandledPromptBehavior: dismiss and notify, webauthn:extension:credBlob: true, webauthn:extension:largeBlob: true, webauthn:extension:minPinLength: true, webauthn:extension:prf: true, webauthn:virtualAuthenticators: true}
Session ID: d17d2f06b8239f8bc8f1152aa12c87f8
at java.base/jdk.internal.reflect.NativeConstructorAccessorImpl.newInstance0(Native Method)
at java.base/jdk.internal.reflect.NativeConstructorAccessorImpl.newInstance(NativeConstructorAccessorImpl.java:62)
at java.base/jdk.internal.reflect.DelegatingConstructorAccessorImpl.newInstance(DelegatingConstructorAccessorImpl.java:45)
at java.base/java.lang.reflect.Constructor.newInstance(Constructor.java:490)
at org.openqa.selenium.remote.codec.w3c.W3CHttpResponseCodec.createException(W3CHttpResponseCodec.java:200)
at org.openqa.selenium.remote.codec.w3c.W3CHttpResponseCodec.decode(W3CHttpResponseCodec.java:133)
at org.openqa.selenium.remote.codec.w3c.W3CHttpResponseCodec.decode(W3CHttpResponseCodec.java:53)
at org.openqa.selenium.remote.HttpCommandExecutor.execute(HttpCommandExecutor.java:184)
at org.openqa.selenium.remote.service.DriverCommandExecutor.invokeExecute(DriverCommandExecutor.java:167)
at org.openqa.selenium.remote.service.DriverCommandExecutor.execute(DriverCommandExecutor.java:142)
at org.openqa.selenium.remote.RemoteWebDriver.execute(RemoteWebDriver.java:543)
at org.openqa.selenium.remote.RemoteWebDriver.get(RemoteWebDriver.java:297)
at com.jack.task4.Cooley.run(Cooley.java:61)
at jdk.internal.reflect.GeneratedMethodAccessor1.invoke(Unknown Source)
at java.base/jdk.internal.reflect.DelegatingMethodAccessorImpl.invoke(DelegatingMethodAccessorImpl.java:43)
at java.base/java.lang.reflect.Method.invoke(Method.java:566)
at org.testng.internal.invokers.MethodInvocationHelper.invokeMethod(MethodInvocationHelper.java:139)
at org.testng.internal.invokers.TestInvoker.invokeMethod(TestInvoker.java:677)
at org.testng.internal.invokers.TestInvoker.invokeTestMethod(TestInvoker.java:221)
at org.testng.internal.invokers.MethodRunner.runInSequence(MethodRunner.java:50)
at org.testng.internal.invokers.TestInvoker$MethodInvocationAgent.invoke(TestInvoker.java:969)
at org.testng.internal.invokers.TestInvoker.invokeTestMethods(TestInvoker.java:194)
at org.testng.internal.invokers.TestMethodWorker.invokeTestMethods(TestMethodWorker.java:148)
at org.testng.internal.invokers.TestMethodWorker.run(TestMethodWorker.java:128)
at java.base/java.util.ArrayList.forEach(ArrayList.java:1541)
at org.testng.TestRunner.privateRun(TestRunner.java:829)
at org.testng.TestRunner.run(TestRunner.java:602)
at org.testng.SuiteRunner.runTest(SuiteRunner.java:437)
at org.testng.SuiteRunner.runSequentially(SuiteRunner.java:431)
at org.testng.SuiteRunner.privateRun(SuiteRunner.java:391)
at org.testng.SuiteRunner.run(SuiteRunner.java:330)
at org.testng.SuiteRunnerWorker.runSuite(SuiteRunnerWorker.java:52)
at org.testng.SuiteRunnerWorker.run(SuiteRunnerWorker.java:95)
at org.testng.TestNG.runSuitesSequentially(TestNG.java:1256)
at org.testng.TestNG.runSuitesLocally(TestNG.java:1176)
at org.testng.TestNG.runSuites(TestNG.java:1099)
at org.testng.TestNG.run(TestNG.java:1067)
at org.testng.remote.AbstractRemoteTestNG.run(AbstractRemoteTestNG.java:115)
at org.testng.remote.RemoteTestNG.initAndRun(RemoteTestNG.java:251)
at org.testng.remote.RemoteTestNG.main(RemoteTestNG.java:77)
]]>
    </error>
  </testcase> <!-- run -->
  <system-out/>
  <testcase classname="com.jack.task4.Cooley" name="run" time="1.080"/>
  <system-out/>
  <testcase classname="com.jack.task4.Cooley" name="run" time="1.438"/>
  <system-out/>
  <testcase classname="com.jack.task4.Cooley" name="run" time="1.883"/>
  <system-out/>
  <testcase classname="com.jack.task4.Cooley" name="run" time="5.049"/>
  <system-out/>
  <testcase classname="com.jack.task4.Cooley" name="run" time="1.755"/>
  <system-out/>
  <testcase classname="com.jack.task4.Cooley" name="run" time="1.644"/>
  <system-out/>
  <testcase classname="com.jack.task4.Cooley" name="run" time="1.529"/>
  <system-out/>
  <testcase classname="com.jack.task4.Cooley" name="run" time="1.912"/>
  <system-out/>
  <testcase classname="com.jack.task4.Cooley" name="run" time="1.937"/>
  <system-out/>
  <testcase classname="com.jack.task4.Cooley" name="run" time="1.086"/>
  <system-out/>
  <testcase classname="com.jack.task4.Cooley" name="run" time="2.225"/>
  <system-out/>
  <testcase classname="com.jack.task4.Cooley" name="run" time="1.655"/>
  <system-out/>
  <testcase classname="com.jack.task4.Cooley" name="run" time="1.944"/>
  <system-out/>
  <testcase classname="com.jack.task4.Cooley" name="run" time="1.245"/>
  <system-out/>
  <testcase classname="com.jack.task4.Cooley" name="run" time="2.295"/>
  <system-out/>
  <testcase classname="com.jack.task4.Cooley" name="run" time="1.854"/>
  <system-out/>
  <testcase classname="com.jack.task4.Cooley" name="run" time="1.558"/>
  <system-out/>
  <testcase classname="com.jack.task4.Cooley" name="run" time="1.866"/>
  <system-out/>
  <testcase classname="com.jack.task4.Cooley" name="run" time="1.488"/>
  <system-out/>
  <testcase classname="com.jack.task4.Cooley" name="run" time="1.835"/>
  <system-out/>
  <testcase classname="com.jack.task4.Cooley" name="run" time="1.632"/>
  <system-out/>
  <testcase classname="com.jack.task4.Cooley" name="run" time="1.998"/>
  <system-out/>
  <testcase classname="com.jack.task4.Cooley" name="run" time="1.052"/>
  <system-out/>
  <testcase classname="com.jack.task4.Cooley" name="run" time="2.714"/>
  <system-out/>
  <testcase classname="com.jack.task4.Cooley" name="run" time="1.501"/>
  <system-out/>
  <testcase classname="com.jack.task4.Cooley" name="run" time="1.098"/>
  <system-out/>
  <testcase classname="com.jack.task4.Cooley" name="run" time="1.096"/>
  <system-out/>
  <testcase classname="com.jack.task4.Cooley" name="run" time="1.449"/>
  <system-out/>
  <testcase classname="com.jack.task4.Cooley" name="run" time="0.977"/>
  <system-out/>
  <testcase classname="com.jack.task4.Cooley" name="run" time="1.196"/>
  <system-out/>
  <testcase classname="com.jack.task4.Cooley" name="run" time="1.836"/>
  <system-out/>
  <testcase classname="com.jack.task4.Cooley" name="run" time="2.291"/>
  <system-out/>
  <testcase classname="com.jack.task4.Cooley" name="run" time="1.354"/>
  <system-out/>
  <testcase classname="com.jack.task4.Cooley" name="run" time="1.069"/>
  <system-out/>
  <testcase classname="com.jack.task4.Cooley" name="run" time="1.734"/>
  <system-out/>
  <testcase classname="com.jack.task4.Cooley" name="run" time="1.451"/>
  <system-out/>
  <testcase classname="com.jack.task4.Cooley" name="run" time="2.718"/>
  <system-out/>
  <testcase classname="com.jack.task4.Cooley" name="run" time="1.867"/>
  <system-out/>
  <testcase classname="com.jack.task4.Cooley" name="run" time="2.662"/>
  <system-out/>
  <testcase classname="com.jack.task4.Cooley" name="run" time="1.661"/>
  <system-out/>
  <testcase classname="com.jack.task4.Cooley" name="run" time="1.423"/>
  <system-out/>
  <testcase classname="com.jack.task4.Cooley" name="run" time="1.657"/>
  <system-out/>
  <testcase classname="com.jack.task4.Cooley" name="run" time="1.630"/>
  <system-out/>
  <testcase classname="com.jack.task4.Cooley" name="run" time="1.920"/>
  <system-out/>
  <testcase classname="com.jack.task4.Cooley" name="run" time="2.313"/>
  <system-out/>
  <testcase classname="com.jack.task4.Cooley" name="run" time="1.676"/>
  <system-out/>
  <testcase classname="com.jack.task4.Cooley" name="run" time="1.130"/>
  <system-out/>
  <testcase classname="com.jack.task4.Cooley" name="run" time="1.417"/>
  <system-out/>
  <testcase classname="com.jack.task4.Cooley" name="run" time="2.095"/>
  <system-out/>
  <testcase classname="com.jack.task4.Cooley" name="run" time="1.516"/>
  <system-out/>
  <testcase classname="com.jack.task4.Cooley" name="run" time="2.030"/>
  <system-out/>
  <testcase classname="com.jack.task4.Cooley" name="run" time="1.819"/>
  <system-out/>
  <testcase classname="com.jack.task4.Cooley" name="run" time="1.707"/>
  <system-out/>
  <testcase classname="com.jack.task4.Cooley" name="run" time="3.836"/>
  <system-out/>
  <testcase classname="com.jack.task4.Cooley" name="run" time="1.698"/>
  <system-out/>
  <testcase classname="com.jack.task4.Cooley" name="run" time="1.643"/>
  <system-out/>
  <testcase classname="com.jack.task4.Cooley" name="run" time="3.173"/>
  <system-out/>
  <testcase classname="com.jack.task4.Cooley" name="run" time="3.886"/>
  <system-out/>
  <testcase classname="com.jack.task4.Cooley" name="run" time="1.753"/>
  <system-out/>
  <testcase classname="com.jack.task4.Cooley" name="run" time="1.757"/>
  <system-out/>
  <testcase classname="com.jack.task4.Cooley" name="run" time="1.087"/>
  <system-out/>
  <testcase classname="com.jack.task4.Cooley" name="run" time="3.838"/>
  <system-out/>
  <testcase classname="com.jack.task4.Cooley" name="run" time="1.776"/>
  <system-out/>
  <testcase classname="com.jack.task4.Cooley" name="run" time="1.104"/>
  <system-out/>
  <testcase classname="com.jack.task4.Cooley" name="run" time="1.742"/>
  <system-out/>
  <testcase classname="com.jack.task4.Cooley" name="run" time="1.754"/>
  <system-out/>
  <testcase classname="com.jack.task4.Cooley" name="run" time="1.654"/>
  <system-out/>
  <testcase classname="com.jack.task4.Cooley" name="run" time="1.100"/>
  <system-out/>
  <testcase classname="com.jack.task4.Cooley" name="run" time="2.100"/>
  <system-out/>
  <testcase classname="com.jack.task4.Cooley" name="run" time="1.101"/>
  <system-out/>
  <testcase classname="com.jack.task4.Cooley" name="run" time="1.709"/>
  <system-out/>
  <testcase classname="com.jack.task4.Cooley" name="run" time="1.735"/>
  <system-out/>
  <testcase classname="com.jack.task4.Cooley" name="run" time="1.640"/>
  <system-out/>
  <testcase classname="com.jack.task4.Cooley" name="run" time="1.726"/>
  <system-out/>
  <testcase classname="com.jack.task4.Cooley" name="run" time="1.904"/>
  <system-out/>
  <testcase classname="com.jack.task4.Cooley" name="run" time="1.581"/>
  <system-out/>
  <testcase classname="com.jack.task4.Cooley" name="run" time="1.919"/>
  <system-out/>
  <testcase classname="com.jack.task4.Cooley" name="run" time="1.117"/>
  <system-out/>
  <testcase classname="com.jack.task4.Cooley" name="run" time="1.344"/>
  <system-out/>
  <testcase classname="com.jack.task4.Cooley" name="run" time="1.607"/>
  <system-out/>
  <testcase classname="com.jack.task4.Cooley" name="run" time="1.659"/>
  <system-out/>
  <testcase classname="com.jack.task4.Cooley" name="run" time="3.398"/>
  <system-out/>
  <testcase classname="com.jack.task4.Cooley" name="run" time="2.125"/>
  <system-out/>
  <testcase classname="com.jack.task4.Cooley" name="run" time="1.677"/>
  <system-out/>
  <testcase classname="com.jack.task4.Cooley" name="run" time="1.661"/>
  <system-out/>
  <testcase classname="com.jack.task4.Cooley" name="run" time="1.855"/>
  <system-out/>
  <testcase classname="com.jack.task4.Cooley" name="run" time="1.896"/>
  <system-out/>
  <testcase classname="com.jack.task4.Cooley" name="run" time="1.872"/>
  <system-out/>
  <testcase classname="com.jack.task4.Cooley" name="run" time="1.664"/>
  <system-out/>
  <testcase classname="com.jack.task4.Cooley" name="run" time="1.486"/>
  <system-out/>
  <testcase classname="com.jack.task4.Cooley" name="run" time="1.438"/>
  <system-out/>
  <testcase classname="com.jack.task4.Cooley" name="run" time="1.008"/>
  <system-out/>
  <testcase classname="com.jack.task4.Cooley" name="run" time="1.930"/>
  <system-out/>
  <testcase classname="com.jack.task4.Cooley" name="run" time="1.708"/>
  <system-out/>
  <testcase classname="com.jack.task4.Cooley" name="run" time="1.604"/>
  <system-out/>
  <testcase classname="com.jack.task4.Cooley" name="run" time="1.439"/>
  <system-out/>
  <testcase classname="com.jack.task4.Cooley" name="run" time="1.129"/>
  <system-out/>
  <testcase classname="com.jack.task4.Cooley" name="run" time="1.551"/>
  <system-out/>
  <testcase classname="com.jack.task4.Cooley" name="run" time="1.584"/>
  <system-out/>
  <testcase classname="com.jack.task4.Cooley" name="run" time="2.557"/>
  <system-out/>
  <testcase classname="com.jack.task4.Cooley" name="run" time="2.169"/>
  <system-out/>
  <testcase classname="com.jack.task4.Cooley" name="run" time="1.118"/>
  <system-out/>
  <testcase classname="com.jack.task4.Cooley" name="run" time="1.471"/>
  <system-out/>
  <testcase classname="com.jack.task4.Cooley" name="run" time="2.143"/>
  <system-out/>
  <testcase classname="com.jack.task4.Cooley" name="run" time="1.970"/>
  <system-out/>
  <testcase classname="com.jack.task4.Cooley" name="run" time="1.483"/>
  <system-out/>
  <testcase classname="com.jack.task4.Cooley" name="run" time="1.393"/>
  <system-out/>
  <testcase classname="com.jack.task4.Cooley" name="run" time="0.991"/>
  <system-out/>
  <testcase classname="com.jack.task4.Cooley" name="run" time="1.482"/>
  <system-out/>
  <testcase classname="com.jack.task4.Cooley" name="run" time="1.489"/>
  <system-out/>
  <testcase classname="com.jack.task4.Cooley" name="run" time="1.674"/>
  <system-out/>
  <testcase classname="com.jack.task4.Cooley" name="run" time="1.573"/>
  <system-out/>
  <testcase classname="com.jack.task4.Cooley" name="run" time="1.412"/>
  <system-out/>
  <testcase classname="com.jack.task4.Cooley" name="run" time="1.690"/>
  <system-out/>
  <testcase classname="com.jack.task4.Cooley" name="run" time="2.070"/>
  <system-out/>
  <testcase classname="com.jack.task4.Cooley" name="run" time="8.822"/>
  <system-out/>
  <testcase classname="com.jack.task4.Cooley" name="run" time="1.054"/>
  <system-out/>
  <testcase classname="com.jack.task4.Cooley" name="run" time="1.671"/>
  <system-out/>
  <testcase classname="com.jack.task4.Cooley" name="run" time="1.072"/>
  <system-out/>
  <testcase classname="com.jack.task4.Cooley" name="run" time="2.070"/>
  <system-out/>
  <testcase classname="com.jack.task4.Cooley" name="run" time="1.129"/>
  <system-out/>
  <testcase classname="com.jack.task4.Cooley" name="run" time="1.693"/>
  <system-out/>
  <testcase classname="com.jack.task4.Cooley" name="run" time="1.087"/>
  <system-out/>
  <testcase classname="com.jack.task4.Cooley" name="run" time="1.428"/>
  <system-out/>
  <testcase classname="com.jack.task4.Cooley" name="run" time="1.504"/>
  <system-out/>
  <testcase classname="com.jack.task4.Cooley" name="run" time="2.508"/>
  <system-out/>
  <testcase classname="com.jack.task4.Cooley" name="run" time="1.393"/>
  <system-out/>
  <testcase classname="com.jack.task4.Cooley" name="run" time="1.099"/>
  <system-out/>
  <testcase classname="com.jack.task4.Cooley" name="run" time="1.103"/>
  <system-out/>
  <testcase classname="com.jack.task4.Cooley" name="run" time="1.455"/>
  <system-out/>
  <testcase classname="com.jack.task4.Cooley" name="run" time="1.081"/>
  <system-out/>
  <testcase classname="com.jack.task4.Cooley" name="run" time="1.703"/>
  <system-out/>
  <testcase classname="com.jack.task4.Cooley" name="run" time="2.289"/>
  <system-out/>
  <testcase classname="com.jack.task4.Cooley" name="run" time="1.720"/>
  <system-out/>
  <testcase classname="com.jack.task4.Cooley" name="run" time="0.988"/>
  <system-out/>
  <testcase classname="com.jack.task4.Cooley" name="run" time="1.676"/>
  <system-out/>
  <testcase classname="com.jack.task4.Cooley" name="run" time="2.145"/>
  <system-out/>
  <testcase classname="com.jack.task4.Cooley" name="run" time="2.564"/>
  <system-out/>
  <testcase classname="com.jack.task4.Cooley" name="run" time="1.546"/>
  <system-out/>
  <testcase classname="com.jack.task4.Cooley" name="run" time="1.843"/>
  <system-out/>
  <testcase classname="com.jack.task4.Cooley" name="run" time="2.351"/>
  <system-out/>
  <testcase classname="com.jack.task4.Cooley" name="run" time="3.971"/>
  <system-out/>
  <testcase classname="com.jack.task4.Cooley" name="run" time="1.120"/>
  <system-out/>
  <testcase classname="com.jack.task4.Cooley" name="run" time="1.135"/>
  <system-out/>
  <testcase classname="com.jack.task4.Cooley" name="run" time="2.952"/>
  <system-out/>
  <testcase classname="com.jack.task4.Cooley" name="run" time="2.370"/>
  <system-out/>
  <testcase classname="com.jack.task4.Cooley" name="run" time="1.662"/>
  <system-out/>
  <testcase classname="com.jack.task4.Cooley" name="run" time="2.106"/>
  <system-out/>
  <testcase classname="com.jack.task4.Cooley" name="run" time="1.581"/>
  <system-out/>
  <testcase classname="com.jack.task4.Cooley" name="run" time="1.066"/>
  <system-out/>
  <testcase classname="com.jack.task4.Cooley" name="run" time="1.451"/>
  <system-out/>
  <testcase classname="com.jack.task4.Cooley" name="run" time="1.705"/>
  <system-out/>
  <testcase classname="com.jack.task4.Cooley" name="run" time="2.088"/>
  <system-out/>
  <testcase classname="com.jack.task4.Cooley" name="run" time="1.069"/>
  <system-out/>
  <testcase classname="com.jack.task4.Cooley" name="run" time="1.070"/>
  <system-out/>
  <testcase classname="com.jack.task4.Cooley" name="run" time="1.731"/>
  <system-out/>
  <testcase classname="com.jack.task4.Cooley" name="run" time="7.928"/>
  <system-out/>
  <testcase classname="com.jack.task4.Cooley" name="run" time="1.688"/>
  <system-out/>
  <testcase classname="com.jack.task4.Cooley" name="run" time="1.680"/>
  <system-out/>
  <testcase classname="com.jack.task4.Cooley" name="run" time="1.440"/>
  <system-out/>
  <testcase classname="com.jack.task4.Cooley" name="run" time="1.500"/>
  <system-out/>
  <testcase classname="com.jack.task4.Cooley" name="run" time="1.697"/>
  <system-out/>
  <testcase classname="com.jack.task4.Cooley" name="run" time="1.624"/>
  <system-out/>
  <testcase classname="com.jack.task4.Cooley" name="run" time="1.359"/>
  <system-out/>
  <testcase classname="com.jack.task4.Cooley" name="run" time="1.860"/>
  <system-out/>
  <testcase classname="com.jack.task4.Cooley" name="run" time="2.148"/>
  <system-out/>
  <testcase classname="com.jack.task4.Cooley" name="run" time="1.655"/>
  <system-out/>
  <testcase classname="com.jack.task4.Cooley" name="run" time="1.482"/>
  <system-out/>
  <testcase classname="com.jack.task4.Cooley" name="run" time="1.661"/>
  <system-out/>
  <testcase classname="com.jack.task4.Cooley" name="run" time="2.074"/>
  <system-out/>
  <testcase classname="com.jack.task4.Cooley" name="run" time="1.900"/>
  <system-out/>
  <testcase classname="com.jack.task4.Cooley" name="run" time="1.118"/>
  <system-out/>
  <testcase classname="com.jack.task4.Cooley" name="run" time="1.184"/>
  <system-out/>
  <testcase classname="com.jack.task4.Cooley" name="run" time="3.152"/>
  <system-out/>
  <testcase classname="com.jack.task4.Cooley" name="run" time="1.437"/>
  <system-out/>
  <testcase classname="com.jack.task4.Cooley" name="run" time="1.438"/>
  <system-out/>
  <testcase classname="com.jack.task4.Cooley" name="run" time="1.055"/>
  <system-out/>
  <testcase classname="com.jack.task4.Cooley" name="run" time="1.612"/>
  <system-out/>
  <testcase classname="com.jack.task4.Cooley" name="run" time="1.355"/>
  <system-out/>
  <testcase classname="com.jack.task4.Cooley" name="run" time="1.468"/>
  <system-out/>
  <testcase classname="com.jack.task4.Cooley" name="run" time="1.857"/>
  <system-out/>
  <testcase classname="com.jack.task4.Cooley" name="run" time="1.118"/>
  <system-out/>
  <testcase classname="com.jack.task4.Cooley" name="run" time="1.040"/>
  <system-out/>
  <testcase classname="com.jack.task4.Cooley" name="run" time="1.391"/>
  <system-out/>
  <testcase classname="com.jack.task4.Cooley" name="run" time="1.488"/>
  <system-out/>
  <testcase classname="com.jack.task4.Cooley" name="run" time="1.535"/>
  <system-out/>
  <testcase classname="com.jack.task4.Cooley" name="run" time="1.483"/>
  <system-out/>
  <testcase classname="com.jack.task4.Cooley" name="run" time="1.035"/>
  <system-out/>
  <testcase classname="com.jack.task4.Cooley" name="run" time="1.055"/>
  <system-out/>
  <testcase classname="com.jack.task4.Cooley" name="run" time="1.905"/>
  <system-out/>
  <testcase classname="com.jack.task4.Cooley" name="run" time="1.902"/>
  <system-out/>
  <testcase classname="com.jack.task4.Cooley" name="run" time="1.433"/>
  <system-out/>
  <testcase classname="com.jack.task4.Cooley" name="run" time="1.644"/>
  <system-out/>
  <testcase classname="com.jack.task4.Cooley" name="run" time="1.752"/>
  <system-out/>
  <testcase classname="com.jack.task4.Cooley" name="run" time="1.579"/>
  <system-out/>
  <testcase classname="com.jack.task4.Cooley" name="run" time="1.625"/>
  <system-out/>
  <testcase classname="com.jack.task4.Cooley" name="run" time="2.057"/>
  <system-out/>
  <testcase classname="com.jack.task4.Cooley" name="run" time="1.860"/>
  <system-out/>
  <testcase classname="com.jack.task4.Cooley" name="run" time="1.962"/>
  <system-out/>
  <testcase classname="com.jack.task4.Cooley" name="run" time="1.055"/>
  <system-out/>
  <testcase classname="com.jack.task4.Cooley" name="run" time="2.090"/>
  <system-out/>
  <testcase classname="com.jack.task4.Cooley" name="run" time="4.026"/>
  <system-out/>
  <testcase classname="com.jack.task4.Cooley" name="run" time="3.262"/>
  <system-out/>
  <testcase classname="com.jack.task4.Cooley" name="run" time="2.716"/>
  <system-out/>
  <testcase classname="com.jack.task4.Cooley" name="run" time="1.035"/>
  <system-out/>
  <testcase classname="com.jack.task4.Cooley" name="run" time="2.485"/>
  <system-out/>
  <testcase classname="com.jack.task4.Cooley" name="run" time="1.859"/>
  <system-out/>
  <testcase classname="com.jack.task4.Cooley" name="run" time="1.915"/>
  <system-out/>
  <testcase classname="com.jack.task4.Cooley" name="run" time="1.529"/>
  <system-out/>
  <testcase classname="com.jack.task4.Cooley" name="run" time="2.667"/>
  <system-out/>
  <testcase classname="com.jack.task4.Cooley" name="run" time="1.033"/>
  <system-out/>
  <testcase classname="com.jack.task4.Cooley" name="run" time="2.252"/>
  <system-out/>
  <testcase classname="com.jack.task4.Cooley" name="run" time="1.757"/>
  <system-out/>
  <testcase classname="com.jack.task4.Cooley" name="run" time="1.673"/>
  <system-out/>
  <testcase classname="com.jack.task4.Cooley" name="run" time="1.499"/>
  <system-out/>
  <testcase classname="com.jack.task4.Cooley" name="run" time="1.598"/>
  <system-out/>
  <testcase classname="com.jack.task4.Cooley" name="run" time="2.140"/>
  <system-out/>
  <testcase classname="com.jack.task4.Cooley" name="run" time="62.331">
    <error message="Expected condition failed: waiting for visibility of element located by By.xpath: //div[@class=&#039;block-bio-name-title&#039;]/h1|//section[contains(@class,&#039;bio-description&#039;)]//div[contains(@class,&#039;item-section&#039;)]/h1 (tried for 30 second(s) with 500 milliseconds interval)
Build info: version: &#039;4.8.1&#039;, revision: &#039;8ebccac989&#039;
System info: os.name: &#039;Windows 10&#039;, os.arch: &#039;amd64&#039;, os.version: &#039;10.0&#039;, java.version: &#039;11.0.17&#039;
Driver info: org.openqa.selenium.edge.EdgeDriver
Capabilities {acceptInsecureCerts: false, browserName: msedge, browserVersion: 111.0.1661.54, ms:edgeOptions: {debuggerAddress: localhost:5000}, msedge: {msedgedriverVersion: 111.0.1661.62 (0a8f453929e6..., userDataDir: C:\Users\Asus\AppData\Local...}, networkConnectionEnabled: false, pageLoadStrategy: normal, platformName: WINDOWS, proxy: Proxy(), se:cdp: ws://localhost:5000/devtool..., se:cdpVersion: 111.0.1661.54, setWindowRect: true, strictFileInteractability: false, timeouts: {implicit: 0, pageLoad: 300000, script: 30000}, unhandledPromptBehavior: dismiss and notify, webauthn:extension:credBlob: true, webauthn:extension:largeBlob: true, webauthn:extension:minPinLength: true, webauthn:extension:prf: true, webauthn:virtualAuthenticators: true}
Session ID: d17d2f06b8239f8bc8f1152aa12c87f8" type="org.openqa.selenium.TimeoutException">
      <![CDATA[org.openqa.selenium.TimeoutException: Expected condition failed: waiting for visibility of element located by By.xpath: //div[@class='block-bio-name-title']/h1|//section[contains(@class,'bio-description')]//div[contains(@class,'item-section')]/h1 (tried for 30 second(s) with 500 milliseconds interval)
Build info: version: '4.8.1', revision: '8ebccac989'
System info: os.name: 'Windows 10', os.arch: 'amd64', os.version: '10.0', java.version: '11.0.17'
Driver info: org.openqa.selenium.edge.EdgeDriver
Capabilities {acceptInsecureCerts: false, browserName: msedge, browserVersion: 111.0.1661.54, ms:edgeOptions: {debuggerAddress: localhost:5000}, msedge: {msedgedriverVersion: 111.0.1661.62 (0a8f453929e6..., userDataDir: C:\Users\Asus\AppData\Local...}, networkConnectionEnabled: false, pageLoadStrategy: normal, platformName: WINDOWS, proxy: Proxy(), se:cdp: ws://localhost:5000/devtool..., se:cdpVersion: 111.0.1661.54, setWindowRect: true, strictFileInteractability: false, timeouts: {implicit: 0, pageLoad: 300000, script: 30000}, unhandledPromptBehavior: dismiss and notify, webauthn:extension:credBlob: true, webauthn:extension:largeBlob: true, webauthn:extension:minPinLength: true, webauthn:extension:prf: true, webauthn:virtualAuthenticators: true}
Session ID: d17d2f06b8239f8bc8f1152aa12c87f8
at org.openqa.selenium.support.ui.WebDriverWait.timeoutException(WebDriverWait.java:87)
at org.openqa.selenium.support.ui.FluentWait.until(FluentWait.java:231)
at com.jack.task4.Cooley.run(Cooley.java:65)
at jdk.internal.reflect.GeneratedMethodAccessor1.invoke(Unknown Source)
at java.base/jdk.internal.reflect.DelegatingMethodAccessorImpl.invoke(DelegatingMethodAccessorImpl.java:43)
at java.base/java.lang.reflect.Method.invoke(Method.java:566)
at org.testng.internal.invokers.MethodInvocationHelper.invokeMethod(MethodInvocationHelper.java:139)
at org.testng.internal.invokers.TestInvoker.invokeMethod(TestInvoker.java:677)
at org.testng.internal.invokers.TestInvoker.invokeTestMethod(TestInvoker.java:221)
at org.testng.internal.invokers.MethodRunner.runInSequence(MethodRunner.java:50)
at org.testng.internal.invokers.TestInvoker$MethodInvocationAgent.invoke(TestInvoker.java:969)
at org.testng.internal.invokers.TestInvoker.invokeTestMethods(TestInvoker.java:194)
at org.testng.internal.invokers.TestMethodWorker.invokeTestMethods(TestMethodWorker.java:148)
at org.testng.internal.invokers.TestMethodWorker.run(TestMethodWorker.java:128)
at java.base/java.util.ArrayList.forEach(ArrayList.java:1541)
at org.testng.TestRunner.privateRun(TestRunner.java:829)
at org.testng.TestRunner.run(TestRunner.java:602)
at org.testng.SuiteRunner.runTest(SuiteRunner.java:437)
at org.testng.SuiteRunner.runSequentially(SuiteRunner.java:431)
at org.testng.SuiteRunner.privateRun(SuiteRunner.java:391)
at org.testng.SuiteRunner.run(SuiteRunner.java:330)
at org.testng.SuiteRunnerWorker.runSuite(SuiteRunnerWorker.java:52)
at org.testng.SuiteRunnerWorker.run(SuiteRunnerWorker.java:95)
at org.testng.TestNG.runSuitesSequentially(TestNG.java:1256)
at org.testng.TestNG.runSuitesLocally(TestNG.java:1176)
at org.testng.TestNG.runSuites(TestNG.java:1099)
at org.testng.TestNG.run(TestNG.java:1067)
at org.testng.remote.AbstractRemoteTestNG.run(AbstractRemoteTestNG.java:115)
at org.testng.remote.RemoteTestNG.initAndRun(RemoteTestNG.java:251)
at org.testng.remote.RemoteTestNG.main(RemoteTestNG.java:77)
]]>
    </error>
  </testcase> <!-- run -->
  <system-out/>
  <testcase classname="com.jack.task4.Cooley" name="run" time="1.700"/>
  <system-out/>
  <testcase classname="com.jack.task4.Cooley" name="saveList" time="0.118"/>
  <system-out/>
  <testcase classname="com.jack.task4.Cooley" name="run" time="1.408"/>
  <system-out/>
  <testcase classname="com.jack.task4.Cooley" name="run" time="1.088"/>
  <system-out/>
  <testcase classname="com.jack.task4.Cooley" name="run" time="2.215"/>
  <system-out/>
  <testcase classname="com.jack.task4.Cooley" name="run" time="2.378"/>
  <system-out/>
  <testcase classname="com.jack.task4.Cooley" name="run" time="1.449"/>
  <system-out/>
  <testcase classname="com.jack.task4.Cooley" name="run" time="1.642"/>
  <system-out/>
  <testcase classname="com.jack.task4.Cooley" name="run" time="1.708"/>
  <system-out/>
  <testcase classname="com.jack.task4.Cooley" name="run" time="1.166"/>
  <system-out/>
  <testcase classname="com.jack.task4.Cooley" name="run" time="1.368"/>
  <system-out/>
  <testcase classname="com.jack.task4.Cooley" name="run" time="1.669"/>
  <system-out/>
  <testcase classname="com.jack.task4.Cooley" name="run" time="3.804"/>
  <system-out/>
  <testcase classname="com.jack.task4.Cooley" name="run" time="1.113"/>
  <system-out/>
  <testcase classname="com.jack.task4.Cooley" name="run" time="1.739"/>
  <system-out/>
  <testcase classname="com.jack.task4.Cooley" name="run" time="1.626"/>
  <system-out/>
  <testcase classname="com.jack.task4.Cooley" name="run" time="2.667"/>
  <system-out/>
  <testcase classname="com.jack.task4.Cooley" name="run" time="1.549"/>
  <system-out/>
  <testcase classname="com.jack.task4.Cooley" name="run" time="1.004"/>
  <system-out/>
  <testcase classname="com.jack.task4.Cooley" name="run" time="1.148"/>
  <system-out/>
  <testcase classname="com.jack.task4.Cooley" name="run" time="1.788"/>
  <system-out/>
  <testcase classname="com.jack.task4.Cooley" name="run" time="1.819"/>
  <system-out/>
  <testcase classname="com.jack.task4.Cooley" name="run" time="1.045"/>
  <system-out/>
  <testcase classname="com.jack.task4.Cooley" name="run" time="2.714"/>
  <system-out/>
  <testcase classname="com.jack.task4.Cooley" name="run" time="1.154"/>
  <system-out/>
  <testcase classname="com.jack.task4.Cooley" name="run" time="1.543"/>
  <system-out/>
  <testcase classname="com.jack.task4.Cooley" name="run" time="1.647"/>
  <system-out/>
  <testcase classname="com.jack.task4.Cooley" name="run" time="4.180"/>
  <system-out/>
  <testcase classname="com.jack.task4.Cooley" name="run" time="3.354"/>
  <system-out/>
  <testcase classname="com.jack.task4.Cooley" name="run" time="1.631"/>
  <system-out/>
  <testcase classname="com.jack.task4.Cooley" name="run" time="1.664"/>
  <system-out/>
  <testcase classname="com.jack.task4.Cooley" name="run" time="4.546"/>
  <system-out/>
  <testcase classname="com.jack.task4.Cooley" name="run" time="1.692"/>
  <system-out/>
  <testcase classname="com.jack.task4.Cooley" name="run" time="3.560"/>
  <system-out/>
  <testcase classname="com.jack.task4.Cooley" name="run" time="1.706"/>
  <system-out/>
  <testcase classname="com.jack.task4.Cooley" name="run" time="2.310"/>
  <system-out/>
  <testcase classname="com.jack.task4.Cooley" name="run" time="2.017"/>
  <system-out/>
  <testcase classname="com.jack.task4.Cooley" name="run" time="1.659"/>
  <system-out/>
  <testcase classname="com.jack.task4.Cooley" name="run" time="1.870"/>
  <system-out/>
  <testcase classname="com.jack.task4.Cooley" name="run" time="1.684"/>
  <system-out/>
  <testcase classname="com.jack.task4.Cooley" name="run" time="1.724"/>
  <system-out/>
  <testcase classname="com.jack.task4.Cooley" name="run" time="1.758"/>
  <system-out/>
  <testcase classname="com.jack.task4.Cooley" name="run" time="3.674"/>
  <system-out/>
  <testcase classname="com.jack.task4.Cooley" name="run" time="2.759"/>
  <system-out/>
  <testcase classname="com.jack.task4.Cooley" name="run" time="2.022"/>
  <system-out/>
  <testcase classname="com.jack.task4.Cooley" name="run" time="1.314"/>
  <system-out/>
  <testcase classname="com.jack.task4.Cooley" name="run" time="1.437"/>
  <system-out/>
  <testcase classname="com.jack.task4.Cooley" name="run" time="1.691"/>
  <system-out/>
  <testcase classname="com.jack.task4.Cooley" name="run" time="1.643"/>
  <system-out/>
  <testcase classname="com.jack.task4.Cooley" name="run" time="1.805"/>
  <system-out/>
  <testcase classname="com.jack.task4.Cooley" name="run" time="1.693"/>
  <system-out/>
  <testcase classname="com.jack.task4.Cooley" name="run" time="1.587"/>
  <system-out/>
  <testcase classname="com.jack.task4.Cooley" name="run" time="1.933"/>
  <system-out/>
  <testcase classname="com.jack.task4.Cooley" name="run" time="1.711"/>
  <system-out/>
  <testcase classname="com.jack.task4.Cooley" name="run" time="1.624"/>
  <system-out/>
  <testcase classname="com.jack.task4.Cooley" name="run" time="1.552"/>
  <system-out/>
  <testcase classname="com.jack.task4.Cooley" name="run" time="51.707">
    <error message="Expected condition failed: waiting for visibility of element located by By.xpath: //div[@class=&#039;block-bio-name-title&#039;]/h1|//section[contains(@class,&#039;bio-description&#039;)]//div[contains(@class,&#039;item-section&#039;)]/h1 (tried for 30 second(s) with 500 milliseconds interval)
Build info: version: &#039;4.8.1&#039;, revision: &#039;8ebccac989&#039;
System info: os.name: &#039;Windows 10&#039;, os.arch: &#039;amd64&#039;, os.version: &#039;10.0&#039;, java.version: &#039;11.0.17&#039;
Driver info: org.openqa.selenium.edge.EdgeDriver
Capabilities {acceptInsecureCerts: false, browserName: msedge, browserVersion: 111.0.1661.54, ms:edgeOptions: {debuggerAddress: localhost:5000}, msedge: {msedgedriverVersion: 111.0.1661.62 (0a8f453929e6..., userDataDir: C:\Users\Asus\AppData\Local...}, networkConnectionEnabled: false, pageLoadStrategy: normal, platformName: WINDOWS, proxy: Proxy(), se:cdp: ws://localhost:5000/devtool..., se:cdpVersion: 111.0.1661.54, setWindowRect: true, strictFileInteractability: false, timeouts: {implicit: 0, pageLoad: 300000, script: 30000}, unhandledPromptBehavior: dismiss and notify, webauthn:extension:credBlob: true, webauthn:extension:largeBlob: true, webauthn:extension:minPinLength: true, webauthn:extension:prf: true, webauthn:virtualAuthenticators: true}
Session ID: d17d2f06b8239f8bc8f1152aa12c87f8" type="org.openqa.selenium.TimeoutException">
      <![CDATA[org.openqa.selenium.TimeoutException: Expected condition failed: waiting for visibility of element located by By.xpath: //div[@class='block-bio-name-title']/h1|//section[contains(@class,'bio-description')]//div[contains(@class,'item-section')]/h1 (tried for 30 second(s) with 500 milliseconds interval)
Build info: version: '4.8.1', revision: '8ebccac989'
System info: os.name: 'Windows 10', os.arch: 'amd64', os.version: '10.0', java.version: '11.0.17'
Driver info: org.openqa.selenium.edge.EdgeDriver
Capabilities {acceptInsecureCerts: false, browserName: msedge, browserVersion: 111.0.1661.54, ms:edgeOptions: {debuggerAddress: localhost:5000}, msedge: {msedgedriverVersion: 111.0.1661.62 (0a8f453929e6..., userDataDir: C:\Users\Asus\AppData\Local...}, networkConnectionEnabled: false, pageLoadStrategy: normal, platformName: WINDOWS, proxy: Proxy(), se:cdp: ws://localhost:5000/devtool..., se:cdpVersion: 111.0.1661.54, setWindowRect: true, strictFileInteractability: false, timeouts: {implicit: 0, pageLoad: 300000, script: 30000}, unhandledPromptBehavior: dismiss and notify, webauthn:extension:credBlob: true, webauthn:extension:largeBlob: true, webauthn:extension:minPinLength: true, webauthn:extension:prf: true, webauthn:virtualAuthenticators: true}
Session ID: d17d2f06b8239f8bc8f1152aa12c87f8
at org.openqa.selenium.support.ui.WebDriverWait.timeoutException(WebDriverWait.java:87)
at org.openqa.selenium.support.ui.FluentWait.until(FluentWait.java:231)
at com.jack.task4.Cooley.run(Cooley.java:65)
at jdk.internal.reflect.GeneratedMethodAccessor1.invoke(Unknown Source)
at java.base/jdk.internal.reflect.DelegatingMethodAccessorImpl.invoke(DelegatingMethodAccessorImpl.java:43)
at java.base/java.lang.reflect.Method.invoke(Method.java:566)
at org.testng.internal.invokers.MethodInvocationHelper.invokeMethod(MethodInvocationHelper.java:139)
at org.testng.internal.invokers.TestInvoker.invokeMethod(TestInvoker.java:677)
at org.testng.internal.invokers.TestInvoker.invokeTestMethod(TestInvoker.java:221)
at org.testng.internal.invokers.MethodRunner.runInSequence(MethodRunner.java:50)
at org.testng.internal.invokers.TestInvoker$MethodInvocationAgent.invoke(TestInvoker.java:969)
at org.testng.internal.invokers.TestInvoker.invokeTestMethods(TestInvoker.java:194)
at org.testng.internal.invokers.TestMethodWorker.invokeTestMethods(TestMethodWorker.java:148)
at org.testng.internal.invokers.TestMethodWorker.run(TestMethodWorker.java:128)
at java.base/java.util.ArrayList.forEach(ArrayList.java:1541)
at org.testng.TestRunner.privateRun(TestRunner.java:829)
at org.testng.TestRunner.run(TestRunner.java:602)
at org.testng.SuiteRunner.runTest(SuiteRunner.java:437)
at org.testng.SuiteRunner.runSequentially(SuiteRunner.java:431)
at org.testng.SuiteRunner.privateRun(SuiteRunner.java:391)
at org.testng.SuiteRunner.run(SuiteRunner.java:330)
at org.testng.SuiteRunnerWorker.runSuite(SuiteRunnerWorker.java:52)
at org.testng.SuiteRunnerWorker.run(SuiteRunnerWorker.java:95)
at org.testng.TestNG.runSuitesSequentially(TestNG.java:1256)
at org.testng.TestNG.runSuitesLocally(TestNG.java:1176)
at org.testng.TestNG.runSuites(TestNG.java:1099)
at org.testng.TestNG.run(TestNG.java:1067)
at org.testng.remote.AbstractRemoteTestNG.run(AbstractRemoteTestNG.java:115)
at org.testng.remote.RemoteTestNG.initAndRun(RemoteTestNG.java:251)
at org.testng.remote.RemoteTestNG.main(RemoteTestNG.java:77)
]]>
    </error>
  </testcase> <!-- run -->
  <system-out/>
  <testcase classname="com.jack.task4.Cooley" name="run" time="1.773"/>
  <system-out/>
  <testcase classname="com.jack.task4.Cooley" name="run" time="1.963"/>
  <system-out/>
  <testcase classname="com.jack.task4.Cooley" name="run" time="1.068"/>
  <system-out/>
  <testcase classname="com.jack.task4.Cooley" name="run" time="1.571"/>
  <system-out/>
  <testcase classname="com.jack.task4.Cooley" name="run" time="1.768"/>
  <system-out/>
  <testcase classname="com.jack.task4.Cooley" name="run" time="1.995"/>
  <system-out/>
  <testcase classname="com.jack.task4.Cooley" name="run" time="1.534"/>
  <system-out/>
  <testcase classname="com.jack.task4.Cooley" name="run" time="1.213"/>
  <system-out/>
  <testcase classname="com.jack.task4.Cooley" name="run" time="3.638"/>
  <system-out/>
  <testcase classname="com.jack.task4.Cooley" name="run" time="4.419"/>
  <system-out/>
  <testcase classname="com.jack.task4.Cooley" name="run" time="1.470"/>
  <system-out/>
  <testcase classname="com.jack.task4.Cooley" name="run" time="1.084"/>
  <system-out/>
  <testcase classname="com.jack.task4.Cooley" name="run" time="1.604"/>
  <system-out/>
  <testcase classname="com.jack.task4.Cooley" name="run" time="1.699"/>
  <system-out/>
  <testcase classname="com.jack.task4.Cooley" name="run" time="1.637"/>
  <system-out/>
  <testcase classname="com.jack.task4.Cooley" name="run" time="1.632"/>
  <system-out/>
  <testcase classname="com.jack.task4.Cooley" name="run" time="1.817"/>
  <system-out/>
  <testcase classname="com.jack.task4.Cooley" name="run" time="1.392"/>
  <system-out/>
  <testcase classname="com.jack.task4.Cooley" name="run" time="1.700"/>
  <system-out/>
  <testcase classname="com.jack.task4.Cooley" name="run" time="1.734"/>
  <system-out/>
  <testcase classname="com.jack.task4.Cooley" name="run" time="2.248"/>
  <system-out/>
  <testcase classname="com.jack.task4.Cooley" name="run" time="1.053"/>
  <system-out/>
  <testcase classname="com.jack.task4.Cooley" name="run" time="1.867"/>
  <system-out/>
  <testcase classname="com.jack.task4.Cooley" name="run" time="2.002"/>
  <system-out/>
  <testcase classname="com.jack.task4.Cooley" name="run" time="1.369"/>
  <system-out/>
  <testcase classname="com.jack.task4.Cooley" name="run" time="1.037"/>
  <system-out/>
  <testcase classname="com.jack.task4.Cooley" name="run" time="2.395"/>
  <system-out/>
  <testcase classname="com.jack.task4.Cooley" name="run" time="1.188"/>
  <system-out/>
  <testcase classname="com.jack.task4.Cooley" name="run" time="1.670"/>
  <system-out/>
  <testcase classname="com.jack.task4.Cooley" name="run" time="2.269"/>
  <system-out/>
  <testcase classname="com.jack.task4.Cooley" name="run" time="1.086"/>
  <system-out/>
  <testcase classname="com.jack.task4.Cooley" name="run" time="1.767"/>
  <system-out/>
  <testcase classname="com.jack.task4.Cooley" name="run" time="1.656"/>
  <system-out/>
  <testcase classname="com.jack.task4.Cooley" name="run" time="1.633"/>
  <system-out/>
  <testcase classname="com.jack.task4.Cooley" name="run" time="2.187"/>
  <system-out/>
  <testcase classname="com.jack.task4.Cooley" name="run" time="1.615"/>
  <system-out/>
  <testcase classname="com.jack.task4.Cooley" name="run" time="1.413"/>
  <system-out/>
  <testcase classname="com.jack.task4.Cooley" name="run" time="1.937"/>
  <system-out/>
  <testcase classname="com.jack.task4.Cooley" name="run" time="1.563"/>
  <system-out/>
  <testcase classname="com.jack.task4.Cooley" name="run" time="1.647"/>
  <system-out/>
  <testcase classname="com.jack.task4.Cooley" name="run" time="1.700"/>
  <system-out/>
  <testcase classname="com.jack.task4.Cooley" name="run" time="1.679"/>
  <system-out/>
  <testcase classname="com.jack.task4.Cooley" name="run" time="1.439"/>
  <system-out/>
  <testcase classname="com.jack.task4.Cooley" name="run" time="1.545"/>
  <system-out/>
  <testcase classname="com.jack.task4.Cooley" name="run" time="1.108"/>
  <system-out/>
  <testcase classname="com.jack.task4.Cooley" name="run" time="1.425"/>
  <system-out/>
  <testcase classname="com.jack.task4.Cooley" name="run" time="1.661"/>
  <system-out/>
  <testcase classname="com.jack.task4.Cooley" name="run" time="2.279"/>
  <system-out/>
  <testcase classname="com.jack.task4.Cooley" name="run" time="1.969"/>
  <system-out/>
  <testcase classname="com.jack.task4.Cooley" name="run" time="1.435"/>
  <system-out/>
  <testcase classname="com.jack.task4.Cooley" name="run" time="1.682"/>
  <system-out/>
  <testcase classname="com.jack.task4.Cooley" name="run" time="2.630"/>
  <system-out/>
  <testcase classname="com.jack.task4.Cooley" name="run" time="1.668"/>
  <system-out/>
  <testcase classname="com.jack.task4.Cooley" name="run" time="1.088"/>
  <system-out/>
  <testcase classname="com.jack.task4.Cooley" name="run" time="2.079"/>
  <system-out/>
  <testcase classname="com.jack.task4.Cooley" name="run" time="1.808"/>
  <system-out/>
  <testcase classname="com.jack.task4.Cooley" name="run" time="1.198"/>
  <system-out/>
  <testcase classname="com.jack.task4.Cooley" name="run" time="1.748"/>
  <system-out/>
  <testcase classname="com.jack.task4.Cooley" name="run" time="2.259"/>
  <system-out/>
  <testcase classname="com.jack.task4.Cooley" name="run" time="1.756"/>
  <system-out/>
  <testcase classname="com.jack.task4.Cooley" name="run" time="1.114"/>
  <system-out/>
  <testcase classname="com.jack.task4.Cooley" name="run" time="1.550"/>
  <system-out/>
  <testcase classname="com.jack.task4.Cooley" name="run" time="3.466"/>
  <system-out/>
  <testcase classname="com.jack.task4.Cooley" name="run" time="2.682"/>
  <system-out/>
  <testcase classname="com.jack.task4.Cooley" name="run" time="1.359"/>
  <system-out/>
  <testcase classname="com.jack.task4.Cooley" name="run" time="2.182"/>
  <system-out/>
  <testcase classname="com.jack.task4.Cooley" name="run" time="1.452"/>
  <system-out/>
  <testcase classname="com.jack.task4.Cooley" name="run" time="2.043"/>
  <system-out/>
  <testcase classname="com.jack.task4.Cooley" name="run" time="1.263"/>
  <system-out/>
  <testcase classname="com.jack.task4.Cooley" name="run" time="1.546"/>
  <system-out/>
  <testcase classname="com.jack.task4.Cooley" name="run" time="1.129"/>
  <system-out/>
  <testcase classname="com.jack.task4.Cooley" name="run" time="1.512"/>
  <system-out/>
  <testcase classname="com.jack.task4.Cooley" name="run" time="1.623"/>
  <system-out/>
  <testcase classname="com.jack.task4.Cooley" name="run" time="1.890"/>
  <system-out/>
  <testcase classname="com.jack.task4.Cooley" name="run" time="1.295"/>
  <system-out/>
  <testcase classname="com.jack.task4.Cooley" name="run" time="1.644"/>
  <system-out/>
  <testcase classname="com.jack.task4.Cooley" name="run" time="1.486"/>
  <system-out/>
  <testcase classname="com.jack.task4.Cooley" name="run" time="2.651"/>
  <system-out/>
  <testcase classname="com.jack.task4.Cooley" name="run" time="1.356"/>
  <system-out/>
  <testcase classname="com.jack.task4.Cooley" name="run" time="1.601"/>
  <system-out/>
  <testcase classname="com.jack.task4.Cooley" name="run" time="1.433"/>
  <system-out/>
  <testcase classname="com.jack.task4.Cooley" name="run" time="1.706"/>
  <system-out/>
  <testcase classname="com.jack.task4.Cooley" name="run" time="0.986"/>
  <system-out/>
  <testcase classname="com.jack.task4.Cooley" name="run" time="3.178"/>
  <system-out/>
  <testcase classname="com.jack.task4.Cooley" name="run" time="1.734"/>
  <system-out/>
  <testcase classname="com.jack.task4.Cooley" name="run" time="1.118"/>
  <system-out/>
  <testcase classname="com.jack.task4.Cooley" name="run" time="1.673"/>
  <system-out/>
  <testcase classname="com.jack.task4.Cooley" name="run" time="1.516"/>
  <system-out/>
  <testcase classname="com.jack.task4.Cooley" name="run" time="2.788"/>
  <system-out/>
  <testcase classname="com.jack.task4.Cooley" name="run" time="1.641"/>
  <system-out/>
  <testcase classname="com.jack.task4.Cooley" name="run" time="2.924"/>
  <system-out/>
  <testcase classname="com.jack.task4.Cooley" name="run" time="1.790"/>
  <system-out/>
  <testcase classname="com.jack.task4.Cooley" name="run" time="1.408"/>
  <system-out/>
  <testcase classname="com.jack.task4.Cooley" name="run" time="1.408"/>
  <system-out/>
  <testcase classname="com.jack.task4.Cooley" name="run" time="2.074"/>
  <system-out/>
  <testcase classname="com.jack.task4.Cooley" name="run" time="3.423"/>
  <system-out/>
  <testcase classname="com.jack.task4.Cooley" name="run" time="1.926"/>
  <system-out/>
  <testcase classname="com.jack.task4.Cooley" name="run" time="1.387"/>
  <system-out/>
  <testcase classname="com.jack.task4.Cooley" name="run" time="1.518"/>
  <system-out/>
  <testcase classname="com.jack.task4.Cooley" name="run" time="1.916"/>
  <system-out/>
  <testcase classname="com.jack.task4.Cooley" name="run" time="2.204"/>
  <system-out/>
  <testcase classname="com.jack.task4.Cooley" name="run" time="1.370"/>
  <system-out/>
  <testcase classname="com.jack.task4.Cooley" name="run" time="1.658"/>
  <system-out/>
  <testcase classname="com.jack.task4.Cooley" name="run" time="2.192"/>
  <system-out/>
  <testcase classname="com.jack.task4.Cooley" name="run" time="1.070"/>
  <system-out/>
  <testcase classname="com.jack.task4.Cooley" name="run" time="2.170"/>
  <system-out/>
  <testcase classname="com.jack.task4.Cooley" name="run" time="1.498"/>
  <system-out/>
  <testcase classname="com.jack.task4.Cooley" name="run" time="6.484"/>
  <system-out/>
  <testcase classname="com.jack.task4.Cooley" name="run" time="1.600"/>
  <system-out/>
  <testcase classname="com.jack.task4.Cooley" name="run" time="3.276"/>
  <system-out/>
  <testcase classname="com.jack.task4.Cooley" name="run" time="1.648"/>
  <system-out/>
  <testcase classname="com.jack.task4.Cooley" name="run" time="1.120"/>
  <system-out/>
  <testcase classname="com.jack.task4.Cooley" name="run" time="1.165"/>
  <system-out/>
  <testcase classname="com.jack.task4.Cooley" name="run" time="2.080"/>
  <system-out/>
  <testcase classname="com.jack.task4.Cooley" name="run" time="1.575"/>
  <system-out/>
  <testcase classname="com.jack.task4.Cooley" name="run" time="2.291"/>
  <system-out/>
  <testcase classname="com.jack.task4.Cooley" name="run" time="1.911"/>
  <system-out/>
  <testcase classname="com.jack.task4.Cooley" name="run" time="1.675"/>
  <system-out/>
  <testcase classname="com.jack.task4.Cooley" name="run" time="1.497"/>
  <system-out/>
  <testcase classname="com.jack.task4.Cooley" name="run" time="2.793"/>
  <system-out/>
  <testcase classname="com.jack.task4.Cooley" name="run" time="1.623"/>
  <system-out/>
  <testcase classname="com.jack.task4.Cooley" name="run" time="1.117"/>
  <system-out/>
  <testcase classname="com.jack.task4.Cooley" name="run" time="1.431"/>
  <system-out/>
  <testcase classname="com.jack.task4.Cooley" name="run" time="1.372"/>
  <system-out/>
  <testcase classname="com.jack.task4.Cooley" name="run" time="4.134"/>
  <system-out/>
  <testcase classname="com.jack.task4.Cooley" name="run" time="1.451"/>
  <system-out/>
  <testcase classname="com.jack.task4.Cooley" name="run" time="1.793"/>
  <system-out/>
  <testcase classname="com.jack.task4.Cooley" name="run" time="1.470"/>
  <system-out/>
  <testcase classname="com.jack.task4.Cooley" name="run" time="1.451"/>
  <system-out/>
  <testcase classname="com.jack.task4.Cooley" name="run" time="1.405"/>
  <system-out/>
  <testcase classname="com.jack.task4.Cooley" name="run" time="1.102"/>
  <system-out/>
  <testcase classname="com.jack.task4.Cooley" name="run" time="2.143"/>
  <system-out/>
  <testcase classname="com.jack.task4.Cooley" name="run" time="1.143"/>
  <system-out/>
  <testcase classname="com.jack.task4.Cooley" name="run" time="1.644"/>
  <system-out/>
  <testcase classname="com.jack.task4.Cooley" name="run" time="1.452"/>
  <system-out/>
  <testcase classname="com.jack.task4.Cooley" name="run" time="1.690"/>
  <system-out/>
  <testcase classname="com.jack.task4.Cooley" name="run" time="3.464"/>
  <system-out/>
  <testcase classname="com.jack.task4.Cooley" name="run" time="1.115"/>
  <system-out/>
  <testcase classname="com.jack.task4.Cooley" name="run" time="1.429"/>
  <system-out/>
  <testcase classname="com.jack.task4.Cooley" name="run" time="3.646"/>
  <system-out/>
  <testcase classname="com.jack.task4.Cooley" name="run" time="1.497"/>
  <system-out/>
  <testcase classname="com.jack.task4.Cooley" name="run" time="3.448"/>
  <system-out/>
  <testcase classname="com.jack.task4.Cooley" name="run" time="1.468"/>
  <system-out/>
  <testcase classname="com.jack.task4.Cooley" name="run" time="2.291"/>
  <system-out/>
  <testcase classname="com.jack.task4.Cooley" name="run" time="1.872"/>
  <system-out/>
  <testcase classname="com.jack.task4.Cooley" name="run" time="1.416"/>
  <system-out/>
  <testcase classname="com.jack.task4.Cooley" name="run" time="1.882"/>
  <system-out/>
  <testcase classname="com.jack.task4.Cooley" name="run" time="1.903"/>
  <system-out/>
  <testcase classname="com.jack.task4.Cooley" name="run" time="4.935"/>
  <system-out/>
  <testcase classname="com.jack.task4.Cooley" name="run" time="1.675"/>
  <system-out/>
  <testcase classname="com.jack.task4.Cooley" name="run" time="1.676"/>
  <system-out/>
  <testcase classname="com.jack.task4.Cooley" name="run" time="1.616"/>
  <system-out/>
  <testcase classname="com.jack.task4.Cooley" name="run" time="1.484"/>
  <system-out/>
  <testcase classname="com.jack.task4.Cooley" name="run" time="1.647"/>
  <system-out/>
  <testcase classname="com.jack.task4.Cooley" name="run" time="1.421"/>
  <system-out/>
  <testcase classname="com.jack.task4.Cooley" name="run" time="1.473"/>
  <system-out/>
  <testcase classname="com.jack.task4.Cooley" name="run" time="2.296"/>
  <system-out/>
  <testcase classname="com.jack.task4.Cooley" name="run" time="2.854"/>
  <system-out/>
  <testcase classname="com.jack.task4.Cooley" name="run" time="1.818"/>
  <system-out/>
  <testcase classname="com.jack.task4.Cooley" name="run" time="1.645"/>
  <system-out/>
  <testcase classname="com.jack.task4.Cooley" name="run" time="8.363"/>
  <system-out/>
  <testcase classname="com.jack.task4.Cooley" name="run" time="3.414"/>
  <system-out/>
  <testcase classname="com.jack.task4.Cooley" name="run" time="1.400"/>
  <system-out/>
  <testcase classname="com.jack.task4.Cooley" name="run" time="1.735"/>
  <system-out/>
  <testcase classname="com.jack.task4.Cooley" name="run" time="3.489"/>
  <system-out/>
  <testcase classname="com.jack.task4.Cooley" name="run" time="1.648"/>
  <system-out/>
  <testcase classname="com.jack.task4.Cooley" name="run" time="1.118"/>
  <system-out/>
  <testcase classname="com.jack.task4.Cooley" name="run" time="2.171"/>
  <system-out/>
  <testcase classname="com.jack.task4.Cooley" name="run" time="1.088"/>
  <system-out/>
  <testcase classname="com.jack.task4.Cooley" name="run" time="2.104"/>
  <system-out/>
  <testcase classname="com.jack.task4.Cooley" name="run" time="2.225"/>
  <system-out/>
  <testcase classname="com.jack.task4.Cooley" name="run" time="4.406"/>
  <system-out/>
  <testcase classname="com.jack.task4.Cooley" name="run" time="1.451"/>
  <system-out/>
  <testcase classname="com.jack.task4.Cooley" name="run" time="3.122"/>
  <system-out/>
  <testcase classname="com.jack.task4.Cooley" name="run" time="1.082"/>
  <system-out/>
  <testcase classname="com.jack.task4.Cooley" name="run" time="2.040"/>
  <system-out/>
  <testcase classname="com.jack.task4.Cooley" name="run" time="1.332"/>
  <system-out/>
  <testcase classname="com.jack.task4.Cooley" name="run" time="1.461"/>
  <system-out/>
  <testcase classname="com.jack.task4.Cooley" name="run" time="1.851"/>
  <system-out/>
  <testcase classname="com.jack.task4.Cooley" name="run" time="1.654"/>
  <system-out/>
  <testcase classname="com.jack.task4.Cooley" name="run" time="4.071"/>
  <system-out/>
  <testcase classname="com.jack.task4.Cooley" name="run" time="2.140"/>
  <system-out/>
  <testcase classname="com.jack.task4.Cooley" name="run" time="1.618"/>
  <system-out/>
  <testcase classname="com.jack.task4.Cooley" name="run" time="1.582"/>
  <system-out/>
  <testcase classname="com.jack.task4.Cooley" name="run" time="1.734"/>
  <system-out/>
  <testcase classname="com.jack.task4.Cooley" name="run" time="1.687"/>
  <system-out/>
  <testcase classname="com.jack.task4.Cooley" name="run" time="1.819"/>
  <system-out/>
  <testcase classname="com.jack.task4.Cooley" name="run" time="1.453"/>
  <system-out/>
  <testcase classname="com.jack.task4.Cooley" name="run" time="0.969"/>
  <system-out/>
  <testcase classname="com.jack.task4.Cooley" name="run" time="1.596"/>
  <system-out/>
  <testcase classname="com.jack.task4.Cooley" name="run" time="1.025"/>
  <system-out/>
  <testcase classname="com.jack.task4.Cooley" name="run" time="1.596"/>
  <system-out/>
  <testcase classname="com.jack.task4.Cooley" name="run" time="1.745"/>
  <system-out/>
  <testcase classname="com.jack.task4.Cooley" name="run" time="1.725"/>
  <system-out/>
  <testcase classname="com.jack.task4.Cooley" name="run" time="2.347"/>
  <system-out/>
  <testcase classname="com.jack.task4.Cooley" name="run" time="1.406"/>
  <system-out/>
  <testcase classname="com.jack.task4.Cooley" name="run" time="1.615"/>
  <system-out/>
  <testcase classname="com.jack.task4.Cooley" name="run" time="1.646"/>
  <system-out/>
  <testcase classname="com.jack.task4.Cooley" name="run" time="1.483"/>
  <system-out/>
  <testcase classname="com.jack.task4.Cooley" name="run" time="1.671"/>
  <system-out/>
  <testcase classname="com.jack.task4.Cooley" name="run" time="1.435"/>
  <system-out/>
  <testcase classname="com.jack.task4.Cooley" name="run" time="1.471"/>
  <system-out/>
  <testcase classname="com.jack.task4.Cooley" name="run" time="1.933"/>
  <system-out/>
  <testcase classname="com.jack.task4.Cooley" name="run" time="3.494"/>
  <system-out/>
  <testcase classname="com.jack.task4.Cooley" name="run" time="3.987"/>
  <system-out/>
  <testcase classname="com.jack.task4.Cooley" name="run" time="1.629"/>
  <system-out/>
  <testcase classname="com.jack.task4.Cooley" name="run" time="1.550"/>
  <system-out/>
  <testcase classname="com.jack.task4.Cooley" name="run" time="1.739"/>
  <system-out/>
  <testcase classname="com.jack.task4.Cooley" name="run" time="1.625"/>
  <system-out/>
  <testcase classname="com.jack.task4.Cooley" name="run" time="6.326"/>
  <system-out/>
  <testcase classname="com.jack.task4.Cooley" name="run" time="1.478"/>
  <system-out/>
  <testcase classname="com.jack.task4.Cooley" name="run" time="2.085"/>
  <system-out/>
  <testcase classname="com.jack.task4.Cooley" name="run" time="1.788"/>
  <system-out/>
  <testcase classname="com.jack.task4.Cooley" name="run" time="3.360"/>
  <system-out/>
  <testcase classname="com.jack.task4.Cooley" name="run" time="2.134"/>
  <system-out/>
  <testcase classname="com.jack.task4.Cooley" name="run" time="1.504"/>
  <system-out/>
  <testcase classname="com.jack.task4.Cooley" name="run" time="1.949"/>
  <system-out/>
  <testcase classname="com.jack.task4.Cooley" name="run" time="1.852"/>
  <system-out/>
  <testcase classname="com.jack.task4.Cooley" name="run" time="2.655"/>
  <system-out/>
  <testcase classname="com.jack.task4.Cooley" name="run" time="1.643"/>
  <system-out/>
  <testcase classname="com.jack.task4.Cooley" name="run" time="1.864"/>
  <system-out/>
  <testcase classname="com.jack.task4.Cooley" name="run" time="2.219"/>
  <system-out/>
  <testcase classname="com.jack.task4.Cooley" name="run" time="1.674"/>
  <system-out/>
  <testcase classname="com.jack.task4.Cooley" name="run" time="1.881"/>
  <system-out/>
  <testcase classname="com.jack.task4.Cooley" name="run" time="1.127"/>
  <system-out/>
  <testcase classname="com.jack.task4.Cooley" name="run" time="2.167"/>
  <system-out/>
  <testcase classname="com.jack.task4.Cooley" name="run" time="1.441"/>
  <system-out/>
  <testcase classname="com.jack.task4.Cooley" name="run" time="2.025"/>
  <system-out/>
  <testcase classname="com.jack.task4.Cooley" name="run" time="1.967"/>
  <system-out/>
  <testcase classname="com.jack.task4.Cooley" name="run" time="1.728"/>
  <system-out/>
  <testcase classname="com.jack.task4.Cooley" name="run" time="1.353"/>
  <system-out/>
  <testcase classname="com.jack.task4.Cooley" name="run" time="1.686"/>
  <system-out/>
  <testcase classname="com.jack.task4.Cooley" name="run" time="1.423"/>
  <system-out/>
  <testcase classname="com.jack.task4.Cooley" name="run" time="1.899"/>
  <system-out/>
  <testcase classname="com.jack.task4.Cooley" name="run" time="1.568"/>
  <system-out/>
  <testcase classname="com.jack.task4.Cooley" name="run" time="2.282"/>
  <system-out/>
  <testcase classname="com.jack.task4.Cooley" name="run" time="2.094"/>
  <system-out/>
  <testcase classname="com.jack.task4.Cooley" name="run" time="1.690"/>
  <system-out/>
  <testcase classname="com.jack.task4.Cooley" name="run" time="1.447"/>
  <system-out/>
  <testcase classname="com.jack.task4.Cooley" name="run" time="8.317"/>
  <system-out/>
  <testcase classname="com.jack.task4.Cooley" name="run" time="1.849"/>
  <system-out/>
  <testcase classname="com.jack.task4.Cooley" name="run" time="1.117"/>
  <system-out/>
  <testcase classname="com.jack.task4.Cooley" name="run" time="1.452"/>
  <system-out/>
  <testcase classname="com.jack.task4.Cooley" name="run" time="1.441"/>
  <system-out/>
  <testcase classname="com.jack.task4.Cooley" name="run" time="1.097"/>
  <system-out/>
  <testcase classname="com.jack.task4.Cooley" name="run" time="1.559"/>
  <system-out/>
  <testcase classname="com.jack.task4.Cooley" name="run" time="1.769"/>
  <system-out/>
  <testcase classname="com.jack.task4.Cooley" name="run" time="1.423"/>
  <system-out/>
  <testcase classname="com.jack.task4.Cooley" name="run" time="1.834"/>
  <system-out/>
  <testcase classname="com.jack.task4.Cooley" name="run" time="1.631"/>
  <system-out/>
  <testcase classname="com.jack.task4.Cooley" name="run" time="1.069"/>
  <system-out/>
  <testcase classname="com.jack.task4.Cooley" name="run" time="2.176"/>
  <system-out/>
  <testcase classname="com.jack.task4.Cooley" name="run" time="1.870"/>
  <system-out/>
  <testcase classname="com.jack.task4.Cooley" name="run" time="3.261"/>
  <system-out/>
  <testcase classname="com.jack.task4.Cooley" name="run" time="2.763"/>
  <system-out/>
  <testcase classname="com.jack.task4.Cooley" name="run" time="1.660"/>
  <system-out/>
  <testcase classname="com.jack.task4.Cooley" name="run" time="4.363"/>
  <system-out/>
  <testcase classname="com.jack.task4.Cooley" name="run" time="2.758"/>
  <system-out/>
  <testcase classname="com.jack.task4.Cooley" name="run" time="1.069"/>
  <system-out/>
  <testcase classname="com.jack.task4.Cooley" name="run" time="1.836"/>
  <system-out/>
  <testcase classname="com.jack.task4.Cooley" name="run" time="1.423"/>
  <system-out/>
  <testcase classname="com.jack.task4.Cooley" name="run" time="2.086"/>
  <system-out/>
  <testcase classname="com.jack.task4.Cooley" name="run" time="2.497"/>
  <system-out/>
  <testcase classname="com.jack.task4.Cooley" name="run" time="2.115"/>
  <system-out/>
  <testcase classname="com.jack.task4.Cooley" name="run" time="1.302"/>
  <system-out/>
  <testcase classname="com.jack.task4.Cooley" name="run" time="1.041"/>
  <system-out/>
  <testcase classname="com.jack.task4.Cooley" name="run" time="1.713"/>
  <system-out/>
  <testcase classname="com.jack.task4.Cooley" name="run" time="1.663"/>
  <system-out/>
  <testcase classname="com.jack.task4.Cooley" name="run" time="1.627"/>
  <system-out/>
  <testcase classname="com.jack.task4.Cooley" name="run" time="1.453"/>
  <system-out/>
  <testcase classname="com.jack.task4.Cooley" name="run" time="1.465"/>
  <system-out/>
  <testcase classname="com.jack.task4.Cooley" name="run" time="1.554"/>
  <system-out/>
  <testcase classname="com.jack.task4.Cooley" name="run" time="2.093"/>
  <system-out/>
  <testcase classname="com.jack.task4.Cooley" name="run" time="1.483"/>
  <system-out/>
  <testcase classname="com.jack.task4.Cooley" name="run" time="1.614"/>
  <system-out/>
  <testcase classname="com.jack.task4.Cooley" name="run" time="2.025"/>
  <system-out/>
  <testcase classname="com.jack.task4.Cooley" name="run" time="1.886"/>
  <system-out/>
  <testcase classname="com.jack.task4.Cooley" name="run" time="1.836"/>
  <system-out/>
  <testcase classname="com.jack.task4.Cooley" name="run" time="1.658"/>
  <system-out/>
  <testcase classname="com.jack.task4.Cooley" name="run" time="1.452"/>
  <system-out/>
  <testcase classname="com.jack.task4.Cooley" name="run" time="1.664"/>
  <system-out/>
  <testcase classname="com.jack.task4.Cooley" name="run" time="6.327"/>
  <system-out/>
  <testcase classname="com.jack.task4.Cooley" name="run" time="1.558"/>
  <system-out/>
  <testcase classname="com.jack.task4.Cooley" name="run" time="1.150"/>
  <system-out/>
  <testcase classname="com.jack.task4.Cooley" name="run" time="1.627"/>
  <system-out/>
  <testcase classname="com.jack.task4.Cooley" name="run" time="2.013"/>
  <system-out/>
  <testcase classname="com.jack.task4.Cooley" name="run" time="1.766"/>
  <system-out/>
  <testcase classname="com.jack.task4.Cooley" name="run" time="1.786"/>
  <system-out/>
  <testcase classname="com.jack.task4.Cooley" name="run" time="1.115"/>
  <system-out/>
  <testcase classname="com.jack.task4.Cooley" name="run" time="4.156"/>
  <system-out/>
  <testcase classname="com.jack.task4.Cooley" name="run" time="1.707"/>
  <system-out/>
  <testcase classname="com.jack.task4.Cooley" name="run" time="1.527"/>
  <system-out/>
  <testcase classname="com.jack.task4.Cooley" name="run" time="1.610"/>
  <system-out/>
  <testcase classname="com.jack.task4.Cooley" name="run" time="1.485"/>
  <system-out/>
  <testcase classname="com.jack.task4.Cooley" name="run" time="2.741"/>
  <system-out/>
  <testcase classname="com.jack.task4.Cooley" name="run" time="1.390"/>
  <system-out/>
  <testcase classname="com.jack.task4.Cooley" name="run" time="1.436"/>
  <system-out/>
  <testcase classname="com.jack.task4.Cooley" name="run" time="1.514"/>
  <system-out/>
  <testcase classname="com.jack.task4.Cooley" name="run" time="2.938"/>
  <system-out/>
  <testcase classname="com.jack.task4.Cooley" name="run" time="1.755"/>
  <system-out/>
  <testcase classname="com.jack.task4.Cooley" name="run" time="1.471"/>
  <system-out/>
  <testcase classname="com.jack.task4.Cooley" name="run" time="1.640"/>
  <system-out/>
  <testcase classname="com.jack.task4.Cooley" name="run" time="1.694"/>
  <system-out/>
  <testcase classname="com.jack.task4.Cooley" name="run" time="1.072"/>
  <system-out/>
  <testcase classname="com.jack.task4.Cooley" name="run" time="1.424"/>
  <system-out/>
  <testcase classname="com.jack.task4.Cooley" name="run" time="1.121"/>
  <system-out/>
  <testcase classname="com.jack.task4.Cooley" name="run" time="1.358"/>
  <system-out/>
  <testcase classname="com.jack.task4.Cooley" name="run" time="1.864"/>
  <system-out/>
  <testcase classname="com.jack.task4.Cooley" name="run" time="1.622"/>
  <system-out/>
  <testcase classname="com.jack.task4.Cooley" name="run" time="1.470"/>
  <system-out/>
  <testcase classname="com.jack.task4.Cooley" name="run" time="1.660"/>
  <system-out/>
  <testcase classname="com.jack.task4.Cooley" name="run" time="2.457"/>
  <system-out/>
  <testcase classname="com.jack.task4.Cooley" name="run" time="1.625"/>
  <system-out/>
  <testcase classname="com.jack.task4.Cooley" name="run" time="1.920"/>
  <system-out/>
  <testcase classname="com.jack.task4.Cooley" name="run" time="1.841"/>
  <system-out/>
  <testcase classname="com.jack.task4.Cooley" name="run" time="1.623"/>
  <system-out/>
  <testcase classname="com.jack.task4.Cooley" name="run" time="2.124"/>
  <system-out/>
  <testcase classname="com.jack.task4.Cooley" name="run" time="1.699"/>
  <system-out/>
  <testcase classname="com.jack.task4.Cooley" name="run" time="1.668"/>
  <system-out/>
  <testcase classname="com.jack.task4.Cooley" name="run" time="1.749"/>
  <system-out/>
  <testcase classname="com.jack.task4.Cooley" name="run" time="1.432"/>
  <system-out/>
  <testcase classname="com.jack.task4.Cooley" name="run" time="1.707"/>
  <system-out/>
  <testcase classname="com.jack.task4.Cooley" name="run" time="1.473"/>
  <system-out/>
  <testcase classname="com.jack.task4.Cooley" name="run" time="1.585"/>
  <system-out/>
  <testcase classname="com.jack.task4.Cooley" name="run" time="1.308"/>
  <system-out/>
  <testcase classname="com.jack.task4.Cooley" name="run" time="3.676"/>
  <system-out/>
  <testcase classname="com.jack.task4.Cooley" name="run" time="3.894"/>
  <system-out/>
  <testcase classname="com.jack.task4.Cooley" name="run" time="1.979"/>
  <system-out/>
  <testcase classname="com.jack.task4.Cooley" name="run" time="1.708"/>
  <system-out/>
  <testcase classname="com.jack.task4.Cooley" name="run" time="1.645"/>
  <system-out/>
  <testcase classname="com.jack.task4.Cooley" name="run" time="1.642"/>
  <system-out/>
  <testcase classname="com.jack.task4.Cooley" name="run" time="1.136"/>
  <system-out/>
  <testcase classname="com.jack.task4.Cooley" name="run" time="2.781"/>
  <system-out/>
  <testcase classname="com.jack.task4.Cooley" name="run" time="1.114"/>
  <system-out/>
  <testcase classname="com.jack.task4.Cooley" name="run" time="1.417"/>
  <system-out/>
  <testcase classname="com.jack.task4.Cooley" name="run" time="1.673"/>
  <system-out/>
  <testcase classname="com.jack.task4.Cooley" name="run" time="2.236"/>
  <system-out/>
  <testcase classname="com.jack.task4.Cooley" name="run" time="1.050"/>
  <system-out/>
  <testcase classname="com.jack.task4.Cooley" name="run" time="1.527"/>
  <system-out/>
  <testcase classname="com.jack.task4.Cooley" name="run" time="1.925"/>
  <system-out/>
  <testcase classname="com.jack.task4.Cooley" name="run" time="1.410"/>
  <system-out/>
  <testcase classname="com.jack.task4.Cooley" name="run" time="1.693"/>
  <system-out/>
  <testcase classname="com.jack.task4.Cooley" name="run" time="1.616"/>
  <system-out/>
  <testcase classname="com.jack.task4.Cooley" name="run" time="1.457"/>
  <system-out/>
  <testcase classname="com.jack.task4.Cooley" name="run" time="1.737"/>
  <system-out/>
  <testcase classname="com.jack.task4.Cooley" name="run" time="1.451"/>
  <system-out/>
  <testcase classname="com.jack.task4.Cooley" name="run" time="1.840"/>
  <system-out/>
  <testcase classname="com.jack.task4.Cooley" name="run" time="1.516"/>
  <system-out/>
  <testcase classname="com.jack.task4.Cooley" name="run" time="1.162"/>
  <system-out/>
  <testcase classname="com.jack.task4.Cooley" name="run" time="1.705"/>
  <system-out/>
  <testcase classname="com.jack.task4.Cooley" name="run" time="1.628"/>
  <system-out/>
  <testcase classname="com.jack.task4.Cooley" name="run" time="3.310"/>
  <system-out/>
  <testcase classname="com.jack.task4.Cooley" name="run" time="1.530"/>
  <system-out/>
  <testcase classname="com.jack.task4.Cooley" name="run" time="1.838"/>
  <system-out/>
  <testcase classname="com.jack.task4.Cooley" name="run" time="3.525"/>
  <system-out/>
  <testcase classname="com.jack.task4.Cooley" name="run" time="1.976"/>
  <system-out/>
  <testcase classname="com.jack.task4.Cooley" name="run" time="2.005"/>
  <system-out/>
  <testcase classname="com.jack.task4.Cooley" name="run" time="1.647"/>
  <system-out/>
  <testcase classname="com.jack.task4.Cooley" name="run" time="1.879"/>
  <system-out/>
  <testcase classname="com.jack.task4.Cooley" name="run" time="1.582"/>
  <system-out/>
  <testcase classname="com.jack.task4.Cooley" name="run" time="2.060"/>
  <system-out/>
  <testcase classname="com.jack.task4.Cooley" name="run" time="2.097"/>
  <system-out/>
  <testcase classname="com.jack.task4.Cooley" name="run" time="1.741"/>
  <system-out/>
  <testcase classname="com.jack.task4.Cooley" name="run" time="1.069"/>
  <system-out/>
  <testcase classname="com.jack.task4.Cooley" name="run" time="1.419"/>
  <system-out/>
  <testcase classname="com.jack.task4.Cooley" name="run" time="1.022"/>
  <system-out/>
  <testcase classname="com.jack.task4.Cooley" name="run" time="1.424"/>
  <system-out/>
  <testcase classname="com.jack.task4.Cooley" name="run" time="1.582"/>
  <system-out/>
  <testcase classname="com.jack.task4.Cooley" name="run" time="1.177"/>
  <system-out/>
  <testcase classname="com.jack.task4.Cooley" name="run" time="1.886"/>
  <system-out/>
  <testcase classname="com.jack.task4.Cooley" name="run" time="1.020"/>
  <system-out/>
  <testcase classname="com.jack.task4.Cooley" name="run" time="1.455"/>
  <system-out/>
  <testcase classname="com.jack.task4.Cooley" name="run" time="1.887"/>
  <system-out/>
  <testcase classname="com.jack.task4.Cooley" name="run" time="1.745"/>
  <system-out/>
  <testcase classname="com.jack.task4.Cooley" name="run" time="1.882"/>
  <system-out/>
  <testcase classname="com.jack.task4.Cooley" name="run" time="1.136"/>
  <system-out/>
  <testcase classname="com.jack.task4.Cooley" name="run" time="1.054"/>
  <system-out/>
  <testcase classname="com.jack.task4.Cooley" name="run" time="1.791"/>
  <system-out/>
  <testcase classname="com.jack.task4.Cooley" name="run" time="1.752"/>
  <system-out/>
  <testcase classname="com.jack.task4.Cooley" name="run" time="1.134"/>
  <system-out/>
  <testcase classname="com.jack.task4.Cooley" name="run" time="2.732"/>
  <system-out/>
  <testcase classname="com.jack.task4.Cooley" name="run" time="1.501"/>
  <system-out/>
  <testcase classname="com.jack.task4.Cooley" name="run" time="4.132"/>
  <system-out/>
  <testcase classname="com.jack.task4.Cooley" name="run" time="1.869"/>
  <system-out/>
  <testcase classname="com.jack.task4.Cooley" name="run" time="1.438"/>
  <system-out/>
  <testcase classname="com.jack.task4.Cooley" name="run" time="1.374"/>
  <system-out/>
  <testcase classname="com.jack.task4.Cooley" name="run" time="1.711"/>
  <system-out/>
  <testcase classname="com.jack.task4.Cooley" name="run" time="3.371"/>
  <system-out/>
  <testcase classname="com.jack.task4.Cooley" name="run" time="1.117"/>
  <system-out/>
  <testcase classname="com.jack.task4.Cooley" name="run" time="1.655"/>
  <system-out/>
  <testcase classname="com.jack.task4.Cooley" name="run" time="2.271"/>
  <system-out/>
  <testcase classname="com.jack.task4.Cooley" name="run" time="2.031"/>
  <system-out/>
  <testcase classname="com.jack.task4.Cooley" name="run" time="3.657"/>
  <system-out/>
  <testcase classname="com.jack.task4.Cooley" name="run" time="1.405"/>
  <system-out/>
  <testcase classname="com.jack.task4.Cooley" name="run" time="1.669"/>
  <system-out/>
  <testcase classname="com.jack.task4.Cooley" name="run" time="1.545"/>
  <system-out/>
  <testcase classname="com.jack.task4.Cooley" name="run" time="2.334"/>
  <system-out/>
  <testcase classname="com.jack.task4.Cooley" name="run" time="1.608"/>
  <system-out/>
  <testcase classname="com.jack.task4.Cooley" name="run" time="1.598"/>
  <system-out/>
  <testcase classname="com.jack.task4.Cooley" name="run" time="1.711"/>
  <system-out/>
  <testcase classname="com.jack.task4.Cooley" name="run" time="1.628"/>
  <system-out/>
  <testcase classname="com.jack.task4.Cooley" name="run" time="3.526"/>
  <system-out/>
  <testcase classname="com.jack.task4.Cooley" name="run" time="2.392"/>
  <system-out/>
  <testcase classname="com.jack.task4.Cooley" name="run" time="1.793"/>
  <system-out/>
  <testcase classname="com.jack.task4.Cooley" name="run" time="1.530"/>
  <system-out/>
  <testcase classname="com.jack.task4.Cooley" name="run" time="2.586"/>
  <system-out/>
  <testcase classname="com.jack.task4.Cooley" name="run" time="1.466"/>
  <system-out/>
  <testcase classname="com.jack.task4.Cooley" name="run" time="1.820"/>
  <system-out/>
  <testcase classname="com.jack.task4.Cooley" name="run" time="2.056"/>
  <system-out/>
  <testcase classname="com.jack.task4.Cooley" name="run" time="2.216"/>
  <system-out/>
  <testcase classname="com.jack.task4.Cooley" name="run" time="1.263"/>
  <system-out/>
  <testcase classname="com.jack.task4.Cooley" name="run" time="1.687"/>
  <system-out/>
  <testcase classname="com.jack.task4.Cooley" name="run" time="1.664"/>
  <system-out/>
  <testcase classname="com.jack.task4.Cooley" name="run" time="1.903"/>
  <system-out/>
  <testcase classname="com.jack.task4.Cooley" name="run" time="1.657"/>
  <system-out/>
  <testcase classname="com.jack.task4.Cooley" name="run" time="1.867"/>
  <system-out/>
  <testcase classname="com.jack.task4.Cooley" name="run" time="1.657"/>
  <system-out/>
  <testcase classname="com.jack.task4.Cooley" name="run" time="1.862"/>
  <system-out/>
  <testcase classname="com.jack.task4.Cooley" name="run" time="2.014"/>
  <system-out/>
  <testcase classname="com.jack.task4.Cooley" name="run" time="1.097"/>
  <system-out/>
  <testcase classname="com.jack.task4.Cooley" name="run" time="1.601"/>
  <system-out/>
  <testcase classname="com.jack.task4.Cooley" name="run" time="2.368"/>
  <system-out/>
  <testcase classname="com.jack.task4.Cooley" name="run" time="1.874"/>
  <system-out/>
  <testcase classname="com.jack.task4.Cooley" name="run" time="1.102"/>
  <system-out/>
  <testcase classname="com.jack.task4.Cooley" name="run" time="1.958"/>
  <system-out/>
  <testcase classname="com.jack.task4.Cooley" name="run" time="1.082"/>
  <system-out/>
  <testcase classname="com.jack.task4.Cooley" name="run" time="1.421"/>
  <system-out/>
  <testcase classname="com.jack.task4.Cooley" name="run" time="1.823"/>
  <system-out/>
  <testcase classname="com.jack.task4.Cooley" name="run" time="1.705"/>
  <system-out/>
  <testcase classname="com.jack.task4.Cooley" name="run" time="2.886"/>
  <system-out/>
  <testcase classname="com.jack.task4.Cooley" name="run" time="1.616"/>
  <system-out/>
  <testcase classname="com.jack.task4.Cooley" name="run" time="1.598"/>
  <system-out/>
  <testcase classname="com.jack.task4.Cooley" name="run" time="1.466"/>
  <system-out/>
  <testcase classname="com.jack.task4.Cooley" name="run" time="1.509"/>
  <system-out/>
  <testcase classname="com.jack.task4.Cooley" name="run" time="1.801"/>
  <system-out/>
  <testcase classname="com.jack.task4.Cooley" name="run" time="1.471"/>
  <system-out/>
  <testcase classname="com.jack.task4.Cooley" name="run" time="1.435"/>
  <system-out/>
  <testcase classname="com.jack.task4.Cooley" name="run" time="1.433"/>
  <system-out/>
  <testcase classname="com.jack.task4.Cooley" name="run" time="1.334"/>
  <system-out/>
  <testcase classname="com.jack.task4.Cooley" name="run" time="1.979"/>
  <system-out/>
  <testcase classname="com.jack.task4.Cooley" name="run" time="1.644"/>
  <system-out/>
  <testcase classname="com.jack.task4.Cooley" name="run" time="1.809"/>
  <system-out/>
  <testcase classname="com.jack.task4.Cooley" name="run" time="1.490"/>
  <system-out/>
  <testcase classname="com.jack.task4.Cooley" name="run" time="1.551"/>
  <system-out/>
  <testcase classname="com.jack.task4.Cooley" name="run" time="1.887"/>
  <system-out/>
  <testcase classname="com.jack.task4.Cooley" name="run" time="1.904"/>
  <system-out/>
  <testcase classname="com.jack.task4.Cooley" name="run" time="2.229"/>
  <system-out/>
  <testcase classname="com.jack.task4.Cooley" name="run" time="2.316"/>
  <system-out/>
  <testcase classname="com.jack.task4.Cooley" name="run" time="2.203"/>
  <system-out/>
  <testcase classname="com.jack.task4.Cooley" name="run" time="1.736"/>
  <system-out/>
  <testcase classname="com.jack.task4.Cooley" name="run" time="2.303"/>
  <system-out/>
  <testcase classname="com.jack.task4.Cooley" name="run" time="1.742"/>
  <system-out/>
  <testcase classname="com.jack.task4.Cooley" name="run" time="1.551"/>
  <system-out/>
  <testcase classname="com.jack.task4.Cooley" name="run" time="1.452"/>
  <system-out/>
  <testcase classname="com.jack.task4.Cooley" name="run" time="3.000"/>
  <system-out/>
  <testcase classname="com.jack.task4.Cooley" name="run" time="1.567"/>
  <system-out/>
  <testcase classname="com.jack.task4.Cooley" name="run" time="1.454"/>
  <system-out/>
  <testcase classname="com.jack.task4.Cooley" name="run" time="1.013"/>
  <system-out/>
  <testcase classname="com.jack.task4.Cooley" name="run" time="1.930"/>
  <system-out/>
  <testcase classname="com.jack.task4.Cooley" name="run" time="1.823"/>
  <system-out/>
  <testcase classname="com.jack.task4.Cooley" name="run" time="1.065"/>
  <system-out/>
  <testcase classname="com.jack.task4.Cooley" name="run" time="4.933"/>
  <system-out/>
  <testcase classname="com.jack.task4.Cooley" name="run" time="1.631"/>
  <system-out/>
  <testcase classname="com.jack.task4.Cooley" name="run" time="1.478"/>
  <system-out/>
  <testcase classname="com.jack.task4.Cooley" name="run" time="1.770"/>
  <system-out/>
  <testcase classname="com.jack.task4.Cooley" name="run" time="1.663"/>
  <system-out/>
  <testcase classname="com.jack.task4.Cooley" name="run" time="2.996"/>
  <system-out/>
  <testcase classname="com.jack.task4.Cooley" name="run" time="1.665"/>
  <system-out/>
  <testcase classname="com.jack.task4.Cooley" name="run" time="1.740"/>
  <system-out/>
  <testcase classname="com.jack.task4.Cooley" name="run" time="2.451"/>
  <system-out/>
  <testcase classname="com.jack.task4.Cooley" name="run" time="1.437"/>
  <system-out/>
  <testcase classname="com.jack.task4.Cooley" name="run" time="1.741"/>
  <system-out/>
  <testcase classname="com.jack.task4.Cooley" name="run" time="1.454"/>
  <system-out/>
  <testcase classname="com.jack.task4.Cooley" name="run" time="1.658"/>
  <system-out/>
  <testcase classname="com.jack.task4.Cooley" name="run" time="1.982"/>
  <system-out/>
  <testcase classname="com.jack.task4.Cooley" name="run" time="1.644"/>
  <system-out/>
  <testcase classname="com.jack.task4.Cooley" name="run" time="2.946"/>
  <system-out/>
  <testcase classname="com.jack.task4.Cooley" name="run" time="1.676"/>
  <system-out/>
  <testcase classname="com.jack.task4.Cooley" name="run" time="1.628"/>
  <system-out/>
  <testcase classname="com.jack.task4.Cooley" name="run" time="1.849"/>
  <system-out/>
  <testcase classname="com.jack.task4.Cooley" name="run" time="2.158"/>
  <system-out/>
  <testcase classname="com.jack.task4.Cooley" name="run" time="1.343"/>
  <system-out/>
  <testcase classname="com.jack.task4.Cooley" name="run" time="1.117"/>
  <system-out/>
  <testcase classname="com.jack.task4.Cooley" name="run" time="2.288"/>
  <system-out/>
  <testcase classname="com.jack.task4.Cooley" name="run" time="1.626"/>
  <system-out/>
  <testcase classname="com.jack.task4.Cooley" name="run" time="1.644"/>
  <system-out/>
  <testcase classname="com.jack.task4.Cooley" name="run" time="1.407"/>
  <system-out/>
  <testcase classname="com.jack.task4.Cooley" name="run" time="1.690"/>
  <system-out/>
  <testcase classname="com.jack.task4.Cooley" name="run" time="2.008"/>
  <system-out/>
  <testcase classname="com.jack.task4.Cooley" name="run" time="1.615"/>
  <system-out/>
  <testcase classname="com.jack.task4.Cooley" name="run" time="1.206"/>
  <system-out/>
  <testcase classname="com.jack.task4.Cooley" name="run" time="1.117"/>
  <system-out/>
  <testcase classname="com.jack.task4.Cooley" name="run" time="1.417"/>
  <system-out/>
  <testcase classname="com.jack.task4.Cooley" name="run" time="1.085"/>
  <system-out/>
  <testcase classname="com.jack.task4.Cooley" name="run" time="1.697"/>
  <system-out/>
  <testcase classname="com.jack.task4.Cooley" name="run" time="1.055"/>
  <system-out/>
  <testcase classname="com.jack.task4.Cooley" name="run" time="1.670"/>
  <system-out/>
  <testcase classname="com.jack.task4.Cooley" name="run" time="1.586"/>
  <system-out/>
  <testcase classname="com.jack.task4.Cooley" name="run" time="1.617"/>
  <system-out/>
  <testcase classname="com.jack.task4.Cooley" name="run" time="3.067"/>
  <system-out/>
  <testcase classname="com.jack.task4.Cooley" name="run" time="2.501"/>
  <system-out/>
  <testcase classname="com.jack.task4.Cooley" name="run" time="1.754"/>
  <system-out/>
  <testcase classname="com.jack.task4.Cooley" name="run" time="1.866"/>
  <system-out/>
  <testcase classname="com.jack.task4.Cooley" name="run" time="1.645"/>
  <system-out/>
  <testcase classname="com.jack.task4.Cooley" name="run" time="1.664"/>
  <system-out/>
  <testcase classname="com.jack.task4.Cooley" name="run" time="1.047"/>
  <system-out/>
  <testcase classname="com.jack.task4.Cooley" name="run" time="1.743"/>
  <system-out/>
  <testcase classname="com.jack.task4.Cooley" name="run" time="4.610"/>
  <system-out/>
  <testcase classname="com.jack.task4.Cooley" name="run" time="2.078"/>
  <system-out/>
  <testcase classname="com.jack.task4.Cooley" name="run" time="1.750"/>
  <system-out/>
  <testcase classname="com.jack.task4.Cooley" name="run" time="1.768"/>
  <system-out/>
  <testcase classname="com.jack.task4.Cooley" name="run" time="2.328"/>
  <system-out/>
  <testcase classname="com.jack.task4.Cooley" name="run" time="1.784"/>
  <system-out/>
  <testcase classname="com.jack.task4.Cooley" name="run" time="1.657"/>
  <system-out/>
  <testcase classname="com.jack.task4.Cooley" name="run" time="1.391"/>
  <system-out/>
  <testcase classname="com.jack.task4.Cooley" name="run" time="1.631"/>
  <system-out/>
  <testcase classname="com.jack.task4.Cooley" name="run" time="1.671"/>
  <system-out/>
  <testcase classname="com.jack.task4.Cooley" name="run" time="1.161"/>
  <system-out/>
  <testcase classname="com.jack.task4.Cooley" name="run" time="1.696"/>
  <system-out/>
  <testcase classname="com.jack.task4.Cooley" name="run" time="1.821"/>
  <system-out/>
  <testcase classname="com.jack.task4.Cooley" name="run" time="1.447"/>
  <system-out/>
  <testcase classname="com.jack.task4.Cooley" name="run" time="1.082"/>
  <system-out/>
  <testcase classname="com.jack.task4.Cooley" name="run" time="1.646"/>
  <system-out/>
  <testcase classname="com.jack.task4.Cooley" name="run" time="1.750"/>
  <system-out/>
  <testcase classname="com.jack.task4.Cooley" name="run" time="1.132"/>
  <system-out/>
  <testcase classname="com.jack.task4.Cooley" name="run" time="1.924"/>
  <system-out/>
  <testcase classname="com.jack.task4.Cooley" name="run" time="2.502"/>
  <system-out/>
  <testcase classname="com.jack.task4.Cooley" name="run" time="2.089"/>
  <system-out/>
  <testcase classname="com.jack.task4.Cooley" name="run" time="1.670"/>
  <system-out/>
  <testcase classname="com.jack.task4.Cooley" name="run" time="2.075"/>
  <system-out/>
  <testcase classname="com.jack.task4.Cooley" name="run" time="1.445"/>
  <system-out/>
  <testcase classname="com.jack.task4.Cooley" name="run" time="1.403"/>
  <system-out/>
  <testcase classname="com.jack.task4.Cooley" name="run" time="2.799"/>
  <system-out/>
  <testcase classname="com.jack.task4.Cooley" name="run" time="1.542"/>
  <system-out/>
  <testcase classname="com.jack.task4.Cooley" name="run" time="1.772"/>
  <system-out/>
  <testcase classname="com.jack.task4.Cooley" name="run" time="1.437"/>
  <system-out/>
  <testcase classname="com.jack.task4.Cooley" name="run" time="1.561"/>
  <system-out/>
  <testcase classname="com.jack.task4.Cooley" name="run" time="3.459"/>
  <system-out/>
  <testcase classname="com.jack.task4.Cooley" name="run" time="2.414"/>
  <system-out/>
  <testcase classname="com.jack.task4.Cooley" name="run" time="1.794"/>
  <system-out/>
  <testcase classname="com.jack.task4.Cooley" name="run" time="1.611"/>
  <system-out/>
  <testcase classname="com.jack.task4.Cooley" name="run" time="3.449"/>
  <system-out/>
  <testcase classname="com.jack.task4.Cooley" name="run" time="1.421"/>
  <system-out/>
  <testcase classname="com.jack.task4.Cooley" name="run" time="5.605"/>
  <system-out/>
  <testcase classname="com.jack.task4.Cooley" name="run" time="1.436"/>
  <system-out/>
  <testcase classname="com.jack.task4.Cooley" name="run" time="1.692"/>
  <system-out/>
  <testcase classname="com.jack.task4.Cooley" name="run" time="1.608"/>
  <system-out/>
  <testcase classname="com.jack.task4.Cooley" name="run" time="1.685"/>
  <system-out/>
  <testcase classname="com.jack.task4.Cooley" name="run" time="2.713"/>
  <system-out/>
  <testcase classname="com.jack.task4.Cooley" name="run" time="1.167"/>
  <system-out/>
  <testcase classname="com.jack.task4.Cooley" name="run" time="1.962"/>
  <system-out/>
  <testcase classname="com.jack.task4.Cooley" name="run" time="1.116"/>
  <system-out/>
  <testcase classname="com.jack.task4.Cooley" name="run" time="0.972"/>
  <system-out/>
  <testcase classname="com.jack.task4.Cooley" name="run" time="1.479"/>
  <system-out/>
  <testcase classname="com.jack.task4.Cooley" name="run" time="1.837"/>
  <system-out/>
  <testcase classname="com.jack.task4.Cooley" name="run" time="1.057"/>
  <system-out/>
  <testcase classname="com.jack.task4.Cooley" name="run" time="1.753"/>
  <system-out/>
  <testcase classname="com.jack.task4.Cooley" name="run" time="1.924"/>
  <system-out/>
  <testcase classname="com.jack.task4.Cooley" name="run" time="1.661"/>
  <system-out/>
  <testcase classname="com.jack.task4.Cooley" name="run" time="1.551"/>
  <system-out/>
  <testcase classname="com.jack.task4.Cooley" name="run" time="1.867"/>
  <system-out/>
  <testcase classname="com.jack.task4.Cooley" name="run" time="1.607"/>
  <system-out/>
  <testcase classname="com.jack.task4.Cooley" name="run" time="1.424"/>
  <system-out/>
  <testcase classname="com.jack.task4.Cooley" name="run" time="1.067"/>
  <system-out/>
  <testcase classname="com.jack.task4.Cooley" name="run" time="1.115"/>
  <system-out/>
  <testcase classname="com.jack.task4.Cooley" name="run" time="1.691"/>
  <system-out/>
  <testcase classname="com.jack.task4.Cooley" name="run" time="1.676"/>
  <system-out/>
  <testcase classname="com.jack.task4.Cooley" name="run" time="1.480"/>
  <system-out/>
  <testcase classname="com.jack.task4.Cooley" name="run" time="1.660"/>
  <system-out/>
  <testcase classname="com.jack.task4.Cooley" name="run" time="1.480"/>
  <system-out/>
  <testcase classname="com.jack.task4.Cooley" name="run" time="1.310"/>
  <system-out/>
  <testcase classname="com.jack.task4.Cooley" name="run" time="1.738"/>
  <system-out/>
  <testcase classname="com.jack.task4.Cooley" name="run" time="1.501"/>
  <system-out/>
  <testcase classname="com.jack.task4.Cooley" name="run" time="1.533"/>
  <system-out/>
  <testcase classname="com.jack.task4.Cooley" name="run" time="1.691"/>
  <system-out/>
  <testcase classname="com.jack.task4.Cooley" name="run" time="4.804"/>
  <system-out/>
  <testcase classname="com.jack.task4.Cooley" name="run" time="2.741"/>
  <system-out/>
  <testcase classname="com.jack.task4.Cooley" name="run" time="3.995"/>
  <system-out/>
  <testcase classname="com.jack.task4.Cooley" name="run" time="1.415"/>
  <system-out/>
  <testcase classname="com.jack.task4.Cooley" name="run" time="1.504"/>
  <system-out/>
  <testcase classname="com.jack.task4.Cooley" name="run" time="2.951"/>
  <system-out/>
  <testcase classname="com.jack.task4.Cooley" name="run" time="1.616"/>
  <system-out/>
  <testcase classname="com.jack.task4.Cooley" name="run" time="1.505"/>
  <system-out/>
  <testcase classname="com.jack.task4.Cooley" name="run" time="2.074"/>
  <system-out/>
  <testcase classname="com.jack.task4.Cooley" name="run" time="1.613"/>
  <system-out/>
  <testcase classname="com.jack.task4.Cooley" name="run" time="2.175"/>
  <system-out/>
  <testcase classname="com.jack.task4.Cooley" name="run" time="1.239"/>
  <system-out/>
  <testcase classname="com.jack.task4.Cooley" name="run" time="1.088"/>
  <system-out/>
  <testcase classname="com.jack.task4.Cooley" name="run" time="1.033"/>
  <system-out/>
  <testcase classname="com.jack.task4.Cooley" name="run" time="1.601"/>
  <system-out/>
  <testcase classname="com.jack.task4.Cooley" name="run" time="1.710"/>
  <system-out/>
  <testcase classname="com.jack.task4.Cooley" name="run" time="2.339"/>
  <system-out/>
  <testcase classname="com.jack.task4.Cooley" name="run" time="2.619"/>
  <system-out/>
  <testcase classname="com.jack.task4.Cooley" name="run" time="2.290"/>
  <system-out/>
  <testcase classname="com.jack.task4.Cooley" name="run" time="2.149"/>
  <system-out/>
  <testcase classname="com.jack.task4.Cooley" name="run" time="1.491"/>
  <system-out/>
  <testcase classname="com.jack.task4.Cooley" name="run" time="2.431"/>
  <system-out/>
  <testcase classname="com.jack.task4.Cooley" name="run" time="1.581"/>
  <system-out/>
  <testcase classname="com.jack.task4.Cooley" name="run" time="1.457"/>
  <system-out/>
  <testcase classname="com.jack.task4.Cooley" name="run" time="1.340"/>
  <system-out/>
  <testcase classname="com.jack.task4.Cooley" name="run" time="1.467"/>
  <system-out/>
  <testcase classname="com.jack.task4.Cooley" name="run" time="1.024"/>
  <system-out/>
  <testcase classname="com.jack.task4.Cooley" name="run" time="4.040"/>
  <system-out/>
  <testcase classname="com.jack.task4.Cooley" name="run" time="1.751"/>
  <system-out/>
  <testcase classname="com.jack.task4.Cooley" name="run" time="1.414"/>
  <system-out/>
  <testcase classname="com.jack.task4.Cooley" name="run" time="1.755"/>
  <system-out/>
  <testcase classname="com.jack.task4.Cooley" name="testx" time="0.000"/>
  <system-out/>
  <testcase classname="com.jack.task4.Cooley" name="run" time="1.424"/>
  <system-out/>
  <testcase classname="com.jack.task4.Cooley" name="run" time="1.393"/>
  <system-out/>
  <testcase classname="com.jack.task4.Cooley" name="run" time="2.074"/>
  <system-out/>
  <testcase classname="com.jack.task4.Cooley" name="run" time="2.536"/>
  <system-out/>
  <testcase classname="com.jack.task4.Cooley" name="run" time="4.326"/>
  <system-out/>
  <testcase classname="com.jack.task4.Cooley" name="run" time="1.688"/>
  <system-out/>
  <testcase classname="com.jack.task4.Cooley" name="run" time="1.447"/>
  <system-out/>
  <testcase classname="com.jack.task4.Cooley" name="run" time="2.358"/>
  <system-out/>
  <testcase classname="com.jack.task4.Cooley" name="run" time="3.211"/>
  <system-out/>
  <testcase classname="com.jack.task4.Cooley" name="run" time="1.502"/>
  <system-out/>
  <testcase classname="com.jack.task4.Cooley" name="run" time="1.677"/>
  <system-out/>
  <testcase classname="com.jack.task4.Cooley" name="run" time="1.594"/>
  <system-out/>
  <testcase classname="com.jack.task4.Cooley" name="run" time="1.591"/>
  <system-out/>
  <testcase classname="com.jack.task4.Cooley" name="run" time="1.468"/>
  <system-out/>
  <testcase classname="com.jack.task4.Cooley" name="run" time="2.636"/>
  <system-out/>
  <testcase classname="com.jack.task4.Cooley" name="run" time="1.656"/>
  <system-out/>
  <testcase classname="com.jack.task4.Cooley" name="run" time="1.535"/>
  <system-out/>
  <testcase classname="com.jack.task4.Cooley" name="run" time="1.642"/>
  <system-out/>
  <testcase classname="com.jack.task4.Cooley" name="run" time="1.085"/>
  <system-out/>
  <testcase classname="com.jack.task4.Cooley" name="run" time="1.487"/>
  <system-out/>
  <testcase classname="com.jack.task4.Cooley" name="run" time="1.459"/>
  <system-out/>
  <testcase classname="com.jack.task4.Cooley" name="run" time="1.453"/>
  <system-out/>
  <testcase classname="com.jack.task4.Cooley" name="run" time="0.045">
    <error message="invalid argument
  (Session info: MicrosoftEdge=111.0.1661.54)
Build info: version: &#039;4.8.1&#039;, revision: &#039;8ebccac989&#039;
System info: os.name: &#039;Windows 10&#039;, os.arch: &#039;amd64&#039;, os.version: &#039;10.0&#039;, java.version: &#039;11.0.17&#039;
Driver info: org.openqa.selenium.edge.EdgeDriver
Command: [d17d2f06b8239f8bc8f1152aa12c87f8, get {url=jrandall@cooley.com}]
Capabilities {acceptInsecureCerts: false, browserName: msedge, browserVersion: 111.0.1661.54, ms:edgeOptions: {debuggerAddress: localhost:5000}, msedge: {msedgedriverVersion: 111.0.1661.62 (0a8f453929e6..., userDataDir: C:\Users\Asus\AppData\Local...}, networkConnectionEnabled: false, pageLoadStrategy: normal, platformName: WINDOWS, proxy: Proxy(), se:cdp: ws://localhost:5000/devtool..., se:cdpVersion: 111.0.1661.54, setWindowRect: true, strictFileInteractability: false, timeouts: {implicit: 0, pageLoad: 300000, script: 30000}, unhandledPromptBehavior: dismiss and notify, webauthn:extension:credBlob: true, webauthn:extension:largeBlob: true, webauthn:extension:minPinLength: true, webauthn:extension:prf: true, webauthn:virtualAuthenticators: true}
Session ID: d17d2f06b8239f8bc8f1152aa12c87f8" type="org.openqa.selenium.InvalidArgumentException">
      <![CDATA[org.openqa.selenium.InvalidArgumentException: invalid argument
  (Session info: MicrosoftEdge=111.0.1661.54)
Build info: version: '4.8.1', revision: '8ebccac989'
System info: os.name: 'Windows 10', os.arch: 'amd64', os.version: '10.0', java.version: '11.0.17'
Driver info: org.openqa.selenium.edge.EdgeDriver
Command: [d17d2f06b8239f8bc8f1152aa12c87f8, get {url=jrandall@cooley.com}]
Capabilities {acceptInsecureCerts: false, browserName: msedge, browserVersion: 111.0.1661.54, ms:edgeOptions: {debuggerAddress: localhost:5000}, msedge: {msedgedriverVersion: 111.0.1661.62 (0a8f453929e6..., userDataDir: C:\Users\Asus\AppData\Local...}, networkConnectionEnabled: false, pageLoadStrategy: normal, platformName: WINDOWS, proxy: Proxy(), se:cdp: ws://localhost:5000/devtool..., se:cdpVersion: 111.0.1661.54, setWindowRect: true, strictFileInteractability: false, timeouts: {implicit: 0, pageLoad: 300000, script: 30000}, unhandledPromptBehavior: dismiss and notify, webauthn:extension:credBlob: true, webauthn:extension:largeBlob: true, webauthn:extension:minPinLength: true, webauthn:extension:prf: true, webauthn:virtualAuthenticators: true}
Session ID: d17d2f06b8239f8bc8f1152aa12c87f8
at java.base/jdk.internal.reflect.NativeConstructorAccessorImpl.newInstance0(Native Method)
at java.base/jdk.internal.reflect.NativeConstructorAccessorImpl.newInstance(NativeConstructorAccessorImpl.java:62)
at java.base/jdk.internal.reflect.DelegatingConstructorAccessorImpl.newInstance(DelegatingConstructorAccessorImpl.java:45)
at java.base/java.lang.reflect.Constructor.newInstance(Constructor.java:490)
at org.openqa.selenium.remote.codec.w3c.W3CHttpResponseCodec.createException(W3CHttpResponseCodec.java:200)
at org.openqa.selenium.remote.codec.w3c.W3CHttpResponseCodec.decode(W3CHttpResponseCodec.java:133)
at org.openqa.selenium.remote.codec.w3c.W3CHttpResponseCodec.decode(W3CHttpResponseCodec.java:53)
at org.openqa.selenium.remote.HttpCommandExecutor.execute(HttpCommandExecutor.java:184)
at org.openqa.selenium.remote.service.DriverCommandExecutor.invokeExecute(DriverCommandExecutor.java:167)
at org.openqa.selenium.remote.service.DriverCommandExecutor.execute(DriverCommandExecutor.java:142)
at org.openqa.selenium.remote.RemoteWebDriver.execute(RemoteWebDriver.java:543)
at org.openqa.selenium.remote.RemoteWebDriver.get(RemoteWebDriver.java:297)
at com.jack.task4.Cooley.run(Cooley.java:61)
at jdk.internal.reflect.GeneratedMethodAccessor1.invoke(Unknown Source)
at java.base/jdk.internal.reflect.DelegatingMethodAccessorImpl.invoke(DelegatingMethodAccessorImpl.java:43)
at java.base/java.lang.reflect.Method.invoke(Method.java:566)
at org.testng.internal.invokers.MethodInvocationHelper.invokeMethod(MethodInvocationHelper.java:139)
at org.testng.internal.invokers.TestInvoker.invokeMethod(TestInvoker.java:677)
at org.testng.internal.invokers.TestInvoker.invokeTestMethod(TestInvoker.java:221)
at org.testng.internal.invokers.MethodRunner.runInSequence(MethodRunner.java:50)
at org.testng.internal.invokers.TestInvoker$MethodInvocationAgent.invoke(TestInvoker.java:969)
at org.testng.internal.invokers.TestInvoker.invokeTestMethods(TestInvoker.java:194)
at org.testng.internal.invokers.TestMethodWorker.invokeTestMethods(TestMethodWorker.java:148)
at org.testng.internal.invokers.TestMethodWorker.run(TestMethodWorker.java:128)
at java.base/java.util.ArrayList.forEach(ArrayList.java:1541)
at org.testng.TestRunner.privateRun(TestRunner.java:829)
at org.testng.TestRunner.run(TestRunner.java:602)
at org.testng.SuiteRunner.runTest(SuiteRunner.java:437)
at org.testng.SuiteRunner.runSequentially(SuiteRunner.java:431)
at org.testng.SuiteRunner.privateRun(SuiteRunner.java:391)
at org.testng.SuiteRunner.run(SuiteRunner.java:330)
at org.testng.SuiteRunnerWorker.runSuite(SuiteRunnerWorker.java:52)
at org.testng.SuiteRunnerWorker.run(SuiteRunnerWorker.java:95)
at org.testng.TestNG.runSuitesSequentially(TestNG.java:1256)
at org.testng.TestNG.runSuitesLocally(TestNG.java:1176)
at org.testng.TestNG.runSuites(TestNG.java:1099)
at org.testng.TestNG.run(TestNG.java:1067)
at org.testng.remote.AbstractRemoteTestNG.run(AbstractRemoteTestNG.java:115)
at org.testng.remote.RemoteTestNG.initAndRun(RemoteTestNG.java:251)
at org.testng.remote.RemoteTestNG.main(RemoteTestNG.java:77)
]]>
    </error>
  </testcase> <!-- run -->
  <system-out/>
  <testcase classname="com.jack.task4.Cooley" name="run" time="1.497"/>
  <system-out/>
  <testcase classname="com.jack.task4.Cooley" name="run" time="1.965"/>
  <system-out/>
  <testcase classname="com.jack.task4.Cooley" name="run" time="1.683"/>
  <system-out/>
  <testcase classname="com.jack.task4.Cooley" name="run" time="2.118"/>
  <system-out/>
  <testcase classname="com.jack.task4.Cooley" name="run" time="1.737"/>
  <system-out/>
  <testcase classname="com.jack.task4.Cooley" name="run" time="2.387"/>
  <system-out/>
  <testcase classname="com.jack.task4.Cooley" name="run" time="1.421"/>
  <system-out/>
  <testcase classname="com.jack.task4.Cooley" name="run" time="1.101"/>
  <system-out/>
  <testcase classname="com.jack.task4.Cooley" name="run" time="1.199"/>
  <system-out/>
  <testcase classname="com.jack.task4.Cooley" name="run" time="1.248"/>
  <system-out/>
  <testcase classname="com.jack.task4.Cooley" name="run" time="1.626"/>
  <system-out/>
  <testcase classname="com.jack.task4.Cooley" name="run" time="2.458"/>
  <system-out/>
  <testcase classname="com.jack.task4.Cooley" name="run" time="1.330"/>
  <system-out/>
  <testcase classname="com.jack.task4.Cooley" name="run" time="2.385"/>
  <system-out/>
  <testcase classname="com.jack.task4.Cooley" name="run" time="1.340"/>
  <system-out/>
  <testcase classname="com.jack.task4.Cooley" name="run" time="1.543"/>
  <system-out/>
  <testcase classname="com.jack.task4.Cooley" name="run" time="1.470"/>
  <system-out/>
  <testcase classname="com.jack.task4.Cooley" name="run" time="1.909"/>
  <system-out/>
  <testcase classname="com.jack.task4.Cooley" name="run" time="2.096"/>
  <system-out/>
</testsuite> <!-- com.jack.task4.Cooley -->
