<?xml version="1.0" encoding="UTF-8"?>
<!-- Generated by org.testng.reporters.JUnitReportReporter -->
<testsuite hostname="DESKTOP-89RDKF8" failures="0" tests="1070" name="com.jack.task.Stblaw" time="6295.258" errors="0" timestamp="2022-12-25T20:22:16 BDT" skipped="0">
  <testcase classname="com.jack.task.Stblaw" name="run" time="4.703"/>
  <system-out/>
  <testcase classname="com.jack.task.Stblaw" name="run" time="4.194"/>
  <system-out/>
  <testcase classname="com.jack.task.Stblaw" name="run" time="3.162"/>
  <system-out/>
  <testcase classname="com.jack.task.Stblaw" name="run" time="5.288"/>
  <system-out/>
  <testcase classname="com.jack.task.Stblaw" name="run" time="4.698"/>
  <system-out/>
  <testcase classname="com.jack.task.Stblaw" name="run" time="5.581"/>
  <system-out/>
  <testcase classname="com.jack.task.Stblaw" name="run" time="4.621"/>
  <system-out/>
  <testcase classname="com.jack.task.Stblaw" name="run" time="4.384"/>
  <system-out/>
  <testcase classname="com.jack.task.Stblaw" name="run" time="6.827"/>
  <system-out/>
  <testcase classname="com.jack.task.Stblaw" name="run" time="5.080"/>
  <system-out/>
  <testcase classname="com.jack.task.Stblaw" name="run" time="7.826"/>
  <system-out/>
  <testcase classname="com.jack.task.Stblaw" name="run" time="6.035"/>
  <system-out/>
  <testcase classname="com.jack.task.Stblaw" name="run" time="3.844"/>
  <system-out/>
  <testcase classname="com.jack.task.Stblaw" name="run" time="7.507"/>
  <system-out/>
  <testcase classname="com.jack.task.Stblaw" name="run" time="11.639"/>
  <system-out/>
  <testcase classname="com.jack.task.Stblaw" name="run" time="5.948"/>
  <system-out/>
  <testcase classname="com.jack.task.Stblaw" name="run" time="8.671"/>
  <system-out/>
  <testcase classname="com.jack.task.Stblaw" name="run" time="4.625"/>
  <system-out/>
  <testcase classname="com.jack.task.Stblaw" name="run" time="5.339"/>
  <system-out/>
  <testcase classname="com.jack.task.Stblaw" name="run" time="5.285"/>
  <system-out/>
  <testcase classname="com.jack.task.Stblaw" name="run" time="5.018"/>
  <system-out/>
  <testcase classname="com.jack.task.Stblaw" name="run" time="6.392"/>
  <system-out/>
  <testcase classname="com.jack.task.Stblaw" name="run" time="6.117"/>
  <system-out/>
  <testcase classname="com.jack.task.Stblaw" name="run" time="5.049"/>
  <system-out/>
  <testcase classname="com.jack.task.Stblaw" name="run" time="6.844"/>
  <system-out/>
  <testcase classname="com.jack.task.Stblaw" name="run" time="5.710"/>
  <system-out/>
  <testcase classname="com.jack.task.Stblaw" name="run" time="15.238"/>
  <system-out/>
  <testcase classname="com.jack.task.Stblaw" name="run" time="3.892"/>
  <system-out/>
  <testcase classname="com.jack.task.Stblaw" name="run" time="8.596"/>
  <system-out/>
  <testcase classname="com.jack.task.Stblaw" name="run" time="6.130"/>
  <system-out/>
  <testcase classname="com.jack.task.Stblaw" name="run" time="6.127"/>
  <system-out/>
  <testcase classname="com.jack.task.Stblaw" name="run" time="6.984"/>
  <system-out/>
  <testcase classname="com.jack.task.Stblaw" name="run" time="3.133"/>
  <system-out/>
  <testcase classname="com.jack.task.Stblaw" name="run" time="4.079"/>
  <system-out/>
  <testcase classname="com.jack.task.Stblaw" name="run" time="4.783"/>
  <system-out/>
  <testcase classname="com.jack.task.Stblaw" name="run" time="6.277"/>
  <system-out/>
  <testcase classname="com.jack.task.Stblaw" name="run" time="5.827"/>
  <system-out/>
  <testcase classname="com.jack.task.Stblaw" name="run" time="6.229"/>
  <system-out/>
  <testcase classname="com.jack.task.Stblaw" name="run" time="5.634"/>
  <system-out/>
  <testcase classname="com.jack.task.Stblaw" name="run" time="4.256"/>
  <system-out/>
  <testcase classname="com.jack.task.Stblaw" name="run" time="5.232"/>
  <system-out/>
  <testcase classname="com.jack.task.Stblaw" name="run" time="3.479"/>
  <system-out/>
  <testcase classname="com.jack.task.Stblaw" name="run" time="7.301"/>
  <system-out/>
  <testcase classname="com.jack.task.Stblaw" name="run" time="3.782"/>
  <system-out/>
  <testcase classname="com.jack.task.Stblaw" name="run" time="3.792"/>
  <system-out/>
  <testcase classname="com.jack.task.Stblaw" name="run" time="6.579"/>
  <system-out/>
  <testcase classname="com.jack.task.Stblaw" name="run" time="10.242"/>
  <system-out/>
  <testcase classname="com.jack.task.Stblaw" name="run" time="21.543"/>
  <system-out/>
  <testcase classname="com.jack.task.Stblaw" name="run" time="4.225"/>
  <system-out/>
  <testcase classname="com.jack.task.Stblaw" name="run" time="5.056"/>
  <system-out/>
  <testcase classname="com.jack.task.Stblaw" name="run" time="6.330"/>
  <system-out/>
  <testcase classname="com.jack.task.Stblaw" name="run" time="4.385"/>
  <system-out/>
  <testcase classname="com.jack.task.Stblaw" name="run" time="3.110"/>
  <system-out/>
  <testcase classname="com.jack.task.Stblaw" name="run" time="8.626"/>
  <system-out/>
  <testcase classname="com.jack.task.Stblaw" name="run" time="6.858"/>
  <system-out/>
  <testcase classname="com.jack.task.Stblaw" name="run" time="7.129"/>
  <system-out/>
  <testcase classname="com.jack.task.Stblaw" name="run" time="3.484"/>
  <system-out/>
  <testcase classname="com.jack.task.Stblaw" name="run" time="3.562"/>
  <system-out/>
  <testcase classname="com.jack.task.Stblaw" name="run" time="9.453"/>
  <system-out/>
  <testcase classname="com.jack.task.Stblaw" name="run" time="5.116"/>
  <system-out/>
  <testcase classname="com.jack.task.Stblaw" name="run" time="5.072"/>
  <system-out/>
  <testcase classname="com.jack.task.Stblaw" name="run" time="4.729"/>
  <system-out/>
  <testcase classname="com.jack.task.Stblaw" name="run" time="8.076"/>
  <system-out/>
  <testcase classname="com.jack.task.Stblaw" name="run" time="5.287"/>
  <system-out/>
  <testcase classname="com.jack.task.Stblaw" name="run" time="7.530"/>
  <system-out/>
  <testcase classname="com.jack.task.Stblaw" name="run" time="5.877"/>
  <system-out/>
  <testcase classname="com.jack.task.Stblaw" name="run" time="4.339"/>
  <system-out/>
  <testcase classname="com.jack.task.Stblaw" name="run" time="4.361"/>
  <system-out/>
  <testcase classname="com.jack.task.Stblaw" name="run" time="21.412"/>
  <system-out/>
  <testcase classname="com.jack.task.Stblaw" name="run" time="3.392"/>
  <system-out/>
  <testcase classname="com.jack.task.Stblaw" name="run" time="7.951"/>
  <system-out/>
  <testcase classname="com.jack.task.Stblaw" name="run" time="4.567"/>
  <system-out/>
  <testcase classname="com.jack.task.Stblaw" name="run" time="6.025"/>
  <system-out/>
  <testcase classname="com.jack.task.Stblaw" name="run" time="3.972"/>
  <system-out/>
  <testcase classname="com.jack.task.Stblaw" name="run" time="5.965"/>
  <system-out/>
  <testcase classname="com.jack.task.Stblaw" name="run" time="6.602"/>
  <system-out/>
  <testcase classname="com.jack.task.Stblaw" name="run" time="4.931"/>
  <system-out/>
  <testcase classname="com.jack.task.Stblaw" name="run" time="4.425"/>
  <system-out/>
  <testcase classname="com.jack.task.Stblaw" name="run" time="7.823"/>
  <system-out/>
  <testcase classname="com.jack.task.Stblaw" name="run" time="6.761"/>
  <system-out/>
  <testcase classname="com.jack.task.Stblaw" name="run" time="5.132"/>
  <system-out/>
  <testcase classname="com.jack.task.Stblaw" name="run" time="7.484"/>
  <system-out/>
  <testcase classname="com.jack.task.Stblaw" name="run" time="4.980"/>
  <system-out/>
  <testcase classname="com.jack.task.Stblaw" name="run" time="5.897"/>
  <system-out/>
  <testcase classname="com.jack.task.Stblaw" name="run" time="6.480"/>
  <system-out/>
  <testcase classname="com.jack.task.Stblaw" name="run" time="11.253"/>
  <system-out/>
  <testcase classname="com.jack.task.Stblaw" name="run" time="6.157"/>
  <system-out/>
  <testcase classname="com.jack.task.Stblaw" name="run" time="4.823"/>
  <system-out/>
  <testcase classname="com.jack.task.Stblaw" name="run" time="9.994"/>
  <system-out/>
  <testcase classname="com.jack.task.Stblaw" name="run" time="6.501"/>
  <system-out/>
  <testcase classname="com.jack.task.Stblaw" name="run" time="5.853"/>
  <system-out/>
  <testcase classname="com.jack.task.Stblaw" name="run" time="6.126"/>
  <system-out/>
  <testcase classname="com.jack.task.Stblaw" name="run" time="7.873"/>
  <system-out/>
  <testcase classname="com.jack.task.Stblaw" name="run" time="7.167"/>
  <system-out/>
  <testcase classname="com.jack.task.Stblaw" name="run" time="11.523"/>
  <system-out/>
  <testcase classname="com.jack.task.Stblaw" name="run" time="7.517"/>
  <system-out/>
  <testcase classname="com.jack.task.Stblaw" name="run" time="5.048"/>
  <system-out/>
  <testcase classname="com.jack.task.Stblaw" name="run" time="3.286"/>
  <system-out/>
  <testcase classname="com.jack.task.Stblaw" name="run" time="8.828"/>
  <system-out/>
  <testcase classname="com.jack.task.Stblaw" name="run" time="7.841"/>
  <system-out/>
  <testcase classname="com.jack.task.Stblaw" name="run" time="4.749"/>
  <system-out/>
  <testcase classname="com.jack.task.Stblaw" name="run" time="3.914"/>
  <system-out/>
  <testcase classname="com.jack.task.Stblaw" name="run" time="3.675"/>
  <system-out/>
  <testcase classname="com.jack.task.Stblaw" name="run" time="5.055"/>
  <system-out/>
  <testcase classname="com.jack.task.Stblaw" name="run" time="6.742"/>
  <system-out/>
  <testcase classname="com.jack.task.Stblaw" name="run" time="7.588"/>
  <system-out/>
  <testcase classname="com.jack.task.Stblaw" name="run" time="6.789"/>
  <system-out/>
  <testcase classname="com.jack.task.Stblaw" name="run" time="8.770"/>
  <system-out/>
  <testcase classname="com.jack.task.Stblaw" name="run" time="6.533"/>
  <system-out/>
  <testcase classname="com.jack.task.Stblaw" name="run" time="5.468"/>
  <system-out/>
  <testcase classname="com.jack.task.Stblaw" name="run" time="44.245"/>
  <system-out/>
  <testcase classname="com.jack.task.Stblaw" name="run" time="4.992"/>
  <system-out/>
  <testcase classname="com.jack.task.Stblaw" name="run" time="4.474"/>
  <system-out/>
  <testcase classname="com.jack.task.Stblaw" name="run" time="4.584"/>
  <system-out/>
  <testcase classname="com.jack.task.Stblaw" name="run" time="6.725"/>
  <system-out/>
  <testcase classname="com.jack.task.Stblaw" name="run" time="4.889"/>
  <system-out/>
  <testcase classname="com.jack.task.Stblaw" name="run" time="7.879"/>
  <system-out/>
  <testcase classname="com.jack.task.Stblaw" name="run" time="6.797"/>
  <system-out/>
  <testcase classname="com.jack.task.Stblaw" name="run" time="6.814"/>
  <system-out/>
  <testcase classname="com.jack.task.Stblaw" name="run" time="5.137"/>
  <system-out/>
  <testcase classname="com.jack.task.Stblaw" name="run" time="4.955"/>
  <system-out/>
  <testcase classname="com.jack.task.Stblaw" name="run" time="14.972"/>
  <system-out/>
  <testcase classname="com.jack.task.Stblaw" name="run" time="5.482"/>
  <system-out/>
  <testcase classname="com.jack.task.Stblaw" name="run" time="5.271"/>
  <system-out/>
  <testcase classname="com.jack.task.Stblaw" name="run" time="4.212"/>
  <system-out/>
  <testcase classname="com.jack.task.Stblaw" name="run" time="4.474"/>
  <system-out/>
  <testcase classname="com.jack.task.Stblaw" name="run" time="7.240"/>
  <system-out/>
  <testcase classname="com.jack.task.Stblaw" name="run" time="7.603"/>
  <system-out/>
  <testcase classname="com.jack.task.Stblaw" name="run" time="6.504"/>
  <system-out/>
  <testcase classname="com.jack.task.Stblaw" name="run" time="6.824"/>
  <system-out/>
  <testcase classname="com.jack.task.Stblaw" name="run" time="8.421"/>
  <system-out/>
  <testcase classname="com.jack.task.Stblaw" name="run" time="5.421"/>
  <system-out/>
  <testcase classname="com.jack.task.Stblaw" name="run" time="5.396"/>
  <system-out/>
  <testcase classname="com.jack.task.Stblaw" name="run" time="4.984"/>
  <system-out/>
  <testcase classname="com.jack.task.Stblaw" name="run" time="4.352"/>
  <system-out/>
  <testcase classname="com.jack.task.Stblaw" name="run" time="4.579"/>
  <system-out/>
  <testcase classname="com.jack.task.Stblaw" name="run" time="5.452"/>
  <system-out/>
  <testcase classname="com.jack.task.Stblaw" name="run" time="4.792"/>
  <system-out/>
  <testcase classname="com.jack.task.Stblaw" name="run" time="4.728"/>
  <system-out/>
  <testcase classname="com.jack.task.Stblaw" name="run" time="3.762"/>
  <system-out/>
  <testcase classname="com.jack.task.Stblaw" name="run" time="3.549"/>
  <system-out/>
  <testcase classname="com.jack.task.Stblaw" name="run" time="4.519"/>
  <system-out/>
  <testcase classname="com.jack.task.Stblaw" name="run" time="7.347"/>
  <system-out/>
  <testcase classname="com.jack.task.Stblaw" name="run" time="4.140"/>
  <system-out/>
  <testcase classname="com.jack.task.Stblaw" name="run" time="5.541"/>
  <system-out/>
  <testcase classname="com.jack.task.Stblaw" name="run" time="7.392"/>
  <system-out/>
  <testcase classname="com.jack.task.Stblaw" name="run" time="7.073"/>
  <system-out/>
  <testcase classname="com.jack.task.Stblaw" name="run" time="6.203"/>
  <system-out/>
  <testcase classname="com.jack.task.Stblaw" name="run" time="4.418"/>
  <system-out/>
  <testcase classname="com.jack.task.Stblaw" name="run" time="6.484"/>
  <system-out/>
  <testcase classname="com.jack.task.Stblaw" name="run" time="6.314"/>
  <system-out/>
  <testcase classname="com.jack.task.Stblaw" name="run" time="6.224"/>
  <system-out/>
  <testcase classname="com.jack.task.Stblaw" name="run" time="8.623"/>
  <system-out/>
  <testcase classname="com.jack.task.Stblaw" name="run" time="3.053"/>
  <system-out/>
  <testcase classname="com.jack.task.Stblaw" name="run" time="4.821"/>
  <system-out/>
  <testcase classname="com.jack.task.Stblaw" name="run" time="4.243"/>
  <system-out/>
  <testcase classname="com.jack.task.Stblaw" name="run" time="7.367"/>
  <system-out/>
  <testcase classname="com.jack.task.Stblaw" name="run" time="7.174"/>
  <system-out/>
  <testcase classname="com.jack.task.Stblaw" name="run" time="5.295"/>
  <system-out/>
  <testcase classname="com.jack.task.Stblaw" name="run" time="4.500"/>
  <system-out/>
  <testcase classname="com.jack.task.Stblaw" name="run" time="9.943"/>
  <system-out/>
  <testcase classname="com.jack.task.Stblaw" name="run" time="6.732"/>
  <system-out/>
  <testcase classname="com.jack.task.Stblaw" name="run" time="3.866"/>
  <system-out/>
  <testcase classname="com.jack.task.Stblaw" name="run" time="3.859"/>
  <system-out/>
  <testcase classname="com.jack.task.Stblaw" name="run" time="4.179"/>
  <system-out/>
  <testcase classname="com.jack.task.Stblaw" name="run" time="7.422"/>
  <system-out/>
  <testcase classname="com.jack.task.Stblaw" name="run" time="6.368"/>
  <system-out/>
  <testcase classname="com.jack.task.Stblaw" name="run" time="6.484"/>
  <system-out/>
  <testcase classname="com.jack.task.Stblaw" name="run" time="6.947"/>
  <system-out/>
  <testcase classname="com.jack.task.Stblaw" name="run" time="7.282"/>
  <system-out/>
  <testcase classname="com.jack.task.Stblaw" name="run" time="7.102"/>
  <system-out/>
  <testcase classname="com.jack.task.Stblaw" name="run" time="4.416"/>
  <system-out/>
  <testcase classname="com.jack.task.Stblaw" name="run" time="3.668"/>
  <system-out/>
  <testcase classname="com.jack.task.Stblaw" name="run" time="3.585"/>
  <system-out/>
  <testcase classname="com.jack.task.Stblaw" name="run" time="6.215"/>
  <system-out/>
  <testcase classname="com.jack.task.Stblaw" name="run" time="4.331"/>
  <system-out/>
  <testcase classname="com.jack.task.Stblaw" name="run" time="5.865"/>
  <system-out/>
  <testcase classname="com.jack.task.Stblaw" name="run" time="3.901"/>
  <system-out/>
  <testcase classname="com.jack.task.Stblaw" name="run" time="6.889"/>
  <system-out/>
  <testcase classname="com.jack.task.Stblaw" name="run" time="7.061"/>
  <system-out/>
  <testcase classname="com.jack.task.Stblaw" name="run" time="4.497"/>
  <system-out/>
  <testcase classname="com.jack.task.Stblaw" name="run" time="5.002"/>
  <system-out/>
  <testcase classname="com.jack.task.Stblaw" name="run" time="4.111"/>
  <system-out/>
  <testcase classname="com.jack.task.Stblaw" name="run" time="6.101"/>
  <system-out/>
  <testcase classname="com.jack.task.Stblaw" name="run" time="12.182"/>
  <system-out/>
  <testcase classname="com.jack.task.Stblaw" name="run" time="5.468"/>
  <system-out/>
  <testcase classname="com.jack.task.Stblaw" name="run" time="4.934"/>
  <system-out/>
  <testcase classname="com.jack.task.Stblaw" name="run" time="8.074"/>
  <system-out/>
  <testcase classname="com.jack.task.Stblaw" name="run" time="6.149"/>
  <system-out/>
  <testcase classname="com.jack.task.Stblaw" name="run" time="3.637"/>
  <system-out/>
  <testcase classname="com.jack.task.Stblaw" name="run" time="5.088"/>
  <system-out/>
  <testcase classname="com.jack.task.Stblaw" name="run" time="8.297"/>
  <system-out/>
  <testcase classname="com.jack.task.Stblaw" name="run" time="7.294"/>
  <system-out/>
  <testcase classname="com.jack.task.Stblaw" name="run" time="6.266"/>
  <system-out/>
  <testcase classname="com.jack.task.Stblaw" name="run" time="6.168"/>
  <system-out/>
  <testcase classname="com.jack.task.Stblaw" name="run" time="6.186"/>
  <system-out/>
  <testcase classname="com.jack.task.Stblaw" name="run" time="9.648"/>
  <system-out/>
  <testcase classname="com.jack.task.Stblaw" name="run" time="4.653"/>
  <system-out/>
  <testcase classname="com.jack.task.Stblaw" name="run" time="4.755"/>
  <system-out/>
  <testcase classname="com.jack.task.Stblaw" name="run" time="3.701"/>
  <system-out/>
  <testcase classname="com.jack.task.Stblaw" name="run" time="8.542"/>
  <system-out/>
  <testcase classname="com.jack.task.Stblaw" name="run" time="5.845"/>
  <system-out/>
  <testcase classname="com.jack.task.Stblaw" name="run" time="6.501"/>
  <system-out/>
  <testcase classname="com.jack.task.Stblaw" name="run" time="3.307"/>
  <system-out/>
  <testcase classname="com.jack.task.Stblaw" name="run" time="5.388"/>
  <system-out/>
  <testcase classname="com.jack.task.Stblaw" name="run" time="6.806"/>
  <system-out/>
  <testcase classname="com.jack.task.Stblaw" name="run" time="4.954"/>
  <system-out/>
  <testcase classname="com.jack.task.Stblaw" name="run" time="4.856"/>
  <system-out/>
  <testcase classname="com.jack.task.Stblaw" name="run" time="3.709"/>
  <system-out/>
  <testcase classname="com.jack.task.Stblaw" name="run" time="4.186"/>
  <system-out/>
  <testcase classname="com.jack.task.Stblaw" name="run" time="4.249"/>
  <system-out/>
  <testcase classname="com.jack.task.Stblaw" name="run" time="9.237"/>
  <system-out/>
  <testcase classname="com.jack.task.Stblaw" name="run" time="7.786"/>
  <system-out/>
  <testcase classname="com.jack.task.Stblaw" name="run" time="7.816"/>
  <system-out/>
  <testcase classname="com.jack.task.Stblaw" name="run" time="5.905"/>
  <system-out/>
  <testcase classname="com.jack.task.Stblaw" name="run" time="6.136"/>
  <system-out/>
  <testcase classname="com.jack.task.Stblaw" name="run" time="5.072"/>
  <system-out/>
  <testcase classname="com.jack.task.Stblaw" name="run" time="7.973"/>
  <system-out/>
  <testcase classname="com.jack.task.Stblaw" name="run" time="4.304"/>
  <system-out/>
  <testcase classname="com.jack.task.Stblaw" name="run" time="3.583"/>
  <system-out/>
  <testcase classname="com.jack.task.Stblaw" name="run" time="7.692"/>
  <system-out/>
  <testcase classname="com.jack.task.Stblaw" name="run" time="4.062"/>
  <system-out/>
  <testcase classname="com.jack.task.Stblaw" name="run" time="4.307"/>
  <system-out/>
  <testcase classname="com.jack.task.Stblaw" name="run" time="4.411"/>
  <system-out/>
  <testcase classname="com.jack.task.Stblaw" name="run" time="7.465"/>
  <system-out/>
  <testcase classname="com.jack.task.Stblaw" name="run" time="5.429"/>
  <system-out/>
  <testcase classname="com.jack.task.Stblaw" name="run" time="4.777"/>
  <system-out/>
  <testcase classname="com.jack.task.Stblaw" name="run" time="4.334"/>
  <system-out/>
  <testcase classname="com.jack.task.Stblaw" name="run" time="4.170"/>
  <system-out/>
  <testcase classname="com.jack.task.Stblaw" name="run" time="3.713"/>
  <system-out/>
  <testcase classname="com.jack.task.Stblaw" name="run" time="3.498"/>
  <system-out/>
  <testcase classname="com.jack.task.Stblaw" name="run" time="5.312"/>
  <system-out/>
  <testcase classname="com.jack.task.Stblaw" name="run" time="5.591"/>
  <system-out/>
  <testcase classname="com.jack.task.Stblaw" name="run" time="5.369"/>
  <system-out/>
  <testcase classname="com.jack.task.Stblaw" name="run" time="4.695"/>
  <system-out/>
  <testcase classname="com.jack.task.Stblaw" name="run" time="4.740"/>
  <system-out/>
  <testcase classname="com.jack.task.Stblaw" name="run" time="7.497"/>
  <system-out/>
  <testcase classname="com.jack.task.Stblaw" name="run" time="5.134"/>
  <system-out/>
  <testcase classname="com.jack.task.Stblaw" name="run" time="5.157"/>
  <system-out/>
  <testcase classname="com.jack.task.Stblaw" name="run" time="7.034"/>
  <system-out/>
  <testcase classname="com.jack.task.Stblaw" name="run" time="4.095"/>
  <system-out/>
  <testcase classname="com.jack.task.Stblaw" name="run" time="4.898"/>
  <system-out/>
  <testcase classname="com.jack.task.Stblaw" name="run" time="4.821"/>
  <system-out/>
  <testcase classname="com.jack.task.Stblaw" name="run" time="5.028"/>
  <system-out/>
  <testcase classname="com.jack.task.Stblaw" name="run" time="8.442"/>
  <system-out/>
  <testcase classname="com.jack.task.Stblaw" name="run" time="3.717"/>
  <system-out/>
  <testcase classname="com.jack.task.Stblaw" name="run" time="5.448"/>
  <system-out/>
  <testcase classname="com.jack.task.Stblaw" name="run" time="6.292"/>
  <system-out/>
  <testcase classname="com.jack.task.Stblaw" name="run" time="5.039"/>
  <system-out/>
  <testcase classname="com.jack.task.Stblaw" name="run" time="3.770"/>
  <system-out/>
  <testcase classname="com.jack.task.Stblaw" name="run" time="7.556"/>
  <system-out/>
  <testcase classname="com.jack.task.Stblaw" name="run" time="4.556"/>
  <system-out/>
  <testcase classname="com.jack.task.Stblaw" name="run" time="5.316"/>
  <system-out/>
  <testcase classname="com.jack.task.Stblaw" name="run" time="3.329"/>
  <system-out/>
  <testcase classname="com.jack.task.Stblaw" name="run" time="6.881"/>
  <system-out/>
  <testcase classname="com.jack.task.Stblaw" name="run" time="4.303"/>
  <system-out/>
  <testcase classname="com.jack.task.Stblaw" name="run" time="9.969"/>
  <system-out/>
  <testcase classname="com.jack.task.Stblaw" name="run" time="7.398"/>
  <system-out/>
  <testcase classname="com.jack.task.Stblaw" name="run" time="4.409"/>
  <system-out/>
  <testcase classname="com.jack.task.Stblaw" name="run" time="8.156"/>
  <system-out/>
  <testcase classname="com.jack.task.Stblaw" name="run" time="5.276"/>
  <system-out/>
  <testcase classname="com.jack.task.Stblaw" name="run" time="9.472"/>
  <system-out/>
  <testcase classname="com.jack.task.Stblaw" name="run" time="3.896"/>
  <system-out/>
  <testcase classname="com.jack.task.Stblaw" name="run" time="4.552"/>
  <system-out/>
  <testcase classname="com.jack.task.Stblaw" name="run" time="5.463"/>
  <system-out/>
  <testcase classname="com.jack.task.Stblaw" name="run" time="3.938"/>
  <system-out/>
  <testcase classname="com.jack.task.Stblaw" name="run" time="3.506"/>
  <system-out/>
  <testcase classname="com.jack.task.Stblaw" name="run" time="5.548"/>
  <system-out/>
  <testcase classname="com.jack.task.Stblaw" name="run" time="5.930"/>
  <system-out/>
  <testcase classname="com.jack.task.Stblaw" name="run" time="4.330"/>
  <system-out/>
  <testcase classname="com.jack.task.Stblaw" name="run" time="8.573"/>
  <system-out/>
  <testcase classname="com.jack.task.Stblaw" name="run" time="5.619"/>
  <system-out/>
  <testcase classname="com.jack.task.Stblaw" name="run" time="10.011"/>
  <system-out/>
  <testcase classname="com.jack.task.Stblaw" name="run" time="9.395"/>
  <system-out/>
  <testcase classname="com.jack.task.Stblaw" name="run" time="7.091"/>
  <system-out/>
  <testcase classname="com.jack.task.Stblaw" name="run" time="6.012"/>
  <system-out/>
  <testcase classname="com.jack.task.Stblaw" name="run" time="7.455"/>
  <system-out/>
  <testcase classname="com.jack.task.Stblaw" name="run" time="5.592"/>
  <system-out/>
  <testcase classname="com.jack.task.Stblaw" name="run" time="4.114"/>
  <system-out/>
  <testcase classname="com.jack.task.Stblaw" name="run" time="6.452"/>
  <system-out/>
  <testcase classname="com.jack.task.Stblaw" name="run" time="4.624"/>
  <system-out/>
  <testcase classname="com.jack.task.Stblaw" name="run" time="5.524"/>
  <system-out/>
  <testcase classname="com.jack.task.Stblaw" name="run" time="4.527"/>
  <system-out/>
  <testcase classname="com.jack.task.Stblaw" name="run" time="6.008"/>
  <system-out/>
  <testcase classname="com.jack.task.Stblaw" name="run" time="3.357"/>
  <system-out/>
  <testcase classname="com.jack.task.Stblaw" name="run" time="6.681"/>
  <system-out/>
  <testcase classname="com.jack.task.Stblaw" name="run" time="5.926"/>
  <system-out/>
  <testcase classname="com.jack.task.Stblaw" name="run" time="4.983"/>
  <system-out/>
  <testcase classname="com.jack.task.Stblaw" name="run" time="7.330"/>
  <system-out/>
  <testcase classname="com.jack.task.Stblaw" name="run" time="3.477"/>
  <system-out/>
  <testcase classname="com.jack.task.Stblaw" name="run" time="3.882"/>
  <system-out/>
  <testcase classname="com.jack.task.Stblaw" name="run" time="8.950"/>
  <system-out/>
  <testcase classname="com.jack.task.Stblaw" name="run" time="7.401"/>
  <system-out/>
  <testcase classname="com.jack.task.Stblaw" name="run" time="37.205"/>
  <system-out/>
  <testcase classname="com.jack.task.Stblaw" name="run" time="6.134"/>
  <system-out/>
  <testcase classname="com.jack.task.Stblaw" name="run" time="6.423"/>
  <system-out/>
  <testcase classname="com.jack.task.Stblaw" name="run" time="3.546"/>
  <system-out/>
  <testcase classname="com.jack.task.Stblaw" name="run" time="5.543"/>
  <system-out/>
  <testcase classname="com.jack.task.Stblaw" name="run" time="5.123"/>
  <system-out/>
  <testcase classname="com.jack.task.Stblaw" name="run" time="4.759"/>
  <system-out/>
  <testcase classname="com.jack.task.Stblaw" name="run" time="4.067"/>
  <system-out/>
  <testcase classname="com.jack.task.Stblaw" name="run" time="7.538"/>
  <system-out/>
  <testcase classname="com.jack.task.Stblaw" name="run" time="3.621"/>
  <system-out/>
  <testcase classname="com.jack.task.Stblaw" name="run" time="3.637"/>
  <system-out/>
  <testcase classname="com.jack.task.Stblaw" name="run" time="6.262"/>
  <system-out/>
  <testcase classname="com.jack.task.Stblaw" name="run" time="3.202"/>
  <system-out/>
  <testcase classname="com.jack.task.Stblaw" name="run" time="3.962"/>
  <system-out/>
  <testcase classname="com.jack.task.Stblaw" name="run" time="6.318"/>
  <system-out/>
  <testcase classname="com.jack.task.Stblaw" name="run" time="3.052"/>
  <system-out/>
  <testcase classname="com.jack.task.Stblaw" name="run" time="4.984"/>
  <system-out/>
  <testcase classname="com.jack.task.Stblaw" name="run" time="3.238"/>
  <system-out/>
  <testcase classname="com.jack.task.Stblaw" name="run" time="7.939"/>
  <system-out/>
  <testcase classname="com.jack.task.Stblaw" name="run" time="5.886"/>
  <system-out/>
  <testcase classname="com.jack.task.Stblaw" name="run" time="3.941"/>
  <system-out/>
  <testcase classname="com.jack.task.Stblaw" name="run" time="5.477"/>
  <system-out/>
  <testcase classname="com.jack.task.Stblaw" name="run" time="5.800"/>
  <system-out/>
  <testcase classname="com.jack.task.Stblaw" name="run" time="7.731"/>
  <system-out/>
  <testcase classname="com.jack.task.Stblaw" name="run" time="6.492"/>
  <system-out/>
  <testcase classname="com.jack.task.Stblaw" name="run" time="7.413"/>
  <system-out/>
  <testcase classname="com.jack.task.Stblaw" name="run" time="4.121"/>
  <system-out/>
  <testcase classname="com.jack.task.Stblaw" name="run" time="4.469"/>
  <system-out/>
  <testcase classname="com.jack.task.Stblaw" name="run" time="5.807"/>
  <system-out/>
  <testcase classname="com.jack.task.Stblaw" name="run" time="5.374"/>
  <system-out/>
  <testcase classname="com.jack.task.Stblaw" name="run" time="4.773"/>
  <system-out/>
  <testcase classname="com.jack.task.Stblaw" name="run" time="4.536"/>
  <system-out/>
  <testcase classname="com.jack.task.Stblaw" name="run" time="3.957"/>
  <system-out/>
  <testcase classname="com.jack.task.Stblaw" name="run" time="4.278"/>
  <system-out/>
  <testcase classname="com.jack.task.Stblaw" name="run" time="7.165"/>
  <system-out/>
  <testcase classname="com.jack.task.Stblaw" name="run" time="5.192"/>
  <system-out/>
  <testcase classname="com.jack.task.Stblaw" name="run" time="3.670"/>
  <system-out/>
  <testcase classname="com.jack.task.Stblaw" name="run" time="6.046"/>
  <system-out/>
  <testcase classname="com.jack.task.Stblaw" name="run" time="4.433"/>
  <system-out/>
  <testcase classname="com.jack.task.Stblaw" name="run" time="7.181"/>
  <system-out/>
  <testcase classname="com.jack.task.Stblaw" name="run" time="5.437"/>
  <system-out/>
  <testcase classname="com.jack.task.Stblaw" name="run" time="5.366"/>
  <system-out/>
  <testcase classname="com.jack.task.Stblaw" name="run" time="8.748"/>
  <system-out/>
  <testcase classname="com.jack.task.Stblaw" name="run" time="4.593"/>
  <system-out/>
  <testcase classname="com.jack.task.Stblaw" name="run" time="7.632"/>
  <system-out/>
  <testcase classname="com.jack.task.Stblaw" name="run" time="3.497"/>
  <system-out/>
  <testcase classname="com.jack.task.Stblaw" name="run" time="7.700"/>
  <system-out/>
  <testcase classname="com.jack.task.Stblaw" name="run" time="7.474"/>
  <system-out/>
  <testcase classname="com.jack.task.Stblaw" name="run" time="4.923"/>
  <system-out/>
  <testcase classname="com.jack.task.Stblaw" name="run" time="4.454"/>
  <system-out/>
  <testcase classname="com.jack.task.Stblaw" name="run" time="5.751"/>
  <system-out/>
  <testcase classname="com.jack.task.Stblaw" name="run" time="6.096"/>
  <system-out/>
  <testcase classname="com.jack.task.Stblaw" name="run" time="6.453"/>
  <system-out/>
  <testcase classname="com.jack.task.Stblaw" name="run" time="3.658"/>
  <system-out/>
  <testcase classname="com.jack.task.Stblaw" name="run" time="3.795"/>
  <system-out/>
  <testcase classname="com.jack.task.Stblaw" name="run" time="12.657"/>
  <system-out/>
  <testcase classname="com.jack.task.Stblaw" name="run" time="7.590"/>
  <system-out/>
  <testcase classname="com.jack.task.Stblaw" name="run" time="6.557"/>
  <system-out/>
  <testcase classname="com.jack.task.Stblaw" name="run" time="5.425"/>
  <system-out/>
  <testcase classname="com.jack.task.Stblaw" name="run" time="4.483"/>
  <system-out/>
  <testcase classname="com.jack.task.Stblaw" name="run" time="3.882"/>
  <system-out/>
  <testcase classname="com.jack.task.Stblaw" name="run" time="4.010"/>
  <system-out/>
  <testcase classname="com.jack.task.Stblaw" name="run" time="4.968"/>
  <system-out/>
  <testcase classname="com.jack.task.Stblaw" name="run" time="4.308"/>
  <system-out/>
  <testcase classname="com.jack.task.Stblaw" name="run" time="5.942"/>
  <system-out/>
  <testcase classname="com.jack.task.Stblaw" name="run" time="3.942"/>
  <system-out/>
  <testcase classname="com.jack.task.Stblaw" name="run" time="5.208"/>
  <system-out/>
  <testcase classname="com.jack.task.Stblaw" name="run" time="4.192"/>
  <system-out/>
  <testcase classname="com.jack.task.Stblaw" name="run" time="5.842"/>
  <system-out/>
  <testcase classname="com.jack.task.Stblaw" name="run" time="3.940"/>
  <system-out/>
  <testcase classname="com.jack.task.Stblaw" name="run" time="3.306"/>
  <system-out/>
  <testcase classname="com.jack.task.Stblaw" name="run" time="5.802"/>
  <system-out/>
  <testcase classname="com.jack.task.Stblaw" name="run" time="4.914"/>
  <system-out/>
  <testcase classname="com.jack.task.Stblaw" name="run" time="8.656"/>
  <system-out/>
  <testcase classname="com.jack.task.Stblaw" name="run" time="5.618"/>
  <system-out/>
  <testcase classname="com.jack.task.Stblaw" name="run" time="7.589"/>
  <system-out/>
  <testcase classname="com.jack.task.Stblaw" name="run" time="5.603"/>
  <system-out/>
  <testcase classname="com.jack.task.Stblaw" name="run" time="3.600"/>
  <system-out/>
  <testcase classname="com.jack.task.Stblaw" name="run" time="5.173"/>
  <system-out/>
  <testcase classname="com.jack.task.Stblaw" name="run" time="4.415"/>
  <system-out/>
  <testcase classname="com.jack.task.Stblaw" name="run" time="8.473"/>
  <system-out/>
  <testcase classname="com.jack.task.Stblaw" name="run" time="4.059"/>
  <system-out/>
  <testcase classname="com.jack.task.Stblaw" name="run" time="3.640"/>
  <system-out/>
  <testcase classname="com.jack.task.Stblaw" name="run" time="3.387"/>
  <system-out/>
  <testcase classname="com.jack.task.Stblaw" name="run" time="6.100"/>
  <system-out/>
  <testcase classname="com.jack.task.Stblaw" name="run" time="5.444"/>
  <system-out/>
  <testcase classname="com.jack.task.Stblaw" name="run" time="7.750"/>
  <system-out/>
  <testcase classname="com.jack.task.Stblaw" name="run" time="3.466"/>
  <system-out/>
  <testcase classname="com.jack.task.Stblaw" name="run" time="4.239"/>
  <system-out/>
  <testcase classname="com.jack.task.Stblaw" name="run" time="22.694"/>
  <system-out/>
  <testcase classname="com.jack.task.Stblaw" name="run" time="6.199"/>
  <system-out/>
  <testcase classname="com.jack.task.Stblaw" name="run" time="8.018"/>
  <system-out/>
  <testcase classname="com.jack.task.Stblaw" name="run" time="8.692"/>
  <system-out/>
  <testcase classname="com.jack.task.Stblaw" name="run" time="5.318"/>
  <system-out/>
  <testcase classname="com.jack.task.Stblaw" name="run" time="3.119"/>
  <system-out/>
  <testcase classname="com.jack.task.Stblaw" name="run" time="4.440"/>
  <system-out/>
  <testcase classname="com.jack.task.Stblaw" name="run" time="4.495"/>
  <system-out/>
  <testcase classname="com.jack.task.Stblaw" name="run" time="5.617"/>
  <system-out/>
  <testcase classname="com.jack.task.Stblaw" name="run" time="4.689"/>
  <system-out/>
  <testcase classname="com.jack.task.Stblaw" name="run" time="14.130"/>
  <system-out/>
  <testcase classname="com.jack.task.Stblaw" name="run" time="4.017"/>
  <system-out/>
  <testcase classname="com.jack.task.Stblaw" name="run" time="7.120"/>
  <system-out/>
  <testcase classname="com.jack.task.Stblaw" name="run" time="5.824"/>
  <system-out/>
  <testcase classname="com.jack.task.Stblaw" name="run" time="5.972"/>
  <system-out/>
  <testcase classname="com.jack.task.Stblaw" name="run" time="3.780"/>
  <system-out/>
  <testcase classname="com.jack.task.Stblaw" name="run" time="10.540"/>
  <system-out/>
  <testcase classname="com.jack.task.Stblaw" name="run" time="7.340"/>
  <system-out/>
  <testcase classname="com.jack.task.Stblaw" name="run" time="6.070"/>
  <system-out/>
  <testcase classname="com.jack.task.Stblaw" name="run" time="4.005"/>
  <system-out/>
  <testcase classname="com.jack.task.Stblaw" name="run" time="4.096"/>
  <system-out/>
  <testcase classname="com.jack.task.Stblaw" name="run" time="4.600"/>
  <system-out/>
  <testcase classname="com.jack.task.Stblaw" name="run" time="8.214"/>
  <system-out/>
  <testcase classname="com.jack.task.Stblaw" name="run" time="4.622"/>
  <system-out/>
  <testcase classname="com.jack.task.Stblaw" name="run" time="6.629"/>
  <system-out/>
  <testcase classname="com.jack.task.Stblaw" name="run" time="3.000"/>
  <system-out/>
  <testcase classname="com.jack.task.Stblaw" name="run" time="8.312"/>
  <system-out/>
  <testcase classname="com.jack.task.Stblaw" name="run" time="3.689"/>
  <system-out/>
  <testcase classname="com.jack.task.Stblaw" name="run" time="5.133"/>
  <system-out/>
  <testcase classname="com.jack.task.Stblaw" name="run" time="5.719"/>
  <system-out/>
  <testcase classname="com.jack.task.Stblaw" name="run" time="5.354"/>
  <system-out/>
  <testcase classname="com.jack.task.Stblaw" name="run" time="3.652"/>
  <system-out/>
  <testcase classname="com.jack.task.Stblaw" name="run" time="5.541"/>
  <system-out/>
  <testcase classname="com.jack.task.Stblaw" name="run" time="5.118"/>
  <system-out/>
  <testcase classname="com.jack.task.Stblaw" name="run" time="6.846"/>
  <system-out/>
  <testcase classname="com.jack.task.Stblaw" name="run" time="5.107"/>
  <system-out/>
  <testcase classname="com.jack.task.Stblaw" name="run" time="6.306"/>
  <system-out/>
  <testcase classname="com.jack.task.Stblaw" name="run" time="4.040"/>
  <system-out/>
  <testcase classname="com.jack.task.Stblaw" name="run" time="4.156"/>
  <system-out/>
  <testcase classname="com.jack.task.Stblaw" name="run" time="6.484"/>
  <system-out/>
  <testcase classname="com.jack.task.Stblaw" name="run" time="7.496"/>
  <system-out/>
  <testcase classname="com.jack.task.Stblaw" name="run" time="3.812"/>
  <system-out/>
  <testcase classname="com.jack.task.Stblaw" name="run" time="5.441"/>
  <system-out/>
  <testcase classname="com.jack.task.Stblaw" name="run" time="6.731"/>
  <system-out/>
  <testcase classname="com.jack.task.Stblaw" name="run" time="3.573"/>
  <system-out/>
  <testcase classname="com.jack.task.Stblaw" name="run" time="4.674"/>
  <system-out/>
  <testcase classname="com.jack.task.Stblaw" name="run" time="6.376"/>
  <system-out/>
  <testcase classname="com.jack.task.Stblaw" name="run" time="6.914"/>
  <system-out/>
  <testcase classname="com.jack.task.Stblaw" name="run" time="4.220"/>
  <system-out/>
  <testcase classname="com.jack.task.Stblaw" name="run" time="4.487"/>
  <system-out/>
  <testcase classname="com.jack.task.Stblaw" name="run" time="3.080"/>
  <system-out/>
  <testcase classname="com.jack.task.Stblaw" name="run" time="8.386"/>
  <system-out/>
  <testcase classname="com.jack.task.Stblaw" name="run" time="3.289"/>
  <system-out/>
  <testcase classname="com.jack.task.Stblaw" name="run" time="4.610"/>
  <system-out/>
  <testcase classname="com.jack.task.Stblaw" name="run" time="7.388"/>
  <system-out/>
  <testcase classname="com.jack.task.Stblaw" name="run" time="4.505"/>
  <system-out/>
  <testcase classname="com.jack.task.Stblaw" name="run" time="4.456"/>
  <system-out/>
  <testcase classname="com.jack.task.Stblaw" name="run" time="8.028"/>
  <system-out/>
  <testcase classname="com.jack.task.Stblaw" name="run" time="6.318"/>
  <system-out/>
  <testcase classname="com.jack.task.Stblaw" name="run" time="5.144"/>
  <system-out/>
  <testcase classname="com.jack.task.Stblaw" name="run" time="7.403"/>
  <system-out/>
  <testcase classname="com.jack.task.Stblaw" name="run" time="7.632"/>
  <system-out/>
  <testcase classname="com.jack.task.Stblaw" name="run" time="4.358"/>
  <system-out/>
  <testcase classname="com.jack.task.Stblaw" name="run" time="4.500"/>
  <system-out/>
  <testcase classname="com.jack.task.Stblaw" name="run" time="6.586"/>
  <system-out/>
  <testcase classname="com.jack.task.Stblaw" name="run" time="6.486"/>
  <system-out/>
  <testcase classname="com.jack.task.Stblaw" name="run" time="4.309"/>
  <system-out/>
  <testcase classname="com.jack.task.Stblaw" name="run" time="6.710"/>
  <system-out/>
  <testcase classname="com.jack.task.Stblaw" name="run" time="4.449"/>
  <system-out/>
  <testcase classname="com.jack.task.Stblaw" name="run" time="5.549"/>
  <system-out/>
  <testcase classname="com.jack.task.Stblaw" name="run" time="6.602"/>
  <system-out/>
  <testcase classname="com.jack.task.Stblaw" name="run" time="5.661"/>
  <system-out/>
  <testcase classname="com.jack.task.Stblaw" name="run" time="8.343"/>
  <system-out/>
  <testcase classname="com.jack.task.Stblaw" name="run" time="3.701"/>
  <system-out/>
  <testcase classname="com.jack.task.Stblaw" name="run" time="4.224"/>
  <system-out/>
  <testcase classname="com.jack.task.Stblaw" name="run" time="6.238"/>
  <system-out/>
  <testcase classname="com.jack.task.Stblaw" name="run" time="4.501"/>
  <system-out/>
  <testcase classname="com.jack.task.Stblaw" name="run" time="5.510"/>
  <system-out/>
  <testcase classname="com.jack.task.Stblaw" name="run" time="4.094"/>
  <system-out/>
  <testcase classname="com.jack.task.Stblaw" name="run" time="4.154"/>
  <system-out/>
  <testcase classname="com.jack.task.Stblaw" name="run" time="8.836"/>
  <system-out/>
  <testcase classname="com.jack.task.Stblaw" name="run" time="6.137"/>
  <system-out/>
  <testcase classname="com.jack.task.Stblaw" name="run" time="5.614"/>
  <system-out/>
  <testcase classname="com.jack.task.Stblaw" name="run" time="4.207"/>
  <system-out/>
  <testcase classname="com.jack.task.Stblaw" name="run" time="4.103"/>
  <system-out/>
  <testcase classname="com.jack.task.Stblaw" name="run" time="5.229"/>
  <system-out/>
  <testcase classname="com.jack.task.Stblaw" name="run" time="4.649"/>
  <system-out/>
  <testcase classname="com.jack.task.Stblaw" name="run" time="9.223"/>
  <system-out/>
  <testcase classname="com.jack.task.Stblaw" name="run" time="10.305"/>
  <system-out/>
  <testcase classname="com.jack.task.Stblaw" name="run" time="2.267"/>
  <system-out/>
  <testcase classname="com.jack.task.Stblaw" name="run" time="5.594"/>
  <system-out/>
  <testcase classname="com.jack.task.Stblaw" name="run" time="14.344"/>
  <system-out/>
  <testcase classname="com.jack.task.Stblaw" name="run" time="5.801"/>
  <system-out/>
  <testcase classname="com.jack.task.Stblaw" name="run" time="7.905"/>
  <system-out/>
  <testcase classname="com.jack.task.Stblaw" name="run" time="3.940"/>
  <system-out/>
  <testcase classname="com.jack.task.Stblaw" name="run" time="6.319"/>
  <system-out/>
  <testcase classname="com.jack.task.Stblaw" name="run" time="4.290"/>
  <system-out/>
  <testcase classname="com.jack.task.Stblaw" name="run" time="3.415"/>
  <system-out/>
  <testcase classname="com.jack.task.Stblaw" name="run" time="6.633"/>
  <system-out/>
  <testcase classname="com.jack.task.Stblaw" name="run" time="5.478"/>
  <system-out/>
  <testcase classname="com.jack.task.Stblaw" name="run" time="5.270"/>
  <system-out/>
  <testcase classname="com.jack.task.Stblaw" name="run" time="4.425"/>
  <system-out/>
  <testcase classname="com.jack.task.Stblaw" name="run" time="6.214"/>
  <system-out/>
  <testcase classname="com.jack.task.Stblaw" name="run" time="4.494"/>
  <system-out/>
  <testcase classname="com.jack.task.Stblaw" name="run" time="4.765"/>
  <system-out/>
  <testcase classname="com.jack.task.Stblaw" name="run" time="5.171"/>
  <system-out/>
  <testcase classname="com.jack.task.Stblaw" name="run" time="5.960"/>
  <system-out/>
  <testcase classname="com.jack.task.Stblaw" name="run" time="7.500"/>
  <system-out/>
  <testcase classname="com.jack.task.Stblaw" name="run" time="5.173"/>
  <system-out/>
  <testcase classname="com.jack.task.Stblaw" name="run" time="7.477"/>
  <system-out/>
  <testcase classname="com.jack.task.Stblaw" name="run" time="5.585"/>
  <system-out/>
  <testcase classname="com.jack.task.Stblaw" name="run" time="7.186"/>
  <system-out/>
  <testcase classname="com.jack.task.Stblaw" name="run" time="4.297"/>
  <system-out/>
  <testcase classname="com.jack.task.Stblaw" name="run" time="4.976"/>
  <system-out/>
  <testcase classname="com.jack.task.Stblaw" name="run" time="5.009"/>
  <system-out/>
  <testcase classname="com.jack.task.Stblaw" name="run" time="6.535"/>
  <system-out/>
  <testcase classname="com.jack.task.Stblaw" name="run" time="4.137"/>
  <system-out/>
  <testcase classname="com.jack.task.Stblaw" name="run" time="4.587"/>
  <system-out/>
  <testcase classname="com.jack.task.Stblaw" name="run" time="3.210"/>
  <system-out/>
  <testcase classname="com.jack.task.Stblaw" name="run" time="4.542"/>
  <system-out/>
  <testcase classname="com.jack.task.Stblaw" name="run" time="4.316"/>
  <system-out/>
  <testcase classname="com.jack.task.Stblaw" name="run" time="7.413"/>
  <system-out/>
  <testcase classname="com.jack.task.Stblaw" name="run" time="4.045"/>
  <system-out/>
  <testcase classname="com.jack.task.Stblaw" name="run" time="9.436"/>
  <system-out/>
  <testcase classname="com.jack.task.Stblaw" name="run" time="5.747"/>
  <system-out/>
  <testcase classname="com.jack.task.Stblaw" name="run" time="3.941"/>
  <system-out/>
  <testcase classname="com.jack.task.Stblaw" name="run" time="4.119"/>
  <system-out/>
  <testcase classname="com.jack.task.Stblaw" name="run" time="5.274"/>
  <system-out/>
  <testcase classname="com.jack.task.Stblaw" name="run" time="5.915"/>
  <system-out/>
  <testcase classname="com.jack.task.Stblaw" name="run" time="5.934"/>
  <system-out/>
  <testcase classname="com.jack.task.Stblaw" name="run" time="3.527"/>
  <system-out/>
  <testcase classname="com.jack.task.Stblaw" name="run" time="7.062"/>
  <system-out/>
  <testcase classname="com.jack.task.Stblaw" name="run" time="4.721"/>
  <system-out/>
  <testcase classname="com.jack.task.Stblaw" name="run" time="9.914"/>
  <system-out/>
  <testcase classname="com.jack.task.Stblaw" name="run" time="5.103"/>
  <system-out/>
  <testcase classname="com.jack.task.Stblaw" name="run" time="4.806"/>
  <system-out/>
  <testcase classname="com.jack.task.Stblaw" name="run" time="7.264"/>
  <system-out/>
  <testcase classname="com.jack.task.Stblaw" name="run" time="4.770"/>
  <system-out/>
  <testcase classname="com.jack.task.Stblaw" name="run" time="7.409"/>
  <system-out/>
  <testcase classname="com.jack.task.Stblaw" name="run" time="5.354"/>
  <system-out/>
  <testcase classname="com.jack.task.Stblaw" name="run" time="4.022"/>
  <system-out/>
  <testcase classname="com.jack.task.Stblaw" name="run" time="6.612"/>
  <system-out/>
  <testcase classname="com.jack.task.Stblaw" name="run" time="5.372"/>
  <system-out/>
  <testcase classname="com.jack.task.Stblaw" name="run" time="6.273"/>
  <system-out/>
  <testcase classname="com.jack.task.Stblaw" name="run" time="4.857"/>
  <system-out/>
  <testcase classname="com.jack.task.Stblaw" name="run" time="5.034"/>
  <system-out/>
  <testcase classname="com.jack.task.Stblaw" name="run" time="7.487"/>
  <system-out/>
  <testcase classname="com.jack.task.Stblaw" name="run" time="4.483"/>
  <system-out/>
  <testcase classname="com.jack.task.Stblaw" name="run" time="5.338"/>
  <system-out/>
  <testcase classname="com.jack.task.Stblaw" name="run" time="6.737"/>
  <system-out/>
  <testcase classname="com.jack.task.Stblaw" name="run" time="6.448"/>
  <system-out/>
  <testcase classname="com.jack.task.Stblaw" name="run" time="4.851"/>
  <system-out/>
  <testcase classname="com.jack.task.Stblaw" name="run" time="4.680"/>
  <system-out/>
  <testcase classname="com.jack.task.Stblaw" name="run" time="3.577"/>
  <system-out/>
  <testcase classname="com.jack.task.Stblaw" name="run" time="5.904"/>
  <system-out/>
  <testcase classname="com.jack.task.Stblaw" name="run" time="8.093"/>
  <system-out/>
  <testcase classname="com.jack.task.Stblaw" name="run" time="7.585"/>
  <system-out/>
  <testcase classname="com.jack.task.Stblaw" name="run" time="5.440"/>
  <system-out/>
  <testcase classname="com.jack.task.Stblaw" name="run" time="4.644"/>
  <system-out/>
  <testcase classname="com.jack.task.Stblaw" name="run" time="4.087"/>
  <system-out/>
  <testcase classname="com.jack.task.Stblaw" name="run" time="3.766"/>
  <system-out/>
  <testcase classname="com.jack.task.Stblaw" name="run" time="5.457"/>
  <system-out/>
  <testcase classname="com.jack.task.Stblaw" name="run" time="4.143"/>
  <system-out/>
  <testcase classname="com.jack.task.Stblaw" name="run" time="3.592"/>
  <system-out/>
  <testcase classname="com.jack.task.Stblaw" name="run" time="7.843"/>
  <system-out/>
  <testcase classname="com.jack.task.Stblaw" name="run" time="5.299"/>
  <system-out/>
  <testcase classname="com.jack.task.Stblaw" name="run" time="5.314"/>
  <system-out/>
  <testcase classname="com.jack.task.Stblaw" name="run" time="3.469"/>
  <system-out/>
  <testcase classname="com.jack.task.Stblaw" name="run" time="5.450"/>
  <system-out/>
  <testcase classname="com.jack.task.Stblaw" name="run" time="7.991"/>
  <system-out/>
  <testcase classname="com.jack.task.Stblaw" name="run" time="4.844"/>
  <system-out/>
  <testcase classname="com.jack.task.Stblaw" name="run" time="5.425"/>
  <system-out/>
  <testcase classname="com.jack.task.Stblaw" name="run" time="4.559"/>
  <system-out/>
  <testcase classname="com.jack.task.Stblaw" name="run" time="9.497"/>
  <system-out/>
  <testcase classname="com.jack.task.Stblaw" name="run" time="4.532"/>
  <system-out/>
  <testcase classname="com.jack.task.Stblaw" name="run" time="7.011"/>
  <system-out/>
  <testcase classname="com.jack.task.Stblaw" name="run" time="4.140"/>
  <system-out/>
  <testcase classname="com.jack.task.Stblaw" name="run" time="5.736"/>
  <system-out/>
  <testcase classname="com.jack.task.Stblaw" name="run" time="4.721"/>
  <system-out/>
  <testcase classname="com.jack.task.Stblaw" name="run" time="5.119"/>
  <system-out/>
  <testcase classname="com.jack.task.Stblaw" name="run" time="10.245"/>
  <system-out/>
  <testcase classname="com.jack.task.Stblaw" name="run" time="6.543"/>
  <system-out/>
  <testcase classname="com.jack.task.Stblaw" name="run" time="5.331"/>
  <system-out/>
  <testcase classname="com.jack.task.Stblaw" name="run" time="3.933"/>
  <system-out/>
  <testcase classname="com.jack.task.Stblaw" name="run" time="3.351"/>
  <system-out/>
  <testcase classname="com.jack.task.Stblaw" name="run" time="4.557"/>
  <system-out/>
  <testcase classname="com.jack.task.Stblaw" name="run" time="7.130"/>
  <system-out/>
  <testcase classname="com.jack.task.Stblaw" name="run" time="4.463"/>
  <system-out/>
  <testcase classname="com.jack.task.Stblaw" name="run" time="2.987"/>
  <system-out/>
  <testcase classname="com.jack.task.Stblaw" name="run" time="5.836"/>
  <system-out/>
  <testcase classname="com.jack.task.Stblaw" name="run" time="6.202"/>
  <system-out/>
  <testcase classname="com.jack.task.Stblaw" name="run" time="4.009"/>
  <system-out/>
  <testcase classname="com.jack.task.Stblaw" name="run" time="35.449"/>
  <system-out/>
  <testcase classname="com.jack.task.Stblaw" name="run" time="4.837"/>
  <system-out/>
  <testcase classname="com.jack.task.Stblaw" name="run" time="4.738"/>
  <system-out/>
  <testcase classname="com.jack.task.Stblaw" name="run" time="5.725"/>
  <system-out/>
  <testcase classname="com.jack.task.Stblaw" name="run" time="5.420"/>
  <system-out/>
  <testcase classname="com.jack.task.Stblaw" name="run" time="7.710"/>
  <system-out/>
  <testcase classname="com.jack.task.Stblaw" name="run" time="3.767"/>
  <system-out/>
  <testcase classname="com.jack.task.Stblaw" name="run" time="6.595"/>
  <system-out/>
  <testcase classname="com.jack.task.Stblaw" name="run" time="5.845"/>
  <system-out/>
  <testcase classname="com.jack.task.Stblaw" name="run" time="4.910"/>
  <system-out/>
  <testcase classname="com.jack.task.Stblaw" name="run" time="6.398"/>
  <system-out/>
  <testcase classname="com.jack.task.Stblaw" name="run" time="5.184"/>
  <system-out/>
  <testcase classname="com.jack.task.Stblaw" name="run" time="3.659"/>
  <system-out/>
  <testcase classname="com.jack.task.Stblaw" name="run" time="4.740"/>
  <system-out/>
  <testcase classname="com.jack.task.Stblaw" name="run" time="8.288"/>
  <system-out/>
  <testcase classname="com.jack.task.Stblaw" name="run" time="5.352"/>
  <system-out/>
  <testcase classname="com.jack.task.Stblaw" name="testx" time="0.001"/>
  <system-out/>
  <testcase classname="com.jack.task.Stblaw" name="run" time="7.215"/>
  <system-out/>
  <testcase classname="com.jack.task.Stblaw" name="run" time="7.590"/>
  <system-out/>
  <testcase classname="com.jack.task.Stblaw" name="run" time="6.394"/>
  <system-out/>
  <testcase classname="com.jack.task.Stblaw" name="run" time="6.337"/>
  <system-out/>
  <testcase classname="com.jack.task.Stblaw" name="run" time="5.006"/>
  <system-out/>
  <testcase classname="com.jack.task.Stblaw" name="run" time="3.743"/>
  <system-out/>
  <testcase classname="com.jack.task.Stblaw" name="run" time="3.708"/>
  <system-out/>
  <testcase classname="com.jack.task.Stblaw" name="run" time="5.705"/>
  <system-out/>
  <testcase classname="com.jack.task.Stblaw" name="run" time="6.449"/>
  <system-out/>
  <testcase classname="com.jack.task.Stblaw" name="run" time="3.943"/>
  <system-out/>
  <testcase classname="com.jack.task.Stblaw" name="run" time="4.716"/>
  <system-out/>
  <testcase classname="com.jack.task.Stblaw" name="run" time="5.426"/>
  <system-out/>
  <testcase classname="com.jack.task.Stblaw" name="run" time="5.691"/>
  <system-out/>
  <testcase classname="com.jack.task.Stblaw" name="run" time="7.801"/>
  <system-out/>
  <testcase classname="com.jack.task.Stblaw" name="run" time="5.711"/>
  <system-out/>
  <testcase classname="com.jack.task.Stblaw" name="run" time="5.740"/>
  <system-out/>
  <testcase classname="com.jack.task.Stblaw" name="run" time="7.318"/>
  <system-out/>
  <testcase classname="com.jack.task.Stblaw" name="run" time="5.791"/>
  <system-out/>
  <testcase classname="com.jack.task.Stblaw" name="run" time="7.057"/>
  <system-out/>
  <testcase classname="com.jack.task.Stblaw" name="run" time="8.994"/>
  <system-out/>
  <testcase classname="com.jack.task.Stblaw" name="run" time="4.849"/>
  <system-out/>
  <testcase classname="com.jack.task.Stblaw" name="run" time="5.037"/>
  <system-out/>
  <testcase classname="com.jack.task.Stblaw" name="run" time="3.973"/>
  <system-out/>
  <testcase classname="com.jack.task.Stblaw" name="run" time="9.781"/>
  <system-out/>
  <testcase classname="com.jack.task.Stblaw" name="run" time="4.652"/>
  <system-out/>
  <testcase classname="com.jack.task.Stblaw" name="run" time="8.894"/>
  <system-out/>
  <testcase classname="com.jack.task.Stblaw" name="run" time="5.465"/>
  <system-out/>
  <testcase classname="com.jack.task.Stblaw" name="run" time="8.240"/>
  <system-out/>
  <testcase classname="com.jack.task.Stblaw" name="run" time="4.737"/>
  <system-out/>
  <testcase classname="com.jack.task.Stblaw" name="run" time="3.896"/>
  <system-out/>
  <testcase classname="com.jack.task.Stblaw" name="run" time="7.296"/>
  <system-out/>
  <testcase classname="com.jack.task.Stblaw" name="run" time="7.489"/>
  <system-out/>
  <testcase classname="com.jack.task.Stblaw" name="run" time="7.171"/>
  <system-out/>
  <testcase classname="com.jack.task.Stblaw" name="run" time="5.333"/>
  <system-out/>
  <testcase classname="com.jack.task.Stblaw" name="run" time="4.998"/>
  <system-out/>
  <testcase classname="com.jack.task.Stblaw" name="run" time="4.534"/>
  <system-out/>
  <testcase classname="com.jack.task.Stblaw" name="run" time="6.621"/>
  <system-out/>
  <testcase classname="com.jack.task.Stblaw" name="run" time="7.903"/>
  <system-out/>
  <testcase classname="com.jack.task.Stblaw" name="run" time="6.140"/>
  <system-out/>
  <testcase classname="com.jack.task.Stblaw" name="run" time="3.491"/>
  <system-out/>
  <testcase classname="com.jack.task.Stblaw" name="run" time="4.022"/>
  <system-out/>
  <testcase classname="com.jack.task.Stblaw" name="run" time="4.879"/>
  <system-out/>
  <testcase classname="com.jack.task.Stblaw" name="run" time="5.190"/>
  <system-out/>
  <testcase classname="com.jack.task.Stblaw" name="run" time="4.138"/>
  <system-out/>
  <testcase classname="com.jack.task.Stblaw" name="run" time="7.028"/>
  <system-out/>
  <testcase classname="com.jack.task.Stblaw" name="run" time="6.261"/>
  <system-out/>
  <testcase classname="com.jack.task.Stblaw" name="run" time="5.787"/>
  <system-out/>
  <testcase classname="com.jack.task.Stblaw" name="run" time="6.379"/>
  <system-out/>
  <testcase classname="com.jack.task.Stblaw" name="run" time="4.758"/>
  <system-out/>
  <testcase classname="com.jack.task.Stblaw" name="run" time="6.657"/>
  <system-out/>
  <testcase classname="com.jack.task.Stblaw" name="run" time="6.480"/>
  <system-out/>
  <testcase classname="com.jack.task.Stblaw" name="run" time="4.448"/>
  <system-out/>
  <testcase classname="com.jack.task.Stblaw" name="run" time="4.444"/>
  <system-out/>
  <testcase classname="com.jack.task.Stblaw" name="run" time="4.616"/>
  <system-out/>
  <testcase classname="com.jack.task.Stblaw" name="run" time="5.301"/>
  <system-out/>
  <testcase classname="com.jack.task.Stblaw" name="run" time="4.240"/>
  <system-out/>
  <testcase classname="com.jack.task.Stblaw" name="run" time="5.988"/>
  <system-out/>
  <testcase classname="com.jack.task.Stblaw" name="run" time="5.303"/>
  <system-out/>
  <testcase classname="com.jack.task.Stblaw" name="run" time="4.474"/>
  <system-out/>
  <testcase classname="com.jack.task.Stblaw" name="run" time="5.999"/>
  <system-out/>
  <testcase classname="com.jack.task.Stblaw" name="run" time="6.193"/>
  <system-out/>
  <testcase classname="com.jack.task.Stblaw" name="run" time="4.490"/>
  <system-out/>
  <testcase classname="com.jack.task.Stblaw" name="run" time="7.759"/>
  <system-out/>
  <testcase classname="com.jack.task.Stblaw" name="run" time="3.204"/>
  <system-out/>
  <testcase classname="com.jack.task.Stblaw" name="run" time="7.558"/>
  <system-out/>
  <testcase classname="com.jack.task.Stblaw" name="run" time="3.376"/>
  <system-out/>
  <testcase classname="com.jack.task.Stblaw" name="run" time="7.660"/>
  <system-out/>
  <testcase classname="com.jack.task.Stblaw" name="run" time="12.551"/>
  <system-out/>
  <testcase classname="com.jack.task.Stblaw" name="run" time="4.472"/>
  <system-out/>
  <testcase classname="com.jack.task.Stblaw" name="run" time="4.150"/>
  <system-out/>
  <testcase classname="com.jack.task.Stblaw" name="run" time="7.531"/>
  <system-out/>
  <testcase classname="com.jack.task.Stblaw" name="run" time="6.636"/>
  <system-out/>
  <testcase classname="com.jack.task.Stblaw" name="run" time="8.357"/>
  <system-out/>
  <testcase classname="com.jack.task.Stblaw" name="run" time="6.130"/>
  <system-out/>
  <testcase classname="com.jack.task.Stblaw" name="run" time="6.398"/>
  <system-out/>
  <testcase classname="com.jack.task.Stblaw" name="run" time="5.197"/>
  <system-out/>
  <testcase classname="com.jack.task.Stblaw" name="run" time="5.010"/>
  <system-out/>
  <testcase classname="com.jack.task.Stblaw" name="run" time="5.959"/>
  <system-out/>
  <testcase classname="com.jack.task.Stblaw" name="run" time="3.543"/>
  <system-out/>
  <testcase classname="com.jack.task.Stblaw" name="run" time="9.296"/>
  <system-out/>
  <testcase classname="com.jack.task.Stblaw" name="run" time="5.129"/>
  <system-out/>
  <testcase classname="com.jack.task.Stblaw" name="run" time="3.839"/>
  <system-out/>
  <testcase classname="com.jack.task.Stblaw" name="run" time="9.173"/>
  <system-out/>
  <testcase classname="com.jack.task.Stblaw" name="run" time="8.327"/>
  <system-out/>
  <testcase classname="com.jack.task.Stblaw" name="run" time="4.966"/>
  <system-out/>
  <testcase classname="com.jack.task.Stblaw" name="run" time="7.772"/>
  <system-out/>
  <testcase classname="com.jack.task.Stblaw" name="run" time="5.097"/>
  <system-out/>
  <testcase classname="com.jack.task.Stblaw" name="run" time="4.659"/>
  <system-out/>
  <testcase classname="com.jack.task.Stblaw" name="run" time="3.148"/>
  <system-out/>
  <testcase classname="com.jack.task.Stblaw" name="run" time="4.137"/>
  <system-out/>
  <testcase classname="com.jack.task.Stblaw" name="run" time="5.762"/>
  <system-out/>
  <testcase classname="com.jack.task.Stblaw" name="run" time="4.131"/>
  <system-out/>
  <testcase classname="com.jack.task.Stblaw" name="run" time="6.082"/>
  <system-out/>
  <testcase classname="com.jack.task.Stblaw" name="run" time="4.624"/>
  <system-out/>
  <testcase classname="com.jack.task.Stblaw" name="run" time="3.575"/>
  <system-out/>
  <testcase classname="com.jack.task.Stblaw" name="run" time="5.656"/>
  <system-out/>
  <testcase classname="com.jack.task.Stblaw" name="run" time="5.323"/>
  <system-out/>
  <testcase classname="com.jack.task.Stblaw" name="run" time="4.315"/>
  <system-out/>
  <testcase classname="com.jack.task.Stblaw" name="run" time="7.698"/>
  <system-out/>
  <testcase classname="com.jack.task.Stblaw" name="run" time="14.042"/>
  <system-out/>
  <testcase classname="com.jack.task.Stblaw" name="run" time="12.555"/>
  <system-out/>
  <testcase classname="com.jack.task.Stblaw" name="run" time="5.248"/>
  <system-out/>
  <testcase classname="com.jack.task.Stblaw" name="run" time="4.822"/>
  <system-out/>
  <testcase classname="com.jack.task.Stblaw" name="run" time="4.780"/>
  <system-out/>
  <testcase classname="com.jack.task.Stblaw" name="run" time="6.349"/>
  <system-out/>
  <testcase classname="com.jack.task.Stblaw" name="run" time="3.688"/>
  <system-out/>
  <testcase classname="com.jack.task.Stblaw" name="run" time="6.595"/>
  <system-out/>
  <testcase classname="com.jack.task.Stblaw" name="run" time="21.880"/>
  <system-out/>
  <testcase classname="com.jack.task.Stblaw" name="run" time="5.891"/>
  <system-out/>
  <testcase classname="com.jack.task.Stblaw" name="run" time="4.912"/>
  <system-out/>
  <testcase classname="com.jack.task.Stblaw" name="run" time="5.609"/>
  <system-out/>
  <testcase classname="com.jack.task.Stblaw" name="run" time="4.957"/>
  <system-out/>
  <testcase classname="com.jack.task.Stblaw" name="run" time="6.706"/>
  <system-out/>
  <testcase classname="com.jack.task.Stblaw" name="run" time="6.931"/>
  <system-out/>
  <testcase classname="com.jack.task.Stblaw" name="run" time="4.205"/>
  <system-out/>
  <testcase classname="com.jack.task.Stblaw" name="run" time="7.364"/>
  <system-out/>
  <testcase classname="com.jack.task.Stblaw" name="run" time="5.467"/>
  <system-out/>
  <testcase classname="com.jack.task.Stblaw" name="run" time="4.367"/>
  <system-out/>
  <testcase classname="com.jack.task.Stblaw" name="run" time="3.795"/>
  <system-out/>
  <testcase classname="com.jack.task.Stblaw" name="run" time="4.848"/>
  <system-out/>
  <testcase classname="com.jack.task.Stblaw" name="run" time="4.139"/>
  <system-out/>
  <testcase classname="com.jack.task.Stblaw" name="run" time="5.587"/>
  <system-out/>
  <testcase classname="com.jack.task.Stblaw" name="run" time="5.742"/>
  <system-out/>
  <testcase classname="com.jack.task.Stblaw" name="run" time="6.708"/>
  <system-out/>
  <testcase classname="com.jack.task.Stblaw" name="run" time="4.292"/>
  <system-out/>
  <testcase classname="com.jack.task.Stblaw" name="run" time="6.224"/>
  <system-out/>
  <testcase classname="com.jack.task.Stblaw" name="run" time="4.384"/>
  <system-out/>
  <testcase classname="com.jack.task.Stblaw" name="run" time="6.888"/>
  <system-out/>
  <testcase classname="com.jack.task.Stblaw" name="run" time="3.127"/>
  <system-out/>
  <testcase classname="com.jack.task.Stblaw" name="run" time="3.622"/>
  <system-out/>
  <testcase classname="com.jack.task.Stblaw" name="run" time="7.044"/>
  <system-out/>
  <testcase classname="com.jack.task.Stblaw" name="run" time="4.108"/>
  <system-out/>
  <testcase classname="com.jack.task.Stblaw" name="run" time="4.244"/>
  <system-out/>
  <testcase classname="com.jack.task.Stblaw" name="run" time="5.353"/>
  <system-out/>
  <testcase classname="com.jack.task.Stblaw" name="run" time="7.525"/>
  <system-out/>
  <testcase classname="com.jack.task.Stblaw" name="run" time="9.552"/>
  <system-out/>
  <testcase classname="com.jack.task.Stblaw" name="run" time="4.689"/>
  <system-out/>
  <testcase classname="com.jack.task.Stblaw" name="run" time="7.078"/>
  <system-out/>
  <testcase classname="com.jack.task.Stblaw" name="run" time="4.165"/>
  <system-out/>
  <testcase classname="com.jack.task.Stblaw" name="run" time="4.808"/>
  <system-out/>
  <testcase classname="com.jack.task.Stblaw" name="run" time="3.691"/>
  <system-out/>
  <testcase classname="com.jack.task.Stblaw" name="run" time="6.369"/>
  <system-out/>
  <testcase classname="com.jack.task.Stblaw" name="run" time="6.601"/>
  <system-out/>
  <testcase classname="com.jack.task.Stblaw" name="run" time="4.350"/>
  <system-out/>
  <testcase classname="com.jack.task.Stblaw" name="run" time="6.545"/>
  <system-out/>
  <testcase classname="com.jack.task.Stblaw" name="run" time="4.415"/>
  <system-out/>
  <testcase classname="com.jack.task.Stblaw" name="run" time="6.851"/>
  <system-out/>
  <testcase classname="com.jack.task.Stblaw" name="run" time="4.948"/>
  <system-out/>
  <testcase classname="com.jack.task.Stblaw" name="run" time="6.857"/>
  <system-out/>
  <testcase classname="com.jack.task.Stblaw" name="run" time="4.092"/>
  <system-out/>
  <testcase classname="com.jack.task.Stblaw" name="run" time="6.072"/>
  <system-out/>
  <testcase classname="com.jack.task.Stblaw" name="run" time="3.703"/>
  <system-out/>
  <testcase classname="com.jack.task.Stblaw" name="run" time="6.739"/>
  <system-out/>
  <testcase classname="com.jack.task.Stblaw" name="run" time="6.543"/>
  <system-out/>
  <testcase classname="com.jack.task.Stblaw" name="run" time="5.062"/>
  <system-out/>
  <testcase classname="com.jack.task.Stblaw" name="run" time="4.920"/>
  <system-out/>
  <testcase classname="com.jack.task.Stblaw" name="run" time="8.222"/>
  <system-out/>
  <testcase classname="com.jack.task.Stblaw" name="run" time="5.410"/>
  <system-out/>
  <testcase classname="com.jack.task.Stblaw" name="run" time="6.035"/>
  <system-out/>
  <testcase classname="com.jack.task.Stblaw" name="run" time="5.919"/>
  <system-out/>
  <testcase classname="com.jack.task.Stblaw" name="run" time="4.252"/>
  <system-out/>
  <testcase classname="com.jack.task.Stblaw" name="run" time="6.490"/>
  <system-out/>
  <testcase classname="com.jack.task.Stblaw" name="run" time="3.301"/>
  <system-out/>
  <testcase classname="com.jack.task.Stblaw" name="run" time="5.334"/>
  <system-out/>
  <testcase classname="com.jack.task.Stblaw" name="run" time="4.786"/>
  <system-out/>
  <testcase classname="com.jack.task.Stblaw" name="run" time="4.196"/>
  <system-out/>
  <testcase classname="com.jack.task.Stblaw" name="run" time="7.544"/>
  <system-out/>
  <testcase classname="com.jack.task.Stblaw" name="run" time="4.948"/>
  <system-out/>
  <testcase classname="com.jack.task.Stblaw" name="run" time="14.239"/>
  <system-out/>
  <testcase classname="com.jack.task.Stblaw" name="run" time="5.302"/>
  <system-out/>
  <testcase classname="com.jack.task.Stblaw" name="run" time="4.336"/>
  <system-out/>
  <testcase classname="com.jack.task.Stblaw" name="run" time="4.834"/>
  <system-out/>
  <testcase classname="com.jack.task.Stblaw" name="run" time="4.707"/>
  <system-out/>
  <testcase classname="com.jack.task.Stblaw" name="run" time="4.686"/>
  <system-out/>
  <testcase classname="com.jack.task.Stblaw" name="run" time="5.376"/>
  <system-out/>
  <testcase classname="com.jack.task.Stblaw" name="run" time="4.647"/>
  <system-out/>
  <testcase classname="com.jack.task.Stblaw" name="run" time="8.462"/>
  <system-out/>
  <testcase classname="com.jack.task.Stblaw" name="run" time="5.196"/>
  <system-out/>
  <testcase classname="com.jack.task.Stblaw" name="run" time="5.647"/>
  <system-out/>
  <testcase classname="com.jack.task.Stblaw" name="run" time="7.994"/>
  <system-out/>
  <testcase classname="com.jack.task.Stblaw" name="run" time="4.347"/>
  <system-out/>
  <testcase classname="com.jack.task.Stblaw" name="run" time="4.520"/>
  <system-out/>
  <testcase classname="com.jack.task.Stblaw" name="run" time="4.402"/>
  <system-out/>
  <testcase classname="com.jack.task.Stblaw" name="run" time="6.560"/>
  <system-out/>
  <testcase classname="com.jack.task.Stblaw" name="run" time="3.942"/>
  <system-out/>
  <testcase classname="com.jack.task.Stblaw" name="run" time="5.721"/>
  <system-out/>
  <testcase classname="com.jack.task.Stblaw" name="run" time="6.758"/>
  <system-out/>
  <testcase classname="com.jack.task.Stblaw" name="run" time="5.492"/>
  <system-out/>
  <testcase classname="com.jack.task.Stblaw" name="run" time="7.771"/>
  <system-out/>
  <testcase classname="com.jack.task.Stblaw" name="run" time="7.949"/>
  <system-out/>
  <testcase classname="com.jack.task.Stblaw" name="run" time="4.726"/>
  <system-out/>
  <testcase classname="com.jack.task.Stblaw" name="run" time="7.686"/>
  <system-out/>
  <testcase classname="com.jack.task.Stblaw" name="run" time="8.377"/>
  <system-out/>
  <testcase classname="com.jack.task.Stblaw" name="run" time="6.624"/>
  <system-out/>
  <testcase classname="com.jack.task.Stblaw" name="run" time="4.326"/>
  <system-out/>
  <testcase classname="com.jack.task.Stblaw" name="run" time="5.150"/>
  <system-out/>
  <testcase classname="com.jack.task.Stblaw" name="run" time="4.590"/>
  <system-out/>
  <testcase classname="com.jack.task.Stblaw" name="run" time="6.062"/>
  <system-out/>
  <testcase classname="com.jack.task.Stblaw" name="run" time="4.524"/>
  <system-out/>
  <testcase classname="com.jack.task.Stblaw" name="run" time="6.164"/>
  <system-out/>
  <testcase classname="com.jack.task.Stblaw" name="run" time="6.087"/>
  <system-out/>
  <testcase classname="com.jack.task.Stblaw" name="run" time="4.170"/>
  <system-out/>
  <testcase classname="com.jack.task.Stblaw" name="run" time="4.296"/>
  <system-out/>
  <testcase classname="com.jack.task.Stblaw" name="run" time="4.297"/>
  <system-out/>
  <testcase classname="com.jack.task.Stblaw" name="run" time="4.602"/>
  <system-out/>
  <testcase classname="com.jack.task.Stblaw" name="run" time="5.744"/>
  <system-out/>
  <testcase classname="com.jack.task.Stblaw" name="run" time="6.382"/>
  <system-out/>
  <testcase classname="com.jack.task.Stblaw" name="run" time="4.652"/>
  <system-out/>
  <testcase classname="com.jack.task.Stblaw" name="run" time="6.976"/>
  <system-out/>
  <testcase classname="com.jack.task.Stblaw" name="run" time="7.087"/>
  <system-out/>
  <testcase classname="com.jack.task.Stblaw" name="run" time="5.953"/>
  <system-out/>
  <testcase classname="com.jack.task.Stblaw" name="run" time="9.337"/>
  <system-out/>
  <testcase classname="com.jack.task.Stblaw" name="run" time="4.855"/>
  <system-out/>
  <testcase classname="com.jack.task.Stblaw" name="run" time="5.161"/>
  <system-out/>
  <testcase classname="com.jack.task.Stblaw" name="run" time="6.180"/>
  <system-out/>
  <testcase classname="com.jack.task.Stblaw" name="run" time="4.649"/>
  <system-out/>
  <testcase classname="com.jack.task.Stblaw" name="run" time="5.888"/>
  <system-out/>
  <testcase classname="com.jack.task.Stblaw" name="run" time="5.878"/>
  <system-out/>
  <testcase classname="com.jack.task.Stblaw" name="run" time="7.128"/>
  <system-out/>
  <testcase classname="com.jack.task.Stblaw" name="run" time="3.932"/>
  <system-out/>
  <testcase classname="com.jack.task.Stblaw" name="run" time="6.299"/>
  <system-out/>
  <testcase classname="com.jack.task.Stblaw" name="run" time="6.363"/>
  <system-out/>
  <testcase classname="com.jack.task.Stblaw" name="run" time="6.110"/>
  <system-out/>
  <testcase classname="com.jack.task.Stblaw" name="run" time="3.615"/>
  <system-out/>
  <testcase classname="com.jack.task.Stblaw" name="run" time="3.966"/>
  <system-out/>
  <testcase classname="com.jack.task.Stblaw" name="run" time="6.257"/>
  <system-out/>
  <testcase classname="com.jack.task.Stblaw" name="run" time="5.140"/>
  <system-out/>
  <testcase classname="com.jack.task.Stblaw" name="run" time="5.795"/>
  <system-out/>
  <testcase classname="com.jack.task.Stblaw" name="run" time="7.766"/>
  <system-out/>
  <testcase classname="com.jack.task.Stblaw" name="run" time="4.023"/>
  <system-out/>
  <testcase classname="com.jack.task.Stblaw" name="run" time="8.203"/>
  <system-out/>
  <testcase classname="com.jack.task.Stblaw" name="run" time="7.435"/>
  <system-out/>
  <testcase classname="com.jack.task.Stblaw" name="run" time="7.727"/>
  <system-out/>
  <testcase classname="com.jack.task.Stblaw" name="run" time="4.028"/>
  <system-out/>
  <testcase classname="com.jack.task.Stblaw" name="run" time="5.104"/>
  <system-out/>
  <testcase classname="com.jack.task.Stblaw" name="run" time="8.710"/>
  <system-out/>
  <testcase classname="com.jack.task.Stblaw" name="run" time="4.700"/>
  <system-out/>
  <testcase classname="com.jack.task.Stblaw" name="run" time="3.395"/>
  <system-out/>
  <testcase classname="com.jack.task.Stblaw" name="run" time="3.614"/>
  <system-out/>
  <testcase classname="com.jack.task.Stblaw" name="run" time="8.547"/>
  <system-out/>
  <testcase classname="com.jack.task.Stblaw" name="run" time="6.634"/>
  <system-out/>
  <testcase classname="com.jack.task.Stblaw" name="run" time="7.479"/>
  <system-out/>
  <testcase classname="com.jack.task.Stblaw" name="run" time="4.611"/>
  <system-out/>
  <testcase classname="com.jack.task.Stblaw" name="run" time="4.126"/>
  <system-out/>
  <testcase classname="com.jack.task.Stblaw" name="run" time="5.574"/>
  <system-out/>
  <testcase classname="com.jack.task.Stblaw" name="run" time="5.965"/>
  <system-out/>
  <testcase classname="com.jack.task.Stblaw" name="run" time="8.205"/>
  <system-out/>
  <testcase classname="com.jack.task.Stblaw" name="run" time="12.699"/>
  <system-out/>
  <testcase classname="com.jack.task.Stblaw" name="run" time="5.163"/>
  <system-out/>
  <testcase classname="com.jack.task.Stblaw" name="run" time="4.780"/>
  <system-out/>
  <testcase classname="com.jack.task.Stblaw" name="run" time="4.111"/>
  <system-out/>
  <testcase classname="com.jack.task.Stblaw" name="run" time="6.811"/>
  <system-out/>
  <testcase classname="com.jack.task.Stblaw" name="run" time="4.526"/>
  <system-out/>
  <testcase classname="com.jack.task.Stblaw" name="run" time="3.771"/>
  <system-out/>
  <testcase classname="com.jack.task.Stblaw" name="run" time="3.595"/>
  <system-out/>
  <testcase classname="com.jack.task.Stblaw" name="run" time="3.635"/>
  <system-out/>
  <testcase classname="com.jack.task.Stblaw" name="run" time="8.255"/>
  <system-out/>
  <testcase classname="com.jack.task.Stblaw" name="run" time="7.211"/>
  <system-out/>
  <testcase classname="com.jack.task.Stblaw" name="run" time="5.039"/>
  <system-out/>
  <testcase classname="com.jack.task.Stblaw" name="run" time="4.186"/>
  <system-out/>
  <testcase classname="com.jack.task.Stblaw" name="run" time="4.143"/>
  <system-out/>
  <testcase classname="com.jack.task.Stblaw" name="run" time="5.758"/>
  <system-out/>
  <testcase classname="com.jack.task.Stblaw" name="run" time="6.108"/>
  <system-out/>
  <testcase classname="com.jack.task.Stblaw" name="run" time="6.824"/>
  <system-out/>
  <testcase classname="com.jack.task.Stblaw" name="run" time="10.181"/>
  <system-out/>
  <testcase classname="com.jack.task.Stblaw" name="run" time="8.063"/>
  <system-out/>
  <testcase classname="com.jack.task.Stblaw" name="run" time="4.200"/>
  <system-out/>
  <testcase classname="com.jack.task.Stblaw" name="run" time="5.005"/>
  <system-out/>
  <testcase classname="com.jack.task.Stblaw" name="run" time="7.327"/>
  <system-out/>
  <testcase classname="com.jack.task.Stblaw" name="run" time="7.024"/>
  <system-out/>
  <testcase classname="com.jack.task.Stblaw" name="run" time="6.471"/>
  <system-out/>
  <testcase classname="com.jack.task.Stblaw" name="run" time="4.383"/>
  <system-out/>
  <testcase classname="com.jack.task.Stblaw" name="run" time="4.707"/>
  <system-out/>
  <testcase classname="com.jack.task.Stblaw" name="run" time="5.758"/>
  <system-out/>
  <testcase classname="com.jack.task.Stblaw" name="run" time="5.087"/>
  <system-out/>
  <testcase classname="com.jack.task.Stblaw" name="run" time="3.614"/>
  <system-out/>
  <testcase classname="com.jack.task.Stblaw" name="run" time="3.551"/>
  <system-out/>
  <testcase classname="com.jack.task.Stblaw" name="run" time="4.533"/>
  <system-out/>
  <testcase classname="com.jack.task.Stblaw" name="run" time="4.032"/>
  <system-out/>
  <testcase classname="com.jack.task.Stblaw" name="run" time="7.296"/>
  <system-out/>
  <testcase classname="com.jack.task.Stblaw" name="run" time="4.924"/>
  <system-out/>
  <testcase classname="com.jack.task.Stblaw" name="run" time="5.938"/>
  <system-out/>
  <testcase classname="com.jack.task.Stblaw" name="run" time="5.874"/>
  <system-out/>
  <testcase classname="com.jack.task.Stblaw" name="run" time="4.983"/>
  <system-out/>
  <testcase classname="com.jack.task.Stblaw" name="run" time="6.362"/>
  <system-out/>
  <testcase classname="com.jack.task.Stblaw" name="run" time="3.758"/>
  <system-out/>
  <testcase classname="com.jack.task.Stblaw" name="run" time="4.660"/>
  <system-out/>
  <testcase classname="com.jack.task.Stblaw" name="run" time="7.756"/>
  <system-out/>
  <testcase classname="com.jack.task.Stblaw" name="run" time="7.762"/>
  <system-out/>
  <testcase classname="com.jack.task.Stblaw" name="run" time="3.678"/>
  <system-out/>
  <testcase classname="com.jack.task.Stblaw" name="run" time="6.987"/>
  <system-out/>
  <testcase classname="com.jack.task.Stblaw" name="run" time="10.188"/>
  <system-out/>
  <testcase classname="com.jack.task.Stblaw" name="run" time="4.034"/>
  <system-out/>
  <testcase classname="com.jack.task.Stblaw" name="run" time="6.114"/>
  <system-out/>
  <testcase classname="com.jack.task.Stblaw" name="run" time="3.253"/>
  <system-out/>
  <testcase classname="com.jack.task.Stblaw" name="run" time="6.428"/>
  <system-out/>
  <testcase classname="com.jack.task.Stblaw" name="run" time="5.256"/>
  <system-out/>
  <testcase classname="com.jack.task.Stblaw" name="run" time="4.682"/>
  <system-out/>
  <testcase classname="com.jack.task.Stblaw" name="run" time="6.808"/>
  <system-out/>
  <testcase classname="com.jack.task.Stblaw" name="run" time="5.364"/>
  <system-out/>
  <testcase classname="com.jack.task.Stblaw" name="run" time="3.802"/>
  <system-out/>
  <testcase classname="com.jack.task.Stblaw" name="run" time="4.303"/>
  <system-out/>
  <testcase classname="com.jack.task.Stblaw" name="run" time="6.947"/>
  <system-out/>
  <testcase classname="com.jack.task.Stblaw" name="run" time="7.496"/>
  <system-out/>
  <testcase classname="com.jack.task.Stblaw" name="run" time="3.756"/>
  <system-out/>
  <testcase classname="com.jack.task.Stblaw" name="run" time="4.431"/>
  <system-out/>
  <testcase classname="com.jack.task.Stblaw" name="run" time="6.668"/>
  <system-out/>
  <testcase classname="com.jack.task.Stblaw" name="run" time="3.820"/>
  <system-out/>
  <testcase classname="com.jack.task.Stblaw" name="run" time="6.188"/>
  <system-out/>
  <testcase classname="com.jack.task.Stblaw" name="run" time="7.231"/>
  <system-out/>
  <testcase classname="com.jack.task.Stblaw" name="run" time="4.070"/>
  <system-out/>
  <testcase classname="com.jack.task.Stblaw" name="run" time="8.385"/>
  <system-out/>
  <testcase classname="com.jack.task.Stblaw" name="run" time="3.923"/>
  <system-out/>
  <testcase classname="com.jack.task.Stblaw" name="run" time="5.122"/>
  <system-out/>
  <testcase classname="com.jack.task.Stblaw" name="run" time="7.191"/>
  <system-out/>
  <testcase classname="com.jack.task.Stblaw" name="run" time="4.915"/>
  <system-out/>
  <testcase classname="com.jack.task.Stblaw" name="run" time="5.771"/>
  <system-out/>
  <testcase classname="com.jack.task.Stblaw" name="run" time="7.350"/>
  <system-out/>
  <testcase classname="com.jack.task.Stblaw" name="run" time="7.018"/>
  <system-out/>
  <testcase classname="com.jack.task.Stblaw" name="run" time="5.940"/>
  <system-out/>
  <testcase classname="com.jack.task.Stblaw" name="run" time="3.976"/>
  <system-out/>
  <testcase classname="com.jack.task.Stblaw" name="run" time="4.253"/>
  <system-out/>
  <testcase classname="com.jack.task.Stblaw" name="run" time="4.473"/>
  <system-out/>
  <testcase classname="com.jack.task.Stblaw" name="run" time="6.172"/>
  <system-out/>
  <testcase classname="com.jack.task.Stblaw" name="run" time="5.152"/>
  <system-out/>
  <testcase classname="com.jack.task.Stblaw" name="run" time="5.537"/>
  <system-out/>
  <testcase classname="com.jack.task.Stblaw" name="run" time="3.857"/>
  <system-out/>
  <testcase classname="com.jack.task.Stblaw" name="run" time="3.725"/>
  <system-out/>
  <testcase classname="com.jack.task.Stblaw" name="run" time="7.399"/>
  <system-out/>
  <testcase classname="com.jack.task.Stblaw" name="run" time="8.502"/>
  <system-out/>
  <testcase classname="com.jack.task.Stblaw" name="run" time="4.141"/>
  <system-out/>
  <testcase classname="com.jack.task.Stblaw" name="run" time="6.955"/>
  <system-out/>
  <testcase classname="com.jack.task.Stblaw" name="run" time="5.682"/>
  <system-out/>
  <testcase classname="com.jack.task.Stblaw" name="run" time="7.727"/>
  <system-out/>
  <testcase classname="com.jack.task.Stblaw" name="run" time="5.786"/>
  <system-out/>
  <testcase classname="com.jack.task.Stblaw" name="run" time="6.811"/>
  <system-out/>
  <testcase classname="com.jack.task.Stblaw" name="run" time="7.646"/>
  <system-out/>
  <testcase classname="com.jack.task.Stblaw" name="run" time="6.423"/>
  <system-out/>
  <testcase classname="com.jack.task.Stblaw" name="run" time="3.953"/>
  <system-out/>
  <testcase classname="com.jack.task.Stblaw" name="run" time="4.308"/>
  <system-out/>
  <testcase classname="com.jack.task.Stblaw" name="run" time="10.518"/>
  <system-out/>
  <testcase classname="com.jack.task.Stblaw" name="run" time="7.646"/>
  <system-out/>
  <testcase classname="com.jack.task.Stblaw" name="run" time="8.214"/>
  <system-out/>
  <testcase classname="com.jack.task.Stblaw" name="run" time="5.238"/>
  <system-out/>
  <testcase classname="com.jack.task.Stblaw" name="run" time="3.211"/>
  <system-out/>
  <testcase classname="com.jack.task.Stblaw" name="run" time="4.336"/>
  <system-out/>
  <testcase classname="com.jack.task.Stblaw" name="run" time="6.775"/>
  <system-out/>
  <testcase classname="com.jack.task.Stblaw" name="run" time="5.950"/>
  <system-out/>
  <testcase classname="com.jack.task.Stblaw" name="run" time="3.681"/>
  <system-out/>
  <testcase classname="com.jack.task.Stblaw" name="run" time="4.450"/>
  <system-out/>
  <testcase classname="com.jack.task.Stblaw" name="run" time="5.597"/>
  <system-out/>
  <testcase classname="com.jack.task.Stblaw" name="run" time="8.134"/>
  <system-out/>
  <testcase classname="com.jack.task.Stblaw" name="run" time="5.146"/>
  <system-out/>
  <testcase classname="com.jack.task.Stblaw" name="run" time="5.819"/>
  <system-out/>
  <testcase classname="com.jack.task.Stblaw" name="run" time="5.687"/>
  <system-out/>
  <testcase classname="com.jack.task.Stblaw" name="run" time="3.888"/>
  <system-out/>
  <testcase classname="com.jack.task.Stblaw" name="run" time="4.654"/>
  <system-out/>
  <testcase classname="com.jack.task.Stblaw" name="run" time="7.217"/>
  <system-out/>
  <testcase classname="com.jack.task.Stblaw" name="run" time="4.991"/>
  <system-out/>
  <testcase classname="com.jack.task.Stblaw" name="run" time="4.101"/>
  <system-out/>
  <testcase classname="com.jack.task.Stblaw" name="run" time="4.693"/>
  <system-out/>
  <testcase classname="com.jack.task.Stblaw" name="run" time="4.055"/>
  <system-out/>
  <testcase classname="com.jack.task.Stblaw" name="run" time="6.924"/>
  <system-out/>
  <testcase classname="com.jack.task.Stblaw" name="run" time="4.852"/>
  <system-out/>
  <testcase classname="com.jack.task.Stblaw" name="run" time="5.144"/>
  <system-out/>
  <testcase classname="com.jack.task.Stblaw" name="run" time="6.087"/>
  <system-out/>
  <testcase classname="com.jack.task.Stblaw" name="run" time="5.584"/>
  <system-out/>
  <testcase classname="com.jack.task.Stblaw" name="run" time="7.439"/>
  <system-out/>
  <testcase classname="com.jack.task.Stblaw" name="run" time="4.290"/>
  <system-out/>
  <testcase classname="com.jack.task.Stblaw" name="run" time="4.563"/>
  <system-out/>
  <testcase classname="com.jack.task.Stblaw" name="run" time="3.751"/>
  <system-out/>
  <testcase classname="com.jack.task.Stblaw" name="run" time="8.105"/>
  <system-out/>
  <testcase classname="com.jack.task.Stblaw" name="run" time="4.046"/>
  <system-out/>
  <testcase classname="com.jack.task.Stblaw" name="run" time="5.424"/>
  <system-out/>
  <testcase classname="com.jack.task.Stblaw" name="run" time="5.868"/>
  <system-out/>
  <testcase classname="com.jack.task.Stblaw" name="run" time="4.108"/>
  <system-out/>
  <testcase classname="com.jack.task.Stblaw" name="run" time="3.644"/>
  <system-out/>
  <testcase classname="com.jack.task.Stblaw" name="run" time="3.708"/>
  <system-out/>
  <testcase classname="com.jack.task.Stblaw" name="run" time="12.007"/>
  <system-out/>
  <testcase classname="com.jack.task.Stblaw" name="run" time="6.105"/>
  <system-out/>
  <testcase classname="com.jack.task.Stblaw" name="run" time="4.792"/>
  <system-out/>
  <testcase classname="com.jack.task.Stblaw" name="run" time="6.675"/>
  <system-out/>
  <testcase classname="com.jack.task.Stblaw" name="run" time="5.534"/>
  <system-out/>
  <testcase classname="com.jack.task.Stblaw" name="run" time="4.168"/>
  <system-out/>
  <testcase classname="com.jack.task.Stblaw" name="run" time="4.748"/>
  <system-out/>
  <testcase classname="com.jack.task.Stblaw" name="run" time="4.986"/>
  <system-out/>
  <testcase classname="com.jack.task.Stblaw" name="run" time="3.848"/>
  <system-out/>
  <testcase classname="com.jack.task.Stblaw" name="run" time="7.423"/>
  <system-out/>
  <testcase classname="com.jack.task.Stblaw" name="run" time="3.856"/>
  <system-out/>
  <testcase classname="com.jack.task.Stblaw" name="run" time="5.053"/>
  <system-out/>
  <testcase classname="com.jack.task.Stblaw" name="run" time="5.223"/>
  <system-out/>
  <testcase classname="com.jack.task.Stblaw" name="run" time="11.033"/>
  <system-out/>
  <testcase classname="com.jack.task.Stblaw" name="run" time="4.987"/>
  <system-out/>
  <testcase classname="com.jack.task.Stblaw" name="run" time="4.374"/>
  <system-out/>
  <testcase classname="com.jack.task.Stblaw" name="run" time="7.537"/>
  <system-out/>
  <testcase classname="com.jack.task.Stblaw" name="run" time="3.925"/>
  <system-out/>
  <testcase classname="com.jack.task.Stblaw" name="run" time="5.831"/>
  <system-out/>
  <testcase classname="com.jack.task.Stblaw" name="run" time="4.369"/>
  <system-out/>
  <testcase classname="com.jack.task.Stblaw" name="run" time="4.805"/>
  <system-out/>
  <testcase classname="com.jack.task.Stblaw" name="run" time="4.578"/>
  <system-out/>
  <testcase classname="com.jack.task.Stblaw" name="run" time="5.322"/>
  <system-out/>
  <testcase classname="com.jack.task.Stblaw" name="run" time="6.644"/>
  <system-out/>
  <testcase classname="com.jack.task.Stblaw" name="run" time="3.733"/>
  <system-out/>
  <testcase classname="com.jack.task.Stblaw" name="run" time="5.391"/>
  <system-out/>
  <testcase classname="com.jack.task.Stblaw" name="run" time="7.729"/>
  <system-out/>
  <testcase classname="com.jack.task.Stblaw" name="run" time="5.399"/>
  <system-out/>
  <testcase classname="com.jack.task.Stblaw" name="run" time="3.149"/>
  <system-out/>
  <testcase classname="com.jack.task.Stblaw" name="run" time="10.729"/>
  <system-out/>
  <testcase classname="com.jack.task.Stblaw" name="run" time="6.687"/>
  <system-out/>
  <testcase classname="com.jack.task.Stblaw" name="run" time="2.959"/>
  <system-out/>
  <testcase classname="com.jack.task.Stblaw" name="run" time="8.021"/>
  <system-out/>
  <testcase classname="com.jack.task.Stblaw" name="run" time="4.645"/>
  <system-out/>
  <testcase classname="com.jack.task.Stblaw" name="run" time="6.220"/>
  <system-out/>
  <testcase classname="com.jack.task.Stblaw" name="run" time="10.129"/>
  <system-out/>
  <testcase classname="com.jack.task.Stblaw" name="run" time="6.254"/>
  <system-out/>
  <testcase classname="com.jack.task.Stblaw" name="run" time="6.323"/>
  <system-out/>
  <testcase classname="com.jack.task.Stblaw" name="run" time="10.230"/>
  <system-out/>
  <testcase classname="com.jack.task.Stblaw" name="run" time="5.275"/>
  <system-out/>
  <testcase classname="com.jack.task.Stblaw" name="run" time="5.408"/>
  <system-out/>
  <testcase classname="com.jack.task.Stblaw" name="run" time="8.015"/>
  <system-out/>
  <testcase classname="com.jack.task.Stblaw" name="run" time="3.770"/>
  <system-out/>
  <testcase classname="com.jack.task.Stblaw" name="run" time="4.595"/>
  <system-out/>
  <testcase classname="com.jack.task.Stblaw" name="run" time="7.791"/>
  <system-out/>
  <testcase classname="com.jack.task.Stblaw" name="run" time="6.710"/>
  <system-out/>
  <testcase classname="com.jack.task.Stblaw" name="run" time="4.383"/>
  <system-out/>
  <testcase classname="com.jack.task.Stblaw" name="run" time="3.479"/>
  <system-out/>
  <testcase classname="com.jack.task.Stblaw" name="run" time="7.027"/>
  <system-out/>
  <testcase classname="com.jack.task.Stblaw" name="run" time="4.485"/>
  <system-out/>
  <testcase classname="com.jack.task.Stblaw" name="run" time="4.135"/>
  <system-out/>
  <testcase classname="com.jack.task.Stblaw" name="run" time="4.839"/>
  <system-out/>
  <testcase classname="com.jack.task.Stblaw" name="run" time="5.530"/>
  <system-out/>
  <testcase classname="com.jack.task.Stblaw" name="run" time="7.312"/>
  <system-out/>
  <testcase classname="com.jack.task.Stblaw" name="run" time="4.697"/>
  <system-out/>
  <testcase classname="com.jack.task.Stblaw" name="run" time="6.246"/>
  <system-out/>
  <testcase classname="com.jack.task.Stblaw" name="run" time="4.216"/>
  <system-out/>
  <testcase classname="com.jack.task.Stblaw" name="run" time="5.438"/>
  <system-out/>
  <testcase classname="com.jack.task.Stblaw" name="run" time="6.114"/>
  <system-out/>
  <testcase classname="com.jack.task.Stblaw" name="run" time="5.590"/>
  <system-out/>
  <testcase classname="com.jack.task.Stblaw" name="run" time="3.957"/>
  <system-out/>
  <testcase classname="com.jack.task.Stblaw" name="run" time="6.387"/>
  <system-out/>
  <testcase classname="com.jack.task.Stblaw" name="run" time="5.515"/>
  <system-out/>
  <testcase classname="com.jack.task.Stblaw" name="run" time="4.092"/>
  <system-out/>
  <testcase classname="com.jack.task.Stblaw" name="run" time="4.146"/>
  <system-out/>
  <testcase classname="com.jack.task.Stblaw" name="run" time="4.851"/>
  <system-out/>
  <testcase classname="com.jack.task.Stblaw" name="run" time="5.555"/>
  <system-out/>
  <testcase classname="com.jack.task.Stblaw" name="run" time="3.823"/>
  <system-out/>
  <testcase classname="com.jack.task.Stblaw" name="run" time="5.886"/>
  <system-out/>
  <testcase classname="com.jack.task.Stblaw" name="run" time="4.427"/>
  <system-out/>
  <testcase classname="com.jack.task.Stblaw" name="run" time="5.780"/>
  <system-out/>
  <testcase classname="com.jack.task.Stblaw" name="run" time="3.531"/>
  <system-out/>
  <testcase classname="com.jack.task.Stblaw" name="run" time="3.315"/>
  <system-out/>
  <testcase classname="com.jack.task.Stblaw" name="run" time="6.366"/>
  <system-out/>
  <testcase classname="com.jack.task.Stblaw" name="run" time="4.929"/>
  <system-out/>
  <testcase classname="com.jack.task.Stblaw" name="run" time="3.524"/>
  <system-out/>
  <testcase classname="com.jack.task.Stblaw" name="run" time="6.473"/>
  <system-out/>
  <testcase classname="com.jack.task.Stblaw" name="run" time="8.408"/>
  <system-out/>
  <testcase classname="com.jack.task.Stblaw" name="run" time="10.065"/>
  <system-out/>
  <testcase classname="com.jack.task.Stblaw" name="run" time="4.332"/>
  <system-out/>
  <testcase classname="com.jack.task.Stblaw" name="run" time="4.204"/>
  <system-out/>
  <testcase classname="com.jack.task.Stblaw" name="run" time="7.170"/>
  <system-out/>
  <testcase classname="com.jack.task.Stblaw" name="run" time="8.694"/>
  <system-out/>
  <testcase classname="com.jack.task.Stblaw" name="run" time="3.659"/>
  <system-out/>
  <testcase classname="com.jack.task.Stblaw" name="run" time="4.580"/>
  <system-out/>
  <testcase classname="com.jack.task.Stblaw" name="run" time="4.212"/>
  <system-out/>
  <testcase classname="com.jack.task.Stblaw" name="run" time="17.995"/>
  <system-out/>
  <testcase classname="com.jack.task.Stblaw" name="run" time="7.627"/>
  <system-out/>
  <testcase classname="com.jack.task.Stblaw" name="run" time="5.455"/>
  <system-out/>
  <testcase classname="com.jack.task.Stblaw" name="run" time="7.082"/>
  <system-out/>
  <testcase classname="com.jack.task.Stblaw" name="run" time="4.787"/>
  <system-out/>
  <testcase classname="com.jack.task.Stblaw" name="run" time="5.003"/>
  <system-out/>
  <testcase classname="com.jack.task.Stblaw" name="run" time="4.127"/>
  <system-out/>
  <testcase classname="com.jack.task.Stblaw" name="run" time="4.294"/>
  <system-out/>
  <testcase classname="com.jack.task.Stblaw" name="run" time="3.922"/>
  <system-out/>
  <testcase classname="com.jack.task.Stblaw" name="run" time="8.408"/>
  <system-out/>
  <testcase classname="com.jack.task.Stblaw" name="run" time="8.432"/>
  <system-out/>
  <testcase classname="com.jack.task.Stblaw" name="run" time="5.039"/>
  <system-out/>
  <testcase classname="com.jack.task.Stblaw" name="run" time="4.914"/>
  <system-out/>
  <testcase classname="com.jack.task.Stblaw" name="run" time="8.525"/>
  <system-out/>
  <testcase classname="com.jack.task.Stblaw" name="run" time="5.314"/>
  <system-out/>
</testsuite> <!-- com.jack.task.Stblaw -->
