<?xml version="1.0" encoding="UTF-8"?>
<!-- Generated by org.testng.reporters.JUnitReportReporter -->
<testsuite hostname="DESKTOP-3DLKC1S" failures="0" tests="7" name="com.jack.task2.Akingump" time="10.197" errors="0" timestamp="2023-02-27T23:03:18 BDT" skipped="0">
  <testcase classname="com.jack.task2.Akingump" name="run" time="1.925"/>
  <system-out/>
  <testcase classname="com.jack.task2.Akingump" name="run" time="2.048"/>
  <system-out/>
  <testcase classname="com.jack.task2.Akingump" name="testx" time="0.001"/>
  <system-out/>
  <testcase classname="com.jack.task2.Akingump" name="run" time="1.856"/>
  <system-out/>
  <testcase classname="com.jack.task2.Akingump" name="saveList" time="0.028"/>
  <system-out/>
  <testcase classname="com.jack.task2.Akingump" name="run" time="2.279"/>
  <system-out/>
  <testcase classname="com.jack.task2.Akingump" name="run" time="2.060"/>
  <system-out/>
</testsuite> <!-- com.jack.task2.Akingump -->
