<?xml version="1.0" encoding="UTF-8"?>
<!-- Generated by org.testng.reporters.JUnitReportReporter -->
<testsuite hostname="DESKTOP-3DLKC1S" failures="0" tests="7" name="com.jack.task2.Goodwinlaw" time="15.337" errors="0" timestamp="2023-02-27T22:28:49 BDT" skipped="0">
  <testcase classname="com.jack.task2.Goodwinlaw" name="run" time="3.373"/>
  <system-out/>
  <testcase classname="com.jack.task2.Goodwinlaw" name="run" time="4.556"/>
  <system-out/>
  <testcase classname="com.jack.task2.Goodwinlaw" name="saveList" time="0.030"/>
  <system-out/>
  <testcase classname="com.jack.task2.Goodwinlaw" name="run" time="1.875"/>
  <system-out/>
  <testcase classname="com.jack.task2.Goodwinlaw" name="testx" time="0.001"/>
  <system-out/>
  <testcase classname="com.jack.task2.Goodwinlaw" name="run" time="2.077"/>
  <system-out/>
  <testcase classname="com.jack.task2.Goodwinlaw" name="run" time="3.425"/>
  <system-out/>
</testsuite> <!-- com.jack.task2.Goodwinlaw -->
