<?xml version="1.0" encoding="UTF-8"?>
<!-- Generated by org.testng.reporters.JUnitReportReporter -->
<testsuite hostname="DESKTOP-3DLKC1S" failures="0" tests="9" name="com.jack.task4.Dentons" time="41.371" errors="0" timestamp="2023-04-01T23:36:13 BDT" skipped="0">
  <testcase classname="com.jack.task4.Dentons" name="run" time="2.637"/>
  <system-out/>
  <testcase classname="com.jack.task4.Dentons" name="run" time="10.315"/>
  <system-out/>
  <testcase classname="com.jack.task4.Dentons" name="run" time="2.397"/>
  <system-out/>
  <testcase classname="com.jack.task4.Dentons" name="saveList" time="0.169"/>
  <system-out/>
  <testcase classname="com.jack.task4.Dentons" name="run" time="5.036"/>
  <system-out/>
  <testcase classname="com.jack.task4.Dentons" name="testx" time="0.001"/>
  <system-out/>
  <testcase classname="com.jack.task4.Dentons" name="run" time="14.076"/>
  <system-out/>
  <testcase classname="com.jack.task4.Dentons" name="run" time="3.175"/>
  <system-out/>
  <testcase classname="com.jack.task4.Dentons" name="run" time="3.565"/>
  <system-out/>
</testsuite> <!-- com.jack.task4.Dentons -->
