<?xml version="1.0" encoding="UTF-8"?>
<!-- Generated by org.testng.reporters.JUnitReportReporter -->
<testsuite hostname="DESKTOP-89RDKF8" failures="0" tests="695" name="com.jack.task.Kilpatricktownsend" time="2933.359" errors="0" timestamp="2023-01-20T23:36:14 BDT" skipped="0">
  <testcase classname="com.jack.task.Kilpatricktownsend" name="run" time="2.814"/>
  <system-out/>
  <testcase classname="com.jack.task.Kilpatricktownsend" name="run" time="3.303"/>
  <system-out/>
  <testcase classname="com.jack.task.Kilpatricktownsend" name="run" time="3.194"/>
  <system-out/>
  <testcase classname="com.jack.task.Kilpatricktownsend" name="run" time="2.620"/>
  <system-out/>
  <testcase classname="com.jack.task.Kilpatricktownsend" name="run" time="2.878"/>
  <system-out/>
  <testcase classname="com.jack.task.Kilpatricktownsend" name="run" time="2.987"/>
  <system-out/>
  <testcase classname="com.jack.task.Kilpatricktownsend" name="run" time="2.540"/>
  <system-out/>
  <testcase classname="com.jack.task.Kilpatricktownsend" name="run" time="8.406"/>
  <system-out/>
  <testcase classname="com.jack.task.Kilpatricktownsend" name="run" time="3.011"/>
  <system-out/>
  <testcase classname="com.jack.task.Kilpatricktownsend" name="run" time="6.021"/>
  <system-out/>
  <testcase classname="com.jack.task.Kilpatricktownsend" name="run" time="4.431"/>
  <system-out/>
  <testcase classname="com.jack.task.Kilpatricktownsend" name="run" time="2.486"/>
  <system-out/>
  <testcase classname="com.jack.task.Kilpatricktownsend" name="run" time="4.358"/>
  <system-out/>
  <testcase classname="com.jack.task.Kilpatricktownsend" name="run" time="4.292"/>
  <system-out/>
  <testcase classname="com.jack.task.Kilpatricktownsend" name="run" time="3.205"/>
  <system-out/>
  <testcase classname="com.jack.task.Kilpatricktownsend" name="run" time="5.589"/>
  <system-out/>
  <testcase classname="com.jack.task.Kilpatricktownsend" name="run" time="2.606"/>
  <system-out/>
  <testcase classname="com.jack.task.Kilpatricktownsend" name="run" time="4.671"/>
  <system-out/>
  <testcase classname="com.jack.task.Kilpatricktownsend" name="run" time="17.579"/>
  <system-out/>
  <testcase classname="com.jack.task.Kilpatricktownsend" name="run" time="2.535"/>
  <system-out/>
  <testcase classname="com.jack.task.Kilpatricktownsend" name="run" time="2.702"/>
  <system-out/>
  <testcase classname="com.jack.task.Kilpatricktownsend" name="run" time="3.392"/>
  <system-out/>
  <testcase classname="com.jack.task.Kilpatricktownsend" name="run" time="6.655"/>
  <system-out/>
  <testcase classname="com.jack.task.Kilpatricktownsend" name="run" time="3.066"/>
  <system-out/>
  <testcase classname="com.jack.task.Kilpatricktownsend" name="run" time="3.651"/>
  <system-out/>
  <testcase classname="com.jack.task.Kilpatricktownsend" name="run" time="3.291"/>
  <system-out/>
  <testcase classname="com.jack.task.Kilpatricktownsend" name="run" time="3.945"/>
  <system-out/>
  <testcase classname="com.jack.task.Kilpatricktownsend" name="run" time="3.006"/>
  <system-out/>
  <testcase classname="com.jack.task.Kilpatricktownsend" name="run" time="2.538"/>
  <system-out/>
  <testcase classname="com.jack.task.Kilpatricktownsend" name="run" time="3.095"/>
  <system-out/>
  <testcase classname="com.jack.task.Kilpatricktownsend" name="run" time="22.449"/>
  <system-out/>
  <testcase classname="com.jack.task.Kilpatricktownsend" name="run" time="4.066"/>
  <system-out/>
  <testcase classname="com.jack.task.Kilpatricktownsend" name="run" time="2.633"/>
  <system-out/>
  <testcase classname="com.jack.task.Kilpatricktownsend" name="run" time="3.376"/>
  <system-out/>
  <testcase classname="com.jack.task.Kilpatricktownsend" name="run" time="3.865"/>
  <system-out/>
  <testcase classname="com.jack.task.Kilpatricktownsend" name="run" time="2.784"/>
  <system-out/>
  <testcase classname="com.jack.task.Kilpatricktownsend" name="run" time="4.211"/>
  <system-out/>
  <testcase classname="com.jack.task.Kilpatricktownsend" name="run" time="2.173"/>
  <system-out/>
  <testcase classname="com.jack.task.Kilpatricktownsend" name="run" time="2.982"/>
  <system-out/>
  <testcase classname="com.jack.task.Kilpatricktownsend" name="run" time="3.006"/>
  <system-out/>
  <testcase classname="com.jack.task.Kilpatricktownsend" name="run" time="13.562"/>
  <system-out/>
  <testcase classname="com.jack.task.Kilpatricktownsend" name="run" time="2.952"/>
  <system-out/>
  <testcase classname="com.jack.task.Kilpatricktownsend" name="run" time="4.122"/>
  <system-out/>
  <testcase classname="com.jack.task.Kilpatricktownsend" name="run" time="2.792"/>
  <system-out/>
  <testcase classname="com.jack.task.Kilpatricktownsend" name="run" time="3.458"/>
  <system-out/>
  <testcase classname="com.jack.task.Kilpatricktownsend" name="run" time="4.119"/>
  <system-out/>
  <testcase classname="com.jack.task.Kilpatricktownsend" name="run" time="5.605"/>
  <system-out/>
  <testcase classname="com.jack.task.Kilpatricktownsend" name="run" time="6.621"/>
  <system-out/>
  <testcase classname="com.jack.task.Kilpatricktownsend" name="run" time="2.962"/>
  <system-out/>
  <testcase classname="com.jack.task.Kilpatricktownsend" name="run" time="7.510"/>
  <system-out/>
  <testcase classname="com.jack.task.Kilpatricktownsend" name="run" time="2.742"/>
  <system-out/>
  <testcase classname="com.jack.task.Kilpatricktownsend" name="run" time="4.627"/>
  <system-out/>
  <testcase classname="com.jack.task.Kilpatricktownsend" name="run" time="3.140"/>
  <system-out/>
  <testcase classname="com.jack.task.Kilpatricktownsend" name="run" time="4.855"/>
  <system-out/>
  <testcase classname="com.jack.task.Kilpatricktownsend" name="run" time="19.882"/>
  <system-out/>
  <testcase classname="com.jack.task.Kilpatricktownsend" name="run" time="2.618"/>
  <system-out/>
  <testcase classname="com.jack.task.Kilpatricktownsend" name="run" time="3.617"/>
  <system-out/>
  <testcase classname="com.jack.task.Kilpatricktownsend" name="run" time="3.119"/>
  <system-out/>
  <testcase classname="com.jack.task.Kilpatricktownsend" name="run" time="3.386"/>
  <system-out/>
  <testcase classname="com.jack.task.Kilpatricktownsend" name="run" time="3.803"/>
  <system-out/>
  <testcase classname="com.jack.task.Kilpatricktownsend" name="run" time="5.656"/>
  <system-out/>
  <testcase classname="com.jack.task.Kilpatricktownsend" name="run" time="2.536"/>
  <system-out/>
  <testcase classname="com.jack.task.Kilpatricktownsend" name="run" time="5.302"/>
  <system-out/>
  <testcase classname="com.jack.task.Kilpatricktownsend" name="run" time="2.719"/>
  <system-out/>
  <testcase classname="com.jack.task.Kilpatricktownsend" name="run" time="4.017"/>
  <system-out/>
  <testcase classname="com.jack.task.Kilpatricktownsend" name="run" time="4.215"/>
  <system-out/>
  <testcase classname="com.jack.task.Kilpatricktownsend" name="run" time="2.392"/>
  <system-out/>
  <testcase classname="com.jack.task.Kilpatricktownsend" name="run" time="2.835"/>
  <system-out/>
  <testcase classname="com.jack.task.Kilpatricktownsend" name="run" time="3.722"/>
  <system-out/>
  <testcase classname="com.jack.task.Kilpatricktownsend" name="run" time="3.325"/>
  <system-out/>
  <testcase classname="com.jack.task.Kilpatricktownsend" name="run" time="3.002"/>
  <system-out/>
  <testcase classname="com.jack.task.Kilpatricktownsend" name="run" time="5.645"/>
  <system-out/>
  <testcase classname="com.jack.task.Kilpatricktownsend" name="run" time="6.954"/>
  <system-out/>
  <testcase classname="com.jack.task.Kilpatricktownsend" name="run" time="2.838"/>
  <system-out/>
  <testcase classname="com.jack.task.Kilpatricktownsend" name="run" time="2.883"/>
  <system-out/>
  <testcase classname="com.jack.task.Kilpatricktownsend" name="run" time="17.722"/>
  <system-out/>
  <testcase classname="com.jack.task.Kilpatricktownsend" name="run" time="3.148"/>
  <system-out/>
  <testcase classname="com.jack.task.Kilpatricktownsend" name="run" time="3.927"/>
  <system-out/>
  <testcase classname="com.jack.task.Kilpatricktownsend" name="run" time="3.027"/>
  <system-out/>
  <testcase classname="com.jack.task.Kilpatricktownsend" name="testx" time="0.001"/>
  <system-out/>
  <testcase classname="com.jack.task.Kilpatricktownsend" name="run" time="4.230"/>
  <system-out/>
  <testcase classname="com.jack.task.Kilpatricktownsend" name="run" time="3.663"/>
  <system-out/>
  <testcase classname="com.jack.task.Kilpatricktownsend" name="run" time="3.852"/>
  <system-out/>
  <testcase classname="com.jack.task.Kilpatricktownsend" name="run" time="5.878"/>
  <system-out/>
  <testcase classname="com.jack.task.Kilpatricktownsend" name="run" time="2.517"/>
  <system-out/>
  <testcase classname="com.jack.task.Kilpatricktownsend" name="run" time="3.239"/>
  <system-out/>
  <testcase classname="com.jack.task.Kilpatricktownsend" name="run" time="3.239"/>
  <system-out/>
  <testcase classname="com.jack.task.Kilpatricktownsend" name="run" time="2.946"/>
  <system-out/>
  <testcase classname="com.jack.task.Kilpatricktownsend" name="run" time="2.536"/>
  <system-out/>
  <testcase classname="com.jack.task.Kilpatricktownsend" name="run" time="3.133"/>
  <system-out/>
  <testcase classname="com.jack.task.Kilpatricktownsend" name="run" time="3.516"/>
  <system-out/>
  <testcase classname="com.jack.task.Kilpatricktownsend" name="run" time="3.682"/>
  <system-out/>
  <testcase classname="com.jack.task.Kilpatricktownsend" name="run" time="2.932"/>
  <system-out/>
  <testcase classname="com.jack.task.Kilpatricktownsend" name="run" time="6.149"/>
  <system-out/>
  <testcase classname="com.jack.task.Kilpatricktownsend" name="run" time="2.757"/>
  <system-out/>
  <testcase classname="com.jack.task.Kilpatricktownsend" name="run" time="3.139"/>
  <system-out/>
  <testcase classname="com.jack.task.Kilpatricktownsend" name="run" time="4.439"/>
  <system-out/>
  <testcase classname="com.jack.task.Kilpatricktownsend" name="run" time="5.235"/>
  <system-out/>
  <testcase classname="com.jack.task.Kilpatricktownsend" name="run" time="3.492"/>
  <system-out/>
  <testcase classname="com.jack.task.Kilpatricktownsend" name="run" time="3.788"/>
  <system-out/>
  <testcase classname="com.jack.task.Kilpatricktownsend" name="run" time="3.909"/>
  <system-out/>
  <testcase classname="com.jack.task.Kilpatricktownsend" name="run" time="5.527"/>
  <system-out/>
  <testcase classname="com.jack.task.Kilpatricktownsend" name="run" time="6.038"/>
  <system-out/>
  <testcase classname="com.jack.task.Kilpatricktownsend" name="run" time="4.655"/>
  <system-out/>
  <testcase classname="com.jack.task.Kilpatricktownsend" name="run" time="3.085"/>
  <system-out/>
  <testcase classname="com.jack.task.Kilpatricktownsend" name="run" time="3.405"/>
  <system-out/>
  <testcase classname="com.jack.task.Kilpatricktownsend" name="run" time="2.704"/>
  <system-out/>
  <testcase classname="com.jack.task.Kilpatricktownsend" name="run" time="2.670"/>
  <system-out/>
  <testcase classname="com.jack.task.Kilpatricktownsend" name="run" time="4.613"/>
  <system-out/>
  <testcase classname="com.jack.task.Kilpatricktownsend" name="run" time="3.704"/>
  <system-out/>
  <testcase classname="com.jack.task.Kilpatricktownsend" name="run" time="6.491"/>
  <system-out/>
  <testcase classname="com.jack.task.Kilpatricktownsend" name="run" time="2.951"/>
  <system-out/>
  <testcase classname="com.jack.task.Kilpatricktownsend" name="run" time="4.516"/>
  <system-out/>
  <testcase classname="com.jack.task.Kilpatricktownsend" name="run" time="4.421"/>
  <system-out/>
  <testcase classname="com.jack.task.Kilpatricktownsend" name="run" time="2.406"/>
  <system-out/>
  <testcase classname="com.jack.task.Kilpatricktownsend" name="run" time="3.132"/>
  <system-out/>
  <testcase classname="com.jack.task.Kilpatricktownsend" name="run" time="2.845"/>
  <system-out/>
  <testcase classname="com.jack.task.Kilpatricktownsend" name="run" time="3.288"/>
  <system-out/>
  <testcase classname="com.jack.task.Kilpatricktownsend" name="run" time="3.514"/>
  <system-out/>
  <testcase classname="com.jack.task.Kilpatricktownsend" name="run" time="2.911"/>
  <system-out/>
  <testcase classname="com.jack.task.Kilpatricktownsend" name="run" time="3.575"/>
  <system-out/>
  <testcase classname="com.jack.task.Kilpatricktownsend" name="run" time="3.061"/>
  <system-out/>
  <testcase classname="com.jack.task.Kilpatricktownsend" name="run" time="4.901"/>
  <system-out/>
  <testcase classname="com.jack.task.Kilpatricktownsend" name="run" time="3.442"/>
  <system-out/>
  <testcase classname="com.jack.task.Kilpatricktownsend" name="run" time="5.139"/>
  <system-out/>
  <testcase classname="com.jack.task.Kilpatricktownsend" name="run" time="4.165"/>
  <system-out/>
  <testcase classname="com.jack.task.Kilpatricktownsend" name="run" time="2.817"/>
  <system-out/>
  <testcase classname="com.jack.task.Kilpatricktownsend" name="run" time="2.976"/>
  <system-out/>
  <testcase classname="com.jack.task.Kilpatricktownsend" name="run" time="2.778"/>
  <system-out/>
  <testcase classname="com.jack.task.Kilpatricktownsend" name="run" time="4.532"/>
  <system-out/>
  <testcase classname="com.jack.task.Kilpatricktownsend" name="run" time="2.736"/>
  <system-out/>
  <testcase classname="com.jack.task.Kilpatricktownsend" name="run" time="3.431"/>
  <system-out/>
  <testcase classname="com.jack.task.Kilpatricktownsend" name="run" time="3.235"/>
  <system-out/>
  <testcase classname="com.jack.task.Kilpatricktownsend" name="run" time="2.614"/>
  <system-out/>
  <testcase classname="com.jack.task.Kilpatricktownsend" name="run" time="2.670"/>
  <system-out/>
  <testcase classname="com.jack.task.Kilpatricktownsend" name="run" time="2.320"/>
  <system-out/>
  <testcase classname="com.jack.task.Kilpatricktownsend" name="run" time="3.590"/>
  <system-out/>
  <testcase classname="com.jack.task.Kilpatricktownsend" name="run" time="2.722"/>
  <system-out/>
  <testcase classname="com.jack.task.Kilpatricktownsend" name="run" time="3.104"/>
  <system-out/>
  <testcase classname="com.jack.task.Kilpatricktownsend" name="run" time="3.417"/>
  <system-out/>
  <testcase classname="com.jack.task.Kilpatricktownsend" name="run" time="3.243"/>
  <system-out/>
  <testcase classname="com.jack.task.Kilpatricktownsend" name="run" time="2.865"/>
  <system-out/>
  <testcase classname="com.jack.task.Kilpatricktownsend" name="run" time="4.205"/>
  <system-out/>
  <testcase classname="com.jack.task.Kilpatricktownsend" name="run" time="4.048"/>
  <system-out/>
  <testcase classname="com.jack.task.Kilpatricktownsend" name="run" time="3.033"/>
  <system-out/>
  <testcase classname="com.jack.task.Kilpatricktownsend" name="run" time="5.442"/>
  <system-out/>
  <testcase classname="com.jack.task.Kilpatricktownsend" name="run" time="3.508"/>
  <system-out/>
  <testcase classname="com.jack.task.Kilpatricktownsend" name="run" time="2.655"/>
  <system-out/>
  <testcase classname="com.jack.task.Kilpatricktownsend" name="run" time="2.956"/>
  <system-out/>
  <testcase classname="com.jack.task.Kilpatricktownsend" name="run" time="3.600"/>
  <system-out/>
  <testcase classname="com.jack.task.Kilpatricktownsend" name="run" time="6.609"/>
  <system-out/>
  <testcase classname="com.jack.task.Kilpatricktownsend" name="run" time="3.146"/>
  <system-out/>
  <testcase classname="com.jack.task.Kilpatricktownsend" name="run" time="4.022"/>
  <system-out/>
  <testcase classname="com.jack.task.Kilpatricktownsend" name="run" time="4.087"/>
  <system-out/>
  <testcase classname="com.jack.task.Kilpatricktownsend" name="run" time="3.550"/>
  <system-out/>
  <testcase classname="com.jack.task.Kilpatricktownsend" name="run" time="3.250"/>
  <system-out/>
  <testcase classname="com.jack.task.Kilpatricktownsend" name="run" time="5.117"/>
  <system-out/>
  <testcase classname="com.jack.task.Kilpatricktownsend" name="run" time="2.580"/>
  <system-out/>
  <testcase classname="com.jack.task.Kilpatricktownsend" name="run" time="3.130"/>
  <system-out/>
  <testcase classname="com.jack.task.Kilpatricktownsend" name="run" time="3.070"/>
  <system-out/>
  <testcase classname="com.jack.task.Kilpatricktownsend" name="run" time="7.591"/>
  <system-out/>
  <testcase classname="com.jack.task.Kilpatricktownsend" name="run" time="3.290"/>
  <system-out/>
  <testcase classname="com.jack.task.Kilpatricktownsend" name="run" time="3.222"/>
  <system-out/>
  <testcase classname="com.jack.task.Kilpatricktownsend" name="run" time="2.870"/>
  <system-out/>
  <testcase classname="com.jack.task.Kilpatricktownsend" name="run" time="3.423"/>
  <system-out/>
  <testcase classname="com.jack.task.Kilpatricktownsend" name="run" time="3.148"/>
  <system-out/>
  <testcase classname="com.jack.task.Kilpatricktownsend" name="run" time="8.510"/>
  <system-out/>
  <testcase classname="com.jack.task.Kilpatricktownsend" name="run" time="2.733"/>
  <system-out/>
  <testcase classname="com.jack.task.Kilpatricktownsend" name="run" time="5.744"/>
  <system-out/>
  <testcase classname="com.jack.task.Kilpatricktownsend" name="run" time="2.298"/>
  <system-out/>
  <testcase classname="com.jack.task.Kilpatricktownsend" name="run" time="3.141"/>
  <system-out/>
  <testcase classname="com.jack.task.Kilpatricktownsend" name="run" time="2.964"/>
  <system-out/>
  <testcase classname="com.jack.task.Kilpatricktownsend" name="run" time="5.054"/>
  <system-out/>
  <testcase classname="com.jack.task.Kilpatricktownsend" name="run" time="3.218"/>
  <system-out/>
  <testcase classname="com.jack.task.Kilpatricktownsend" name="run" time="2.751"/>
  <system-out/>
  <testcase classname="com.jack.task.Kilpatricktownsend" name="run" time="2.572"/>
  <system-out/>
  <testcase classname="com.jack.task.Kilpatricktownsend" name="run" time="2.552"/>
  <system-out/>
  <testcase classname="com.jack.task.Kilpatricktownsend" name="run" time="3.181"/>
  <system-out/>
  <testcase classname="com.jack.task.Kilpatricktownsend" name="run" time="2.850"/>
  <system-out/>
  <testcase classname="com.jack.task.Kilpatricktownsend" name="run" time="3.924"/>
  <system-out/>
  <testcase classname="com.jack.task.Kilpatricktownsend" name="run" time="7.017"/>
  <system-out/>
  <testcase classname="com.jack.task.Kilpatricktownsend" name="run" time="3.527"/>
  <system-out/>
  <testcase classname="com.jack.task.Kilpatricktownsend" name="run" time="4.866"/>
  <system-out/>
  <testcase classname="com.jack.task.Kilpatricktownsend" name="run" time="3.541"/>
  <system-out/>
  <testcase classname="com.jack.task.Kilpatricktownsend" name="run" time="2.948"/>
  <system-out/>
  <testcase classname="com.jack.task.Kilpatricktownsend" name="run" time="3.699"/>
  <system-out/>
  <testcase classname="com.jack.task.Kilpatricktownsend" name="run" time="4.863"/>
  <system-out/>
  <testcase classname="com.jack.task.Kilpatricktownsend" name="run" time="2.963"/>
  <system-out/>
  <testcase classname="com.jack.task.Kilpatricktownsend" name="run" time="3.239"/>
  <system-out/>
  <testcase classname="com.jack.task.Kilpatricktownsend" name="run" time="3.188"/>
  <system-out/>
  <testcase classname="com.jack.task.Kilpatricktownsend" name="run" time="2.809"/>
  <system-out/>
  <testcase classname="com.jack.task.Kilpatricktownsend" name="run" time="3.142"/>
  <system-out/>
  <testcase classname="com.jack.task.Kilpatricktownsend" name="run" time="3.130"/>
  <system-out/>
  <testcase classname="com.jack.task.Kilpatricktownsend" name="run" time="3.805"/>
  <system-out/>
  <testcase classname="com.jack.task.Kilpatricktownsend" name="run" time="4.349"/>
  <system-out/>
  <testcase classname="com.jack.task.Kilpatricktownsend" name="run" time="4.738"/>
  <system-out/>
  <testcase classname="com.jack.task.Kilpatricktownsend" name="run" time="3.131"/>
  <system-out/>
  <testcase classname="com.jack.task.Kilpatricktownsend" name="run" time="4.950"/>
  <system-out/>
  <testcase classname="com.jack.task.Kilpatricktownsend" name="run" time="3.239"/>
  <system-out/>
  <testcase classname="com.jack.task.Kilpatricktownsend" name="run" time="4.016"/>
  <system-out/>
  <testcase classname="com.jack.task.Kilpatricktownsend" name="run" time="2.410"/>
  <system-out/>
  <testcase classname="com.jack.task.Kilpatricktownsend" name="run" time="26.103"/>
  <system-out/>
  <testcase classname="com.jack.task.Kilpatricktownsend" name="run" time="3.933"/>
  <system-out/>
  <testcase classname="com.jack.task.Kilpatricktownsend" name="run" time="3.815"/>
  <system-out/>
  <testcase classname="com.jack.task.Kilpatricktownsend" name="run" time="4.332"/>
  <system-out/>
  <testcase classname="com.jack.task.Kilpatricktownsend" name="run" time="3.989"/>
  <system-out/>
  <testcase classname="com.jack.task.Kilpatricktownsend" name="run" time="5.957"/>
  <system-out/>
  <testcase classname="com.jack.task.Kilpatricktownsend" name="run" time="2.733"/>
  <system-out/>
  <testcase classname="com.jack.task.Kilpatricktownsend" name="run" time="3.103"/>
  <system-out/>
  <testcase classname="com.jack.task.Kilpatricktownsend" name="run" time="3.566"/>
  <system-out/>
  <testcase classname="com.jack.task.Kilpatricktownsend" name="run" time="2.778"/>
  <system-out/>
  <testcase classname="com.jack.task.Kilpatricktownsend" name="run" time="4.351"/>
  <system-out/>
  <testcase classname="com.jack.task.Kilpatricktownsend" name="run" time="3.186"/>
  <system-out/>
  <testcase classname="com.jack.task.Kilpatricktownsend" name="run" time="3.287"/>
  <system-out/>
  <testcase classname="com.jack.task.Kilpatricktownsend" name="run" time="3.238"/>
  <system-out/>
  <testcase classname="com.jack.task.Kilpatricktownsend" name="run" time="3.406"/>
  <system-out/>
  <testcase classname="com.jack.task.Kilpatricktownsend" name="run" time="3.515"/>
  <system-out/>
  <testcase classname="com.jack.task.Kilpatricktownsend" name="run" time="3.676"/>
  <system-out/>
  <testcase classname="com.jack.task.Kilpatricktownsend" name="run" time="3.083"/>
  <system-out/>
  <testcase classname="com.jack.task.Kilpatricktownsend" name="run" time="3.215"/>
  <system-out/>
  <testcase classname="com.jack.task.Kilpatricktownsend" name="run" time="5.972"/>
  <system-out/>
  <testcase classname="com.jack.task.Kilpatricktownsend" name="run" time="3.067"/>
  <system-out/>
  <testcase classname="com.jack.task.Kilpatricktownsend" name="run" time="20.438"/>
  <system-out/>
  <testcase classname="com.jack.task.Kilpatricktownsend" name="run" time="2.814"/>
  <system-out/>
  <testcase classname="com.jack.task.Kilpatricktownsend" name="run" time="3.271"/>
  <system-out/>
  <testcase classname="com.jack.task.Kilpatricktownsend" name="run" time="3.037"/>
  <system-out/>
  <testcase classname="com.jack.task.Kilpatricktownsend" name="run" time="5.227"/>
  <system-out/>
  <testcase classname="com.jack.task.Kilpatricktownsend" name="run" time="4.540"/>
  <system-out/>
  <testcase classname="com.jack.task.Kilpatricktownsend" name="run" time="2.913"/>
  <system-out/>
  <testcase classname="com.jack.task.Kilpatricktownsend" name="run" time="3.065"/>
  <system-out/>
  <testcase classname="com.jack.task.Kilpatricktownsend" name="run" time="7.090"/>
  <system-out/>
  <testcase classname="com.jack.task.Kilpatricktownsend" name="run" time="5.037"/>
  <system-out/>
  <testcase classname="com.jack.task.Kilpatricktownsend" name="run" time="2.872"/>
  <system-out/>
  <testcase classname="com.jack.task.Kilpatricktownsend" name="run" time="2.563"/>
  <system-out/>
  <testcase classname="com.jack.task.Kilpatricktownsend" name="run" time="3.292"/>
  <system-out/>
  <testcase classname="com.jack.task.Kilpatricktownsend" name="run" time="4.748"/>
  <system-out/>
  <testcase classname="com.jack.task.Kilpatricktownsend" name="run" time="4.768"/>
  <system-out/>
  <testcase classname="com.jack.task.Kilpatricktownsend" name="run" time="3.174"/>
  <system-out/>
  <testcase classname="com.jack.task.Kilpatricktownsend" name="run" time="5.589"/>
  <system-out/>
  <testcase classname="com.jack.task.Kilpatricktownsend" name="run" time="22.191"/>
  <system-out/>
  <testcase classname="com.jack.task.Kilpatricktownsend" name="run" time="3.685"/>
  <system-out/>
  <testcase classname="com.jack.task.Kilpatricktownsend" name="run" time="3.245"/>
  <system-out/>
  <testcase classname="com.jack.task.Kilpatricktownsend" name="run" time="4.569"/>
  <system-out/>
  <testcase classname="com.jack.task.Kilpatricktownsend" name="run" time="4.003"/>
  <system-out/>
  <testcase classname="com.jack.task.Kilpatricktownsend" name="run" time="3.939"/>
  <system-out/>
  <testcase classname="com.jack.task.Kilpatricktownsend" name="run" time="8.021"/>
  <system-out/>
  <testcase classname="com.jack.task.Kilpatricktownsend" name="run" time="3.904"/>
  <system-out/>
  <testcase classname="com.jack.task.Kilpatricktownsend" name="run" time="3.585"/>
  <system-out/>
  <testcase classname="com.jack.task.Kilpatricktownsend" name="run" time="2.941"/>
  <system-out/>
  <testcase classname="com.jack.task.Kilpatricktownsend" name="run" time="2.814"/>
  <system-out/>
  <testcase classname="com.jack.task.Kilpatricktownsend" name="run" time="3.124"/>
  <system-out/>
  <testcase classname="com.jack.task.Kilpatricktownsend" name="run" time="4.639"/>
  <system-out/>
  <testcase classname="com.jack.task.Kilpatricktownsend" name="run" time="4.790"/>
  <system-out/>
  <testcase classname="com.jack.task.Kilpatricktownsend" name="run" time="2.839"/>
  <system-out/>
  <testcase classname="com.jack.task.Kilpatricktownsend" name="run" time="3.007"/>
  <system-out/>
  <testcase classname="com.jack.task.Kilpatricktownsend" name="run" time="3.308"/>
  <system-out/>
  <testcase classname="com.jack.task.Kilpatricktownsend" name="run" time="3.450"/>
  <system-out/>
  <testcase classname="com.jack.task.Kilpatricktownsend" name="run" time="3.853"/>
  <system-out/>
  <testcase classname="com.jack.task.Kilpatricktownsend" name="run" time="8.715"/>
  <system-out/>
  <testcase classname="com.jack.task.Kilpatricktownsend" name="run" time="2.882"/>
  <system-out/>
  <testcase classname="com.jack.task.Kilpatricktownsend" name="run" time="2.588"/>
  <system-out/>
  <testcase classname="com.jack.task.Kilpatricktownsend" name="run" time="4.605"/>
  <system-out/>
  <testcase classname="com.jack.task.Kilpatricktownsend" name="run" time="2.702"/>
  <system-out/>
  <testcase classname="com.jack.task.Kilpatricktownsend" name="run" time="3.176"/>
  <system-out/>
  <testcase classname="com.jack.task.Kilpatricktownsend" name="run" time="2.723"/>
  <system-out/>
  <testcase classname="com.jack.task.Kilpatricktownsend" name="run" time="2.899"/>
  <system-out/>
  <testcase classname="com.jack.task.Kilpatricktownsend" name="run" time="10.464"/>
  <system-out/>
  <testcase classname="com.jack.task.Kilpatricktownsend" name="run" time="6.743"/>
  <system-out/>
  <testcase classname="com.jack.task.Kilpatricktownsend" name="run" time="2.615"/>
  <system-out/>
  <testcase classname="com.jack.task.Kilpatricktownsend" name="run" time="3.514"/>
  <system-out/>
  <testcase classname="com.jack.task.Kilpatricktownsend" name="run" time="3.192"/>
  <system-out/>
  <testcase classname="com.jack.task.Kilpatricktownsend" name="run" time="2.795"/>
  <system-out/>
  <testcase classname="com.jack.task.Kilpatricktownsend" name="run" time="6.775"/>
  <system-out/>
  <testcase classname="com.jack.task.Kilpatricktownsend" name="run" time="2.857"/>
  <system-out/>
  <testcase classname="com.jack.task.Kilpatricktownsend" name="run" time="4.740"/>
  <system-out/>
  <testcase classname="com.jack.task.Kilpatricktownsend" name="run" time="2.774"/>
  <system-out/>
  <testcase classname="com.jack.task.Kilpatricktownsend" name="run" time="3.003"/>
  <system-out/>
  <testcase classname="com.jack.task.Kilpatricktownsend" name="run" time="3.767"/>
  <system-out/>
  <testcase classname="com.jack.task.Kilpatricktownsend" name="run" time="2.713"/>
  <system-out/>
  <testcase classname="com.jack.task.Kilpatricktownsend" name="run" time="2.966"/>
  <system-out/>
  <testcase classname="com.jack.task.Kilpatricktownsend" name="run" time="21.740"/>
  <system-out/>
  <testcase classname="com.jack.task.Kilpatricktownsend" name="run" time="3.031"/>
  <system-out/>
  <testcase classname="com.jack.task.Kilpatricktownsend" name="run" time="2.786"/>
  <system-out/>
  <testcase classname="com.jack.task.Kilpatricktownsend" name="run" time="3.519"/>
  <system-out/>
  <testcase classname="com.jack.task.Kilpatricktownsend" name="run" time="3.044"/>
  <system-out/>
  <testcase classname="com.jack.task.Kilpatricktownsend" name="run" time="2.914"/>
  <system-out/>
  <testcase classname="com.jack.task.Kilpatricktownsend" name="run" time="4.716"/>
  <system-out/>
  <testcase classname="com.jack.task.Kilpatricktownsend" name="run" time="3.599"/>
  <system-out/>
  <testcase classname="com.jack.task.Kilpatricktownsend" name="run" time="3.354"/>
  <system-out/>
  <testcase classname="com.jack.task.Kilpatricktownsend" name="run" time="3.586"/>
  <system-out/>
  <testcase classname="com.jack.task.Kilpatricktownsend" name="run" time="2.541"/>
  <system-out/>
  <testcase classname="com.jack.task.Kilpatricktownsend" name="run" time="2.885"/>
  <system-out/>
  <testcase classname="com.jack.task.Kilpatricktownsend" name="run" time="14.033"/>
  <system-out/>
  <testcase classname="com.jack.task.Kilpatricktownsend" name="run" time="3.041"/>
  <system-out/>
  <testcase classname="com.jack.task.Kilpatricktownsend" name="run" time="7.844"/>
  <system-out/>
  <testcase classname="com.jack.task.Kilpatricktownsend" name="run" time="2.927"/>
  <system-out/>
  <testcase classname="com.jack.task.Kilpatricktownsend" name="run" time="3.569"/>
  <system-out/>
  <testcase classname="com.jack.task.Kilpatricktownsend" name="run" time="2.637"/>
  <system-out/>
  <testcase classname="com.jack.task.Kilpatricktownsend" name="run" time="6.611"/>
  <system-out/>
  <testcase classname="com.jack.task.Kilpatricktownsend" name="run" time="4.003"/>
  <system-out/>
  <testcase classname="com.jack.task.Kilpatricktownsend" name="run" time="3.915"/>
  <system-out/>
  <testcase classname="com.jack.task.Kilpatricktownsend" name="run" time="3.152"/>
  <system-out/>
  <testcase classname="com.jack.task.Kilpatricktownsend" name="run" time="3.696"/>
  <system-out/>
  <testcase classname="com.jack.task.Kilpatricktownsend" name="run" time="2.913"/>
  <system-out/>
  <testcase classname="com.jack.task.Kilpatricktownsend" name="run" time="3.209"/>
  <system-out/>
  <testcase classname="com.jack.task.Kilpatricktownsend" name="run" time="2.619"/>
  <system-out/>
  <testcase classname="com.jack.task.Kilpatricktownsend" name="run" time="2.841"/>
  <system-out/>
  <testcase classname="com.jack.task.Kilpatricktownsend" name="run" time="5.341"/>
  <system-out/>
  <testcase classname="com.jack.task.Kilpatricktownsend" name="run" time="3.373"/>
  <system-out/>
  <testcase classname="com.jack.task.Kilpatricktownsend" name="run" time="2.656"/>
  <system-out/>
  <testcase classname="com.jack.task.Kilpatricktownsend" name="run" time="4.673"/>
  <system-out/>
  <testcase classname="com.jack.task.Kilpatricktownsend" name="run" time="2.953"/>
  <system-out/>
  <testcase classname="com.jack.task.Kilpatricktownsend" name="run" time="3.142"/>
  <system-out/>
  <testcase classname="com.jack.task.Kilpatricktownsend" name="run" time="4.468"/>
  <system-out/>
  <testcase classname="com.jack.task.Kilpatricktownsend" name="run" time="3.257"/>
  <system-out/>
  <testcase classname="com.jack.task.Kilpatricktownsend" name="run" time="3.667"/>
  <system-out/>
  <testcase classname="com.jack.task.Kilpatricktownsend" name="run" time="3.071"/>
  <system-out/>
  <testcase classname="com.jack.task.Kilpatricktownsend" name="run" time="2.840"/>
  <system-out/>
  <testcase classname="com.jack.task.Kilpatricktownsend" name="run" time="3.022"/>
  <system-out/>
  <testcase classname="com.jack.task.Kilpatricktownsend" name="run" time="3.439"/>
  <system-out/>
  <testcase classname="com.jack.task.Kilpatricktownsend" name="run" time="2.373"/>
  <system-out/>
  <testcase classname="com.jack.task.Kilpatricktownsend" name="run" time="2.685"/>
  <system-out/>
  <testcase classname="com.jack.task.Kilpatricktownsend" name="run" time="3.543"/>
  <system-out/>
  <testcase classname="com.jack.task.Kilpatricktownsend" name="run" time="4.785"/>
  <system-out/>
  <testcase classname="com.jack.task.Kilpatricktownsend" name="run" time="2.699"/>
  <system-out/>
  <testcase classname="com.jack.task.Kilpatricktownsend" name="run" time="3.117"/>
  <system-out/>
  <testcase classname="com.jack.task.Kilpatricktownsend" name="run" time="3.369"/>
  <system-out/>
  <testcase classname="com.jack.task.Kilpatricktownsend" name="run" time="2.885"/>
  <system-out/>
  <testcase classname="com.jack.task.Kilpatricktownsend" name="run" time="5.217"/>
  <system-out/>
  <testcase classname="com.jack.task.Kilpatricktownsend" name="run" time="2.867"/>
  <system-out/>
  <testcase classname="com.jack.task.Kilpatricktownsend" name="run" time="2.502"/>
  <system-out/>
  <testcase classname="com.jack.task.Kilpatricktownsend" name="run" time="13.987"/>
  <system-out/>
  <testcase classname="com.jack.task.Kilpatricktownsend" name="run" time="3.520"/>
  <system-out/>
  <testcase classname="com.jack.task.Kilpatricktownsend" name="run" time="6.110"/>
  <system-out/>
  <testcase classname="com.jack.task.Kilpatricktownsend" name="run" time="2.640"/>
  <system-out/>
  <testcase classname="com.jack.task.Kilpatricktownsend" name="run" time="3.403"/>
  <system-out/>
  <testcase classname="com.jack.task.Kilpatricktownsend" name="run" time="4.458"/>
  <system-out/>
  <testcase classname="com.jack.task.Kilpatricktownsend" name="run" time="4.737"/>
  <system-out/>
  <testcase classname="com.jack.task.Kilpatricktownsend" name="run" time="3.395"/>
  <system-out/>
  <testcase classname="com.jack.task.Kilpatricktownsend" name="run" time="15.199"/>
  <system-out/>
  <testcase classname="com.jack.task.Kilpatricktownsend" name="run" time="3.680"/>
  <system-out/>
  <testcase classname="com.jack.task.Kilpatricktownsend" name="run" time="3.499"/>
  <system-out/>
  <testcase classname="com.jack.task.Kilpatricktownsend" name="run" time="4.058"/>
  <system-out/>
  <testcase classname="com.jack.task.Kilpatricktownsend" name="run" time="6.805"/>
  <system-out/>
  <testcase classname="com.jack.task.Kilpatricktownsend" name="run" time="2.717"/>
  <system-out/>
  <testcase classname="com.jack.task.Kilpatricktownsend" name="run" time="3.190"/>
  <system-out/>
  <testcase classname="com.jack.task.Kilpatricktownsend" name="run" time="4.072"/>
  <system-out/>
  <testcase classname="com.jack.task.Kilpatricktownsend" name="run" time="2.939"/>
  <system-out/>
  <testcase classname="com.jack.task.Kilpatricktownsend" name="run" time="8.524"/>
  <system-out/>
  <testcase classname="com.jack.task.Kilpatricktownsend" name="run" time="3.208"/>
  <system-out/>
  <testcase classname="com.jack.task.Kilpatricktownsend" name="run" time="19.141"/>
  <system-out/>
  <testcase classname="com.jack.task.Kilpatricktownsend" name="run" time="3.040"/>
  <system-out/>
  <testcase classname="com.jack.task.Kilpatricktownsend" name="run" time="2.680"/>
  <system-out/>
  <testcase classname="com.jack.task.Kilpatricktownsend" name="run" time="5.179"/>
  <system-out/>
  <testcase classname="com.jack.task.Kilpatricktownsend" name="run" time="2.830"/>
  <system-out/>
  <testcase classname="com.jack.task.Kilpatricktownsend" name="run" time="3.714"/>
  <system-out/>
  <testcase classname="com.jack.task.Kilpatricktownsend" name="run" time="2.407"/>
  <system-out/>
  <testcase classname="com.jack.task.Kilpatricktownsend" name="run" time="3.129"/>
  <system-out/>
  <testcase classname="com.jack.task.Kilpatricktownsend" name="run" time="3.304"/>
  <system-out/>
  <testcase classname="com.jack.task.Kilpatricktownsend" name="run" time="3.272"/>
  <system-out/>
  <testcase classname="com.jack.task.Kilpatricktownsend" name="run" time="3.027"/>
  <system-out/>
  <testcase classname="com.jack.task.Kilpatricktownsend" name="run" time="2.753"/>
  <system-out/>
  <testcase classname="com.jack.task.Kilpatricktownsend" name="run" time="3.680"/>
  <system-out/>
  <testcase classname="com.jack.task.Kilpatricktownsend" name="run" time="3.285"/>
  <system-out/>
  <testcase classname="com.jack.task.Kilpatricktownsend" name="run" time="2.785"/>
  <system-out/>
  <testcase classname="com.jack.task.Kilpatricktownsend" name="run" time="3.134"/>
  <system-out/>
  <testcase classname="com.jack.task.Kilpatricktownsend" name="run" time="4.616"/>
  <system-out/>
  <testcase classname="com.jack.task.Kilpatricktownsend" name="run" time="3.006"/>
  <system-out/>
  <testcase classname="com.jack.task.Kilpatricktownsend" name="run" time="4.401"/>
  <system-out/>
  <testcase classname="com.jack.task.Kilpatricktownsend" name="run" time="3.160"/>
  <system-out/>
  <testcase classname="com.jack.task.Kilpatricktownsend" name="run" time="2.835"/>
  <system-out/>
  <testcase classname="com.jack.task.Kilpatricktownsend" name="run" time="2.852"/>
  <system-out/>
  <testcase classname="com.jack.task.Kilpatricktownsend" name="run" time="2.945"/>
  <system-out/>
  <testcase classname="com.jack.task.Kilpatricktownsend" name="run" time="2.847"/>
  <system-out/>
  <testcase classname="com.jack.task.Kilpatricktownsend" name="run" time="2.479"/>
  <system-out/>
  <testcase classname="com.jack.task.Kilpatricktownsend" name="run" time="2.499"/>
  <system-out/>
  <testcase classname="com.jack.task.Kilpatricktownsend" name="run" time="3.978"/>
  <system-out/>
  <testcase classname="com.jack.task.Kilpatricktownsend" name="run" time="3.333"/>
  <system-out/>
  <testcase classname="com.jack.task.Kilpatricktownsend" name="run" time="7.327"/>
  <system-out/>
  <testcase classname="com.jack.task.Kilpatricktownsend" name="run" time="8.970"/>
  <system-out/>
  <testcase classname="com.jack.task.Kilpatricktownsend" name="run" time="2.807"/>
  <system-out/>
  <testcase classname="com.jack.task.Kilpatricktownsend" name="run" time="3.090"/>
  <system-out/>
  <testcase classname="com.jack.task.Kilpatricktownsend" name="run" time="2.834"/>
  <system-out/>
  <testcase classname="com.jack.task.Kilpatricktownsend" name="run" time="3.834"/>
  <system-out/>
  <testcase classname="com.jack.task.Kilpatricktownsend" name="run" time="4.357"/>
  <system-out/>
  <testcase classname="com.jack.task.Kilpatricktownsend" name="run" time="3.428"/>
  <system-out/>
  <testcase classname="com.jack.task.Kilpatricktownsend" name="run" time="3.670"/>
  <system-out/>
  <testcase classname="com.jack.task.Kilpatricktownsend" name="run" time="3.096"/>
  <system-out/>
  <testcase classname="com.jack.task.Kilpatricktownsend" name="run" time="2.881"/>
  <system-out/>
  <testcase classname="com.jack.task.Kilpatricktownsend" name="run" time="3.018"/>
  <system-out/>
  <testcase classname="com.jack.task.Kilpatricktownsend" name="run" time="2.910"/>
  <system-out/>
  <testcase classname="com.jack.task.Kilpatricktownsend" name="run" time="3.076"/>
  <system-out/>
  <testcase classname="com.jack.task.Kilpatricktownsend" name="run" time="3.292"/>
  <system-out/>
  <testcase classname="com.jack.task.Kilpatricktownsend" name="run" time="2.519"/>
  <system-out/>
  <testcase classname="com.jack.task.Kilpatricktownsend" name="run" time="2.847"/>
  <system-out/>
  <testcase classname="com.jack.task.Kilpatricktownsend" name="run" time="2.602"/>
  <system-out/>
  <testcase classname="com.jack.task.Kilpatricktownsend" name="run" time="3.081"/>
  <system-out/>
  <testcase classname="com.jack.task.Kilpatricktownsend" name="run" time="3.438"/>
  <system-out/>
  <testcase classname="com.jack.task.Kilpatricktownsend" name="run" time="2.769"/>
  <system-out/>
  <testcase classname="com.jack.task.Kilpatricktownsend" name="run" time="4.315"/>
  <system-out/>
  <testcase classname="com.jack.task.Kilpatricktownsend" name="run" time="3.216"/>
  <system-out/>
  <testcase classname="com.jack.task.Kilpatricktownsend" name="run" time="5.457"/>
  <system-out/>
  <testcase classname="com.jack.task.Kilpatricktownsend" name="run" time="3.125"/>
  <system-out/>
  <testcase classname="com.jack.task.Kilpatricktownsend" name="run" time="4.098"/>
  <system-out/>
  <testcase classname="com.jack.task.Kilpatricktownsend" name="run" time="2.618"/>
  <system-out/>
  <testcase classname="com.jack.task.Kilpatricktownsend" name="run" time="3.072"/>
  <system-out/>
  <testcase classname="com.jack.task.Kilpatricktownsend" name="run" time="3.010"/>
  <system-out/>
  <testcase classname="com.jack.task.Kilpatricktownsend" name="run" time="3.249"/>
  <system-out/>
  <testcase classname="com.jack.task.Kilpatricktownsend" name="run" time="3.317"/>
  <system-out/>
  <testcase classname="com.jack.task.Kilpatricktownsend" name="run" time="3.270"/>
  <system-out/>
  <testcase classname="com.jack.task.Kilpatricktownsend" name="run" time="2.881"/>
  <system-out/>
  <testcase classname="com.jack.task.Kilpatricktownsend" name="run" time="3.171"/>
  <system-out/>
  <testcase classname="com.jack.task.Kilpatricktownsend" name="run" time="3.722"/>
  <system-out/>
  <testcase classname="com.jack.task.Kilpatricktownsend" name="run" time="20.164"/>
  <system-out/>
  <testcase classname="com.jack.task.Kilpatricktownsend" name="run" time="8.627"/>
  <system-out/>
  <testcase classname="com.jack.task.Kilpatricktownsend" name="run" time="4.088"/>
  <system-out/>
  <testcase classname="com.jack.task.Kilpatricktownsend" name="run" time="3.956"/>
  <system-out/>
  <testcase classname="com.jack.task.Kilpatricktownsend" name="run" time="6.941"/>
  <system-out/>
  <testcase classname="com.jack.task.Kilpatricktownsend" name="run" time="3.448"/>
  <system-out/>
  <testcase classname="com.jack.task.Kilpatricktownsend" name="run" time="2.652"/>
  <system-out/>
  <testcase classname="com.jack.task.Kilpatricktownsend" name="run" time="2.639"/>
  <system-out/>
  <testcase classname="com.jack.task.Kilpatricktownsend" name="run" time="3.266"/>
  <system-out/>
  <testcase classname="com.jack.task.Kilpatricktownsend" name="run" time="4.902"/>
  <system-out/>
  <testcase classname="com.jack.task.Kilpatricktownsend" name="run" time="2.832"/>
  <system-out/>
  <testcase classname="com.jack.task.Kilpatricktownsend" name="run" time="2.937"/>
  <system-out/>
  <testcase classname="com.jack.task.Kilpatricktownsend" name="run" time="3.853"/>
  <system-out/>
  <testcase classname="com.jack.task.Kilpatricktownsend" name="run" time="3.323"/>
  <system-out/>
  <testcase classname="com.jack.task.Kilpatricktownsend" name="run" time="2.797"/>
  <system-out/>
  <testcase classname="com.jack.task.Kilpatricktownsend" name="run" time="3.522"/>
  <system-out/>
  <testcase classname="com.jack.task.Kilpatricktownsend" name="run" time="2.702"/>
  <system-out/>
  <testcase classname="com.jack.task.Kilpatricktownsend" name="run" time="3.463"/>
  <system-out/>
  <testcase classname="com.jack.task.Kilpatricktownsend" name="run" time="4.326"/>
  <system-out/>
  <testcase classname="com.jack.task.Kilpatricktownsend" name="run" time="3.453"/>
  <system-out/>
  <testcase classname="com.jack.task.Kilpatricktownsend" name="run" time="2.499"/>
  <system-out/>
  <testcase classname="com.jack.task.Kilpatricktownsend" name="run" time="2.889"/>
  <system-out/>
  <testcase classname="com.jack.task.Kilpatricktownsend" name="run" time="3.470"/>
  <system-out/>
  <testcase classname="com.jack.task.Kilpatricktownsend" name="run" time="4.978"/>
  <system-out/>
  <testcase classname="com.jack.task.Kilpatricktownsend" name="run" time="4.516"/>
  <system-out/>
  <testcase classname="com.jack.task.Kilpatricktownsend" name="run" time="4.317"/>
  <system-out/>
  <testcase classname="com.jack.task.Kilpatricktownsend" name="run" time="3.249"/>
  <system-out/>
  <testcase classname="com.jack.task.Kilpatricktownsend" name="run" time="3.046"/>
  <system-out/>
  <testcase classname="com.jack.task.Kilpatricktownsend" name="run" time="2.981"/>
  <system-out/>
  <testcase classname="com.jack.task.Kilpatricktownsend" name="run" time="3.025"/>
  <system-out/>
  <testcase classname="com.jack.task.Kilpatricktownsend" name="run" time="2.771"/>
  <system-out/>
  <testcase classname="com.jack.task.Kilpatricktownsend" name="run" time="4.308"/>
  <system-out/>
  <testcase classname="com.jack.task.Kilpatricktownsend" name="run" time="4.374"/>
  <system-out/>
  <testcase classname="com.jack.task.Kilpatricktownsend" name="run" time="2.835"/>
  <system-out/>
  <testcase classname="com.jack.task.Kilpatricktownsend" name="run" time="2.936"/>
  <system-out/>
  <testcase classname="com.jack.task.Kilpatricktownsend" name="run" time="3.752"/>
  <system-out/>
  <testcase classname="com.jack.task.Kilpatricktownsend" name="run" time="3.264"/>
  <system-out/>
  <testcase classname="com.jack.task.Kilpatricktownsend" name="run" time="2.565"/>
  <system-out/>
  <testcase classname="com.jack.task.Kilpatricktownsend" name="run" time="5.314"/>
  <system-out/>
  <testcase classname="com.jack.task.Kilpatricktownsend" name="run" time="2.782"/>
  <system-out/>
  <testcase classname="com.jack.task.Kilpatricktownsend" name="run" time="6.108"/>
  <system-out/>
  <testcase classname="com.jack.task.Kilpatricktownsend" name="run" time="3.184"/>
  <system-out/>
  <testcase classname="com.jack.task.Kilpatricktownsend" name="run" time="3.685"/>
  <system-out/>
  <testcase classname="com.jack.task.Kilpatricktownsend" name="run" time="2.605"/>
  <system-out/>
  <testcase classname="com.jack.task.Kilpatricktownsend" name="run" time="3.335"/>
  <system-out/>
  <testcase classname="com.jack.task.Kilpatricktownsend" name="run" time="3.660"/>
  <system-out/>
  <testcase classname="com.jack.task.Kilpatricktownsend" name="run" time="9.161"/>
  <system-out/>
  <testcase classname="com.jack.task.Kilpatricktownsend" name="run" time="2.386"/>
  <system-out/>
  <testcase classname="com.jack.task.Kilpatricktownsend" name="run" time="3.130"/>
  <system-out/>
  <testcase classname="com.jack.task.Kilpatricktownsend" name="run" time="3.574"/>
  <system-out/>
  <testcase classname="com.jack.task.Kilpatricktownsend" name="run" time="3.160"/>
  <system-out/>
  <testcase classname="com.jack.task.Kilpatricktownsend" name="run" time="2.607"/>
  <system-out/>
  <testcase classname="com.jack.task.Kilpatricktownsend" name="run" time="3.072"/>
  <system-out/>
  <testcase classname="com.jack.task.Kilpatricktownsend" name="run" time="3.093"/>
  <system-out/>
  <testcase classname="com.jack.task.Kilpatricktownsend" name="run" time="17.370"/>
  <system-out/>
  <testcase classname="com.jack.task.Kilpatricktownsend" name="run" time="3.101"/>
  <system-out/>
  <testcase classname="com.jack.task.Kilpatricktownsend" name="run" time="3.163"/>
  <system-out/>
  <testcase classname="com.jack.task.Kilpatricktownsend" name="run" time="4.889"/>
  <system-out/>
  <testcase classname="com.jack.task.Kilpatricktownsend" name="run" time="4.082"/>
  <system-out/>
  <testcase classname="com.jack.task.Kilpatricktownsend" name="run" time="5.908"/>
  <system-out/>
  <testcase classname="com.jack.task.Kilpatricktownsend" name="run" time="3.115"/>
  <system-out/>
  <testcase classname="com.jack.task.Kilpatricktownsend" name="run" time="8.156"/>
  <system-out/>
  <testcase classname="com.jack.task.Kilpatricktownsend" name="run" time="2.690"/>
  <system-out/>
  <testcase classname="com.jack.task.Kilpatricktownsend" name="run" time="4.511"/>
  <system-out/>
  <testcase classname="com.jack.task.Kilpatricktownsend" name="run" time="3.615"/>
  <system-out/>
  <testcase classname="com.jack.task.Kilpatricktownsend" name="run" time="3.449"/>
  <system-out/>
  <testcase classname="com.jack.task.Kilpatricktownsend" name="run" time="2.533"/>
  <system-out/>
  <testcase classname="com.jack.task.Kilpatricktownsend" name="run" time="5.944"/>
  <system-out/>
  <testcase classname="com.jack.task.Kilpatricktownsend" name="run" time="2.536"/>
  <system-out/>
  <testcase classname="com.jack.task.Kilpatricktownsend" name="run" time="2.990"/>
  <system-out/>
  <testcase classname="com.jack.task.Kilpatricktownsend" name="run" time="2.886"/>
  <system-out/>
  <testcase classname="com.jack.task.Kilpatricktownsend" name="run" time="2.600"/>
  <system-out/>
  <testcase classname="com.jack.task.Kilpatricktownsend" name="run" time="2.439"/>
  <system-out/>
  <testcase classname="com.jack.task.Kilpatricktownsend" name="run" time="2.356"/>
  <system-out/>
  <testcase classname="com.jack.task.Kilpatricktownsend" name="run" time="7.572"/>
  <system-out/>
  <testcase classname="com.jack.task.Kilpatricktownsend" name="run" time="4.682"/>
  <system-out/>
  <testcase classname="com.jack.task.Kilpatricktownsend" name="run" time="2.829"/>
  <system-out/>
  <testcase classname="com.jack.task.Kilpatricktownsend" name="run" time="3.638"/>
  <system-out/>
  <testcase classname="com.jack.task.Kilpatricktownsend" name="run" time="3.273"/>
  <system-out/>
  <testcase classname="com.jack.task.Kilpatricktownsend" name="run" time="2.582"/>
  <system-out/>
  <testcase classname="com.jack.task.Kilpatricktownsend" name="run" time="6.191"/>
  <system-out/>
  <testcase classname="com.jack.task.Kilpatricktownsend" name="run" time="2.888"/>
  <system-out/>
  <testcase classname="com.jack.task.Kilpatricktownsend" name="run" time="7.282"/>
  <system-out/>
  <testcase classname="com.jack.task.Kilpatricktownsend" name="run" time="4.509"/>
  <system-out/>
  <testcase classname="com.jack.task.Kilpatricktownsend" name="run" time="4.200"/>
  <system-out/>
  <testcase classname="com.jack.task.Kilpatricktownsend" name="run" time="3.047"/>
  <system-out/>
  <testcase classname="com.jack.task.Kilpatricktownsend" name="run" time="4.755"/>
  <system-out/>
  <testcase classname="com.jack.task.Kilpatricktownsend" name="run" time="2.590"/>
  <system-out/>
  <testcase classname="com.jack.task.Kilpatricktownsend" name="run" time="4.482"/>
  <system-out/>
  <testcase classname="com.jack.task.Kilpatricktownsend" name="run" time="3.082"/>
  <system-out/>
  <testcase classname="com.jack.task.Kilpatricktownsend" name="run" time="4.025"/>
  <system-out/>
  <testcase classname="com.jack.task.Kilpatricktownsend" name="run" time="3.034"/>
  <system-out/>
  <testcase classname="com.jack.task.Kilpatricktownsend" name="run" time="2.787"/>
  <system-out/>
  <testcase classname="com.jack.task.Kilpatricktownsend" name="run" time="4.554"/>
  <system-out/>
  <testcase classname="com.jack.task.Kilpatricktownsend" name="run" time="2.539"/>
  <system-out/>
  <testcase classname="com.jack.task.Kilpatricktownsend" name="run" time="4.012"/>
  <system-out/>
  <testcase classname="com.jack.task.Kilpatricktownsend" name="run" time="3.024"/>
  <system-out/>
  <testcase classname="com.jack.task.Kilpatricktownsend" name="run" time="3.050"/>
  <system-out/>
  <testcase classname="com.jack.task.Kilpatricktownsend" name="run" time="5.015"/>
  <system-out/>
  <testcase classname="com.jack.task.Kilpatricktownsend" name="run" time="9.409"/>
  <system-out/>
  <testcase classname="com.jack.task.Kilpatricktownsend" name="run" time="4.986"/>
  <system-out/>
  <testcase classname="com.jack.task.Kilpatricktownsend" name="run" time="3.241"/>
  <system-out/>
  <testcase classname="com.jack.task.Kilpatricktownsend" name="run" time="2.822"/>
  <system-out/>
  <testcase classname="com.jack.task.Kilpatricktownsend" name="run" time="8.658"/>
  <system-out/>
  <testcase classname="com.jack.task.Kilpatricktownsend" name="run" time="2.774"/>
  <system-out/>
  <testcase classname="com.jack.task.Kilpatricktownsend" name="run" time="3.835"/>
  <system-out/>
  <testcase classname="com.jack.task.Kilpatricktownsend" name="run" time="2.932"/>
  <system-out/>
  <testcase classname="com.jack.task.Kilpatricktownsend" name="run" time="7.849"/>
  <system-out/>
  <testcase classname="com.jack.task.Kilpatricktownsend" name="run" time="2.811"/>
  <system-out/>
  <testcase classname="com.jack.task.Kilpatricktownsend" name="run" time="4.592"/>
  <system-out/>
  <testcase classname="com.jack.task.Kilpatricktownsend" name="run" time="3.786"/>
  <system-out/>
  <testcase classname="com.jack.task.Kilpatricktownsend" name="run" time="4.731"/>
  <system-out/>
  <testcase classname="com.jack.task.Kilpatricktownsend" name="run" time="3.710"/>
  <system-out/>
  <testcase classname="com.jack.task.Kilpatricktownsend" name="run" time="4.201"/>
  <system-out/>
  <testcase classname="com.jack.task.Kilpatricktownsend" name="run" time="2.619"/>
  <system-out/>
  <testcase classname="com.jack.task.Kilpatricktownsend" name="run" time="2.869"/>
  <system-out/>
  <testcase classname="com.jack.task.Kilpatricktownsend" name="run" time="5.089"/>
  <system-out/>
  <testcase classname="com.jack.task.Kilpatricktownsend" name="run" time="4.775"/>
  <system-out/>
  <testcase classname="com.jack.task.Kilpatricktownsend" name="run" time="3.053"/>
  <system-out/>
  <testcase classname="com.jack.task.Kilpatricktownsend" name="run" time="5.990"/>
  <system-out/>
  <testcase classname="com.jack.task.Kilpatricktownsend" name="run" time="3.686"/>
  <system-out/>
  <testcase classname="com.jack.task.Kilpatricktownsend" name="run" time="5.224"/>
  <system-out/>
  <testcase classname="com.jack.task.Kilpatricktownsend" name="run" time="2.775"/>
  <system-out/>
  <testcase classname="com.jack.task.Kilpatricktownsend" name="run" time="3.023"/>
  <system-out/>
  <testcase classname="com.jack.task.Kilpatricktownsend" name="run" time="6.344"/>
  <system-out/>
  <testcase classname="com.jack.task.Kilpatricktownsend" name="run" time="4.086"/>
  <system-out/>
  <testcase classname="com.jack.task.Kilpatricktownsend" name="run" time="3.887"/>
  <system-out/>
  <testcase classname="com.jack.task.Kilpatricktownsend" name="run" time="2.977"/>
  <system-out/>
  <testcase classname="com.jack.task.Kilpatricktownsend" name="run" time="4.901"/>
  <system-out/>
  <testcase classname="com.jack.task.Kilpatricktownsend" name="run" time="3.920"/>
  <system-out/>
  <testcase classname="com.jack.task.Kilpatricktownsend" name="run" time="2.959"/>
  <system-out/>
  <testcase classname="com.jack.task.Kilpatricktownsend" name="run" time="3.890"/>
  <system-out/>
  <testcase classname="com.jack.task.Kilpatricktownsend" name="run" time="3.142"/>
  <system-out/>
  <testcase classname="com.jack.task.Kilpatricktownsend" name="run" time="4.823"/>
  <system-out/>
  <testcase classname="com.jack.task.Kilpatricktownsend" name="run" time="2.990"/>
  <system-out/>
  <testcase classname="com.jack.task.Kilpatricktownsend" name="run" time="2.899"/>
  <system-out/>
  <testcase classname="com.jack.task.Kilpatricktownsend" name="run" time="2.484"/>
  <system-out/>
  <testcase classname="com.jack.task.Kilpatricktownsend" name="run" time="2.851"/>
  <system-out/>
  <testcase classname="com.jack.task.Kilpatricktownsend" name="run" time="4.178"/>
  <system-out/>
  <testcase classname="com.jack.task.Kilpatricktownsend" name="run" time="20.373"/>
  <system-out/>
  <testcase classname="com.jack.task.Kilpatricktownsend" name="run" time="4.586"/>
  <system-out/>
  <testcase classname="com.jack.task.Kilpatricktownsend" name="run" time="2.514"/>
  <system-out/>
  <testcase classname="com.jack.task.Kilpatricktownsend" name="run" time="11.910"/>
  <system-out/>
  <testcase classname="com.jack.task.Kilpatricktownsend" name="run" time="3.275"/>
  <system-out/>
  <testcase classname="com.jack.task.Kilpatricktownsend" name="run" time="3.250"/>
  <system-out/>
  <testcase classname="com.jack.task.Kilpatricktownsend" name="run" time="3.573"/>
  <system-out/>
  <testcase classname="com.jack.task.Kilpatricktownsend" name="run" time="2.744"/>
  <system-out/>
  <testcase classname="com.jack.task.Kilpatricktownsend" name="run" time="4.773"/>
  <system-out/>
  <testcase classname="com.jack.task.Kilpatricktownsend" name="run" time="3.146"/>
  <system-out/>
  <testcase classname="com.jack.task.Kilpatricktownsend" name="run" time="3.002"/>
  <system-out/>
  <testcase classname="com.jack.task.Kilpatricktownsend" name="run" time="3.584"/>
  <system-out/>
  <testcase classname="com.jack.task.Kilpatricktownsend" name="run" time="2.546"/>
  <system-out/>
  <testcase classname="com.jack.task.Kilpatricktownsend" name="run" time="4.520"/>
  <system-out/>
  <testcase classname="com.jack.task.Kilpatricktownsend" name="run" time="2.995"/>
  <system-out/>
  <testcase classname="com.jack.task.Kilpatricktownsend" name="run" time="3.088"/>
  <system-out/>
  <testcase classname="com.jack.task.Kilpatricktownsend" name="run" time="32.751"/>
  <system-out/>
  <testcase classname="com.jack.task.Kilpatricktownsend" name="run" time="5.618"/>
  <system-out/>
  <testcase classname="com.jack.task.Kilpatricktownsend" name="run" time="2.891"/>
  <system-out/>
  <testcase classname="com.jack.task.Kilpatricktownsend" name="run" time="3.398"/>
  <system-out/>
  <testcase classname="com.jack.task.Kilpatricktownsend" name="run" time="4.062"/>
  <system-out/>
  <testcase classname="com.jack.task.Kilpatricktownsend" name="run" time="3.473"/>
  <system-out/>
  <testcase classname="com.jack.task.Kilpatricktownsend" name="run" time="3.272"/>
  <system-out/>
  <testcase classname="com.jack.task.Kilpatricktownsend" name="run" time="5.744"/>
  <system-out/>
  <testcase classname="com.jack.task.Kilpatricktownsend" name="run" time="3.316"/>
  <system-out/>
  <testcase classname="com.jack.task.Kilpatricktownsend" name="run" time="3.315"/>
  <system-out/>
  <testcase classname="com.jack.task.Kilpatricktownsend" name="run" time="2.687"/>
  <system-out/>
  <testcase classname="com.jack.task.Kilpatricktownsend" name="run" time="2.769"/>
  <system-out/>
  <testcase classname="com.jack.task.Kilpatricktownsend" name="run" time="3.148"/>
  <system-out/>
  <testcase classname="com.jack.task.Kilpatricktownsend" name="run" time="3.247"/>
  <system-out/>
  <testcase classname="com.jack.task.Kilpatricktownsend" name="run" time="3.803"/>
  <system-out/>
  <testcase classname="com.jack.task.Kilpatricktownsend" name="run" time="2.672"/>
  <system-out/>
  <testcase classname="com.jack.task.Kilpatricktownsend" name="run" time="3.250"/>
  <system-out/>
  <testcase classname="com.jack.task.Kilpatricktownsend" name="run" time="5.196"/>
  <system-out/>
  <testcase classname="com.jack.task.Kilpatricktownsend" name="run" time="4.083"/>
  <system-out/>
  <testcase classname="com.jack.task.Kilpatricktownsend" name="run" time="4.433"/>
  <system-out/>
  <testcase classname="com.jack.task.Kilpatricktownsend" name="run" time="2.930"/>
  <system-out/>
  <testcase classname="com.jack.task.Kilpatricktownsend" name="run" time="3.826"/>
  <system-out/>
  <testcase classname="com.jack.task.Kilpatricktownsend" name="run" time="2.739"/>
  <system-out/>
  <testcase classname="com.jack.task.Kilpatricktownsend" name="run" time="5.692"/>
  <system-out/>
  <testcase classname="com.jack.task.Kilpatricktownsend" name="run" time="3.253"/>
  <system-out/>
  <testcase classname="com.jack.task.Kilpatricktownsend" name="run" time="3.177"/>
  <system-out/>
  <testcase classname="com.jack.task.Kilpatricktownsend" name="run" time="2.916"/>
  <system-out/>
  <testcase classname="com.jack.task.Kilpatricktownsend" name="run" time="2.939"/>
  <system-out/>
  <testcase classname="com.jack.task.Kilpatricktownsend" name="run" time="2.640"/>
  <system-out/>
  <testcase classname="com.jack.task.Kilpatricktownsend" name="run" time="3.735"/>
  <system-out/>
  <testcase classname="com.jack.task.Kilpatricktownsend" name="run" time="2.759"/>
  <system-out/>
  <testcase classname="com.jack.task.Kilpatricktownsend" name="run" time="2.888"/>
  <system-out/>
  <testcase classname="com.jack.task.Kilpatricktownsend" name="run" time="2.979"/>
  <system-out/>
  <testcase classname="com.jack.task.Kilpatricktownsend" name="run" time="2.543"/>
  <system-out/>
  <testcase classname="com.jack.task.Kilpatricktownsend" name="run" time="2.588"/>
  <system-out/>
  <testcase classname="com.jack.task.Kilpatricktownsend" name="run" time="2.944"/>
  <system-out/>
  <testcase classname="com.jack.task.Kilpatricktownsend" name="run" time="3.409"/>
  <system-out/>
  <testcase classname="com.jack.task.Kilpatricktownsend" name="run" time="2.750"/>
  <system-out/>
  <testcase classname="com.jack.task.Kilpatricktownsend" name="run" time="3.129"/>
  <system-out/>
  <testcase classname="com.jack.task.Kilpatricktownsend" name="run" time="3.192"/>
  <system-out/>
  <testcase classname="com.jack.task.Kilpatricktownsend" name="run" time="2.625"/>
  <system-out/>
  <testcase classname="com.jack.task.Kilpatricktownsend" name="run" time="4.274"/>
  <system-out/>
  <testcase classname="com.jack.task.Kilpatricktownsend" name="run" time="3.239"/>
  <system-out/>
  <testcase classname="com.jack.task.Kilpatricktownsend" name="run" time="2.772"/>
  <system-out/>
  <testcase classname="com.jack.task.Kilpatricktownsend" name="run" time="2.831"/>
  <system-out/>
  <testcase classname="com.jack.task.Kilpatricktownsend" name="run" time="4.744"/>
  <system-out/>
  <testcase classname="com.jack.task.Kilpatricktownsend" name="run" time="3.257"/>
  <system-out/>
  <testcase classname="com.jack.task.Kilpatricktownsend" name="run" time="2.802"/>
  <system-out/>
  <testcase classname="com.jack.task.Kilpatricktownsend" name="run" time="7.674"/>
  <system-out/>
  <testcase classname="com.jack.task.Kilpatricktownsend" name="run" time="2.637"/>
  <system-out/>
  <testcase classname="com.jack.task.Kilpatricktownsend" name="run" time="4.693"/>
  <system-out/>
  <testcase classname="com.jack.task.Kilpatricktownsend" name="run" time="11.911"/>
  <system-out/>
  <testcase classname="com.jack.task.Kilpatricktownsend" name="run" time="2.817"/>
  <system-out/>
  <testcase classname="com.jack.task.Kilpatricktownsend" name="run" time="2.751"/>
  <system-out/>
  <testcase classname="com.jack.task.Kilpatricktownsend" name="run" time="2.954"/>
  <system-out/>
  <testcase classname="com.jack.task.Kilpatricktownsend" name="run" time="2.472"/>
  <system-out/>
  <testcase classname="com.jack.task.Kilpatricktownsend" name="run" time="5.706"/>
  <system-out/>
  <testcase classname="com.jack.task.Kilpatricktownsend" name="run" time="2.644"/>
  <system-out/>
  <testcase classname="com.jack.task.Kilpatricktownsend" name="run" time="3.500"/>
  <system-out/>
  <testcase classname="com.jack.task.Kilpatricktownsend" name="run" time="2.582"/>
  <system-out/>
  <testcase classname="com.jack.task.Kilpatricktownsend" name="run" time="5.599"/>
  <system-out/>
  <testcase classname="com.jack.task.Kilpatricktownsend" name="run" time="3.292"/>
  <system-out/>
  <testcase classname="com.jack.task.Kilpatricktownsend" name="run" time="3.240"/>
  <system-out/>
  <testcase classname="com.jack.task.Kilpatricktownsend" name="run" time="2.961"/>
  <system-out/>
  <testcase classname="com.jack.task.Kilpatricktownsend" name="run" time="2.608"/>
  <system-out/>
  <testcase classname="com.jack.task.Kilpatricktownsend" name="run" time="3.054"/>
  <system-out/>
  <testcase classname="com.jack.task.Kilpatricktownsend" name="run" time="3.015"/>
  <system-out/>
  <testcase classname="com.jack.task.Kilpatricktownsend" name="run" time="4.150"/>
  <system-out/>
  <testcase classname="com.jack.task.Kilpatricktownsend" name="run" time="10.494"/>
  <system-out/>
  <testcase classname="com.jack.task.Kilpatricktownsend" name="run" time="11.010"/>
  <system-out/>
  <testcase classname="com.jack.task.Kilpatricktownsend" name="run" time="2.788"/>
  <system-out/>
  <testcase classname="com.jack.task.Kilpatricktownsend" name="run" time="20.767"/>
  <system-out/>
  <testcase classname="com.jack.task.Kilpatricktownsend" name="run" time="3.801"/>
  <system-out/>
  <testcase classname="com.jack.task.Kilpatricktownsend" name="run" time="2.895"/>
  <system-out/>
  <testcase classname="com.jack.task.Kilpatricktownsend" name="run" time="7.947"/>
  <system-out/>
  <testcase classname="com.jack.task.Kilpatricktownsend" name="run" time="4.166"/>
  <system-out/>
  <testcase classname="com.jack.task.Kilpatricktownsend" name="run" time="4.870"/>
  <system-out/>
  <testcase classname="com.jack.task.Kilpatricktownsend" name="run" time="7.867"/>
  <system-out/>
  <testcase classname="com.jack.task.Kilpatricktownsend" name="run" time="3.141"/>
  <system-out/>
  <testcase classname="com.jack.task.Kilpatricktownsend" name="run" time="2.923"/>
  <system-out/>
  <testcase classname="com.jack.task.Kilpatricktownsend" name="run" time="3.302"/>
  <system-out/>
  <testcase classname="com.jack.task.Kilpatricktownsend" name="run" time="2.665"/>
  <system-out/>
  <testcase classname="com.jack.task.Kilpatricktownsend" name="run" time="2.735"/>
  <system-out/>
  <testcase classname="com.jack.task.Kilpatricktownsend" name="run" time="4.420"/>
  <system-out/>
  <testcase classname="com.jack.task.Kilpatricktownsend" name="run" time="2.465"/>
  <system-out/>
  <testcase classname="com.jack.task.Kilpatricktownsend" name="run" time="5.249"/>
  <system-out/>
  <testcase classname="com.jack.task.Kilpatricktownsend" name="run" time="2.612"/>
  <system-out/>
  <testcase classname="com.jack.task.Kilpatricktownsend" name="run" time="3.113"/>
  <system-out/>
  <testcase classname="com.jack.task.Kilpatricktownsend" name="run" time="2.869"/>
  <system-out/>
  <testcase classname="com.jack.task.Kilpatricktownsend" name="run" time="6.605"/>
  <system-out/>
  <testcase classname="com.jack.task.Kilpatricktownsend" name="run" time="6.706"/>
  <system-out/>
  <testcase classname="com.jack.task.Kilpatricktownsend" name="run" time="2.999"/>
  <system-out/>
  <testcase classname="com.jack.task.Kilpatricktownsend" name="run" time="3.577"/>
  <system-out/>
  <testcase classname="com.jack.task.Kilpatricktownsend" name="run" time="3.531"/>
  <system-out/>
  <testcase classname="com.jack.task.Kilpatricktownsend" name="run" time="2.742"/>
  <system-out/>
  <testcase classname="com.jack.task.Kilpatricktownsend" name="run" time="2.550"/>
  <system-out/>
  <testcase classname="com.jack.task.Kilpatricktownsend" name="run" time="3.161"/>
  <system-out/>
  <testcase classname="com.jack.task.Kilpatricktownsend" name="run" time="2.937"/>
  <system-out/>
  <testcase classname="com.jack.task.Kilpatricktownsend" name="run" time="5.996"/>
  <system-out/>
  <testcase classname="com.jack.task.Kilpatricktownsend" name="run" time="2.631"/>
  <system-out/>
  <testcase classname="com.jack.task.Kilpatricktownsend" name="run" time="3.390"/>
  <system-out/>
  <testcase classname="com.jack.task.Kilpatricktownsend" name="run" time="3.230"/>
  <system-out/>
  <testcase classname="com.jack.task.Kilpatricktownsend" name="run" time="4.702"/>
  <system-out/>
  <testcase classname="com.jack.task.Kilpatricktownsend" name="run" time="3.059"/>
  <system-out/>
  <testcase classname="com.jack.task.Kilpatricktownsend" name="run" time="9.047"/>
  <system-out/>
  <testcase classname="com.jack.task.Kilpatricktownsend" name="run" time="3.188"/>
  <system-out/>
  <testcase classname="com.jack.task.Kilpatricktownsend" name="run" time="2.511"/>
  <system-out/>
  <testcase classname="com.jack.task.Kilpatricktownsend" name="run" time="3.026"/>
  <system-out/>
  <testcase classname="com.jack.task.Kilpatricktownsend" name="run" time="4.723"/>
  <system-out/>
  <testcase classname="com.jack.task.Kilpatricktownsend" name="run" time="16.874"/>
  <system-out/>
  <testcase classname="com.jack.task.Kilpatricktownsend" name="run" time="2.890"/>
  <system-out/>
  <testcase classname="com.jack.task.Kilpatricktownsend" name="run" time="5.291"/>
  <system-out/>
  <testcase classname="com.jack.task.Kilpatricktownsend" name="run" time="3.750"/>
  <system-out/>
  <testcase classname="com.jack.task.Kilpatricktownsend" name="run" time="2.749"/>
  <system-out/>
  <testcase classname="com.jack.task.Kilpatricktownsend" name="run" time="3.191"/>
  <system-out/>
  <testcase classname="com.jack.task.Kilpatricktownsend" name="run" time="4.913"/>
  <system-out/>
  <testcase classname="com.jack.task.Kilpatricktownsend" name="run" time="27.194"/>
  <system-out/>
  <testcase classname="com.jack.task.Kilpatricktownsend" name="run" time="2.505"/>
  <system-out/>
  <testcase classname="com.jack.task.Kilpatricktownsend" name="run" time="2.615"/>
  <system-out/>
  <testcase classname="com.jack.task.Kilpatricktownsend" name="run" time="3.119"/>
  <system-out/>
  <testcase classname="com.jack.task.Kilpatricktownsend" name="run" time="4.872"/>
  <system-out/>
  <testcase classname="com.jack.task.Kilpatricktownsend" name="run" time="3.008"/>
  <system-out/>
  <testcase classname="com.jack.task.Kilpatricktownsend" name="run" time="2.731"/>
  <system-out/>
  <testcase classname="com.jack.task.Kilpatricktownsend" name="run" time="3.450"/>
  <system-out/>
  <testcase classname="com.jack.task.Kilpatricktownsend" name="run" time="3.215"/>
  <system-out/>
  <testcase classname="com.jack.task.Kilpatricktownsend" name="run" time="2.954"/>
  <system-out/>
  <testcase classname="com.jack.task.Kilpatricktownsend" name="run" time="4.311"/>
  <system-out/>
</testsuite> <!-- com.jack.task.Kilpatricktownsend -->
