<?xml version="1.0" encoding="UTF-8"?>
<!-- Generated by org.testng.reporters.JUnitReportReporter -->
<testsuite hostname="DESKTOP-89RDKF8" failures="0" tests="670" name="com.jack.task.Blankrome" time="3957.555" errors="0" timestamp="2023-01-15T17:08:10 BDT" skipped="0">
  <testcase classname="com.jack.task.Blankrome" name="run" time="5.388"/>
  <system-out/>
  <testcase classname="com.jack.task.Blankrome" name="run" time="6.418"/>
  <system-out/>
  <testcase classname="com.jack.task.Blankrome" name="run" time="4.877"/>
  <system-out/>
  <testcase classname="com.jack.task.Blankrome" name="run" time="6.759"/>
  <system-out/>
  <testcase classname="com.jack.task.Blankrome" name="run" time="6.549"/>
  <system-out/>
  <testcase classname="com.jack.task.Blankrome" name="run" time="6.473"/>
  <system-out/>
  <testcase classname="com.jack.task.Blankrome" name="run" time="7.935"/>
  <system-out/>
  <testcase classname="com.jack.task.Blankrome" name="run" time="5.592"/>
  <system-out/>
  <testcase classname="com.jack.task.Blankrome" name="run" time="5.345"/>
  <system-out/>
  <testcase classname="com.jack.task.Blankrome" name="run" time="6.905"/>
  <system-out/>
  <testcase classname="com.jack.task.Blankrome" name="run" time="5.620"/>
  <system-out/>
  <testcase classname="com.jack.task.Blankrome" name="run" time="5.834"/>
  <system-out/>
  <testcase classname="com.jack.task.Blankrome" name="run" time="5.704"/>
  <system-out/>
  <testcase classname="com.jack.task.Blankrome" name="run" time="9.195"/>
  <system-out/>
  <testcase classname="com.jack.task.Blankrome" name="run" time="7.409"/>
  <system-out/>
  <testcase classname="com.jack.task.Blankrome" name="run" time="6.091"/>
  <system-out/>
  <testcase classname="com.jack.task.Blankrome" name="run" time="8.021"/>
  <system-out/>
  <testcase classname="com.jack.task.Blankrome" name="run" time="6.319"/>
  <system-out/>
  <testcase classname="com.jack.task.Blankrome" name="run" time="6.254"/>
  <system-out/>
  <testcase classname="com.jack.task.Blankrome" name="run" time="5.566"/>
  <system-out/>
  <testcase classname="com.jack.task.Blankrome" name="run" time="6.438"/>
  <system-out/>
  <testcase classname="com.jack.task.Blankrome" name="run" time="6.153"/>
  <system-out/>
  <testcase classname="com.jack.task.Blankrome" name="run" time="5.007"/>
  <system-out/>
  <testcase classname="com.jack.task.Blankrome" name="run" time="4.906"/>
  <system-out/>
  <testcase classname="com.jack.task.Blankrome" name="run" time="5.256"/>
  <system-out/>
  <testcase classname="com.jack.task.Blankrome" name="run" time="5.706"/>
  <system-out/>
  <testcase classname="com.jack.task.Blankrome" name="run" time="4.722"/>
  <system-out/>
  <testcase classname="com.jack.task.Blankrome" name="run" time="6.684"/>
  <system-out/>
  <testcase classname="com.jack.task.Blankrome" name="run" time="7.749"/>
  <system-out/>
  <testcase classname="com.jack.task.Blankrome" name="run" time="5.688"/>
  <system-out/>
  <testcase classname="com.jack.task.Blankrome" name="run" time="6.097"/>
  <system-out/>
  <testcase classname="com.jack.task.Blankrome" name="run" time="5.188"/>
  <system-out/>
  <testcase classname="com.jack.task.Blankrome" name="run" time="4.469"/>
  <system-out/>
  <testcase classname="com.jack.task.Blankrome" name="run" time="5.232"/>
  <system-out/>
  <testcase classname="com.jack.task.Blankrome" name="run" time="7.359"/>
  <system-out/>
  <testcase classname="com.jack.task.Blankrome" name="run" time="5.286"/>
  <system-out/>
  <testcase classname="com.jack.task.Blankrome" name="run" time="7.504"/>
  <system-out/>
  <testcase classname="com.jack.task.Blankrome" name="run" time="5.237"/>
  <system-out/>
  <testcase classname="com.jack.task.Blankrome" name="run" time="7.867"/>
  <system-out/>
  <testcase classname="com.jack.task.Blankrome" name="run" time="6.445"/>
  <system-out/>
  <testcase classname="com.jack.task.Blankrome" name="run" time="7.656"/>
  <system-out/>
  <testcase classname="com.jack.task.Blankrome" name="run" time="3.864"/>
  <system-out/>
  <testcase classname="com.jack.task.Blankrome" name="run" time="6.380"/>
  <system-out/>
  <testcase classname="com.jack.task.Blankrome" name="run" time="4.475"/>
  <system-out/>
  <testcase classname="com.jack.task.Blankrome" name="run" time="5.941"/>
  <system-out/>
  <testcase classname="com.jack.task.Blankrome" name="run" time="8.297"/>
  <system-out/>
  <testcase classname="com.jack.task.Blankrome" name="run" time="5.698"/>
  <system-out/>
  <testcase classname="com.jack.task.Blankrome" name="run" time="5.095"/>
  <system-out/>
  <testcase classname="com.jack.task.Blankrome" name="run" time="7.248"/>
  <system-out/>
  <testcase classname="com.jack.task.Blankrome" name="run" time="7.122"/>
  <system-out/>
  <testcase classname="com.jack.task.Blankrome" name="run" time="4.668"/>
  <system-out/>
  <testcase classname="com.jack.task.Blankrome" name="run" time="5.615"/>
  <system-out/>
  <testcase classname="com.jack.task.Blankrome" name="run" time="7.977"/>
  <system-out/>
  <testcase classname="com.jack.task.Blankrome" name="run" time="7.555"/>
  <system-out/>
  <testcase classname="com.jack.task.Blankrome" name="run" time="5.574"/>
  <system-out/>
  <testcase classname="com.jack.task.Blankrome" name="run" time="6.025"/>
  <system-out/>
  <testcase classname="com.jack.task.Blankrome" name="run" time="5.403"/>
  <system-out/>
  <testcase classname="com.jack.task.Blankrome" name="run" time="6.541"/>
  <system-out/>
  <testcase classname="com.jack.task.Blankrome" name="run" time="8.090"/>
  <system-out/>
  <testcase classname="com.jack.task.Blankrome" name="run" time="6.522"/>
  <system-out/>
  <testcase classname="com.jack.task.Blankrome" name="run" time="5.469"/>
  <system-out/>
  <testcase classname="com.jack.task.Blankrome" name="run" time="6.872"/>
  <system-out/>
  <testcase classname="com.jack.task.Blankrome" name="run" time="7.398"/>
  <system-out/>
  <testcase classname="com.jack.task.Blankrome" name="run" time="5.731"/>
  <system-out/>
  <testcase classname="com.jack.task.Blankrome" name="run" time="6.055"/>
  <system-out/>
  <testcase classname="com.jack.task.Blankrome" name="run" time="6.395"/>
  <system-out/>
  <testcase classname="com.jack.task.Blankrome" name="run" time="6.480"/>
  <system-out/>
  <testcase classname="com.jack.task.Blankrome" name="run" time="7.555"/>
  <system-out/>
  <testcase classname="com.jack.task.Blankrome" name="run" time="7.749"/>
  <system-out/>
  <testcase classname="com.jack.task.Blankrome" name="run" time="5.000"/>
  <system-out/>
  <testcase classname="com.jack.task.Blankrome" name="run" time="6.386"/>
  <system-out/>
  <testcase classname="com.jack.task.Blankrome" name="run" time="4.896"/>
  <system-out/>
  <testcase classname="com.jack.task.Blankrome" name="run" time="6.536"/>
  <system-out/>
  <testcase classname="com.jack.task.Blankrome" name="run" time="7.329"/>
  <system-out/>
  <testcase classname="com.jack.task.Blankrome" name="run" time="6.779"/>
  <system-out/>
  <testcase classname="com.jack.task.Blankrome" name="run" time="5.672"/>
  <system-out/>
  <testcase classname="com.jack.task.Blankrome" name="run" time="5.712"/>
  <system-out/>
  <testcase classname="com.jack.task.Blankrome" name="run" time="7.382"/>
  <system-out/>
  <testcase classname="com.jack.task.Blankrome" name="run" time="6.346"/>
  <system-out/>
  <testcase classname="com.jack.task.Blankrome" name="run" time="3.938"/>
  <system-out/>
  <testcase classname="com.jack.task.Blankrome" name="run" time="4.823"/>
  <system-out/>
  <testcase classname="com.jack.task.Blankrome" name="run" time="6.222"/>
  <system-out/>
  <testcase classname="com.jack.task.Blankrome" name="run" time="4.301"/>
  <system-out/>
  <testcase classname="com.jack.task.Blankrome" name="run" time="8.600"/>
  <system-out/>
  <testcase classname="com.jack.task.Blankrome" name="run" time="5.242"/>
  <system-out/>
  <testcase classname="com.jack.task.Blankrome" name="run" time="6.960"/>
  <system-out/>
  <testcase classname="com.jack.task.Blankrome" name="run" time="7.812"/>
  <system-out/>
  <testcase classname="com.jack.task.Blankrome" name="run" time="4.876"/>
  <system-out/>
  <testcase classname="com.jack.task.Blankrome" name="run" time="5.902"/>
  <system-out/>
  <testcase classname="com.jack.task.Blankrome" name="run" time="6.326"/>
  <system-out/>
  <testcase classname="com.jack.task.Blankrome" name="run" time="7.686"/>
  <system-out/>
  <testcase classname="com.jack.task.Blankrome" name="run" time="4.088"/>
  <system-out/>
  <testcase classname="com.jack.task.Blankrome" name="run" time="5.428"/>
  <system-out/>
  <testcase classname="com.jack.task.Blankrome" name="run" time="4.004"/>
  <system-out/>
  <testcase classname="com.jack.task.Blankrome" name="run" time="5.951"/>
  <system-out/>
  <testcase classname="com.jack.task.Blankrome" name="run" time="4.020"/>
  <system-out/>
  <testcase classname="com.jack.task.Blankrome" name="run" time="4.274"/>
  <system-out/>
  <testcase classname="com.jack.task.Blankrome" name="run" time="4.668"/>
  <system-out/>
  <testcase classname="com.jack.task.Blankrome" name="run" time="4.121"/>
  <system-out/>
  <testcase classname="com.jack.task.Blankrome" name="run" time="5.165"/>
  <system-out/>
  <testcase classname="com.jack.task.Blankrome" name="run" time="4.579"/>
  <system-out/>
  <testcase classname="com.jack.task.Blankrome" name="run" time="8.093"/>
  <system-out/>
  <testcase classname="com.jack.task.Blankrome" name="run" time="5.232"/>
  <system-out/>
  <testcase classname="com.jack.task.Blankrome" name="run" time="5.856"/>
  <system-out/>
  <testcase classname="com.jack.task.Blankrome" name="run" time="5.334"/>
  <system-out/>
  <testcase classname="com.jack.task.Blankrome" name="run" time="6.710"/>
  <system-out/>
  <testcase classname="com.jack.task.Blankrome" name="run" time="5.554"/>
  <system-out/>
  <testcase classname="com.jack.task.Blankrome" name="run" time="4.413"/>
  <system-out/>
  <testcase classname="com.jack.task.Blankrome" name="run" time="5.775"/>
  <system-out/>
  <testcase classname="com.jack.task.Blankrome" name="run" time="5.440"/>
  <system-out/>
  <testcase classname="com.jack.task.Blankrome" name="run" time="4.400"/>
  <system-out/>
  <testcase classname="com.jack.task.Blankrome" name="run" time="5.640"/>
  <system-out/>
  <testcase classname="com.jack.task.Blankrome" name="run" time="6.152"/>
  <system-out/>
  <testcase classname="com.jack.task.Blankrome" name="run" time="6.795"/>
  <system-out/>
  <testcase classname="com.jack.task.Blankrome" name="run" time="4.126"/>
  <system-out/>
  <testcase classname="com.jack.task.Blankrome" name="run" time="6.837"/>
  <system-out/>
  <testcase classname="com.jack.task.Blankrome" name="run" time="7.162"/>
  <system-out/>
  <testcase classname="com.jack.task.Blankrome" name="run" time="6.471"/>
  <system-out/>
  <testcase classname="com.jack.task.Blankrome" name="run" time="5.021"/>
  <system-out/>
  <testcase classname="com.jack.task.Blankrome" name="run" time="6.209"/>
  <system-out/>
  <testcase classname="com.jack.task.Blankrome" name="run" time="5.498"/>
  <system-out/>
  <testcase classname="com.jack.task.Blankrome" name="run" time="4.530"/>
  <system-out/>
  <testcase classname="com.jack.task.Blankrome" name="run" time="5.688"/>
  <system-out/>
  <testcase classname="com.jack.task.Blankrome" name="run" time="5.518"/>
  <system-out/>
  <testcase classname="com.jack.task.Blankrome" name="run" time="4.738"/>
  <system-out/>
  <testcase classname="com.jack.task.Blankrome" name="run" time="6.711"/>
  <system-out/>
  <testcase classname="com.jack.task.Blankrome" name="run" time="7.170"/>
  <system-out/>
  <testcase classname="com.jack.task.Blankrome" name="run" time="4.652"/>
  <system-out/>
  <testcase classname="com.jack.task.Blankrome" name="run" time="6.267"/>
  <system-out/>
  <testcase classname="com.jack.task.Blankrome" name="run" time="4.040"/>
  <system-out/>
  <testcase classname="com.jack.task.Blankrome" name="run" time="7.719"/>
  <system-out/>
  <testcase classname="com.jack.task.Blankrome" name="run" time="5.514"/>
  <system-out/>
  <testcase classname="com.jack.task.Blankrome" name="run" time="6.658"/>
  <system-out/>
  <testcase classname="com.jack.task.Blankrome" name="run" time="6.469"/>
  <system-out/>
  <testcase classname="com.jack.task.Blankrome" name="run" time="7.541"/>
  <system-out/>
  <testcase classname="com.jack.task.Blankrome" name="run" time="4.807"/>
  <system-out/>
  <testcase classname="com.jack.task.Blankrome" name="run" time="5.048"/>
  <system-out/>
  <testcase classname="com.jack.task.Blankrome" name="run" time="4.372"/>
  <system-out/>
  <testcase classname="com.jack.task.Blankrome" name="run" time="6.250"/>
  <system-out/>
  <testcase classname="com.jack.task.Blankrome" name="run" time="7.719"/>
  <system-out/>
  <testcase classname="com.jack.task.Blankrome" name="run" time="5.183"/>
  <system-out/>
  <testcase classname="com.jack.task.Blankrome" name="run" time="5.944"/>
  <system-out/>
  <testcase classname="com.jack.task.Blankrome" name="run" time="5.902"/>
  <system-out/>
  <testcase classname="com.jack.task.Blankrome" name="run" time="4.625"/>
  <system-out/>
  <testcase classname="com.jack.task.Blankrome" name="run" time="5.282"/>
  <system-out/>
  <testcase classname="com.jack.task.Blankrome" name="run" time="4.736"/>
  <system-out/>
  <testcase classname="com.jack.task.Blankrome" name="run" time="5.508"/>
  <system-out/>
  <testcase classname="com.jack.task.Blankrome" name="run" time="6.170"/>
  <system-out/>
  <testcase classname="com.jack.task.Blankrome" name="run" time="4.745"/>
  <system-out/>
  <testcase classname="com.jack.task.Blankrome" name="run" time="5.924"/>
  <system-out/>
  <testcase classname="com.jack.task.Blankrome" name="run" time="4.109"/>
  <system-out/>
  <testcase classname="com.jack.task.Blankrome" name="run" time="6.991"/>
  <system-out/>
  <testcase classname="com.jack.task.Blankrome" name="run" time="7.768"/>
  <system-out/>
  <testcase classname="com.jack.task.Blankrome" name="run" time="5.389"/>
  <system-out/>
  <testcase classname="com.jack.task.Blankrome" name="run" time="3.923"/>
  <system-out/>
  <testcase classname="com.jack.task.Blankrome" name="run" time="6.122"/>
  <system-out/>
  <testcase classname="com.jack.task.Blankrome" name="run" time="5.481"/>
  <system-out/>
  <testcase classname="com.jack.task.Blankrome" name="run" time="6.249"/>
  <system-out/>
  <testcase classname="com.jack.task.Blankrome" name="run" time="6.937"/>
  <system-out/>
  <testcase classname="com.jack.task.Blankrome" name="run" time="4.619"/>
  <system-out/>
  <testcase classname="com.jack.task.Blankrome" name="run" time="5.259"/>
  <system-out/>
  <testcase classname="com.jack.task.Blankrome" name="run" time="7.041"/>
  <system-out/>
  <testcase classname="com.jack.task.Blankrome" name="run" time="6.089"/>
  <system-out/>
  <testcase classname="com.jack.task.Blankrome" name="run" time="5.588"/>
  <system-out/>
  <testcase classname="com.jack.task.Blankrome" name="run" time="4.860"/>
  <system-out/>
  <testcase classname="com.jack.task.Blankrome" name="run" time="6.448"/>
  <system-out/>
  <testcase classname="com.jack.task.Blankrome" name="run" time="4.431"/>
  <system-out/>
  <testcase classname="com.jack.task.Blankrome" name="run" time="4.163"/>
  <system-out/>
  <testcase classname="com.jack.task.Blankrome" name="run" time="7.782"/>
  <system-out/>
  <testcase classname="com.jack.task.Blankrome" name="run" time="7.544"/>
  <system-out/>
  <testcase classname="com.jack.task.Blankrome" name="run" time="5.301"/>
  <system-out/>
  <testcase classname="com.jack.task.Blankrome" name="run" time="7.915"/>
  <system-out/>
  <testcase classname="com.jack.task.Blankrome" name="run" time="7.668"/>
  <system-out/>
  <testcase classname="com.jack.task.Blankrome" name="run" time="4.273"/>
  <system-out/>
  <testcase classname="com.jack.task.Blankrome" name="run" time="5.174"/>
  <system-out/>
  <testcase classname="com.jack.task.Blankrome" name="run" time="5.688"/>
  <system-out/>
  <testcase classname="com.jack.task.Blankrome" name="run" time="5.517"/>
  <system-out/>
  <testcase classname="com.jack.task.Blankrome" name="run" time="4.847"/>
  <system-out/>
  <testcase classname="com.jack.task.Blankrome" name="run" time="5.308"/>
  <system-out/>
  <testcase classname="com.jack.task.Blankrome" name="run" time="5.116"/>
  <system-out/>
  <testcase classname="com.jack.task.Blankrome" name="run" time="6.760"/>
  <system-out/>
  <testcase classname="com.jack.task.Blankrome" name="run" time="6.061"/>
  <system-out/>
  <testcase classname="com.jack.task.Blankrome" name="run" time="6.858"/>
  <system-out/>
  <testcase classname="com.jack.task.Blankrome" name="run" time="5.139"/>
  <system-out/>
  <testcase classname="com.jack.task.Blankrome" name="run" time="5.521"/>
  <system-out/>
  <testcase classname="com.jack.task.Blankrome" name="run" time="5.670"/>
  <system-out/>
  <testcase classname="com.jack.task.Blankrome" name="run" time="5.951"/>
  <system-out/>
  <testcase classname="com.jack.task.Blankrome" name="run" time="6.580"/>
  <system-out/>
  <testcase classname="com.jack.task.Blankrome" name="run" time="5.049"/>
  <system-out/>
  <testcase classname="com.jack.task.Blankrome" name="run" time="4.088"/>
  <system-out/>
  <testcase classname="com.jack.task.Blankrome" name="run" time="6.115"/>
  <system-out/>
  <testcase classname="com.jack.task.Blankrome" name="run" time="5.429"/>
  <system-out/>
  <testcase classname="com.jack.task.Blankrome" name="run" time="5.905"/>
  <system-out/>
  <testcase classname="com.jack.task.Blankrome" name="run" time="5.540"/>
  <system-out/>
  <testcase classname="com.jack.task.Blankrome" name="run" time="4.297"/>
  <system-out/>
  <testcase classname="com.jack.task.Blankrome" name="run" time="5.635"/>
  <system-out/>
  <testcase classname="com.jack.task.Blankrome" name="run" time="7.542"/>
  <system-out/>
  <testcase classname="com.jack.task.Blankrome" name="run" time="4.634"/>
  <system-out/>
  <testcase classname="com.jack.task.Blankrome" name="run" time="6.322"/>
  <system-out/>
  <testcase classname="com.jack.task.Blankrome" name="run" time="5.472"/>
  <system-out/>
  <testcase classname="com.jack.task.Blankrome" name="run" time="6.005"/>
  <system-out/>
  <testcase classname="com.jack.task.Blankrome" name="run" time="6.005"/>
  <system-out/>
  <testcase classname="com.jack.task.Blankrome" name="run" time="4.250"/>
  <system-out/>
  <testcase classname="com.jack.task.Blankrome" name="run" time="6.987"/>
  <system-out/>
  <testcase classname="com.jack.task.Blankrome" name="run" time="7.443"/>
  <system-out/>
  <testcase classname="com.jack.task.Blankrome" name="run" time="6.039"/>
  <system-out/>
  <testcase classname="com.jack.task.Blankrome" name="run" time="6.955"/>
  <system-out/>
  <testcase classname="com.jack.task.Blankrome" name="run" time="5.200"/>
  <system-out/>
  <testcase classname="com.jack.task.Blankrome" name="run" time="5.895"/>
  <system-out/>
  <testcase classname="com.jack.task.Blankrome" name="run" time="4.446"/>
  <system-out/>
  <testcase classname="com.jack.task.Blankrome" name="run" time="4.751"/>
  <system-out/>
  <testcase classname="com.jack.task.Blankrome" name="run" time="7.389"/>
  <system-out/>
  <testcase classname="com.jack.task.Blankrome" name="run" time="5.928"/>
  <system-out/>
  <testcase classname="com.jack.task.Blankrome" name="run" time="5.806"/>
  <system-out/>
  <testcase classname="com.jack.task.Blankrome" name="run" time="8.029"/>
  <system-out/>
  <testcase classname="com.jack.task.Blankrome" name="run" time="5.049"/>
  <system-out/>
  <testcase classname="com.jack.task.Blankrome" name="run" time="6.310"/>
  <system-out/>
  <testcase classname="com.jack.task.Blankrome" name="run" time="7.622"/>
  <system-out/>
  <testcase classname="com.jack.task.Blankrome" name="run" time="5.144"/>
  <system-out/>
  <testcase classname="com.jack.task.Blankrome" name="run" time="5.931"/>
  <system-out/>
  <testcase classname="com.jack.task.Blankrome" name="run" time="8.301"/>
  <system-out/>
  <testcase classname="com.jack.task.Blankrome" name="run" time="4.607"/>
  <system-out/>
  <testcase classname="com.jack.task.Blankrome" name="run" time="7.434"/>
  <system-out/>
  <testcase classname="com.jack.task.Blankrome" name="run" time="4.320"/>
  <system-out/>
  <testcase classname="com.jack.task.Blankrome" name="run" time="5.026"/>
  <system-out/>
  <testcase classname="com.jack.task.Blankrome" name="run" time="10.538"/>
  <system-out/>
  <testcase classname="com.jack.task.Blankrome" name="run" time="5.127"/>
  <system-out/>
  <testcase classname="com.jack.task.Blankrome" name="run" time="4.005"/>
  <system-out/>
  <testcase classname="com.jack.task.Blankrome" name="run" time="5.296"/>
  <system-out/>
  <testcase classname="com.jack.task.Blankrome" name="run" time="6.496"/>
  <system-out/>
  <testcase classname="com.jack.task.Blankrome" name="run" time="5.764"/>
  <system-out/>
  <testcase classname="com.jack.task.Blankrome" name="run" time="5.660"/>
  <system-out/>
  <testcase classname="com.jack.task.Blankrome" name="run" time="6.364"/>
  <system-out/>
  <testcase classname="com.jack.task.Blankrome" name="run" time="8.624"/>
  <system-out/>
  <testcase classname="com.jack.task.Blankrome" name="run" time="5.476"/>
  <system-out/>
  <testcase classname="com.jack.task.Blankrome" name="run" time="5.392"/>
  <system-out/>
  <testcase classname="com.jack.task.Blankrome" name="run" time="7.270"/>
  <system-out/>
  <testcase classname="com.jack.task.Blankrome" name="run" time="5.887"/>
  <system-out/>
  <testcase classname="com.jack.task.Blankrome" name="run" time="6.983"/>
  <system-out/>
  <testcase classname="com.jack.task.Blankrome" name="run" time="6.376"/>
  <system-out/>
  <testcase classname="com.jack.task.Blankrome" name="run" time="5.553"/>
  <system-out/>
  <testcase classname="com.jack.task.Blankrome" name="run" time="5.815"/>
  <system-out/>
  <testcase classname="com.jack.task.Blankrome" name="run" time="6.081"/>
  <system-out/>
  <testcase classname="com.jack.task.Blankrome" name="run" time="7.166"/>
  <system-out/>
  <testcase classname="com.jack.task.Blankrome" name="run" time="5.292"/>
  <system-out/>
  <testcase classname="com.jack.task.Blankrome" name="run" time="9.702"/>
  <system-out/>
  <testcase classname="com.jack.task.Blankrome" name="run" time="7.015"/>
  <system-out/>
  <testcase classname="com.jack.task.Blankrome" name="run" time="8.059"/>
  <system-out/>
  <testcase classname="com.jack.task.Blankrome" name="run" time="4.776"/>
  <system-out/>
  <testcase classname="com.jack.task.Blankrome" name="run" time="7.546"/>
  <system-out/>
  <testcase classname="com.jack.task.Blankrome" name="run" time="4.404"/>
  <system-out/>
  <testcase classname="com.jack.task.Blankrome" name="run" time="5.579"/>
  <system-out/>
  <testcase classname="com.jack.task.Blankrome" name="run" time="4.266"/>
  <system-out/>
  <testcase classname="com.jack.task.Blankrome" name="run" time="5.255"/>
  <system-out/>
  <testcase classname="com.jack.task.Blankrome" name="run" time="5.646"/>
  <system-out/>
  <testcase classname="com.jack.task.Blankrome" name="run" time="6.916"/>
  <system-out/>
  <testcase classname="com.jack.task.Blankrome" name="run" time="3.856"/>
  <system-out/>
  <testcase classname="com.jack.task.Blankrome" name="run" time="5.719"/>
  <system-out/>
  <testcase classname="com.jack.task.Blankrome" name="run" time="4.289"/>
  <system-out/>
  <testcase classname="com.jack.task.Blankrome" name="run" time="4.556"/>
  <system-out/>
  <testcase classname="com.jack.task.Blankrome" name="run" time="6.581"/>
  <system-out/>
  <testcase classname="com.jack.task.Blankrome" name="run" time="4.488"/>
  <system-out/>
  <testcase classname="com.jack.task.Blankrome" name="run" time="6.365"/>
  <system-out/>
  <testcase classname="com.jack.task.Blankrome" name="run" time="4.628"/>
  <system-out/>
  <testcase classname="com.jack.task.Blankrome" name="run" time="4.680"/>
  <system-out/>
  <testcase classname="com.jack.task.Blankrome" name="run" time="6.462"/>
  <system-out/>
  <testcase classname="com.jack.task.Blankrome" name="run" time="5.878"/>
  <system-out/>
  <testcase classname="com.jack.task.Blankrome" name="run" time="6.899"/>
  <system-out/>
  <testcase classname="com.jack.task.Blankrome" name="run" time="6.176"/>
  <system-out/>
  <testcase classname="com.jack.task.Blankrome" name="run" time="5.325"/>
  <system-out/>
  <testcase classname="com.jack.task.Blankrome" name="run" time="4.616"/>
  <system-out/>
  <testcase classname="com.jack.task.Blankrome" name="run" time="5.243"/>
  <system-out/>
  <testcase classname="com.jack.task.Blankrome" name="run" time="4.826"/>
  <system-out/>
  <testcase classname="com.jack.task.Blankrome" name="run" time="6.189"/>
  <system-out/>
  <testcase classname="com.jack.task.Blankrome" name="run" time="5.314"/>
  <system-out/>
  <testcase classname="com.jack.task.Blankrome" name="run" time="5.793"/>
  <system-out/>
  <testcase classname="com.jack.task.Blankrome" name="run" time="7.088"/>
  <system-out/>
  <testcase classname="com.jack.task.Blankrome" name="run" time="6.003"/>
  <system-out/>
  <testcase classname="com.jack.task.Blankrome" name="run" time="6.101"/>
  <system-out/>
  <testcase classname="com.jack.task.Blankrome" name="run" time="6.440"/>
  <system-out/>
  <testcase classname="com.jack.task.Blankrome" name="run" time="5.951"/>
  <system-out/>
  <testcase classname="com.jack.task.Blankrome" name="run" time="8.695"/>
  <system-out/>
  <testcase classname="com.jack.task.Blankrome" name="run" time="5.178"/>
  <system-out/>
  <testcase classname="com.jack.task.Blankrome" name="run" time="4.088"/>
  <system-out/>
  <testcase classname="com.jack.task.Blankrome" name="run" time="6.225"/>
  <system-out/>
  <testcase classname="com.jack.task.Blankrome" name="run" time="4.580"/>
  <system-out/>
  <testcase classname="com.jack.task.Blankrome" name="run" time="7.735"/>
  <system-out/>
  <testcase classname="com.jack.task.Blankrome" name="run" time="6.015"/>
  <system-out/>
  <testcase classname="com.jack.task.Blankrome" name="run" time="5.359"/>
  <system-out/>
  <testcase classname="com.jack.task.Blankrome" name="run" time="4.804"/>
  <system-out/>
  <testcase classname="com.jack.task.Blankrome" name="run" time="5.106"/>
  <system-out/>
  <testcase classname="com.jack.task.Blankrome" name="run" time="4.387"/>
  <system-out/>
  <testcase classname="com.jack.task.Blankrome" name="run" time="5.617"/>
  <system-out/>
  <testcase classname="com.jack.task.Blankrome" name="run" time="4.454"/>
  <system-out/>
  <testcase classname="com.jack.task.Blankrome" name="run" time="6.439"/>
  <system-out/>
  <testcase classname="com.jack.task.Blankrome" name="run" time="6.239"/>
  <system-out/>
  <testcase classname="com.jack.task.Blankrome" name="run" time="6.635"/>
  <system-out/>
  <testcase classname="com.jack.task.Blankrome" name="run" time="5.034"/>
  <system-out/>
  <testcase classname="com.jack.task.Blankrome" name="run" time="6.729"/>
  <system-out/>
  <testcase classname="com.jack.task.Blankrome" name="run" time="6.481"/>
  <system-out/>
  <testcase classname="com.jack.task.Blankrome" name="run" time="7.084"/>
  <system-out/>
  <testcase classname="com.jack.task.Blankrome" name="run" time="6.171"/>
  <system-out/>
  <testcase classname="com.jack.task.Blankrome" name="run" time="5.456"/>
  <system-out/>
  <testcase classname="com.jack.task.Blankrome" name="run" time="5.613"/>
  <system-out/>
  <testcase classname="com.jack.task.Blankrome" name="run" time="6.277"/>
  <system-out/>
  <testcase classname="com.jack.task.Blankrome" name="run" time="6.204"/>
  <system-out/>
  <testcase classname="com.jack.task.Blankrome" name="run" time="6.238"/>
  <system-out/>
  <testcase classname="com.jack.task.Blankrome" name="run" time="7.661"/>
  <system-out/>
  <testcase classname="com.jack.task.Blankrome" name="run" time="6.989"/>
  <system-out/>
  <testcase classname="com.jack.task.Blankrome" name="run" time="7.601"/>
  <system-out/>
  <testcase classname="com.jack.task.Blankrome" name="run" time="5.216"/>
  <system-out/>
  <testcase classname="com.jack.task.Blankrome" name="run" time="6.006"/>
  <system-out/>
  <testcase classname="com.jack.task.Blankrome" name="run" time="8.537"/>
  <system-out/>
  <testcase classname="com.jack.task.Blankrome" name="run" time="4.033"/>
  <system-out/>
  <testcase classname="com.jack.task.Blankrome" name="run" time="4.141"/>
  <system-out/>
  <testcase classname="com.jack.task.Blankrome" name="run" time="4.560"/>
  <system-out/>
  <testcase classname="com.jack.task.Blankrome" name="run" time="6.263"/>
  <system-out/>
  <testcase classname="com.jack.task.Blankrome" name="run" time="6.303"/>
  <system-out/>
  <testcase classname="com.jack.task.Blankrome" name="run" time="6.142"/>
  <system-out/>
  <testcase classname="com.jack.task.Blankrome" name="run" time="6.984"/>
  <system-out/>
  <testcase classname="com.jack.task.Blankrome" name="run" time="6.211"/>
  <system-out/>
  <testcase classname="com.jack.task.Blankrome" name="run" time="5.778"/>
  <system-out/>
  <testcase classname="com.jack.task.Blankrome" name="run" time="4.836"/>
  <system-out/>
  <testcase classname="com.jack.task.Blankrome" name="run" time="10.094"/>
  <system-out/>
  <testcase classname="com.jack.task.Blankrome" name="run" time="7.893"/>
  <system-out/>
  <testcase classname="com.jack.task.Blankrome" name="run" time="7.895"/>
  <system-out/>
  <testcase classname="com.jack.task.Blankrome" name="run" time="5.664"/>
  <system-out/>
  <testcase classname="com.jack.task.Blankrome" name="run" time="4.579"/>
  <system-out/>
  <testcase classname="com.jack.task.Blankrome" name="run" time="4.041"/>
  <system-out/>
  <testcase classname="com.jack.task.Blankrome" name="run" time="5.382"/>
  <system-out/>
  <testcase classname="com.jack.task.Blankrome" name="run" time="5.343"/>
  <system-out/>
  <testcase classname="com.jack.task.Blankrome" name="run" time="4.541"/>
  <system-out/>
  <testcase classname="com.jack.task.Blankrome" name="run" time="7.331"/>
  <system-out/>
  <testcase classname="com.jack.task.Blankrome" name="run" time="6.084"/>
  <system-out/>
  <testcase classname="com.jack.task.Blankrome" name="run" time="8.225"/>
  <system-out/>
  <testcase classname="com.jack.task.Blankrome" name="run" time="6.076"/>
  <system-out/>
  <testcase classname="com.jack.task.Blankrome" name="run" time="6.001"/>
  <system-out/>
  <testcase classname="com.jack.task.Blankrome" name="run" time="6.169"/>
  <system-out/>
  <testcase classname="com.jack.task.Blankrome" name="run" time="3.686"/>
  <system-out/>
  <testcase classname="com.jack.task.Blankrome" name="run" time="5.474"/>
  <system-out/>
  <testcase classname="com.jack.task.Blankrome" name="run" time="6.010"/>
  <system-out/>
  <testcase classname="com.jack.task.Blankrome" name="run" time="5.041"/>
  <system-out/>
  <testcase classname="com.jack.task.Blankrome" name="run" time="6.804"/>
  <system-out/>
  <testcase classname="com.jack.task.Blankrome" name="run" time="6.047"/>
  <system-out/>
  <testcase classname="com.jack.task.Blankrome" name="run" time="5.103"/>
  <system-out/>
  <testcase classname="com.jack.task.Blankrome" name="run" time="5.986"/>
  <system-out/>
  <testcase classname="com.jack.task.Blankrome" name="run" time="4.777"/>
  <system-out/>
  <testcase classname="com.jack.task.Blankrome" name="run" time="6.872"/>
  <system-out/>
  <testcase classname="com.jack.task.Blankrome" name="run" time="6.199"/>
  <system-out/>
  <testcase classname="com.jack.task.Blankrome" name="run" time="4.975"/>
  <system-out/>
  <testcase classname="com.jack.task.Blankrome" name="run" time="6.300"/>
  <system-out/>
  <testcase classname="com.jack.task.Blankrome" name="run" time="4.933"/>
  <system-out/>
  <testcase classname="com.jack.task.Blankrome" name="run" time="5.507"/>
  <system-out/>
  <testcase classname="com.jack.task.Blankrome" name="run" time="6.695"/>
  <system-out/>
  <testcase classname="com.jack.task.Blankrome" name="run" time="6.897"/>
  <system-out/>
  <testcase classname="com.jack.task.Blankrome" name="run" time="4.604"/>
  <system-out/>
  <testcase classname="com.jack.task.Blankrome" name="run" time="5.094"/>
  <system-out/>
  <testcase classname="com.jack.task.Blankrome" name="run" time="6.257"/>
  <system-out/>
  <testcase classname="com.jack.task.Blankrome" name="run" time="5.117"/>
  <system-out/>
  <testcase classname="com.jack.task.Blankrome" name="run" time="6.156"/>
  <system-out/>
  <testcase classname="com.jack.task.Blankrome" name="run" time="6.250"/>
  <system-out/>
  <testcase classname="com.jack.task.Blankrome" name="run" time="5.068"/>
  <system-out/>
  <testcase classname="com.jack.task.Blankrome" name="run" time="5.353"/>
  <system-out/>
  <testcase classname="com.jack.task.Blankrome" name="run" time="5.209"/>
  <system-out/>
  <testcase classname="com.jack.task.Blankrome" name="run" time="6.141"/>
  <system-out/>
  <testcase classname="com.jack.task.Blankrome" name="run" time="7.557"/>
  <system-out/>
  <testcase classname="com.jack.task.Blankrome" name="run" time="6.895"/>
  <system-out/>
  <testcase classname="com.jack.task.Blankrome" name="run" time="5.868"/>
  <system-out/>
  <testcase classname="com.jack.task.Blankrome" name="run" time="4.126"/>
  <system-out/>
  <testcase classname="com.jack.task.Blankrome" name="run" time="5.489"/>
  <system-out/>
  <testcase classname="com.jack.task.Blankrome" name="run" time="5.824"/>
  <system-out/>
  <testcase classname="com.jack.task.Blankrome" name="run" time="7.662"/>
  <system-out/>
  <testcase classname="com.jack.task.Blankrome" name="run" time="6.405"/>
  <system-out/>
  <testcase classname="com.jack.task.Blankrome" name="run" time="7.510"/>
  <system-out/>
  <testcase classname="com.jack.task.Blankrome" name="run" time="6.619"/>
  <system-out/>
  <testcase classname="com.jack.task.Blankrome" name="run" time="5.265"/>
  <system-out/>
  <testcase classname="com.jack.task.Blankrome" name="run" time="4.768"/>
  <system-out/>
  <testcase classname="com.jack.task.Blankrome" name="run" time="5.343"/>
  <system-out/>
  <testcase classname="com.jack.task.Blankrome" name="run" time="6.814"/>
  <system-out/>
  <testcase classname="com.jack.task.Blankrome" name="run" time="6.038"/>
  <system-out/>
  <testcase classname="com.jack.task.Blankrome" name="run" time="4.112"/>
  <system-out/>
  <testcase classname="com.jack.task.Blankrome" name="run" time="4.150"/>
  <system-out/>
  <testcase classname="com.jack.task.Blankrome" name="run" time="6.153"/>
  <system-out/>
  <testcase classname="com.jack.task.Blankrome" name="run" time="5.032"/>
  <system-out/>
  <testcase classname="com.jack.task.Blankrome" name="run" time="6.457"/>
  <system-out/>
  <testcase classname="com.jack.task.Blankrome" name="run" time="6.056"/>
  <system-out/>
  <testcase classname="com.jack.task.Blankrome" name="run" time="4.327"/>
  <system-out/>
  <testcase classname="com.jack.task.Blankrome" name="run" time="6.660"/>
  <system-out/>
  <testcase classname="com.jack.task.Blankrome" name="run" time="4.569"/>
  <system-out/>
  <testcase classname="com.jack.task.Blankrome" name="run" time="7.723"/>
  <system-out/>
  <testcase classname="com.jack.task.Blankrome" name="run" time="4.629"/>
  <system-out/>
  <testcase classname="com.jack.task.Blankrome" name="run" time="3.919"/>
  <system-out/>
  <testcase classname="com.jack.task.Blankrome" name="run" time="6.261"/>
  <system-out/>
  <testcase classname="com.jack.task.Blankrome" name="run" time="5.967"/>
  <system-out/>
  <testcase classname="com.jack.task.Blankrome" name="run" time="6.140"/>
  <system-out/>
  <testcase classname="com.jack.task.Blankrome" name="run" time="5.060"/>
  <system-out/>
  <testcase classname="com.jack.task.Blankrome" name="run" time="7.068"/>
  <system-out/>
  <testcase classname="com.jack.task.Blankrome" name="run" time="4.425"/>
  <system-out/>
  <testcase classname="com.jack.task.Blankrome" name="run" time="4.751"/>
  <system-out/>
  <testcase classname="com.jack.task.Blankrome" name="run" time="5.006"/>
  <system-out/>
  <testcase classname="com.jack.task.Blankrome" name="run" time="5.566"/>
  <system-out/>
  <testcase classname="com.jack.task.Blankrome" name="run" time="6.889"/>
  <system-out/>
  <testcase classname="com.jack.task.Blankrome" name="run" time="7.459"/>
  <system-out/>
  <testcase classname="com.jack.task.Blankrome" name="run" time="7.117"/>
  <system-out/>
  <testcase classname="com.jack.task.Blankrome" name="run" time="4.897"/>
  <system-out/>
  <testcase classname="com.jack.task.Blankrome" name="run" time="4.694"/>
  <system-out/>
  <testcase classname="com.jack.task.Blankrome" name="run" time="5.761"/>
  <system-out/>
  <testcase classname="com.jack.task.Blankrome" name="run" time="8.011"/>
  <system-out/>
  <testcase classname="com.jack.task.Blankrome" name="run" time="4.678"/>
  <system-out/>
  <testcase classname="com.jack.task.Blankrome" name="run" time="5.699"/>
  <system-out/>
  <testcase classname="com.jack.task.Blankrome" name="run" time="5.101"/>
  <system-out/>
  <testcase classname="com.jack.task.Blankrome" name="run" time="6.819"/>
  <system-out/>
  <testcase classname="com.jack.task.Blankrome" name="run" time="6.859"/>
  <system-out/>
  <testcase classname="com.jack.task.Blankrome" name="run" time="5.729"/>
  <system-out/>
  <testcase classname="com.jack.task.Blankrome" name="run" time="6.286"/>
  <system-out/>
  <testcase classname="com.jack.task.Blankrome" name="run" time="6.952"/>
  <system-out/>
  <testcase classname="com.jack.task.Blankrome" name="run" time="6.106"/>
  <system-out/>
  <testcase classname="com.jack.task.Blankrome" name="run" time="5.949"/>
  <system-out/>
  <testcase classname="com.jack.task.Blankrome" name="run" time="4.379"/>
  <system-out/>
  <testcase classname="com.jack.task.Blankrome" name="run" time="5.293"/>
  <system-out/>
  <testcase classname="com.jack.task.Blankrome" name="run" time="4.987"/>
  <system-out/>
  <testcase classname="com.jack.task.Blankrome" name="run" time="5.949"/>
  <system-out/>
  <testcase classname="com.jack.task.Blankrome" name="run" time="4.381"/>
  <system-out/>
  <testcase classname="com.jack.task.Blankrome" name="run" time="4.484"/>
  <system-out/>
  <testcase classname="com.jack.task.Blankrome" name="run" time="5.833"/>
  <system-out/>
  <testcase classname="com.jack.task.Blankrome" name="run" time="5.013"/>
  <system-out/>
  <testcase classname="com.jack.task.Blankrome" name="run" time="5.453"/>
  <system-out/>
  <testcase classname="com.jack.task.Blankrome" name="run" time="4.889"/>
  <system-out/>
  <testcase classname="com.jack.task.Blankrome" name="run" time="6.216"/>
  <system-out/>
  <testcase classname="com.jack.task.Blankrome" name="run" time="4.988"/>
  <system-out/>
  <testcase classname="com.jack.task.Blankrome" name="run" time="3.851"/>
  <system-out/>
  <testcase classname="com.jack.task.Blankrome" name="run" time="4.439"/>
  <system-out/>
  <testcase classname="com.jack.task.Blankrome" name="run" time="6.173"/>
  <system-out/>
  <testcase classname="com.jack.task.Blankrome" name="run" time="5.941"/>
  <system-out/>
  <testcase classname="com.jack.task.Blankrome" name="run" time="7.447"/>
  <system-out/>
  <testcase classname="com.jack.task.Blankrome" name="run" time="4.528"/>
  <system-out/>
  <testcase classname="com.jack.task.Blankrome" name="run" time="6.665"/>
  <system-out/>
  <testcase classname="com.jack.task.Blankrome" name="run" time="7.727"/>
  <system-out/>
  <testcase classname="com.jack.task.Blankrome" name="run" time="5.872"/>
  <system-out/>
  <testcase classname="com.jack.task.Blankrome" name="run" time="4.706"/>
  <system-out/>
  <testcase classname="com.jack.task.Blankrome" name="run" time="5.712"/>
  <system-out/>
  <testcase classname="com.jack.task.Blankrome" name="run" time="5.512"/>
  <system-out/>
  <testcase classname="com.jack.task.Blankrome" name="run" time="5.085"/>
  <system-out/>
  <testcase classname="com.jack.task.Blankrome" name="run" time="5.550"/>
  <system-out/>
  <testcase classname="com.jack.task.Blankrome" name="run" time="5.621"/>
  <system-out/>
  <testcase classname="com.jack.task.Blankrome" name="run" time="7.435"/>
  <system-out/>
  <testcase classname="com.jack.task.Blankrome" name="run" time="5.251"/>
  <system-out/>
  <testcase classname="com.jack.task.Blankrome" name="run" time="6.000"/>
  <system-out/>
  <testcase classname="com.jack.task.Blankrome" name="run" time="4.829"/>
  <system-out/>
  <testcase classname="com.jack.task.Blankrome" name="run" time="3.800"/>
  <system-out/>
  <testcase classname="com.jack.task.Blankrome" name="run" time="5.273"/>
  <system-out/>
  <testcase classname="com.jack.task.Blankrome" name="run" time="5.615"/>
  <system-out/>
  <testcase classname="com.jack.task.Blankrome" name="run" time="6.137"/>
  <system-out/>
  <testcase classname="com.jack.task.Blankrome" name="run" time="6.055"/>
  <system-out/>
  <testcase classname="com.jack.task.Blankrome" name="run" time="7.944"/>
  <system-out/>
  <testcase classname="com.jack.task.Blankrome" name="run" time="5.574"/>
  <system-out/>
  <testcase classname="com.jack.task.Blankrome" name="run" time="5.084"/>
  <system-out/>
  <testcase classname="com.jack.task.Blankrome" name="run" time="4.121"/>
  <system-out/>
  <testcase classname="com.jack.task.Blankrome" name="run" time="7.901"/>
  <system-out/>
  <testcase classname="com.jack.task.Blankrome" name="run" time="6.138"/>
  <system-out/>
  <testcase classname="com.jack.task.Blankrome" name="run" time="4.230"/>
  <system-out/>
  <testcase classname="com.jack.task.Blankrome" name="run" time="4.579"/>
  <system-out/>
  <testcase classname="com.jack.task.Blankrome" name="run" time="5.378"/>
  <system-out/>
  <testcase classname="com.jack.task.Blankrome" name="run" time="4.694"/>
  <system-out/>
  <testcase classname="com.jack.task.Blankrome" name="run" time="7.453"/>
  <system-out/>
  <testcase classname="com.jack.task.Blankrome" name="run" time="5.431"/>
  <system-out/>
  <testcase classname="com.jack.task.Blankrome" name="run" time="4.384"/>
  <system-out/>
  <testcase classname="com.jack.task.Blankrome" name="run" time="6.523"/>
  <system-out/>
  <testcase classname="com.jack.task.Blankrome" name="run" time="5.305"/>
  <system-out/>
  <testcase classname="com.jack.task.Blankrome" name="run" time="4.860"/>
  <system-out/>
  <testcase classname="com.jack.task.Blankrome" name="run" time="6.389"/>
  <system-out/>
  <testcase classname="com.jack.task.Blankrome" name="run" time="6.221"/>
  <system-out/>
  <testcase classname="com.jack.task.Blankrome" name="run" time="7.197"/>
  <system-out/>
  <testcase classname="com.jack.task.Blankrome" name="run" time="5.253"/>
  <system-out/>
  <testcase classname="com.jack.task.Blankrome" name="run" time="4.514"/>
  <system-out/>
  <testcase classname="com.jack.task.Blankrome" name="run" time="4.533"/>
  <system-out/>
  <testcase classname="com.jack.task.Blankrome" name="run" time="4.183"/>
  <system-out/>
  <testcase classname="com.jack.task.Blankrome" name="run" time="6.571"/>
  <system-out/>
  <testcase classname="com.jack.task.Blankrome" name="run" time="6.647"/>
  <system-out/>
  <testcase classname="com.jack.task.Blankrome" name="run" time="4.845"/>
  <system-out/>
  <testcase classname="com.jack.task.Blankrome" name="run" time="5.256"/>
  <system-out/>
  <testcase classname="com.jack.task.Blankrome" name="testx" time="0.000"/>
  <system-out/>
  <testcase classname="com.jack.task.Blankrome" name="run" time="4.380"/>
  <system-out/>
  <testcase classname="com.jack.task.Blankrome" name="run" time="7.706"/>
  <system-out/>
  <testcase classname="com.jack.task.Blankrome" name="run" time="8.848"/>
  <system-out/>
  <testcase classname="com.jack.task.Blankrome" name="run" time="3.928"/>
  <system-out/>
  <testcase classname="com.jack.task.Blankrome" name="run" time="4.018"/>
  <system-out/>
  <testcase classname="com.jack.task.Blankrome" name="run" time="5.504"/>
  <system-out/>
  <testcase classname="com.jack.task.Blankrome" name="run" time="5.153"/>
  <system-out/>
  <testcase classname="com.jack.task.Blankrome" name="run" time="3.917"/>
  <system-out/>
  <testcase classname="com.jack.task.Blankrome" name="run" time="4.606"/>
  <system-out/>
  <testcase classname="com.jack.task.Blankrome" name="run" time="4.282"/>
  <system-out/>
  <testcase classname="com.jack.task.Blankrome" name="run" time="5.136"/>
  <system-out/>
  <testcase classname="com.jack.task.Blankrome" name="run" time="6.147"/>
  <system-out/>
  <testcase classname="com.jack.task.Blankrome" name="run" time="7.165"/>
  <system-out/>
  <testcase classname="com.jack.task.Blankrome" name="run" time="8.290"/>
  <system-out/>
  <testcase classname="com.jack.task.Blankrome" name="run" time="9.039"/>
  <system-out/>
  <testcase classname="com.jack.task.Blankrome" name="run" time="6.572"/>
  <system-out/>
  <testcase classname="com.jack.task.Blankrome" name="run" time="5.972"/>
  <system-out/>
  <testcase classname="com.jack.task.Blankrome" name="run" time="6.334"/>
  <system-out/>
  <testcase classname="com.jack.task.Blankrome" name="run" time="6.607"/>
  <system-out/>
  <testcase classname="com.jack.task.Blankrome" name="run" time="8.555"/>
  <system-out/>
  <testcase classname="com.jack.task.Blankrome" name="run" time="8.819"/>
  <system-out/>
  <testcase classname="com.jack.task.Blankrome" name="run" time="8.341"/>
  <system-out/>
  <testcase classname="com.jack.task.Blankrome" name="run" time="6.432"/>
  <system-out/>
  <testcase classname="com.jack.task.Blankrome" name="run" time="5.737"/>
  <system-out/>
  <testcase classname="com.jack.task.Blankrome" name="run" time="5.461"/>
  <system-out/>
  <testcase classname="com.jack.task.Blankrome" name="run" time="5.861"/>
  <system-out/>
  <testcase classname="com.jack.task.Blankrome" name="run" time="4.552"/>
  <system-out/>
  <testcase classname="com.jack.task.Blankrome" name="run" time="7.005"/>
  <system-out/>
  <testcase classname="com.jack.task.Blankrome" name="run" time="7.209"/>
  <system-out/>
  <testcase classname="com.jack.task.Blankrome" name="run" time="6.180"/>
  <system-out/>
  <testcase classname="com.jack.task.Blankrome" name="run" time="6.049"/>
  <system-out/>
  <testcase classname="com.jack.task.Blankrome" name="run" time="5.753"/>
  <system-out/>
  <testcase classname="com.jack.task.Blankrome" name="run" time="7.533"/>
  <system-out/>
  <testcase classname="com.jack.task.Blankrome" name="run" time="6.103"/>
  <system-out/>
  <testcase classname="com.jack.task.Blankrome" name="run" time="6.921"/>
  <system-out/>
  <testcase classname="com.jack.task.Blankrome" name="run" time="6.502"/>
  <system-out/>
  <testcase classname="com.jack.task.Blankrome" name="run" time="6.351"/>
  <system-out/>
  <testcase classname="com.jack.task.Blankrome" name="run" time="5.171"/>
  <system-out/>
  <testcase classname="com.jack.task.Blankrome" name="run" time="6.159"/>
  <system-out/>
  <testcase classname="com.jack.task.Blankrome" name="run" time="4.736"/>
  <system-out/>
  <testcase classname="com.jack.task.Blankrome" name="run" time="6.442"/>
  <system-out/>
  <testcase classname="com.jack.task.Blankrome" name="run" time="4.772"/>
  <system-out/>
  <testcase classname="com.jack.task.Blankrome" name="run" time="3.866"/>
  <system-out/>
  <testcase classname="com.jack.task.Blankrome" name="run" time="7.909"/>
  <system-out/>
  <testcase classname="com.jack.task.Blankrome" name="run" time="4.320"/>
  <system-out/>
  <testcase classname="com.jack.task.Blankrome" name="run" time="4.628"/>
  <system-out/>
  <testcase classname="com.jack.task.Blankrome" name="run" time="4.688"/>
  <system-out/>
  <testcase classname="com.jack.task.Blankrome" name="run" time="9.217"/>
  <system-out/>
  <testcase classname="com.jack.task.Blankrome" name="run" time="4.643"/>
  <system-out/>
  <testcase classname="com.jack.task.Blankrome" name="run" time="6.131"/>
  <system-out/>
  <testcase classname="com.jack.task.Blankrome" name="run" time="4.506"/>
  <system-out/>
  <testcase classname="com.jack.task.Blankrome" name="run" time="4.286"/>
  <system-out/>
  <testcase classname="com.jack.task.Blankrome" name="run" time="6.590"/>
  <system-out/>
  <testcase classname="com.jack.task.Blankrome" name="run" time="8.264"/>
  <system-out/>
  <testcase classname="com.jack.task.Blankrome" name="run" time="6.210"/>
  <system-out/>
  <testcase classname="com.jack.task.Blankrome" name="run" time="4.263"/>
  <system-out/>
  <testcase classname="com.jack.task.Blankrome" name="run" time="4.260"/>
  <system-out/>
  <testcase classname="com.jack.task.Blankrome" name="run" time="4.640"/>
  <system-out/>
  <testcase classname="com.jack.task.Blankrome" name="run" time="6.808"/>
  <system-out/>
  <testcase classname="com.jack.task.Blankrome" name="run" time="6.853"/>
  <system-out/>
  <testcase classname="com.jack.task.Blankrome" name="run" time="4.642"/>
  <system-out/>
  <testcase classname="com.jack.task.Blankrome" name="run" time="6.091"/>
  <system-out/>
  <testcase classname="com.jack.task.Blankrome" name="run" time="6.119"/>
  <system-out/>
  <testcase classname="com.jack.task.Blankrome" name="run" time="7.524"/>
  <system-out/>
  <testcase classname="com.jack.task.Blankrome" name="run" time="6.596"/>
  <system-out/>
  <testcase classname="com.jack.task.Blankrome" name="run" time="7.350"/>
  <system-out/>
  <testcase classname="com.jack.task.Blankrome" name="run" time="4.796"/>
  <system-out/>
  <testcase classname="com.jack.task.Blankrome" name="run" time="5.808"/>
  <system-out/>
  <testcase classname="com.jack.task.Blankrome" name="run" time="7.370"/>
  <system-out/>
  <testcase classname="com.jack.task.Blankrome" name="run" time="6.097"/>
  <system-out/>
  <testcase classname="com.jack.task.Blankrome" name="run" time="4.765"/>
  <system-out/>
  <testcase classname="com.jack.task.Blankrome" name="run" time="6.971"/>
  <system-out/>
  <testcase classname="com.jack.task.Blankrome" name="run" time="5.459"/>
  <system-out/>
  <testcase classname="com.jack.task.Blankrome" name="run" time="5.706"/>
  <system-out/>
  <testcase classname="com.jack.task.Blankrome" name="run" time="4.973"/>
  <system-out/>
  <testcase classname="com.jack.task.Blankrome" name="run" time="6.753"/>
  <system-out/>
  <testcase classname="com.jack.task.Blankrome" name="run" time="7.250"/>
  <system-out/>
  <testcase classname="com.jack.task.Blankrome" name="run" time="4.747"/>
  <system-out/>
  <testcase classname="com.jack.task.Blankrome" name="run" time="7.327"/>
  <system-out/>
  <testcase classname="com.jack.task.Blankrome" name="run" time="6.686"/>
  <system-out/>
  <testcase classname="com.jack.task.Blankrome" name="run" time="4.133"/>
  <system-out/>
  <testcase classname="com.jack.task.Blankrome" name="run" time="4.211"/>
  <system-out/>
  <testcase classname="com.jack.task.Blankrome" name="run" time="5.721"/>
  <system-out/>
  <testcase classname="com.jack.task.Blankrome" name="run" time="4.982"/>
  <system-out/>
  <testcase classname="com.jack.task.Blankrome" name="run" time="5.281"/>
  <system-out/>
  <testcase classname="com.jack.task.Blankrome" name="run" time="6.504"/>
  <system-out/>
  <testcase classname="com.jack.task.Blankrome" name="run" time="6.083"/>
  <system-out/>
  <testcase classname="com.jack.task.Blankrome" name="run" time="6.470"/>
  <system-out/>
  <testcase classname="com.jack.task.Blankrome" name="run" time="5.015"/>
  <system-out/>
  <testcase classname="com.jack.task.Blankrome" name="run" time="6.975"/>
  <system-out/>
  <testcase classname="com.jack.task.Blankrome" name="run" time="5.639"/>
  <system-out/>
  <testcase classname="com.jack.task.Blankrome" name="run" time="7.443"/>
  <system-out/>
  <testcase classname="com.jack.task.Blankrome" name="run" time="6.049"/>
  <system-out/>
  <testcase classname="com.jack.task.Blankrome" name="run" time="6.314"/>
  <system-out/>
  <testcase classname="com.jack.task.Blankrome" name="run" time="6.400"/>
  <system-out/>
  <testcase classname="com.jack.task.Blankrome" name="run" time="4.006"/>
  <system-out/>
  <testcase classname="com.jack.task.Blankrome" name="run" time="4.034"/>
  <system-out/>
  <testcase classname="com.jack.task.Blankrome" name="run" time="5.802"/>
  <system-out/>
  <testcase classname="com.jack.task.Blankrome" name="run" time="5.900"/>
  <system-out/>
  <testcase classname="com.jack.task.Blankrome" name="run" time="4.349"/>
  <system-out/>
  <testcase classname="com.jack.task.Blankrome" name="run" time="6.440"/>
  <system-out/>
  <testcase classname="com.jack.task.Blankrome" name="run" time="7.741"/>
  <system-out/>
  <testcase classname="com.jack.task.Blankrome" name="run" time="8.288"/>
  <system-out/>
  <testcase classname="com.jack.task.Blankrome" name="run" time="7.292"/>
  <system-out/>
  <testcase classname="com.jack.task.Blankrome" name="run" time="5.825"/>
  <system-out/>
  <testcase classname="com.jack.task.Blankrome" name="run" time="5.688"/>
  <system-out/>
  <testcase classname="com.jack.task.Blankrome" name="run" time="7.788"/>
  <system-out/>
  <testcase classname="com.jack.task.Blankrome" name="run" time="5.794"/>
  <system-out/>
  <testcase classname="com.jack.task.Blankrome" name="run" time="5.496"/>
  <system-out/>
  <testcase classname="com.jack.task.Blankrome" name="run" time="5.378"/>
  <system-out/>
  <testcase classname="com.jack.task.Blankrome" name="run" time="5.763"/>
  <system-out/>
  <testcase classname="com.jack.task.Blankrome" name="run" time="3.980"/>
  <system-out/>
  <testcase classname="com.jack.task.Blankrome" name="run" time="6.932"/>
  <system-out/>
  <testcase classname="com.jack.task.Blankrome" name="run" time="4.586"/>
  <system-out/>
  <testcase classname="com.jack.task.Blankrome" name="run" time="5.083"/>
  <system-out/>
  <testcase classname="com.jack.task.Blankrome" name="run" time="6.411"/>
  <system-out/>
  <testcase classname="com.jack.task.Blankrome" name="run" time="5.930"/>
  <system-out/>
  <testcase classname="com.jack.task.Blankrome" name="run" time="5.007"/>
  <system-out/>
  <testcase classname="com.jack.task.Blankrome" name="run" time="6.340"/>
  <system-out/>
  <testcase classname="com.jack.task.Blankrome" name="run" time="3.918"/>
  <system-out/>
  <testcase classname="com.jack.task.Blankrome" name="run" time="5.172"/>
  <system-out/>
  <testcase classname="com.jack.task.Blankrome" name="run" time="7.785"/>
  <system-out/>
  <testcase classname="com.jack.task.Blankrome" name="run" time="6.653"/>
  <system-out/>
  <testcase classname="com.jack.task.Blankrome" name="run" time="5.231"/>
  <system-out/>
  <testcase classname="com.jack.task.Blankrome" name="run" time="8.423"/>
  <system-out/>
  <testcase classname="com.jack.task.Blankrome" name="run" time="7.613"/>
  <system-out/>
  <testcase classname="com.jack.task.Blankrome" name="run" time="7.449"/>
  <system-out/>
  <testcase classname="com.jack.task.Blankrome" name="run" time="7.081"/>
  <system-out/>
  <testcase classname="com.jack.task.Blankrome" name="run" time="6.069"/>
  <system-out/>
  <testcase classname="com.jack.task.Blankrome" name="run" time="4.241"/>
  <system-out/>
  <testcase classname="com.jack.task.Blankrome" name="run" time="5.988"/>
  <system-out/>
  <testcase classname="com.jack.task.Blankrome" name="run" time="5.510"/>
  <system-out/>
  <testcase classname="com.jack.task.Blankrome" name="run" time="7.312"/>
  <system-out/>
  <testcase classname="com.jack.task.Blankrome" name="run" time="7.162"/>
  <system-out/>
  <testcase classname="com.jack.task.Blankrome" name="run" time="5.178"/>
  <system-out/>
  <testcase classname="com.jack.task.Blankrome" name="run" time="8.946"/>
  <system-out/>
  <testcase classname="com.jack.task.Blankrome" name="run" time="6.235"/>
  <system-out/>
  <testcase classname="com.jack.task.Blankrome" name="run" time="7.659"/>
  <system-out/>
  <testcase classname="com.jack.task.Blankrome" name="run" time="7.777"/>
  <system-out/>
  <testcase classname="com.jack.task.Blankrome" name="run" time="5.926"/>
  <system-out/>
  <testcase classname="com.jack.task.Blankrome" name="run" time="5.223"/>
  <system-out/>
  <testcase classname="com.jack.task.Blankrome" name="run" time="6.226"/>
  <system-out/>
  <testcase classname="com.jack.task.Blankrome" name="run" time="5.502"/>
  <system-out/>
  <testcase classname="com.jack.task.Blankrome" name="run" time="6.419"/>
  <system-out/>
  <testcase classname="com.jack.task.Blankrome" name="run" time="5.421"/>
  <system-out/>
  <testcase classname="com.jack.task.Blankrome" name="run" time="5.106"/>
  <system-out/>
  <testcase classname="com.jack.task.Blankrome" name="run" time="4.927"/>
  <system-out/>
  <testcase classname="com.jack.task.Blankrome" name="run" time="8.269"/>
  <system-out/>
  <testcase classname="com.jack.task.Blankrome" name="run" time="6.218"/>
  <system-out/>
  <testcase classname="com.jack.task.Blankrome" name="run" time="4.593"/>
  <system-out/>
  <testcase classname="com.jack.task.Blankrome" name="run" time="5.519"/>
  <system-out/>
  <testcase classname="com.jack.task.Blankrome" name="run" time="6.759"/>
  <system-out/>
  <testcase classname="com.jack.task.Blankrome" name="run" time="7.620"/>
  <system-out/>
  <testcase classname="com.jack.task.Blankrome" name="run" time="5.937"/>
  <system-out/>
  <testcase classname="com.jack.task.Blankrome" name="run" time="4.402"/>
  <system-out/>
  <testcase classname="com.jack.task.Blankrome" name="run" time="4.341"/>
  <system-out/>
  <testcase classname="com.jack.task.Blankrome" name="run" time="4.955"/>
  <system-out/>
  <testcase classname="com.jack.task.Blankrome" name="run" time="7.013"/>
  <system-out/>
  <testcase classname="com.jack.task.Blankrome" name="run" time="6.560"/>
  <system-out/>
  <testcase classname="com.jack.task.Blankrome" name="run" time="6.165"/>
  <system-out/>
  <testcase classname="com.jack.task.Blankrome" name="run" time="4.211"/>
  <system-out/>
  <testcase classname="com.jack.task.Blankrome" name="run" time="7.357"/>
  <system-out/>
  <testcase classname="com.jack.task.Blankrome" name="run" time="4.612"/>
  <system-out/>
  <testcase classname="com.jack.task.Blankrome" name="run" time="5.106"/>
  <system-out/>
  <testcase classname="com.jack.task.Blankrome" name="run" time="6.901"/>
  <system-out/>
  <testcase classname="com.jack.task.Blankrome" name="run" time="6.960"/>
  <system-out/>
  <testcase classname="com.jack.task.Blankrome" name="run" time="7.724"/>
  <system-out/>
  <testcase classname="com.jack.task.Blankrome" name="run" time="5.198"/>
  <system-out/>
  <testcase classname="com.jack.task.Blankrome" name="run" time="4.037"/>
  <system-out/>
  <testcase classname="com.jack.task.Blankrome" name="run" time="5.785"/>
  <system-out/>
  <testcase classname="com.jack.task.Blankrome" name="run" time="6.834"/>
  <system-out/>
  <testcase classname="com.jack.task.Blankrome" name="run" time="3.833"/>
  <system-out/>
  <testcase classname="com.jack.task.Blankrome" name="run" time="5.253"/>
  <system-out/>
  <testcase classname="com.jack.task.Blankrome" name="run" time="5.511"/>
  <system-out/>
  <testcase classname="com.jack.task.Blankrome" name="run" time="5.263"/>
  <system-out/>
  <testcase classname="com.jack.task.Blankrome" name="run" time="7.426"/>
  <system-out/>
  <testcase classname="com.jack.task.Blankrome" name="run" time="4.792"/>
  <system-out/>
  <testcase classname="com.jack.task.Blankrome" name="run" time="5.972"/>
  <system-out/>
  <testcase classname="com.jack.task.Blankrome" name="run" time="5.632"/>
  <system-out/>
  <testcase classname="com.jack.task.Blankrome" name="run" time="5.304"/>
  <system-out/>
  <testcase classname="com.jack.task.Blankrome" name="run" time="7.156"/>
  <system-out/>
  <testcase classname="com.jack.task.Blankrome" name="run" time="6.189"/>
  <system-out/>
  <testcase classname="com.jack.task.Blankrome" name="run" time="6.836"/>
  <system-out/>
  <testcase classname="com.jack.task.Blankrome" name="run" time="7.306"/>
  <system-out/>
  <testcase classname="com.jack.task.Blankrome" name="run" time="6.794"/>
  <system-out/>
  <testcase classname="com.jack.task.Blankrome" name="run" time="5.668"/>
  <system-out/>
  <testcase classname="com.jack.task.Blankrome" name="run" time="5.231"/>
  <system-out/>
  <testcase classname="com.jack.task.Blankrome" name="run" time="5.530"/>
  <system-out/>
</testsuite> <!-- com.jack.task.Blankrome -->
