<?xml version="1.0" encoding="UTF-8"?>
<!-- Generated by org.testng.reporters.JUnitReportReporter -->
<testsuite hostname="DESKTOP-89RDKF8" failures="0" tests="171" name="com.jack.task.Susmangodfrey" time="769.794" errors="1" timestamp="2023-01-31T21:02:38 BDT" skipped="0">
  <testcase classname="com.jack.task.Susmangodfrey" name="run" time="1.899"/>
  <system-out/>
  <testcase classname="com.jack.task.Susmangodfrey" name="run" time="3.011"/>
  <system-out/>
  <testcase classname="com.jack.task.Susmangodfrey" name="run" time="21.134"/>
  <system-out/>
  <testcase classname="com.jack.task.Susmangodfrey" name="run" time="2.501"/>
  <system-out/>
  <testcase classname="com.jack.task.Susmangodfrey" name="run" time="3.151"/>
  <system-out/>
  <testcase classname="com.jack.task.Susmangodfrey" name="run" time="2.214"/>
  <system-out/>
  <testcase classname="com.jack.task.Susmangodfrey" name="run" time="2.609"/>
  <system-out/>
  <testcase classname="com.jack.task.Susmangodfrey" name="run" time="8.888"/>
  <system-out/>
  <testcase classname="com.jack.task.Susmangodfrey" name="run" time="12.729"/>
  <system-out/>
  <testcase classname="com.jack.task.Susmangodfrey" name="run" time="17.332"/>
  <system-out/>
  <testcase classname="com.jack.task.Susmangodfrey" name="run" time="2.860"/>
  <system-out/>
  <testcase classname="com.jack.task.Susmangodfrey" name="run" time="3.742"/>
  <system-out/>
  <testcase classname="com.jack.task.Susmangodfrey" name="run" time="2.387"/>
  <system-out/>
  <testcase classname="com.jack.task.Susmangodfrey" name="run" time="2.382"/>
  <system-out/>
  <testcase classname="com.jack.task.Susmangodfrey" name="run" time="2.468"/>
  <system-out/>
  <testcase classname="com.jack.task.Susmangodfrey" name="run" time="2.453"/>
  <system-out/>
  <testcase classname="com.jack.task.Susmangodfrey" name="run" time="1.768"/>
  <system-out/>
  <testcase classname="com.jack.task.Susmangodfrey" name="run" time="3.777"/>
  <system-out/>
  <testcase classname="com.jack.task.Susmangodfrey" name="run" time="4.483"/>
  <system-out/>
  <testcase classname="com.jack.task.Susmangodfrey" name="run" time="2.022"/>
  <system-out/>
  <testcase classname="com.jack.task.Susmangodfrey" name="run" time="4.019"/>
  <system-out/>
  <testcase classname="com.jack.task.Susmangodfrey" name="run" time="8.375"/>
  <system-out/>
  <testcase classname="com.jack.task.Susmangodfrey" name="run" time="2.235"/>
  <system-out/>
  <testcase classname="com.jack.task.Susmangodfrey" name="run" time="2.722"/>
  <system-out/>
  <testcase classname="com.jack.task.Susmangodfrey" name="run" time="4.395"/>
  <system-out/>
  <testcase classname="com.jack.task.Susmangodfrey" name="run" time="10.701"/>
  <system-out/>
  <testcase classname="com.jack.task.Susmangodfrey" name="run" time="1.709"/>
  <system-out/>
  <testcase classname="com.jack.task.Susmangodfrey" name="run" time="3.248"/>
  <system-out/>
  <testcase classname="com.jack.task.Susmangodfrey" name="run" time="3.737"/>
  <system-out/>
  <testcase classname="com.jack.task.Susmangodfrey" name="run" time="2.997"/>
  <system-out/>
  <testcase classname="com.jack.task.Susmangodfrey" name="run" time="1.853"/>
  <system-out/>
  <testcase classname="com.jack.task.Susmangodfrey" name="run" time="2.888"/>
  <system-out/>
  <testcase classname="com.jack.task.Susmangodfrey" name="run" time="3.315"/>
  <system-out/>
  <testcase classname="com.jack.task.Susmangodfrey" name="testx" time="0.001"/>
  <system-out/>
  <testcase classname="com.jack.task.Susmangodfrey" name="run" time="2.334"/>
  <system-out/>
  <testcase classname="com.jack.task.Susmangodfrey" name="run" time="3.526"/>
  <system-out/>
  <testcase classname="com.jack.task.Susmangodfrey" name="run" time="4.413"/>
  <system-out/>
  <testcase classname="com.jack.task.Susmangodfrey" name="run" time="1.968"/>
  <system-out/>
  <testcase classname="com.jack.task.Susmangodfrey" name="run" time="2.661"/>
  <system-out/>
  <testcase classname="com.jack.task.Susmangodfrey" name="run" time="2.290"/>
  <system-out/>
  <testcase classname="com.jack.task.Susmangodfrey" name="run" time="3.332"/>
  <system-out/>
  <testcase classname="com.jack.task.Susmangodfrey" name="run" time="3.622"/>
  <system-out/>
  <testcase classname="com.jack.task.Susmangodfrey" name="run" time="3.954"/>
  <system-out/>
  <testcase classname="com.jack.task.Susmangodfrey" name="run" time="3.334"/>
  <system-out/>
  <testcase classname="com.jack.task.Susmangodfrey" name="run" time="3.145"/>
  <system-out/>
  <testcase classname="com.jack.task.Susmangodfrey" name="run" time="3.263"/>
  <system-out/>
  <testcase classname="com.jack.task.Susmangodfrey" name="run" time="6.455"/>
  <system-out/>
  <testcase classname="com.jack.task.Susmangodfrey" name="run" time="3.409"/>
  <system-out/>
  <testcase classname="com.jack.task.Susmangodfrey" name="run" time="12.733"/>
  <system-out/>
  <testcase classname="com.jack.task.Susmangodfrey" name="run" time="2.191"/>
  <system-out/>
  <testcase classname="com.jack.task.Susmangodfrey" name="run" time="7.863"/>
  <system-out/>
  <testcase classname="com.jack.task.Susmangodfrey" name="run" time="20.867"/>
  <system-out/>
  <testcase classname="com.jack.task.Susmangodfrey" name="run" time="10.314"/>
  <system-out/>
  <testcase classname="com.jack.task.Susmangodfrey" name="run" time="2.508"/>
  <system-out/>
  <testcase classname="com.jack.task.Susmangodfrey" name="run" time="2.985"/>
  <system-out/>
  <testcase classname="com.jack.task.Susmangodfrey" name="run" time="2.861"/>
  <system-out/>
  <testcase classname="com.jack.task.Susmangodfrey" name="run" time="3.205"/>
  <system-out/>
  <testcase classname="com.jack.task.Susmangodfrey" name="run" time="2.973"/>
  <system-out/>
  <testcase classname="com.jack.task.Susmangodfrey" name="run" time="2.414"/>
  <system-out/>
  <testcase classname="com.jack.task.Susmangodfrey" name="run" time="2.172"/>
  <system-out/>
  <testcase classname="com.jack.task.Susmangodfrey" name="run" time="3.581"/>
  <system-out/>
  <testcase classname="com.jack.task.Susmangodfrey" name="run" time="2.460"/>
  <system-out/>
  <testcase classname="com.jack.task.Susmangodfrey" name="run" time="3.538"/>
  <system-out/>
  <testcase classname="com.jack.task.Susmangodfrey" name="run" time="15.115"/>
  <system-out/>
  <testcase classname="com.jack.task.Susmangodfrey" name="run" time="3.301"/>
  <system-out/>
  <testcase classname="com.jack.task.Susmangodfrey" name="run" time="2.880"/>
  <system-out/>
  <testcase classname="com.jack.task.Susmangodfrey" name="run" time="4.406"/>
  <system-out/>
  <testcase classname="com.jack.task.Susmangodfrey" name="run" time="4.186"/>
  <system-out/>
  <testcase classname="com.jack.task.Susmangodfrey" name="run" time="2.813"/>
  <system-out/>
  <testcase classname="com.jack.task.Susmangodfrey" name="run" time="7.043"/>
  <system-out/>
  <testcase classname="com.jack.task.Susmangodfrey" name="run" time="2.297"/>
  <system-out/>
  <testcase classname="com.jack.task.Susmangodfrey" name="run" time="3.358"/>
  <system-out/>
  <testcase classname="com.jack.task.Susmangodfrey" name="run" time="4.320"/>
  <system-out/>
  <testcase classname="com.jack.task.Susmangodfrey" name="run" time="3.346"/>
  <system-out/>
  <testcase classname="com.jack.task.Susmangodfrey" name="run" time="13.758"/>
  <system-out/>
  <testcase classname="com.jack.task.Susmangodfrey" name="run" time="2.486"/>
  <system-out/>
  <testcase classname="com.jack.task.Susmangodfrey" name="run" time="2.359"/>
  <system-out/>
  <testcase classname="com.jack.task.Susmangodfrey" name="run" time="1.846"/>
  <system-out/>
  <testcase classname="com.jack.task.Susmangodfrey" name="run" time="4.347"/>
  <system-out/>
  <testcase classname="com.jack.task.Susmangodfrey" name="run" time="3.856"/>
  <system-out/>
  <testcase classname="com.jack.task.Susmangodfrey" name="run" time="9.427"/>
  <system-out/>
  <testcase classname="com.jack.task.Susmangodfrey" name="run" time="1.970"/>
  <system-out/>
  <testcase classname="com.jack.task.Susmangodfrey" name="run" time="2.373"/>
  <system-out/>
  <testcase classname="com.jack.task.Susmangodfrey" name="run" time="3.658"/>
  <system-out/>
  <testcase classname="com.jack.task.Susmangodfrey" name="run" time="2.212"/>
  <system-out/>
  <testcase classname="com.jack.task.Susmangodfrey" name="run" time="2.095"/>
  <system-out/>
  <testcase classname="com.jack.task.Susmangodfrey" name="run" time="1.923"/>
  <system-out/>
  <testcase classname="com.jack.task.Susmangodfrey" name="run" time="7.751"/>
  <system-out/>
  <testcase classname="com.jack.task.Susmangodfrey" name="run" time="2.819"/>
  <system-out/>
  <testcase classname="com.jack.task.Susmangodfrey" name="run" time="8.330"/>
  <system-out/>
  <testcase classname="com.jack.task.Susmangodfrey" name="run" time="9.385"/>
  <system-out/>
  <testcase classname="com.jack.task.Susmangodfrey" name="run" time="2.783"/>
  <system-out/>
  <testcase classname="com.jack.task.Susmangodfrey" name="run" time="16.650"/>
  <system-out/>
  <testcase classname="com.jack.task.Susmangodfrey" name="run" time="2.922"/>
  <system-out/>
  <testcase classname="com.jack.task.Susmangodfrey" name="run" time="3.606"/>
  <system-out/>
  <testcase classname="com.jack.task.Susmangodfrey" name="run" time="1.802"/>
  <system-out/>
  <testcase classname="com.jack.task.Susmangodfrey" name="run" time="2.501"/>
  <system-out/>
  <testcase classname="com.jack.task.Susmangodfrey" name="run" time="2.475"/>
  <system-out/>
  <testcase classname="com.jack.task.Susmangodfrey" name="run" time="2.393"/>
  <system-out/>
  <testcase classname="com.jack.task.Susmangodfrey" name="run" time="3.584"/>
  <system-out/>
  <testcase classname="com.jack.task.Susmangodfrey" name="run" time="2.093"/>
  <system-out/>
  <testcase classname="com.jack.task.Susmangodfrey" name="run" time="2.592"/>
  <system-out/>
  <testcase classname="com.jack.task.Susmangodfrey" name="run" time="3.419"/>
  <system-out/>
  <testcase classname="com.jack.task.Susmangodfrey" name="run" time="1.690"/>
  <system-out/>
  <testcase classname="com.jack.task.Susmangodfrey" name="run" time="1.453"/>
  <system-out/>
  <testcase classname="com.jack.task.Susmangodfrey" name="run" time="2.752"/>
  <system-out/>
  <testcase classname="com.jack.task.Susmangodfrey" name="run" time="9.792"/>
  <system-out/>
  <testcase classname="com.jack.task.Susmangodfrey" name="run" time="2.063"/>
  <system-out/>
  <testcase classname="com.jack.task.Susmangodfrey" name="run" time="2.624"/>
  <system-out/>
  <testcase classname="com.jack.task.Susmangodfrey" name="run" time="3.034"/>
  <system-out/>
  <testcase classname="com.jack.task.Susmangodfrey" name="run" time="9.212"/>
  <system-out/>
  <testcase classname="com.jack.task.Susmangodfrey" name="run" time="2.448"/>
  <system-out/>
  <testcase classname="com.jack.task.Susmangodfrey" name="run" time="5.611"/>
  <system-out/>
  <testcase classname="com.jack.task.Susmangodfrey" name="run" time="5.705"/>
  <system-out/>
  <testcase classname="com.jack.task.Susmangodfrey" name="run" time="2.803"/>
  <system-out/>
  <testcase classname="com.jack.task.Susmangodfrey" name="run" time="1.890"/>
  <system-out/>
  <testcase classname="com.jack.task.Susmangodfrey" name="run" time="2.502"/>
  <system-out/>
  <testcase classname="com.jack.task.Susmangodfrey" name="run" time="2.117"/>
  <system-out/>
  <testcase classname="com.jack.task.Susmangodfrey" name="run" time="2.280"/>
  <system-out/>
  <testcase classname="com.jack.task.Susmangodfrey" name="run" time="10.008"/>
  <system-out/>
  <testcase classname="com.jack.task.Susmangodfrey" name="run" time="5.056"/>
  <system-out/>
  <testcase classname="com.jack.task.Susmangodfrey" name="run" time="2.919"/>
  <system-out/>
  <testcase classname="com.jack.task.Susmangodfrey" name="run" time="2.135"/>
  <system-out/>
  <testcase classname="com.jack.task.Susmangodfrey" name="run" time="2.614"/>
  <system-out/>
  <testcase classname="com.jack.task.Susmangodfrey" name="run" time="2.456"/>
  <system-out/>
  <testcase classname="com.jack.task.Susmangodfrey" name="run" time="11.426"/>
  <system-out/>
  <testcase classname="com.jack.task.Susmangodfrey" name="run" time="2.583"/>
  <system-out/>
  <testcase classname="com.jack.task.Susmangodfrey" name="run" time="2.274"/>
  <system-out/>
  <testcase classname="com.jack.task.Susmangodfrey" name="run" time="2.679"/>
  <system-out/>
  <testcase classname="com.jack.task.Susmangodfrey" name="run" time="4.561"/>
  <system-out/>
  <testcase classname="com.jack.task.Susmangodfrey" name="run" time="2.247"/>
  <system-out/>
  <testcase classname="com.jack.task.Susmangodfrey" name="run" time="3.563"/>
  <system-out/>
  <testcase classname="com.jack.task.Susmangodfrey" name="run" time="11.241"/>
  <system-out/>
  <testcase classname="com.jack.task.Susmangodfrey" name="run" time="2.690"/>
  <system-out/>
  <testcase classname="com.jack.task.Susmangodfrey" name="run" time="2.405"/>
  <system-out/>
  <testcase classname="com.jack.task.Susmangodfrey" name="run" time="1.736"/>
  <system-out/>
  <testcase classname="com.jack.task.Susmangodfrey" name="run" time="2.227"/>
  <system-out/>
  <testcase classname="com.jack.task.Susmangodfrey" name="run" time="1.481"/>
  <system-out/>
  <testcase classname="com.jack.task.Susmangodfrey" name="run" time="2.389"/>
  <system-out/>
  <testcase classname="com.jack.task.Susmangodfrey" name="run" time="2.998"/>
  <system-out/>
  <testcase classname="com.jack.task.Susmangodfrey" name="run" time="3.146"/>
  <system-out/>
  <testcase classname="com.jack.task.Susmangodfrey" name="run" time="5.717"/>
  <system-out/>
  <testcase classname="com.jack.task.Susmangodfrey" name="run" time="2.221"/>
  <system-out/>
  <testcase classname="com.jack.task.Susmangodfrey" name="run" time="2.132"/>
  <system-out/>
  <testcase classname="com.jack.task.Susmangodfrey" name="run" time="2.989"/>
  <system-out/>
  <testcase classname="com.jack.task.Susmangodfrey" name="run" time="2.205"/>
  <system-out/>
  <testcase classname="com.jack.task.Susmangodfrey" name="run" time="3.022"/>
  <system-out/>
  <testcase classname="com.jack.task.Susmangodfrey" name="run" time="3.222"/>
  <system-out/>
  <testcase classname="com.jack.task.Susmangodfrey" name="run" time="8.046"/>
  <system-out/>
  <testcase classname="com.jack.task.Susmangodfrey" name="run" time="2.993"/>
  <system-out/>
  <testcase classname="com.jack.task.Susmangodfrey" name="run" time="2.228"/>
  <system-out/>
  <testcase classname="com.jack.task.Susmangodfrey" name="run" time="2.149"/>
  <system-out/>
  <testcase classname="com.jack.task.Susmangodfrey" name="run" time="2.737"/>
  <system-out/>
  <testcase classname="com.jack.task.Susmangodfrey" name="run" time="2.965"/>
  <system-out/>
  <testcase classname="com.jack.task.Susmangodfrey" name="run" time="3.050"/>
  <system-out/>
  <testcase classname="com.jack.task.Susmangodfrey" name="run" time="1.771"/>
  <system-out/>
  <testcase classname="com.jack.task.Susmangodfrey" name="run" time="3.094"/>
  <system-out/>
  <testcase classname="com.jack.task.Susmangodfrey" name="run" time="4.308"/>
  <system-out/>
  <testcase classname="com.jack.task.Susmangodfrey" name="run" time="7.866"/>
  <system-out/>
  <testcase classname="com.jack.task.Susmangodfrey" name="run" time="4.309"/>
  <system-out/>
  <testcase classname="com.jack.task.Susmangodfrey" name="run" time="1.522"/>
  <system-out/>
  <testcase classname="com.jack.task.Susmangodfrey" name="run" time="4.858"/>
  <system-out/>
  <testcase classname="com.jack.task.Susmangodfrey" name="run" time="1.726"/>
  <system-out/>
  <testcase classname="com.jack.task.Susmangodfrey" name="run" time="2.436"/>
  <system-out/>
  <testcase classname="com.jack.task.Susmangodfrey" name="run" time="2.108"/>
  <system-out/>
  <testcase classname="com.jack.task.Susmangodfrey" name="run" time="3.485"/>
  <system-out/>
  <testcase classname="com.jack.task.Susmangodfrey" name="run" time="2.000"/>
  <system-out/>
  <testcase classname="com.jack.task.Susmangodfrey" name="run" time="6.045"/>
  <system-out/>
  <testcase classname="com.jack.task.Susmangodfrey" name="run" time="2.940"/>
  <system-out/>
  <testcase classname="com.jack.task.Susmangodfrey" name="run" time="4.035"/>
  <system-out/>
  <testcase classname="com.jack.task.Susmangodfrey" name="run" time="61.949">
    <error message="Expected condition failed: waiting for visibility of element located by By.xpath: (//div[contains(@class,&#039;attorney-name&#039;)])[2] (tried for 60 second(s) with 500 milliseconds interval)
Build info: version: &#039;4.7.0&#039;, revision: &#039;0a5b49d16f&#039;
System info: os.name: &#039;Windows 10&#039;, os.arch: &#039;amd64&#039;, os.version: &#039;10.0&#039;, java.version: &#039;11.0.16.1&#039;
Driver info: org.openqa.selenium.chrome.ChromeDriver
Capabilities {acceptInsecureCerts: false, browserName: chrome, browserVersion: 109.0.5414.120, chrome: {chromedriverVersion: 109.0.5414.74 (e7c5703604da...}, goog:chromeOptions: {debuggerAddress: localhost:8050}, pageLoadStrategy: normal, platformName: ANY, proxy: Proxy(), se:cdp: ws://localhost:8050/devtool..., se:cdpVersion: 109.0.5414.120, setWindowRect: false, strictFileInteractability: false, timeouts: {implicit: 0, pageLoad: 300000, script: 30000}, unhandledPromptBehavior: dismiss and notify, webauthn:extension:credBlob: true, webauthn:extension:largeBlob: true, webauthn:virtualAuthenticators: true}
Session ID: d08053922662e8e5287fe9d633c2a7e6" type="org.openqa.selenium.TimeoutException">
      <![CDATA[org.openqa.selenium.TimeoutException: Expected condition failed: waiting for visibility of element located by By.xpath: (//div[contains(@class,'attorney-name')])[2] (tried for 60 second(s) with 500 milliseconds interval)
Build info: version: '4.7.0', revision: '0a5b49d16f'
System info: os.name: 'Windows 10', os.arch: 'amd64', os.version: '10.0', java.version: '11.0.16.1'
Driver info: org.openqa.selenium.chrome.ChromeDriver
Capabilities {acceptInsecureCerts: false, browserName: chrome, browserVersion: 109.0.5414.120, chrome: {chromedriverVersion: 109.0.5414.74 (e7c5703604da...}, goog:chromeOptions: {debuggerAddress: localhost:8050}, pageLoadStrategy: normal, platformName: ANY, proxy: Proxy(), se:cdp: ws://localhost:8050/devtool..., se:cdpVersion: 109.0.5414.120, setWindowRect: false, strictFileInteractability: false, timeouts: {implicit: 0, pageLoad: 300000, script: 30000}, unhandledPromptBehavior: dismiss and notify, webauthn:extension:credBlob: true, webauthn:extension:largeBlob: true, webauthn:virtualAuthenticators: true}
Session ID: d08053922662e8e5287fe9d633c2a7e6
at org.openqa.selenium.support.ui.WebDriverWait.timeoutException(WebDriverWait.java:87)
at org.openqa.selenium.support.ui.FluentWait.until(FluentWait.java:231)
at com.jack.task.Susmangodfrey.run(Susmangodfrey.java:67)
at jdk.internal.reflect.GeneratedMethodAccessor1.invoke(Unknown Source)
at java.base/jdk.internal.reflect.DelegatingMethodAccessorImpl.invoke(DelegatingMethodAccessorImpl.java:43)
at java.base/java.lang.reflect.Method.invoke(Method.java:566)
at org.testng.internal.invokers.MethodInvocationHelper.invokeMethod(MethodInvocationHelper.java:139)
at org.testng.internal.invokers.TestInvoker.invokeMethod(TestInvoker.java:677)
at org.testng.internal.invokers.TestInvoker.invokeTestMethod(TestInvoker.java:221)
at org.testng.internal.invokers.MethodRunner.runInSequence(MethodRunner.java:50)
at org.testng.internal.invokers.TestInvoker$MethodInvocationAgent.invoke(TestInvoker.java:962)
at org.testng.internal.invokers.TestInvoker.invokeTestMethods(TestInvoker.java:194)
at org.testng.internal.invokers.TestMethodWorker.invokeTestMethods(TestMethodWorker.java:148)
at org.testng.internal.invokers.TestMethodWorker.run(TestMethodWorker.java:128)
at java.base/java.util.ArrayList.forEach(ArrayList.java:1541)
at org.testng.TestRunner.privateRun(TestRunner.java:806)
at org.testng.TestRunner.run(TestRunner.java:601)
at org.testng.SuiteRunner.runTest(SuiteRunner.java:433)
at org.testng.SuiteRunner.runSequentially(SuiteRunner.java:427)
at org.testng.SuiteRunner.privateRun(SuiteRunner.java:387)
at org.testng.SuiteRunner.run(SuiteRunner.java:330)
at org.testng.SuiteRunnerWorker.runSuite(SuiteRunnerWorker.java:52)
at org.testng.SuiteRunnerWorker.run(SuiteRunnerWorker.java:95)
at org.testng.TestNG.runSuitesSequentially(TestNG.java:1256)
at org.testng.TestNG.runSuitesLocally(TestNG.java:1176)
at org.testng.TestNG.runSuites(TestNG.java:1099)
at org.testng.TestNG.run(TestNG.java:1067)
at org.testng.remote.AbstractRemoteTestNG.run(AbstractRemoteTestNG.java:115)
at org.testng.remote.RemoteTestNG.initAndRun(RemoteTestNG.java:251)
at org.testng.remote.RemoteTestNG.main(RemoteTestNG.java:77)
]]>
    </error>
  </testcase> <!-- run -->
  <system-out/>
</testsuite> <!-- com.jack.task.Susmangodfrey -->
