<?xml version="1.0" encoding="UTF-8"?>
<!-- Generated by org.testng.reporters.JUnitReportReporter -->
<testsuite hostname="DESKTOP-89RDKF8" failures="0" tests="615" name="com.jack.task.Kslaw" time="5388.801" errors="0" timestamp="2023-01-27T02:52:59 BDT" skipped="0">
  <testcase classname="com.jack.task.Kslaw" name="run" time="4.330"/>
  <system-out/>
  <testcase classname="com.jack.task.Kslaw" name="run" time="5.930"/>
  <system-out/>
  <testcase classname="com.jack.task.Kslaw" name="run" time="8.479"/>
  <system-out/>
  <testcase classname="com.jack.task.Kslaw" name="run" time="6.673"/>
  <system-out/>
  <testcase classname="com.jack.task.Kslaw" name="run" time="8.076"/>
  <system-out/>
  <testcase classname="com.jack.task.Kslaw" name="run" time="9.175"/>
  <system-out/>
  <testcase classname="com.jack.task.Kslaw" name="run" time="7.891"/>
  <system-out/>
  <testcase classname="com.jack.task.Kslaw" name="run" time="7.419"/>
  <system-out/>
  <testcase classname="com.jack.task.Kslaw" name="run" time="8.965"/>
  <system-out/>
  <testcase classname="com.jack.task.Kslaw" name="run" time="7.276"/>
  <system-out/>
  <testcase classname="com.jack.task.Kslaw" name="run" time="6.154"/>
  <system-out/>
  <testcase classname="com.jack.task.Kslaw" name="run" time="6.511"/>
  <system-out/>
  <testcase classname="com.jack.task.Kslaw" name="run" time="7.141"/>
  <system-out/>
  <testcase classname="com.jack.task.Kslaw" name="run" time="8.929"/>
  <system-out/>
  <testcase classname="com.jack.task.Kslaw" name="run" time="5.736"/>
  <system-out/>
  <testcase classname="com.jack.task.Kslaw" name="run" time="8.457"/>
  <system-out/>
  <testcase classname="com.jack.task.Kslaw" name="run" time="5.683"/>
  <system-out/>
  <testcase classname="com.jack.task.Kslaw" name="run" time="6.603"/>
  <system-out/>
  <testcase classname="com.jack.task.Kslaw" name="run" time="8.756"/>
  <system-out/>
  <testcase classname="com.jack.task.Kslaw" name="run" time="7.313"/>
  <system-out/>
  <testcase classname="com.jack.task.Kslaw" name="run" time="7.266"/>
  <system-out/>
  <testcase classname="com.jack.task.Kslaw" name="run" time="5.416"/>
  <system-out/>
  <testcase classname="com.jack.task.Kslaw" name="run" time="9.071"/>
  <system-out/>
  <testcase classname="com.jack.task.Kslaw" name="run" time="6.796"/>
  <system-out/>
  <testcase classname="com.jack.task.Kslaw" name="run" time="13.294"/>
  <system-out/>
  <testcase classname="com.jack.task.Kslaw" name="run" time="7.427"/>
  <system-out/>
  <testcase classname="com.jack.task.Kslaw" name="run" time="5.701"/>
  <system-out/>
  <testcase classname="com.jack.task.Kslaw" name="run" time="6.558"/>
  <system-out/>
  <testcase classname="com.jack.task.Kslaw" name="run" time="8.824"/>
  <system-out/>
  <testcase classname="com.jack.task.Kslaw" name="run" time="8.602"/>
  <system-out/>
  <testcase classname="com.jack.task.Kslaw" name="run" time="5.844"/>
  <system-out/>
  <testcase classname="com.jack.task.Kslaw" name="run" time="8.967"/>
  <system-out/>
  <testcase classname="com.jack.task.Kslaw" name="run" time="7.599"/>
  <system-out/>
  <testcase classname="com.jack.task.Kslaw" name="run" time="7.218"/>
  <system-out/>
  <testcase classname="com.jack.task.Kslaw" name="run" time="9.383"/>
  <system-out/>
  <testcase classname="com.jack.task.Kslaw" name="run" time="6.022"/>
  <system-out/>
  <testcase classname="com.jack.task.Kslaw" name="run" time="11.491"/>
  <system-out/>
  <testcase classname="com.jack.task.Kslaw" name="run" time="5.901"/>
  <system-out/>
  <testcase classname="com.jack.task.Kslaw" name="run" time="7.869"/>
  <system-out/>
  <testcase classname="com.jack.task.Kslaw" name="run" time="5.477"/>
  <system-out/>
  <testcase classname="com.jack.task.Kslaw" name="run" time="7.860"/>
  <system-out/>
  <testcase classname="com.jack.task.Kslaw" name="run" time="10.541"/>
  <system-out/>
  <testcase classname="com.jack.task.Kslaw" name="run" time="8.272"/>
  <system-out/>
  <testcase classname="com.jack.task.Kslaw" name="run" time="6.575"/>
  <system-out/>
  <testcase classname="com.jack.task.Kslaw" name="run" time="8.465"/>
  <system-out/>
  <testcase classname="com.jack.task.Kslaw" name="run" time="7.301"/>
  <system-out/>
  <testcase classname="com.jack.task.Kslaw" name="run" time="7.226"/>
  <system-out/>
  <testcase classname="com.jack.task.Kslaw" name="run" time="7.981"/>
  <system-out/>
  <testcase classname="com.jack.task.Kslaw" name="run" time="7.552"/>
  <system-out/>
  <testcase classname="com.jack.task.Kslaw" name="run" time="6.810"/>
  <system-out/>
  <testcase classname="com.jack.task.Kslaw" name="run" time="8.153"/>
  <system-out/>
  <testcase classname="com.jack.task.Kslaw" name="run" time="8.615"/>
  <system-out/>
  <testcase classname="com.jack.task.Kslaw" name="run" time="6.093"/>
  <system-out/>
  <testcase classname="com.jack.task.Kslaw" name="run" time="5.519"/>
  <system-out/>
  <testcase classname="com.jack.task.Kslaw" name="run" time="6.599"/>
  <system-out/>
  <testcase classname="com.jack.task.Kslaw" name="run" time="8.449"/>
  <system-out/>
  <testcase classname="com.jack.task.Kslaw" name="run" time="11.745"/>
  <system-out/>
  <testcase classname="com.jack.task.Kslaw" name="run" time="8.020"/>
  <system-out/>
  <testcase classname="com.jack.task.Kslaw" name="run" time="9.471"/>
  <system-out/>
  <testcase classname="com.jack.task.Kslaw" name="run" time="7.939"/>
  <system-out/>
  <testcase classname="com.jack.task.Kslaw" name="run" time="9.397"/>
  <system-out/>
  <testcase classname="com.jack.task.Kslaw" name="run" time="8.093"/>
  <system-out/>
  <testcase classname="com.jack.task.Kslaw" name="run" time="8.587"/>
  <system-out/>
  <testcase classname="com.jack.task.Kslaw" name="run" time="7.092"/>
  <system-out/>
  <testcase classname="com.jack.task.Kslaw" name="run" time="8.041"/>
  <system-out/>
  <testcase classname="com.jack.task.Kslaw" name="run" time="6.636"/>
  <system-out/>
  <testcase classname="com.jack.task.Kslaw" name="run" time="7.155"/>
  <system-out/>
  <testcase classname="com.jack.task.Kslaw" name="run" time="6.825"/>
  <system-out/>
  <testcase classname="com.jack.task.Kslaw" name="run" time="7.006"/>
  <system-out/>
  <testcase classname="com.jack.task.Kslaw" name="run" time="10.337"/>
  <system-out/>
  <testcase classname="com.jack.task.Kslaw" name="run" time="7.862"/>
  <system-out/>
  <testcase classname="com.jack.task.Kslaw" name="run" time="8.664"/>
  <system-out/>
  <testcase classname="com.jack.task.Kslaw" name="run" time="6.677"/>
  <system-out/>
  <testcase classname="com.jack.task.Kslaw" name="run" time="9.556"/>
  <system-out/>
  <testcase classname="com.jack.task.Kslaw" name="run" time="8.702"/>
  <system-out/>
  <testcase classname="com.jack.task.Kslaw" name="run" time="78.595"/>
  <system-out/>
  <testcase classname="com.jack.task.Kslaw" name="run" time="6.960"/>
  <system-out/>
  <testcase classname="com.jack.task.Kslaw" name="run" time="6.346"/>
  <system-out/>
  <testcase classname="com.jack.task.Kslaw" name="run" time="6.571"/>
  <system-out/>
  <testcase classname="com.jack.task.Kslaw" name="run" time="8.372"/>
  <system-out/>
  <testcase classname="com.jack.task.Kslaw" name="run" time="5.712"/>
  <system-out/>
  <testcase classname="com.jack.task.Kslaw" name="run" time="5.396"/>
  <system-out/>
  <testcase classname="com.jack.task.Kslaw" name="run" time="5.865"/>
  <system-out/>
  <testcase classname="com.jack.task.Kslaw" name="run" time="6.783"/>
  <system-out/>
  <testcase classname="com.jack.task.Kslaw" name="run" time="8.455"/>
  <system-out/>
  <testcase classname="com.jack.task.Kslaw" name="run" time="6.557"/>
  <system-out/>
  <testcase classname="com.jack.task.Kslaw" name="run" time="5.972"/>
  <system-out/>
  <testcase classname="com.jack.task.Kslaw" name="run" time="8.464"/>
  <system-out/>
  <testcase classname="com.jack.task.Kslaw" name="run" time="8.926"/>
  <system-out/>
  <testcase classname="com.jack.task.Kslaw" name="run" time="6.833"/>
  <system-out/>
  <testcase classname="com.jack.task.Kslaw" name="run" time="9.843"/>
  <system-out/>
  <testcase classname="com.jack.task.Kslaw" name="run" time="4.288"/>
  <system-out/>
  <testcase classname="com.jack.task.Kslaw" name="run" time="6.017"/>
  <system-out/>
  <testcase classname="com.jack.task.Kslaw" name="run" time="5.736"/>
  <system-out/>
  <testcase classname="com.jack.task.Kslaw" name="run" time="5.917"/>
  <system-out/>
  <testcase classname="com.jack.task.Kslaw" name="run" time="2.570"/>
  <system-out/>
  <testcase classname="com.jack.task.Kslaw" name="run" time="9.299"/>
  <system-out/>
  <testcase classname="com.jack.task.Kslaw" name="run" time="10.142"/>
  <system-out/>
  <testcase classname="com.jack.task.Kslaw" name="run" time="9.807"/>
  <system-out/>
  <testcase classname="com.jack.task.Kslaw" name="run" time="8.675"/>
  <system-out/>
  <testcase classname="com.jack.task.Kslaw" name="run" time="8.842"/>
  <system-out/>
  <testcase classname="com.jack.task.Kslaw" name="run" time="5.569"/>
  <system-out/>
  <testcase classname="com.jack.task.Kslaw" name="run" time="8.614"/>
  <system-out/>
  <testcase classname="com.jack.task.Kslaw" name="run" time="3.859"/>
  <system-out/>
  <testcase classname="com.jack.task.Kslaw" name="run" time="8.494"/>
  <system-out/>
  <testcase classname="com.jack.task.Kslaw" name="run" time="6.376"/>
  <system-out/>
  <testcase classname="com.jack.task.Kslaw" name="run" time="6.657"/>
  <system-out/>
  <testcase classname="com.jack.task.Kslaw" name="run" time="5.738"/>
  <system-out/>
  <testcase classname="com.jack.task.Kslaw" name="run" time="8.463"/>
  <system-out/>
  <testcase classname="com.jack.task.Kslaw" name="run" time="7.307"/>
  <system-out/>
  <testcase classname="com.jack.task.Kslaw" name="run" time="52.051"/>
  <system-out/>
  <testcase classname="com.jack.task.Kslaw" name="run" time="9.545"/>
  <system-out/>
  <testcase classname="com.jack.task.Kslaw" name="run" time="7.948"/>
  <system-out/>
  <testcase classname="com.jack.task.Kslaw" name="run" time="7.275"/>
  <system-out/>
  <testcase classname="com.jack.task.Kslaw" name="run" time="7.670"/>
  <system-out/>
  <testcase classname="com.jack.task.Kslaw" name="run" time="6.566"/>
  <system-out/>
  <testcase classname="com.jack.task.Kslaw" name="run" time="6.416"/>
  <system-out/>
  <testcase classname="com.jack.task.Kslaw" name="run" time="3.206"/>
  <system-out/>
  <testcase classname="com.jack.task.Kslaw" name="run" time="6.595"/>
  <system-out/>
  <testcase classname="com.jack.task.Kslaw" name="run" time="10.662"/>
  <system-out/>
  <testcase classname="com.jack.task.Kslaw" name="run" time="9.012"/>
  <system-out/>
  <testcase classname="com.jack.task.Kslaw" name="run" time="5.452"/>
  <system-out/>
  <testcase classname="com.jack.task.Kslaw" name="run" time="6.288"/>
  <system-out/>
  <testcase classname="com.jack.task.Kslaw" name="run" time="6.562"/>
  <system-out/>
  <testcase classname="com.jack.task.Kslaw" name="run" time="8.444"/>
  <system-out/>
  <testcase classname="com.jack.task.Kslaw" name="run" time="9.112"/>
  <system-out/>
  <testcase classname="com.jack.task.Kslaw" name="run" time="6.156"/>
  <system-out/>
  <testcase classname="com.jack.task.Kslaw" name="run" time="8.877"/>
  <system-out/>
  <testcase classname="com.jack.task.Kslaw" name="run" time="6.411"/>
  <system-out/>
  <testcase classname="com.jack.task.Kslaw" name="run" time="7.679"/>
  <system-out/>
  <testcase classname="com.jack.task.Kslaw" name="run" time="4.254"/>
  <system-out/>
  <testcase classname="com.jack.task.Kslaw" name="run" time="13.558"/>
  <system-out/>
  <testcase classname="com.jack.task.Kslaw" name="run" time="7.271"/>
  <system-out/>
  <testcase classname="com.jack.task.Kslaw" name="run" time="7.421"/>
  <system-out/>
  <testcase classname="com.jack.task.Kslaw" name="run" time="7.258"/>
  <system-out/>
  <testcase classname="com.jack.task.Kslaw" name="run" time="2.953"/>
  <system-out/>
  <testcase classname="com.jack.task.Kslaw" name="run" time="8.222"/>
  <system-out/>
  <testcase classname="com.jack.task.Kslaw" name="run" time="6.460"/>
  <system-out/>
  <testcase classname="com.jack.task.Kslaw" name="run" time="11.456"/>
  <system-out/>
  <testcase classname="com.jack.task.Kslaw" name="run" time="7.596"/>
  <system-out/>
  <testcase classname="com.jack.task.Kslaw" name="run" time="8.354"/>
  <system-out/>
  <testcase classname="com.jack.task.Kslaw" name="run" time="9.984"/>
  <system-out/>
  <testcase classname="com.jack.task.Kslaw" name="run" time="6.755"/>
  <system-out/>
  <testcase classname="com.jack.task.Kslaw" name="run" time="6.883"/>
  <system-out/>
  <testcase classname="com.jack.task.Kslaw" name="run" time="8.549"/>
  <system-out/>
  <testcase classname="com.jack.task.Kslaw" name="run" time="8.528"/>
  <system-out/>
  <testcase classname="com.jack.task.Kslaw" name="run" time="6.312"/>
  <system-out/>
  <testcase classname="com.jack.task.Kslaw" name="run" time="8.273"/>
  <system-out/>
  <testcase classname="com.jack.task.Kslaw" name="run" time="5.979"/>
  <system-out/>
  <testcase classname="com.jack.task.Kslaw" name="run" time="7.616"/>
  <system-out/>
  <testcase classname="com.jack.task.Kslaw" name="run" time="5.904"/>
  <system-out/>
  <testcase classname="com.jack.task.Kslaw" name="run" time="7.692"/>
  <system-out/>
  <testcase classname="com.jack.task.Kslaw" name="run" time="7.314"/>
  <system-out/>
  <testcase classname="com.jack.task.Kslaw" name="run" time="8.407"/>
  <system-out/>
  <testcase classname="com.jack.task.Kslaw" name="run" time="5.794"/>
  <system-out/>
  <testcase classname="com.jack.task.Kslaw" name="run" time="7.186"/>
  <system-out/>
  <testcase classname="com.jack.task.Kslaw" name="run" time="6.491"/>
  <system-out/>
  <testcase classname="com.jack.task.Kslaw" name="run" time="8.278"/>
  <system-out/>
  <testcase classname="com.jack.task.Kslaw" name="run" time="6.220"/>
  <system-out/>
  <testcase classname="com.jack.task.Kslaw" name="run" time="7.789"/>
  <system-out/>
  <testcase classname="com.jack.task.Kslaw" name="run" time="3.431"/>
  <system-out/>
  <testcase classname="com.jack.task.Kslaw" name="run" time="8.687"/>
  <system-out/>
  <testcase classname="com.jack.task.Kslaw" name="run" time="8.737"/>
  <system-out/>
  <testcase classname="com.jack.task.Kslaw" name="run" time="7.644"/>
  <system-out/>
  <testcase classname="com.jack.task.Kslaw" name="run" time="8.525"/>
  <system-out/>
  <testcase classname="com.jack.task.Kslaw" name="run" time="7.252"/>
  <system-out/>
  <testcase classname="com.jack.task.Kslaw" name="run" time="5.311"/>
  <system-out/>
  <testcase classname="com.jack.task.Kslaw" name="run" time="8.575"/>
  <system-out/>
  <testcase classname="com.jack.task.Kslaw" name="run" time="8.536"/>
  <system-out/>
  <testcase classname="com.jack.task.Kslaw" name="run" time="79.651"/>
  <system-out/>
  <testcase classname="com.jack.task.Kslaw" name="run" time="7.489"/>
  <system-out/>
  <testcase classname="com.jack.task.Kslaw" name="run" time="4.540"/>
  <system-out/>
  <testcase classname="com.jack.task.Kslaw" name="run" time="8.227"/>
  <system-out/>
  <testcase classname="com.jack.task.Kslaw" name="run" time="7.920"/>
  <system-out/>
  <testcase classname="com.jack.task.Kslaw" name="run" time="5.210"/>
  <system-out/>
  <testcase classname="com.jack.task.Kslaw" name="run" time="7.220"/>
  <system-out/>
  <testcase classname="com.jack.task.Kslaw" name="run" time="7.869"/>
  <system-out/>
  <testcase classname="com.jack.task.Kslaw" name="run" time="9.482"/>
  <system-out/>
  <testcase classname="com.jack.task.Kslaw" name="run" time="7.006"/>
  <system-out/>
  <testcase classname="com.jack.task.Kslaw" name="run" time="5.516"/>
  <system-out/>
  <testcase classname="com.jack.task.Kslaw" name="run" time="6.663"/>
  <system-out/>
  <testcase classname="com.jack.task.Kslaw" name="run" time="4.904"/>
  <system-out/>
  <testcase classname="com.jack.task.Kslaw" name="run" time="10.075"/>
  <system-out/>
  <testcase classname="com.jack.task.Kslaw" name="run" time="6.838"/>
  <system-out/>
  <testcase classname="com.jack.task.Kslaw" name="run" time="8.137"/>
  <system-out/>
  <testcase classname="com.jack.task.Kslaw" name="run" time="6.121"/>
  <system-out/>
  <testcase classname="com.jack.task.Kslaw" name="run" time="8.519"/>
  <system-out/>
  <testcase classname="com.jack.task.Kslaw" name="run" time="7.570"/>
  <system-out/>
  <testcase classname="com.jack.task.Kslaw" name="run" time="6.772"/>
  <system-out/>
  <testcase classname="com.jack.task.Kslaw" name="run" time="10.104"/>
  <system-out/>
  <testcase classname="com.jack.task.Kslaw" name="run" time="7.519"/>
  <system-out/>
  <testcase classname="com.jack.task.Kslaw" name="run" time="6.761"/>
  <system-out/>
  <testcase classname="com.jack.task.Kslaw" name="run" time="10.051"/>
  <system-out/>
  <testcase classname="com.jack.task.Kslaw" name="run" time="6.388"/>
  <system-out/>
  <testcase classname="com.jack.task.Kslaw" name="run" time="9.161"/>
  <system-out/>
  <testcase classname="com.jack.task.Kslaw" name="run" time="10.771"/>
  <system-out/>
  <testcase classname="com.jack.task.Kslaw" name="run" time="6.276"/>
  <system-out/>
  <testcase classname="com.jack.task.Kslaw" name="run" time="8.821"/>
  <system-out/>
  <testcase classname="com.jack.task.Kslaw" name="run" time="6.725"/>
  <system-out/>
  <testcase classname="com.jack.task.Kslaw" name="run" time="6.060"/>
  <system-out/>
  <testcase classname="com.jack.task.Kslaw" name="run" time="6.010"/>
  <system-out/>
  <testcase classname="com.jack.task.Kslaw" name="run" time="5.415"/>
  <system-out/>
  <testcase classname="com.jack.task.Kslaw" name="run" time="8.427"/>
  <system-out/>
  <testcase classname="com.jack.task.Kslaw" name="run" time="6.448"/>
  <system-out/>
  <testcase classname="com.jack.task.Kslaw" name="run" time="7.586"/>
  <system-out/>
  <testcase classname="com.jack.task.Kslaw" name="run" time="8.977"/>
  <system-out/>
  <testcase classname="com.jack.task.Kslaw" name="run" time="8.309"/>
  <system-out/>
  <testcase classname="com.jack.task.Kslaw" name="run" time="2.848"/>
  <system-out/>
  <testcase classname="com.jack.task.Kslaw" name="run" time="7.430"/>
  <system-out/>
  <testcase classname="com.jack.task.Kslaw" name="run" time="7.566"/>
  <system-out/>
  <testcase classname="com.jack.task.Kslaw" name="run" time="16.480"/>
  <system-out/>
  <testcase classname="com.jack.task.Kslaw" name="run" time="6.723"/>
  <system-out/>
  <testcase classname="com.jack.task.Kslaw" name="run" time="7.812"/>
  <system-out/>
  <testcase classname="com.jack.task.Kslaw" name="run" time="5.621"/>
  <system-out/>
  <testcase classname="com.jack.task.Kslaw" name="run" time="8.505"/>
  <system-out/>
  <testcase classname="com.jack.task.Kslaw" name="run" time="7.045"/>
  <system-out/>
  <testcase classname="com.jack.task.Kslaw" name="run" time="8.175"/>
  <system-out/>
  <testcase classname="com.jack.task.Kslaw" name="run" time="6.618"/>
  <system-out/>
  <testcase classname="com.jack.task.Kslaw" name="run" time="7.671"/>
  <system-out/>
  <testcase classname="com.jack.task.Kslaw" name="run" time="8.260"/>
  <system-out/>
  <testcase classname="com.jack.task.Kslaw" name="run" time="5.861"/>
  <system-out/>
  <testcase classname="com.jack.task.Kslaw" name="run" time="6.040"/>
  <system-out/>
  <testcase classname="com.jack.task.Kslaw" name="run" time="5.525"/>
  <system-out/>
  <testcase classname="com.jack.task.Kslaw" name="run" time="7.632"/>
  <system-out/>
  <testcase classname="com.jack.task.Kslaw" name="run" time="7.142"/>
  <system-out/>
  <testcase classname="com.jack.task.Kslaw" name="run" time="6.433"/>
  <system-out/>
  <testcase classname="com.jack.task.Kslaw" name="run" time="6.942"/>
  <system-out/>
  <testcase classname="com.jack.task.Kslaw" name="run" time="8.197"/>
  <system-out/>
  <testcase classname="com.jack.task.Kslaw" name="run" time="6.545"/>
  <system-out/>
  <testcase classname="com.jack.task.Kslaw" name="run" time="10.538"/>
  <system-out/>
  <testcase classname="com.jack.task.Kslaw" name="run" time="8.225"/>
  <system-out/>
  <testcase classname="com.jack.task.Kslaw" name="run" time="5.502"/>
  <system-out/>
  <testcase classname="com.jack.task.Kslaw" name="run" time="8.361"/>
  <system-out/>
  <testcase classname="com.jack.task.Kslaw" name="run" time="3.073"/>
  <system-out/>
  <testcase classname="com.jack.task.Kslaw" name="run" time="6.441"/>
  <system-out/>
  <testcase classname="com.jack.task.Kslaw" name="run" time="7.525"/>
  <system-out/>
  <testcase classname="com.jack.task.Kslaw" name="run" time="8.893"/>
  <system-out/>
  <testcase classname="com.jack.task.Kslaw" name="run" time="7.232"/>
  <system-out/>
  <testcase classname="com.jack.task.Kslaw" name="run" time="7.210"/>
  <system-out/>
  <testcase classname="com.jack.task.Kslaw" name="run" time="6.453"/>
  <system-out/>
  <testcase classname="com.jack.task.Kslaw" name="run" time="9.616"/>
  <system-out/>
  <testcase classname="com.jack.task.Kslaw" name="run" time="6.546"/>
  <system-out/>
  <testcase classname="com.jack.task.Kslaw" name="run" time="8.250"/>
  <system-out/>
  <testcase classname="com.jack.task.Kslaw" name="run" time="36.603"/>
  <system-out/>
  <testcase classname="com.jack.task.Kslaw" name="run" time="8.423"/>
  <system-out/>
  <testcase classname="com.jack.task.Kslaw" name="run" time="7.262"/>
  <system-out/>
  <testcase classname="com.jack.task.Kslaw" name="run" time="6.394"/>
  <system-out/>
  <testcase classname="com.jack.task.Kslaw" name="run" time="6.099"/>
  <system-out/>
  <testcase classname="com.jack.task.Kslaw" name="run" time="6.301"/>
  <system-out/>
  <testcase classname="com.jack.task.Kslaw" name="run" time="9.797"/>
  <system-out/>
  <testcase classname="com.jack.task.Kslaw" name="run" time="81.124"/>
  <system-out/>
  <testcase classname="com.jack.task.Kslaw" name="run" time="9.550"/>
  <system-out/>
  <testcase classname="com.jack.task.Kslaw" name="run" time="9.871"/>
  <system-out/>
  <testcase classname="com.jack.task.Kslaw" name="run" time="11.365"/>
  <system-out/>
  <testcase classname="com.jack.task.Kslaw" name="run" time="5.028"/>
  <system-out/>
  <testcase classname="com.jack.task.Kslaw" name="run" time="32.586"/>
  <system-out/>
  <testcase classname="com.jack.task.Kslaw" name="run" time="5.104"/>
  <system-out/>
  <testcase classname="com.jack.task.Kslaw" name="run" time="7.616"/>
  <system-out/>
  <testcase classname="com.jack.task.Kslaw" name="run" time="8.130"/>
  <system-out/>
  <testcase classname="com.jack.task.Kslaw" name="run" time="9.240"/>
  <system-out/>
  <testcase classname="com.jack.task.Kslaw" name="run" time="3.407"/>
  <system-out/>
  <testcase classname="com.jack.task.Kslaw" name="run" time="8.420"/>
  <system-out/>
  <testcase classname="com.jack.task.Kslaw" name="run" time="7.609"/>
  <system-out/>
  <testcase classname="com.jack.task.Kslaw" name="run" time="8.158"/>
  <system-out/>
  <testcase classname="com.jack.task.Kslaw" name="run" time="8.230"/>
  <system-out/>
  <testcase classname="com.jack.task.Kslaw" name="run" time="8.514"/>
  <system-out/>
  <testcase classname="com.jack.task.Kslaw" name="run" time="3.930"/>
  <system-out/>
  <testcase classname="com.jack.task.Kslaw" name="run" time="72.622"/>
  <system-out/>
  <testcase classname="com.jack.task.Kslaw" name="run" time="8.240"/>
  <system-out/>
  <testcase classname="com.jack.task.Kslaw" name="run" time="7.556"/>
  <system-out/>
  <testcase classname="com.jack.task.Kslaw" name="run" time="5.657"/>
  <system-out/>
  <testcase classname="com.jack.task.Kslaw" name="run" time="6.791"/>
  <system-out/>
  <testcase classname="com.jack.task.Kslaw" name="run" time="8.629"/>
  <system-out/>
  <testcase classname="com.jack.task.Kslaw" name="run" time="9.926"/>
  <system-out/>
  <testcase classname="com.jack.task.Kslaw" name="run" time="2.490"/>
  <system-out/>
  <testcase classname="com.jack.task.Kslaw" name="run" time="7.892"/>
  <system-out/>
  <testcase classname="com.jack.task.Kslaw" name="run" time="5.836"/>
  <system-out/>
  <testcase classname="com.jack.task.Kslaw" name="run" time="5.597"/>
  <system-out/>
  <testcase classname="com.jack.task.Kslaw" name="run" time="7.394"/>
  <system-out/>
  <testcase classname="com.jack.task.Kslaw" name="run" time="9.486"/>
  <system-out/>
  <testcase classname="com.jack.task.Kslaw" name="run" time="7.343"/>
  <system-out/>
  <testcase classname="com.jack.task.Kslaw" name="run" time="7.269"/>
  <system-out/>
  <testcase classname="com.jack.task.Kslaw" name="run" time="9.988"/>
  <system-out/>
  <testcase classname="com.jack.task.Kslaw" name="run" time="5.087"/>
  <system-out/>
  <testcase classname="com.jack.task.Kslaw" name="run" time="7.547"/>
  <system-out/>
  <testcase classname="com.jack.task.Kslaw" name="run" time="7.740"/>
  <system-out/>
  <testcase classname="com.jack.task.Kslaw" name="run" time="4.570"/>
  <system-out/>
  <testcase classname="com.jack.task.Kslaw" name="run" time="8.346"/>
  <system-out/>
  <testcase classname="com.jack.task.Kslaw" name="run" time="6.492"/>
  <system-out/>
  <testcase classname="com.jack.task.Kslaw" name="run" time="8.472"/>
  <system-out/>
  <testcase classname="com.jack.task.Kslaw" name="run" time="8.148"/>
  <system-out/>
  <testcase classname="com.jack.task.Kslaw" name="run" time="7.151"/>
  <system-out/>
  <testcase classname="com.jack.task.Kslaw" name="run" time="7.713"/>
  <system-out/>
  <testcase classname="com.jack.task.Kslaw" name="run" time="5.476"/>
  <system-out/>
  <testcase classname="com.jack.task.Kslaw" name="run" time="9.192"/>
  <system-out/>
  <testcase classname="com.jack.task.Kslaw" name="run" time="7.602"/>
  <system-out/>
  <testcase classname="com.jack.task.Kslaw" name="run" time="7.916"/>
  <system-out/>
  <testcase classname="com.jack.task.Kslaw" name="run" time="6.216"/>
  <system-out/>
  <testcase classname="com.jack.task.Kslaw" name="run" time="9.494"/>
  <system-out/>
  <testcase classname="com.jack.task.Kslaw" name="run" time="7.572"/>
  <system-out/>
  <testcase classname="com.jack.task.Kslaw" name="run" time="6.886"/>
  <system-out/>
  <testcase classname="com.jack.task.Kslaw" name="run" time="10.909"/>
  <system-out/>
  <testcase classname="com.jack.task.Kslaw" name="run" time="8.959"/>
  <system-out/>
  <testcase classname="com.jack.task.Kslaw" name="run" time="6.119"/>
  <system-out/>
  <testcase classname="com.jack.task.Kslaw" name="run" time="8.494"/>
  <system-out/>
  <testcase classname="com.jack.task.Kslaw" name="run" time="6.735"/>
  <system-out/>
  <testcase classname="com.jack.task.Kslaw" name="run" time="5.335"/>
  <system-out/>
  <testcase classname="com.jack.task.Kslaw" name="run" time="10.907"/>
  <system-out/>
  <testcase classname="com.jack.task.Kslaw" name="run" time="8.966"/>
  <system-out/>
  <testcase classname="com.jack.task.Kslaw" name="run" time="6.846"/>
  <system-out/>
  <testcase classname="com.jack.task.Kslaw" name="run" time="10.979"/>
  <system-out/>
  <testcase classname="com.jack.task.Kslaw" name="run" time="6.608"/>
  <system-out/>
  <testcase classname="com.jack.task.Kslaw" name="run" time="7.167"/>
  <system-out/>
  <testcase classname="com.jack.task.Kslaw" name="run" time="8.219"/>
  <system-out/>
  <testcase classname="com.jack.task.Kslaw" name="run" time="7.381"/>
  <system-out/>
  <testcase classname="com.jack.task.Kslaw" name="run" time="9.447"/>
  <system-out/>
  <testcase classname="com.jack.task.Kslaw" name="run" time="8.013"/>
  <system-out/>
  <testcase classname="com.jack.task.Kslaw" name="run" time="7.485"/>
  <system-out/>
  <testcase classname="com.jack.task.Kslaw" name="run" time="7.355"/>
  <system-out/>
  <testcase classname="com.jack.task.Kslaw" name="run" time="7.225"/>
  <system-out/>
  <testcase classname="com.jack.task.Kslaw" name="run" time="8.953"/>
  <system-out/>
  <testcase classname="com.jack.task.Kslaw" name="run" time="6.770"/>
  <system-out/>
  <testcase classname="com.jack.task.Kslaw" name="run" time="9.037"/>
  <system-out/>
  <testcase classname="com.jack.task.Kslaw" name="run" time="10.003"/>
  <system-out/>
  <testcase classname="com.jack.task.Kslaw" name="run" time="8.487"/>
  <system-out/>
  <testcase classname="com.jack.task.Kslaw" name="run" time="7.772"/>
  <system-out/>
  <testcase classname="com.jack.task.Kslaw" name="run" time="8.615"/>
  <system-out/>
  <testcase classname="com.jack.task.Kslaw" name="run" time="10.976"/>
  <system-out/>
  <testcase classname="com.jack.task.Kslaw" name="run" time="6.228"/>
  <system-out/>
  <testcase classname="com.jack.task.Kslaw" name="run" time="8.018"/>
  <system-out/>
  <testcase classname="com.jack.task.Kslaw" name="run" time="8.485"/>
  <system-out/>
  <testcase classname="com.jack.task.Kslaw" name="run" time="6.280"/>
  <system-out/>
  <testcase classname="com.jack.task.Kslaw" name="run" time="5.491"/>
  <system-out/>
  <testcase classname="com.jack.task.Kslaw" name="run" time="7.523"/>
  <system-out/>
  <testcase classname="com.jack.task.Kslaw" name="run" time="5.399"/>
  <system-out/>
  <testcase classname="com.jack.task.Kslaw" name="run" time="9.063"/>
  <system-out/>
  <testcase classname="com.jack.task.Kslaw" name="run" time="7.278"/>
  <system-out/>
  <testcase classname="com.jack.task.Kslaw" name="run" time="5.274"/>
  <system-out/>
  <testcase classname="com.jack.task.Kslaw" name="run" time="6.609"/>
  <system-out/>
  <testcase classname="com.jack.task.Kslaw" name="run" time="7.503"/>
  <system-out/>
  <testcase classname="com.jack.task.Kslaw" name="run" time="9.223"/>
  <system-out/>
  <testcase classname="com.jack.task.Kslaw" name="run" time="7.553"/>
  <system-out/>
  <testcase classname="com.jack.task.Kslaw" name="run" time="8.940"/>
  <system-out/>
  <testcase classname="com.jack.task.Kslaw" name="run" time="5.812"/>
  <system-out/>
  <testcase classname="com.jack.task.Kslaw" name="run" time="7.481"/>
  <system-out/>
  <testcase classname="com.jack.task.Kslaw" name="run" time="8.754"/>
  <system-out/>
  <testcase classname="com.jack.task.Kslaw" name="run" time="6.655"/>
  <system-out/>
  <testcase classname="com.jack.task.Kslaw" name="run" time="72.100"/>
  <system-out/>
  <testcase classname="com.jack.task.Kslaw" name="run" time="8.686"/>
  <system-out/>
  <testcase classname="com.jack.task.Kslaw" name="run" time="8.798"/>
  <system-out/>
  <testcase classname="com.jack.task.Kslaw" name="run" time="6.646"/>
  <system-out/>
  <testcase classname="com.jack.task.Kslaw" name="run" time="8.376"/>
  <system-out/>
  <testcase classname="com.jack.task.Kslaw" name="run" time="35.686"/>
  <system-out/>
  <testcase classname="com.jack.task.Kslaw" name="run" time="7.012"/>
  <system-out/>
  <testcase classname="com.jack.task.Kslaw" name="run" time="3.838"/>
  <system-out/>
  <testcase classname="com.jack.task.Kslaw" name="run" time="8.029"/>
  <system-out/>
  <testcase classname="com.jack.task.Kslaw" name="run" time="5.737"/>
  <system-out/>
  <testcase classname="com.jack.task.Kslaw" name="run" time="6.981"/>
  <system-out/>
  <testcase classname="com.jack.task.Kslaw" name="run" time="6.602"/>
  <system-out/>
  <testcase classname="com.jack.task.Kslaw" name="run" time="8.379"/>
  <system-out/>
  <testcase classname="com.jack.task.Kslaw" name="run" time="7.121"/>
  <system-out/>
  <testcase classname="com.jack.task.Kslaw" name="run" time="6.956"/>
  <system-out/>
  <testcase classname="com.jack.task.Kslaw" name="run" time="10.194"/>
  <system-out/>
  <testcase classname="com.jack.task.Kslaw" name="run" time="8.819"/>
  <system-out/>
  <testcase classname="com.jack.task.Kslaw" name="run" time="28.521"/>
  <system-out/>
  <testcase classname="com.jack.task.Kslaw" name="run" time="6.141"/>
  <system-out/>
  <testcase classname="com.jack.task.Kslaw" name="run" time="8.053"/>
  <system-out/>
  <testcase classname="com.jack.task.Kslaw" name="run" time="9.305"/>
  <system-out/>
  <testcase classname="com.jack.task.Kslaw" name="run" time="8.921"/>
  <system-out/>
  <testcase classname="com.jack.task.Kslaw" name="run" time="8.128"/>
  <system-out/>
  <testcase classname="com.jack.task.Kslaw" name="run" time="7.427"/>
  <system-out/>
  <testcase classname="com.jack.task.Kslaw" name="run" time="8.219"/>
  <system-out/>
  <testcase classname="com.jack.task.Kslaw" name="run" time="6.848"/>
  <system-out/>
  <testcase classname="com.jack.task.Kslaw" name="run" time="6.733"/>
  <system-out/>
  <testcase classname="com.jack.task.Kslaw" name="run" time="10.192"/>
  <system-out/>
  <testcase classname="com.jack.task.Kslaw" name="run" time="6.135"/>
  <system-out/>
  <testcase classname="com.jack.task.Kslaw" name="run" time="8.190"/>
  <system-out/>
  <testcase classname="com.jack.task.Kslaw" name="run" time="10.008"/>
  <system-out/>
  <testcase classname="com.jack.task.Kslaw" name="run" time="6.072"/>
  <system-out/>
  <testcase classname="com.jack.task.Kslaw" name="run" time="7.590"/>
  <system-out/>
  <testcase classname="com.jack.task.Kslaw" name="run" time="5.649"/>
  <system-out/>
  <testcase classname="com.jack.task.Kslaw" name="run" time="8.976"/>
  <system-out/>
  <testcase classname="com.jack.task.Kslaw" name="run" time="7.858"/>
  <system-out/>
  <testcase classname="com.jack.task.Kslaw" name="run" time="5.508"/>
  <system-out/>
  <testcase classname="com.jack.task.Kslaw" name="run" time="7.860"/>
  <system-out/>
  <testcase classname="com.jack.task.Kslaw" name="run" time="5.808"/>
  <system-out/>
  <testcase classname="com.jack.task.Kslaw" name="run" time="5.758"/>
  <system-out/>
  <testcase classname="com.jack.task.Kslaw" name="run" time="8.888"/>
  <system-out/>
  <testcase classname="com.jack.task.Kslaw" name="run" time="7.423"/>
  <system-out/>
  <testcase classname="com.jack.task.Kslaw" name="run" time="7.046"/>
  <system-out/>
  <testcase classname="com.jack.task.Kslaw" name="run" time="7.295"/>
  <system-out/>
  <testcase classname="com.jack.task.Kslaw" name="run" time="9.454"/>
  <system-out/>
  <testcase classname="com.jack.task.Kslaw" name="run" time="9.248"/>
  <system-out/>
  <testcase classname="com.jack.task.Kslaw" name="run" time="7.729"/>
  <system-out/>
  <testcase classname="com.jack.task.Kslaw" name="run" time="5.691"/>
  <system-out/>
  <testcase classname="com.jack.task.Kslaw" name="run" time="8.125"/>
  <system-out/>
  <testcase classname="com.jack.task.Kslaw" name="run" time="6.726"/>
  <system-out/>
  <testcase classname="com.jack.task.Kslaw" name="run" time="8.665"/>
  <system-out/>
  <testcase classname="com.jack.task.Kslaw" name="run" time="6.789"/>
  <system-out/>
  <testcase classname="com.jack.task.Kslaw" name="run" time="10.153"/>
  <system-out/>
  <testcase classname="com.jack.task.Kslaw" name="run" time="7.673"/>
  <system-out/>
  <testcase classname="com.jack.task.Kslaw" name="run" time="7.996"/>
  <system-out/>
  <testcase classname="com.jack.task.Kslaw" name="run" time="7.921"/>
  <system-out/>
  <testcase classname="com.jack.task.Kslaw" name="run" time="7.918"/>
  <system-out/>
  <testcase classname="com.jack.task.Kslaw" name="run" time="6.332"/>
  <system-out/>
  <testcase classname="com.jack.task.Kslaw" name="run" time="9.911"/>
  <system-out/>
  <testcase classname="com.jack.task.Kslaw" name="run" time="9.130"/>
  <system-out/>
  <testcase classname="com.jack.task.Kslaw" name="run" time="8.993"/>
  <system-out/>
  <testcase classname="com.jack.task.Kslaw" name="run" time="7.469"/>
  <system-out/>
  <testcase classname="com.jack.task.Kslaw" name="run" time="9.143"/>
  <system-out/>
  <testcase classname="com.jack.task.Kslaw" name="run" time="7.406"/>
  <system-out/>
  <testcase classname="com.jack.task.Kslaw" name="run" time="6.081"/>
  <system-out/>
  <testcase classname="com.jack.task.Kslaw" name="run" time="7.442"/>
  <system-out/>
  <testcase classname="com.jack.task.Kslaw" name="run" time="7.739"/>
  <system-out/>
  <testcase classname="com.jack.task.Kslaw" name="run" time="6.695"/>
  <system-out/>
  <testcase classname="com.jack.task.Kslaw" name="run" time="9.587"/>
  <system-out/>
  <testcase classname="com.jack.task.Kslaw" name="run" time="9.259"/>
  <system-out/>
  <testcase classname="com.jack.task.Kslaw" name="run" time="6.141"/>
  <system-out/>
  <testcase classname="com.jack.task.Kslaw" name="run" time="6.553"/>
  <system-out/>
  <testcase classname="com.jack.task.Kslaw" name="run" time="8.619"/>
  <system-out/>
  <testcase classname="com.jack.task.Kslaw" name="run" time="6.124"/>
  <system-out/>
  <testcase classname="com.jack.task.Kslaw" name="run" time="7.430"/>
  <system-out/>
  <testcase classname="com.jack.task.Kslaw" name="run" time="4.122"/>
  <system-out/>
  <testcase classname="com.jack.task.Kslaw" name="run" time="8.614"/>
  <system-out/>
  <testcase classname="com.jack.task.Kslaw" name="run" time="5.234"/>
  <system-out/>
  <testcase classname="com.jack.task.Kslaw" name="run" time="9.114"/>
  <system-out/>
  <testcase classname="com.jack.task.Kslaw" name="run" time="9.233"/>
  <system-out/>
  <testcase classname="com.jack.task.Kslaw" name="run" time="8.508"/>
  <system-out/>
  <testcase classname="com.jack.task.Kslaw" name="run" time="5.477"/>
  <system-out/>
  <testcase classname="com.jack.task.Kslaw" name="run" time="7.031"/>
  <system-out/>
  <testcase classname="com.jack.task.Kslaw" name="run" time="8.562"/>
  <system-out/>
  <testcase classname="com.jack.task.Kslaw" name="run" time="9.007"/>
  <system-out/>
  <testcase classname="com.jack.task.Kslaw" name="run" time="8.539"/>
  <system-out/>
  <testcase classname="com.jack.task.Kslaw" name="run" time="8.952"/>
  <system-out/>
  <testcase classname="com.jack.task.Kslaw" name="run" time="10.292"/>
  <system-out/>
  <testcase classname="com.jack.task.Kslaw" name="run" time="9.147"/>
  <system-out/>
  <testcase classname="com.jack.task.Kslaw" name="run" time="8.059"/>
  <system-out/>
  <testcase classname="com.jack.task.Kslaw" name="run" time="6.019"/>
  <system-out/>
  <testcase classname="com.jack.task.Kslaw" name="run" time="7.518"/>
  <system-out/>
  <testcase classname="com.jack.task.Kslaw" name="run" time="8.519"/>
  <system-out/>
  <testcase classname="com.jack.task.Kslaw" name="run" time="7.190"/>
  <system-out/>
  <testcase classname="com.jack.task.Kslaw" name="run" time="9.646"/>
  <system-out/>
  <testcase classname="com.jack.task.Kslaw" name="run" time="7.712"/>
  <system-out/>
  <testcase classname="com.jack.task.Kslaw" name="run" time="8.345"/>
  <system-out/>
  <testcase classname="com.jack.task.Kslaw" name="run" time="8.404"/>
  <system-out/>
  <testcase classname="com.jack.task.Kslaw" name="run" time="6.666"/>
  <system-out/>
  <testcase classname="com.jack.task.Kslaw" name="run" time="9.352"/>
  <system-out/>
  <testcase classname="com.jack.task.Kslaw" name="testx" time="0.000"/>
  <system-out/>
  <testcase classname="com.jack.task.Kslaw" name="run" time="5.378"/>
  <system-out/>
  <testcase classname="com.jack.task.Kslaw" name="run" time="10.796"/>
  <system-out/>
  <testcase classname="com.jack.task.Kslaw" name="run" time="8.845"/>
  <system-out/>
  <testcase classname="com.jack.task.Kslaw" name="run" time="5.307"/>
  <system-out/>
  <testcase classname="com.jack.task.Kslaw" name="run" time="9.763"/>
  <system-out/>
  <testcase classname="com.jack.task.Kslaw" name="run" time="6.161"/>
  <system-out/>
  <testcase classname="com.jack.task.Kslaw" name="run" time="7.568"/>
  <system-out/>
  <testcase classname="com.jack.task.Kslaw" name="run" time="6.703"/>
  <system-out/>
  <testcase classname="com.jack.task.Kslaw" name="run" time="28.559"/>
  <system-out/>
  <testcase classname="com.jack.task.Kslaw" name="run" time="10.126"/>
  <system-out/>
  <testcase classname="com.jack.task.Kslaw" name="run" time="6.632"/>
  <system-out/>
  <testcase classname="com.jack.task.Kslaw" name="run" time="6.821"/>
  <system-out/>
  <testcase classname="com.jack.task.Kslaw" name="run" time="7.261"/>
  <system-out/>
  <testcase classname="com.jack.task.Kslaw" name="run" time="10.321"/>
  <system-out/>
  <testcase classname="com.jack.task.Kslaw" name="run" time="9.071"/>
  <system-out/>
  <testcase classname="com.jack.task.Kslaw" name="run" time="8.073"/>
  <system-out/>
  <testcase classname="com.jack.task.Kslaw" name="run" time="9.260"/>
  <system-out/>
  <testcase classname="com.jack.task.Kslaw" name="run" time="6.803"/>
  <system-out/>
  <testcase classname="com.jack.task.Kslaw" name="run" time="8.456"/>
  <system-out/>
  <testcase classname="com.jack.task.Kslaw" name="run" time="8.444"/>
  <system-out/>
  <testcase classname="com.jack.task.Kslaw" name="run" time="7.909"/>
  <system-out/>
  <testcase classname="com.jack.task.Kslaw" name="run" time="5.652"/>
  <system-out/>
  <testcase classname="com.jack.task.Kslaw" name="run" time="8.128"/>
  <system-out/>
  <testcase classname="com.jack.task.Kslaw" name="run" time="9.096"/>
  <system-out/>
  <testcase classname="com.jack.task.Kslaw" name="run" time="5.841"/>
  <system-out/>
  <testcase classname="com.jack.task.Kslaw" name="run" time="4.751"/>
  <system-out/>
  <testcase classname="com.jack.task.Kslaw" name="run" time="6.576"/>
  <system-out/>
  <testcase classname="com.jack.task.Kslaw" name="run" time="4.933"/>
  <system-out/>
  <testcase classname="com.jack.task.Kslaw" name="run" time="7.451"/>
  <system-out/>
  <testcase classname="com.jack.task.Kslaw" name="run" time="5.004"/>
  <system-out/>
  <testcase classname="com.jack.task.Kslaw" name="run" time="10.420"/>
  <system-out/>
  <testcase classname="com.jack.task.Kslaw" name="run" time="8.843"/>
  <system-out/>
  <testcase classname="com.jack.task.Kslaw" name="run" time="7.043"/>
  <system-out/>
  <testcase classname="com.jack.task.Kslaw" name="run" time="24.869"/>
  <system-out/>
  <testcase classname="com.jack.task.Kslaw" name="run" time="8.089"/>
  <system-out/>
  <testcase classname="com.jack.task.Kslaw" name="run" time="5.808"/>
  <system-out/>
  <testcase classname="com.jack.task.Kslaw" name="run" time="8.075"/>
  <system-out/>
  <testcase classname="com.jack.task.Kslaw" name="run" time="6.885"/>
  <system-out/>
  <testcase classname="com.jack.task.Kslaw" name="run" time="8.893"/>
  <system-out/>
  <testcase classname="com.jack.task.Kslaw" name="run" time="3.049"/>
  <system-out/>
  <testcase classname="com.jack.task.Kslaw" name="run" time="8.459"/>
  <system-out/>
  <testcase classname="com.jack.task.Kslaw" name="run" time="10.851"/>
  <system-out/>
  <testcase classname="com.jack.task.Kslaw" name="run" time="8.097"/>
  <system-out/>
  <testcase classname="com.jack.task.Kslaw" name="run" time="7.489"/>
  <system-out/>
  <testcase classname="com.jack.task.Kslaw" name="run" time="7.104"/>
  <system-out/>
  <testcase classname="com.jack.task.Kslaw" name="run" time="7.753"/>
  <system-out/>
  <testcase classname="com.jack.task.Kslaw" name="run" time="4.993"/>
  <system-out/>
  <testcase classname="com.jack.task.Kslaw" name="run" time="9.368"/>
  <system-out/>
  <testcase classname="com.jack.task.Kslaw" name="run" time="4.424"/>
  <system-out/>
  <testcase classname="com.jack.task.Kslaw" name="run" time="9.134"/>
  <system-out/>
  <testcase classname="com.jack.task.Kslaw" name="run" time="10.342"/>
  <system-out/>
  <testcase classname="com.jack.task.Kslaw" name="run" time="7.153"/>
  <system-out/>
  <testcase classname="com.jack.task.Kslaw" name="run" time="6.753"/>
  <system-out/>
  <testcase classname="com.jack.task.Kslaw" name="run" time="8.534"/>
  <system-out/>
  <testcase classname="com.jack.task.Kslaw" name="run" time="9.186"/>
  <system-out/>
  <testcase classname="com.jack.task.Kslaw" name="run" time="4.580"/>
  <system-out/>
  <testcase classname="com.jack.task.Kslaw" name="run" time="3.048"/>
  <system-out/>
  <testcase classname="com.jack.task.Kslaw" name="run" time="8.542"/>
  <system-out/>
  <testcase classname="com.jack.task.Kslaw" name="run" time="8.313"/>
  <system-out/>
  <testcase classname="com.jack.task.Kslaw" name="run" time="4.496"/>
  <system-out/>
  <testcase classname="com.jack.task.Kslaw" name="run" time="7.704"/>
  <system-out/>
  <testcase classname="com.jack.task.Kslaw" name="run" time="7.185"/>
  <system-out/>
  <testcase classname="com.jack.task.Kslaw" name="run" time="8.352"/>
  <system-out/>
  <testcase classname="com.jack.task.Kslaw" name="run" time="9.193"/>
  <system-out/>
  <testcase classname="com.jack.task.Kslaw" name="run" time="7.043"/>
  <system-out/>
  <testcase classname="com.jack.task.Kslaw" name="run" time="7.387"/>
  <system-out/>
  <testcase classname="com.jack.task.Kslaw" name="run" time="8.985"/>
  <system-out/>
  <testcase classname="com.jack.task.Kslaw" name="run" time="9.223"/>
  <system-out/>
  <testcase classname="com.jack.task.Kslaw" name="run" time="8.268"/>
  <system-out/>
  <testcase classname="com.jack.task.Kslaw" name="run" time="6.814"/>
  <system-out/>
  <testcase classname="com.jack.task.Kslaw" name="run" time="9.541"/>
  <system-out/>
  <testcase classname="com.jack.task.Kslaw" name="run" time="8.607"/>
  <system-out/>
  <testcase classname="com.jack.task.Kslaw" name="run" time="8.654"/>
  <system-out/>
  <testcase classname="com.jack.task.Kslaw" name="run" time="9.441"/>
  <system-out/>
  <testcase classname="com.jack.task.Kslaw" name="run" time="6.480"/>
  <system-out/>
  <testcase classname="com.jack.task.Kslaw" name="run" time="7.261"/>
  <system-out/>
  <testcase classname="com.jack.task.Kslaw" name="run" time="6.577"/>
  <system-out/>
  <testcase classname="com.jack.task.Kslaw" name="run" time="8.332"/>
  <system-out/>
  <testcase classname="com.jack.task.Kslaw" name="run" time="8.436"/>
  <system-out/>
  <testcase classname="com.jack.task.Kslaw" name="run" time="9.643"/>
  <system-out/>
  <testcase classname="com.jack.task.Kslaw" name="run" time="75.322"/>
  <system-out/>
  <testcase classname="com.jack.task.Kslaw" name="run" time="7.586"/>
  <system-out/>
  <testcase classname="com.jack.task.Kslaw" name="run" time="3.791"/>
  <system-out/>
  <testcase classname="com.jack.task.Kslaw" name="run" time="7.078"/>
  <system-out/>
  <testcase classname="com.jack.task.Kslaw" name="run" time="6.414"/>
  <system-out/>
  <testcase classname="com.jack.task.Kslaw" name="run" time="6.395"/>
  <system-out/>
  <testcase classname="com.jack.task.Kslaw" name="run" time="7.360"/>
  <system-out/>
  <testcase classname="com.jack.task.Kslaw" name="run" time="6.856"/>
  <system-out/>
  <testcase classname="com.jack.task.Kslaw" name="run" time="16.407"/>
  <system-out/>
  <testcase classname="com.jack.task.Kslaw" name="run" time="7.024"/>
  <system-out/>
  <testcase classname="com.jack.task.Kslaw" name="run" time="10.661"/>
  <system-out/>
  <testcase classname="com.jack.task.Kslaw" name="run" time="8.325"/>
  <system-out/>
  <testcase classname="com.jack.task.Kslaw" name="run" time="5.801"/>
  <system-out/>
  <testcase classname="com.jack.task.Kslaw" name="run" time="5.158"/>
  <system-out/>
  <testcase classname="com.jack.task.Kslaw" name="run" time="9.444"/>
  <system-out/>
  <testcase classname="com.jack.task.Kslaw" name="run" time="7.801"/>
  <system-out/>
  <testcase classname="com.jack.task.Kslaw" name="run" time="7.184"/>
  <system-out/>
  <testcase classname="com.jack.task.Kslaw" name="run" time="6.670"/>
  <system-out/>
  <testcase classname="com.jack.task.Kslaw" name="run" time="7.586"/>
  <system-out/>
  <testcase classname="com.jack.task.Kslaw" name="run" time="7.129"/>
  <system-out/>
  <testcase classname="com.jack.task.Kslaw" name="run" time="8.776"/>
  <system-out/>
  <testcase classname="com.jack.task.Kslaw" name="run" time="3.835"/>
  <system-out/>
  <testcase classname="com.jack.task.Kslaw" name="run" time="6.537"/>
  <system-out/>
  <testcase classname="com.jack.task.Kslaw" name="run" time="9.485"/>
  <system-out/>
  <testcase classname="com.jack.task.Kslaw" name="run" time="6.539"/>
  <system-out/>
  <testcase classname="com.jack.task.Kslaw" name="run" time="8.171"/>
  <system-out/>
  <testcase classname="com.jack.task.Kslaw" name="run" time="74.300"/>
  <system-out/>
  <testcase classname="com.jack.task.Kslaw" name="run" time="9.920"/>
  <system-out/>
  <testcase classname="com.jack.task.Kslaw" name="run" time="6.188"/>
  <system-out/>
  <testcase classname="com.jack.task.Kslaw" name="run" time="6.040"/>
  <system-out/>
  <testcase classname="com.jack.task.Kslaw" name="run" time="6.967"/>
  <system-out/>
  <testcase classname="com.jack.task.Kslaw" name="run" time="9.690"/>
  <system-out/>
  <testcase classname="com.jack.task.Kslaw" name="run" time="5.602"/>
  <system-out/>
  <testcase classname="com.jack.task.Kslaw" name="run" time="8.445"/>
  <system-out/>
  <testcase classname="com.jack.task.Kslaw" name="run" time="5.401"/>
  <system-out/>
  <testcase classname="com.jack.task.Kslaw" name="run" time="6.588"/>
  <system-out/>
  <testcase classname="com.jack.task.Kslaw" name="run" time="6.630"/>
  <system-out/>
  <testcase classname="com.jack.task.Kslaw" name="run" time="8.157"/>
  <system-out/>
  <testcase classname="com.jack.task.Kslaw" name="run" time="7.040"/>
  <system-out/>
  <testcase classname="com.jack.task.Kslaw" name="run" time="8.455"/>
  <system-out/>
  <testcase classname="com.jack.task.Kslaw" name="run" time="5.703"/>
  <system-out/>
  <testcase classname="com.jack.task.Kslaw" name="run" time="7.601"/>
  <system-out/>
  <testcase classname="com.jack.task.Kslaw" name="run" time="7.343"/>
  <system-out/>
  <testcase classname="com.jack.task.Kslaw" name="run" time="7.640"/>
  <system-out/>
  <testcase classname="com.jack.task.Kslaw" name="run" time="8.526"/>
  <system-out/>
  <testcase classname="com.jack.task.Kslaw" name="run" time="9.413"/>
  <system-out/>
  <testcase classname="com.jack.task.Kslaw" name="run" time="8.391"/>
  <system-out/>
  <testcase classname="com.jack.task.Kslaw" name="run" time="8.046"/>
  <system-out/>
  <testcase classname="com.jack.task.Kslaw" name="run" time="5.223"/>
  <system-out/>
  <testcase classname="com.jack.task.Kslaw" name="run" time="6.652"/>
  <system-out/>
  <testcase classname="com.jack.task.Kslaw" name="run" time="7.220"/>
  <system-out/>
  <testcase classname="com.jack.task.Kslaw" name="run" time="7.275"/>
  <system-out/>
  <testcase classname="com.jack.task.Kslaw" name="run" time="9.342"/>
  <system-out/>
  <testcase classname="com.jack.task.Kslaw" name="run" time="6.199"/>
  <system-out/>
  <testcase classname="com.jack.task.Kslaw" name="run" time="7.648"/>
  <system-out/>
  <testcase classname="com.jack.task.Kslaw" name="run" time="11.402"/>
  <system-out/>
  <testcase classname="com.jack.task.Kslaw" name="run" time="9.748"/>
  <system-out/>
  <testcase classname="com.jack.task.Kslaw" name="run" time="8.573"/>
  <system-out/>
  <testcase classname="com.jack.task.Kslaw" name="run" time="8.624"/>
  <system-out/>
  <testcase classname="com.jack.task.Kslaw" name="run" time="6.893"/>
  <system-out/>
  <testcase classname="com.jack.task.Kslaw" name="run" time="8.463"/>
  <system-out/>
  <testcase classname="com.jack.task.Kslaw" name="run" time="9.960"/>
  <system-out/>
  <testcase classname="com.jack.task.Kslaw" name="run" time="7.975"/>
  <system-out/>
  <testcase classname="com.jack.task.Kslaw" name="run" time="7.712"/>
  <system-out/>
  <testcase classname="com.jack.task.Kslaw" name="run" time="9.574"/>
  <system-out/>
  <testcase classname="com.jack.task.Kslaw" name="run" time="6.268"/>
  <system-out/>
  <testcase classname="com.jack.task.Kslaw" name="run" time="7.237"/>
  <system-out/>
  <testcase classname="com.jack.task.Kslaw" name="run" time="6.396"/>
  <system-out/>
  <testcase classname="com.jack.task.Kslaw" name="run" time="4.980"/>
  <system-out/>
  <testcase classname="com.jack.task.Kslaw" name="run" time="7.325"/>
  <system-out/>
  <testcase classname="com.jack.task.Kslaw" name="run" time="8.383"/>
  <system-out/>
  <testcase classname="com.jack.task.Kslaw" name="run" time="7.962"/>
  <system-out/>
  <testcase classname="com.jack.task.Kslaw" name="run" time="8.090"/>
  <system-out/>
  <testcase classname="com.jack.task.Kslaw" name="run" time="9.526"/>
  <system-out/>
  <testcase classname="com.jack.task.Kslaw" name="run" time="8.015"/>
  <system-out/>
  <testcase classname="com.jack.task.Kslaw" name="run" time="7.460"/>
  <system-out/>
  <testcase classname="com.jack.task.Kslaw" name="run" time="7.592"/>
  <system-out/>
  <testcase classname="com.jack.task.Kslaw" name="run" time="7.350"/>
  <system-out/>
  <testcase classname="com.jack.task.Kslaw" name="run" time="75.624"/>
  <system-out/>
  <testcase classname="com.jack.task.Kslaw" name="run" time="7.076"/>
  <system-out/>
  <testcase classname="com.jack.task.Kslaw" name="run" time="5.364"/>
  <system-out/>
  <testcase classname="com.jack.task.Kslaw" name="run" time="10.038"/>
  <system-out/>
  <testcase classname="com.jack.task.Kslaw" name="run" time="5.923"/>
  <system-out/>
  <testcase classname="com.jack.task.Kslaw" name="run" time="3.644"/>
  <system-out/>
  <testcase classname="com.jack.task.Kslaw" name="run" time="8.659"/>
  <system-out/>
  <testcase classname="com.jack.task.Kslaw" name="run" time="8.765"/>
  <system-out/>
  <testcase classname="com.jack.task.Kslaw" name="run" time="9.553"/>
  <system-out/>
</testsuite> <!-- com.jack.task.Kslaw -->
