<?xml version="1.0" encoding="UTF-8"?>
<!-- Generated by org.testng.reporters.JUnitReportReporter -->
<testsuite hostname="DESKTOP-89RDKF8" failures="0" tests="1015" name="com.jack.task.Paulweiss" time="5657.148" errors="1" timestamp="2022-12-26T00:37:45 BDT" skipped="0">
  <testcase classname="com.jack.task.Paulweiss" name="run" time="6.058"/>
  <system-out/>
  <testcase classname="com.jack.task.Paulweiss" name="run" time="5.170"/>
  <system-out/>
  <testcase classname="com.jack.task.Paulweiss" name="run" time="4.556"/>
  <system-out/>
  <testcase classname="com.jack.task.Paulweiss" name="run" time="5.130"/>
  <system-out/>
  <testcase classname="com.jack.task.Paulweiss" name="run" time="5.760"/>
  <system-out/>
  <testcase classname="com.jack.task.Paulweiss" name="run" time="7.373"/>
  <system-out/>
  <testcase classname="com.jack.task.Paulweiss" name="run" time="6.271"/>
  <system-out/>
  <testcase classname="com.jack.task.Paulweiss" name="run" time="5.567"/>
  <system-out/>
  <testcase classname="com.jack.task.Paulweiss" name="run" time="5.510"/>
  <system-out/>
  <testcase classname="com.jack.task.Paulweiss" name="run" time="5.079"/>
  <system-out/>
  <testcase classname="com.jack.task.Paulweiss" name="run" time="5.041"/>
  <system-out/>
  <testcase classname="com.jack.task.Paulweiss" name="run" time="2.433"/>
  <system-out/>
  <testcase classname="com.jack.task.Paulweiss" name="run" time="4.864"/>
  <system-out/>
  <testcase classname="com.jack.task.Paulweiss" name="run" time="6.039"/>
  <system-out/>
  <testcase classname="com.jack.task.Paulweiss" name="run" time="5.149"/>
  <system-out/>
  <testcase classname="com.jack.task.Paulweiss" name="run" time="4.908"/>
  <system-out/>
  <testcase classname="com.jack.task.Paulweiss" name="run" time="6.372"/>
  <system-out/>
  <testcase classname="com.jack.task.Paulweiss" name="run" time="5.236"/>
  <system-out/>
  <testcase classname="com.jack.task.Paulweiss" name="run" time="6.422"/>
  <system-out/>
  <testcase classname="com.jack.task.Paulweiss" name="run" time="5.187"/>
  <system-out/>
  <testcase classname="com.jack.task.Paulweiss" name="run" time="5.118"/>
  <system-out/>
  <testcase classname="com.jack.task.Paulweiss" name="run" time="4.606"/>
  <system-out/>
  <testcase classname="com.jack.task.Paulweiss" name="run" time="6.167"/>
  <system-out/>
  <testcase classname="com.jack.task.Paulweiss" name="run" time="5.923"/>
  <system-out/>
  <testcase classname="com.jack.task.Paulweiss" name="run" time="5.002"/>
  <system-out/>
  <testcase classname="com.jack.task.Paulweiss" name="run" time="4.046"/>
  <system-out/>
  <testcase classname="com.jack.task.Paulweiss" name="run" time="6.507"/>
  <system-out/>
  <testcase classname="com.jack.task.Paulweiss" name="run" time="4.590"/>
  <system-out/>
  <testcase classname="com.jack.task.Paulweiss" name="run" time="5.289"/>
  <system-out/>
  <testcase classname="com.jack.task.Paulweiss" name="run" time="6.120"/>
  <system-out/>
  <testcase classname="com.jack.task.Paulweiss" name="run" time="5.399"/>
  <system-out/>
  <testcase classname="com.jack.task.Paulweiss" name="run" time="4.828"/>
  <system-out/>
  <testcase classname="com.jack.task.Paulweiss" name="run" time="5.119"/>
  <system-out/>
  <testcase classname="com.jack.task.Paulweiss" name="run" time="4.842"/>
  <system-out/>
  <testcase classname="com.jack.task.Paulweiss" name="run" time="4.773"/>
  <system-out/>
  <testcase classname="com.jack.task.Paulweiss" name="run" time="3.915"/>
  <system-out/>
  <testcase classname="com.jack.task.Paulweiss" name="run" time="5.018"/>
  <system-out/>
  <testcase classname="com.jack.task.Paulweiss" name="run" time="5.435"/>
  <system-out/>
  <testcase classname="com.jack.task.Paulweiss" name="run" time="5.255"/>
  <system-out/>
  <testcase classname="com.jack.task.Paulweiss" name="run" time="4.358"/>
  <system-out/>
  <testcase classname="com.jack.task.Paulweiss" name="run" time="6.166"/>
  <system-out/>
  <testcase classname="com.jack.task.Paulweiss" name="run" time="5.545"/>
  <system-out/>
  <testcase classname="com.jack.task.Paulweiss" name="run" time="5.678"/>
  <system-out/>
  <testcase classname="com.jack.task.Paulweiss" name="run" time="5.409"/>
  <system-out/>
  <testcase classname="com.jack.task.Paulweiss" name="run" time="5.159"/>
  <system-out/>
  <testcase classname="com.jack.task.Paulweiss" name="run" time="3.991"/>
  <system-out/>
  <testcase classname="com.jack.task.Paulweiss" name="run" time="6.553"/>
  <system-out/>
  <testcase classname="com.jack.task.Paulweiss" name="run" time="4.057"/>
  <system-out/>
  <testcase classname="com.jack.task.Paulweiss" name="run" time="5.664"/>
  <system-out/>
  <testcase classname="com.jack.task.Paulweiss" name="run" time="4.709"/>
  <system-out/>
  <testcase classname="com.jack.task.Paulweiss" name="run" time="4.658"/>
  <system-out/>
  <testcase classname="com.jack.task.Paulweiss" name="run" time="5.581"/>
  <system-out/>
  <testcase classname="com.jack.task.Paulweiss" name="run" time="6.206"/>
  <system-out/>
  <testcase classname="com.jack.task.Paulweiss" name="run" time="6.068"/>
  <system-out/>
  <testcase classname="com.jack.task.Paulweiss" name="run" time="3.708"/>
  <system-out/>
  <testcase classname="com.jack.task.Paulweiss" name="run" time="4.672"/>
  <system-out/>
  <testcase classname="com.jack.task.Paulweiss" name="run" time="6.094"/>
  <system-out/>
  <testcase classname="com.jack.task.Paulweiss" name="run" time="5.526"/>
  <system-out/>
  <testcase classname="com.jack.task.Paulweiss" name="run" time="4.969"/>
  <system-out/>
  <testcase classname="com.jack.task.Paulweiss" name="run" time="5.834"/>
  <system-out/>
  <testcase classname="com.jack.task.Paulweiss" name="run" time="5.011"/>
  <system-out/>
  <testcase classname="com.jack.task.Paulweiss" name="run" time="4.851"/>
  <system-out/>
  <testcase classname="com.jack.task.Paulweiss" name="run" time="5.902"/>
  <system-out/>
  <testcase classname="com.jack.task.Paulweiss" name="run" time="4.820"/>
  <system-out/>
  <testcase classname="com.jack.task.Paulweiss" name="run" time="5.653"/>
  <system-out/>
  <testcase classname="com.jack.task.Paulweiss" name="run" time="4.695"/>
  <system-out/>
  <testcase classname="com.jack.task.Paulweiss" name="run" time="4.690"/>
  <system-out/>
  <testcase classname="com.jack.task.Paulweiss" name="run" time="24.431"/>
  <system-out/>
  <testcase classname="com.jack.task.Paulweiss" name="run" time="5.007"/>
  <system-out/>
  <testcase classname="com.jack.task.Paulweiss" name="run" time="4.804"/>
  <system-out/>
  <testcase classname="com.jack.task.Paulweiss" name="run" time="4.849"/>
  <system-out/>
  <testcase classname="com.jack.task.Paulweiss" name="run" time="5.067"/>
  <system-out/>
  <testcase classname="com.jack.task.Paulweiss" name="run" time="5.460"/>
  <system-out/>
  <testcase classname="com.jack.task.Paulweiss" name="run" time="4.918"/>
  <system-out/>
  <testcase classname="com.jack.task.Paulweiss" name="run" time="2.580"/>
  <system-out/>
  <testcase classname="com.jack.task.Paulweiss" name="run" time="5.252"/>
  <system-out/>
  <testcase classname="com.jack.task.Paulweiss" name="run" time="7.556"/>
  <system-out/>
  <testcase classname="com.jack.task.Paulweiss" name="run" time="4.522"/>
  <system-out/>
  <testcase classname="com.jack.task.Paulweiss" name="run" time="5.357"/>
  <system-out/>
  <testcase classname="com.jack.task.Paulweiss" name="run" time="7.142"/>
  <system-out/>
  <testcase classname="com.jack.task.Paulweiss" name="run" time="5.547"/>
  <system-out/>
  <testcase classname="com.jack.task.Paulweiss" name="run" time="2.407"/>
  <system-out/>
  <testcase classname="com.jack.task.Paulweiss" name="run" time="4.988"/>
  <system-out/>
  <testcase classname="com.jack.task.Paulweiss" name="run" time="5.100"/>
  <system-out/>
  <testcase classname="com.jack.task.Paulweiss" name="run" time="4.873"/>
  <system-out/>
  <testcase classname="com.jack.task.Paulweiss" name="run" time="5.005"/>
  <system-out/>
  <testcase classname="com.jack.task.Paulweiss" name="run" time="4.792"/>
  <system-out/>
  <testcase classname="com.jack.task.Paulweiss" name="run" time="5.180"/>
  <system-out/>
  <testcase classname="com.jack.task.Paulweiss" name="run" time="4.882"/>
  <system-out/>
  <testcase classname="com.jack.task.Paulweiss" name="run" time="4.922"/>
  <system-out/>
  <testcase classname="com.jack.task.Paulweiss" name="run" time="5.045"/>
  <system-out/>
  <testcase classname="com.jack.task.Paulweiss" name="run" time="5.155"/>
  <system-out/>
  <testcase classname="com.jack.task.Paulweiss" name="run" time="5.276"/>
  <system-out/>
  <testcase classname="com.jack.task.Paulweiss" name="run" time="5.465"/>
  <system-out/>
  <testcase classname="com.jack.task.Paulweiss" name="run" time="5.728"/>
  <system-out/>
  <testcase classname="com.jack.task.Paulweiss" name="run" time="5.770"/>
  <system-out/>
  <testcase classname="com.jack.task.Paulweiss" name="run" time="6.855"/>
  <system-out/>
  <testcase classname="com.jack.task.Paulweiss" name="run" time="6.130"/>
  <system-out/>
  <testcase classname="com.jack.task.Paulweiss" name="run" time="4.787"/>
  <system-out/>
  <testcase classname="com.jack.task.Paulweiss" name="run" time="4.693"/>
  <system-out/>
  <testcase classname="com.jack.task.Paulweiss" name="run" time="4.774"/>
  <system-out/>
  <testcase classname="com.jack.task.Paulweiss" name="run" time="5.885"/>
  <system-out/>
  <testcase classname="com.jack.task.Paulweiss" name="run" time="5.213"/>
  <system-out/>
  <testcase classname="com.jack.task.Paulweiss" name="run" time="5.159"/>
  <system-out/>
  <testcase classname="com.jack.task.Paulweiss" name="run" time="6.176"/>
  <system-out/>
  <testcase classname="com.jack.task.Paulweiss" name="run" time="4.588"/>
  <system-out/>
  <testcase classname="com.jack.task.Paulweiss" name="run" time="6.504"/>
  <system-out/>
  <testcase classname="com.jack.task.Paulweiss" name="run" time="5.151"/>
  <system-out/>
  <testcase classname="com.jack.task.Paulweiss" name="run" time="5.187"/>
  <system-out/>
  <testcase classname="com.jack.task.Paulweiss" name="run" time="3.573"/>
  <system-out/>
  <testcase classname="com.jack.task.Paulweiss" name="run" time="5.904"/>
  <system-out/>
  <testcase classname="com.jack.task.Paulweiss" name="run" time="5.199"/>
  <system-out/>
  <testcase classname="com.jack.task.Paulweiss" name="run" time="3.713"/>
  <system-out/>
  <testcase classname="com.jack.task.Paulweiss" name="run" time="5.385"/>
  <system-out/>
  <testcase classname="com.jack.task.Paulweiss" name="testx" time="0.000"/>
  <system-out/>
  <testcase classname="com.jack.task.Paulweiss" name="run" time="5.333"/>
  <system-out/>
  <testcase classname="com.jack.task.Paulweiss" name="run" time="5.380"/>
  <system-out/>
  <testcase classname="com.jack.task.Paulweiss" name="run" time="5.126"/>
  <system-out/>
  <testcase classname="com.jack.task.Paulweiss" name="run" time="5.748"/>
  <system-out/>
  <testcase classname="com.jack.task.Paulweiss" name="run" time="4.936"/>
  <system-out/>
  <testcase classname="com.jack.task.Paulweiss" name="run" time="6.063"/>
  <system-out/>
  <testcase classname="com.jack.task.Paulweiss" name="run" time="6.274"/>
  <system-out/>
  <testcase classname="com.jack.task.Paulweiss" name="run" time="6.698"/>
  <system-out/>
  <testcase classname="com.jack.task.Paulweiss" name="run" time="5.070"/>
  <system-out/>
  <testcase classname="com.jack.task.Paulweiss" name="run" time="4.699"/>
  <system-out/>
  <testcase classname="com.jack.task.Paulweiss" name="run" time="6.178"/>
  <system-out/>
  <testcase classname="com.jack.task.Paulweiss" name="run" time="5.282"/>
  <system-out/>
  <testcase classname="com.jack.task.Paulweiss" name="run" time="5.059"/>
  <system-out/>
  <testcase classname="com.jack.task.Paulweiss" name="run" time="5.374"/>
  <system-out/>
  <testcase classname="com.jack.task.Paulweiss" name="run" time="5.786"/>
  <system-out/>
  <testcase classname="com.jack.task.Paulweiss" name="run" time="4.743"/>
  <system-out/>
  <testcase classname="com.jack.task.Paulweiss" name="run" time="5.219"/>
  <system-out/>
  <testcase classname="com.jack.task.Paulweiss" name="run" time="5.168"/>
  <system-out/>
  <testcase classname="com.jack.task.Paulweiss" name="run" time="4.651"/>
  <system-out/>
  <testcase classname="com.jack.task.Paulweiss" name="run" time="4.731"/>
  <system-out/>
  <testcase classname="com.jack.task.Paulweiss" name="run" time="5.014"/>
  <system-out/>
  <testcase classname="com.jack.task.Paulweiss" name="run" time="5.046"/>
  <system-out/>
  <testcase classname="com.jack.task.Paulweiss" name="run" time="5.438"/>
  <system-out/>
  <testcase classname="com.jack.task.Paulweiss" name="run" time="4.822"/>
  <system-out/>
  <testcase classname="com.jack.task.Paulweiss" name="run" time="6.312"/>
  <system-out/>
  <testcase classname="com.jack.task.Paulweiss" name="run" time="4.752"/>
  <system-out/>
  <testcase classname="com.jack.task.Paulweiss" name="run" time="5.788"/>
  <system-out/>
  <testcase classname="com.jack.task.Paulweiss" name="run" time="5.220"/>
  <system-out/>
  <testcase classname="com.jack.task.Paulweiss" name="run" time="4.857"/>
  <system-out/>
  <testcase classname="com.jack.task.Paulweiss" name="run" time="5.258"/>
  <system-out/>
  <testcase classname="com.jack.task.Paulweiss" name="run" time="6.702"/>
  <system-out/>
  <testcase classname="com.jack.task.Paulweiss" name="run" time="5.906"/>
  <system-out/>
  <testcase classname="com.jack.task.Paulweiss" name="run" time="4.798"/>
  <system-out/>
  <testcase classname="com.jack.task.Paulweiss" name="run" time="4.024"/>
  <system-out/>
  <testcase classname="com.jack.task.Paulweiss" name="run" time="5.859"/>
  <system-out/>
  <testcase classname="com.jack.task.Paulweiss" name="run" time="5.447"/>
  <system-out/>
  <testcase classname="com.jack.task.Paulweiss" name="run" time="4.171"/>
  <system-out/>
  <testcase classname="com.jack.task.Paulweiss" name="run" time="5.089"/>
  <system-out/>
  <testcase classname="com.jack.task.Paulweiss" name="run" time="6.209"/>
  <system-out/>
  <testcase classname="com.jack.task.Paulweiss" name="run" time="6.076"/>
  <system-out/>
  <testcase classname="com.jack.task.Paulweiss" name="run" time="4.688"/>
  <system-out/>
  <testcase classname="com.jack.task.Paulweiss" name="run" time="4.873"/>
  <system-out/>
  <testcase classname="com.jack.task.Paulweiss" name="run" time="5.025"/>
  <system-out/>
  <testcase classname="com.jack.task.Paulweiss" name="run" time="4.550"/>
  <system-out/>
  <testcase classname="com.jack.task.Paulweiss" name="run" time="4.257"/>
  <system-out/>
  <testcase classname="com.jack.task.Paulweiss" name="run" time="5.100"/>
  <system-out/>
  <testcase classname="com.jack.task.Paulweiss" name="run" time="6.226"/>
  <system-out/>
  <testcase classname="com.jack.task.Paulweiss" name="run" time="5.895"/>
  <system-out/>
  <testcase classname="com.jack.task.Paulweiss" name="run" time="5.155"/>
  <system-out/>
  <testcase classname="com.jack.task.Paulweiss" name="run" time="2.863"/>
  <system-out/>
  <testcase classname="com.jack.task.Paulweiss" name="run" time="4.791"/>
  <system-out/>
  <testcase classname="com.jack.task.Paulweiss" name="run" time="4.557"/>
  <system-out/>
  <testcase classname="com.jack.task.Paulweiss" name="run" time="5.031"/>
  <system-out/>
  <testcase classname="com.jack.task.Paulweiss" name="run" time="5.246"/>
  <system-out/>
  <testcase classname="com.jack.task.Paulweiss" name="run" time="4.949"/>
  <system-out/>
  <testcase classname="com.jack.task.Paulweiss" name="run" time="4.570"/>
  <system-out/>
  <testcase classname="com.jack.task.Paulweiss" name="run" time="4.071"/>
  <system-out/>
  <testcase classname="com.jack.task.Paulweiss" name="run" time="5.310"/>
  <system-out/>
  <testcase classname="com.jack.task.Paulweiss" name="run" time="5.675"/>
  <system-out/>
  <testcase classname="com.jack.task.Paulweiss" name="run" time="4.051"/>
  <system-out/>
  <testcase classname="com.jack.task.Paulweiss" name="run" time="5.189"/>
  <system-out/>
  <testcase classname="com.jack.task.Paulweiss" name="run" time="5.992"/>
  <system-out/>
  <testcase classname="com.jack.task.Paulweiss" name="run" time="4.905"/>
  <system-out/>
  <testcase classname="com.jack.task.Paulweiss" name="run" time="3.693"/>
  <system-out/>
  <testcase classname="com.jack.task.Paulweiss" name="run" time="4.721"/>
  <system-out/>
  <testcase classname="com.jack.task.Paulweiss" name="run" time="6.171"/>
  <system-out/>
  <testcase classname="com.jack.task.Paulweiss" name="run" time="4.601"/>
  <system-out/>
  <testcase classname="com.jack.task.Paulweiss" name="run" time="7.330"/>
  <system-out/>
  <testcase classname="com.jack.task.Paulweiss" name="run" time="4.867"/>
  <system-out/>
  <testcase classname="com.jack.task.Paulweiss" name="run" time="4.860"/>
  <system-out/>
  <testcase classname="com.jack.task.Paulweiss" name="run" time="5.207"/>
  <system-out/>
  <testcase classname="com.jack.task.Paulweiss" name="run" time="4.583"/>
  <system-out/>
  <testcase classname="com.jack.task.Paulweiss" name="run" time="6.562"/>
  <system-out/>
  <testcase classname="com.jack.task.Paulweiss" name="run" time="4.788"/>
  <system-out/>
  <testcase classname="com.jack.task.Paulweiss" name="run" time="5.218"/>
  <system-out/>
  <testcase classname="com.jack.task.Paulweiss" name="run" time="5.141"/>
  <system-out/>
  <testcase classname="com.jack.task.Paulweiss" name="run" time="4.785"/>
  <system-out/>
  <testcase classname="com.jack.task.Paulweiss" name="run" time="4.946"/>
  <system-out/>
  <testcase classname="com.jack.task.Paulweiss" name="run" time="4.968"/>
  <system-out/>
  <testcase classname="com.jack.task.Paulweiss" name="run" time="5.721"/>
  <system-out/>
  <testcase classname="com.jack.task.Paulweiss" name="run" time="5.353"/>
  <system-out/>
  <testcase classname="com.jack.task.Paulweiss" name="run" time="6.346"/>
  <system-out/>
  <testcase classname="com.jack.task.Paulweiss" name="run" time="6.454"/>
  <system-out/>
  <testcase classname="com.jack.task.Paulweiss" name="run" time="5.851"/>
  <system-out/>
  <testcase classname="com.jack.task.Paulweiss" name="run" time="6.356"/>
  <system-out/>
  <testcase classname="com.jack.task.Paulweiss" name="run" time="6.594"/>
  <system-out/>
  <testcase classname="com.jack.task.Paulweiss" name="run" time="4.649"/>
  <system-out/>
  <testcase classname="com.jack.task.Paulweiss" name="run" time="6.654"/>
  <system-out/>
  <testcase classname="com.jack.task.Paulweiss" name="run" time="3.933"/>
  <system-out/>
  <testcase classname="com.jack.task.Paulweiss" name="run" time="5.172"/>
  <system-out/>
  <testcase classname="com.jack.task.Paulweiss" name="run" time="5.348"/>
  <system-out/>
  <testcase classname="com.jack.task.Paulweiss" name="run" time="4.496"/>
  <system-out/>
  <testcase classname="com.jack.task.Paulweiss" name="run" time="4.802"/>
  <system-out/>
  <testcase classname="com.jack.task.Paulweiss" name="run" time="4.908"/>
  <system-out/>
  <testcase classname="com.jack.task.Paulweiss" name="run" time="5.515"/>
  <system-out/>
  <testcase classname="com.jack.task.Paulweiss" name="run" time="4.942"/>
  <system-out/>
  <testcase classname="com.jack.task.Paulweiss" name="run" time="5.090"/>
  <system-out/>
  <testcase classname="com.jack.task.Paulweiss" name="run" time="5.202"/>
  <system-out/>
  <testcase classname="com.jack.task.Paulweiss" name="run" time="5.060"/>
  <system-out/>
  <testcase classname="com.jack.task.Paulweiss" name="run" time="4.838"/>
  <system-out/>
  <testcase classname="com.jack.task.Paulweiss" name="run" time="5.252"/>
  <system-out/>
  <testcase classname="com.jack.task.Paulweiss" name="run" time="6.019"/>
  <system-out/>
  <testcase classname="com.jack.task.Paulweiss" name="run" time="4.772"/>
  <system-out/>
  <testcase classname="com.jack.task.Paulweiss" name="run" time="6.265"/>
  <system-out/>
  <testcase classname="com.jack.task.Paulweiss" name="run" time="4.650"/>
  <system-out/>
  <testcase classname="com.jack.task.Paulweiss" name="run" time="4.931"/>
  <system-out/>
  <testcase classname="com.jack.task.Paulweiss" name="run" time="5.228"/>
  <system-out/>
  <testcase classname="com.jack.task.Paulweiss" name="run" time="4.833"/>
  <system-out/>
  <testcase classname="com.jack.task.Paulweiss" name="run" time="4.710"/>
  <system-out/>
  <testcase classname="com.jack.task.Paulweiss" name="run" time="5.084"/>
  <system-out/>
  <testcase classname="com.jack.task.Paulweiss" name="run" time="6.767"/>
  <system-out/>
  <testcase classname="com.jack.task.Paulweiss" name="run" time="5.454"/>
  <system-out/>
  <testcase classname="com.jack.task.Paulweiss" name="run" time="5.523"/>
  <system-out/>
  <testcase classname="com.jack.task.Paulweiss" name="run" time="5.365"/>
  <system-out/>
  <testcase classname="com.jack.task.Paulweiss" name="run" time="4.889"/>
  <system-out/>
  <testcase classname="com.jack.task.Paulweiss" name="run" time="4.870"/>
  <system-out/>
  <testcase classname="com.jack.task.Paulweiss" name="run" time="5.004"/>
  <system-out/>
  <testcase classname="com.jack.task.Paulweiss" name="run" time="4.749"/>
  <system-out/>
  <testcase classname="com.jack.task.Paulweiss" name="run" time="5.061"/>
  <system-out/>
  <testcase classname="com.jack.task.Paulweiss" name="run" time="4.733"/>
  <system-out/>
  <testcase classname="com.jack.task.Paulweiss" name="run" time="5.853"/>
  <system-out/>
  <testcase classname="com.jack.task.Paulweiss" name="run" time="4.750"/>
  <system-out/>
  <testcase classname="com.jack.task.Paulweiss" name="run" time="5.841"/>
  <system-out/>
  <testcase classname="com.jack.task.Paulweiss" name="run" time="5.218"/>
  <system-out/>
  <testcase classname="com.jack.task.Paulweiss" name="run" time="5.107"/>
  <system-out/>
  <testcase classname="com.jack.task.Paulweiss" name="run" time="4.917"/>
  <system-out/>
  <testcase classname="com.jack.task.Paulweiss" name="run" time="4.825"/>
  <system-out/>
  <testcase classname="com.jack.task.Paulweiss" name="run" time="5.643"/>
  <system-out/>
  <testcase classname="com.jack.task.Paulweiss" name="run" time="4.781"/>
  <system-out/>
  <testcase classname="com.jack.task.Paulweiss" name="run" time="4.439"/>
  <system-out/>
  <testcase classname="com.jack.task.Paulweiss" name="run" time="6.071"/>
  <system-out/>
  <testcase classname="com.jack.task.Paulweiss" name="run" time="5.338"/>
  <system-out/>
  <testcase classname="com.jack.task.Paulweiss" name="run" time="5.044"/>
  <system-out/>
  <testcase classname="com.jack.task.Paulweiss" name="run" time="5.169"/>
  <system-out/>
  <testcase classname="com.jack.task.Paulweiss" name="run" time="4.684"/>
  <system-out/>
  <testcase classname="com.jack.task.Paulweiss" name="run" time="5.459"/>
  <system-out/>
  <testcase classname="com.jack.task.Paulweiss" name="run" time="4.497"/>
  <system-out/>
  <testcase classname="com.jack.task.Paulweiss" name="run" time="5.075"/>
  <system-out/>
  <testcase classname="com.jack.task.Paulweiss" name="run" time="4.222"/>
  <system-out/>
  <testcase classname="com.jack.task.Paulweiss" name="run" time="6.505"/>
  <system-out/>
  <testcase classname="com.jack.task.Paulweiss" name="run" time="4.798"/>
  <system-out/>
  <testcase classname="com.jack.task.Paulweiss" name="run" time="5.633"/>
  <system-out/>
  <testcase classname="com.jack.task.Paulweiss" name="run" time="4.519"/>
  <system-out/>
  <testcase classname="com.jack.task.Paulweiss" name="run" time="5.445"/>
  <system-out/>
  <testcase classname="com.jack.task.Paulweiss" name="run" time="3.260"/>
  <system-out/>
  <testcase classname="com.jack.task.Paulweiss" name="run" time="4.577"/>
  <system-out/>
  <testcase classname="com.jack.task.Paulweiss" name="run" time="5.224"/>
  <system-out/>
  <testcase classname="com.jack.task.Paulweiss" name="run" time="5.419"/>
  <system-out/>
  <testcase classname="com.jack.task.Paulweiss" name="run" time="5.271"/>
  <system-out/>
  <testcase classname="com.jack.task.Paulweiss" name="run" time="7.051"/>
  <system-out/>
  <testcase classname="com.jack.task.Paulweiss" name="run" time="5.778"/>
  <system-out/>
  <testcase classname="com.jack.task.Paulweiss" name="run" time="2.546"/>
  <system-out/>
  <testcase classname="com.jack.task.Paulweiss" name="run" time="5.163"/>
  <system-out/>
  <testcase classname="com.jack.task.Paulweiss" name="run" time="6.236"/>
  <system-out/>
  <testcase classname="com.jack.task.Paulweiss" name="run" time="5.267"/>
  <system-out/>
  <testcase classname="com.jack.task.Paulweiss" name="run" time="4.924"/>
  <system-out/>
  <testcase classname="com.jack.task.Paulweiss" name="run" time="5.234"/>
  <system-out/>
  <testcase classname="com.jack.task.Paulweiss" name="run" time="3.955"/>
  <system-out/>
  <testcase classname="com.jack.task.Paulweiss" name="run" time="5.887"/>
  <system-out/>
  <testcase classname="com.jack.task.Paulweiss" name="run" time="4.081"/>
  <system-out/>
  <testcase classname="com.jack.task.Paulweiss" name="run" time="5.755"/>
  <system-out/>
  <testcase classname="com.jack.task.Paulweiss" name="run" time="6.475"/>
  <system-out/>
  <testcase classname="com.jack.task.Paulweiss" name="run" time="6.544"/>
  <system-out/>
  <testcase classname="com.jack.task.Paulweiss" name="run" time="4.976"/>
  <system-out/>
  <testcase classname="com.jack.task.Paulweiss" name="run" time="4.982"/>
  <system-out/>
  <testcase classname="com.jack.task.Paulweiss" name="run" time="6.332"/>
  <system-out/>
  <testcase classname="com.jack.task.Paulweiss" name="run" time="5.043"/>
  <system-out/>
  <testcase classname="com.jack.task.Paulweiss" name="run" time="4.875"/>
  <system-out/>
  <testcase classname="com.jack.task.Paulweiss" name="run" time="4.970"/>
  <system-out/>
  <testcase classname="com.jack.task.Paulweiss" name="run" time="6.893"/>
  <system-out/>
  <testcase classname="com.jack.task.Paulweiss" name="run" time="3.043"/>
  <system-out/>
  <testcase classname="com.jack.task.Paulweiss" name="run" time="4.900"/>
  <system-out/>
  <testcase classname="com.jack.task.Paulweiss" name="run" time="5.347"/>
  <system-out/>
  <testcase classname="com.jack.task.Paulweiss" name="run" time="4.666"/>
  <system-out/>
  <testcase classname="com.jack.task.Paulweiss" name="run" time="8.931"/>
  <system-out/>
  <testcase classname="com.jack.task.Paulweiss" name="run" time="6.202"/>
  <system-out/>
  <testcase classname="com.jack.task.Paulweiss" name="run" time="5.038"/>
  <system-out/>
  <testcase classname="com.jack.task.Paulweiss" name="run" time="5.770"/>
  <system-out/>
  <testcase classname="com.jack.task.Paulweiss" name="run" time="5.449"/>
  <system-out/>
  <testcase classname="com.jack.task.Paulweiss" name="run" time="5.544"/>
  <system-out/>
  <testcase classname="com.jack.task.Paulweiss" name="run" time="6.112"/>
  <system-out/>
  <testcase classname="com.jack.task.Paulweiss" name="run" time="5.733"/>
  <system-out/>
  <testcase classname="com.jack.task.Paulweiss" name="run" time="5.811"/>
  <system-out/>
  <testcase classname="com.jack.task.Paulweiss" name="run" time="4.895"/>
  <system-out/>
  <testcase classname="com.jack.task.Paulweiss" name="run" time="3.367"/>
  <system-out/>
  <testcase classname="com.jack.task.Paulweiss" name="run" time="6.620"/>
  <system-out/>
  <testcase classname="com.jack.task.Paulweiss" name="run" time="5.235"/>
  <system-out/>
  <testcase classname="com.jack.task.Paulweiss" name="run" time="4.797"/>
  <system-out/>
  <testcase classname="com.jack.task.Paulweiss" name="run" time="4.827"/>
  <system-out/>
  <testcase classname="com.jack.task.Paulweiss" name="run" time="5.230"/>
  <system-out/>
  <testcase classname="com.jack.task.Paulweiss" name="run" time="5.003"/>
  <system-out/>
  <testcase classname="com.jack.task.Paulweiss" name="run" time="4.027"/>
  <system-out/>
  <testcase classname="com.jack.task.Paulweiss" name="run" time="7.051"/>
  <system-out/>
  <testcase classname="com.jack.task.Paulweiss" name="run" time="7.398"/>
  <system-out/>
  <testcase classname="com.jack.task.Paulweiss" name="run" time="6.741"/>
  <system-out/>
  <testcase classname="com.jack.task.Paulweiss" name="run" time="5.702"/>
  <system-out/>
  <testcase classname="com.jack.task.Paulweiss" name="run" time="5.401"/>
  <system-out/>
  <testcase classname="com.jack.task.Paulweiss" name="run" time="4.302"/>
  <system-out/>
  <testcase classname="com.jack.task.Paulweiss" name="run" time="5.929"/>
  <system-out/>
  <testcase classname="com.jack.task.Paulweiss" name="run" time="6.292"/>
  <system-out/>
  <testcase classname="com.jack.task.Paulweiss" name="run" time="4.891"/>
  <system-out/>
  <testcase classname="com.jack.task.Paulweiss" name="run" time="6.054"/>
  <system-out/>
  <testcase classname="com.jack.task.Paulweiss" name="run" time="4.757"/>
  <system-out/>
  <testcase classname="com.jack.task.Paulweiss" name="run" time="5.919"/>
  <system-out/>
  <testcase classname="com.jack.task.Paulweiss" name="run" time="5.845"/>
  <system-out/>
  <testcase classname="com.jack.task.Paulweiss" name="run" time="5.986"/>
  <system-out/>
  <testcase classname="com.jack.task.Paulweiss" name="run" time="4.902"/>
  <system-out/>
  <testcase classname="com.jack.task.Paulweiss" name="run" time="5.166"/>
  <system-out/>
  <testcase classname="com.jack.task.Paulweiss" name="run" time="5.937"/>
  <system-out/>
  <testcase classname="com.jack.task.Paulweiss" name="run" time="4.618"/>
  <system-out/>
  <testcase classname="com.jack.task.Paulweiss" name="run" time="4.859"/>
  <system-out/>
  <testcase classname="com.jack.task.Paulweiss" name="run" time="4.847"/>
  <system-out/>
  <testcase classname="com.jack.task.Paulweiss" name="run" time="5.493"/>
  <system-out/>
  <testcase classname="com.jack.task.Paulweiss" name="run" time="3.972"/>
  <system-out/>
  <testcase classname="com.jack.task.Paulweiss" name="run" time="5.162"/>
  <system-out/>
  <testcase classname="com.jack.task.Paulweiss" name="run" time="5.011"/>
  <system-out/>
  <testcase classname="com.jack.task.Paulweiss" name="run" time="4.769"/>
  <system-out/>
  <testcase classname="com.jack.task.Paulweiss" name="run" time="5.473"/>
  <system-out/>
  <testcase classname="com.jack.task.Paulweiss" name="run" time="4.787"/>
  <system-out/>
  <testcase classname="com.jack.task.Paulweiss" name="run" time="4.916"/>
  <system-out/>
  <testcase classname="com.jack.task.Paulweiss" name="run" time="4.655"/>
  <system-out/>
  <testcase classname="com.jack.task.Paulweiss" name="run" time="5.221"/>
  <system-out/>
  <testcase classname="com.jack.task.Paulweiss" name="run" time="5.195"/>
  <system-out/>
  <testcase classname="com.jack.task.Paulweiss" name="run" time="5.192"/>
  <system-out/>
  <testcase classname="com.jack.task.Paulweiss" name="run" time="6.523"/>
  <system-out/>
  <testcase classname="com.jack.task.Paulweiss" name="run" time="5.034"/>
  <system-out/>
  <testcase classname="com.jack.task.Paulweiss" name="run" time="4.116"/>
  <system-out/>
  <testcase classname="com.jack.task.Paulweiss" name="run" time="5.022"/>
  <system-out/>
  <testcase classname="com.jack.task.Paulweiss" name="run" time="5.505"/>
  <system-out/>
  <testcase classname="com.jack.task.Paulweiss" name="run" time="5.589"/>
  <system-out/>
  <testcase classname="com.jack.task.Paulweiss" name="run" time="4.532"/>
  <system-out/>
  <testcase classname="com.jack.task.Paulweiss" name="run" time="6.240"/>
  <system-out/>
  <testcase classname="com.jack.task.Paulweiss" name="run" time="5.292"/>
  <system-out/>
  <testcase classname="com.jack.task.Paulweiss" name="run" time="5.556"/>
  <system-out/>
  <testcase classname="com.jack.task.Paulweiss" name="run" time="5.210"/>
  <system-out/>
  <testcase classname="com.jack.task.Paulweiss" name="run" time="4.710"/>
  <system-out/>
  <testcase classname="com.jack.task.Paulweiss" name="run" time="4.934"/>
  <system-out/>
  <testcase classname="com.jack.task.Paulweiss" name="run" time="4.753"/>
  <system-out/>
  <testcase classname="com.jack.task.Paulweiss" name="run" time="4.984"/>
  <system-out/>
  <testcase classname="com.jack.task.Paulweiss" name="run" time="4.741"/>
  <system-out/>
  <testcase classname="com.jack.task.Paulweiss" name="run" time="5.459"/>
  <system-out/>
  <testcase classname="com.jack.task.Paulweiss" name="run" time="6.503"/>
  <system-out/>
  <testcase classname="com.jack.task.Paulweiss" name="run" time="4.718"/>
  <system-out/>
  <testcase classname="com.jack.task.Paulweiss" name="run" time="4.794"/>
  <system-out/>
  <testcase classname="com.jack.task.Paulweiss" name="run" time="4.650"/>
  <system-out/>
  <testcase classname="com.jack.task.Paulweiss" name="run" time="4.693"/>
  <system-out/>
  <testcase classname="com.jack.task.Paulweiss" name="run" time="4.747"/>
  <system-out/>
  <testcase classname="com.jack.task.Paulweiss" name="run" time="3.627"/>
  <system-out/>
  <testcase classname="com.jack.task.Paulweiss" name="run" time="6.157"/>
  <system-out/>
  <testcase classname="com.jack.task.Paulweiss" name="run" time="5.236"/>
  <system-out/>
  <testcase classname="com.jack.task.Paulweiss" name="run" time="4.817"/>
  <system-out/>
  <testcase classname="com.jack.task.Paulweiss" name="run" time="5.280"/>
  <system-out/>
  <testcase classname="com.jack.task.Paulweiss" name="run" time="5.335"/>
  <system-out/>
  <testcase classname="com.jack.task.Paulweiss" name="run" time="5.933"/>
  <system-out/>
  <testcase classname="com.jack.task.Paulweiss" name="run" time="7.398"/>
  <system-out/>
  <testcase classname="com.jack.task.Paulweiss" name="run" time="5.676"/>
  <system-out/>
  <testcase classname="com.jack.task.Paulweiss" name="run" time="4.683"/>
  <system-out/>
  <testcase classname="com.jack.task.Paulweiss" name="run" time="5.399"/>
  <system-out/>
  <testcase classname="com.jack.task.Paulweiss" name="run" time="5.397"/>
  <system-out/>
  <testcase classname="com.jack.task.Paulweiss" name="run" time="5.652"/>
  <system-out/>
  <testcase classname="com.jack.task.Paulweiss" name="run" time="5.456"/>
  <system-out/>
  <testcase classname="com.jack.task.Paulweiss" name="run" time="4.865"/>
  <system-out/>
  <testcase classname="com.jack.task.Paulweiss" name="run" time="5.171"/>
  <system-out/>
  <testcase classname="com.jack.task.Paulweiss" name="run" time="4.734"/>
  <system-out/>
  <testcase classname="com.jack.task.Paulweiss" name="run" time="5.088"/>
  <system-out/>
  <testcase classname="com.jack.task.Paulweiss" name="run" time="5.931"/>
  <system-out/>
  <testcase classname="com.jack.task.Paulweiss" name="run" time="5.143"/>
  <system-out/>
  <testcase classname="com.jack.task.Paulweiss" name="run" time="5.974"/>
  <system-out/>
  <testcase classname="com.jack.task.Paulweiss" name="run" time="5.101"/>
  <system-out/>
  <testcase classname="com.jack.task.Paulweiss" name="run" time="5.131"/>
  <system-out/>
  <testcase classname="com.jack.task.Paulweiss" name="run" time="4.638"/>
  <system-out/>
  <testcase classname="com.jack.task.Paulweiss" name="run" time="5.147"/>
  <system-out/>
  <testcase classname="com.jack.task.Paulweiss" name="run" time="4.754"/>
  <system-out/>
  <testcase classname="com.jack.task.Paulweiss" name="run" time="5.366"/>
  <system-out/>
  <testcase classname="com.jack.task.Paulweiss" name="run" time="5.440"/>
  <system-out/>
  <testcase classname="com.jack.task.Paulweiss" name="run" time="5.326"/>
  <system-out/>
  <testcase classname="com.jack.task.Paulweiss" name="run" time="6.688"/>
  <system-out/>
  <testcase classname="com.jack.task.Paulweiss" name="run" time="2.766"/>
  <system-out/>
  <testcase classname="com.jack.task.Paulweiss" name="run" time="4.352"/>
  <system-out/>
  <testcase classname="com.jack.task.Paulweiss" name="run" time="4.918"/>
  <system-out/>
  <testcase classname="com.jack.task.Paulweiss" name="run" time="5.190"/>
  <system-out/>
  <testcase classname="com.jack.task.Paulweiss" name="run" time="2.974"/>
  <system-out/>
  <testcase classname="com.jack.task.Paulweiss" name="run" time="5.792"/>
  <system-out/>
  <testcase classname="com.jack.task.Paulweiss" name="run" time="6.205"/>
  <system-out/>
  <testcase classname="com.jack.task.Paulweiss" name="run" time="4.851"/>
  <system-out/>
  <testcase classname="com.jack.task.Paulweiss" name="run" time="5.747"/>
  <system-out/>
  <testcase classname="com.jack.task.Paulweiss" name="run" time="4.505"/>
  <system-out/>
  <testcase classname="com.jack.task.Paulweiss" name="run" time="6.602"/>
  <system-out/>
  <testcase classname="com.jack.task.Paulweiss" name="run" time="4.975"/>
  <system-out/>
  <testcase classname="com.jack.task.Paulweiss" name="run" time="6.062"/>
  <system-out/>
  <testcase classname="com.jack.task.Paulweiss" name="run" time="5.591"/>
  <system-out/>
  <testcase classname="com.jack.task.Paulweiss" name="run" time="6.860"/>
  <system-out/>
  <testcase classname="com.jack.task.Paulweiss" name="run" time="6.714"/>
  <system-out/>
  <testcase classname="com.jack.task.Paulweiss" name="run" time="5.465"/>
  <system-out/>
  <testcase classname="com.jack.task.Paulweiss" name="run" time="5.857"/>
  <system-out/>
  <testcase classname="com.jack.task.Paulweiss" name="run" time="5.155"/>
  <system-out/>
  <testcase classname="com.jack.task.Paulweiss" name="run" time="4.823"/>
  <system-out/>
  <testcase classname="com.jack.task.Paulweiss" name="run" time="3.947"/>
  <system-out/>
  <testcase classname="com.jack.task.Paulweiss" name="run" time="4.935"/>
  <system-out/>
  <testcase classname="com.jack.task.Paulweiss" name="run" time="5.855"/>
  <system-out/>
  <testcase classname="com.jack.task.Paulweiss" name="run" time="5.123"/>
  <system-out/>
  <testcase classname="com.jack.task.Paulweiss" name="run" time="5.602"/>
  <system-out/>
  <testcase classname="com.jack.task.Paulweiss" name="run" time="6.454"/>
  <system-out/>
  <testcase classname="com.jack.task.Paulweiss" name="run" time="5.933"/>
  <system-out/>
  <testcase classname="com.jack.task.Paulweiss" name="run" time="5.005"/>
  <system-out/>
  <testcase classname="com.jack.task.Paulweiss" name="run" time="5.139"/>
  <system-out/>
  <testcase classname="com.jack.task.Paulweiss" name="run" time="6.348"/>
  <system-out/>
  <testcase classname="com.jack.task.Paulweiss" name="run" time="5.221"/>
  <system-out/>
  <testcase classname="com.jack.task.Paulweiss" name="run" time="4.695"/>
  <system-out/>
  <testcase classname="com.jack.task.Paulweiss" name="run" time="5.832"/>
  <system-out/>
  <testcase classname="com.jack.task.Paulweiss" name="run" time="6.029"/>
  <system-out/>
  <testcase classname="com.jack.task.Paulweiss" name="run" time="4.774"/>
  <system-out/>
  <testcase classname="com.jack.task.Paulweiss" name="run" time="5.326"/>
  <system-out/>
  <testcase classname="com.jack.task.Paulweiss" name="run" time="5.526"/>
  <system-out/>
  <testcase classname="com.jack.task.Paulweiss" name="run" time="4.622"/>
  <system-out/>
  <testcase classname="com.jack.task.Paulweiss" name="run" time="4.100"/>
  <system-out/>
  <testcase classname="com.jack.task.Paulweiss" name="run" time="5.649"/>
  <system-out/>
  <testcase classname="com.jack.task.Paulweiss" name="run" time="5.499"/>
  <system-out/>
  <testcase classname="com.jack.task.Paulweiss" name="run" time="7.743"/>
  <system-out/>
  <testcase classname="com.jack.task.Paulweiss" name="run" time="5.815"/>
  <system-out/>
  <testcase classname="com.jack.task.Paulweiss" name="run" time="5.341"/>
  <system-out/>
  <testcase classname="com.jack.task.Paulweiss" name="run" time="4.683"/>
  <system-out/>
  <testcase classname="com.jack.task.Paulweiss" name="run" time="5.103"/>
  <system-out/>
  <testcase classname="com.jack.task.Paulweiss" name="run" time="4.688"/>
  <system-out/>
  <testcase classname="com.jack.task.Paulweiss" name="run" time="4.955"/>
  <system-out/>
  <testcase classname="com.jack.task.Paulweiss" name="run" time="4.804"/>
  <system-out/>
  <testcase classname="com.jack.task.Paulweiss" name="run" time="6.380"/>
  <system-out/>
  <testcase classname="com.jack.task.Paulweiss" name="run" time="3.675"/>
  <system-out/>
  <testcase classname="com.jack.task.Paulweiss" name="run" time="5.079"/>
  <system-out/>
  <testcase classname="com.jack.task.Paulweiss" name="run" time="6.714"/>
  <system-out/>
  <testcase classname="com.jack.task.Paulweiss" name="run" time="5.066"/>
  <system-out/>
  <testcase classname="com.jack.task.Paulweiss" name="run" time="4.655"/>
  <system-out/>
  <testcase classname="com.jack.task.Paulweiss" name="run" time="5.267"/>
  <system-out/>
  <testcase classname="com.jack.task.Paulweiss" name="run" time="5.089"/>
  <system-out/>
  <testcase classname="com.jack.task.Paulweiss" name="run" time="4.632"/>
  <system-out/>
  <testcase classname="com.jack.task.Paulweiss" name="run" time="6.091"/>
  <system-out/>
  <testcase classname="com.jack.task.Paulweiss" name="run" time="4.976"/>
  <system-out/>
  <testcase classname="com.jack.task.Paulweiss" name="run" time="5.825"/>
  <system-out/>
  <testcase classname="com.jack.task.Paulweiss" name="run" time="5.305"/>
  <system-out/>
  <testcase classname="com.jack.task.Paulweiss" name="run" time="7.661"/>
  <system-out/>
  <testcase classname="com.jack.task.Paulweiss" name="run" time="5.082"/>
  <system-out/>
  <testcase classname="com.jack.task.Paulweiss" name="run" time="6.031"/>
  <system-out/>
  <testcase classname="com.jack.task.Paulweiss" name="run" time="5.022"/>
  <system-out/>
  <testcase classname="com.jack.task.Paulweiss" name="run" time="5.310"/>
  <system-out/>
  <testcase classname="com.jack.task.Paulweiss" name="run" time="2.755"/>
  <system-out/>
  <testcase classname="com.jack.task.Paulweiss" name="run" time="7.149"/>
  <system-out/>
  <testcase classname="com.jack.task.Paulweiss" name="run" time="4.870"/>
  <system-out/>
  <testcase classname="com.jack.task.Paulweiss" name="run" time="6.323"/>
  <system-out/>
  <testcase classname="com.jack.task.Paulweiss" name="run" time="5.976"/>
  <system-out/>
  <testcase classname="com.jack.task.Paulweiss" name="run" time="5.416"/>
  <system-out/>
  <testcase classname="com.jack.task.Paulweiss" name="run" time="4.902"/>
  <system-out/>
  <testcase classname="com.jack.task.Paulweiss" name="run" time="4.893"/>
  <system-out/>
  <testcase classname="com.jack.task.Paulweiss" name="run" time="5.427"/>
  <system-out/>
  <testcase classname="com.jack.task.Paulweiss" name="run" time="5.672"/>
  <system-out/>
  <testcase classname="com.jack.task.Paulweiss" name="run" time="4.671"/>
  <system-out/>
  <testcase classname="com.jack.task.Paulweiss" name="run" time="5.992"/>
  <system-out/>
  <testcase classname="com.jack.task.Paulweiss" name="run" time="4.898"/>
  <system-out/>
  <testcase classname="com.jack.task.Paulweiss" name="run" time="5.598"/>
  <system-out/>
  <testcase classname="com.jack.task.Paulweiss" name="run" time="4.536"/>
  <system-out/>
  <testcase classname="com.jack.task.Paulweiss" name="run" time="5.988"/>
  <system-out/>
  <testcase classname="com.jack.task.Paulweiss" name="run" time="3.811"/>
  <system-out/>
  <testcase classname="com.jack.task.Paulweiss" name="run" time="4.662"/>
  <system-out/>
  <testcase classname="com.jack.task.Paulweiss" name="run" time="6.639"/>
  <system-out/>
  <testcase classname="com.jack.task.Paulweiss" name="run" time="4.118"/>
  <system-out/>
  <testcase classname="com.jack.task.Paulweiss" name="run" time="5.385"/>
  <system-out/>
  <testcase classname="com.jack.task.Paulweiss" name="run" time="5.192"/>
  <system-out/>
  <testcase classname="com.jack.task.Paulweiss" name="run" time="4.139"/>
  <system-out/>
  <testcase classname="com.jack.task.Paulweiss" name="run" time="6.108"/>
  <system-out/>
  <testcase classname="com.jack.task.Paulweiss" name="run" time="4.830"/>
  <system-out/>
  <testcase classname="com.jack.task.Paulweiss" name="run" time="4.749"/>
  <system-out/>
  <testcase classname="com.jack.task.Paulweiss" name="run" time="5.715"/>
  <system-out/>
  <testcase classname="com.jack.task.Paulweiss" name="run" time="5.446"/>
  <system-out/>
  <testcase classname="com.jack.task.Paulweiss" name="run" time="5.201"/>
  <system-out/>
  <testcase classname="com.jack.task.Paulweiss" name="run" time="5.306"/>
  <system-out/>
  <testcase classname="com.jack.task.Paulweiss" name="run" time="5.504"/>
  <system-out/>
  <testcase classname="com.jack.task.Paulweiss" name="run" time="4.685"/>
  <system-out/>
  <testcase classname="com.jack.task.Paulweiss" name="run" time="5.367"/>
  <system-out/>
  <testcase classname="com.jack.task.Paulweiss" name="run" time="4.911"/>
  <system-out/>
  <testcase classname="com.jack.task.Paulweiss" name="run" time="6.053"/>
  <system-out/>
  <testcase classname="com.jack.task.Paulweiss" name="run" time="4.680"/>
  <system-out/>
  <testcase classname="com.jack.task.Paulweiss" name="run" time="6.307"/>
  <system-out/>
  <testcase classname="com.jack.task.Paulweiss" name="run" time="5.313"/>
  <system-out/>
  <testcase classname="com.jack.task.Paulweiss" name="run" time="5.823"/>
  <system-out/>
  <testcase classname="com.jack.task.Paulweiss" name="run" time="4.747"/>
  <system-out/>
  <testcase classname="com.jack.task.Paulweiss" name="run" time="5.119"/>
  <system-out/>
  <testcase classname="com.jack.task.Paulweiss" name="run" time="6.925"/>
  <system-out/>
  <testcase classname="com.jack.task.Paulweiss" name="run" time="4.304"/>
  <system-out/>
  <testcase classname="com.jack.task.Paulweiss" name="run" time="6.056"/>
  <system-out/>
  <testcase classname="com.jack.task.Paulweiss" name="run" time="6.198"/>
  <system-out/>
  <testcase classname="com.jack.task.Paulweiss" name="run" time="5.087"/>
  <system-out/>
  <testcase classname="com.jack.task.Paulweiss" name="run" time="5.044"/>
  <system-out/>
  <testcase classname="com.jack.task.Paulweiss" name="run" time="4.758"/>
  <system-out/>
  <testcase classname="com.jack.task.Paulweiss" name="run" time="5.884"/>
  <system-out/>
  <testcase classname="com.jack.task.Paulweiss" name="run" time="5.373"/>
  <system-out/>
  <testcase classname="com.jack.task.Paulweiss" name="run" time="5.844"/>
  <system-out/>
  <testcase classname="com.jack.task.Paulweiss" name="run" time="5.002"/>
  <system-out/>
  <testcase classname="com.jack.task.Paulweiss" name="run" time="5.184"/>
  <system-out/>
  <testcase classname="com.jack.task.Paulweiss" name="run" time="4.638"/>
  <system-out/>
  <testcase classname="com.jack.task.Paulweiss" name="run" time="5.543"/>
  <system-out/>
  <testcase classname="com.jack.task.Paulweiss" name="run" time="5.531"/>
  <system-out/>
  <testcase classname="com.jack.task.Paulweiss" name="run" time="4.500"/>
  <system-out/>
  <testcase classname="com.jack.task.Paulweiss" name="run" time="5.103"/>
  <system-out/>
  <testcase classname="com.jack.task.Paulweiss" name="run" time="6.584"/>
  <system-out/>
  <testcase classname="com.jack.task.Paulweiss" name="run" time="4.734"/>
  <system-out/>
  <testcase classname="com.jack.task.Paulweiss" name="run" time="4.747"/>
  <system-out/>
  <testcase classname="com.jack.task.Paulweiss" name="run" time="5.525"/>
  <system-out/>
  <testcase classname="com.jack.task.Paulweiss" name="run" time="5.167"/>
  <system-out/>
  <testcase classname="com.jack.task.Paulweiss" name="run" time="5.105"/>
  <system-out/>
  <testcase classname="com.jack.task.Paulweiss" name="run" time="5.217"/>
  <system-out/>
  <testcase classname="com.jack.task.Paulweiss" name="run" time="5.019"/>
  <system-out/>
  <testcase classname="com.jack.task.Paulweiss" name="run" time="4.834"/>
  <system-out/>
  <testcase classname="com.jack.task.Paulweiss" name="run" time="5.275"/>
  <system-out/>
  <testcase classname="com.jack.task.Paulweiss" name="run" time="6.304"/>
  <system-out/>
  <testcase classname="com.jack.task.Paulweiss" name="run" time="6.471"/>
  <system-out/>
  <testcase classname="com.jack.task.Paulweiss" name="run" time="4.543"/>
  <system-out/>
  <testcase classname="com.jack.task.Paulweiss" name="run" time="4.042"/>
  <system-out/>
  <testcase classname="com.jack.task.Paulweiss" name="run" time="5.392"/>
  <system-out/>
  <testcase classname="com.jack.task.Paulweiss" name="run" time="5.555"/>
  <system-out/>
  <testcase classname="com.jack.task.Paulweiss" name="run" time="5.559"/>
  <system-out/>
  <testcase classname="com.jack.task.Paulweiss" name="run" time="4.738"/>
  <system-out/>
  <testcase classname="com.jack.task.Paulweiss" name="run" time="4.731"/>
  <system-out/>
  <testcase classname="com.jack.task.Paulweiss" name="run" time="4.053"/>
  <system-out/>
  <testcase classname="com.jack.task.Paulweiss" name="run" time="5.519"/>
  <system-out/>
  <testcase classname="com.jack.task.Paulweiss" name="run" time="5.902"/>
  <system-out/>
  <testcase classname="com.jack.task.Paulweiss" name="run" time="4.954"/>
  <system-out/>
  <testcase classname="com.jack.task.Paulweiss" name="run" time="5.748"/>
  <system-out/>
  <testcase classname="com.jack.task.Paulweiss" name="run" time="5.375"/>
  <system-out/>
  <testcase classname="com.jack.task.Paulweiss" name="run" time="4.846"/>
  <system-out/>
  <testcase classname="com.jack.task.Paulweiss" name="run" time="5.232"/>
  <system-out/>
  <testcase classname="com.jack.task.Paulweiss" name="run" time="5.170"/>
  <system-out/>
  <testcase classname="com.jack.task.Paulweiss" name="run" time="4.698"/>
  <system-out/>
  <testcase classname="com.jack.task.Paulweiss" name="run" time="4.207"/>
  <system-out/>
  <testcase classname="com.jack.task.Paulweiss" name="run" time="5.265"/>
  <system-out/>
  <testcase classname="com.jack.task.Paulweiss" name="run" time="3.647"/>
  <system-out/>
  <testcase classname="com.jack.task.Paulweiss" name="run" time="4.984"/>
  <system-out/>
  <testcase classname="com.jack.task.Paulweiss" name="run" time="5.333"/>
  <system-out/>
  <testcase classname="com.jack.task.Paulweiss" name="run" time="5.899"/>
  <system-out/>
  <testcase classname="com.jack.task.Paulweiss" name="run" time="6.554"/>
  <system-out/>
  <testcase classname="com.jack.task.Paulweiss" name="run" time="4.757"/>
  <system-out/>
  <testcase classname="com.jack.task.Paulweiss" name="run" time="5.116"/>
  <system-out/>
  <testcase classname="com.jack.task.Paulweiss" name="run" time="4.699"/>
  <system-out/>
  <testcase classname="com.jack.task.Paulweiss" name="run" time="6.467"/>
  <system-out/>
  <testcase classname="com.jack.task.Paulweiss" name="run" time="5.672"/>
  <system-out/>
  <testcase classname="com.jack.task.Paulweiss" name="run" time="4.658"/>
  <system-out/>
  <testcase classname="com.jack.task.Paulweiss" name="run" time="5.305"/>
  <system-out/>
  <testcase classname="com.jack.task.Paulweiss" name="run" time="6.021"/>
  <system-out/>
  <testcase classname="com.jack.task.Paulweiss" name="run" time="6.097"/>
  <system-out/>
  <testcase classname="com.jack.task.Paulweiss" name="run" time="4.746"/>
  <system-out/>
  <testcase classname="com.jack.task.Paulweiss" name="run" time="4.720"/>
  <system-out/>
  <testcase classname="com.jack.task.Paulweiss" name="run" time="4.902"/>
  <system-out/>
  <testcase classname="com.jack.task.Paulweiss" name="run" time="4.853"/>
  <system-out/>
  <testcase classname="com.jack.task.Paulweiss" name="run" time="4.654"/>
  <system-out/>
  <testcase classname="com.jack.task.Paulweiss" name="run" time="5.176"/>
  <system-out/>
  <testcase classname="com.jack.task.Paulweiss" name="run" time="5.081"/>
  <system-out/>
  <testcase classname="com.jack.task.Paulweiss" name="run" time="5.148"/>
  <system-out/>
  <testcase classname="com.jack.task.Paulweiss" name="run" time="5.194"/>
  <system-out/>
  <testcase classname="com.jack.task.Paulweiss" name="run" time="4.707"/>
  <system-out/>
  <testcase classname="com.jack.task.Paulweiss" name="run" time="6.871"/>
  <system-out/>
  <testcase classname="com.jack.task.Paulweiss" name="run" time="6.175"/>
  <system-out/>
  <testcase classname="com.jack.task.Paulweiss" name="run" time="5.304"/>
  <system-out/>
  <testcase classname="com.jack.task.Paulweiss" name="run" time="5.138"/>
  <system-out/>
  <testcase classname="com.jack.task.Paulweiss" name="run" time="5.130"/>
  <system-out/>
  <testcase classname="com.jack.task.Paulweiss" name="run" time="5.322"/>
  <system-out/>
  <testcase classname="com.jack.task.Paulweiss" name="run" time="5.278"/>
  <system-out/>
  <testcase classname="com.jack.task.Paulweiss" name="run" time="5.019"/>
  <system-out/>
  <testcase classname="com.jack.task.Paulweiss" name="run" time="6.427"/>
  <system-out/>
  <testcase classname="com.jack.task.Paulweiss" name="run" time="5.041"/>
  <system-out/>
  <testcase classname="com.jack.task.Paulweiss" name="run" time="4.471"/>
  <system-out/>
  <testcase classname="com.jack.task.Paulweiss" name="run" time="5.527"/>
  <system-out/>
  <testcase classname="com.jack.task.Paulweiss" name="run" time="5.449"/>
  <system-out/>
  <testcase classname="com.jack.task.Paulweiss" name="run" time="4.599"/>
  <system-out/>
  <testcase classname="com.jack.task.Paulweiss" name="run" time="6.001"/>
  <system-out/>
  <testcase classname="com.jack.task.Paulweiss" name="run" time="6.075"/>
  <system-out/>
  <testcase classname="com.jack.task.Paulweiss" name="run" time="5.406"/>
  <system-out/>
  <testcase classname="com.jack.task.Paulweiss" name="run" time="6.327"/>
  <system-out/>
  <testcase classname="com.jack.task.Paulweiss" name="run" time="4.699"/>
  <system-out/>
  <testcase classname="com.jack.task.Paulweiss" name="run" time="5.254"/>
  <system-out/>
  <testcase classname="com.jack.task.Paulweiss" name="run" time="4.393"/>
  <system-out/>
  <testcase classname="com.jack.task.Paulweiss" name="run" time="5.359"/>
  <system-out/>
  <testcase classname="com.jack.task.Paulweiss" name="run" time="4.874"/>
  <system-out/>
  <testcase classname="com.jack.task.Paulweiss" name="run" time="4.931"/>
  <system-out/>
  <testcase classname="com.jack.task.Paulweiss" name="run" time="5.142"/>
  <system-out/>
  <testcase classname="com.jack.task.Paulweiss" name="run" time="5.174"/>
  <system-out/>
  <testcase classname="com.jack.task.Paulweiss" name="run" time="5.348"/>
  <system-out/>
  <testcase classname="com.jack.task.Paulweiss" name="run" time="4.390"/>
  <system-out/>
  <testcase classname="com.jack.task.Paulweiss" name="run" time="4.599"/>
  <system-out/>
  <testcase classname="com.jack.task.Paulweiss" name="run" time="6.754"/>
  <system-out/>
  <testcase classname="com.jack.task.Paulweiss" name="run" time="4.942"/>
  <system-out/>
  <testcase classname="com.jack.task.Paulweiss" name="run" time="4.840"/>
  <system-out/>
  <testcase classname="com.jack.task.Paulweiss" name="run" time="4.687"/>
  <system-out/>
  <testcase classname="com.jack.task.Paulweiss" name="run" time="5.911"/>
  <system-out/>
  <testcase classname="com.jack.task.Paulweiss" name="run" time="3.614"/>
  <system-out/>
  <testcase classname="com.jack.task.Paulweiss" name="run" time="6.199"/>
  <system-out/>
  <testcase classname="com.jack.task.Paulweiss" name="run" time="4.698"/>
  <system-out/>
  <testcase classname="com.jack.task.Paulweiss" name="run" time="4.600"/>
  <system-out/>
  <testcase classname="com.jack.task.Paulweiss" name="run" time="5.651"/>
  <system-out/>
  <testcase classname="com.jack.task.Paulweiss" name="run" time="4.120"/>
  <system-out/>
  <testcase classname="com.jack.task.Paulweiss" name="run" time="5.977"/>
  <system-out/>
  <testcase classname="com.jack.task.Paulweiss" name="run" time="5.044"/>
  <system-out/>
  <testcase classname="com.jack.task.Paulweiss" name="run" time="5.901"/>
  <system-out/>
  <testcase classname="com.jack.task.Paulweiss" name="run" time="4.725"/>
  <system-out/>
  <testcase classname="com.jack.task.Paulweiss" name="run" time="4.812"/>
  <system-out/>
  <testcase classname="com.jack.task.Paulweiss" name="run" time="5.117"/>
  <system-out/>
  <testcase classname="com.jack.task.Paulweiss" name="run" time="4.765"/>
  <system-out/>
  <testcase classname="com.jack.task.Paulweiss" name="run" time="5.455"/>
  <system-out/>
  <testcase classname="com.jack.task.Paulweiss" name="run" time="5.465"/>
  <system-out/>
  <testcase classname="com.jack.task.Paulweiss" name="run" time="4.961"/>
  <system-out/>
  <testcase classname="com.jack.task.Paulweiss" name="run" time="6.457"/>
  <system-out/>
  <testcase classname="com.jack.task.Paulweiss" name="run" time="5.091"/>
  <system-out/>
  <testcase classname="com.jack.task.Paulweiss" name="run" time="4.884"/>
  <system-out/>
  <testcase classname="com.jack.task.Paulweiss" name="run" time="5.539"/>
  <system-out/>
  <testcase classname="com.jack.task.Paulweiss" name="run" time="5.069"/>
  <system-out/>
  <testcase classname="com.jack.task.Paulweiss" name="run" time="5.245"/>
  <system-out/>
  <testcase classname="com.jack.task.Paulweiss" name="run" time="4.763"/>
  <system-out/>
  <testcase classname="com.jack.task.Paulweiss" name="run" time="4.921"/>
  <system-out/>
  <testcase classname="com.jack.task.Paulweiss" name="run" time="4.904"/>
  <system-out/>
  <testcase classname="com.jack.task.Paulweiss" name="run" time="5.771"/>
  <system-out/>
  <testcase classname="com.jack.task.Paulweiss" name="run" time="6.497"/>
  <system-out/>
  <testcase classname="com.jack.task.Paulweiss" name="run" time="5.809"/>
  <system-out/>
  <testcase classname="com.jack.task.Paulweiss" name="run" time="4.370"/>
  <system-out/>
  <testcase classname="com.jack.task.Paulweiss" name="run" time="5.356"/>
  <system-out/>
  <testcase classname="com.jack.task.Paulweiss" name="run" time="4.699"/>
  <system-out/>
  <testcase classname="com.jack.task.Paulweiss" name="run" time="6.224"/>
  <system-out/>
  <testcase classname="com.jack.task.Paulweiss" name="run" time="5.290"/>
  <system-out/>
  <testcase classname="com.jack.task.Paulweiss" name="run" time="5.145"/>
  <system-out/>
  <testcase classname="com.jack.task.Paulweiss" name="run" time="5.125"/>
  <system-out/>
  <testcase classname="com.jack.task.Paulweiss" name="run" time="5.191"/>
  <system-out/>
  <testcase classname="com.jack.task.Paulweiss" name="run" time="5.805"/>
  <system-out/>
  <testcase classname="com.jack.task.Paulweiss" name="run" time="6.228"/>
  <system-out/>
  <testcase classname="com.jack.task.Paulweiss" name="run" time="5.314"/>
  <system-out/>
  <testcase classname="com.jack.task.Paulweiss" name="run" time="6.592"/>
  <system-out/>
  <testcase classname="com.jack.task.Paulweiss" name="run" time="4.971"/>
  <system-out/>
  <testcase classname="com.jack.task.Paulweiss" name="run" time="5.082"/>
  <system-out/>
  <testcase classname="com.jack.task.Paulweiss" name="run" time="6.109"/>
  <system-out/>
  <testcase classname="com.jack.task.Paulweiss" name="run" time="4.868"/>
  <system-out/>
  <testcase classname="com.jack.task.Paulweiss" name="run" time="4.769"/>
  <system-out/>
  <testcase classname="com.jack.task.Paulweiss" name="run" time="4.939"/>
  <system-out/>
  <testcase classname="com.jack.task.Paulweiss" name="run" time="5.194"/>
  <system-out/>
  <testcase classname="com.jack.task.Paulweiss" name="run" time="4.851"/>
  <system-out/>
  <testcase classname="com.jack.task.Paulweiss" name="run" time="5.594"/>
  <system-out/>
  <testcase classname="com.jack.task.Paulweiss" name="run" time="5.035"/>
  <system-out/>
  <testcase classname="com.jack.task.Paulweiss" name="run" time="6.424"/>
  <system-out/>
  <testcase classname="com.jack.task.Paulweiss" name="run" time="4.934"/>
  <system-out/>
  <testcase classname="com.jack.task.Paulweiss" name="run" time="4.413"/>
  <system-out/>
  <testcase classname="com.jack.task.Paulweiss" name="run" time="5.749"/>
  <system-out/>
  <testcase classname="com.jack.task.Paulweiss" name="run" time="5.180"/>
  <system-out/>
  <testcase classname="com.jack.task.Paulweiss" name="run" time="4.642"/>
  <system-out/>
  <testcase classname="com.jack.task.Paulweiss" name="run" time="5.587"/>
  <system-out/>
  <testcase classname="com.jack.task.Paulweiss" name="run" time="5.161"/>
  <system-out/>
  <testcase classname="com.jack.task.Paulweiss" name="run" time="4.999"/>
  <system-out/>
  <testcase classname="com.jack.task.Paulweiss" name="run" time="6.175"/>
  <system-out/>
  <testcase classname="com.jack.task.Paulweiss" name="run" time="6.907"/>
  <system-out/>
  <testcase classname="com.jack.task.Paulweiss" name="run" time="6.991"/>
  <system-out/>
  <testcase classname="com.jack.task.Paulweiss" name="run" time="4.815"/>
  <system-out/>
  <testcase classname="com.jack.task.Paulweiss" name="run" time="4.878"/>
  <system-out/>
  <testcase classname="com.jack.task.Paulweiss" name="run" time="5.505"/>
  <system-out/>
  <testcase classname="com.jack.task.Paulweiss" name="run" time="5.324"/>
  <system-out/>
  <testcase classname="com.jack.task.Paulweiss" name="run" time="6.679"/>
  <system-out/>
  <testcase classname="com.jack.task.Paulweiss" name="run" time="5.407"/>
  <system-out/>
  <testcase classname="com.jack.task.Paulweiss" name="run" time="4.954"/>
  <system-out/>
  <testcase classname="com.jack.task.Paulweiss" name="run" time="4.823"/>
  <system-out/>
  <testcase classname="com.jack.task.Paulweiss" name="run" time="6.500"/>
  <system-out/>
  <testcase classname="com.jack.task.Paulweiss" name="run" time="6.586"/>
  <system-out/>
  <testcase classname="com.jack.task.Paulweiss" name="run" time="4.746"/>
  <system-out/>
  <testcase classname="com.jack.task.Paulweiss" name="run" time="4.981"/>
  <system-out/>
  <testcase classname="com.jack.task.Paulweiss" name="run" time="3.458"/>
  <system-out/>
  <testcase classname="com.jack.task.Paulweiss" name="run" time="5.407"/>
  <system-out/>
  <testcase classname="com.jack.task.Paulweiss" name="run" time="6.709"/>
  <system-out/>
  <testcase classname="com.jack.task.Paulweiss" name="run" time="4.698"/>
  <system-out/>
  <testcase classname="com.jack.task.Paulweiss" name="run" time="4.754"/>
  <system-out/>
  <testcase classname="com.jack.task.Paulweiss" name="run" time="5.333"/>
  <system-out/>
  <testcase classname="com.jack.task.Paulweiss" name="run" time="6.977"/>
  <system-out/>
  <testcase classname="com.jack.task.Paulweiss" name="run" time="4.614"/>
  <system-out/>
  <testcase classname="com.jack.task.Paulweiss" name="run" time="4.798"/>
  <system-out/>
  <testcase classname="com.jack.task.Paulweiss" name="run" time="4.741"/>
  <system-out/>
  <testcase classname="com.jack.task.Paulweiss" name="run" time="4.802"/>
  <system-out/>
  <testcase classname="com.jack.task.Paulweiss" name="run" time="5.695"/>
  <system-out/>
  <testcase classname="com.jack.task.Paulweiss" name="run" time="6.176"/>
  <system-out/>
  <testcase classname="com.jack.task.Paulweiss" name="run" time="4.999"/>
  <system-out/>
  <testcase classname="com.jack.task.Paulweiss" name="run" time="5.784"/>
  <system-out/>
  <testcase classname="com.jack.task.Paulweiss" name="run" time="5.017"/>
  <system-out/>
  <testcase classname="com.jack.task.Paulweiss" name="run" time="4.973"/>
  <system-out/>
  <testcase classname="com.jack.task.Paulweiss" name="run" time="4.954"/>
  <system-out/>
  <testcase classname="com.jack.task.Paulweiss" name="run" time="5.214"/>
  <system-out/>
  <testcase classname="com.jack.task.Paulweiss" name="run" time="5.377"/>
  <system-out/>
  <testcase classname="com.jack.task.Paulweiss" name="run" time="4.990"/>
  <system-out/>
  <testcase classname="com.jack.task.Paulweiss" name="run" time="4.685"/>
  <system-out/>
  <testcase classname="com.jack.task.Paulweiss" name="run" time="4.574"/>
  <system-out/>
  <testcase classname="com.jack.task.Paulweiss" name="run" time="4.416"/>
  <system-out/>
  <testcase classname="com.jack.task.Paulweiss" name="run" time="6.186"/>
  <system-out/>
  <testcase classname="com.jack.task.Paulweiss" name="run" time="2.465"/>
  <system-out/>
  <testcase classname="com.jack.task.Paulweiss" name="run" time="5.340"/>
  <system-out/>
  <testcase classname="com.jack.task.Paulweiss" name="run" time="4.818"/>
  <system-out/>
  <testcase classname="com.jack.task.Paulweiss" name="run" time="3.644"/>
  <system-out/>
  <testcase classname="com.jack.task.Paulweiss" name="run" time="6.435"/>
  <system-out/>
  <testcase classname="com.jack.task.Paulweiss" name="run" time="6.819"/>
  <system-out/>
  <testcase classname="com.jack.task.Paulweiss" name="run" time="6.442"/>
  <system-out/>
  <testcase classname="com.jack.task.Paulweiss" name="run" time="5.089"/>
  <system-out/>
  <testcase classname="com.jack.task.Paulweiss" name="run" time="5.159"/>
  <system-out/>
  <testcase classname="com.jack.task.Paulweiss" name="run" time="5.432"/>
  <system-out/>
  <testcase classname="com.jack.task.Paulweiss" name="run" time="5.712"/>
  <system-out/>
  <testcase classname="com.jack.task.Paulweiss" name="run" time="4.688"/>
  <system-out/>
  <testcase classname="com.jack.task.Paulweiss" name="run" time="5.005"/>
  <system-out/>
  <testcase classname="com.jack.task.Paulweiss" name="run" time="5.403"/>
  <system-out/>
  <testcase classname="com.jack.task.Paulweiss" name="run" time="4.798"/>
  <system-out/>
  <testcase classname="com.jack.task.Paulweiss" name="run" time="5.987"/>
  <system-out/>
  <testcase classname="com.jack.task.Paulweiss" name="run" time="6.922"/>
  <system-out/>
  <testcase classname="com.jack.task.Paulweiss" name="run" time="5.333"/>
  <system-out/>
  <testcase classname="com.jack.task.Paulweiss" name="run" time="4.723"/>
  <system-out/>
  <testcase classname="com.jack.task.Paulweiss" name="run" time="4.748"/>
  <system-out/>
  <testcase classname="com.jack.task.Paulweiss" name="run" time="6.146"/>
  <system-out/>
  <testcase classname="com.jack.task.Paulweiss" name="run" time="5.346"/>
  <system-out/>
  <testcase classname="com.jack.task.Paulweiss" name="run" time="4.761"/>
  <system-out/>
  <testcase classname="com.jack.task.Paulweiss" name="run" time="4.471"/>
  <system-out/>
  <testcase classname="com.jack.task.Paulweiss" name="run" time="5.640"/>
  <system-out/>
  <testcase classname="com.jack.task.Paulweiss" name="run" time="6.142"/>
  <system-out/>
  <testcase classname="com.jack.task.Paulweiss" name="run" time="5.183"/>
  <system-out/>
  <testcase classname="com.jack.task.Paulweiss" name="run" time="7.190"/>
  <system-out/>
  <testcase classname="com.jack.task.Paulweiss" name="run" time="6.190"/>
  <system-out/>
  <testcase classname="com.jack.task.Paulweiss" name="run" time="4.720"/>
  <system-out/>
  <testcase classname="com.jack.task.Paulweiss" name="run" time="5.463"/>
  <system-out/>
  <testcase classname="com.jack.task.Paulweiss" name="run" time="4.477"/>
  <system-out/>
  <testcase classname="com.jack.task.Paulweiss" name="run" time="4.597"/>
  <system-out/>
  <testcase classname="com.jack.task.Paulweiss" name="run" time="4.557"/>
  <system-out/>
  <testcase classname="com.jack.task.Paulweiss" name="run" time="5.573"/>
  <system-out/>
  <testcase classname="com.jack.task.Paulweiss" name="run" time="6.724"/>
  <system-out/>
  <testcase classname="com.jack.task.Paulweiss" name="run" time="5.119"/>
  <system-out/>
  <testcase classname="com.jack.task.Paulweiss" name="run" time="4.661"/>
  <system-out/>
  <testcase classname="com.jack.task.Paulweiss" name="run" time="5.496"/>
  <system-out/>
  <testcase classname="com.jack.task.Paulweiss" name="run" time="4.813"/>
  <system-out/>
  <testcase classname="com.jack.task.Paulweiss" name="run" time="4.648"/>
  <system-out/>
  <testcase classname="com.jack.task.Paulweiss" name="run" time="5.451"/>
  <system-out/>
  <testcase classname="com.jack.task.Paulweiss" name="run" time="6.566"/>
  <system-out/>
  <testcase classname="com.jack.task.Paulweiss" name="run" time="5.934"/>
  <system-out/>
  <testcase classname="com.jack.task.Paulweiss" name="run" time="4.349"/>
  <system-out/>
  <testcase classname="com.jack.task.Paulweiss" name="run" time="4.953"/>
  <system-out/>
  <testcase classname="com.jack.task.Paulweiss" name="run" time="5.111"/>
  <system-out/>
  <testcase classname="com.jack.task.Paulweiss" name="run" time="5.985"/>
  <system-out/>
  <testcase classname="com.jack.task.Paulweiss" name="run" time="5.178"/>
  <system-out/>
  <testcase classname="com.jack.task.Paulweiss" name="run" time="6.106"/>
  <system-out/>
  <testcase classname="com.jack.task.Paulweiss" name="run" time="6.690"/>
  <system-out/>
  <testcase classname="com.jack.task.Paulweiss" name="run" time="5.033"/>
  <system-out/>
  <testcase classname="com.jack.task.Paulweiss" name="run" time="5.137"/>
  <system-out/>
  <testcase classname="com.jack.task.Paulweiss" name="run" time="4.715"/>
  <system-out/>
  <testcase classname="com.jack.task.Paulweiss" name="run" time="5.039"/>
  <system-out/>
  <testcase classname="com.jack.task.Paulweiss" name="run" time="4.774"/>
  <system-out/>
  <testcase classname="com.jack.task.Paulweiss" name="run" time="4.079"/>
  <system-out/>
  <testcase classname="com.jack.task.Paulweiss" name="run" time="5.321"/>
  <system-out/>
  <testcase classname="com.jack.task.Paulweiss" name="run" time="5.779"/>
  <system-out/>
  <testcase classname="com.jack.task.Paulweiss" name="run" time="5.033"/>
  <system-out/>
  <testcase classname="com.jack.task.Paulweiss" name="run" time="4.888"/>
  <system-out/>
  <testcase classname="com.jack.task.Paulweiss" name="run" time="5.387"/>
  <system-out/>
  <testcase classname="com.jack.task.Paulweiss" name="run" time="3.831"/>
  <system-out/>
  <testcase classname="com.jack.task.Paulweiss" name="run" time="4.626"/>
  <system-out/>
  <testcase classname="com.jack.task.Paulweiss" name="run" time="6.030"/>
  <system-out/>
  <testcase classname="com.jack.task.Paulweiss" name="run" time="2.557"/>
  <system-out/>
  <testcase classname="com.jack.task.Paulweiss" name="run" time="7.266"/>
  <system-out/>
  <testcase classname="com.jack.task.Paulweiss" name="run" time="6.328"/>
  <system-out/>
  <testcase classname="com.jack.task.Paulweiss" name="run" time="4.629"/>
  <system-out/>
  <testcase classname="com.jack.task.Paulweiss" name="run" time="5.277"/>
  <system-out/>
  <testcase classname="com.jack.task.Paulweiss" name="run" time="5.607"/>
  <system-out/>
  <testcase classname="com.jack.task.Paulweiss" name="run" time="7.592"/>
  <system-out/>
  <testcase classname="com.jack.task.Paulweiss" name="run" time="4.719"/>
  <system-out/>
  <testcase classname="com.jack.task.Paulweiss" name="run" time="6.237"/>
  <system-out/>
  <testcase classname="com.jack.task.Paulweiss" name="run" time="5.505"/>
  <system-out/>
  <testcase classname="com.jack.task.Paulweiss" name="run" time="4.411"/>
  <system-out/>
  <testcase classname="com.jack.task.Paulweiss" name="run" time="4.606"/>
  <system-out/>
  <testcase classname="com.jack.task.Paulweiss" name="run" time="5.585"/>
  <system-out/>
  <testcase classname="com.jack.task.Paulweiss" name="run" time="5.548"/>
  <system-out/>
  <testcase classname="com.jack.task.Paulweiss" name="run" time="6.684"/>
  <system-out/>
  <testcase classname="com.jack.task.Paulweiss" name="run" time="5.531"/>
  <system-out/>
  <testcase classname="com.jack.task.Paulweiss" name="run" time="5.226"/>
  <system-out/>
  <testcase classname="com.jack.task.Paulweiss" name="run" time="5.529"/>
  <system-out/>
  <testcase classname="com.jack.task.Paulweiss" name="run" time="5.789"/>
  <system-out/>
  <testcase classname="com.jack.task.Paulweiss" name="run" time="5.563"/>
  <system-out/>
  <testcase classname="com.jack.task.Paulweiss" name="run" time="4.779"/>
  <system-out/>
  <testcase classname="com.jack.task.Paulweiss" name="run" time="5.924"/>
  <system-out/>
  <testcase classname="com.jack.task.Paulweiss" name="run" time="6.052"/>
  <system-out/>
  <testcase classname="com.jack.task.Paulweiss" name="run" time="4.849"/>
  <system-out/>
  <testcase classname="com.jack.task.Paulweiss" name="run" time="5.931"/>
  <system-out/>
  <testcase classname="com.jack.task.Paulweiss" name="run" time="5.713"/>
  <system-out/>
  <testcase classname="com.jack.task.Paulweiss" name="run" time="4.856"/>
  <system-out/>
  <testcase classname="com.jack.task.Paulweiss" name="run" time="5.062"/>
  <system-out/>
  <testcase classname="com.jack.task.Paulweiss" name="run" time="5.791"/>
  <system-out/>
  <testcase classname="com.jack.task.Paulweiss" name="run" time="4.920"/>
  <system-out/>
  <testcase classname="com.jack.task.Paulweiss" name="run" time="5.985"/>
  <system-out/>
  <testcase classname="com.jack.task.Paulweiss" name="run" time="5.021"/>
  <system-out/>
  <testcase classname="com.jack.task.Paulweiss" name="run" time="6.158"/>
  <system-out/>
  <testcase classname="com.jack.task.Paulweiss" name="run" time="4.858"/>
  <system-out/>
  <testcase classname="com.jack.task.Paulweiss" name="run" time="5.117"/>
  <system-out/>
  <testcase classname="com.jack.task.Paulweiss" name="run" time="5.974"/>
  <system-out/>
  <testcase classname="com.jack.task.Paulweiss" name="run" time="302.463">
    <error message="Expected condition failed: waiting for visibility of element located by By.xpath: //h1[@class=&#039;breadcrumb bioBreadcrumb&#039;] (tried for 300 second(s) with 500 milliseconds interval)
Build info: version: &#039;4.7.0&#039;, revision: &#039;0a5b49d16f&#039;
System info: os.name: &#039;Windows 10&#039;, os.arch: &#039;amd64&#039;, os.version: &#039;10.0&#039;, java.version: &#039;11.0.16.1&#039;
Driver info: org.openqa.selenium.chrome.ChromeDriver
Capabilities {acceptInsecureCerts: false, browserName: chrome, browserVersion: 108.0.5359.125, chrome: {chromedriverVersion: 108.0.5359.22 (ec46c90f5938...}, goog:chromeOptions: {debuggerAddress: localhost:8050}, pageLoadStrategy: normal, platformName: ANY, proxy: Proxy(), se:cdp: ws://localhost:8050/devtool..., se:cdpVersion: 108.0.5359.125, setWindowRect: false, strictFileInteractability: false, timeouts: {implicit: 0, pageLoad: 300000, script: 30000}, unhandledPromptBehavior: dismiss and notify, webauthn:extension:credBlob: true, webauthn:extension:largeBlob: true, webauthn:virtualAuthenticators: true}
Session ID: 8049e199a1e628dda3aa7f01445ffdb2" type="org.openqa.selenium.TimeoutException">
      <![CDATA[org.openqa.selenium.TimeoutException: Expected condition failed: waiting for visibility of element located by By.xpath: //h1[@class='breadcrumb bioBreadcrumb'] (tried for 300 second(s) with 500 milliseconds interval)
Build info: version: '4.7.0', revision: '0a5b49d16f'
System info: os.name: 'Windows 10', os.arch: 'amd64', os.version: '10.0', java.version: '11.0.16.1'
Driver info: org.openqa.selenium.chrome.ChromeDriver
Capabilities {acceptInsecureCerts: false, browserName: chrome, browserVersion: 108.0.5359.125, chrome: {chromedriverVersion: 108.0.5359.22 (ec46c90f5938...}, goog:chromeOptions: {debuggerAddress: localhost:8050}, pageLoadStrategy: normal, platformName: ANY, proxy: Proxy(), se:cdp: ws://localhost:8050/devtool..., se:cdpVersion: 108.0.5359.125, setWindowRect: false, strictFileInteractability: false, timeouts: {implicit: 0, pageLoad: 300000, script: 30000}, unhandledPromptBehavior: dismiss and notify, webauthn:extension:credBlob: true, webauthn:extension:largeBlob: true, webauthn:virtualAuthenticators: true}
Session ID: 8049e199a1e628dda3aa7f01445ffdb2
at org.openqa.selenium.support.ui.WebDriverWait.timeoutException(WebDriverWait.java:87)
at org.openqa.selenium.support.ui.FluentWait.until(FluentWait.java:231)
at com.jack.task.Paulweiss.run(Paulweiss.java:96)
at jdk.internal.reflect.GeneratedMethodAccessor1.invoke(Unknown Source)
at java.base/jdk.internal.reflect.DelegatingMethodAccessorImpl.invoke(DelegatingMethodAccessorImpl.java:43)
at java.base/java.lang.reflect.Method.invoke(Method.java:566)
at org.testng.internal.invokers.MethodInvocationHelper.invokeMethod(MethodInvocationHelper.java:139)
at org.testng.internal.invokers.TestInvoker.invokeMethod(TestInvoker.java:677)
at org.testng.internal.invokers.TestInvoker.invokeTestMethod(TestInvoker.java:221)
at org.testng.internal.invokers.MethodRunner.runInSequence(MethodRunner.java:50)
at org.testng.internal.invokers.TestInvoker$MethodInvocationAgent.invoke(TestInvoker.java:962)
at org.testng.internal.invokers.TestInvoker.invokeTestMethods(TestInvoker.java:194)
at org.testng.internal.invokers.TestMethodWorker.invokeTestMethods(TestMethodWorker.java:148)
at org.testng.internal.invokers.TestMethodWorker.run(TestMethodWorker.java:128)
at java.base/java.util.ArrayList.forEach(ArrayList.java:1541)
at org.testng.TestRunner.privateRun(TestRunner.java:806)
at org.testng.TestRunner.run(TestRunner.java:601)
at org.testng.SuiteRunner.runTest(SuiteRunner.java:433)
at org.testng.SuiteRunner.runSequentially(SuiteRunner.java:427)
at org.testng.SuiteRunner.privateRun(SuiteRunner.java:387)
at org.testng.SuiteRunner.run(SuiteRunner.java:330)
at org.testng.SuiteRunnerWorker.runSuite(SuiteRunnerWorker.java:52)
at org.testng.SuiteRunnerWorker.run(SuiteRunnerWorker.java:95)
at org.testng.TestNG.runSuitesSequentially(TestNG.java:1256)
at org.testng.TestNG.runSuitesLocally(TestNG.java:1176)
at org.testng.TestNG.runSuites(TestNG.java:1099)
at org.testng.TestNG.run(TestNG.java:1067)
at org.testng.remote.AbstractRemoteTestNG.run(AbstractRemoteTestNG.java:115)
at org.testng.remote.RemoteTestNG.initAndRun(RemoteTestNG.java:251)
at org.testng.remote.RemoteTestNG.main(RemoteTestNG.java:77)
]]>
    </error>
  </testcase> <!-- run -->
  <system-out/>
  <testcase classname="com.jack.task.Paulweiss" name="run" time="6.028"/>
  <system-out/>
  <testcase classname="com.jack.task.Paulweiss" name="run" time="4.984"/>
  <system-out/>
  <testcase classname="com.jack.task.Paulweiss" name="run" time="4.584"/>
  <system-out/>
  <testcase classname="com.jack.task.Paulweiss" name="run" time="7.052"/>
  <system-out/>
  <testcase classname="com.jack.task.Paulweiss" name="run" time="6.363"/>
  <system-out/>
  <testcase classname="com.jack.task.Paulweiss" name="run" time="4.852"/>
  <system-out/>
  <testcase classname="com.jack.task.Paulweiss" name="run" time="5.815"/>
  <system-out/>
  <testcase classname="com.jack.task.Paulweiss" name="run" time="5.111"/>
  <system-out/>
  <testcase classname="com.jack.task.Paulweiss" name="run" time="5.433"/>
  <system-out/>
  <testcase classname="com.jack.task.Paulweiss" name="run" time="5.249"/>
  <system-out/>
  <testcase classname="com.jack.task.Paulweiss" name="run" time="4.965"/>
  <system-out/>
  <testcase classname="com.jack.task.Paulweiss" name="run" time="5.956"/>
  <system-out/>
  <testcase classname="com.jack.task.Paulweiss" name="run" time="5.248"/>
  <system-out/>
  <testcase classname="com.jack.task.Paulweiss" name="run" time="5.216"/>
  <system-out/>
  <testcase classname="com.jack.task.Paulweiss" name="run" time="4.739"/>
  <system-out/>
  <testcase classname="com.jack.task.Paulweiss" name="run" time="5.180"/>
  <system-out/>
  <testcase classname="com.jack.task.Paulweiss" name="run" time="5.171"/>
  <system-out/>
  <testcase classname="com.jack.task.Paulweiss" name="run" time="5.019"/>
  <system-out/>
  <testcase classname="com.jack.task.Paulweiss" name="run" time="5.169"/>
  <system-out/>
  <testcase classname="com.jack.task.Paulweiss" name="run" time="4.697"/>
  <system-out/>
  <testcase classname="com.jack.task.Paulweiss" name="run" time="5.184"/>
  <system-out/>
  <testcase classname="com.jack.task.Paulweiss" name="run" time="4.359"/>
  <system-out/>
  <testcase classname="com.jack.task.Paulweiss" name="run" time="4.701"/>
  <system-out/>
  <testcase classname="com.jack.task.Paulweiss" name="run" time="5.073"/>
  <system-out/>
  <testcase classname="com.jack.task.Paulweiss" name="run" time="5.066"/>
  <system-out/>
  <testcase classname="com.jack.task.Paulweiss" name="run" time="5.948"/>
  <system-out/>
  <testcase classname="com.jack.task.Paulweiss" name="run" time="5.700"/>
  <system-out/>
  <testcase classname="com.jack.task.Paulweiss" name="run" time="4.439"/>
  <system-out/>
  <testcase classname="com.jack.task.Paulweiss" name="run" time="4.630"/>
  <system-out/>
  <testcase classname="com.jack.task.Paulweiss" name="run" time="4.522"/>
  <system-out/>
  <testcase classname="com.jack.task.Paulweiss" name="run" time="4.600"/>
  <system-out/>
  <testcase classname="com.jack.task.Paulweiss" name="run" time="4.937"/>
  <system-out/>
  <testcase classname="com.jack.task.Paulweiss" name="run" time="4.893"/>
  <system-out/>
  <testcase classname="com.jack.task.Paulweiss" name="run" time="4.646"/>
  <system-out/>
  <testcase classname="com.jack.task.Paulweiss" name="run" time="5.039"/>
  <system-out/>
  <testcase classname="com.jack.task.Paulweiss" name="run" time="5.688"/>
  <system-out/>
  <testcase classname="com.jack.task.Paulweiss" name="run" time="5.378"/>
  <system-out/>
  <testcase classname="com.jack.task.Paulweiss" name="run" time="4.852"/>
  <system-out/>
  <testcase classname="com.jack.task.Paulweiss" name="run" time="4.621"/>
  <system-out/>
  <testcase classname="com.jack.task.Paulweiss" name="run" time="5.444"/>
  <system-out/>
  <testcase classname="com.jack.task.Paulweiss" name="run" time="4.566"/>
  <system-out/>
  <testcase classname="com.jack.task.Paulweiss" name="run" time="6.774"/>
  <system-out/>
  <testcase classname="com.jack.task.Paulweiss" name="run" time="5.848"/>
  <system-out/>
  <testcase classname="com.jack.task.Paulweiss" name="run" time="4.529"/>
  <system-out/>
  <testcase classname="com.jack.task.Paulweiss" name="run" time="4.961"/>
  <system-out/>
  <testcase classname="com.jack.task.Paulweiss" name="run" time="4.754"/>
  <system-out/>
  <testcase classname="com.jack.task.Paulweiss" name="run" time="5.726"/>
  <system-out/>
  <testcase classname="com.jack.task.Paulweiss" name="run" time="4.746"/>
  <system-out/>
  <testcase classname="com.jack.task.Paulweiss" name="run" time="4.138"/>
  <system-out/>
  <testcase classname="com.jack.task.Paulweiss" name="run" time="5.949"/>
  <system-out/>
  <testcase classname="com.jack.task.Paulweiss" name="run" time="5.009"/>
  <system-out/>
  <testcase classname="com.jack.task.Paulweiss" name="run" time="5.161"/>
  <system-out/>
  <testcase classname="com.jack.task.Paulweiss" name="run" time="4.865"/>
  <system-out/>
  <testcase classname="com.jack.task.Paulweiss" name="run" time="3.645"/>
  <system-out/>
  <testcase classname="com.jack.task.Paulweiss" name="run" time="5.813"/>
  <system-out/>
  <testcase classname="com.jack.task.Paulweiss" name="run" time="5.240"/>
  <system-out/>
  <testcase classname="com.jack.task.Paulweiss" name="run" time="5.176"/>
  <system-out/>
  <testcase classname="com.jack.task.Paulweiss" name="run" time="4.707"/>
  <system-out/>
  <testcase classname="com.jack.task.Paulweiss" name="run" time="4.825"/>
  <system-out/>
  <testcase classname="com.jack.task.Paulweiss" name="run" time="5.491"/>
  <system-out/>
  <testcase classname="com.jack.task.Paulweiss" name="run" time="6.080"/>
  <system-out/>
  <testcase classname="com.jack.task.Paulweiss" name="run" time="5.350"/>
  <system-out/>
  <testcase classname="com.jack.task.Paulweiss" name="run" time="5.339"/>
  <system-out/>
  <testcase classname="com.jack.task.Paulweiss" name="run" time="7.085"/>
  <system-out/>
  <testcase classname="com.jack.task.Paulweiss" name="run" time="5.036"/>
  <system-out/>
  <testcase classname="com.jack.task.Paulweiss" name="run" time="5.436"/>
  <system-out/>
  <testcase classname="com.jack.task.Paulweiss" name="run" time="4.701"/>
  <system-out/>
  <testcase classname="com.jack.task.Paulweiss" name="run" time="4.537"/>
  <system-out/>
  <testcase classname="com.jack.task.Paulweiss" name="run" time="4.752"/>
  <system-out/>
  <testcase classname="com.jack.task.Paulweiss" name="run" time="6.436"/>
  <system-out/>
  <testcase classname="com.jack.task.Paulweiss" name="run" time="5.100"/>
  <system-out/>
  <testcase classname="com.jack.task.Paulweiss" name="run" time="4.019"/>
  <system-out/>
  <testcase classname="com.jack.task.Paulweiss" name="run" time="4.763"/>
  <system-out/>
  <testcase classname="com.jack.task.Paulweiss" name="run" time="5.225"/>
  <system-out/>
  <testcase classname="com.jack.task.Paulweiss" name="run" time="4.847"/>
  <system-out/>
  <testcase classname="com.jack.task.Paulweiss" name="run" time="5.099"/>
  <system-out/>
  <testcase classname="com.jack.task.Paulweiss" name="run" time="6.313"/>
  <system-out/>
  <testcase classname="com.jack.task.Paulweiss" name="run" time="5.037"/>
  <system-out/>
  <testcase classname="com.jack.task.Paulweiss" name="run" time="3.972"/>
  <system-out/>
  <testcase classname="com.jack.task.Paulweiss" name="run" time="5.155"/>
  <system-out/>
  <testcase classname="com.jack.task.Paulweiss" name="run" time="5.618"/>
  <system-out/>
  <testcase classname="com.jack.task.Paulweiss" name="run" time="4.874"/>
  <system-out/>
  <testcase classname="com.jack.task.Paulweiss" name="run" time="5.519"/>
  <system-out/>
  <testcase classname="com.jack.task.Paulweiss" name="run" time="7.190"/>
  <system-out/>
  <testcase classname="com.jack.task.Paulweiss" name="run" time="7.349"/>
  <system-out/>
  <testcase classname="com.jack.task.Paulweiss" name="run" time="4.809"/>
  <system-out/>
  <testcase classname="com.jack.task.Paulweiss" name="run" time="4.404"/>
  <system-out/>
  <testcase classname="com.jack.task.Paulweiss" name="run" time="4.472"/>
  <system-out/>
  <testcase classname="com.jack.task.Paulweiss" name="run" time="4.081"/>
  <system-out/>
  <testcase classname="com.jack.task.Paulweiss" name="run" time="4.712"/>
  <system-out/>
  <testcase classname="com.jack.task.Paulweiss" name="run" time="5.140"/>
  <system-out/>
  <testcase classname="com.jack.task.Paulweiss" name="run" time="6.092"/>
  <system-out/>
  <testcase classname="com.jack.task.Paulweiss" name="run" time="5.740"/>
  <system-out/>
  <testcase classname="com.jack.task.Paulweiss" name="run" time="4.861"/>
  <system-out/>
  <testcase classname="com.jack.task.Paulweiss" name="run" time="3.977"/>
  <system-out/>
  <testcase classname="com.jack.task.Paulweiss" name="run" time="6.119"/>
  <system-out/>
  <testcase classname="com.jack.task.Paulweiss" name="run" time="4.733"/>
  <system-out/>
  <testcase classname="com.jack.task.Paulweiss" name="run" time="4.667"/>
  <system-out/>
  <testcase classname="com.jack.task.Paulweiss" name="run" time="4.876"/>
  <system-out/>
  <testcase classname="com.jack.task.Paulweiss" name="run" time="4.788"/>
  <system-out/>
  <testcase classname="com.jack.task.Paulweiss" name="run" time="6.407"/>
  <system-out/>
  <testcase classname="com.jack.task.Paulweiss" name="run" time="2.360"/>
  <system-out/>
  <testcase classname="com.jack.task.Paulweiss" name="run" time="6.858"/>
  <system-out/>
  <testcase classname="com.jack.task.Paulweiss" name="run" time="5.100"/>
  <system-out/>
  <testcase classname="com.jack.task.Paulweiss" name="run" time="4.870"/>
  <system-out/>
  <testcase classname="com.jack.task.Paulweiss" name="run" time="4.592"/>
  <system-out/>
  <testcase classname="com.jack.task.Paulweiss" name="run" time="6.642"/>
  <system-out/>
  <testcase classname="com.jack.task.Paulweiss" name="run" time="4.598"/>
  <system-out/>
  <testcase classname="com.jack.task.Paulweiss" name="run" time="4.904"/>
  <system-out/>
  <testcase classname="com.jack.task.Paulweiss" name="run" time="5.762"/>
  <system-out/>
  <testcase classname="com.jack.task.Paulweiss" name="run" time="4.815"/>
  <system-out/>
  <testcase classname="com.jack.task.Paulweiss" name="run" time="4.780"/>
  <system-out/>
  <testcase classname="com.jack.task.Paulweiss" name="run" time="5.196"/>
  <system-out/>
  <testcase classname="com.jack.task.Paulweiss" name="run" time="6.023"/>
  <system-out/>
  <testcase classname="com.jack.task.Paulweiss" name="run" time="4.873"/>
  <system-out/>
  <testcase classname="com.jack.task.Paulweiss" name="run" time="4.126"/>
  <system-out/>
  <testcase classname="com.jack.task.Paulweiss" name="run" time="4.380"/>
  <system-out/>
  <testcase classname="com.jack.task.Paulweiss" name="run" time="4.787"/>
  <system-out/>
  <testcase classname="com.jack.task.Paulweiss" name="run" time="5.732"/>
  <system-out/>
  <testcase classname="com.jack.task.Paulweiss" name="run" time="4.699"/>
  <system-out/>
  <testcase classname="com.jack.task.Paulweiss" name="run" time="6.391"/>
  <system-out/>
  <testcase classname="com.jack.task.Paulweiss" name="run" time="7.130"/>
  <system-out/>
  <testcase classname="com.jack.task.Paulweiss" name="run" time="5.270"/>
  <system-out/>
  <testcase classname="com.jack.task.Paulweiss" name="run" time="4.940"/>
  <system-out/>
  <testcase classname="com.jack.task.Paulweiss" name="run" time="4.913"/>
  <system-out/>
  <testcase classname="com.jack.task.Paulweiss" name="run" time="5.524"/>
  <system-out/>
  <testcase classname="com.jack.task.Paulweiss" name="run" time="4.351"/>
  <system-out/>
  <testcase classname="com.jack.task.Paulweiss" name="run" time="6.378"/>
  <system-out/>
  <testcase classname="com.jack.task.Paulweiss" name="run" time="7.257"/>
  <system-out/>
  <testcase classname="com.jack.task.Paulweiss" name="run" time="6.459"/>
  <system-out/>
  <testcase classname="com.jack.task.Paulweiss" name="run" time="5.388"/>
  <system-out/>
  <testcase classname="com.jack.task.Paulweiss" name="run" time="4.886"/>
  <system-out/>
  <testcase classname="com.jack.task.Paulweiss" name="run" time="5.090"/>
  <system-out/>
  <testcase classname="com.jack.task.Paulweiss" name="run" time="5.146"/>
  <system-out/>
  <testcase classname="com.jack.task.Paulweiss" name="run" time="4.841"/>
  <system-out/>
  <testcase classname="com.jack.task.Paulweiss" name="run" time="5.236"/>
  <system-out/>
  <testcase classname="com.jack.task.Paulweiss" name="run" time="5.153"/>
  <system-out/>
  <testcase classname="com.jack.task.Paulweiss" name="run" time="5.359"/>
  <system-out/>
  <testcase classname="com.jack.task.Paulweiss" name="run" time="4.615"/>
  <system-out/>
  <testcase classname="com.jack.task.Paulweiss" name="run" time="4.539"/>
  <system-out/>
  <testcase classname="com.jack.task.Paulweiss" name="run" time="5.009"/>
  <system-out/>
  <testcase classname="com.jack.task.Paulweiss" name="run" time="5.889"/>
  <system-out/>
  <testcase classname="com.jack.task.Paulweiss" name="run" time="2.575"/>
  <system-out/>
  <testcase classname="com.jack.task.Paulweiss" name="run" time="4.955"/>
  <system-out/>
  <testcase classname="com.jack.task.Paulweiss" name="run" time="5.140"/>
  <system-out/>
  <testcase classname="com.jack.task.Paulweiss" name="run" time="5.190"/>
  <system-out/>
  <testcase classname="com.jack.task.Paulweiss" name="run" time="4.944"/>
  <system-out/>
  <testcase classname="com.jack.task.Paulweiss" name="run" time="5.571"/>
  <system-out/>
  <testcase classname="com.jack.task.Paulweiss" name="run" time="6.364"/>
  <system-out/>
  <testcase classname="com.jack.task.Paulweiss" name="run" time="5.404"/>
  <system-out/>
  <testcase classname="com.jack.task.Paulweiss" name="run" time="4.700"/>
  <system-out/>
  <testcase classname="com.jack.task.Paulweiss" name="run" time="5.178"/>
  <system-out/>
  <testcase classname="com.jack.task.Paulweiss" name="run" time="5.553"/>
  <system-out/>
  <testcase classname="com.jack.task.Paulweiss" name="run" time="4.670"/>
  <system-out/>
  <testcase classname="com.jack.task.Paulweiss" name="run" time="5.686"/>
  <system-out/>
  <testcase classname="com.jack.task.Paulweiss" name="run" time="5.836"/>
  <system-out/>
  <testcase classname="com.jack.task.Paulweiss" name="run" time="4.960"/>
  <system-out/>
  <testcase classname="com.jack.task.Paulweiss" name="run" time="6.884"/>
  <system-out/>
  <testcase classname="com.jack.task.Paulweiss" name="run" time="4.809"/>
  <system-out/>
  <testcase classname="com.jack.task.Paulweiss" name="run" time="4.928"/>
  <system-out/>
  <testcase classname="com.jack.task.Paulweiss" name="run" time="5.453"/>
  <system-out/>
  <testcase classname="com.jack.task.Paulweiss" name="run" time="7.187"/>
  <system-out/>
  <testcase classname="com.jack.task.Paulweiss" name="run" time="5.214"/>
  <system-out/>
  <testcase classname="com.jack.task.Paulweiss" name="run" time="5.440"/>
  <system-out/>
  <testcase classname="com.jack.task.Paulweiss" name="run" time="6.427"/>
  <system-out/>
  <testcase classname="com.jack.task.Paulweiss" name="run" time="5.819"/>
  <system-out/>
  <testcase classname="com.jack.task.Paulweiss" name="run" time="4.637"/>
  <system-out/>
  <testcase classname="com.jack.task.Paulweiss" name="run" time="4.832"/>
  <system-out/>
  <testcase classname="com.jack.task.Paulweiss" name="run" time="4.788"/>
  <system-out/>
  <testcase classname="com.jack.task.Paulweiss" name="run" time="5.661"/>
  <system-out/>
  <testcase classname="com.jack.task.Paulweiss" name="run" time="5.322"/>
  <system-out/>
  <testcase classname="com.jack.task.Paulweiss" name="run" time="6.996"/>
  <system-out/>
  <testcase classname="com.jack.task.Paulweiss" name="run" time="5.249"/>
  <system-out/>
  <testcase classname="com.jack.task.Paulweiss" name="run" time="5.006"/>
  <system-out/>
  <testcase classname="com.jack.task.Paulweiss" name="run" time="5.981"/>
  <system-out/>
  <testcase classname="com.jack.task.Paulweiss" name="run" time="4.597"/>
  <system-out/>
  <testcase classname="com.jack.task.Paulweiss" name="run" time="5.665"/>
  <system-out/>
  <testcase classname="com.jack.task.Paulweiss" name="run" time="4.806"/>
  <system-out/>
  <testcase classname="com.jack.task.Paulweiss" name="run" time="4.987"/>
  <system-out/>
  <testcase classname="com.jack.task.Paulweiss" name="run" time="6.376"/>
  <system-out/>
  <testcase classname="com.jack.task.Paulweiss" name="run" time="5.200"/>
  <system-out/>
  <testcase classname="com.jack.task.Paulweiss" name="run" time="5.011"/>
  <system-out/>
  <testcase classname="com.jack.task.Paulweiss" name="run" time="4.946"/>
  <system-out/>
  <testcase classname="com.jack.task.Paulweiss" name="run" time="5.305"/>
  <system-out/>
  <testcase classname="com.jack.task.Paulweiss" name="run" time="5.122"/>
  <system-out/>
  <testcase classname="com.jack.task.Paulweiss" name="run" time="4.831"/>
  <system-out/>
  <testcase classname="com.jack.task.Paulweiss" name="run" time="4.685"/>
  <system-out/>
  <testcase classname="com.jack.task.Paulweiss" name="run" time="5.631"/>
  <system-out/>
  <testcase classname="com.jack.task.Paulweiss" name="run" time="4.790"/>
  <system-out/>
  <testcase classname="com.jack.task.Paulweiss" name="run" time="6.087"/>
  <system-out/>
  <testcase classname="com.jack.task.Paulweiss" name="run" time="5.190"/>
  <system-out/>
  <testcase classname="com.jack.task.Paulweiss" name="run" time="5.997"/>
  <system-out/>
  <testcase classname="com.jack.task.Paulweiss" name="run" time="5.779"/>
  <system-out/>
  <testcase classname="com.jack.task.Paulweiss" name="run" time="5.340"/>
  <system-out/>
  <testcase classname="com.jack.task.Paulweiss" name="run" time="5.028"/>
  <system-out/>
  <testcase classname="com.jack.task.Paulweiss" name="run" time="5.960"/>
  <system-out/>
  <testcase classname="com.jack.task.Paulweiss" name="run" time="5.020"/>
  <system-out/>
  <testcase classname="com.jack.task.Paulweiss" name="run" time="4.951"/>
  <system-out/>
  <testcase classname="com.jack.task.Paulweiss" name="run" time="5.934"/>
  <system-out/>
  <testcase classname="com.jack.task.Paulweiss" name="run" time="5.377"/>
  <system-out/>
  <testcase classname="com.jack.task.Paulweiss" name="run" time="6.313"/>
  <system-out/>
  <testcase classname="com.jack.task.Paulweiss" name="run" time="5.506"/>
  <system-out/>
  <testcase classname="com.jack.task.Paulweiss" name="run" time="6.068"/>
  <system-out/>
  <testcase classname="com.jack.task.Paulweiss" name="run" time="5.438"/>
  <system-out/>
  <testcase classname="com.jack.task.Paulweiss" name="run" time="4.756"/>
  <system-out/>
  <testcase classname="com.jack.task.Paulweiss" name="run" time="5.313"/>
  <system-out/>
  <testcase classname="com.jack.task.Paulweiss" name="run" time="4.943"/>
  <system-out/>
  <testcase classname="com.jack.task.Paulweiss" name="run" time="4.354"/>
  <system-out/>
</testsuite> <!-- com.jack.task.Paulweiss -->
