<?xml version="1.0" encoding="UTF-8"?>
<!-- Generated by org.testng.reporters.JUnitReportReporter -->
<testsuite hostname="DESKTOP-3DLKC1S" failures="0" tests="8" name="com.jack.task2.Kirkland" time="22.251" errors="0" timestamp="2023-02-22T20:42:13 BDT" skipped="0">
  <testcase classname="com.jack.task2.Kirkland" name="run" time="2.153"/>
  <system-out/>
  <testcase classname="com.jack.task2.Kirkland" name="run" time="2.869"/>
  <system-out/>
  <testcase classname="com.jack.task2.Kirkland" name="saveList" time="2.830"/>
  <system-out/>
  <testcase classname="com.jack.task2.Kirkland" name="run" time="2.964"/>
  <system-out/>
  <testcase classname="com.jack.task2.Kirkland" name="run" time="4.215"/>
  <system-out/>
  <testcase classname="com.jack.task2.Kirkland" name="run" time="4.026"/>
  <system-out/>
  <testcase classname="com.jack.task2.Kirkland" name="testx" time="0.001"/>
  <system-out/>
  <testcase classname="com.jack.task2.Kirkland" name="run" time="3.193"/>
  <system-out/>
</testsuite> <!-- com.jack.task2.Kirkland -->
