<?xml version="1.0" encoding="UTF-8"?>
<!-- Generated by org.testng.reporters.JUnitReportReporter -->
<testsuite hostname="DESKTOP-3DLKC1S" failures="0" tests="6" name="com.jack.task3.Stblaw" time="26.078" errors="0" timestamp="2023-03-17T16:34:50 BDT" skipped="0">
  <testcase classname="com.jack.task3.Stblaw" name="run" time="6.311"/>
  <system-out/>
  <testcase classname="com.jack.task3.Stblaw" name="run" time="7.375"/>
  <system-out/>
  <testcase classname="com.jack.task3.Stblaw" name="saveList" time="0.033"/>
  <system-out/>
  <testcase classname="com.jack.task3.Stblaw" name="run" time="6.680"/>
  <system-out/>
  <testcase classname="com.jack.task3.Stblaw" name="run" time="5.678"/>
  <system-out/>
  <testcase classname="com.jack.task3.Stblaw" name="testx" time="0.001"/>
  <system-out/>
</testsuite> <!-- com.jack.task3.Stblaw -->
