<?xml version="1.0" encoding="UTF-8"?>
<!-- Generated by org.testng.reporters.JUnitReportReporter -->
<testsuite hostname="DESKTOP-3DLKC1S" failures="0" tests="6" name="com.jack.task3.Blankrome" time="20.556" errors="0" timestamp="2023-03-20T22:45:26 BDT" skipped="0">
  <testcase classname="com.jack.task3.Blankrome" name="testx" time="0.000"/>
  <system-out/>
  <testcase classname="com.jack.task3.Blankrome" name="run" time="7.152"/>
  <system-out/>
  <testcase classname="com.jack.task3.Blankrome" name="run" time="4.727"/>
  <system-out/>
  <testcase classname="com.jack.task3.Blankrome" name="saveList" time="0.183"/>
  <system-out/>
  <testcase classname="com.jack.task3.Blankrome" name="run" time="4.196"/>
  <system-out/>
  <testcase classname="com.jack.task3.Blankrome" name="run" time="4.298"/>
  <system-out/>
</testsuite> <!-- com.jack.task3.Blankrome -->
