<?xml version="1.0" encoding="UTF-8"?>
<!-- Generated by org.testng.reporters.JUnitReportReporter -->
<testsuite hostname="DESKTOP-3DLKC1S" failures="0" tests="1" name="com.jack.task2.DropwornLink" time="1575.292" errors="0" timestamp="2023-03-03T17:31:07 BDT" skipped="0">
  <testcase classname="com.jack.task2.DropwornLink" name="testx" time="1575.292"/>
  <system-out/>
</testsuite> <!-- com.jack.task2.DropwornLink -->
