<?xml version="1.0" encoding="UTF-8"?>
<!-- Generated by org.testng.reporters.JUnitReportReporter -->
<testsuite hostname="DESKTOP-89RDKF8" failures="0" tests="10" name="com.jack.task.Polsinelli" time="70.382" errors="0" timestamp="2023-01-19T18:24:07 BDT" skipped="0">
  <testcase classname="com.jack.task.Polsinelli" name="run" time="8.259"/>
  <system-out/>
  <testcase classname="com.jack.task.Polsinelli" name="run" time="8.317"/>
  <system-out/>
  <testcase classname="com.jack.task.Polsinelli" name="run" time="6.817"/>
  <system-out/>
  <testcase classname="com.jack.task.Polsinelli" name="run" time="10.818"/>
  <system-out/>
  <testcase classname="com.jack.task.Polsinelli" name="run" time="6.622"/>
  <system-out/>
  <testcase classname="com.jack.task.Polsinelli" name="testx" time="0.002"/>
  <system-out/>
  <testcase classname="com.jack.task.Polsinelli" name="run" time="7.196"/>
  <system-out/>
  <testcase classname="com.jack.task.Polsinelli" name="run" time="7.283"/>
  <system-out/>
  <testcase classname="com.jack.task.Polsinelli" name="run" time="7.648"/>
  <system-out/>
  <testcase classname="com.jack.task.Polsinelli" name="run" time="7.420"/>
  <system-out/>
</testsuite> <!-- com.jack.task.Polsinelli -->
