<?xml version="1.0" encoding="UTF-8"?>
<!-- Generated by org.testng.reporters.JUnitReportReporter -->
<testsuite hostname="DESKTOP-3DLKC1S" failures="0" tests="689" name="com.jack.task4.Afslaw" time="372.252" errors="0" timestamp="2023-04-13T12:05:51 BDT" skipped="0">
  <testcase classname="com.jack.task4.Afslaw" name="run" time="0.338"/>
  <system-out/>
  <testcase classname="com.jack.task4.Afslaw" name="run" time="1.215"/>
  <system-out/>
  <testcase classname="com.jack.task4.Afslaw" name="run" time="1.106"/>
  <system-out/>
  <testcase classname="com.jack.task4.Afslaw" name="run" time="0.687"/>
  <system-out/>
  <testcase classname="com.jack.task4.Afslaw" name="run" time="0.358"/>
  <system-out/>
  <testcase classname="com.jack.task4.Afslaw" name="run" time="0.323"/>
  <system-out/>
  <testcase classname="com.jack.task4.Afslaw" name="run" time="0.352"/>
  <system-out/>
  <testcase classname="com.jack.task4.Afslaw" name="run" time="1.134"/>
  <system-out/>
  <testcase classname="com.jack.task4.Afslaw" name="run" time="0.933"/>
  <system-out/>
  <testcase classname="com.jack.task4.Afslaw" name="run" time="0.345"/>
  <system-out/>
  <testcase classname="com.jack.task4.Afslaw" name="run" time="0.347"/>
  <system-out/>
  <testcase classname="com.jack.task4.Afslaw" name="run" time="0.346"/>
  <system-out/>
  <testcase classname="com.jack.task4.Afslaw" name="run" time="1.228"/>
  <system-out/>
  <testcase classname="com.jack.task4.Afslaw" name="run" time="0.330"/>
  <system-out/>
  <testcase classname="com.jack.task4.Afslaw" name="run" time="0.742"/>
  <system-out/>
  <testcase classname="com.jack.task4.Afslaw" name="run" time="0.344"/>
  <system-out/>
  <testcase classname="com.jack.task4.Afslaw" name="run" time="0.349"/>
  <system-out/>
  <testcase classname="com.jack.task4.Afslaw" name="run" time="0.863"/>
  <system-out/>
  <testcase classname="com.jack.task4.Afslaw" name="run" time="0.355"/>
  <system-out/>
  <testcase classname="com.jack.task4.Afslaw" name="run" time="0.332"/>
  <system-out/>
  <testcase classname="com.jack.task4.Afslaw" name="run" time="0.882"/>
  <system-out/>
  <testcase classname="com.jack.task4.Afslaw" name="run" time="0.334"/>
  <system-out/>
  <testcase classname="com.jack.task4.Afslaw" name="run" time="0.357"/>
  <system-out/>
  <testcase classname="com.jack.task4.Afslaw" name="run" time="0.338"/>
  <system-out/>
  <testcase classname="com.jack.task4.Afslaw" name="run" time="0.340"/>
  <system-out/>
  <testcase classname="com.jack.task4.Afslaw" name="run" time="0.343"/>
  <system-out/>
  <testcase classname="com.jack.task4.Afslaw" name="run" time="0.347"/>
  <system-out/>
  <testcase classname="com.jack.task4.Afslaw" name="run" time="0.658"/>
  <system-out/>
  <testcase classname="com.jack.task4.Afslaw" name="run" time="0.345"/>
  <system-out/>
  <testcase classname="com.jack.task4.Afslaw" name="run" time="0.331"/>
  <system-out/>
  <testcase classname="com.jack.task4.Afslaw" name="run" time="0.891"/>
  <system-out/>
  <testcase classname="com.jack.task4.Afslaw" name="run" time="0.336"/>
  <system-out/>
  <testcase classname="com.jack.task4.Afslaw" name="run" time="0.860"/>
  <system-out/>
  <testcase classname="com.jack.task4.Afslaw" name="run" time="0.839"/>
  <system-out/>
  <testcase classname="com.jack.task4.Afslaw" name="run" time="0.341"/>
  <system-out/>
  <testcase classname="com.jack.task4.Afslaw" name="run" time="0.933"/>
  <system-out/>
  <testcase classname="com.jack.task4.Afslaw" name="run" time="0.344"/>
  <system-out/>
  <testcase classname="com.jack.task4.Afslaw" name="run" time="0.332"/>
  <system-out/>
  <testcase classname="com.jack.task4.Afslaw" name="run" time="0.360"/>
  <system-out/>
  <testcase classname="com.jack.task4.Afslaw" name="run" time="0.353"/>
  <system-out/>
  <testcase classname="com.jack.task4.Afslaw" name="run" time="0.333"/>
  <system-out/>
  <testcase classname="com.jack.task4.Afslaw" name="run" time="0.345"/>
  <system-out/>
  <testcase classname="com.jack.task4.Afslaw" name="run" time="0.344"/>
  <system-out/>
  <testcase classname="com.jack.task4.Afslaw" name="run" time="0.352"/>
  <system-out/>
  <testcase classname="com.jack.task4.Afslaw" name="run" time="1.237"/>
  <system-out/>
  <testcase classname="com.jack.task4.Afslaw" name="run" time="0.342"/>
  <system-out/>
  <testcase classname="com.jack.task4.Afslaw" name="run" time="1.215"/>
  <system-out/>
  <testcase classname="com.jack.task4.Afslaw" name="run" time="0.387"/>
  <system-out/>
  <testcase classname="com.jack.task4.Afslaw" name="run" time="0.331"/>
  <system-out/>
  <testcase classname="com.jack.task4.Afslaw" name="run" time="0.352"/>
  <system-out/>
  <testcase classname="com.jack.task4.Afslaw" name="run" time="0.352"/>
  <system-out/>
  <testcase classname="com.jack.task4.Afslaw" name="run" time="0.344"/>
  <system-out/>
  <testcase classname="com.jack.task4.Afslaw" name="run" time="0.343"/>
  <system-out/>
  <testcase classname="com.jack.task4.Afslaw" name="run" time="0.330"/>
  <system-out/>
  <testcase classname="com.jack.task4.Afslaw" name="run" time="1.336"/>
  <system-out/>
  <testcase classname="com.jack.task4.Afslaw" name="run" time="0.379"/>
  <system-out/>
  <testcase classname="com.jack.task4.Afslaw" name="run" time="0.350"/>
  <system-out/>
  <testcase classname="com.jack.task4.Afslaw" name="run" time="1.227"/>
  <system-out/>
  <testcase classname="com.jack.task4.Afslaw" name="run" time="0.348"/>
  <system-out/>
  <testcase classname="com.jack.task4.Afslaw" name="run" time="0.330"/>
  <system-out/>
  <testcase classname="com.jack.task4.Afslaw" name="run" time="0.342"/>
  <system-out/>
  <testcase classname="com.jack.task4.Afslaw" name="run" time="0.344"/>
  <system-out/>
  <testcase classname="com.jack.task4.Afslaw" name="run" time="0.353"/>
  <system-out/>
  <testcase classname="com.jack.task4.Afslaw" name="run" time="0.344"/>
  <system-out/>
  <testcase classname="com.jack.task4.Afslaw" name="run" time="0.362"/>
  <system-out/>
  <testcase classname="com.jack.task4.Afslaw" name="run" time="1.309"/>
  <system-out/>
  <testcase classname="com.jack.task4.Afslaw" name="run" time="0.378"/>
  <system-out/>
  <testcase classname="com.jack.task4.Afslaw" name="run" time="1.205"/>
  <system-out/>
  <testcase classname="com.jack.task4.Afslaw" name="run" time="0.908"/>
  <system-out/>
  <testcase classname="com.jack.task4.Afslaw" name="run" time="0.339"/>
  <system-out/>
  <testcase classname="com.jack.task4.Afslaw" name="run" time="0.363"/>
  <system-out/>
  <testcase classname="com.jack.task4.Afslaw" name="run" time="0.339"/>
  <system-out/>
  <testcase classname="com.jack.task4.Afslaw" name="run" time="0.343"/>
  <system-out/>
  <testcase classname="com.jack.task4.Afslaw" name="run" time="0.860"/>
  <system-out/>
  <testcase classname="com.jack.task4.Afslaw" name="run" time="0.347"/>
  <system-out/>
  <testcase classname="com.jack.task4.Afslaw" name="run" time="0.868"/>
  <system-out/>
  <testcase classname="com.jack.task4.Afslaw" name="run" time="0.334"/>
  <system-out/>
  <testcase classname="com.jack.task4.Afslaw" name="run" time="0.343"/>
  <system-out/>
  <testcase classname="com.jack.task4.Afslaw" name="run" time="0.346"/>
  <system-out/>
  <testcase classname="com.jack.task4.Afslaw" name="run" time="0.333"/>
  <system-out/>
  <testcase classname="com.jack.task4.Afslaw" name="run" time="0.337"/>
  <system-out/>
  <testcase classname="com.jack.task4.Afslaw" name="run" time="0.346"/>
  <system-out/>
  <testcase classname="com.jack.task4.Afslaw" name="run" time="0.357"/>
  <system-out/>
  <testcase classname="com.jack.task4.Afslaw" name="run" time="0.337"/>
  <system-out/>
  <testcase classname="com.jack.task4.Afslaw" name="run" time="1.290"/>
  <system-out/>
  <testcase classname="com.jack.task4.Afslaw" name="run" time="0.348"/>
  <system-out/>
  <testcase classname="com.jack.task4.Afslaw" name="run" time="0.857"/>
  <system-out/>
  <testcase classname="com.jack.task4.Afslaw" name="run" time="0.900"/>
  <system-out/>
  <testcase classname="com.jack.task4.Afslaw" name="run" time="0.819"/>
  <system-out/>
  <testcase classname="com.jack.task4.Afslaw" name="run" time="0.827"/>
  <system-out/>
  <testcase classname="com.jack.task4.Afslaw" name="run" time="0.401"/>
  <system-out/>
  <testcase classname="com.jack.task4.Afslaw" name="run" time="0.915"/>
  <system-out/>
  <testcase classname="com.jack.task4.Afslaw" name="run" time="0.361"/>
  <system-out/>
  <testcase classname="com.jack.task4.Afslaw" name="run" time="0.342"/>
  <system-out/>
  <testcase classname="com.jack.task4.Afslaw" name="run" time="0.324"/>
  <system-out/>
  <testcase classname="com.jack.task4.Afslaw" name="run" time="0.347"/>
  <system-out/>
  <testcase classname="com.jack.task4.Afslaw" name="run" time="1.191"/>
  <system-out/>
  <testcase classname="com.jack.task4.Afslaw" name="run" time="0.892"/>
  <system-out/>
  <testcase classname="com.jack.task4.Afslaw" name="run" time="0.335"/>
  <system-out/>
  <testcase classname="com.jack.task4.Afslaw" name="run" time="0.380"/>
  <system-out/>
  <testcase classname="com.jack.task4.Afslaw" name="run" time="0.347"/>
  <system-out/>
  <testcase classname="com.jack.task4.Afslaw" name="run" time="0.353"/>
  <system-out/>
  <testcase classname="com.jack.task4.Afslaw" name="run" time="0.345"/>
  <system-out/>
  <testcase classname="com.jack.task4.Afslaw" name="run" time="0.901"/>
  <system-out/>
  <testcase classname="com.jack.task4.Afslaw" name="run" time="0.349"/>
  <system-out/>
  <testcase classname="com.jack.task4.Afslaw" name="run" time="0.348"/>
  <system-out/>
  <testcase classname="com.jack.task4.Afslaw" name="run" time="0.337"/>
  <system-out/>
  <testcase classname="com.jack.task4.Afslaw" name="run" time="0.350"/>
  <system-out/>
  <testcase classname="com.jack.task4.Afslaw" name="run" time="1.007"/>
  <system-out/>
  <testcase classname="com.jack.task4.Afslaw" name="run" time="0.358"/>
  <system-out/>
  <testcase classname="com.jack.task4.Afslaw" name="run" time="0.885"/>
  <system-out/>
  <testcase classname="com.jack.task4.Afslaw" name="run" time="0.334"/>
  <system-out/>
  <testcase classname="com.jack.task4.Afslaw" name="run" time="0.365"/>
  <system-out/>
  <testcase classname="com.jack.task4.Afslaw" name="run" time="0.347"/>
  <system-out/>
  <testcase classname="com.jack.task4.Afslaw" name="run" time="0.367"/>
  <system-out/>
  <testcase classname="com.jack.task4.Afslaw" name="run" time="0.860"/>
  <system-out/>
  <testcase classname="com.jack.task4.Afslaw" name="run" time="1.047"/>
  <system-out/>
  <testcase classname="com.jack.task4.Afslaw" name="run" time="1.058"/>
  <system-out/>
  <testcase classname="com.jack.task4.Afslaw" name="run" time="0.340"/>
  <system-out/>
  <testcase classname="com.jack.task4.Afslaw" name="run" time="0.349"/>
  <system-out/>
  <testcase classname="com.jack.task4.Afslaw" name="run" time="0.768"/>
  <system-out/>
  <testcase classname="com.jack.task4.Afslaw" name="run" time="0.348"/>
  <system-out/>
  <testcase classname="com.jack.task4.Afslaw" name="run" time="0.333"/>
  <system-out/>
  <testcase classname="com.jack.task4.Afslaw" name="run" time="0.919"/>
  <system-out/>
  <testcase classname="com.jack.task4.Afslaw" name="run" time="0.347"/>
  <system-out/>
  <testcase classname="com.jack.task4.Afslaw" name="run" time="0.338"/>
  <system-out/>
  <testcase classname="com.jack.task4.Afslaw" name="run" time="0.342"/>
  <system-out/>
  <testcase classname="com.jack.task4.Afslaw" name="run" time="0.335"/>
  <system-out/>
  <testcase classname="com.jack.task4.Afslaw" name="run" time="0.354"/>
  <system-out/>
  <testcase classname="com.jack.task4.Afslaw" name="run" time="0.364"/>
  <system-out/>
  <testcase classname="com.jack.task4.Afslaw" name="run" time="0.340"/>
  <system-out/>
  <testcase classname="com.jack.task4.Afslaw" name="run" time="0.361"/>
  <system-out/>
  <testcase classname="com.jack.task4.Afslaw" name="run" time="0.363"/>
  <system-out/>
  <testcase classname="com.jack.task4.Afslaw" name="run" time="0.339"/>
  <system-out/>
  <testcase classname="com.jack.task4.Afslaw" name="run" time="0.365"/>
  <system-out/>
  <testcase classname="com.jack.task4.Afslaw" name="run" time="0.864"/>
  <system-out/>
  <testcase classname="com.jack.task4.Afslaw" name="run" time="0.364"/>
  <system-out/>
  <testcase classname="com.jack.task4.Afslaw" name="run" time="0.331"/>
  <system-out/>
  <testcase classname="com.jack.task4.Afslaw" name="run" time="0.343"/>
  <system-out/>
  <testcase classname="com.jack.task4.Afslaw" name="run" time="0.338"/>
  <system-out/>
  <testcase classname="com.jack.task4.Afslaw" name="run" time="0.740"/>
  <system-out/>
  <testcase classname="com.jack.task4.Afslaw" name="run" time="0.340"/>
  <system-out/>
  <testcase classname="com.jack.task4.Afslaw" name="run" time="0.363"/>
  <system-out/>
  <testcase classname="com.jack.task4.Afslaw" name="run" time="0.359"/>
  <system-out/>
  <testcase classname="com.jack.task4.Afslaw" name="run" time="0.744"/>
  <system-out/>
  <testcase classname="com.jack.task4.Afslaw" name="run" time="0.359"/>
  <system-out/>
  <testcase classname="com.jack.task4.Afslaw" name="run" time="1.033"/>
  <system-out/>
  <testcase classname="com.jack.task4.Afslaw" name="run" time="0.328"/>
  <system-out/>
  <testcase classname="com.jack.task4.Afslaw" name="run" time="1.143"/>
  <system-out/>
  <testcase classname="com.jack.task4.Afslaw" name="run" time="0.801"/>
  <system-out/>
  <testcase classname="com.jack.task4.Afslaw" name="run" time="0.343"/>
  <system-out/>
  <testcase classname="com.jack.task4.Afslaw" name="run" time="0.347"/>
  <system-out/>
  <testcase classname="com.jack.task4.Afslaw" name="run" time="0.346"/>
  <system-out/>
  <testcase classname="com.jack.task4.Afslaw" name="run" time="0.850"/>
  <system-out/>
  <testcase classname="com.jack.task4.Afslaw" name="run" time="0.372"/>
  <system-out/>
  <testcase classname="com.jack.task4.Afslaw" name="run" time="0.360"/>
  <system-out/>
  <testcase classname="com.jack.task4.Afslaw" name="run" time="0.349"/>
  <system-out/>
  <testcase classname="com.jack.task4.Afslaw" name="run" time="0.340"/>
  <system-out/>
  <testcase classname="com.jack.task4.Afslaw" name="run" time="1.209"/>
  <system-out/>
  <testcase classname="com.jack.task4.Afslaw" name="run" time="0.362"/>
  <system-out/>
  <testcase classname="com.jack.task4.Afslaw" name="run" time="0.654"/>
  <system-out/>
  <testcase classname="com.jack.task4.Afslaw" name="run" time="0.335"/>
  <system-out/>
  <testcase classname="com.jack.task4.Afslaw" name="run" time="0.888"/>
  <system-out/>
  <testcase classname="com.jack.task4.Afslaw" name="run" time="0.332"/>
  <system-out/>
  <testcase classname="com.jack.task4.Afslaw" name="run" time="0.355"/>
  <system-out/>
  <testcase classname="com.jack.task4.Afslaw" name="run" time="1.028"/>
  <system-out/>
  <testcase classname="com.jack.task4.Afslaw" name="run" time="0.350"/>
  <system-out/>
  <testcase classname="com.jack.task4.Afslaw" name="run" time="0.353"/>
  <system-out/>
  <testcase classname="com.jack.task4.Afslaw" name="run" time="0.882"/>
  <system-out/>
  <testcase classname="com.jack.task4.Afslaw" name="run" time="0.344"/>
  <system-out/>
  <testcase classname="com.jack.task4.Afslaw" name="run" time="0.332"/>
  <system-out/>
  <testcase classname="com.jack.task4.Afslaw" name="run" time="0.911"/>
  <system-out/>
  <testcase classname="com.jack.task4.Afslaw" name="run" time="0.891"/>
  <system-out/>
  <testcase classname="com.jack.task4.Afslaw" name="run" time="0.358"/>
  <system-out/>
  <testcase classname="com.jack.task4.Afslaw" name="run" time="0.339"/>
  <system-out/>
  <testcase classname="com.jack.task4.Afslaw" name="run" time="0.359"/>
  <system-out/>
  <testcase classname="com.jack.task4.Afslaw" name="run" time="0.333"/>
  <system-out/>
  <testcase classname="com.jack.task4.Afslaw" name="run" time="0.343"/>
  <system-out/>
  <testcase classname="com.jack.task4.Afslaw" name="run" time="0.343"/>
  <system-out/>
  <testcase classname="com.jack.task4.Afslaw" name="run" time="0.349"/>
  <system-out/>
  <testcase classname="com.jack.task4.Afslaw" name="run" time="0.344"/>
  <system-out/>
  <testcase classname="com.jack.task4.Afslaw" name="run" time="0.394"/>
  <system-out/>
  <testcase classname="com.jack.task4.Afslaw" name="run" time="0.342"/>
  <system-out/>
  <testcase classname="com.jack.task4.Afslaw" name="run" time="0.879"/>
  <system-out/>
  <testcase classname="com.jack.task4.Afslaw" name="run" time="0.428"/>
  <system-out/>
  <testcase classname="com.jack.task4.Afslaw" name="run" time="0.866"/>
  <system-out/>
  <testcase classname="com.jack.task4.Afslaw" name="run" time="0.333"/>
  <system-out/>
  <testcase classname="com.jack.task4.Afslaw" name="run" time="0.351"/>
  <system-out/>
  <testcase classname="com.jack.task4.Afslaw" name="run" time="0.863"/>
  <system-out/>
  <testcase classname="com.jack.task4.Afslaw" name="run" time="0.338"/>
  <system-out/>
  <testcase classname="com.jack.task4.Afslaw" name="run" time="0.847"/>
  <system-out/>
  <testcase classname="com.jack.task4.Afslaw" name="run" time="0.344"/>
  <system-out/>
  <testcase classname="com.jack.task4.Afslaw" name="run" time="0.345"/>
  <system-out/>
  <testcase classname="com.jack.task4.Afslaw" name="run" time="0.331"/>
  <system-out/>
  <testcase classname="com.jack.task4.Afslaw" name="run" time="0.353"/>
  <system-out/>
  <testcase classname="com.jack.task4.Afslaw" name="run" time="0.343"/>
  <system-out/>
  <testcase classname="com.jack.task4.Afslaw" name="run" time="1.341"/>
  <system-out/>
  <testcase classname="com.jack.task4.Afslaw" name="run" time="0.354"/>
  <system-out/>
  <testcase classname="com.jack.task4.Afslaw" name="run" time="0.354"/>
  <system-out/>
  <testcase classname="com.jack.task4.Afslaw" name="run" time="0.346"/>
  <system-out/>
  <testcase classname="com.jack.task4.Afslaw" name="run" time="0.915"/>
  <system-out/>
  <testcase classname="com.jack.task4.Afslaw" name="run" time="0.351"/>
  <system-out/>
  <testcase classname="com.jack.task4.Afslaw" name="run" time="0.329"/>
  <system-out/>
  <testcase classname="com.jack.task4.Afslaw" name="run" time="0.340"/>
  <system-out/>
  <testcase classname="com.jack.task4.Afslaw" name="run" time="0.352"/>
  <system-out/>
  <testcase classname="com.jack.task4.Afslaw" name="run" time="0.369"/>
  <system-out/>
  <testcase classname="com.jack.task4.Afslaw" name="run" time="0.887"/>
  <system-out/>
  <testcase classname="com.jack.task4.Afslaw" name="run" time="0.350"/>
  <system-out/>
  <testcase classname="com.jack.task4.Afslaw" name="run" time="0.337"/>
  <system-out/>
  <testcase classname="com.jack.task4.Afslaw" name="run" time="0.340"/>
  <system-out/>
  <testcase classname="com.jack.task4.Afslaw" name="run" time="1.203"/>
  <system-out/>
  <testcase classname="com.jack.task4.Afslaw" name="run" time="0.927"/>
  <system-out/>
  <testcase classname="com.jack.task4.Afslaw" name="run" time="1.220"/>
  <system-out/>
  <testcase classname="com.jack.task4.Afslaw" name="run" time="0.330"/>
  <system-out/>
  <testcase classname="com.jack.task4.Afslaw" name="run" time="0.335"/>
  <system-out/>
  <testcase classname="com.jack.task4.Afslaw" name="run" time="0.815"/>
  <system-out/>
  <testcase classname="com.jack.task4.Afslaw" name="run" time="0.361"/>
  <system-out/>
  <testcase classname="com.jack.task4.Afslaw" name="run" time="0.338"/>
  <system-out/>
  <testcase classname="com.jack.task4.Afslaw" name="run" time="0.351"/>
  <system-out/>
  <testcase classname="com.jack.task4.Afslaw" name="run" time="0.375"/>
  <system-out/>
  <testcase classname="com.jack.task4.Afslaw" name="run" time="0.357"/>
  <system-out/>
  <testcase classname="com.jack.task4.Afslaw" name="run" time="0.336"/>
  <system-out/>
  <testcase classname="com.jack.task4.Afslaw" name="run" time="0.366"/>
  <system-out/>
  <testcase classname="com.jack.task4.Afslaw" name="run" time="0.347"/>
  <system-out/>
  <testcase classname="com.jack.task4.Afslaw" name="run" time="0.869"/>
  <system-out/>
  <testcase classname="com.jack.task4.Afslaw" name="run" time="0.837"/>
  <system-out/>
  <testcase classname="com.jack.task4.Afslaw" name="run" time="0.831"/>
  <system-out/>
  <testcase classname="com.jack.task4.Afslaw" name="run" time="0.356"/>
  <system-out/>
  <testcase classname="com.jack.task4.Afslaw" name="run" time="0.897"/>
  <system-out/>
  <testcase classname="com.jack.task4.Afslaw" name="run" time="0.345"/>
  <system-out/>
  <testcase classname="com.jack.task4.Afslaw" name="run" time="1.238"/>
  <system-out/>
  <testcase classname="com.jack.task4.Afslaw" name="run" time="0.358"/>
  <system-out/>
  <testcase classname="com.jack.task4.Afslaw" name="run" time="0.737"/>
  <system-out/>
  <testcase classname="com.jack.task4.Afslaw" name="run" time="0.356"/>
  <system-out/>
  <testcase classname="com.jack.task4.Afslaw" name="run" time="1.073"/>
  <system-out/>
  <testcase classname="com.jack.task4.Afslaw" name="run" time="0.348"/>
  <system-out/>
  <testcase classname="com.jack.task4.Afslaw" name="run" time="0.345"/>
  <system-out/>
  <testcase classname="com.jack.task4.Afslaw" name="run" time="0.816"/>
  <system-out/>
  <testcase classname="com.jack.task4.Afslaw" name="run" time="0.343"/>
  <system-out/>
  <testcase classname="com.jack.task4.Afslaw" name="run" time="0.337"/>
  <system-out/>
  <testcase classname="com.jack.task4.Afslaw" name="run" time="0.717"/>
  <system-out/>
  <testcase classname="com.jack.task4.Afslaw" name="run" time="0.368"/>
  <system-out/>
  <testcase classname="com.jack.task4.Afslaw" name="run" time="0.342"/>
  <system-out/>
  <testcase classname="com.jack.task4.Afslaw" name="run" time="1.221"/>
  <system-out/>
  <testcase classname="com.jack.task4.Afslaw" name="run" time="0.879"/>
  <system-out/>
  <testcase classname="com.jack.task4.Afslaw" name="run" time="0.347"/>
  <system-out/>
  <testcase classname="com.jack.task4.Afslaw" name="run" time="0.417"/>
  <system-out/>
  <testcase classname="com.jack.task4.Afslaw" name="run" time="0.346"/>
  <system-out/>
  <testcase classname="com.jack.task4.Afslaw" name="run" time="0.905"/>
  <system-out/>
  <testcase classname="com.jack.task4.Afslaw" name="run" time="0.769"/>
  <system-out/>
  <testcase classname="com.jack.task4.Afslaw" name="run" time="0.340"/>
  <system-out/>
  <testcase classname="com.jack.task4.Afslaw" name="run" time="0.361"/>
  <system-out/>
  <testcase classname="com.jack.task4.Afslaw" name="run" time="0.369"/>
  <system-out/>
  <testcase classname="com.jack.task4.Afslaw" name="run" time="0.910"/>
  <system-out/>
  <testcase classname="com.jack.task4.Afslaw" name="run" time="0.359"/>
  <system-out/>
  <testcase classname="com.jack.task4.Afslaw" name="run" time="0.328"/>
  <system-out/>
  <testcase classname="com.jack.task4.Afslaw" name="run" time="0.684"/>
  <system-out/>
  <testcase classname="com.jack.task4.Afslaw" name="run" time="0.339"/>
  <system-out/>
  <testcase classname="com.jack.task4.Afslaw" name="run" time="0.352"/>
  <system-out/>
  <testcase classname="com.jack.task4.Afslaw" name="run" time="0.799"/>
  <system-out/>
  <testcase classname="com.jack.task4.Afslaw" name="run" time="0.348"/>
  <system-out/>
  <testcase classname="com.jack.task4.Afslaw" name="run" time="0.872"/>
  <system-out/>
  <testcase classname="com.jack.task4.Afslaw" name="run" time="0.341"/>
  <system-out/>
  <testcase classname="com.jack.task4.Afslaw" name="run" time="0.354"/>
  <system-out/>
  <testcase classname="com.jack.task4.Afslaw" name="run" time="0.341"/>
  <system-out/>
  <testcase classname="com.jack.task4.Afslaw" name="run" time="0.349"/>
  <system-out/>
  <testcase classname="com.jack.task4.Afslaw" name="run" time="0.350"/>
  <system-out/>
  <testcase classname="com.jack.task4.Afslaw" name="run" time="0.338"/>
  <system-out/>
  <testcase classname="com.jack.task4.Afslaw" name="run" time="0.337"/>
  <system-out/>
  <testcase classname="com.jack.task4.Afslaw" name="run" time="0.325"/>
  <system-out/>
  <testcase classname="com.jack.task4.Afslaw" name="run" time="0.345"/>
  <system-out/>
  <testcase classname="com.jack.task4.Afslaw" name="run" time="0.364"/>
  <system-out/>
  <testcase classname="com.jack.task4.Afslaw" name="run" time="0.375"/>
  <system-out/>
  <testcase classname="com.jack.task4.Afslaw" name="run" time="0.357"/>
  <system-out/>
  <testcase classname="com.jack.task4.Afslaw" name="run" time="0.346"/>
  <system-out/>
  <testcase classname="com.jack.task4.Afslaw" name="run" time="0.357"/>
  <system-out/>
  <testcase classname="com.jack.task4.Afslaw" name="run" time="0.358"/>
  <system-out/>
  <testcase classname="com.jack.task4.Afslaw" name="run" time="0.345"/>
  <system-out/>
  <testcase classname="com.jack.task4.Afslaw" name="run" time="1.263"/>
  <system-out/>
  <testcase classname="com.jack.task4.Afslaw" name="run" time="0.338"/>
  <system-out/>
  <testcase classname="com.jack.task4.Afslaw" name="run" time="0.336"/>
  <system-out/>
  <testcase classname="com.jack.task4.Afslaw" name="run" time="0.350"/>
  <system-out/>
  <testcase classname="com.jack.task4.Afslaw" name="run" time="1.325"/>
  <system-out/>
  <testcase classname="com.jack.task4.Afslaw" name="run" time="0.350"/>
  <system-out/>
  <testcase classname="com.jack.task4.Afslaw" name="run" time="0.345"/>
  <system-out/>
  <testcase classname="com.jack.task4.Afslaw" name="run" time="0.820"/>
  <system-out/>
  <testcase classname="com.jack.task4.Afslaw" name="run" time="0.356"/>
  <system-out/>
  <testcase classname="com.jack.task4.Afslaw" name="run" time="0.884"/>
  <system-out/>
  <testcase classname="com.jack.task4.Afslaw" name="run" time="0.355"/>
  <system-out/>
  <testcase classname="com.jack.task4.Afslaw" name="run" time="0.344"/>
  <system-out/>
  <testcase classname="com.jack.task4.Afslaw" name="run" time="0.905"/>
  <system-out/>
  <testcase classname="com.jack.task4.Afslaw" name="run" time="0.714"/>
  <system-out/>
  <testcase classname="com.jack.task4.Afslaw" name="run" time="0.348"/>
  <system-out/>
  <testcase classname="com.jack.task4.Afslaw" name="run" time="0.875"/>
  <system-out/>
  <testcase classname="com.jack.task4.Afslaw" name="saveList" time="0.054"/>
  <system-out/>
  <testcase classname="com.jack.task4.Afslaw" name="run" time="0.832"/>
  <system-out/>
  <testcase classname="com.jack.task4.Afslaw" name="run" time="0.745"/>
  <system-out/>
  <testcase classname="com.jack.task4.Afslaw" name="run" time="0.343"/>
  <system-out/>
  <testcase classname="com.jack.task4.Afslaw" name="run" time="0.347"/>
  <system-out/>
  <testcase classname="com.jack.task4.Afslaw" name="run" time="0.358"/>
  <system-out/>
  <testcase classname="com.jack.task4.Afslaw" name="run" time="0.923"/>
  <system-out/>
  <testcase classname="com.jack.task4.Afslaw" name="run" time="0.373"/>
  <system-out/>
  <testcase classname="com.jack.task4.Afslaw" name="run" time="0.881"/>
  <system-out/>
  <testcase classname="com.jack.task4.Afslaw" name="run" time="0.341"/>
  <system-out/>
  <testcase classname="com.jack.task4.Afslaw" name="run" time="1.167"/>
  <system-out/>
  <testcase classname="com.jack.task4.Afslaw" name="run" time="0.349"/>
  <system-out/>
  <testcase classname="com.jack.task4.Afslaw" name="run" time="0.775"/>
  <system-out/>
  <testcase classname="com.jack.task4.Afslaw" name="run" time="0.350"/>
  <system-out/>
  <testcase classname="com.jack.task4.Afslaw" name="run" time="0.356"/>
  <system-out/>
  <testcase classname="com.jack.task4.Afslaw" name="run" time="0.341"/>
  <system-out/>
  <testcase classname="com.jack.task4.Afslaw" name="run" time="0.361"/>
  <system-out/>
  <testcase classname="com.jack.task4.Afslaw" name="run" time="0.350"/>
  <system-out/>
  <testcase classname="com.jack.task4.Afslaw" name="run" time="0.784"/>
  <system-out/>
  <testcase classname="com.jack.task4.Afslaw" name="run" time="0.408"/>
  <system-out/>
  <testcase classname="com.jack.task4.Afslaw" name="run" time="0.337"/>
  <system-out/>
  <testcase classname="com.jack.task4.Afslaw" name="run" time="0.733"/>
  <system-out/>
  <testcase classname="com.jack.task4.Afslaw" name="run" time="0.343"/>
  <system-out/>
  <testcase classname="com.jack.task4.Afslaw" name="run" time="0.884"/>
  <system-out/>
  <testcase classname="com.jack.task4.Afslaw" name="run" time="0.336"/>
  <system-out/>
  <testcase classname="com.jack.task4.Afslaw" name="run" time="0.331"/>
  <system-out/>
  <testcase classname="com.jack.task4.Afslaw" name="run" time="0.885"/>
  <system-out/>
  <testcase classname="com.jack.task4.Afslaw" name="run" time="0.341"/>
  <system-out/>
  <testcase classname="com.jack.task4.Afslaw" name="run" time="0.337"/>
  <system-out/>
  <testcase classname="com.jack.task4.Afslaw" name="run" time="0.350"/>
  <system-out/>
  <testcase classname="com.jack.task4.Afslaw" name="run" time="0.912"/>
  <system-out/>
  <testcase classname="com.jack.task4.Afslaw" name="run" time="0.356"/>
  <system-out/>
  <testcase classname="com.jack.task4.Afslaw" name="run" time="1.304"/>
  <system-out/>
  <testcase classname="com.jack.task4.Afslaw" name="run" time="0.349"/>
  <system-out/>
  <testcase classname="com.jack.task4.Afslaw" name="run" time="0.338"/>
  <system-out/>
  <testcase classname="com.jack.task4.Afslaw" name="run" time="0.345"/>
  <system-out/>
  <testcase classname="com.jack.task4.Afslaw" name="run" time="1.221"/>
  <system-out/>
  <testcase classname="com.jack.task4.Afslaw" name="run" time="0.338"/>
  <system-out/>
  <testcase classname="com.jack.task4.Afslaw" name="run" time="1.256"/>
  <system-out/>
  <testcase classname="com.jack.task4.Afslaw" name="run" time="0.825"/>
  <system-out/>
  <testcase classname="com.jack.task4.Afslaw" name="run" time="0.925"/>
  <system-out/>
  <testcase classname="com.jack.task4.Afslaw" name="run" time="0.883"/>
  <system-out/>
  <testcase classname="com.jack.task4.Afslaw" name="run" time="0.915"/>
  <system-out/>
  <testcase classname="com.jack.task4.Afslaw" name="run" time="0.338"/>
  <system-out/>
  <testcase classname="com.jack.task4.Afslaw" name="run" time="0.344"/>
  <system-out/>
  <testcase classname="com.jack.task4.Afslaw" name="run" time="0.351"/>
  <system-out/>
  <testcase classname="com.jack.task4.Afslaw" name="run" time="0.352"/>
  <system-out/>
  <testcase classname="com.jack.task4.Afslaw" name="run" time="0.704"/>
  <system-out/>
  <testcase classname="com.jack.task4.Afslaw" name="run" time="0.876"/>
  <system-out/>
  <testcase classname="com.jack.task4.Afslaw" name="run" time="0.345"/>
  <system-out/>
  <testcase classname="com.jack.task4.Afslaw" name="run" time="0.351"/>
  <system-out/>
  <testcase classname="com.jack.task4.Afslaw" name="run" time="0.345"/>
  <system-out/>
  <testcase classname="com.jack.task4.Afslaw" name="run" time="0.334"/>
  <system-out/>
  <testcase classname="com.jack.task4.Afslaw" name="run" time="0.366"/>
  <system-out/>
  <testcase classname="com.jack.task4.Afslaw" name="run" time="0.337"/>
  <system-out/>
  <testcase classname="com.jack.task4.Afslaw" name="run" time="0.332"/>
  <system-out/>
  <testcase classname="com.jack.task4.Afslaw" name="run" time="0.345"/>
  <system-out/>
  <testcase classname="com.jack.task4.Afslaw" name="run" time="1.385"/>
  <system-out/>
  <testcase classname="com.jack.task4.Afslaw" name="run" time="0.351"/>
  <system-out/>
  <testcase classname="com.jack.task4.Afslaw" name="run" time="0.336"/>
  <system-out/>
  <testcase classname="com.jack.task4.Afslaw" name="run" time="0.874"/>
  <system-out/>
  <testcase classname="com.jack.task4.Afslaw" name="run" time="0.745"/>
  <system-out/>
  <testcase classname="com.jack.task4.Afslaw" name="run" time="1.179"/>
  <system-out/>
  <testcase classname="com.jack.task4.Afslaw" name="run" time="0.876"/>
  <system-out/>
  <testcase classname="com.jack.task4.Afslaw" name="run" time="0.764"/>
  <system-out/>
  <testcase classname="com.jack.task4.Afslaw" name="run" time="1.530"/>
  <system-out/>
  <testcase classname="com.jack.task4.Afslaw" name="run" time="0.341"/>
  <system-out/>
  <testcase classname="com.jack.task4.Afslaw" name="run" time="0.352"/>
  <system-out/>
  <testcase classname="com.jack.task4.Afslaw" name="run" time="0.338"/>
  <system-out/>
  <testcase classname="com.jack.task4.Afslaw" name="run" time="1.193"/>
  <system-out/>
  <testcase classname="com.jack.task4.Afslaw" name="run" time="0.367"/>
  <system-out/>
  <testcase classname="com.jack.task4.Afslaw" name="run" time="0.350"/>
  <system-out/>
  <testcase classname="com.jack.task4.Afslaw" name="run" time="0.339"/>
  <system-out/>
  <testcase classname="com.jack.task4.Afslaw" name="run" time="1.157"/>
  <system-out/>
  <testcase classname="com.jack.task4.Afslaw" name="run" time="0.882"/>
  <system-out/>
  <testcase classname="com.jack.task4.Afslaw" name="run" time="0.350"/>
  <system-out/>
  <testcase classname="com.jack.task4.Afslaw" name="run" time="0.802"/>
  <system-out/>
  <testcase classname="com.jack.task4.Afslaw" name="run" time="0.367"/>
  <system-out/>
  <testcase classname="com.jack.task4.Afslaw" name="run" time="1.224"/>
  <system-out/>
  <testcase classname="com.jack.task4.Afslaw" name="run" time="0.347"/>
  <system-out/>
  <testcase classname="com.jack.task4.Afslaw" name="run" time="0.344"/>
  <system-out/>
  <testcase classname="com.jack.task4.Afslaw" name="run" time="0.342"/>
  <system-out/>
  <testcase classname="com.jack.task4.Afslaw" name="run" time="0.348"/>
  <system-out/>
  <testcase classname="com.jack.task4.Afslaw" name="run" time="0.346"/>
  <system-out/>
  <testcase classname="com.jack.task4.Afslaw" name="run" time="0.827"/>
  <system-out/>
  <testcase classname="com.jack.task4.Afslaw" name="run" time="0.721"/>
  <system-out/>
  <testcase classname="com.jack.task4.Afslaw" name="run" time="0.930"/>
  <system-out/>
  <testcase classname="com.jack.task4.Afslaw" name="run" time="0.346"/>
  <system-out/>
  <testcase classname="com.jack.task4.Afslaw" name="run" time="1.319"/>
  <system-out/>
  <testcase classname="com.jack.task4.Afslaw" name="run" time="1.031"/>
  <system-out/>
  <testcase classname="com.jack.task4.Afslaw" name="run" time="0.343"/>
  <system-out/>
  <testcase classname="com.jack.task4.Afslaw" name="run" time="0.352"/>
  <system-out/>
  <testcase classname="com.jack.task4.Afslaw" name="run" time="0.335"/>
  <system-out/>
  <testcase classname="com.jack.task4.Afslaw" name="run" time="0.340"/>
  <system-out/>
  <testcase classname="com.jack.task4.Afslaw" name="run" time="0.883"/>
  <system-out/>
  <testcase classname="com.jack.task4.Afslaw" name="run" time="0.759"/>
  <system-out/>
  <testcase classname="com.jack.task4.Afslaw" name="run" time="1.246"/>
  <system-out/>
  <testcase classname="com.jack.task4.Afslaw" name="run" time="0.346"/>
  <system-out/>
  <testcase classname="com.jack.task4.Afslaw" name="run" time="0.350"/>
  <system-out/>
  <testcase classname="com.jack.task4.Afslaw" name="run" time="0.345"/>
  <system-out/>
  <testcase classname="com.jack.task4.Afslaw" name="run" time="0.704"/>
  <system-out/>
  <testcase classname="com.jack.task4.Afslaw" name="run" time="0.344"/>
  <system-out/>
  <testcase classname="com.jack.task4.Afslaw" name="run" time="0.368"/>
  <system-out/>
  <testcase classname="com.jack.task4.Afslaw" name="run" time="0.343"/>
  <system-out/>
  <testcase classname="com.jack.task4.Afslaw" name="run" time="0.877"/>
  <system-out/>
  <testcase classname="com.jack.task4.Afslaw" name="run" time="0.378"/>
  <system-out/>
  <testcase classname="com.jack.task4.Afslaw" name="run" time="1.221"/>
  <system-out/>
  <testcase classname="com.jack.task4.Afslaw" name="run" time="0.333"/>
  <system-out/>
  <testcase classname="com.jack.task4.Afslaw" name="run" time="0.854"/>
  <system-out/>
  <testcase classname="com.jack.task4.Afslaw" name="run" time="0.328"/>
  <system-out/>
  <testcase classname="com.jack.task4.Afslaw" name="run" time="0.349"/>
  <system-out/>
  <testcase classname="com.jack.task4.Afslaw" name="run" time="0.343"/>
  <system-out/>
  <testcase classname="com.jack.task4.Afslaw" name="run" time="0.346"/>
  <system-out/>
  <testcase classname="com.jack.task4.Afslaw" name="run" time="0.346"/>
  <system-out/>
  <testcase classname="com.jack.task4.Afslaw" name="run" time="0.347"/>
  <system-out/>
  <testcase classname="com.jack.task4.Afslaw" name="run" time="0.345"/>
  <system-out/>
  <testcase classname="com.jack.task4.Afslaw" name="run" time="0.340"/>
  <system-out/>
  <testcase classname="com.jack.task4.Afslaw" name="run" time="0.345"/>
  <system-out/>
  <testcase classname="com.jack.task4.Afslaw" name="run" time="0.346"/>
  <system-out/>
  <testcase classname="com.jack.task4.Afslaw" name="run" time="0.336"/>
  <system-out/>
  <testcase classname="com.jack.task4.Afslaw" name="run" time="0.809"/>
  <system-out/>
  <testcase classname="com.jack.task4.Afslaw" name="run" time="0.946"/>
  <system-out/>
  <testcase classname="com.jack.task4.Afslaw" name="run" time="0.347"/>
  <system-out/>
  <testcase classname="com.jack.task4.Afslaw" name="run" time="1.386"/>
  <system-out/>
  <testcase classname="com.jack.task4.Afslaw" name="run" time="0.350"/>
  <system-out/>
  <testcase classname="com.jack.task4.Afslaw" name="run" time="1.662"/>
  <system-out/>
  <testcase classname="com.jack.task4.Afslaw" name="run" time="0.655"/>
  <system-out/>
  <testcase classname="com.jack.task4.Afslaw" name="run" time="0.382"/>
  <system-out/>
  <testcase classname="com.jack.task4.Afslaw" name="run" time="1.401"/>
  <system-out/>
  <testcase classname="com.jack.task4.Afslaw" name="run" time="0.926"/>
  <system-out/>
  <testcase classname="com.jack.task4.Afslaw" name="run" time="0.361"/>
  <system-out/>
  <testcase classname="com.jack.task4.Afslaw" name="run" time="0.347"/>
  <system-out/>
  <testcase classname="com.jack.task4.Afslaw" name="run" time="0.356"/>
  <system-out/>
  <testcase classname="com.jack.task4.Afslaw" name="run" time="0.889"/>
  <system-out/>
  <testcase classname="com.jack.task4.Afslaw" name="run" time="0.350"/>
  <system-out/>
  <testcase classname="com.jack.task4.Afslaw" name="run" time="0.346"/>
  <system-out/>
  <testcase classname="com.jack.task4.Afslaw" name="run" time="0.347"/>
  <system-out/>
  <testcase classname="com.jack.task4.Afslaw" name="run" time="0.357"/>
  <system-out/>
  <testcase classname="com.jack.task4.Afslaw" name="run" time="0.896"/>
  <system-out/>
  <testcase classname="com.jack.task4.Afslaw" name="run" time="0.338"/>
  <system-out/>
  <testcase classname="com.jack.task4.Afslaw" name="run" time="0.338"/>
  <system-out/>
  <testcase classname="com.jack.task4.Afslaw" name="run" time="0.353"/>
  <system-out/>
  <testcase classname="com.jack.task4.Afslaw" name="run" time="1.179"/>
  <system-out/>
  <testcase classname="com.jack.task4.Afslaw" name="run" time="0.349"/>
  <system-out/>
  <testcase classname="com.jack.task4.Afslaw" name="run" time="0.343"/>
  <system-out/>
  <testcase classname="com.jack.task4.Afslaw" name="run" time="1.204"/>
  <system-out/>
  <testcase classname="com.jack.task4.Afslaw" name="run" time="0.340"/>
  <system-out/>
  <testcase classname="com.jack.task4.Afslaw" name="run" time="0.341"/>
  <system-out/>
  <testcase classname="com.jack.task4.Afslaw" name="run" time="1.233"/>
  <system-out/>
  <testcase classname="com.jack.task4.Afslaw" name="run" time="0.338"/>
  <system-out/>
  <testcase classname="com.jack.task4.Afslaw" name="run" time="0.895"/>
  <system-out/>
  <testcase classname="com.jack.task4.Afslaw" name="run" time="0.877"/>
  <system-out/>
  <testcase classname="com.jack.task4.Afslaw" name="run" time="0.338"/>
  <system-out/>
  <testcase classname="com.jack.task4.Afslaw" name="run" time="0.867"/>
  <system-out/>
  <testcase classname="com.jack.task4.Afslaw" name="run" time="1.359"/>
  <system-out/>
  <testcase classname="com.jack.task4.Afslaw" name="run" time="0.365"/>
  <system-out/>
  <testcase classname="com.jack.task4.Afslaw" name="run" time="0.347"/>
  <system-out/>
  <testcase classname="com.jack.task4.Afslaw" name="run" time="0.342"/>
  <system-out/>
  <testcase classname="com.jack.task4.Afslaw" name="run" time="0.386"/>
  <system-out/>
  <testcase classname="com.jack.task4.Afslaw" name="run" time="0.337"/>
  <system-out/>
  <testcase classname="com.jack.task4.Afslaw" name="run" time="0.782"/>
  <system-out/>
  <testcase classname="com.jack.task4.Afslaw" name="run" time="0.737"/>
  <system-out/>
  <testcase classname="com.jack.task4.Afslaw" name="run" time="0.345"/>
  <system-out/>
  <testcase classname="com.jack.task4.Afslaw" name="run" time="0.746"/>
  <system-out/>
  <testcase classname="com.jack.task4.Afslaw" name="run" time="1.114"/>
  <system-out/>
  <testcase classname="com.jack.task4.Afslaw" name="run" time="0.865"/>
  <system-out/>
  <testcase classname="com.jack.task4.Afslaw" name="run" time="0.345"/>
  <system-out/>
  <testcase classname="com.jack.task4.Afslaw" name="run" time="1.252"/>
  <system-out/>
  <testcase classname="com.jack.task4.Afslaw" name="run" time="0.343"/>
  <system-out/>
  <testcase classname="com.jack.task4.Afslaw" name="run" time="1.254"/>
  <system-out/>
  <testcase classname="com.jack.task4.Afslaw" name="run" time="0.383"/>
  <system-out/>
  <testcase classname="com.jack.task4.Afslaw" name="run" time="0.333"/>
  <system-out/>
  <testcase classname="com.jack.task4.Afslaw" name="run" time="0.852"/>
  <system-out/>
  <testcase classname="com.jack.task4.Afslaw" name="run" time="0.353"/>
  <system-out/>
  <testcase classname="com.jack.task4.Afslaw" name="run" time="0.338"/>
  <system-out/>
  <testcase classname="com.jack.task4.Afslaw" name="run" time="0.880"/>
  <system-out/>
  <testcase classname="com.jack.task4.Afslaw" name="run" time="0.335"/>
  <system-out/>
  <testcase classname="com.jack.task4.Afslaw" name="run" time="0.345"/>
  <system-out/>
  <testcase classname="com.jack.task4.Afslaw" name="run" time="0.814"/>
  <system-out/>
  <testcase classname="com.jack.task4.Afslaw" name="run" time="0.355"/>
  <system-out/>
  <testcase classname="com.jack.task4.Afslaw" name="run" time="0.349"/>
  <system-out/>
  <testcase classname="com.jack.task4.Afslaw" name="run" time="0.352"/>
  <system-out/>
  <testcase classname="com.jack.task4.Afslaw" name="run" time="0.344"/>
  <system-out/>
  <testcase classname="com.jack.task4.Afslaw" name="run" time="0.346"/>
  <system-out/>
  <testcase classname="com.jack.task4.Afslaw" name="run" time="0.347"/>
  <system-out/>
  <testcase classname="com.jack.task4.Afslaw" name="run" time="0.349"/>
  <system-out/>
  <testcase classname="com.jack.task4.Afslaw" name="run" time="0.368"/>
  <system-out/>
  <testcase classname="com.jack.task4.Afslaw" name="run" time="1.242"/>
  <system-out/>
  <testcase classname="com.jack.task4.Afslaw" name="run" time="0.357"/>
  <system-out/>
  <testcase classname="com.jack.task4.Afslaw" name="run" time="0.852"/>
  <system-out/>
  <testcase classname="com.jack.task4.Afslaw" name="run" time="1.921"/>
  <system-out/>
  <testcase classname="com.jack.task4.Afslaw" name="run" time="1.198"/>
  <system-out/>
  <testcase classname="com.jack.task4.Afslaw" name="run" time="0.858"/>
  <system-out/>
  <testcase classname="com.jack.task4.Afslaw" name="run" time="0.348"/>
  <system-out/>
  <testcase classname="com.jack.task4.Afslaw" name="run" time="0.368"/>
  <system-out/>
  <testcase classname="com.jack.task4.Afslaw" name="run" time="1.163"/>
  <system-out/>
  <testcase classname="com.jack.task4.Afslaw" name="run" time="1.199"/>
  <system-out/>
  <testcase classname="com.jack.task4.Afslaw" name="run" time="0.812"/>
  <system-out/>
  <testcase classname="com.jack.task4.Afslaw" name="run" time="0.341"/>
  <system-out/>
  <testcase classname="com.jack.task4.Afslaw" name="run" time="0.361"/>
  <system-out/>
  <testcase classname="com.jack.task4.Afslaw" name="run" time="0.341"/>
  <system-out/>
  <testcase classname="com.jack.task4.Afslaw" name="run" time="0.335"/>
  <system-out/>
  <testcase classname="com.jack.task4.Afslaw" name="run" time="0.348"/>
  <system-out/>
  <testcase classname="com.jack.task4.Afslaw" name="run" time="0.365"/>
  <system-out/>
  <testcase classname="com.jack.task4.Afslaw" name="run" time="1.264"/>
  <system-out/>
  <testcase classname="com.jack.task4.Afslaw" name="run" time="0.364"/>
  <system-out/>
  <testcase classname="com.jack.task4.Afslaw" name="run" time="1.197"/>
  <system-out/>
  <testcase classname="com.jack.task4.Afslaw" name="run" time="0.871"/>
  <system-out/>
  <testcase classname="com.jack.task4.Afslaw" name="run" time="0.345"/>
  <system-out/>
  <testcase classname="com.jack.task4.Afslaw" name="run" time="0.828"/>
  <system-out/>
  <testcase classname="com.jack.task4.Afslaw" name="run" time="0.338"/>
  <system-out/>
  <testcase classname="com.jack.task4.Afslaw" name="run" time="0.388"/>
  <system-out/>
  <testcase classname="com.jack.task4.Afslaw" name="run" time="0.374"/>
  <system-out/>
  <testcase classname="com.jack.task4.Afslaw" name="run" time="0.351"/>
  <system-out/>
  <testcase classname="com.jack.task4.Afslaw" name="run" time="0.357"/>
  <system-out/>
  <testcase classname="com.jack.task4.Afslaw" name="run" time="0.799"/>
  <system-out/>
  <testcase classname="com.jack.task4.Afslaw" name="run" time="0.350"/>
  <system-out/>
  <testcase classname="com.jack.task4.Afslaw" name="run" time="0.728"/>
  <system-out/>
  <testcase classname="com.jack.task4.Afslaw" name="run" time="0.342"/>
  <system-out/>
  <testcase classname="com.jack.task4.Afslaw" name="run" time="0.351"/>
  <system-out/>
  <testcase classname="com.jack.task4.Afslaw" name="run" time="0.839"/>
  <system-out/>
  <testcase classname="com.jack.task4.Afslaw" name="run" time="0.338"/>
  <system-out/>
  <testcase classname="com.jack.task4.Afslaw" name="run" time="1.134"/>
  <system-out/>
  <testcase classname="com.jack.task4.Afslaw" name="run" time="0.347"/>
  <system-out/>
  <testcase classname="com.jack.task4.Afslaw" name="run" time="0.334"/>
  <system-out/>
  <testcase classname="com.jack.task4.Afslaw" name="run" time="0.794"/>
  <system-out/>
  <testcase classname="com.jack.task4.Afslaw" name="run" time="0.339"/>
  <system-out/>
  <testcase classname="com.jack.task4.Afslaw" name="run" time="1.293"/>
  <system-out/>
  <testcase classname="com.jack.task4.Afslaw" name="run" time="0.684"/>
  <system-out/>
  <testcase classname="com.jack.task4.Afslaw" name="run" time="0.886"/>
  <system-out/>
  <testcase classname="com.jack.task4.Afslaw" name="run" time="0.340"/>
  <system-out/>
  <testcase classname="com.jack.task4.Afslaw" name="run" time="0.687"/>
  <system-out/>
  <testcase classname="com.jack.task4.Afslaw" name="run" time="0.348"/>
  <system-out/>
  <testcase classname="com.jack.task4.Afslaw" name="run" time="0.369"/>
  <system-out/>
  <testcase classname="com.jack.task4.Afslaw" name="run" time="0.349"/>
  <system-out/>
  <testcase classname="com.jack.task4.Afslaw" name="run" time="0.333"/>
  <system-out/>
  <testcase classname="com.jack.task4.Afslaw" name="run" time="0.346"/>
  <system-out/>
  <testcase classname="com.jack.task4.Afslaw" name="run" time="0.350"/>
  <system-out/>
  <testcase classname="com.jack.task4.Afslaw" name="run" time="0.342"/>
  <system-out/>
  <testcase classname="com.jack.task4.Afslaw" name="run" time="0.638"/>
  <system-out/>
  <testcase classname="com.jack.task4.Afslaw" name="run" time="0.394"/>
  <system-out/>
  <testcase classname="com.jack.task4.Afslaw" name="run" time="0.340"/>
  <system-out/>
  <testcase classname="com.jack.task4.Afslaw" name="run" time="0.347"/>
  <system-out/>
  <testcase classname="com.jack.task4.Afslaw" name="run" time="0.341"/>
  <system-out/>
  <testcase classname="com.jack.task4.Afslaw" name="run" time="1.024"/>
  <system-out/>
  <testcase classname="com.jack.task4.Afslaw" name="run" time="0.336"/>
  <system-out/>
  <testcase classname="com.jack.task4.Afslaw" name="run" time="0.333"/>
  <system-out/>
  <testcase classname="com.jack.task4.Afslaw" name="run" time="0.347"/>
  <system-out/>
  <testcase classname="com.jack.task4.Afslaw" name="run" time="0.344"/>
  <system-out/>
  <testcase classname="com.jack.task4.Afslaw" name="run" time="0.344"/>
  <system-out/>
  <testcase classname="com.jack.task4.Afslaw" name="run" time="1.412"/>
  <system-out/>
  <testcase classname="com.jack.task4.Afslaw" name="run" time="0.340"/>
  <system-out/>
  <testcase classname="com.jack.task4.Afslaw" name="run" time="0.369"/>
  <system-out/>
  <testcase classname="com.jack.task4.Afslaw" name="run" time="0.890"/>
  <system-out/>
  <testcase classname="com.jack.task4.Afslaw" name="run" time="0.361"/>
  <system-out/>
  <testcase classname="com.jack.task4.Afslaw" name="run" time="0.699"/>
  <system-out/>
  <testcase classname="com.jack.task4.Afslaw" name="run" time="0.905"/>
  <system-out/>
  <testcase classname="com.jack.task4.Afslaw" name="run" time="0.342"/>
  <system-out/>
  <testcase classname="com.jack.task4.Afslaw" name="run" time="0.339"/>
  <system-out/>
  <testcase classname="com.jack.task4.Afslaw" name="run" time="0.337"/>
  <system-out/>
  <testcase classname="com.jack.task4.Afslaw" name="run" time="0.346"/>
  <system-out/>
  <testcase classname="com.jack.task4.Afslaw" name="run" time="0.339"/>
  <system-out/>
  <testcase classname="com.jack.task4.Afslaw" name="run" time="0.893"/>
  <system-out/>
  <testcase classname="com.jack.task4.Afslaw" name="run" time="0.742"/>
  <system-out/>
  <testcase classname="com.jack.task4.Afslaw" name="run" time="1.063"/>
  <system-out/>
  <testcase classname="com.jack.task4.Afslaw" name="run" time="0.343"/>
  <system-out/>
  <testcase classname="com.jack.task4.Afslaw" name="run" time="0.819"/>
  <system-out/>
  <testcase classname="com.jack.task4.Afslaw" name="run" time="0.896"/>
  <system-out/>
  <testcase classname="com.jack.task4.Afslaw" name="run" time="0.334"/>
  <system-out/>
  <testcase classname="com.jack.task4.Afslaw" name="run" time="0.348"/>
  <system-out/>
  <testcase classname="com.jack.task4.Afslaw" name="run" time="0.357"/>
  <system-out/>
  <testcase classname="com.jack.task4.Afslaw" name="run" time="0.353"/>
  <system-out/>
  <testcase classname="com.jack.task4.Afslaw" name="run" time="0.337"/>
  <system-out/>
  <testcase classname="com.jack.task4.Afslaw" name="run" time="0.362"/>
  <system-out/>
  <testcase classname="com.jack.task4.Afslaw" name="run" time="0.335"/>
  <system-out/>
  <testcase classname="com.jack.task4.Afslaw" name="run" time="0.350"/>
  <system-out/>
  <testcase classname="com.jack.task4.Afslaw" name="run" time="0.356"/>
  <system-out/>
  <testcase classname="com.jack.task4.Afslaw" name="run" time="0.348"/>
  <system-out/>
  <testcase classname="com.jack.task4.Afslaw" name="run" time="0.795"/>
  <system-out/>
  <testcase classname="com.jack.task4.Afslaw" name="run" time="0.362"/>
  <system-out/>
  <testcase classname="com.jack.task4.Afslaw" name="run" time="0.863"/>
  <system-out/>
  <testcase classname="com.jack.task4.Afslaw" name="run" time="1.227"/>
  <system-out/>
  <testcase classname="com.jack.task4.Afslaw" name="run" time="0.350"/>
  <system-out/>
  <testcase classname="com.jack.task4.Afslaw" name="run" time="0.340"/>
  <system-out/>
  <testcase classname="com.jack.task4.Afslaw" name="run" time="0.340"/>
  <system-out/>
  <testcase classname="com.jack.task4.Afslaw" name="run" time="0.346"/>
  <system-out/>
  <testcase classname="com.jack.task4.Afslaw" name="run" time="0.355"/>
  <system-out/>
  <testcase classname="com.jack.task4.Afslaw" name="run" time="0.339"/>
  <system-out/>
  <testcase classname="com.jack.task4.Afslaw" name="run" time="0.346"/>
  <system-out/>
  <testcase classname="com.jack.task4.Afslaw" name="run" time="0.867"/>
  <system-out/>
  <testcase classname="com.jack.task4.Afslaw" name="run" time="0.803"/>
  <system-out/>
  <testcase classname="com.jack.task4.Afslaw" name="run" time="1.232"/>
  <system-out/>
  <testcase classname="com.jack.task4.Afslaw" name="run" time="0.887"/>
  <system-out/>
  <testcase classname="com.jack.task4.Afslaw" name="run" time="0.713"/>
  <system-out/>
  <testcase classname="com.jack.task4.Afslaw" name="run" time="0.340"/>
  <system-out/>
  <testcase classname="com.jack.task4.Afslaw" name="run" time="0.342"/>
  <system-out/>
  <testcase classname="com.jack.task4.Afslaw" name="run" time="0.344"/>
  <system-out/>
  <testcase classname="com.jack.task4.Afslaw" name="run" time="0.342"/>
  <system-out/>
  <testcase classname="com.jack.task4.Afslaw" name="run" time="0.351"/>
  <system-out/>
  <testcase classname="com.jack.task4.Afslaw" name="run" time="0.740"/>
  <system-out/>
  <testcase classname="com.jack.task4.Afslaw" name="run" time="0.767"/>
  <system-out/>
  <testcase classname="com.jack.task4.Afslaw" name="run" time="0.356"/>
  <system-out/>
  <testcase classname="com.jack.task4.Afslaw" name="run" time="0.349"/>
  <system-out/>
  <testcase classname="com.jack.task4.Afslaw" name="run" time="0.343"/>
  <system-out/>
  <testcase classname="com.jack.task4.Afslaw" name="run" time="0.629"/>
  <system-out/>
  <testcase classname="com.jack.task4.Afslaw" name="run" time="0.342"/>
  <system-out/>
  <testcase classname="com.jack.task4.Afslaw" name="run" time="0.365"/>
  <system-out/>
  <testcase classname="com.jack.task4.Afslaw" name="run" time="0.343"/>
  <system-out/>
  <testcase classname="com.jack.task4.Afslaw" name="run" time="0.373"/>
  <system-out/>
  <testcase classname="com.jack.task4.Afslaw" name="run" time="0.339"/>
  <system-out/>
  <testcase classname="com.jack.task4.Afslaw" name="run" time="0.355"/>
  <system-out/>
  <testcase classname="com.jack.task4.Afslaw" name="run" time="0.332"/>
  <system-out/>
  <testcase classname="com.jack.task4.Afslaw" name="run" time="0.343"/>
  <system-out/>
  <testcase classname="com.jack.task4.Afslaw" name="run" time="0.349"/>
  <system-out/>
  <testcase classname="com.jack.task4.Afslaw" name="run" time="0.359"/>
  <system-out/>
  <testcase classname="com.jack.task4.Afslaw" name="run" time="0.340"/>
  <system-out/>
  <testcase classname="com.jack.task4.Afslaw" name="run" time="0.382"/>
  <system-out/>
  <testcase classname="com.jack.task4.Afslaw" name="run" time="0.811"/>
  <system-out/>
  <testcase classname="com.jack.task4.Afslaw" name="run" time="0.336"/>
  <system-out/>
  <testcase classname="com.jack.task4.Afslaw" name="run" time="0.347"/>
  <system-out/>
  <testcase classname="com.jack.task4.Afslaw" name="run" time="0.368"/>
  <system-out/>
  <testcase classname="com.jack.task4.Afslaw" name="run" time="0.367"/>
  <system-out/>
  <testcase classname="com.jack.task4.Afslaw" name="run" time="0.813"/>
  <system-out/>
  <testcase classname="com.jack.task4.Afslaw" name="run" time="0.342"/>
  <system-out/>
  <testcase classname="com.jack.task4.Afslaw" name="run" time="0.801"/>
  <system-out/>
  <testcase classname="com.jack.task4.Afslaw" name="run" time="0.346"/>
  <system-out/>
  <testcase classname="com.jack.task4.Afslaw" name="run" time="0.342"/>
  <system-out/>
  <testcase classname="com.jack.task4.Afslaw" name="run" time="0.341"/>
  <system-out/>
  <testcase classname="com.jack.task4.Afslaw" name="run" time="0.370"/>
  <system-out/>
  <testcase classname="com.jack.task4.Afslaw" name="run" time="0.342"/>
  <system-out/>
  <testcase classname="com.jack.task4.Afslaw" name="run" time="0.368"/>
  <system-out/>
  <testcase classname="com.jack.task4.Afslaw" name="run" time="0.354"/>
  <system-out/>
  <testcase classname="com.jack.task4.Afslaw" name="run" time="0.382"/>
  <system-out/>
  <testcase classname="com.jack.task4.Afslaw" name="run" time="0.378"/>
  <system-out/>
  <testcase classname="com.jack.task4.Afslaw" name="run" time="0.338"/>
  <system-out/>
  <testcase classname="com.jack.task4.Afslaw" name="run" time="0.337"/>
  <system-out/>
  <testcase classname="com.jack.task4.Afslaw" name="run" time="0.339"/>
  <system-out/>
  <testcase classname="com.jack.task4.Afslaw" name="run" time="0.836"/>
  <system-out/>
  <testcase classname="com.jack.task4.Afslaw" name="run" time="0.338"/>
  <system-out/>
  <testcase classname="com.jack.task4.Afslaw" name="run" time="0.356"/>
  <system-out/>
  <testcase classname="com.jack.task4.Afslaw" name="run" time="0.355"/>
  <system-out/>
  <testcase classname="com.jack.task4.Afslaw" name="run" time="0.339"/>
  <system-out/>
  <testcase classname="com.jack.task4.Afslaw" name="run" time="0.355"/>
  <system-out/>
  <testcase classname="com.jack.task4.Afslaw" name="run" time="0.341"/>
  <system-out/>
  <testcase classname="com.jack.task4.Afslaw" name="run" time="0.344"/>
  <system-out/>
  <testcase classname="com.jack.task4.Afslaw" name="run" time="0.356"/>
  <system-out/>
  <testcase classname="com.jack.task4.Afslaw" name="run" time="0.338"/>
  <system-out/>
  <testcase classname="com.jack.task4.Afslaw" name="run" time="0.357"/>
  <system-out/>
  <testcase classname="com.jack.task4.Afslaw" name="run" time="0.346"/>
  <system-out/>
  <testcase classname="com.jack.task4.Afslaw" name="run" time="0.778"/>
  <system-out/>
  <testcase classname="com.jack.task4.Afslaw" name="run" time="0.347"/>
  <system-out/>
  <testcase classname="com.jack.task4.Afslaw" name="run" time="0.335"/>
  <system-out/>
  <testcase classname="com.jack.task4.Afslaw" name="run" time="0.900"/>
  <system-out/>
  <testcase classname="com.jack.task4.Afslaw" name="run" time="0.364"/>
  <system-out/>
  <testcase classname="com.jack.task4.Afslaw" name="run" time="0.340"/>
  <system-out/>
  <testcase classname="com.jack.task4.Afslaw" name="run" time="0.349"/>
  <system-out/>
  <testcase classname="com.jack.task4.Afslaw" name="run" time="0.344"/>
  <system-out/>
  <testcase classname="com.jack.task4.Afslaw" name="run" time="0.727"/>
  <system-out/>
  <testcase classname="com.jack.task4.Afslaw" name="run" time="0.350"/>
  <system-out/>
  <testcase classname="com.jack.task4.Afslaw" name="run" time="0.346"/>
  <system-out/>
  <testcase classname="com.jack.task4.Afslaw" name="run" time="0.329"/>
  <system-out/>
  <testcase classname="com.jack.task4.Afslaw" name="run" time="0.328"/>
  <system-out/>
  <testcase classname="com.jack.task4.Afslaw" name="run" time="0.386"/>
  <system-out/>
  <testcase classname="com.jack.task4.Afslaw" name="run" time="0.348"/>
  <system-out/>
  <testcase classname="com.jack.task4.Afslaw" name="run" time="0.365"/>
  <system-out/>
  <testcase classname="com.jack.task4.Afslaw" name="run" time="0.325"/>
  <system-out/>
  <testcase classname="com.jack.task4.Afslaw" name="run" time="0.350"/>
  <system-out/>
  <testcase classname="com.jack.task4.Afslaw" name="run" time="0.821"/>
  <system-out/>
  <testcase classname="com.jack.task4.Afslaw" name="run" time="0.362"/>
  <system-out/>
  <testcase classname="com.jack.task4.Afslaw" name="run" time="0.885"/>
  <system-out/>
  <testcase classname="com.jack.task4.Afslaw" name="run" time="0.336"/>
  <system-out/>
  <testcase classname="com.jack.task4.Afslaw" name="run" time="0.350"/>
  <system-out/>
  <testcase classname="com.jack.task4.Afslaw" name="run" time="0.347"/>
  <system-out/>
  <testcase classname="com.jack.task4.Afslaw" name="run" time="1.243"/>
  <system-out/>
  <testcase classname="com.jack.task4.Afslaw" name="run" time="0.346"/>
  <system-out/>
  <testcase classname="com.jack.task4.Afslaw" name="run" time="0.352"/>
  <system-out/>
  <testcase classname="com.jack.task4.Afslaw" name="run" time="0.716"/>
  <system-out/>
  <testcase classname="com.jack.task4.Afslaw" name="run" time="0.858"/>
  <system-out/>
  <testcase classname="com.jack.task4.Afslaw" name="run" time="0.379"/>
  <system-out/>
  <testcase classname="com.jack.task4.Afslaw" name="run" time="0.373"/>
  <system-out/>
  <testcase classname="com.jack.task4.Afslaw" name="run" time="0.346"/>
  <system-out/>
  <testcase classname="com.jack.task4.Afslaw" name="run" time="0.376"/>
  <system-out/>
  <testcase classname="com.jack.task4.Afslaw" name="run" time="1.001"/>
  <system-out/>
  <testcase classname="com.jack.task4.Afslaw" name="testx" time="0.000"/>
  <system-out/>
  <testcase classname="com.jack.task4.Afslaw" name="run" time="0.342"/>
  <system-out/>
  <testcase classname="com.jack.task4.Afslaw" name="run" time="0.916"/>
  <system-out/>
  <testcase classname="com.jack.task4.Afslaw" name="run" time="0.349"/>
  <system-out/>
  <testcase classname="com.jack.task4.Afslaw" name="run" time="0.763"/>
  <system-out/>
  <testcase classname="com.jack.task4.Afslaw" name="run" time="0.873"/>
  <system-out/>
  <testcase classname="com.jack.task4.Afslaw" name="run" time="0.358"/>
  <system-out/>
  <testcase classname="com.jack.task4.Afslaw" name="run" time="0.350"/>
  <system-out/>
  <testcase classname="com.jack.task4.Afslaw" name="run" time="0.343"/>
  <system-out/>
  <testcase classname="com.jack.task4.Afslaw" name="run" time="1.393"/>
  <system-out/>
  <testcase classname="com.jack.task4.Afslaw" name="run" time="0.343"/>
  <system-out/>
  <testcase classname="com.jack.task4.Afslaw" name="run" time="0.752"/>
  <system-out/>
</testsuite> <!-- com.jack.task4.Afslaw -->
