<?xml version="1.0" encoding="UTF-8"?>
<!-- Generated by org.testng.reporters.JUnitReportReporter -->
<testsuite hostname="DESKTOP-89RDKF8" failures="0" tests="674" name="com.jack.task.Shearman" time="2621.892" errors="1" timestamp="2023-01-12T22:54:45 BDT" skipped="0">
  <testcase classname="com.jack.task.Shearman" name="run" time="3.903"/>
  <system-out/>
  <testcase classname="com.jack.task.Shearman" name="run" time="3.767"/>
  <system-out/>
  <testcase classname="com.jack.task.Shearman" name="run" time="3.337"/>
  <system-out/>
  <testcase classname="com.jack.task.Shearman" name="run" time="3.259"/>
  <system-out/>
  <testcase classname="com.jack.task.Shearman" name="run" time="3.332"/>
  <system-out/>
  <testcase classname="com.jack.task.Shearman" name="run" time="3.821"/>
  <system-out/>
  <testcase classname="com.jack.task.Shearman" name="run" time="3.473"/>
  <system-out/>
  <testcase classname="com.jack.task.Shearman" name="run" time="3.743"/>
  <system-out/>
  <testcase classname="com.jack.task.Shearman" name="run" time="3.996"/>
  <system-out/>
  <testcase classname="com.jack.task.Shearman" name="run" time="3.614"/>
  <system-out/>
  <testcase classname="com.jack.task.Shearman" name="run" time="3.451"/>
  <system-out/>
  <testcase classname="com.jack.task.Shearman" name="run" time="3.545"/>
  <system-out/>
  <testcase classname="com.jack.task.Shearman" name="run" time="5.434"/>
  <system-out/>
  <testcase classname="com.jack.task.Shearman" name="run" time="3.372"/>
  <system-out/>
  <testcase classname="com.jack.task.Shearman" name="run" time="3.855"/>
  <system-out/>
  <testcase classname="com.jack.task.Shearman" name="run" time="3.360"/>
  <system-out/>
  <testcase classname="com.jack.task.Shearman" name="run" time="3.391"/>
  <system-out/>
  <testcase classname="com.jack.task.Shearman" name="run" time="3.340"/>
  <system-out/>
  <testcase classname="com.jack.task.Shearman" name="run" time="3.322"/>
  <system-out/>
  <testcase classname="com.jack.task.Shearman" name="run" time="4.630"/>
  <system-out/>
  <testcase classname="com.jack.task.Shearman" name="run" time="3.642"/>
  <system-out/>
  <testcase classname="com.jack.task.Shearman" name="run" time="3.469"/>
  <system-out/>
  <testcase classname="com.jack.task.Shearman" name="run" time="4.276"/>
  <system-out/>
  <testcase classname="com.jack.task.Shearman" name="run" time="5.019"/>
  <system-out/>
  <testcase classname="com.jack.task.Shearman" name="run" time="3.197"/>
  <system-out/>
  <testcase classname="com.jack.task.Shearman" name="run" time="3.144"/>
  <system-out/>
  <testcase classname="com.jack.task.Shearman" name="run" time="3.918"/>
  <system-out/>
  <testcase classname="com.jack.task.Shearman" name="run" time="3.860"/>
  <system-out/>
  <testcase classname="com.jack.task.Shearman" name="run" time="4.952"/>
  <system-out/>
  <testcase classname="com.jack.task.Shearman" name="run" time="5.210"/>
  <system-out/>
  <testcase classname="com.jack.task.Shearman" name="run" time="4.502"/>
  <system-out/>
  <testcase classname="com.jack.task.Shearman" name="run" time="3.285"/>
  <system-out/>
  <testcase classname="com.jack.task.Shearman" name="run" time="3.636"/>
  <system-out/>
  <testcase classname="com.jack.task.Shearman" name="run" time="3.635"/>
  <system-out/>
  <testcase classname="com.jack.task.Shearman" name="run" time="5.032"/>
  <system-out/>
  <testcase classname="com.jack.task.Shearman" name="run" time="3.489"/>
  <system-out/>
  <testcase classname="com.jack.task.Shearman" name="run" time="3.428"/>
  <system-out/>
  <testcase classname="com.jack.task.Shearman" name="run" time="3.435"/>
  <system-out/>
  <testcase classname="com.jack.task.Shearman" name="run" time="3.438"/>
  <system-out/>
  <testcase classname="com.jack.task.Shearman" name="run" time="3.183"/>
  <system-out/>
  <testcase classname="com.jack.task.Shearman" name="run" time="3.489"/>
  <system-out/>
  <testcase classname="com.jack.task.Shearman" name="run" time="3.800"/>
  <system-out/>
  <testcase classname="com.jack.task.Shearman" name="run" time="3.542"/>
  <system-out/>
  <testcase classname="com.jack.task.Shearman" name="run" time="4.467"/>
  <system-out/>
  <testcase classname="com.jack.task.Shearman" name="run" time="3.177"/>
  <system-out/>
  <testcase classname="com.jack.task.Shearman" name="run" time="4.220"/>
  <system-out/>
  <testcase classname="com.jack.task.Shearman" name="run" time="3.715"/>
  <system-out/>
  <testcase classname="com.jack.task.Shearman" name="run" time="3.596"/>
  <system-out/>
  <testcase classname="com.jack.task.Shearman" name="run" time="3.819"/>
  <system-out/>
  <testcase classname="com.jack.task.Shearman" name="run" time="3.920"/>
  <system-out/>
  <testcase classname="com.jack.task.Shearman" name="run" time="3.605"/>
  <system-out/>
  <testcase classname="com.jack.task.Shearman" name="run" time="3.543"/>
  <system-out/>
  <testcase classname="com.jack.task.Shearman" name="run" time="3.204"/>
  <system-out/>
  <testcase classname="com.jack.task.Shearman" name="run" time="3.542"/>
  <system-out/>
  <testcase classname="com.jack.task.Shearman" name="run" time="3.618"/>
  <system-out/>
  <testcase classname="com.jack.task.Shearman" name="run" time="3.402"/>
  <system-out/>
  <testcase classname="com.jack.task.Shearman" name="run" time="12.412">
    <error message="Expected condition failed: waiting for visibility of element located by By.xpath: //a[@id=&#039;OverviewButton&#039;] (tried for 10 second(s) with 500 milliseconds interval)
Build info: version: &#039;4.7.0&#039;, revision: &#039;0a5b49d16f&#039;
System info: os.name: &#039;Windows 10&#039;, os.arch: &#039;amd64&#039;, os.version: &#039;10.0&#039;, java.version: &#039;11.0.16.1&#039;
Driver info: org.openqa.selenium.chrome.ChromeDriver
Capabilities {acceptInsecureCerts: false, browserName: chrome, browserVersion: 108.0.5359.125, chrome: {chromedriverVersion: 108.0.5359.22 (ec46c90f5938...}, goog:chromeOptions: {debuggerAddress: localhost:8050}, pageLoadStrategy: normal, platformName: ANY, proxy: Proxy(), se:cdp: ws://localhost:8050/devtool..., se:cdpVersion: 108.0.5359.125, setWindowRect: false, strictFileInteractability: false, timeouts: {implicit: 0, pageLoad: 300000, script: 30000}, unhandledPromptBehavior: dismiss and notify, webauthn:extension:credBlob: true, webauthn:extension:largeBlob: true, webauthn:virtualAuthenticators: true}
Session ID: 4e600982ce51ac6a07370bb4bc83ef3a" type="org.openqa.selenium.TimeoutException">
      <![CDATA[org.openqa.selenium.TimeoutException: Expected condition failed: waiting for visibility of element located by By.xpath: //a[@id='OverviewButton'] (tried for 10 second(s) with 500 milliseconds interval)
Build info: version: '4.7.0', revision: '0a5b49d16f'
System info: os.name: 'Windows 10', os.arch: 'amd64', os.version: '10.0', java.version: '11.0.16.1'
Driver info: org.openqa.selenium.chrome.ChromeDriver
Capabilities {acceptInsecureCerts: false, browserName: chrome, browserVersion: 108.0.5359.125, chrome: {chromedriverVersion: 108.0.5359.22 (ec46c90f5938...}, goog:chromeOptions: {debuggerAddress: localhost:8050}, pageLoadStrategy: normal, platformName: ANY, proxy: Proxy(), se:cdp: ws://localhost:8050/devtool..., se:cdpVersion: 108.0.5359.125, setWindowRect: false, strictFileInteractability: false, timeouts: {implicit: 0, pageLoad: 300000, script: 30000}, unhandledPromptBehavior: dismiss and notify, webauthn:extension:credBlob: true, webauthn:extension:largeBlob: true, webauthn:virtualAuthenticators: true}
Session ID: 4e600982ce51ac6a07370bb4bc83ef3a
at org.openqa.selenium.support.ui.WebDriverWait.timeoutException(WebDriverWait.java:87)
at org.openqa.selenium.support.ui.FluentWait.until(FluentWait.java:231)
at com.jack.task.Shearman.run(Shearman.java:99)
at jdk.internal.reflect.GeneratedMethodAccessor1.invoke(Unknown Source)
at java.base/jdk.internal.reflect.DelegatingMethodAccessorImpl.invoke(DelegatingMethodAccessorImpl.java:43)
at java.base/java.lang.reflect.Method.invoke(Method.java:566)
at org.testng.internal.invokers.MethodInvocationHelper.invokeMethod(MethodInvocationHelper.java:139)
at org.testng.internal.invokers.TestInvoker.invokeMethod(TestInvoker.java:677)
at org.testng.internal.invokers.TestInvoker.invokeTestMethod(TestInvoker.java:221)
at org.testng.internal.invokers.MethodRunner.runInSequence(MethodRunner.java:50)
at org.testng.internal.invokers.TestInvoker$MethodInvocationAgent.invoke(TestInvoker.java:962)
at org.testng.internal.invokers.TestInvoker.invokeTestMethods(TestInvoker.java:194)
at org.testng.internal.invokers.TestMethodWorker.invokeTestMethods(TestMethodWorker.java:148)
at org.testng.internal.invokers.TestMethodWorker.run(TestMethodWorker.java:128)
at java.base/java.util.ArrayList.forEach(ArrayList.java:1541)
at org.testng.TestRunner.privateRun(TestRunner.java:806)
at org.testng.TestRunner.run(TestRunner.java:601)
at org.testng.SuiteRunner.runTest(SuiteRunner.java:433)
at org.testng.SuiteRunner.runSequentially(SuiteRunner.java:427)
at org.testng.SuiteRunner.privateRun(SuiteRunner.java:387)
at org.testng.SuiteRunner.run(SuiteRunner.java:330)
at org.testng.SuiteRunnerWorker.runSuite(SuiteRunnerWorker.java:52)
at org.testng.SuiteRunnerWorker.run(SuiteRunnerWorker.java:95)
at org.testng.TestNG.runSuitesSequentially(TestNG.java:1256)
at org.testng.TestNG.runSuitesLocally(TestNG.java:1176)
at org.testng.TestNG.runSuites(TestNG.java:1099)
at org.testng.TestNG.run(TestNG.java:1067)
at org.testng.remote.AbstractRemoteTestNG.run(AbstractRemoteTestNG.java:115)
at org.testng.remote.RemoteTestNG.initAndRun(RemoteTestNG.java:251)
at org.testng.remote.RemoteTestNG.main(RemoteTestNG.java:77)
]]>
    </error>
  </testcase> <!-- run -->
  <system-out/>
  <testcase classname="com.jack.task.Shearman" name="run" time="3.634"/>
  <system-out/>
  <testcase classname="com.jack.task.Shearman" name="run" time="4.237"/>
  <system-out/>
  <testcase classname="com.jack.task.Shearman" name="run" time="4.762"/>
  <system-out/>
  <testcase classname="com.jack.task.Shearman" name="run" time="3.374"/>
  <system-out/>
  <testcase classname="com.jack.task.Shearman" name="run" time="3.421"/>
  <system-out/>
  <testcase classname="com.jack.task.Shearman" name="run" time="3.358"/>
  <system-out/>
  <testcase classname="com.jack.task.Shearman" name="run" time="3.262"/>
  <system-out/>
  <testcase classname="com.jack.task.Shearman" name="run" time="4.903"/>
  <system-out/>
  <testcase classname="com.jack.task.Shearman" name="run" time="3.586"/>
  <system-out/>
  <testcase classname="com.jack.task.Shearman" name="run" time="3.581"/>
  <system-out/>
  <testcase classname="com.jack.task.Shearman" name="run" time="4.969"/>
  <system-out/>
  <testcase classname="com.jack.task.Shearman" name="run" time="3.572"/>
  <system-out/>
  <testcase classname="com.jack.task.Shearman" name="run" time="3.688"/>
  <system-out/>
  <testcase classname="com.jack.task.Shearman" name="run" time="3.416"/>
  <system-out/>
  <testcase classname="com.jack.task.Shearman" name="run" time="4.912"/>
  <system-out/>
  <testcase classname="com.jack.task.Shearman" name="run" time="3.821"/>
  <system-out/>
  <testcase classname="com.jack.task.Shearman" name="run" time="5.437"/>
  <system-out/>
  <testcase classname="com.jack.task.Shearman" name="run" time="3.362"/>
  <system-out/>
  <testcase classname="com.jack.task.Shearman" name="run" time="4.239"/>
  <system-out/>
  <testcase classname="com.jack.task.Shearman" name="run" time="3.727"/>
  <system-out/>
  <testcase classname="com.jack.task.Shearman" name="run" time="4.201"/>
  <system-out/>
  <testcase classname="com.jack.task.Shearman" name="run" time="4.201"/>
  <system-out/>
  <testcase classname="com.jack.task.Shearman" name="run" time="3.121"/>
  <system-out/>
  <testcase classname="com.jack.task.Shearman" name="run" time="4.053"/>
  <system-out/>
  <testcase classname="com.jack.task.Shearman" name="run" time="4.434"/>
  <system-out/>
  <testcase classname="com.jack.task.Shearman" name="run" time="3.574"/>
  <system-out/>
  <testcase classname="com.jack.task.Shearman" name="run" time="3.321"/>
  <system-out/>
  <testcase classname="com.jack.task.Shearman" name="run" time="3.289"/>
  <system-out/>
  <testcase classname="com.jack.task.Shearman" name="run" time="3.454"/>
  <system-out/>
  <testcase classname="com.jack.task.Shearman" name="run" time="4.071"/>
  <system-out/>
  <testcase classname="com.jack.task.Shearman" name="run" time="3.576"/>
  <system-out/>
  <testcase classname="com.jack.task.Shearman" name="run" time="3.667"/>
  <system-out/>
  <testcase classname="com.jack.task.Shearman" name="run" time="3.457"/>
  <system-out/>
  <testcase classname="com.jack.task.Shearman" name="run" time="3.261"/>
  <system-out/>
  <testcase classname="com.jack.task.Shearman" name="run" time="3.428"/>
  <system-out/>
  <testcase classname="com.jack.task.Shearman" name="run" time="3.338"/>
  <system-out/>
  <testcase classname="com.jack.task.Shearman" name="run" time="3.605"/>
  <system-out/>
  <testcase classname="com.jack.task.Shearman" name="run" time="3.831"/>
  <system-out/>
  <testcase classname="com.jack.task.Shearman" name="run" time="3.652"/>
  <system-out/>
  <testcase classname="com.jack.task.Shearman" name="run" time="3.489"/>
  <system-out/>
  <testcase classname="com.jack.task.Shearman" name="run" time="4.409"/>
  <system-out/>
  <testcase classname="com.jack.task.Shearman" name="run" time="3.731"/>
  <system-out/>
  <testcase classname="com.jack.task.Shearman" name="run" time="3.320"/>
  <system-out/>
  <testcase classname="com.jack.task.Shearman" name="run" time="4.939"/>
  <system-out/>
  <testcase classname="com.jack.task.Shearman" name="run" time="3.797"/>
  <system-out/>
  <testcase classname="com.jack.task.Shearman" name="run" time="4.569"/>
  <system-out/>
  <testcase classname="com.jack.task.Shearman" name="run" time="3.599"/>
  <system-out/>
  <testcase classname="com.jack.task.Shearman" name="run" time="4.495"/>
  <system-out/>
  <testcase classname="com.jack.task.Shearman" name="run" time="3.741"/>
  <system-out/>
  <testcase classname="com.jack.task.Shearman" name="run" time="3.091"/>
  <system-out/>
  <testcase classname="com.jack.task.Shearman" name="run" time="3.385"/>
  <system-out/>
  <testcase classname="com.jack.task.Shearman" name="run" time="3.123"/>
  <system-out/>
  <testcase classname="com.jack.task.Shearman" name="run" time="3.315"/>
  <system-out/>
  <testcase classname="com.jack.task.Shearman" name="run" time="4.074"/>
  <system-out/>
  <testcase classname="com.jack.task.Shearman" name="run" time="3.833"/>
  <system-out/>
  <testcase classname="com.jack.task.Shearman" name="run" time="3.817"/>
  <system-out/>
  <testcase classname="com.jack.task.Shearman" name="run" time="6.779"/>
  <system-out/>
  <testcase classname="com.jack.task.Shearman" name="run" time="3.527"/>
  <system-out/>
  <testcase classname="com.jack.task.Shearman" name="run" time="3.467"/>
  <system-out/>
  <testcase classname="com.jack.task.Shearman" name="run" time="3.988"/>
  <system-out/>
  <testcase classname="com.jack.task.Shearman" name="run" time="3.500"/>
  <system-out/>
  <testcase classname="com.jack.task.Shearman" name="run" time="6.938"/>
  <system-out/>
  <testcase classname="com.jack.task.Shearman" name="run" time="3.426"/>
  <system-out/>
  <testcase classname="com.jack.task.Shearman" name="run" time="3.064"/>
  <system-out/>
  <testcase classname="com.jack.task.Shearman" name="run" time="3.244"/>
  <system-out/>
  <testcase classname="com.jack.task.Shearman" name="run" time="4.165"/>
  <system-out/>
  <testcase classname="com.jack.task.Shearman" name="run" time="3.377"/>
  <system-out/>
  <testcase classname="com.jack.task.Shearman" name="run" time="3.373"/>
  <system-out/>
  <testcase classname="com.jack.task.Shearman" name="run" time="3.414"/>
  <system-out/>
  <testcase classname="com.jack.task.Shearman" name="run" time="4.372"/>
  <system-out/>
  <testcase classname="com.jack.task.Shearman" name="run" time="3.463"/>
  <system-out/>
  <testcase classname="com.jack.task.Shearman" name="run" time="4.322"/>
  <system-out/>
  <testcase classname="com.jack.task.Shearman" name="run" time="3.453"/>
  <system-out/>
  <testcase classname="com.jack.task.Shearman" name="run" time="3.116"/>
  <system-out/>
  <testcase classname="com.jack.task.Shearman" name="run" time="4.131"/>
  <system-out/>
  <testcase classname="com.jack.task.Shearman" name="run" time="5.052"/>
  <system-out/>
  <testcase classname="com.jack.task.Shearman" name="run" time="3.632"/>
  <system-out/>
  <testcase classname="com.jack.task.Shearman" name="run" time="3.015"/>
  <system-out/>
  <testcase classname="com.jack.task.Shearman" name="run" time="3.959"/>
  <system-out/>
  <testcase classname="com.jack.task.Shearman" name="run" time="3.221"/>
  <system-out/>
  <testcase classname="com.jack.task.Shearman" name="run" time="3.462"/>
  <system-out/>
  <testcase classname="com.jack.task.Shearman" name="run" time="4.521"/>
  <system-out/>
  <testcase classname="com.jack.task.Shearman" name="run" time="3.395"/>
  <system-out/>
  <testcase classname="com.jack.task.Shearman" name="run" time="3.768"/>
  <system-out/>
  <testcase classname="com.jack.task.Shearman" name="run" time="3.420"/>
  <system-out/>
  <testcase classname="com.jack.task.Shearman" name="run" time="3.215"/>
  <system-out/>
  <testcase classname="com.jack.task.Shearman" name="run" time="3.330"/>
  <system-out/>
  <testcase classname="com.jack.task.Shearman" name="run" time="3.771"/>
  <system-out/>
  <testcase classname="com.jack.task.Shearman" name="run" time="3.165"/>
  <system-out/>
  <testcase classname="com.jack.task.Shearman" name="run" time="3.368"/>
  <system-out/>
  <testcase classname="com.jack.task.Shearman" name="run" time="3.752"/>
  <system-out/>
  <testcase classname="com.jack.task.Shearman" name="run" time="3.666"/>
  <system-out/>
  <testcase classname="com.jack.task.Shearman" name="run" time="3.612"/>
  <system-out/>
  <testcase classname="com.jack.task.Shearman" name="run" time="3.233"/>
  <system-out/>
  <testcase classname="com.jack.task.Shearman" name="run" time="3.544"/>
  <system-out/>
  <testcase classname="com.jack.task.Shearman" name="run" time="3.333"/>
  <system-out/>
  <testcase classname="com.jack.task.Shearman" name="run" time="4.216"/>
  <system-out/>
  <testcase classname="com.jack.task.Shearman" name="run" time="3.422"/>
  <system-out/>
  <testcase classname="com.jack.task.Shearman" name="run" time="3.396"/>
  <system-out/>
  <testcase classname="com.jack.task.Shearman" name="run" time="3.352"/>
  <system-out/>
  <testcase classname="com.jack.task.Shearman" name="run" time="3.731"/>
  <system-out/>
  <testcase classname="com.jack.task.Shearman" name="run" time="5.140"/>
  <system-out/>
  <testcase classname="com.jack.task.Shearman" name="run" time="3.334"/>
  <system-out/>
  <testcase classname="com.jack.task.Shearman" name="run" time="3.502"/>
  <system-out/>
  <testcase classname="com.jack.task.Shearman" name="run" time="3.968"/>
  <system-out/>
  <testcase classname="com.jack.task.Shearman" name="run" time="3.641"/>
  <system-out/>
  <testcase classname="com.jack.task.Shearman" name="run" time="3.230"/>
  <system-out/>
  <testcase classname="com.jack.task.Shearman" name="run" time="6.600"/>
  <system-out/>
  <testcase classname="com.jack.task.Shearman" name="run" time="3.215"/>
  <system-out/>
  <testcase classname="com.jack.task.Shearman" name="run" time="6.809"/>
  <system-out/>
  <testcase classname="com.jack.task.Shearman" name="run" time="4.087"/>
  <system-out/>
  <testcase classname="com.jack.task.Shearman" name="run" time="3.396"/>
  <system-out/>
  <testcase classname="com.jack.task.Shearman" name="run" time="3.429"/>
  <system-out/>
  <testcase classname="com.jack.task.Shearman" name="run" time="3.549"/>
  <system-out/>
  <testcase classname="com.jack.task.Shearman" name="run" time="3.940"/>
  <system-out/>
  <testcase classname="com.jack.task.Shearman" name="run" time="4.437"/>
  <system-out/>
  <testcase classname="com.jack.task.Shearman" name="run" time="3.336"/>
  <system-out/>
  <testcase classname="com.jack.task.Shearman" name="run" time="3.687"/>
  <system-out/>
  <testcase classname="com.jack.task.Shearman" name="run" time="3.594"/>
  <system-out/>
  <testcase classname="com.jack.task.Shearman" name="run" time="3.462"/>
  <system-out/>
  <testcase classname="com.jack.task.Shearman" name="run" time="3.680"/>
  <system-out/>
  <testcase classname="com.jack.task.Shearman" name="run" time="3.525"/>
  <system-out/>
  <testcase classname="com.jack.task.Shearman" name="run" time="3.392"/>
  <system-out/>
  <testcase classname="com.jack.task.Shearman" name="run" time="3.374"/>
  <system-out/>
  <testcase classname="com.jack.task.Shearman" name="run" time="3.202"/>
  <system-out/>
  <testcase classname="com.jack.task.Shearman" name="run" time="3.364"/>
  <system-out/>
  <testcase classname="com.jack.task.Shearman" name="run" time="3.772"/>
  <system-out/>
  <testcase classname="com.jack.task.Shearman" name="run" time="4.267"/>
  <system-out/>
  <testcase classname="com.jack.task.Shearman" name="run" time="3.691"/>
  <system-out/>
  <testcase classname="com.jack.task.Shearman" name="run" time="3.322"/>
  <system-out/>
  <testcase classname="com.jack.task.Shearman" name="run" time="3.751"/>
  <system-out/>
  <testcase classname="com.jack.task.Shearman" name="run" time="3.746"/>
  <system-out/>
  <testcase classname="com.jack.task.Shearman" name="run" time="3.423"/>
  <system-out/>
  <testcase classname="com.jack.task.Shearman" name="run" time="3.467"/>
  <system-out/>
  <testcase classname="com.jack.task.Shearman" name="run" time="4.373"/>
  <system-out/>
  <testcase classname="com.jack.task.Shearman" name="run" time="4.362"/>
  <system-out/>
  <testcase classname="com.jack.task.Shearman" name="run" time="4.844"/>
  <system-out/>
  <testcase classname="com.jack.task.Shearman" name="run" time="3.988"/>
  <system-out/>
  <testcase classname="com.jack.task.Shearman" name="run" time="3.127"/>
  <system-out/>
  <testcase classname="com.jack.task.Shearman" name="run" time="9.309"/>
  <system-out/>
  <testcase classname="com.jack.task.Shearman" name="run" time="6.456"/>
  <system-out/>
  <testcase classname="com.jack.task.Shearman" name="run" time="4.152"/>
  <system-out/>
  <testcase classname="com.jack.task.Shearman" name="run" time="3.347"/>
  <system-out/>
  <testcase classname="com.jack.task.Shearman" name="run" time="4.388"/>
  <system-out/>
  <testcase classname="com.jack.task.Shearman" name="run" time="3.966"/>
  <system-out/>
  <testcase classname="com.jack.task.Shearman" name="run" time="3.768"/>
  <system-out/>
  <testcase classname="com.jack.task.Shearman" name="run" time="3.507"/>
  <system-out/>
  <testcase classname="com.jack.task.Shearman" name="run" time="3.569"/>
  <system-out/>
  <testcase classname="com.jack.task.Shearman" name="run" time="3.131"/>
  <system-out/>
  <testcase classname="com.jack.task.Shearman" name="run" time="3.431"/>
  <system-out/>
  <testcase classname="com.jack.task.Shearman" name="run" time="3.697"/>
  <system-out/>
  <testcase classname="com.jack.task.Shearman" name="run" time="3.802"/>
  <system-out/>
  <testcase classname="com.jack.task.Shearman" name="run" time="3.516"/>
  <system-out/>
  <testcase classname="com.jack.task.Shearman" name="run" time="3.169"/>
  <system-out/>
  <testcase classname="com.jack.task.Shearman" name="run" time="3.379"/>
  <system-out/>
  <testcase classname="com.jack.task.Shearman" name="run" time="3.839"/>
  <system-out/>
  <testcase classname="com.jack.task.Shearman" name="run" time="5.011"/>
  <system-out/>
  <testcase classname="com.jack.task.Shearman" name="run" time="4.141"/>
  <system-out/>
  <testcase classname="com.jack.task.Shearman" name="run" time="3.746"/>
  <system-out/>
  <testcase classname="com.jack.task.Shearman" name="run" time="3.382"/>
  <system-out/>
  <testcase classname="com.jack.task.Shearman" name="run" time="3.813"/>
  <system-out/>
  <testcase classname="com.jack.task.Shearman" name="run" time="4.447"/>
  <system-out/>
  <testcase classname="com.jack.task.Shearman" name="run" time="3.832"/>
  <system-out/>
  <testcase classname="com.jack.task.Shearman" name="run" time="3.456"/>
  <system-out/>
  <testcase classname="com.jack.task.Shearman" name="run" time="4.567"/>
  <system-out/>
  <testcase classname="com.jack.task.Shearman" name="run" time="3.939"/>
  <system-out/>
  <testcase classname="com.jack.task.Shearman" name="run" time="3.727"/>
  <system-out/>
  <testcase classname="com.jack.task.Shearman" name="run" time="4.192"/>
  <system-out/>
  <testcase classname="com.jack.task.Shearman" name="run" time="3.387"/>
  <system-out/>
  <testcase classname="com.jack.task.Shearman" name="run" time="3.585"/>
  <system-out/>
  <testcase classname="com.jack.task.Shearman" name="run" time="3.640"/>
  <system-out/>
  <testcase classname="com.jack.task.Shearman" name="run" time="3.684"/>
  <system-out/>
  <testcase classname="com.jack.task.Shearman" name="run" time="4.120"/>
  <system-out/>
  <testcase classname="com.jack.task.Shearman" name="run" time="3.389"/>
  <system-out/>
  <testcase classname="com.jack.task.Shearman" name="run" time="3.371"/>
  <system-out/>
  <testcase classname="com.jack.task.Shearman" name="run" time="4.737"/>
  <system-out/>
  <testcase classname="com.jack.task.Shearman" name="run" time="3.324"/>
  <system-out/>
  <testcase classname="com.jack.task.Shearman" name="run" time="3.398"/>
  <system-out/>
  <testcase classname="com.jack.task.Shearman" name="run" time="3.240"/>
  <system-out/>
  <testcase classname="com.jack.task.Shearman" name="run" time="3.402"/>
  <system-out/>
  <testcase classname="com.jack.task.Shearman" name="run" time="4.097"/>
  <system-out/>
  <testcase classname="com.jack.task.Shearman" name="run" time="3.512"/>
  <system-out/>
  <testcase classname="com.jack.task.Shearman" name="run" time="4.033"/>
  <system-out/>
  <testcase classname="com.jack.task.Shearman" name="run" time="3.541"/>
  <system-out/>
  <testcase classname="com.jack.task.Shearman" name="run" time="4.423"/>
  <system-out/>
  <testcase classname="com.jack.task.Shearman" name="run" time="4.689"/>
  <system-out/>
  <testcase classname="com.jack.task.Shearman" name="run" time="3.577"/>
  <system-out/>
  <testcase classname="com.jack.task.Shearman" name="run" time="3.659"/>
  <system-out/>
  <testcase classname="com.jack.task.Shearman" name="run" time="3.516"/>
  <system-out/>
  <testcase classname="com.jack.task.Shearman" name="run" time="4.408"/>
  <system-out/>
  <testcase classname="com.jack.task.Shearman" name="run" time="3.090"/>
  <system-out/>
  <testcase classname="com.jack.task.Shearman" name="run" time="3.511"/>
  <system-out/>
  <testcase classname="com.jack.task.Shearman" name="run" time="3.998"/>
  <system-out/>
  <testcase classname="com.jack.task.Shearman" name="testx" time="0.002"/>
  <system-out/>
  <testcase classname="com.jack.task.Shearman" name="run" time="3.636"/>
  <system-out/>
  <testcase classname="com.jack.task.Shearman" name="run" time="4.144"/>
  <system-out/>
  <testcase classname="com.jack.task.Shearman" name="run" time="3.193"/>
  <system-out/>
  <testcase classname="com.jack.task.Shearman" name="run" time="3.547"/>
  <system-out/>
  <testcase classname="com.jack.task.Shearman" name="run" time="3.439"/>
  <system-out/>
  <testcase classname="com.jack.task.Shearman" name="run" time="3.283"/>
  <system-out/>
  <testcase classname="com.jack.task.Shearman" name="run" time="5.657"/>
  <system-out/>
  <testcase classname="com.jack.task.Shearman" name="run" time="2.983"/>
  <system-out/>
  <testcase classname="com.jack.task.Shearman" name="run" time="3.685"/>
  <system-out/>
  <testcase classname="com.jack.task.Shearman" name="run" time="3.610"/>
  <system-out/>
  <testcase classname="com.jack.task.Shearman" name="run" time="4.006"/>
  <system-out/>
  <testcase classname="com.jack.task.Shearman" name="run" time="3.286"/>
  <system-out/>
  <testcase classname="com.jack.task.Shearman" name="run" time="3.694"/>
  <system-out/>
  <testcase classname="com.jack.task.Shearman" name="run" time="3.372"/>
  <system-out/>
  <testcase classname="com.jack.task.Shearman" name="run" time="3.554"/>
  <system-out/>
  <testcase classname="com.jack.task.Shearman" name="run" time="3.324"/>
  <system-out/>
  <testcase classname="com.jack.task.Shearman" name="run" time="3.565"/>
  <system-out/>
  <testcase classname="com.jack.task.Shearman" name="run" time="3.589"/>
  <system-out/>
  <testcase classname="com.jack.task.Shearman" name="run" time="4.682"/>
  <system-out/>
  <testcase classname="com.jack.task.Shearman" name="run" time="3.713"/>
  <system-out/>
  <testcase classname="com.jack.task.Shearman" name="run" time="3.229"/>
  <system-out/>
  <testcase classname="com.jack.task.Shearman" name="run" time="4.773"/>
  <system-out/>
  <testcase classname="com.jack.task.Shearman" name="run" time="3.617"/>
  <system-out/>
  <testcase classname="com.jack.task.Shearman" name="run" time="3.419"/>
  <system-out/>
  <testcase classname="com.jack.task.Shearman" name="run" time="3.298"/>
  <system-out/>
  <testcase classname="com.jack.task.Shearman" name="run" time="4.402"/>
  <system-out/>
  <testcase classname="com.jack.task.Shearman" name="run" time="3.471"/>
  <system-out/>
  <testcase classname="com.jack.task.Shearman" name="run" time="4.871"/>
  <system-out/>
  <testcase classname="com.jack.task.Shearman" name="run" time="4.111"/>
  <system-out/>
  <testcase classname="com.jack.task.Shearman" name="run" time="3.653"/>
  <system-out/>
  <testcase classname="com.jack.task.Shearman" name="run" time="3.855"/>
  <system-out/>
  <testcase classname="com.jack.task.Shearman" name="run" time="3.372"/>
  <system-out/>
  <testcase classname="com.jack.task.Shearman" name="run" time="3.535"/>
  <system-out/>
  <testcase classname="com.jack.task.Shearman" name="run" time="3.185"/>
  <system-out/>
  <testcase classname="com.jack.task.Shearman" name="run" time="4.070"/>
  <system-out/>
  <testcase classname="com.jack.task.Shearman" name="run" time="4.233"/>
  <system-out/>
  <testcase classname="com.jack.task.Shearman" name="run" time="5.776"/>
  <system-out/>
  <testcase classname="com.jack.task.Shearman" name="run" time="4.817"/>
  <system-out/>
  <testcase classname="com.jack.task.Shearman" name="run" time="3.930"/>
  <system-out/>
  <testcase classname="com.jack.task.Shearman" name="run" time="4.812"/>
  <system-out/>
  <testcase classname="com.jack.task.Shearman" name="run" time="4.228"/>
  <system-out/>
  <testcase classname="com.jack.task.Shearman" name="run" time="4.757"/>
  <system-out/>
  <testcase classname="com.jack.task.Shearman" name="run" time="3.495"/>
  <system-out/>
  <testcase classname="com.jack.task.Shearman" name="run" time="3.848"/>
  <system-out/>
  <testcase classname="com.jack.task.Shearman" name="run" time="3.517"/>
  <system-out/>
  <testcase classname="com.jack.task.Shearman" name="run" time="3.542"/>
  <system-out/>
  <testcase classname="com.jack.task.Shearman" name="run" time="4.114"/>
  <system-out/>
  <testcase classname="com.jack.task.Shearman" name="run" time="5.530"/>
  <system-out/>
  <testcase classname="com.jack.task.Shearman" name="run" time="3.444"/>
  <system-out/>
  <testcase classname="com.jack.task.Shearman" name="run" time="3.089"/>
  <system-out/>
  <testcase classname="com.jack.task.Shearman" name="run" time="3.187"/>
  <system-out/>
  <testcase classname="com.jack.task.Shearman" name="run" time="4.339"/>
  <system-out/>
  <testcase classname="com.jack.task.Shearman" name="run" time="3.271"/>
  <system-out/>
  <testcase classname="com.jack.task.Shearman" name="run" time="3.457"/>
  <system-out/>
  <testcase classname="com.jack.task.Shearman" name="run" time="4.012"/>
  <system-out/>
  <testcase classname="com.jack.task.Shearman" name="run" time="4.667"/>
  <system-out/>
  <testcase classname="com.jack.task.Shearman" name="run" time="3.105"/>
  <system-out/>
  <testcase classname="com.jack.task.Shearman" name="run" time="3.575"/>
  <system-out/>
  <testcase classname="com.jack.task.Shearman" name="run" time="3.523"/>
  <system-out/>
  <testcase classname="com.jack.task.Shearman" name="run" time="3.398"/>
  <system-out/>
  <testcase classname="com.jack.task.Shearman" name="run" time="4.539"/>
  <system-out/>
  <testcase classname="com.jack.task.Shearman" name="run" time="3.474"/>
  <system-out/>
  <testcase classname="com.jack.task.Shearman" name="run" time="3.593"/>
  <system-out/>
  <testcase classname="com.jack.task.Shearman" name="run" time="4.279"/>
  <system-out/>
  <testcase classname="com.jack.task.Shearman" name="run" time="3.041"/>
  <system-out/>
  <testcase classname="com.jack.task.Shearman" name="run" time="3.346"/>
  <system-out/>
  <testcase classname="com.jack.task.Shearman" name="run" time="4.233"/>
  <system-out/>
  <testcase classname="com.jack.task.Shearman" name="run" time="3.260"/>
  <system-out/>
  <testcase classname="com.jack.task.Shearman" name="run" time="2.999"/>
  <system-out/>
  <testcase classname="com.jack.task.Shearman" name="run" time="3.372"/>
  <system-out/>
  <testcase classname="com.jack.task.Shearman" name="run" time="3.462"/>
  <system-out/>
  <testcase classname="com.jack.task.Shearman" name="run" time="3.329"/>
  <system-out/>
  <testcase classname="com.jack.task.Shearman" name="run" time="3.600"/>
  <system-out/>
  <testcase classname="com.jack.task.Shearman" name="run" time="3.542"/>
  <system-out/>
  <testcase classname="com.jack.task.Shearman" name="run" time="3.242"/>
  <system-out/>
  <testcase classname="com.jack.task.Shearman" name="run" time="4.502"/>
  <system-out/>
  <testcase classname="com.jack.task.Shearman" name="run" time="3.153"/>
  <system-out/>
  <testcase classname="com.jack.task.Shearman" name="run" time="3.659"/>
  <system-out/>
  <testcase classname="com.jack.task.Shearman" name="run" time="3.353"/>
  <system-out/>
  <testcase classname="com.jack.task.Shearman" name="run" time="3.254"/>
  <system-out/>
  <testcase classname="com.jack.task.Shearman" name="run" time="5.412"/>
  <system-out/>
  <testcase classname="com.jack.task.Shearman" name="run" time="4.525"/>
  <system-out/>
  <testcase classname="com.jack.task.Shearman" name="run" time="3.234"/>
  <system-out/>
  <testcase classname="com.jack.task.Shearman" name="run" time="4.594"/>
  <system-out/>
  <testcase classname="com.jack.task.Shearman" name="run" time="3.320"/>
  <system-out/>
  <testcase classname="com.jack.task.Shearman" name="run" time="3.519"/>
  <system-out/>
  <testcase classname="com.jack.task.Shearman" name="run" time="3.633"/>
  <system-out/>
  <testcase classname="com.jack.task.Shearman" name="run" time="3.890"/>
  <system-out/>
  <testcase classname="com.jack.task.Shearman" name="run" time="3.596"/>
  <system-out/>
  <testcase classname="com.jack.task.Shearman" name="run" time="3.523"/>
  <system-out/>
  <testcase classname="com.jack.task.Shearman" name="run" time="4.223"/>
  <system-out/>
  <testcase classname="com.jack.task.Shearman" name="run" time="3.440"/>
  <system-out/>
  <testcase classname="com.jack.task.Shearman" name="run" time="3.892"/>
  <system-out/>
  <testcase classname="com.jack.task.Shearman" name="run" time="4.183"/>
  <system-out/>
  <testcase classname="com.jack.task.Shearman" name="run" time="6.134"/>
  <system-out/>
  <testcase classname="com.jack.task.Shearman" name="run" time="3.290"/>
  <system-out/>
  <testcase classname="com.jack.task.Shearman" name="run" time="3.591"/>
  <system-out/>
  <testcase classname="com.jack.task.Shearman" name="run" time="3.271"/>
  <system-out/>
  <testcase classname="com.jack.task.Shearman" name="run" time="3.463"/>
  <system-out/>
  <testcase classname="com.jack.task.Shearman" name="run" time="3.522"/>
  <system-out/>
  <testcase classname="com.jack.task.Shearman" name="run" time="3.634"/>
  <system-out/>
  <testcase classname="com.jack.task.Shearman" name="run" time="3.655"/>
  <system-out/>
  <testcase classname="com.jack.task.Shearman" name="run" time="3.920"/>
  <system-out/>
  <testcase classname="com.jack.task.Shearman" name="run" time="24.140"/>
  <system-out/>
  <testcase classname="com.jack.task.Shearman" name="run" time="4.157"/>
  <system-out/>
  <testcase classname="com.jack.task.Shearman" name="run" time="3.345"/>
  <system-out/>
  <testcase classname="com.jack.task.Shearman" name="run" time="3.591"/>
  <system-out/>
  <testcase classname="com.jack.task.Shearman" name="run" time="3.429"/>
  <system-out/>
  <testcase classname="com.jack.task.Shearman" name="run" time="8.868"/>
  <system-out/>
  <testcase classname="com.jack.task.Shearman" name="run" time="3.315"/>
  <system-out/>
  <testcase classname="com.jack.task.Shearman" name="run" time="3.482"/>
  <system-out/>
  <testcase classname="com.jack.task.Shearman" name="run" time="3.653"/>
  <system-out/>
  <testcase classname="com.jack.task.Shearman" name="run" time="3.800"/>
  <system-out/>
  <testcase classname="com.jack.task.Shearman" name="run" time="3.339"/>
  <system-out/>
  <testcase classname="com.jack.task.Shearman" name="run" time="3.306"/>
  <system-out/>
  <testcase classname="com.jack.task.Shearman" name="run" time="3.377"/>
  <system-out/>
  <testcase classname="com.jack.task.Shearman" name="run" time="3.387"/>
  <system-out/>
  <testcase classname="com.jack.task.Shearman" name="run" time="3.607"/>
  <system-out/>
  <testcase classname="com.jack.task.Shearman" name="run" time="3.853"/>
  <system-out/>
  <testcase classname="com.jack.task.Shearman" name="run" time="4.503"/>
  <system-out/>
  <testcase classname="com.jack.task.Shearman" name="run" time="5.203"/>
  <system-out/>
  <testcase classname="com.jack.task.Shearman" name="run" time="4.490"/>
  <system-out/>
  <testcase classname="com.jack.task.Shearman" name="run" time="3.753"/>
  <system-out/>
  <testcase classname="com.jack.task.Shearman" name="run" time="3.339"/>
  <system-out/>
  <testcase classname="com.jack.task.Shearman" name="run" time="3.491"/>
  <system-out/>
  <testcase classname="com.jack.task.Shearman" name="run" time="3.304"/>
  <system-out/>
  <testcase classname="com.jack.task.Shearman" name="run" time="3.571"/>
  <system-out/>
  <testcase classname="com.jack.task.Shearman" name="run" time="4.505"/>
  <system-out/>
  <testcase classname="com.jack.task.Shearman" name="run" time="3.314"/>
  <system-out/>
  <testcase classname="com.jack.task.Shearman" name="run" time="3.072"/>
  <system-out/>
  <testcase classname="com.jack.task.Shearman" name="run" time="3.402"/>
  <system-out/>
  <testcase classname="com.jack.task.Shearman" name="run" time="4.671"/>
  <system-out/>
  <testcase classname="com.jack.task.Shearman" name="run" time="3.681"/>
  <system-out/>
  <testcase classname="com.jack.task.Shearman" name="run" time="3.935"/>
  <system-out/>
  <testcase classname="com.jack.task.Shearman" name="run" time="3.682"/>
  <system-out/>
  <testcase classname="com.jack.task.Shearman" name="run" time="3.135"/>
  <system-out/>
  <testcase classname="com.jack.task.Shearman" name="run" time="3.641"/>
  <system-out/>
  <testcase classname="com.jack.task.Shearman" name="run" time="3.177"/>
  <system-out/>
  <testcase classname="com.jack.task.Shearman" name="run" time="3.324"/>
  <system-out/>
  <testcase classname="com.jack.task.Shearman" name="run" time="3.590"/>
  <system-out/>
  <testcase classname="com.jack.task.Shearman" name="run" time="4.154"/>
  <system-out/>
  <testcase classname="com.jack.task.Shearman" name="run" time="3.409"/>
  <system-out/>
  <testcase classname="com.jack.task.Shearman" name="run" time="3.512"/>
  <system-out/>
  <testcase classname="com.jack.task.Shearman" name="run" time="3.517"/>
  <system-out/>
  <testcase classname="com.jack.task.Shearman" name="run" time="4.062"/>
  <system-out/>
  <testcase classname="com.jack.task.Shearman" name="run" time="3.896"/>
  <system-out/>
  <testcase classname="com.jack.task.Shearman" name="run" time="3.685"/>
  <system-out/>
  <testcase classname="com.jack.task.Shearman" name="run" time="3.355"/>
  <system-out/>
  <testcase classname="com.jack.task.Shearman" name="run" time="4.709"/>
  <system-out/>
  <testcase classname="com.jack.task.Shearman" name="run" time="3.644"/>
  <system-out/>
  <testcase classname="com.jack.task.Shearman" name="run" time="3.855"/>
  <system-out/>
  <testcase classname="com.jack.task.Shearman" name="run" time="3.770"/>
  <system-out/>
  <testcase classname="com.jack.task.Shearman" name="run" time="3.760"/>
  <system-out/>
  <testcase classname="com.jack.task.Shearman" name="run" time="3.466"/>
  <system-out/>
  <testcase classname="com.jack.task.Shearman" name="run" time="5.969"/>
  <system-out/>
  <testcase classname="com.jack.task.Shearman" name="run" time="3.337"/>
  <system-out/>
  <testcase classname="com.jack.task.Shearman" name="run" time="5.061"/>
  <system-out/>
  <testcase classname="com.jack.task.Shearman" name="run" time="3.887"/>
  <system-out/>
  <testcase classname="com.jack.task.Shearman" name="run" time="3.178"/>
  <system-out/>
  <testcase classname="com.jack.task.Shearman" name="run" time="6.148"/>
  <system-out/>
  <testcase classname="com.jack.task.Shearman" name="run" time="3.770"/>
  <system-out/>
  <testcase classname="com.jack.task.Shearman" name="run" time="3.622"/>
  <system-out/>
  <testcase classname="com.jack.task.Shearman" name="run" time="3.751"/>
  <system-out/>
  <testcase classname="com.jack.task.Shearman" name="run" time="4.359"/>
  <system-out/>
  <testcase classname="com.jack.task.Shearman" name="run" time="3.854"/>
  <system-out/>
  <testcase classname="com.jack.task.Shearman" name="run" time="3.382"/>
  <system-out/>
  <testcase classname="com.jack.task.Shearman" name="run" time="3.362"/>
  <system-out/>
  <testcase classname="com.jack.task.Shearman" name="run" time="4.236"/>
  <system-out/>
  <testcase classname="com.jack.task.Shearman" name="run" time="3.499"/>
  <system-out/>
  <testcase classname="com.jack.task.Shearman" name="run" time="3.266"/>
  <system-out/>
  <testcase classname="com.jack.task.Shearman" name="run" time="3.636"/>
  <system-out/>
  <testcase classname="com.jack.task.Shearman" name="run" time="4.593"/>
  <system-out/>
  <testcase classname="com.jack.task.Shearman" name="run" time="3.746"/>
  <system-out/>
  <testcase classname="com.jack.task.Shearman" name="run" time="3.468"/>
  <system-out/>
  <testcase classname="com.jack.task.Shearman" name="run" time="3.568"/>
  <system-out/>
  <testcase classname="com.jack.task.Shearman" name="run" time="3.793"/>
  <system-out/>
  <testcase classname="com.jack.task.Shearman" name="run" time="3.701"/>
  <system-out/>
  <testcase classname="com.jack.task.Shearman" name="run" time="4.240"/>
  <system-out/>
  <testcase classname="com.jack.task.Shearman" name="run" time="3.423"/>
  <system-out/>
  <testcase classname="com.jack.task.Shearman" name="run" time="3.566"/>
  <system-out/>
  <testcase classname="com.jack.task.Shearman" name="run" time="3.766"/>
  <system-out/>
  <testcase classname="com.jack.task.Shearman" name="run" time="3.444"/>
  <system-out/>
  <testcase classname="com.jack.task.Shearman" name="run" time="3.788"/>
  <system-out/>
  <testcase classname="com.jack.task.Shearman" name="run" time="3.306"/>
  <system-out/>
  <testcase classname="com.jack.task.Shearman" name="run" time="3.202"/>
  <system-out/>
  <testcase classname="com.jack.task.Shearman" name="run" time="3.595"/>
  <system-out/>
  <testcase classname="com.jack.task.Shearman" name="run" time="3.486"/>
  <system-out/>
  <testcase classname="com.jack.task.Shearman" name="run" time="3.852"/>
  <system-out/>
  <testcase classname="com.jack.task.Shearman" name="run" time="3.172"/>
  <system-out/>
  <testcase classname="com.jack.task.Shearman" name="run" time="4.481"/>
  <system-out/>
  <testcase classname="com.jack.task.Shearman" name="run" time="3.280"/>
  <system-out/>
  <testcase classname="com.jack.task.Shearman" name="run" time="3.212"/>
  <system-out/>
  <testcase classname="com.jack.task.Shearman" name="run" time="3.112"/>
  <system-out/>
  <testcase classname="com.jack.task.Shearman" name="run" time="4.620"/>
  <system-out/>
  <testcase classname="com.jack.task.Shearman" name="run" time="3.173"/>
  <system-out/>
  <testcase classname="com.jack.task.Shearman" name="run" time="4.103"/>
  <system-out/>
  <testcase classname="com.jack.task.Shearman" name="run" time="3.931"/>
  <system-out/>
  <testcase classname="com.jack.task.Shearman" name="run" time="4.921"/>
  <system-out/>
  <testcase classname="com.jack.task.Shearman" name="run" time="4.204"/>
  <system-out/>
  <testcase classname="com.jack.task.Shearman" name="run" time="3.488"/>
  <system-out/>
  <testcase classname="com.jack.task.Shearman" name="run" time="3.480"/>
  <system-out/>
  <testcase classname="com.jack.task.Shearman" name="run" time="3.570"/>
  <system-out/>
  <testcase classname="com.jack.task.Shearman" name="run" time="3.740"/>
  <system-out/>
  <testcase classname="com.jack.task.Shearman" name="run" time="3.278"/>
  <system-out/>
  <testcase classname="com.jack.task.Shearman" name="run" time="3.316"/>
  <system-out/>
  <testcase classname="com.jack.task.Shearman" name="run" time="3.888"/>
  <system-out/>
  <testcase classname="com.jack.task.Shearman" name="run" time="4.026"/>
  <system-out/>
  <testcase classname="com.jack.task.Shearman" name="run" time="3.645"/>
  <system-out/>
  <testcase classname="com.jack.task.Shearman" name="run" time="3.674"/>
  <system-out/>
  <testcase classname="com.jack.task.Shearman" name="run" time="3.475"/>
  <system-out/>
  <testcase classname="com.jack.task.Shearman" name="run" time="3.959"/>
  <system-out/>
  <testcase classname="com.jack.task.Shearman" name="run" time="4.035"/>
  <system-out/>
  <testcase classname="com.jack.task.Shearman" name="run" time="5.109"/>
  <system-out/>
  <testcase classname="com.jack.task.Shearman" name="run" time="3.403"/>
  <system-out/>
  <testcase classname="com.jack.task.Shearman" name="run" time="3.587"/>
  <system-out/>
  <testcase classname="com.jack.task.Shearman" name="run" time="3.639"/>
  <system-out/>
  <testcase classname="com.jack.task.Shearman" name="run" time="3.604"/>
  <system-out/>
  <testcase classname="com.jack.task.Shearman" name="run" time="3.566"/>
  <system-out/>
  <testcase classname="com.jack.task.Shearman" name="run" time="3.424"/>
  <system-out/>
  <testcase classname="com.jack.task.Shearman" name="run" time="3.910"/>
  <system-out/>
  <testcase classname="com.jack.task.Shearman" name="run" time="3.265"/>
  <system-out/>
  <testcase classname="com.jack.task.Shearman" name="run" time="3.183"/>
  <system-out/>
  <testcase classname="com.jack.task.Shearman" name="run" time="3.143"/>
  <system-out/>
  <testcase classname="com.jack.task.Shearman" name="run" time="3.706"/>
  <system-out/>
  <testcase classname="com.jack.task.Shearman" name="run" time="3.346"/>
  <system-out/>
  <testcase classname="com.jack.task.Shearman" name="run" time="3.934"/>
  <system-out/>
  <testcase classname="com.jack.task.Shearman" name="run" time="4.357"/>
  <system-out/>
  <testcase classname="com.jack.task.Shearman" name="run" time="3.285"/>
  <system-out/>
  <testcase classname="com.jack.task.Shearman" name="run" time="3.201"/>
  <system-out/>
  <testcase classname="com.jack.task.Shearman" name="run" time="3.451"/>
  <system-out/>
  <testcase classname="com.jack.task.Shearman" name="run" time="5.040"/>
  <system-out/>
  <testcase classname="com.jack.task.Shearman" name="run" time="3.444"/>
  <system-out/>
  <testcase classname="com.jack.task.Shearman" name="run" time="4.531"/>
  <system-out/>
  <testcase classname="com.jack.task.Shearman" name="run" time="3.632"/>
  <system-out/>
  <testcase classname="com.jack.task.Shearman" name="run" time="22.919"/>
  <system-out/>
  <testcase classname="com.jack.task.Shearman" name="run" time="3.630"/>
  <system-out/>
  <testcase classname="com.jack.task.Shearman" name="run" time="3.778"/>
  <system-out/>
  <testcase classname="com.jack.task.Shearman" name="run" time="3.186"/>
  <system-out/>
  <testcase classname="com.jack.task.Shearman" name="run" time="3.209"/>
  <system-out/>
  <testcase classname="com.jack.task.Shearman" name="run" time="4.098"/>
  <system-out/>
  <testcase classname="com.jack.task.Shearman" name="run" time="3.715"/>
  <system-out/>
  <testcase classname="com.jack.task.Shearman" name="run" time="3.293"/>
  <system-out/>
  <testcase classname="com.jack.task.Shearman" name="run" time="3.975"/>
  <system-out/>
  <testcase classname="com.jack.task.Shearman" name="run" time="3.232"/>
  <system-out/>
  <testcase classname="com.jack.task.Shearman" name="run" time="4.425"/>
  <system-out/>
  <testcase classname="com.jack.task.Shearman" name="run" time="3.223"/>
  <system-out/>
  <testcase classname="com.jack.task.Shearman" name="run" time="3.273"/>
  <system-out/>
  <testcase classname="com.jack.task.Shearman" name="run" time="3.280"/>
  <system-out/>
  <testcase classname="com.jack.task.Shearman" name="run" time="5.567"/>
  <system-out/>
  <testcase classname="com.jack.task.Shearman" name="run" time="4.070"/>
  <system-out/>
  <testcase classname="com.jack.task.Shearman" name="run" time="3.039"/>
  <system-out/>
  <testcase classname="com.jack.task.Shearman" name="run" time="4.307"/>
  <system-out/>
  <testcase classname="com.jack.task.Shearman" name="run" time="3.373"/>
  <system-out/>
  <testcase classname="com.jack.task.Shearman" name="run" time="3.282"/>
  <system-out/>
  <testcase classname="com.jack.task.Shearman" name="run" time="3.853"/>
  <system-out/>
  <testcase classname="com.jack.task.Shearman" name="run" time="3.561"/>
  <system-out/>
  <testcase classname="com.jack.task.Shearman" name="run" time="4.103"/>
  <system-out/>
  <testcase classname="com.jack.task.Shearman" name="run" time="3.597"/>
  <system-out/>
  <testcase classname="com.jack.task.Shearman" name="run" time="3.470"/>
  <system-out/>
  <testcase classname="com.jack.task.Shearman" name="run" time="3.756"/>
  <system-out/>
  <testcase classname="com.jack.task.Shearman" name="run" time="4.501"/>
  <system-out/>
  <testcase classname="com.jack.task.Shearman" name="run" time="3.626"/>
  <system-out/>
  <testcase classname="com.jack.task.Shearman" name="run" time="4.647"/>
  <system-out/>
  <testcase classname="com.jack.task.Shearman" name="run" time="3.721"/>
  <system-out/>
  <testcase classname="com.jack.task.Shearman" name="run" time="3.708"/>
  <system-out/>
  <testcase classname="com.jack.task.Shearman" name="run" time="3.620"/>
  <system-out/>
  <testcase classname="com.jack.task.Shearman" name="run" time="3.799"/>
  <system-out/>
  <testcase classname="com.jack.task.Shearman" name="run" time="3.340"/>
  <system-out/>
  <testcase classname="com.jack.task.Shearman" name="run" time="12.543"/>
  <system-out/>
  <testcase classname="com.jack.task.Shearman" name="run" time="4.541"/>
  <system-out/>
  <testcase classname="com.jack.task.Shearman" name="run" time="3.434"/>
  <system-out/>
  <testcase classname="com.jack.task.Shearman" name="run" time="3.717"/>
  <system-out/>
  <testcase classname="com.jack.task.Shearman" name="run" time="3.621"/>
  <system-out/>
  <testcase classname="com.jack.task.Shearman" name="run" time="3.564"/>
  <system-out/>
  <testcase classname="com.jack.task.Shearman" name="run" time="3.614"/>
  <system-out/>
  <testcase classname="com.jack.task.Shearman" name="run" time="4.893"/>
  <system-out/>
  <testcase classname="com.jack.task.Shearman" name="run" time="3.314"/>
  <system-out/>
  <testcase classname="com.jack.task.Shearman" name="run" time="4.420"/>
  <system-out/>
  <testcase classname="com.jack.task.Shearman" name="run" time="3.774"/>
  <system-out/>
  <testcase classname="com.jack.task.Shearman" name="run" time="3.649"/>
  <system-out/>
  <testcase classname="com.jack.task.Shearman" name="run" time="3.407"/>
  <system-out/>
  <testcase classname="com.jack.task.Shearman" name="run" time="3.140"/>
  <system-out/>
  <testcase classname="com.jack.task.Shearman" name="run" time="3.461"/>
  <system-out/>
  <testcase classname="com.jack.task.Shearman" name="run" time="3.534"/>
  <system-out/>
  <testcase classname="com.jack.task.Shearman" name="run" time="16.658"/>
  <system-out/>
  <testcase classname="com.jack.task.Shearman" name="run" time="4.649"/>
  <system-out/>
  <testcase classname="com.jack.task.Shearman" name="run" time="3.157"/>
  <system-out/>
  <testcase classname="com.jack.task.Shearman" name="run" time="4.016"/>
  <system-out/>
  <testcase classname="com.jack.task.Shearman" name="run" time="3.377"/>
  <system-out/>
  <testcase classname="com.jack.task.Shearman" name="run" time="3.928"/>
  <system-out/>
  <testcase classname="com.jack.task.Shearman" name="run" time="3.498"/>
  <system-out/>
  <testcase classname="com.jack.task.Shearman" name="run" time="3.460"/>
  <system-out/>
  <testcase classname="com.jack.task.Shearman" name="run" time="3.335"/>
  <system-out/>
  <testcase classname="com.jack.task.Shearman" name="run" time="4.348"/>
  <system-out/>
  <testcase classname="com.jack.task.Shearman" name="run" time="3.522"/>
  <system-out/>
  <testcase classname="com.jack.task.Shearman" name="run" time="3.566"/>
  <system-out/>
  <testcase classname="com.jack.task.Shearman" name="run" time="3.983"/>
  <system-out/>
  <testcase classname="com.jack.task.Shearman" name="run" time="3.801"/>
  <system-out/>
  <testcase classname="com.jack.task.Shearman" name="run" time="4.223"/>
  <system-out/>
  <testcase classname="com.jack.task.Shearman" name="run" time="3.514"/>
  <system-out/>
  <testcase classname="com.jack.task.Shearman" name="run" time="3.289"/>
  <system-out/>
  <testcase classname="com.jack.task.Shearman" name="run" time="3.523"/>
  <system-out/>
  <testcase classname="com.jack.task.Shearman" name="run" time="3.340"/>
  <system-out/>
  <testcase classname="com.jack.task.Shearman" name="run" time="3.991"/>
  <system-out/>
  <testcase classname="com.jack.task.Shearman" name="run" time="4.374"/>
  <system-out/>
  <testcase classname="com.jack.task.Shearman" name="run" time="3.733"/>
  <system-out/>
  <testcase classname="com.jack.task.Shearman" name="run" time="4.384"/>
  <system-out/>
  <testcase classname="com.jack.task.Shearman" name="run" time="3.363"/>
  <system-out/>
  <testcase classname="com.jack.task.Shearman" name="run" time="4.170"/>
  <system-out/>
  <testcase classname="com.jack.task.Shearman" name="run" time="4.233"/>
  <system-out/>
  <testcase classname="com.jack.task.Shearman" name="run" time="3.562"/>
  <system-out/>
  <testcase classname="com.jack.task.Shearman" name="run" time="3.126"/>
  <system-out/>
  <testcase classname="com.jack.task.Shearman" name="run" time="5.135"/>
  <system-out/>
  <testcase classname="com.jack.task.Shearman" name="run" time="3.392"/>
  <system-out/>
  <testcase classname="com.jack.task.Shearman" name="run" time="3.367"/>
  <system-out/>
  <testcase classname="com.jack.task.Shearman" name="run" time="3.537"/>
  <system-out/>
  <testcase classname="com.jack.task.Shearman" name="run" time="4.750"/>
  <system-out/>
  <testcase classname="com.jack.task.Shearman" name="run" time="3.540"/>
  <system-out/>
  <testcase classname="com.jack.task.Shearman" name="run" time="3.799"/>
  <system-out/>
  <testcase classname="com.jack.task.Shearman" name="run" time="3.502"/>
  <system-out/>
  <testcase classname="com.jack.task.Shearman" name="run" time="3.487"/>
  <system-out/>
  <testcase classname="com.jack.task.Shearman" name="run" time="3.182"/>
  <system-out/>
  <testcase classname="com.jack.task.Shearman" name="run" time="3.326"/>
  <system-out/>
  <testcase classname="com.jack.task.Shearman" name="run" time="3.110"/>
  <system-out/>
  <testcase classname="com.jack.task.Shearman" name="run" time="3.557"/>
  <system-out/>
  <testcase classname="com.jack.task.Shearman" name="run" time="3.723"/>
  <system-out/>
  <testcase classname="com.jack.task.Shearman" name="run" time="3.732"/>
  <system-out/>
  <testcase classname="com.jack.task.Shearman" name="run" time="3.656"/>
  <system-out/>
  <testcase classname="com.jack.task.Shearman" name="run" time="3.441"/>
  <system-out/>
  <testcase classname="com.jack.task.Shearman" name="run" time="3.453"/>
  <system-out/>
  <testcase classname="com.jack.task.Shearman" name="run" time="5.245"/>
  <system-out/>
  <testcase classname="com.jack.task.Shearman" name="run" time="4.998"/>
  <system-out/>
  <testcase classname="com.jack.task.Shearman" name="run" time="3.810"/>
  <system-out/>
  <testcase classname="com.jack.task.Shearman" name="run" time="3.754"/>
  <system-out/>
  <testcase classname="com.jack.task.Shearman" name="run" time="3.594"/>
  <system-out/>
  <testcase classname="com.jack.task.Shearman" name="run" time="3.344"/>
  <system-out/>
  <testcase classname="com.jack.task.Shearman" name="run" time="4.083"/>
  <system-out/>
  <testcase classname="com.jack.task.Shearman" name="run" time="3.391"/>
  <system-out/>
  <testcase classname="com.jack.task.Shearman" name="run" time="3.790"/>
  <system-out/>
  <testcase classname="com.jack.task.Shearman" name="run" time="3.726"/>
  <system-out/>
  <testcase classname="com.jack.task.Shearman" name="run" time="3.391"/>
  <system-out/>
  <testcase classname="com.jack.task.Shearman" name="run" time="3.287"/>
  <system-out/>
  <testcase classname="com.jack.task.Shearman" name="run" time="5.053"/>
  <system-out/>
  <testcase classname="com.jack.task.Shearman" name="run" time="3.339"/>
  <system-out/>
  <testcase classname="com.jack.task.Shearman" name="run" time="5.787"/>
  <system-out/>
  <testcase classname="com.jack.task.Shearman" name="run" time="3.529"/>
  <system-out/>
  <testcase classname="com.jack.task.Shearman" name="run" time="3.223"/>
  <system-out/>
  <testcase classname="com.jack.task.Shearman" name="run" time="3.375"/>
  <system-out/>
  <testcase classname="com.jack.task.Shearman" name="run" time="3.888"/>
  <system-out/>
  <testcase classname="com.jack.task.Shearman" name="run" time="4.754"/>
  <system-out/>
  <testcase classname="com.jack.task.Shearman" name="run" time="3.470"/>
  <system-out/>
  <testcase classname="com.jack.task.Shearman" name="run" time="5.020"/>
  <system-out/>
  <testcase classname="com.jack.task.Shearman" name="run" time="3.169"/>
  <system-out/>
  <testcase classname="com.jack.task.Shearman" name="run" time="3.616"/>
  <system-out/>
  <testcase classname="com.jack.task.Shearman" name="run" time="3.568"/>
  <system-out/>
  <testcase classname="com.jack.task.Shearman" name="run" time="3.356"/>
  <system-out/>
  <testcase classname="com.jack.task.Shearman" name="run" time="5.721"/>
  <system-out/>
  <testcase classname="com.jack.task.Shearman" name="run" time="3.195"/>
  <system-out/>
  <testcase classname="com.jack.task.Shearman" name="run" time="3.441"/>
  <system-out/>
  <testcase classname="com.jack.task.Shearman" name="run" time="4.130"/>
  <system-out/>
  <testcase classname="com.jack.task.Shearman" name="run" time="4.037"/>
  <system-out/>
  <testcase classname="com.jack.task.Shearman" name="run" time="3.500"/>
  <system-out/>
  <testcase classname="com.jack.task.Shearman" name="run" time="3.329"/>
  <system-out/>
  <testcase classname="com.jack.task.Shearman" name="run" time="3.537"/>
  <system-out/>
  <testcase classname="com.jack.task.Shearman" name="run" time="3.223"/>
  <system-out/>
  <testcase classname="com.jack.task.Shearman" name="run" time="3.727"/>
  <system-out/>
  <testcase classname="com.jack.task.Shearman" name="run" time="4.423"/>
  <system-out/>
  <testcase classname="com.jack.task.Shearman" name="run" time="3.371"/>
  <system-out/>
  <testcase classname="com.jack.task.Shearman" name="run" time="3.639"/>
  <system-out/>
  <testcase classname="com.jack.task.Shearman" name="run" time="3.688"/>
  <system-out/>
  <testcase classname="com.jack.task.Shearman" name="run" time="3.091"/>
  <system-out/>
  <testcase classname="com.jack.task.Shearman" name="run" time="4.041"/>
  <system-out/>
  <testcase classname="com.jack.task.Shearman" name="run" time="3.447"/>
  <system-out/>
  <testcase classname="com.jack.task.Shearman" name="run" time="3.373"/>
  <system-out/>
  <testcase classname="com.jack.task.Shearman" name="run" time="3.367"/>
  <system-out/>
  <testcase classname="com.jack.task.Shearman" name="run" time="3.098"/>
  <system-out/>
  <testcase classname="com.jack.task.Shearman" name="run" time="5.390"/>
  <system-out/>
  <testcase classname="com.jack.task.Shearman" name="run" time="4.444"/>
  <system-out/>
  <testcase classname="com.jack.task.Shearman" name="run" time="3.757"/>
  <system-out/>
  <testcase classname="com.jack.task.Shearman" name="run" time="3.317"/>
  <system-out/>
  <testcase classname="com.jack.task.Shearman" name="run" time="3.506"/>
  <system-out/>
  <testcase classname="com.jack.task.Shearman" name="run" time="3.228"/>
  <system-out/>
  <testcase classname="com.jack.task.Shearman" name="run" time="3.375"/>
  <system-out/>
  <testcase classname="com.jack.task.Shearman" name="run" time="3.385"/>
  <system-out/>
  <testcase classname="com.jack.task.Shearman" name="run" time="3.103"/>
  <system-out/>
  <testcase classname="com.jack.task.Shearman" name="run" time="3.607"/>
  <system-out/>
  <testcase classname="com.jack.task.Shearman" name="run" time="4.418"/>
  <system-out/>
  <testcase classname="com.jack.task.Shearman" name="run" time="3.587"/>
  <system-out/>
  <testcase classname="com.jack.task.Shearman" name="run" time="4.139"/>
  <system-out/>
  <testcase classname="com.jack.task.Shearman" name="run" time="3.803"/>
  <system-out/>
  <testcase classname="com.jack.task.Shearman" name="run" time="3.779"/>
  <system-out/>
  <testcase classname="com.jack.task.Shearman" name="run" time="3.334"/>
  <system-out/>
  <testcase classname="com.jack.task.Shearman" name="run" time="3.142"/>
  <system-out/>
  <testcase classname="com.jack.task.Shearman" name="run" time="4.033"/>
  <system-out/>
  <testcase classname="com.jack.task.Shearman" name="run" time="3.567"/>
  <system-out/>
  <testcase classname="com.jack.task.Shearman" name="run" time="3.681"/>
  <system-out/>
  <testcase classname="com.jack.task.Shearman" name="run" time="3.552"/>
  <system-out/>
  <testcase classname="com.jack.task.Shearman" name="run" time="3.349"/>
  <system-out/>
  <testcase classname="com.jack.task.Shearman" name="run" time="3.448"/>
  <system-out/>
  <testcase classname="com.jack.task.Shearman" name="run" time="3.511"/>
  <system-out/>
  <testcase classname="com.jack.task.Shearman" name="run" time="3.451"/>
  <system-out/>
  <testcase classname="com.jack.task.Shearman" name="run" time="3.963"/>
  <system-out/>
  <testcase classname="com.jack.task.Shearman" name="run" time="4.038"/>
  <system-out/>
  <testcase classname="com.jack.task.Shearman" name="run" time="3.783"/>
  <system-out/>
  <testcase classname="com.jack.task.Shearman" name="run" time="4.285"/>
  <system-out/>
  <testcase classname="com.jack.task.Shearman" name="run" time="3.609"/>
  <system-out/>
  <testcase classname="com.jack.task.Shearman" name="run" time="3.587"/>
  <system-out/>
  <testcase classname="com.jack.task.Shearman" name="run" time="4.985"/>
  <system-out/>
  <testcase classname="com.jack.task.Shearman" name="run" time="3.813"/>
  <system-out/>
  <testcase classname="com.jack.task.Shearman" name="run" time="3.352"/>
  <system-out/>
  <testcase classname="com.jack.task.Shearman" name="run" time="4.378"/>
  <system-out/>
  <testcase classname="com.jack.task.Shearman" name="run" time="4.234"/>
  <system-out/>
  <testcase classname="com.jack.task.Shearman" name="run" time="3.274"/>
  <system-out/>
  <testcase classname="com.jack.task.Shearman" name="run" time="4.564"/>
  <system-out/>
  <testcase classname="com.jack.task.Shearman" name="run" time="3.372"/>
  <system-out/>
  <testcase classname="com.jack.task.Shearman" name="run" time="4.023"/>
  <system-out/>
  <testcase classname="com.jack.task.Shearman" name="run" time="3.152"/>
  <system-out/>
  <testcase classname="com.jack.task.Shearman" name="run" time="3.190"/>
  <system-out/>
  <testcase classname="com.jack.task.Shearman" name="run" time="4.506"/>
  <system-out/>
  <testcase classname="com.jack.task.Shearman" name="run" time="3.636"/>
  <system-out/>
  <testcase classname="com.jack.task.Shearman" name="run" time="3.317"/>
  <system-out/>
  <testcase classname="com.jack.task.Shearman" name="run" time="3.084"/>
  <system-out/>
  <testcase classname="com.jack.task.Shearman" name="run" time="4.485"/>
  <system-out/>
</testsuite> <!-- com.jack.task.Shearman -->
