<?xml version="1.0" encoding="UTF-8"?>
<!-- Generated by org.testng.reporters.JUnitReportReporter -->
<testsuite hostname="DESKTOP-89RDKF8" failures="0" tests="468" name="com.jack.task.Steptoe" time="3409.267" errors="0" timestamp="2023-01-26T17:29:00 BDT" skipped="0">
  <testcase classname="com.jack.task.Steptoe" name="run" time="7.366"/>
  <system-out/>
  <testcase classname="com.jack.task.Steptoe" name="run" time="6.644"/>
  <system-out/>
  <testcase classname="com.jack.task.Steptoe" name="run" time="8.531"/>
  <system-out/>
  <testcase classname="com.jack.task.Steptoe" name="run" time="5.482"/>
  <system-out/>
  <testcase classname="com.jack.task.Steptoe" name="run" time="8.228"/>
  <system-out/>
  <testcase classname="com.jack.task.Steptoe" name="run" time="7.711"/>
  <system-out/>
  <testcase classname="com.jack.task.Steptoe" name="run" time="8.439"/>
  <system-out/>
  <testcase classname="com.jack.task.Steptoe" name="run" time="5.021"/>
  <system-out/>
  <testcase classname="com.jack.task.Steptoe" name="run" time="7.575"/>
  <system-out/>
  <testcase classname="com.jack.task.Steptoe" name="run" time="12.144"/>
  <system-out/>
  <testcase classname="com.jack.task.Steptoe" name="run" time="9.873"/>
  <system-out/>
  <testcase classname="com.jack.task.Steptoe" name="run" time="6.930"/>
  <system-out/>
  <testcase classname="com.jack.task.Steptoe" name="run" time="6.105"/>
  <system-out/>
  <testcase classname="com.jack.task.Steptoe" name="run" time="6.859"/>
  <system-out/>
  <testcase classname="com.jack.task.Steptoe" name="run" time="4.764"/>
  <system-out/>
  <testcase classname="com.jack.task.Steptoe" name="run" time="6.520"/>
  <system-out/>
  <testcase classname="com.jack.task.Steptoe" name="run" time="10.674"/>
  <system-out/>
  <testcase classname="com.jack.task.Steptoe" name="run" time="8.275"/>
  <system-out/>
  <testcase classname="com.jack.task.Steptoe" name="run" time="6.169"/>
  <system-out/>
  <testcase classname="com.jack.task.Steptoe" name="testx" time="0.000"/>
  <system-out/>
  <testcase classname="com.jack.task.Steptoe" name="run" time="8.151"/>
  <system-out/>
  <testcase classname="com.jack.task.Steptoe" name="run" time="10.057"/>
  <system-out/>
  <testcase classname="com.jack.task.Steptoe" name="run" time="8.723"/>
  <system-out/>
  <testcase classname="com.jack.task.Steptoe" name="run" time="7.979"/>
  <system-out/>
  <testcase classname="com.jack.task.Steptoe" name="run" time="8.869"/>
  <system-out/>
  <testcase classname="com.jack.task.Steptoe" name="run" time="7.989"/>
  <system-out/>
  <testcase classname="com.jack.task.Steptoe" name="run" time="6.142"/>
  <system-out/>
  <testcase classname="com.jack.task.Steptoe" name="run" time="5.945"/>
  <system-out/>
  <testcase classname="com.jack.task.Steptoe" name="run" time="5.900"/>
  <system-out/>
  <testcase classname="com.jack.task.Steptoe" name="run" time="5.509"/>
  <system-out/>
  <testcase classname="com.jack.task.Steptoe" name="run" time="6.278"/>
  <system-out/>
  <testcase classname="com.jack.task.Steptoe" name="run" time="5.998"/>
  <system-out/>
  <testcase classname="com.jack.task.Steptoe" name="run" time="4.255"/>
  <system-out/>
  <testcase classname="com.jack.task.Steptoe" name="run" time="8.788"/>
  <system-out/>
  <testcase classname="com.jack.task.Steptoe" name="run" time="7.585"/>
  <system-out/>
  <testcase classname="com.jack.task.Steptoe" name="run" time="6.358"/>
  <system-out/>
  <testcase classname="com.jack.task.Steptoe" name="run" time="5.817"/>
  <system-out/>
  <testcase classname="com.jack.task.Steptoe" name="run" time="5.461"/>
  <system-out/>
  <testcase classname="com.jack.task.Steptoe" name="run" time="5.439"/>
  <system-out/>
  <testcase classname="com.jack.task.Steptoe" name="run" time="5.774"/>
  <system-out/>
  <testcase classname="com.jack.task.Steptoe" name="run" time="6.582"/>
  <system-out/>
  <testcase classname="com.jack.task.Steptoe" name="run" time="4.766"/>
  <system-out/>
  <testcase classname="com.jack.task.Steptoe" name="run" time="8.362"/>
  <system-out/>
  <testcase classname="com.jack.task.Steptoe" name="run" time="9.159"/>
  <system-out/>
  <testcase classname="com.jack.task.Steptoe" name="run" time="8.551"/>
  <system-out/>
  <testcase classname="com.jack.task.Steptoe" name="run" time="6.818"/>
  <system-out/>
  <testcase classname="com.jack.task.Steptoe" name="run" time="8.298"/>
  <system-out/>
  <testcase classname="com.jack.task.Steptoe" name="run" time="10.250"/>
  <system-out/>
  <testcase classname="com.jack.task.Steptoe" name="run" time="8.320"/>
  <system-out/>
  <testcase classname="com.jack.task.Steptoe" name="run" time="7.298"/>
  <system-out/>
  <testcase classname="com.jack.task.Steptoe" name="run" time="8.360"/>
  <system-out/>
  <testcase classname="com.jack.task.Steptoe" name="run" time="9.252"/>
  <system-out/>
  <testcase classname="com.jack.task.Steptoe" name="run" time="5.792"/>
  <system-out/>
  <testcase classname="com.jack.task.Steptoe" name="run" time="11.090"/>
  <system-out/>
  <testcase classname="com.jack.task.Steptoe" name="run" time="7.332"/>
  <system-out/>
  <testcase classname="com.jack.task.Steptoe" name="run" time="7.674"/>
  <system-out/>
  <testcase classname="com.jack.task.Steptoe" name="run" time="9.825"/>
  <system-out/>
  <testcase classname="com.jack.task.Steptoe" name="run" time="6.912"/>
  <system-out/>
  <testcase classname="com.jack.task.Steptoe" name="run" time="7.951"/>
  <system-out/>
  <testcase classname="com.jack.task.Steptoe" name="run" time="9.679"/>
  <system-out/>
  <testcase classname="com.jack.task.Steptoe" name="run" time="6.924"/>
  <system-out/>
  <testcase classname="com.jack.task.Steptoe" name="run" time="6.859"/>
  <system-out/>
  <testcase classname="com.jack.task.Steptoe" name="run" time="7.635"/>
  <system-out/>
  <testcase classname="com.jack.task.Steptoe" name="run" time="4.976"/>
  <system-out/>
  <testcase classname="com.jack.task.Steptoe" name="run" time="6.429"/>
  <system-out/>
  <testcase classname="com.jack.task.Steptoe" name="run" time="5.859"/>
  <system-out/>
  <testcase classname="com.jack.task.Steptoe" name="run" time="10.796"/>
  <system-out/>
  <testcase classname="com.jack.task.Steptoe" name="run" time="5.861"/>
  <system-out/>
  <testcase classname="com.jack.task.Steptoe" name="run" time="6.751"/>
  <system-out/>
  <testcase classname="com.jack.task.Steptoe" name="run" time="7.921"/>
  <system-out/>
  <testcase classname="com.jack.task.Steptoe" name="run" time="4.604"/>
  <system-out/>
  <testcase classname="com.jack.task.Steptoe" name="run" time="8.102"/>
  <system-out/>
  <testcase classname="com.jack.task.Steptoe" name="run" time="5.326"/>
  <system-out/>
  <testcase classname="com.jack.task.Steptoe" name="run" time="4.987"/>
  <system-out/>
  <testcase classname="com.jack.task.Steptoe" name="run" time="8.326"/>
  <system-out/>
  <testcase classname="com.jack.task.Steptoe" name="run" time="9.637"/>
  <system-out/>
  <testcase classname="com.jack.task.Steptoe" name="run" time="6.320"/>
  <system-out/>
  <testcase classname="com.jack.task.Steptoe" name="run" time="17.206"/>
  <system-out/>
  <testcase classname="com.jack.task.Steptoe" name="run" time="6.454"/>
  <system-out/>
  <testcase classname="com.jack.task.Steptoe" name="run" time="7.636"/>
  <system-out/>
  <testcase classname="com.jack.task.Steptoe" name="run" time="6.269"/>
  <system-out/>
  <testcase classname="com.jack.task.Steptoe" name="run" time="6.085"/>
  <system-out/>
  <testcase classname="com.jack.task.Steptoe" name="run" time="6.755"/>
  <system-out/>
  <testcase classname="com.jack.task.Steptoe" name="run" time="6.397"/>
  <system-out/>
  <testcase classname="com.jack.task.Steptoe" name="run" time="8.071"/>
  <system-out/>
  <testcase classname="com.jack.task.Steptoe" name="run" time="5.637"/>
  <system-out/>
  <testcase classname="com.jack.task.Steptoe" name="run" time="7.970"/>
  <system-out/>
  <testcase classname="com.jack.task.Steptoe" name="run" time="6.954"/>
  <system-out/>
  <testcase classname="com.jack.task.Steptoe" name="run" time="6.131"/>
  <system-out/>
  <testcase classname="com.jack.task.Steptoe" name="run" time="5.738"/>
  <system-out/>
  <testcase classname="com.jack.task.Steptoe" name="run" time="8.849"/>
  <system-out/>
  <testcase classname="com.jack.task.Steptoe" name="run" time="11.037"/>
  <system-out/>
  <testcase classname="com.jack.task.Steptoe" name="run" time="5.829"/>
  <system-out/>
  <testcase classname="com.jack.task.Steptoe" name="run" time="8.217"/>
  <system-out/>
  <testcase classname="com.jack.task.Steptoe" name="run" time="7.830"/>
  <system-out/>
  <testcase classname="com.jack.task.Steptoe" name="run" time="5.520"/>
  <system-out/>
  <testcase classname="com.jack.task.Steptoe" name="run" time="5.719"/>
  <system-out/>
  <testcase classname="com.jack.task.Steptoe" name="run" time="6.273"/>
  <system-out/>
  <testcase classname="com.jack.task.Steptoe" name="run" time="8.132"/>
  <system-out/>
  <testcase classname="com.jack.task.Steptoe" name="run" time="6.294"/>
  <system-out/>
  <testcase classname="com.jack.task.Steptoe" name="run" time="5.991"/>
  <system-out/>
  <testcase classname="com.jack.task.Steptoe" name="run" time="7.586"/>
  <system-out/>
  <testcase classname="com.jack.task.Steptoe" name="run" time="5.719"/>
  <system-out/>
  <testcase classname="com.jack.task.Steptoe" name="run" time="5.946"/>
  <system-out/>
  <testcase classname="com.jack.task.Steptoe" name="run" time="8.639"/>
  <system-out/>
  <testcase classname="com.jack.task.Steptoe" name="run" time="5.787"/>
  <system-out/>
  <testcase classname="com.jack.task.Steptoe" name="run" time="8.489"/>
  <system-out/>
  <testcase classname="com.jack.task.Steptoe" name="run" time="5.760"/>
  <system-out/>
  <testcase classname="com.jack.task.Steptoe" name="run" time="5.129"/>
  <system-out/>
  <testcase classname="com.jack.task.Steptoe" name="run" time="5.408"/>
  <system-out/>
  <testcase classname="com.jack.task.Steptoe" name="run" time="6.231"/>
  <system-out/>
  <testcase classname="com.jack.task.Steptoe" name="run" time="7.789"/>
  <system-out/>
  <testcase classname="com.jack.task.Steptoe" name="run" time="5.214"/>
  <system-out/>
  <testcase classname="com.jack.task.Steptoe" name="run" time="10.996"/>
  <system-out/>
  <testcase classname="com.jack.task.Steptoe" name="run" time="11.055"/>
  <system-out/>
  <testcase classname="com.jack.task.Steptoe" name="run" time="5.403"/>
  <system-out/>
  <testcase classname="com.jack.task.Steptoe" name="run" time="6.187"/>
  <system-out/>
  <testcase classname="com.jack.task.Steptoe" name="run" time="7.561"/>
  <system-out/>
  <testcase classname="com.jack.task.Steptoe" name="run" time="6.902"/>
  <system-out/>
  <testcase classname="com.jack.task.Steptoe" name="run" time="8.746"/>
  <system-out/>
  <testcase classname="com.jack.task.Steptoe" name="run" time="7.855"/>
  <system-out/>
  <testcase classname="com.jack.task.Steptoe" name="run" time="7.214"/>
  <system-out/>
  <testcase classname="com.jack.task.Steptoe" name="run" time="10.691"/>
  <system-out/>
  <testcase classname="com.jack.task.Steptoe" name="run" time="8.606"/>
  <system-out/>
  <testcase classname="com.jack.task.Steptoe" name="run" time="6.423"/>
  <system-out/>
  <testcase classname="com.jack.task.Steptoe" name="run" time="6.689"/>
  <system-out/>
  <testcase classname="com.jack.task.Steptoe" name="run" time="11.494"/>
  <system-out/>
  <testcase classname="com.jack.task.Steptoe" name="run" time="7.970"/>
  <system-out/>
  <testcase classname="com.jack.task.Steptoe" name="run" time="7.769"/>
  <system-out/>
  <testcase classname="com.jack.task.Steptoe" name="run" time="7.284"/>
  <system-out/>
  <testcase classname="com.jack.task.Steptoe" name="run" time="6.289"/>
  <system-out/>
  <testcase classname="com.jack.task.Steptoe" name="run" time="8.390"/>
  <system-out/>
  <testcase classname="com.jack.task.Steptoe" name="run" time="6.850"/>
  <system-out/>
  <testcase classname="com.jack.task.Steptoe" name="run" time="8.634"/>
  <system-out/>
  <testcase classname="com.jack.task.Steptoe" name="run" time="7.938"/>
  <system-out/>
  <testcase classname="com.jack.task.Steptoe" name="run" time="5.278"/>
  <system-out/>
  <testcase classname="com.jack.task.Steptoe" name="run" time="6.790"/>
  <system-out/>
  <testcase classname="com.jack.task.Steptoe" name="run" time="7.126"/>
  <system-out/>
  <testcase classname="com.jack.task.Steptoe" name="run" time="7.556"/>
  <system-out/>
  <testcase classname="com.jack.task.Steptoe" name="run" time="5.310"/>
  <system-out/>
  <testcase classname="com.jack.task.Steptoe" name="run" time="5.096"/>
  <system-out/>
  <testcase classname="com.jack.task.Steptoe" name="run" time="6.860"/>
  <system-out/>
  <testcase classname="com.jack.task.Steptoe" name="run" time="8.038"/>
  <system-out/>
  <testcase classname="com.jack.task.Steptoe" name="run" time="6.829"/>
  <system-out/>
  <testcase classname="com.jack.task.Steptoe" name="run" time="9.494"/>
  <system-out/>
  <testcase classname="com.jack.task.Steptoe" name="run" time="8.287"/>
  <system-out/>
  <testcase classname="com.jack.task.Steptoe" name="run" time="11.344"/>
  <system-out/>
  <testcase classname="com.jack.task.Steptoe" name="run" time="4.890"/>
  <system-out/>
  <testcase classname="com.jack.task.Steptoe" name="run" time="8.824"/>
  <system-out/>
  <testcase classname="com.jack.task.Steptoe" name="run" time="8.476"/>
  <system-out/>
  <testcase classname="com.jack.task.Steptoe" name="run" time="6.959"/>
  <system-out/>
  <testcase classname="com.jack.task.Steptoe" name="run" time="6.772"/>
  <system-out/>
  <testcase classname="com.jack.task.Steptoe" name="run" time="9.424"/>
  <system-out/>
  <testcase classname="com.jack.task.Steptoe" name="run" time="7.375"/>
  <system-out/>
  <testcase classname="com.jack.task.Steptoe" name="run" time="11.114"/>
  <system-out/>
  <testcase classname="com.jack.task.Steptoe" name="run" time="5.874"/>
  <system-out/>
  <testcase classname="com.jack.task.Steptoe" name="run" time="7.952"/>
  <system-out/>
  <testcase classname="com.jack.task.Steptoe" name="run" time="6.511"/>
  <system-out/>
  <testcase classname="com.jack.task.Steptoe" name="run" time="6.208"/>
  <system-out/>
  <testcase classname="com.jack.task.Steptoe" name="run" time="8.051"/>
  <system-out/>
  <testcase classname="com.jack.task.Steptoe" name="run" time="5.807"/>
  <system-out/>
  <testcase classname="com.jack.task.Steptoe" name="run" time="5.347"/>
  <system-out/>
  <testcase classname="com.jack.task.Steptoe" name="run" time="8.709"/>
  <system-out/>
  <testcase classname="com.jack.task.Steptoe" name="run" time="7.377"/>
  <system-out/>
  <testcase classname="com.jack.task.Steptoe" name="run" time="8.986"/>
  <system-out/>
  <testcase classname="com.jack.task.Steptoe" name="run" time="4.836"/>
  <system-out/>
  <testcase classname="com.jack.task.Steptoe" name="run" time="10.108"/>
  <system-out/>
  <testcase classname="com.jack.task.Steptoe" name="run" time="7.241"/>
  <system-out/>
  <testcase classname="com.jack.task.Steptoe" name="run" time="5.653"/>
  <system-out/>
  <testcase classname="com.jack.task.Steptoe" name="run" time="6.296"/>
  <system-out/>
  <testcase classname="com.jack.task.Steptoe" name="run" time="5.703"/>
  <system-out/>
  <testcase classname="com.jack.task.Steptoe" name="run" time="8.425"/>
  <system-out/>
  <testcase classname="com.jack.task.Steptoe" name="run" time="10.171"/>
  <system-out/>
  <testcase classname="com.jack.task.Steptoe" name="run" time="6.707"/>
  <system-out/>
  <testcase classname="com.jack.task.Steptoe" name="run" time="7.962"/>
  <system-out/>
  <testcase classname="com.jack.task.Steptoe" name="run" time="7.459"/>
  <system-out/>
  <testcase classname="com.jack.task.Steptoe" name="run" time="6.808"/>
  <system-out/>
  <testcase classname="com.jack.task.Steptoe" name="run" time="6.341"/>
  <system-out/>
  <testcase classname="com.jack.task.Steptoe" name="run" time="5.937"/>
  <system-out/>
  <testcase classname="com.jack.task.Steptoe" name="run" time="8.309"/>
  <system-out/>
  <testcase classname="com.jack.task.Steptoe" name="run" time="6.677"/>
  <system-out/>
  <testcase classname="com.jack.task.Steptoe" name="run" time="9.563"/>
  <system-out/>
  <testcase classname="com.jack.task.Steptoe" name="run" time="8.827"/>
  <system-out/>
  <testcase classname="com.jack.task.Steptoe" name="run" time="7.093"/>
  <system-out/>
  <testcase classname="com.jack.task.Steptoe" name="run" time="7.205"/>
  <system-out/>
  <testcase classname="com.jack.task.Steptoe" name="run" time="7.397"/>
  <system-out/>
  <testcase classname="com.jack.task.Steptoe" name="run" time="5.887"/>
  <system-out/>
  <testcase classname="com.jack.task.Steptoe" name="run" time="8.459"/>
  <system-out/>
  <testcase classname="com.jack.task.Steptoe" name="run" time="5.326"/>
  <system-out/>
  <testcase classname="com.jack.task.Steptoe" name="run" time="9.582"/>
  <system-out/>
  <testcase classname="com.jack.task.Steptoe" name="run" time="4.276"/>
  <system-out/>
  <testcase classname="com.jack.task.Steptoe" name="run" time="6.424"/>
  <system-out/>
  <testcase classname="com.jack.task.Steptoe" name="run" time="5.458"/>
  <system-out/>
  <testcase classname="com.jack.task.Steptoe" name="run" time="5.159"/>
  <system-out/>
  <testcase classname="com.jack.task.Steptoe" name="run" time="10.591"/>
  <system-out/>
  <testcase classname="com.jack.task.Steptoe" name="run" time="5.058"/>
  <system-out/>
  <testcase classname="com.jack.task.Steptoe" name="run" time="5.148"/>
  <system-out/>
  <testcase classname="com.jack.task.Steptoe" name="run" time="8.942"/>
  <system-out/>
  <testcase classname="com.jack.task.Steptoe" name="run" time="6.551"/>
  <system-out/>
  <testcase classname="com.jack.task.Steptoe" name="run" time="11.575"/>
  <system-out/>
  <testcase classname="com.jack.task.Steptoe" name="run" time="7.692"/>
  <system-out/>
  <testcase classname="com.jack.task.Steptoe" name="run" time="7.047"/>
  <system-out/>
  <testcase classname="com.jack.task.Steptoe" name="run" time="7.137"/>
  <system-out/>
  <testcase classname="com.jack.task.Steptoe" name="run" time="7.706"/>
  <system-out/>
  <testcase classname="com.jack.task.Steptoe" name="run" time="5.117"/>
  <system-out/>
  <testcase classname="com.jack.task.Steptoe" name="run" time="6.381"/>
  <system-out/>
  <testcase classname="com.jack.task.Steptoe" name="run" time="6.192"/>
  <system-out/>
  <testcase classname="com.jack.task.Steptoe" name="run" time="5.376"/>
  <system-out/>
  <testcase classname="com.jack.task.Steptoe" name="run" time="9.680"/>
  <system-out/>
  <testcase classname="com.jack.task.Steptoe" name="run" time="9.698"/>
  <system-out/>
  <testcase classname="com.jack.task.Steptoe" name="run" time="10.095"/>
  <system-out/>
  <testcase classname="com.jack.task.Steptoe" name="run" time="6.412"/>
  <system-out/>
  <testcase classname="com.jack.task.Steptoe" name="run" time="8.163"/>
  <system-out/>
  <testcase classname="com.jack.task.Steptoe" name="run" time="7.006"/>
  <system-out/>
  <testcase classname="com.jack.task.Steptoe" name="run" time="9.823"/>
  <system-out/>
  <testcase classname="com.jack.task.Steptoe" name="run" time="5.208"/>
  <system-out/>
  <testcase classname="com.jack.task.Steptoe" name="run" time="5.995"/>
  <system-out/>
  <testcase classname="com.jack.task.Steptoe" name="run" time="6.285"/>
  <system-out/>
  <testcase classname="com.jack.task.Steptoe" name="run" time="5.426"/>
  <system-out/>
  <testcase classname="com.jack.task.Steptoe" name="run" time="6.216"/>
  <system-out/>
  <testcase classname="com.jack.task.Steptoe" name="run" time="10.208"/>
  <system-out/>
  <testcase classname="com.jack.task.Steptoe" name="run" time="6.147"/>
  <system-out/>
  <testcase classname="com.jack.task.Steptoe" name="run" time="11.125"/>
  <system-out/>
  <testcase classname="com.jack.task.Steptoe" name="run" time="5.667"/>
  <system-out/>
  <testcase classname="com.jack.task.Steptoe" name="run" time="6.224"/>
  <system-out/>
  <testcase classname="com.jack.task.Steptoe" name="run" time="7.331"/>
  <system-out/>
  <testcase classname="com.jack.task.Steptoe" name="run" time="8.328"/>
  <system-out/>
  <testcase classname="com.jack.task.Steptoe" name="run" time="8.232"/>
  <system-out/>
  <testcase classname="com.jack.task.Steptoe" name="run" time="7.872"/>
  <system-out/>
  <testcase classname="com.jack.task.Steptoe" name="run" time="6.589"/>
  <system-out/>
  <testcase classname="com.jack.task.Steptoe" name="run" time="5.884"/>
  <system-out/>
  <testcase classname="com.jack.task.Steptoe" name="run" time="9.218"/>
  <system-out/>
  <testcase classname="com.jack.task.Steptoe" name="run" time="5.197"/>
  <system-out/>
  <testcase classname="com.jack.task.Steptoe" name="run" time="4.675"/>
  <system-out/>
  <testcase classname="com.jack.task.Steptoe" name="run" time="6.252"/>
  <system-out/>
  <testcase classname="com.jack.task.Steptoe" name="run" time="6.747"/>
  <system-out/>
  <testcase classname="com.jack.task.Steptoe" name="run" time="8.139"/>
  <system-out/>
  <testcase classname="com.jack.task.Steptoe" name="run" time="6.021"/>
  <system-out/>
  <testcase classname="com.jack.task.Steptoe" name="run" time="8.901"/>
  <system-out/>
  <testcase classname="com.jack.task.Steptoe" name="run" time="7.911"/>
  <system-out/>
  <testcase classname="com.jack.task.Steptoe" name="run" time="5.687"/>
  <system-out/>
  <testcase classname="com.jack.task.Steptoe" name="run" time="7.004"/>
  <system-out/>
  <testcase classname="com.jack.task.Steptoe" name="run" time="4.876"/>
  <system-out/>
  <testcase classname="com.jack.task.Steptoe" name="run" time="7.535"/>
  <system-out/>
  <testcase classname="com.jack.task.Steptoe" name="run" time="6.329"/>
  <system-out/>
  <testcase classname="com.jack.task.Steptoe" name="run" time="8.340"/>
  <system-out/>
  <testcase classname="com.jack.task.Steptoe" name="run" time="8.842"/>
  <system-out/>
  <testcase classname="com.jack.task.Steptoe" name="run" time="5.602"/>
  <system-out/>
  <testcase classname="com.jack.task.Steptoe" name="run" time="10.969"/>
  <system-out/>
  <testcase classname="com.jack.task.Steptoe" name="run" time="7.548"/>
  <system-out/>
  <testcase classname="com.jack.task.Steptoe" name="run" time="7.943"/>
  <system-out/>
  <testcase classname="com.jack.task.Steptoe" name="run" time="5.466"/>
  <system-out/>
  <testcase classname="com.jack.task.Steptoe" name="run" time="8.442"/>
  <system-out/>
  <testcase classname="com.jack.task.Steptoe" name="run" time="8.153"/>
  <system-out/>
  <testcase classname="com.jack.task.Steptoe" name="run" time="6.705"/>
  <system-out/>
  <testcase classname="com.jack.task.Steptoe" name="run" time="5.593"/>
  <system-out/>
  <testcase classname="com.jack.task.Steptoe" name="run" time="6.166"/>
  <system-out/>
  <testcase classname="com.jack.task.Steptoe" name="run" time="6.575"/>
  <system-out/>
  <testcase classname="com.jack.task.Steptoe" name="run" time="5.481"/>
  <system-out/>
  <testcase classname="com.jack.task.Steptoe" name="run" time="5.015"/>
  <system-out/>
  <testcase classname="com.jack.task.Steptoe" name="run" time="8.024"/>
  <system-out/>
  <testcase classname="com.jack.task.Steptoe" name="run" time="7.478"/>
  <system-out/>
  <testcase classname="com.jack.task.Steptoe" name="run" time="5.938"/>
  <system-out/>
  <testcase classname="com.jack.task.Steptoe" name="run" time="7.174"/>
  <system-out/>
  <testcase classname="com.jack.task.Steptoe" name="run" time="9.205"/>
  <system-out/>
  <testcase classname="com.jack.task.Steptoe" name="run" time="5.423"/>
  <system-out/>
  <testcase classname="com.jack.task.Steptoe" name="run" time="10.530"/>
  <system-out/>
  <testcase classname="com.jack.task.Steptoe" name="run" time="9.325"/>
  <system-out/>
  <testcase classname="com.jack.task.Steptoe" name="run" time="5.114"/>
  <system-out/>
  <testcase classname="com.jack.task.Steptoe" name="run" time="5.979"/>
  <system-out/>
  <testcase classname="com.jack.task.Steptoe" name="run" time="8.123"/>
  <system-out/>
  <testcase classname="com.jack.task.Steptoe" name="run" time="7.139"/>
  <system-out/>
  <testcase classname="com.jack.task.Steptoe" name="run" time="6.592"/>
  <system-out/>
  <testcase classname="com.jack.task.Steptoe" name="run" time="12.450"/>
  <system-out/>
  <testcase classname="com.jack.task.Steptoe" name="run" time="5.134"/>
  <system-out/>
  <testcase classname="com.jack.task.Steptoe" name="run" time="9.036"/>
  <system-out/>
  <testcase classname="com.jack.task.Steptoe" name="run" time="7.378"/>
  <system-out/>
  <testcase classname="com.jack.task.Steptoe" name="run" time="9.348"/>
  <system-out/>
  <testcase classname="com.jack.task.Steptoe" name="run" time="5.554"/>
  <system-out/>
  <testcase classname="com.jack.task.Steptoe" name="run" time="7.697"/>
  <system-out/>
  <testcase classname="com.jack.task.Steptoe" name="run" time="7.700"/>
  <system-out/>
  <testcase classname="com.jack.task.Steptoe" name="run" time="8.299"/>
  <system-out/>
  <testcase classname="com.jack.task.Steptoe" name="run" time="8.669"/>
  <system-out/>
  <testcase classname="com.jack.task.Steptoe" name="run" time="6.366"/>
  <system-out/>
  <testcase classname="com.jack.task.Steptoe" name="run" time="6.227"/>
  <system-out/>
  <testcase classname="com.jack.task.Steptoe" name="run" time="9.464"/>
  <system-out/>
  <testcase classname="com.jack.task.Steptoe" name="run" time="10.626"/>
  <system-out/>
  <testcase classname="com.jack.task.Steptoe" name="run" time="6.575"/>
  <system-out/>
  <testcase classname="com.jack.task.Steptoe" name="run" time="7.314"/>
  <system-out/>
  <testcase classname="com.jack.task.Steptoe" name="run" time="6.439"/>
  <system-out/>
  <testcase classname="com.jack.task.Steptoe" name="run" time="8.429"/>
  <system-out/>
  <testcase classname="com.jack.task.Steptoe" name="run" time="7.223"/>
  <system-out/>
  <testcase classname="com.jack.task.Steptoe" name="run" time="8.843"/>
  <system-out/>
  <testcase classname="com.jack.task.Steptoe" name="run" time="5.832"/>
  <system-out/>
  <testcase classname="com.jack.task.Steptoe" name="run" time="10.247"/>
  <system-out/>
  <testcase classname="com.jack.task.Steptoe" name="run" time="5.509"/>
  <system-out/>
  <testcase classname="com.jack.task.Steptoe" name="run" time="7.132"/>
  <system-out/>
  <testcase classname="com.jack.task.Steptoe" name="run" time="9.932"/>
  <system-out/>
  <testcase classname="com.jack.task.Steptoe" name="run" time="5.123"/>
  <system-out/>
  <testcase classname="com.jack.task.Steptoe" name="run" time="8.382"/>
  <system-out/>
  <testcase classname="com.jack.task.Steptoe" name="run" time="4.907"/>
  <system-out/>
  <testcase classname="com.jack.task.Steptoe" name="run" time="6.170"/>
  <system-out/>
  <testcase classname="com.jack.task.Steptoe" name="run" time="5.939"/>
  <system-out/>
  <testcase classname="com.jack.task.Steptoe" name="run" time="5.636"/>
  <system-out/>
  <testcase classname="com.jack.task.Steptoe" name="run" time="5.482"/>
  <system-out/>
  <testcase classname="com.jack.task.Steptoe" name="run" time="5.514"/>
  <system-out/>
  <testcase classname="com.jack.task.Steptoe" name="run" time="4.678"/>
  <system-out/>
  <testcase classname="com.jack.task.Steptoe" name="run" time="7.640"/>
  <system-out/>
  <testcase classname="com.jack.task.Steptoe" name="run" time="10.509"/>
  <system-out/>
  <testcase classname="com.jack.task.Steptoe" name="run" time="5.736"/>
  <system-out/>
  <testcase classname="com.jack.task.Steptoe" name="run" time="6.183"/>
  <system-out/>
  <testcase classname="com.jack.task.Steptoe" name="run" time="6.256"/>
  <system-out/>
  <testcase classname="com.jack.task.Steptoe" name="run" time="6.208"/>
  <system-out/>
  <testcase classname="com.jack.task.Steptoe" name="run" time="6.067"/>
  <system-out/>
  <testcase classname="com.jack.task.Steptoe" name="run" time="5.901"/>
  <system-out/>
  <testcase classname="com.jack.task.Steptoe" name="run" time="10.796"/>
  <system-out/>
  <testcase classname="com.jack.task.Steptoe" name="run" time="8.395"/>
  <system-out/>
  <testcase classname="com.jack.task.Steptoe" name="run" time="5.046"/>
  <system-out/>
  <testcase classname="com.jack.task.Steptoe" name="run" time="11.739"/>
  <system-out/>
  <testcase classname="com.jack.task.Steptoe" name="run" time="6.373"/>
  <system-out/>
  <testcase classname="com.jack.task.Steptoe" name="run" time="6.566"/>
  <system-out/>
  <testcase classname="com.jack.task.Steptoe" name="run" time="7.784"/>
  <system-out/>
  <testcase classname="com.jack.task.Steptoe" name="run" time="10.373"/>
  <system-out/>
  <testcase classname="com.jack.task.Steptoe" name="run" time="6.983"/>
  <system-out/>
  <testcase classname="com.jack.task.Steptoe" name="run" time="6.551"/>
  <system-out/>
  <testcase classname="com.jack.task.Steptoe" name="run" time="6.642"/>
  <system-out/>
  <testcase classname="com.jack.task.Steptoe" name="run" time="8.321"/>
  <system-out/>
  <testcase classname="com.jack.task.Steptoe" name="run" time="5.725"/>
  <system-out/>
  <testcase classname="com.jack.task.Steptoe" name="run" time="6.701"/>
  <system-out/>
  <testcase classname="com.jack.task.Steptoe" name="run" time="7.301"/>
  <system-out/>
  <testcase classname="com.jack.task.Steptoe" name="run" time="8.014"/>
  <system-out/>
  <testcase classname="com.jack.task.Steptoe" name="run" time="5.589"/>
  <system-out/>
  <testcase classname="com.jack.task.Steptoe" name="run" time="7.469"/>
  <system-out/>
  <testcase classname="com.jack.task.Steptoe" name="run" time="6.092"/>
  <system-out/>
  <testcase classname="com.jack.task.Steptoe" name="run" time="9.597"/>
  <system-out/>
  <testcase classname="com.jack.task.Steptoe" name="run" time="6.513"/>
  <system-out/>
  <testcase classname="com.jack.task.Steptoe" name="run" time="6.372"/>
  <system-out/>
  <testcase classname="com.jack.task.Steptoe" name="run" time="9.807"/>
  <system-out/>
  <testcase classname="com.jack.task.Steptoe" name="run" time="5.494"/>
  <system-out/>
  <testcase classname="com.jack.task.Steptoe" name="run" time="7.866"/>
  <system-out/>
  <testcase classname="com.jack.task.Steptoe" name="run" time="8.192"/>
  <system-out/>
  <testcase classname="com.jack.task.Steptoe" name="run" time="7.335"/>
  <system-out/>
  <testcase classname="com.jack.task.Steptoe" name="run" time="7.025"/>
  <system-out/>
  <testcase classname="com.jack.task.Steptoe" name="run" time="5.667"/>
  <system-out/>
  <testcase classname="com.jack.task.Steptoe" name="run" time="5.216"/>
  <system-out/>
  <testcase classname="com.jack.task.Steptoe" name="run" time="8.343"/>
  <system-out/>
  <testcase classname="com.jack.task.Steptoe" name="run" time="8.555"/>
  <system-out/>
  <testcase classname="com.jack.task.Steptoe" name="run" time="6.408"/>
  <system-out/>
  <testcase classname="com.jack.task.Steptoe" name="run" time="7.887"/>
  <system-out/>
  <testcase classname="com.jack.task.Steptoe" name="run" time="10.549"/>
  <system-out/>
  <testcase classname="com.jack.task.Steptoe" name="run" time="10.049"/>
  <system-out/>
  <testcase classname="com.jack.task.Steptoe" name="run" time="6.683"/>
  <system-out/>
  <testcase classname="com.jack.task.Steptoe" name="run" time="6.349"/>
  <system-out/>
  <testcase classname="com.jack.task.Steptoe" name="run" time="11.026"/>
  <system-out/>
  <testcase classname="com.jack.task.Steptoe" name="run" time="6.901"/>
  <system-out/>
  <testcase classname="com.jack.task.Steptoe" name="run" time="4.044"/>
  <system-out/>
  <testcase classname="com.jack.task.Steptoe" name="run" time="7.198"/>
  <system-out/>
  <testcase classname="com.jack.task.Steptoe" name="run" time="4.700"/>
  <system-out/>
  <testcase classname="com.jack.task.Steptoe" name="run" time="5.494"/>
  <system-out/>
  <testcase classname="com.jack.task.Steptoe" name="run" time="7.896"/>
  <system-out/>
  <testcase classname="com.jack.task.Steptoe" name="run" time="6.386"/>
  <system-out/>
  <testcase classname="com.jack.task.Steptoe" name="run" time="5.580"/>
  <system-out/>
  <testcase classname="com.jack.task.Steptoe" name="run" time="7.140"/>
  <system-out/>
  <testcase classname="com.jack.task.Steptoe" name="run" time="10.140"/>
  <system-out/>
  <testcase classname="com.jack.task.Steptoe" name="run" time="7.805"/>
  <system-out/>
  <testcase classname="com.jack.task.Steptoe" name="run" time="6.822"/>
  <system-out/>
  <testcase classname="com.jack.task.Steptoe" name="run" time="8.377"/>
  <system-out/>
  <testcase classname="com.jack.task.Steptoe" name="run" time="6.690"/>
  <system-out/>
  <testcase classname="com.jack.task.Steptoe" name="run" time="7.831"/>
  <system-out/>
  <testcase classname="com.jack.task.Steptoe" name="run" time="5.106"/>
  <system-out/>
  <testcase classname="com.jack.task.Steptoe" name="run" time="8.379"/>
  <system-out/>
  <testcase classname="com.jack.task.Steptoe" name="run" time="8.274"/>
  <system-out/>
  <testcase classname="com.jack.task.Steptoe" name="run" time="7.094"/>
  <system-out/>
  <testcase classname="com.jack.task.Steptoe" name="run" time="9.246"/>
  <system-out/>
  <testcase classname="com.jack.task.Steptoe" name="run" time="8.075"/>
  <system-out/>
  <testcase classname="com.jack.task.Steptoe" name="run" time="4.959"/>
  <system-out/>
  <testcase classname="com.jack.task.Steptoe" name="run" time="4.782"/>
  <system-out/>
  <testcase classname="com.jack.task.Steptoe" name="run" time="5.988"/>
  <system-out/>
  <testcase classname="com.jack.task.Steptoe" name="run" time="8.009"/>
  <system-out/>
  <testcase classname="com.jack.task.Steptoe" name="run" time="5.439"/>
  <system-out/>
  <testcase classname="com.jack.task.Steptoe" name="run" time="8.781"/>
  <system-out/>
  <testcase classname="com.jack.task.Steptoe" name="run" time="7.872"/>
  <system-out/>
  <testcase classname="com.jack.task.Steptoe" name="run" time="9.367"/>
  <system-out/>
  <testcase classname="com.jack.task.Steptoe" name="run" time="9.593"/>
  <system-out/>
  <testcase classname="com.jack.task.Steptoe" name="run" time="7.222"/>
  <system-out/>
  <testcase classname="com.jack.task.Steptoe" name="run" time="7.092"/>
  <system-out/>
  <testcase classname="com.jack.task.Steptoe" name="run" time="8.126"/>
  <system-out/>
  <testcase classname="com.jack.task.Steptoe" name="run" time="5.409"/>
  <system-out/>
  <testcase classname="com.jack.task.Steptoe" name="run" time="7.797"/>
  <system-out/>
  <testcase classname="com.jack.task.Steptoe" name="run" time="7.924"/>
  <system-out/>
  <testcase classname="com.jack.task.Steptoe" name="run" time="5.881"/>
  <system-out/>
  <testcase classname="com.jack.task.Steptoe" name="run" time="8.638"/>
  <system-out/>
  <testcase classname="com.jack.task.Steptoe" name="run" time="5.478"/>
  <system-out/>
  <testcase classname="com.jack.task.Steptoe" name="run" time="5.889"/>
  <system-out/>
  <testcase classname="com.jack.task.Steptoe" name="run" time="8.959"/>
  <system-out/>
  <testcase classname="com.jack.task.Steptoe" name="run" time="7.229"/>
  <system-out/>
  <testcase classname="com.jack.task.Steptoe" name="run" time="5.674"/>
  <system-out/>
  <testcase classname="com.jack.task.Steptoe" name="run" time="10.176"/>
  <system-out/>
  <testcase classname="com.jack.task.Steptoe" name="run" time="6.497"/>
  <system-out/>
  <testcase classname="com.jack.task.Steptoe" name="run" time="6.625"/>
  <system-out/>
  <testcase classname="com.jack.task.Steptoe" name="run" time="9.410"/>
  <system-out/>
  <testcase classname="com.jack.task.Steptoe" name="run" time="6.840"/>
  <system-out/>
  <testcase classname="com.jack.task.Steptoe" name="run" time="4.790"/>
  <system-out/>
  <testcase classname="com.jack.task.Steptoe" name="run" time="5.543"/>
  <system-out/>
  <testcase classname="com.jack.task.Steptoe" name="run" time="5.017"/>
  <system-out/>
  <testcase classname="com.jack.task.Steptoe" name="run" time="4.758"/>
  <system-out/>
  <testcase classname="com.jack.task.Steptoe" name="run" time="6.993"/>
  <system-out/>
  <testcase classname="com.jack.task.Steptoe" name="run" time="7.717"/>
  <system-out/>
  <testcase classname="com.jack.task.Steptoe" name="run" time="8.687"/>
  <system-out/>
  <testcase classname="com.jack.task.Steptoe" name="run" time="10.781"/>
  <system-out/>
  <testcase classname="com.jack.task.Steptoe" name="run" time="5.696"/>
  <system-out/>
  <testcase classname="com.jack.task.Steptoe" name="run" time="7.372"/>
  <system-out/>
  <testcase classname="com.jack.task.Steptoe" name="run" time="8.450"/>
  <system-out/>
  <testcase classname="com.jack.task.Steptoe" name="run" time="6.189"/>
  <system-out/>
  <testcase classname="com.jack.task.Steptoe" name="run" time="5.651"/>
  <system-out/>
  <testcase classname="com.jack.task.Steptoe" name="run" time="5.705"/>
  <system-out/>
  <testcase classname="com.jack.task.Steptoe" name="run" time="6.009"/>
  <system-out/>
  <testcase classname="com.jack.task.Steptoe" name="run" time="5.176"/>
  <system-out/>
  <testcase classname="com.jack.task.Steptoe" name="run" time="6.864"/>
  <system-out/>
  <testcase classname="com.jack.task.Steptoe" name="run" time="8.916"/>
  <system-out/>
  <testcase classname="com.jack.task.Steptoe" name="run" time="7.940"/>
  <system-out/>
  <testcase classname="com.jack.task.Steptoe" name="run" time="5.990"/>
  <system-out/>
  <testcase classname="com.jack.task.Steptoe" name="run" time="7.981"/>
  <system-out/>
  <testcase classname="com.jack.task.Steptoe" name="run" time="5.528"/>
  <system-out/>
  <testcase classname="com.jack.task.Steptoe" name="run" time="6.858"/>
  <system-out/>
  <testcase classname="com.jack.task.Steptoe" name="run" time="7.446"/>
  <system-out/>
  <testcase classname="com.jack.task.Steptoe" name="run" time="7.290"/>
  <system-out/>
  <testcase classname="com.jack.task.Steptoe" name="run" time="5.560"/>
  <system-out/>
  <testcase classname="com.jack.task.Steptoe" name="run" time="7.539"/>
  <system-out/>
  <testcase classname="com.jack.task.Steptoe" name="run" time="5.606"/>
  <system-out/>
  <testcase classname="com.jack.task.Steptoe" name="run" time="4.941"/>
  <system-out/>
  <testcase classname="com.jack.task.Steptoe" name="run" time="8.418"/>
  <system-out/>
  <testcase classname="com.jack.task.Steptoe" name="run" time="9.679"/>
  <system-out/>
  <testcase classname="com.jack.task.Steptoe" name="run" time="7.855"/>
  <system-out/>
  <testcase classname="com.jack.task.Steptoe" name="run" time="5.955"/>
  <system-out/>
  <testcase classname="com.jack.task.Steptoe" name="run" time="9.316"/>
  <system-out/>
  <testcase classname="com.jack.task.Steptoe" name="run" time="4.216"/>
  <system-out/>
  <testcase classname="com.jack.task.Steptoe" name="run" time="6.632"/>
  <system-out/>
  <testcase classname="com.jack.task.Steptoe" name="run" time="7.669"/>
  <system-out/>
  <testcase classname="com.jack.task.Steptoe" name="run" time="7.195"/>
  <system-out/>
  <testcase classname="com.jack.task.Steptoe" name="run" time="5.473"/>
  <system-out/>
  <testcase classname="com.jack.task.Steptoe" name="run" time="5.442"/>
  <system-out/>
  <testcase classname="com.jack.task.Steptoe" name="run" time="8.736"/>
  <system-out/>
  <testcase classname="com.jack.task.Steptoe" name="run" time="8.004"/>
  <system-out/>
  <testcase classname="com.jack.task.Steptoe" name="run" time="7.082"/>
  <system-out/>
  <testcase classname="com.jack.task.Steptoe" name="run" time="9.211"/>
  <system-out/>
  <testcase classname="com.jack.task.Steptoe" name="run" time="7.727"/>
  <system-out/>
  <testcase classname="com.jack.task.Steptoe" name="run" time="7.818"/>
  <system-out/>
  <testcase classname="com.jack.task.Steptoe" name="run" time="6.490"/>
  <system-out/>
  <testcase classname="com.jack.task.Steptoe" name="run" time="5.910"/>
  <system-out/>
  <testcase classname="com.jack.task.Steptoe" name="run" time="9.225"/>
  <system-out/>
  <testcase classname="com.jack.task.Steptoe" name="run" time="8.368"/>
  <system-out/>
  <testcase classname="com.jack.task.Steptoe" name="run" time="7.361"/>
  <system-out/>
  <testcase classname="com.jack.task.Steptoe" name="run" time="7.875"/>
  <system-out/>
  <testcase classname="com.jack.task.Steptoe" name="run" time="5.359"/>
  <system-out/>
  <testcase classname="com.jack.task.Steptoe" name="run" time="9.544"/>
  <system-out/>
  <testcase classname="com.jack.task.Steptoe" name="run" time="6.753"/>
  <system-out/>
  <testcase classname="com.jack.task.Steptoe" name="run" time="5.738"/>
  <system-out/>
  <testcase classname="com.jack.task.Steptoe" name="run" time="5.719"/>
  <system-out/>
  <testcase classname="com.jack.task.Steptoe" name="run" time="7.737"/>
  <system-out/>
  <testcase classname="com.jack.task.Steptoe" name="run" time="7.323"/>
  <system-out/>
  <testcase classname="com.jack.task.Steptoe" name="run" time="11.694"/>
  <system-out/>
  <testcase classname="com.jack.task.Steptoe" name="run" time="6.675"/>
  <system-out/>
  <testcase classname="com.jack.task.Steptoe" name="run" time="5.022"/>
  <system-out/>
  <testcase classname="com.jack.task.Steptoe" name="run" time="10.551"/>
  <system-out/>
  <testcase classname="com.jack.task.Steptoe" name="run" time="7.460"/>
  <system-out/>
  <testcase classname="com.jack.task.Steptoe" name="run" time="7.041"/>
  <system-out/>
  <testcase classname="com.jack.task.Steptoe" name="run" time="11.016"/>
  <system-out/>
</testsuite> <!-- com.jack.task.Steptoe -->
