<?xml version="1.0" encoding="UTF-8"?>
<!-- Generated by org.testng.reporters.JUnitReportReporter -->
<testsuite hostname="DESKTOP-89RDKF8" failures="0" tests="917" name="com.jack.task.Duanemorris" time="8961.744" errors="1" timestamp="2023-01-15T00:10:34 BDT" skipped="0">
  <testcase classname="com.jack.task.Duanemorris" name="run" time="7.669"/>
  <system-out/>
  <testcase classname="com.jack.task.Duanemorris" name="run" time="11.143"/>
  <system-out/>
  <testcase classname="com.jack.task.Duanemorris" name="run" time="6.992"/>
  <system-out/>
  <testcase classname="com.jack.task.Duanemorris" name="run" time="11.147"/>
  <system-out/>
  <testcase classname="com.jack.task.Duanemorris" name="run" time="11.825"/>
  <system-out/>
  <testcase classname="com.jack.task.Duanemorris" name="run" time="9.506"/>
  <system-out/>
  <testcase classname="com.jack.task.Duanemorris" name="run" time="7.533"/>
  <system-out/>
  <testcase classname="com.jack.task.Duanemorris" name="run" time="11.711"/>
  <system-out/>
  <testcase classname="com.jack.task.Duanemorris" name="run" time="6.616"/>
  <system-out/>
  <testcase classname="com.jack.task.Duanemorris" name="run" time="8.387"/>
  <system-out/>
  <testcase classname="com.jack.task.Duanemorris" name="run" time="15.154"/>
  <system-out/>
  <testcase classname="com.jack.task.Duanemorris" name="run" time="8.446"/>
  <system-out/>
  <testcase classname="com.jack.task.Duanemorris" name="run" time="11.090"/>
  <system-out/>
  <testcase classname="com.jack.task.Duanemorris" name="run" time="10.501"/>
  <system-out/>
  <testcase classname="com.jack.task.Duanemorris" name="run" time="9.982"/>
  <system-out/>
  <testcase classname="com.jack.task.Duanemorris" name="run" time="10.648"/>
  <system-out/>
  <testcase classname="com.jack.task.Duanemorris" name="run" time="10.603"/>
  <system-out/>
  <testcase classname="com.jack.task.Duanemorris" name="run" time="15.052"/>
  <system-out/>
  <testcase classname="com.jack.task.Duanemorris" name="run" time="9.891"/>
  <system-out/>
  <testcase classname="com.jack.task.Duanemorris" name="run" time="8.824"/>
  <system-out/>
  <testcase classname="com.jack.task.Duanemorris" name="run" time="10.544"/>
  <system-out/>
  <testcase classname="com.jack.task.Duanemorris" name="run" time="10.251"/>
  <system-out/>
  <testcase classname="com.jack.task.Duanemorris" name="run" time="10.738"/>
  <system-out/>
  <testcase classname="com.jack.task.Duanemorris" name="run" time="11.557"/>
  <system-out/>
  <testcase classname="com.jack.task.Duanemorris" name="run" time="9.339"/>
  <system-out/>
  <testcase classname="com.jack.task.Duanemorris" name="run" time="9.941"/>
  <system-out/>
  <testcase classname="com.jack.task.Duanemorris" name="run" time="11.050"/>
  <system-out/>
  <testcase classname="com.jack.task.Duanemorris" name="run" time="10.870"/>
  <system-out/>
  <testcase classname="com.jack.task.Duanemorris" name="run" time="10.364"/>
  <system-out/>
  <testcase classname="com.jack.task.Duanemorris" name="run" time="7.874"/>
  <system-out/>
  <testcase classname="com.jack.task.Duanemorris" name="run" time="9.634"/>
  <system-out/>
  <testcase classname="com.jack.task.Duanemorris" name="run" time="11.123"/>
  <system-out/>
  <testcase classname="com.jack.task.Duanemorris" name="run" time="11.622"/>
  <system-out/>
  <testcase classname="com.jack.task.Duanemorris" name="run" time="7.897"/>
  <system-out/>
  <testcase classname="com.jack.task.Duanemorris" name="run" time="12.748"/>
  <system-out/>
  <testcase classname="com.jack.task.Duanemorris" name="run" time="10.475"/>
  <system-out/>
  <testcase classname="com.jack.task.Duanemorris" name="run" time="9.529"/>
  <system-out/>
  <testcase classname="com.jack.task.Duanemorris" name="run" time="10.690"/>
  <system-out/>
  <testcase classname="com.jack.task.Duanemorris" name="run" time="9.655"/>
  <system-out/>
  <testcase classname="com.jack.task.Duanemorris" name="run" time="6.762"/>
  <system-out/>
  <testcase classname="com.jack.task.Duanemorris" name="run" time="11.151"/>
  <system-out/>
  <testcase classname="com.jack.task.Duanemorris" name="run" time="10.009"/>
  <system-out/>
  <testcase classname="com.jack.task.Duanemorris" name="run" time="7.727"/>
  <system-out/>
  <testcase classname="com.jack.task.Duanemorris" name="run" time="11.615"/>
  <system-out/>
  <testcase classname="com.jack.task.Duanemorris" name="run" time="10.645"/>
  <system-out/>
  <testcase classname="com.jack.task.Duanemorris" name="run" time="7.822"/>
  <system-out/>
  <testcase classname="com.jack.task.Duanemorris" name="run" time="10.300"/>
  <system-out/>
  <testcase classname="com.jack.task.Duanemorris" name="run" time="10.880"/>
  <system-out/>
  <testcase classname="com.jack.task.Duanemorris" name="run" time="7.057"/>
  <system-out/>
  <testcase classname="com.jack.task.Duanemorris" name="run" time="9.690"/>
  <system-out/>
  <testcase classname="com.jack.task.Duanemorris" name="run" time="11.225"/>
  <system-out/>
  <testcase classname="com.jack.task.Duanemorris" name="run" time="8.079"/>
  <system-out/>
  <testcase classname="com.jack.task.Duanemorris" name="run" time="9.963"/>
  <system-out/>
  <testcase classname="com.jack.task.Duanemorris" name="run" time="11.451"/>
  <system-out/>
  <testcase classname="com.jack.task.Duanemorris" name="run" time="10.923"/>
  <system-out/>
  <testcase classname="com.jack.task.Duanemorris" name="run" time="6.798"/>
  <system-out/>
  <testcase classname="com.jack.task.Duanemorris" name="run" time="11.778"/>
  <system-out/>
  <testcase classname="com.jack.task.Duanemorris" name="run" time="10.812"/>
  <system-out/>
  <testcase classname="com.jack.task.Duanemorris" name="run" time="10.321"/>
  <system-out/>
  <testcase classname="com.jack.task.Duanemorris" name="run" time="10.779"/>
  <system-out/>
  <testcase classname="com.jack.task.Duanemorris" name="run" time="10.638"/>
  <system-out/>
  <testcase classname="com.jack.task.Duanemorris" name="run" time="11.293"/>
  <system-out/>
  <testcase classname="com.jack.task.Duanemorris" name="run" time="12.600"/>
  <system-out/>
  <testcase classname="com.jack.task.Duanemorris" name="run" time="9.051"/>
  <system-out/>
  <testcase classname="com.jack.task.Duanemorris" name="run" time="9.911"/>
  <system-out/>
  <testcase classname="com.jack.task.Duanemorris" name="run" time="9.639"/>
  <system-out/>
  <testcase classname="com.jack.task.Duanemorris" name="run" time="10.864"/>
  <system-out/>
  <testcase classname="com.jack.task.Duanemorris" name="run" time="11.374"/>
  <system-out/>
  <testcase classname="com.jack.task.Duanemorris" name="run" time="13.067"/>
  <system-out/>
  <testcase classname="com.jack.task.Duanemorris" name="run" time="7.515"/>
  <system-out/>
  <testcase classname="com.jack.task.Duanemorris" name="run" time="11.805"/>
  <system-out/>
  <testcase classname="com.jack.task.Duanemorris" name="run" time="8.145"/>
  <system-out/>
  <testcase classname="com.jack.task.Duanemorris" name="run" time="7.455"/>
  <system-out/>
  <testcase classname="com.jack.task.Duanemorris" name="run" time="10.797"/>
  <system-out/>
  <testcase classname="com.jack.task.Duanemorris" name="run" time="12.011"/>
  <system-out/>
  <testcase classname="com.jack.task.Duanemorris" name="run" time="9.534"/>
  <system-out/>
  <testcase classname="com.jack.task.Duanemorris" name="run" time="14.679"/>
  <system-out/>
  <testcase classname="com.jack.task.Duanemorris" name="run" time="9.648"/>
  <system-out/>
  <testcase classname="com.jack.task.Duanemorris" name="run" time="9.177"/>
  <system-out/>
  <testcase classname="com.jack.task.Duanemorris" name="run" time="10.147"/>
  <system-out/>
  <testcase classname="com.jack.task.Duanemorris" name="run" time="8.509"/>
  <system-out/>
  <testcase classname="com.jack.task.Duanemorris" name="run" time="12.208"/>
  <system-out/>
  <testcase classname="com.jack.task.Duanemorris" name="run" time="7.328"/>
  <system-out/>
  <testcase classname="com.jack.task.Duanemorris" name="run" time="9.157"/>
  <system-out/>
  <testcase classname="com.jack.task.Duanemorris" name="run" time="7.435"/>
  <system-out/>
  <testcase classname="com.jack.task.Duanemorris" name="run" time="7.931"/>
  <system-out/>
  <testcase classname="com.jack.task.Duanemorris" name="run" time="7.932"/>
  <system-out/>
  <testcase classname="com.jack.task.Duanemorris" name="run" time="10.757"/>
  <system-out/>
  <testcase classname="com.jack.task.Duanemorris" name="run" time="10.645"/>
  <system-out/>
  <testcase classname="com.jack.task.Duanemorris" name="run" time="9.488"/>
  <system-out/>
  <testcase classname="com.jack.task.Duanemorris" name="run" time="7.146"/>
  <system-out/>
  <testcase classname="com.jack.task.Duanemorris" name="run" time="7.242"/>
  <system-out/>
  <testcase classname="com.jack.task.Duanemorris" name="run" time="12.077"/>
  <system-out/>
  <testcase classname="com.jack.task.Duanemorris" name="run" time="8.988"/>
  <system-out/>
  <testcase classname="com.jack.task.Duanemorris" name="run" time="11.567"/>
  <system-out/>
  <testcase classname="com.jack.task.Duanemorris" name="run" time="6.837"/>
  <system-out/>
  <testcase classname="com.jack.task.Duanemorris" name="run" time="10.021"/>
  <system-out/>
  <testcase classname="com.jack.task.Duanemorris" name="run" time="8.675"/>
  <system-out/>
  <testcase classname="com.jack.task.Duanemorris" name="run" time="7.486"/>
  <system-out/>
  <testcase classname="com.jack.task.Duanemorris" name="run" time="7.547"/>
  <system-out/>
  <testcase classname="com.jack.task.Duanemorris" name="run" time="9.945"/>
  <system-out/>
  <testcase classname="com.jack.task.Duanemorris" name="run" time="10.683"/>
  <system-out/>
  <testcase classname="com.jack.task.Duanemorris" name="run" time="11.216"/>
  <system-out/>
  <testcase classname="com.jack.task.Duanemorris" name="run" time="6.337"/>
  <system-out/>
  <testcase classname="com.jack.task.Duanemorris" name="run" time="11.192"/>
  <system-out/>
  <testcase classname="com.jack.task.Duanemorris" name="run" time="7.160"/>
  <system-out/>
  <testcase classname="com.jack.task.Duanemorris" name="run" time="7.064"/>
  <system-out/>
  <testcase classname="com.jack.task.Duanemorris" name="run" time="10.570"/>
  <system-out/>
  <testcase classname="com.jack.task.Duanemorris" name="run" time="10.277"/>
  <system-out/>
  <testcase classname="com.jack.task.Duanemorris" name="run" time="9.206"/>
  <system-out/>
  <testcase classname="com.jack.task.Duanemorris" name="run" time="15.579"/>
  <system-out/>
  <testcase classname="com.jack.task.Duanemorris" name="run" time="10.037"/>
  <system-out/>
  <testcase classname="com.jack.task.Duanemorris" name="run" time="7.745"/>
  <system-out/>
  <testcase classname="com.jack.task.Duanemorris" name="run" time="7.503"/>
  <system-out/>
  <testcase classname="com.jack.task.Duanemorris" name="run" time="10.423"/>
  <system-out/>
  <testcase classname="com.jack.task.Duanemorris" name="run" time="10.602"/>
  <system-out/>
  <testcase classname="com.jack.task.Duanemorris" name="run" time="9.625"/>
  <system-out/>
  <testcase classname="com.jack.task.Duanemorris" name="run" time="9.962"/>
  <system-out/>
  <testcase classname="com.jack.task.Duanemorris" name="run" time="7.128"/>
  <system-out/>
  <testcase classname="com.jack.task.Duanemorris" name="run" time="6.470"/>
  <system-out/>
  <testcase classname="com.jack.task.Duanemorris" name="run" time="9.227"/>
  <system-out/>
  <testcase classname="com.jack.task.Duanemorris" name="run" time="6.956"/>
  <system-out/>
  <testcase classname="com.jack.task.Duanemorris" name="run" time="6.687"/>
  <system-out/>
  <testcase classname="com.jack.task.Duanemorris" name="run" time="8.785"/>
  <system-out/>
  <testcase classname="com.jack.task.Duanemorris" name="run" time="8.017"/>
  <system-out/>
  <testcase classname="com.jack.task.Duanemorris" name="run" time="12.061"/>
  <system-out/>
  <testcase classname="com.jack.task.Duanemorris" name="run" time="10.257"/>
  <system-out/>
  <testcase classname="com.jack.task.Duanemorris" name="run" time="9.843"/>
  <system-out/>
  <testcase classname="com.jack.task.Duanemorris" name="run" time="11.277"/>
  <system-out/>
  <testcase classname="com.jack.task.Duanemorris" name="run" time="6.858"/>
  <system-out/>
  <testcase classname="com.jack.task.Duanemorris" name="run" time="10.265"/>
  <system-out/>
  <testcase classname="com.jack.task.Duanemorris" name="run" time="10.551"/>
  <system-out/>
  <testcase classname="com.jack.task.Duanemorris" name="run" time="5.695"/>
  <system-out/>
  <testcase classname="com.jack.task.Duanemorris" name="run" time="9.876"/>
  <system-out/>
  <testcase classname="com.jack.task.Duanemorris" name="run" time="8.871"/>
  <system-out/>
  <testcase classname="com.jack.task.Duanemorris" name="run" time="7.440"/>
  <system-out/>
  <testcase classname="com.jack.task.Duanemorris" name="run" time="8.591"/>
  <system-out/>
  <testcase classname="com.jack.task.Duanemorris" name="run" time="9.790"/>
  <system-out/>
  <testcase classname="com.jack.task.Duanemorris" name="run" time="7.722"/>
  <system-out/>
  <testcase classname="com.jack.task.Duanemorris" name="run" time="6.945"/>
  <system-out/>
  <testcase classname="com.jack.task.Duanemorris" name="run" time="9.478"/>
  <system-out/>
  <testcase classname="com.jack.task.Duanemorris" name="run" time="10.737"/>
  <system-out/>
  <testcase classname="com.jack.task.Duanemorris" name="run" time="10.641"/>
  <system-out/>
  <testcase classname="com.jack.task.Duanemorris" name="run" time="6.628"/>
  <system-out/>
  <testcase classname="com.jack.task.Duanemorris" name="run" time="9.711"/>
  <system-out/>
  <testcase classname="com.jack.task.Duanemorris" name="run" time="7.458"/>
  <system-out/>
  <testcase classname="com.jack.task.Duanemorris" name="run" time="8.060"/>
  <system-out/>
  <testcase classname="com.jack.task.Duanemorris" name="run" time="8.772"/>
  <system-out/>
  <testcase classname="com.jack.task.Duanemorris" name="run" time="11.045"/>
  <system-out/>
  <testcase classname="com.jack.task.Duanemorris" name="run" time="10.187"/>
  <system-out/>
  <testcase classname="com.jack.task.Duanemorris" name="run" time="8.164"/>
  <system-out/>
  <testcase classname="com.jack.task.Duanemorris" name="run" time="11.284"/>
  <system-out/>
  <testcase classname="com.jack.task.Duanemorris" name="run" time="10.831"/>
  <system-out/>
  <testcase classname="com.jack.task.Duanemorris" name="run" time="12.286"/>
  <system-out/>
  <testcase classname="com.jack.task.Duanemorris" name="run" time="9.460"/>
  <system-out/>
  <testcase classname="com.jack.task.Duanemorris" name="run" time="8.319"/>
  <system-out/>
  <testcase classname="com.jack.task.Duanemorris" name="run" time="10.042"/>
  <system-out/>
  <testcase classname="com.jack.task.Duanemorris" name="run" time="10.834"/>
  <system-out/>
  <testcase classname="com.jack.task.Duanemorris" name="run" time="8.193"/>
  <system-out/>
  <testcase classname="com.jack.task.Duanemorris" name="run" time="7.158"/>
  <system-out/>
  <testcase classname="com.jack.task.Duanemorris" name="run" time="9.869"/>
  <system-out/>
  <testcase classname="com.jack.task.Duanemorris" name="run" time="8.073"/>
  <system-out/>
  <testcase classname="com.jack.task.Duanemorris" name="run" time="10.701"/>
  <system-out/>
  <testcase classname="com.jack.task.Duanemorris" name="run" time="23.669"/>
  <system-out/>
  <testcase classname="com.jack.task.Duanemorris" name="run" time="10.352"/>
  <system-out/>
  <testcase classname="com.jack.task.Duanemorris" name="run" time="9.892"/>
  <system-out/>
  <testcase classname="com.jack.task.Duanemorris" name="run" time="7.856"/>
  <system-out/>
  <testcase classname="com.jack.task.Duanemorris" name="run" time="10.591"/>
  <system-out/>
  <testcase classname="com.jack.task.Duanemorris" name="run" time="12.209"/>
  <system-out/>
  <testcase classname="com.jack.task.Duanemorris" name="run" time="8.443"/>
  <system-out/>
  <testcase classname="com.jack.task.Duanemorris" name="run" time="10.151"/>
  <system-out/>
  <testcase classname="com.jack.task.Duanemorris" name="run" time="10.498"/>
  <system-out/>
  <testcase classname="com.jack.task.Duanemorris" name="run" time="9.906"/>
  <system-out/>
  <testcase classname="com.jack.task.Duanemorris" name="run" time="9.474"/>
  <system-out/>
  <testcase classname="com.jack.task.Duanemorris" name="run" time="10.052"/>
  <system-out/>
  <testcase classname="com.jack.task.Duanemorris" name="run" time="11.788"/>
  <system-out/>
  <testcase classname="com.jack.task.Duanemorris" name="run" time="10.330"/>
  <system-out/>
  <testcase classname="com.jack.task.Duanemorris" name="run" time="8.727"/>
  <system-out/>
  <testcase classname="com.jack.task.Duanemorris" name="run" time="11.310"/>
  <system-out/>
  <testcase classname="com.jack.task.Duanemorris" name="run" time="9.440"/>
  <system-out/>
  <testcase classname="com.jack.task.Duanemorris" name="run" time="5.826"/>
  <system-out/>
  <testcase classname="com.jack.task.Duanemorris" name="run" time="10.058"/>
  <system-out/>
  <testcase classname="com.jack.task.Duanemorris" name="run" time="9.520"/>
  <system-out/>
  <testcase classname="com.jack.task.Duanemorris" name="run" time="12.862"/>
  <system-out/>
  <testcase classname="com.jack.task.Duanemorris" name="run" time="7.873"/>
  <system-out/>
  <testcase classname="com.jack.task.Duanemorris" name="run" time="7.481"/>
  <system-out/>
  <testcase classname="com.jack.task.Duanemorris" name="run" time="8.607"/>
  <system-out/>
  <testcase classname="com.jack.task.Duanemorris" name="run" time="7.424"/>
  <system-out/>
  <testcase classname="com.jack.task.Duanemorris" name="run" time="8.274"/>
  <system-out/>
  <testcase classname="com.jack.task.Duanemorris" name="run" time="12.716"/>
  <system-out/>
  <testcase classname="com.jack.task.Duanemorris" name="run" time="10.710"/>
  <system-out/>
  <testcase classname="com.jack.task.Duanemorris" name="run" time="10.159"/>
  <system-out/>
  <testcase classname="com.jack.task.Duanemorris" name="run" time="11.005"/>
  <system-out/>
  <testcase classname="com.jack.task.Duanemorris" name="run" time="7.240"/>
  <system-out/>
  <testcase classname="com.jack.task.Duanemorris" name="run" time="10.862"/>
  <system-out/>
  <testcase classname="com.jack.task.Duanemorris" name="run" time="10.655"/>
  <system-out/>
  <testcase classname="com.jack.task.Duanemorris" name="run" time="7.653"/>
  <system-out/>
  <testcase classname="com.jack.task.Duanemorris" name="run" time="9.757"/>
  <system-out/>
  <testcase classname="com.jack.task.Duanemorris" name="run" time="8.354"/>
  <system-out/>
  <testcase classname="com.jack.task.Duanemorris" name="run" time="9.820"/>
  <system-out/>
  <testcase classname="com.jack.task.Duanemorris" name="run" time="7.423"/>
  <system-out/>
  <testcase classname="com.jack.task.Duanemorris" name="run" time="7.022"/>
  <system-out/>
  <testcase classname="com.jack.task.Duanemorris" name="run" time="8.861"/>
  <system-out/>
  <testcase classname="com.jack.task.Duanemorris" name="run" time="10.994"/>
  <system-out/>
  <testcase classname="com.jack.task.Duanemorris" name="run" time="8.559"/>
  <system-out/>
  <testcase classname="com.jack.task.Duanemorris" name="run" time="9.219"/>
  <system-out/>
  <testcase classname="com.jack.task.Duanemorris" name="run" time="7.031"/>
  <system-out/>
  <testcase classname="com.jack.task.Duanemorris" name="run" time="7.435"/>
  <system-out/>
  <testcase classname="com.jack.task.Duanemorris" name="run" time="8.880"/>
  <system-out/>
  <testcase classname="com.jack.task.Duanemorris" name="run" time="12.904"/>
  <system-out/>
  <testcase classname="com.jack.task.Duanemorris" name="run" time="6.768"/>
  <system-out/>
  <testcase classname="com.jack.task.Duanemorris" name="run" time="11.965"/>
  <system-out/>
  <testcase classname="com.jack.task.Duanemorris" name="run" time="6.769"/>
  <system-out/>
  <testcase classname="com.jack.task.Duanemorris" name="run" time="7.089"/>
  <system-out/>
  <testcase classname="com.jack.task.Duanemorris" name="run" time="9.317"/>
  <system-out/>
  <testcase classname="com.jack.task.Duanemorris" name="run" time="10.290"/>
  <system-out/>
  <testcase classname="com.jack.task.Duanemorris" name="run" time="12.441"/>
  <system-out/>
  <testcase classname="com.jack.task.Duanemorris" name="run" time="11.612"/>
  <system-out/>
  <testcase classname="com.jack.task.Duanemorris" name="run" time="5.637"/>
  <system-out/>
  <testcase classname="com.jack.task.Duanemorris" name="run" time="10.667"/>
  <system-out/>
  <testcase classname="com.jack.task.Duanemorris" name="run" time="9.204"/>
  <system-out/>
  <testcase classname="com.jack.task.Duanemorris" name="run" time="6.761"/>
  <system-out/>
  <testcase classname="com.jack.task.Duanemorris" name="run" time="7.786"/>
  <system-out/>
  <testcase classname="com.jack.task.Duanemorris" name="run" time="10.459"/>
  <system-out/>
  <testcase classname="com.jack.task.Duanemorris" name="run" time="10.626"/>
  <system-out/>
  <testcase classname="com.jack.task.Duanemorris" name="run" time="9.246"/>
  <system-out/>
  <testcase classname="com.jack.task.Duanemorris" name="run" time="7.291"/>
  <system-out/>
  <testcase classname="com.jack.task.Duanemorris" name="run" time="7.630"/>
  <system-out/>
  <testcase classname="com.jack.task.Duanemorris" name="run" time="9.928"/>
  <system-out/>
  <testcase classname="com.jack.task.Duanemorris" name="run" time="9.640"/>
  <system-out/>
  <testcase classname="com.jack.task.Duanemorris" name="run" time="8.738"/>
  <system-out/>
  <testcase classname="com.jack.task.Duanemorris" name="run" time="10.583"/>
  <system-out/>
  <testcase classname="com.jack.task.Duanemorris" name="run" time="13.434"/>
  <system-out/>
  <testcase classname="com.jack.task.Duanemorris" name="run" time="10.180"/>
  <system-out/>
  <testcase classname="com.jack.task.Duanemorris" name="run" time="11.492"/>
  <system-out/>
  <testcase classname="com.jack.task.Duanemorris" name="run" time="7.658"/>
  <system-out/>
  <testcase classname="com.jack.task.Duanemorris" name="run" time="10.434"/>
  <system-out/>
  <testcase classname="com.jack.task.Duanemorris" name="run" time="8.935"/>
  <system-out/>
  <testcase classname="com.jack.task.Duanemorris" name="run" time="10.367"/>
  <system-out/>
  <testcase classname="com.jack.task.Duanemorris" name="run" time="11.964"/>
  <system-out/>
  <testcase classname="com.jack.task.Duanemorris" name="run" time="11.510"/>
  <system-out/>
  <testcase classname="com.jack.task.Duanemorris" name="run" time="6.932"/>
  <system-out/>
  <testcase classname="com.jack.task.Duanemorris" name="run" time="11.413"/>
  <system-out/>
  <testcase classname="com.jack.task.Duanemorris" name="run" time="7.787"/>
  <system-out/>
  <testcase classname="com.jack.task.Duanemorris" name="run" time="7.107"/>
  <system-out/>
  <testcase classname="com.jack.task.Duanemorris" name="run" time="10.574"/>
  <system-out/>
  <testcase classname="com.jack.task.Duanemorris" name="run" time="8.423"/>
  <system-out/>
  <testcase classname="com.jack.task.Duanemorris" name="run" time="11.811"/>
  <system-out/>
  <testcase classname="com.jack.task.Duanemorris" name="run" time="7.440"/>
  <system-out/>
  <testcase classname="com.jack.task.Duanemorris" name="run" time="8.173"/>
  <system-out/>
  <testcase classname="com.jack.task.Duanemorris" name="run" time="10.053"/>
  <system-out/>
  <testcase classname="com.jack.task.Duanemorris" name="run" time="8.490"/>
  <system-out/>
  <testcase classname="com.jack.task.Duanemorris" name="run" time="10.343"/>
  <system-out/>
  <testcase classname="com.jack.task.Duanemorris" name="run" time="10.353"/>
  <system-out/>
  <testcase classname="com.jack.task.Duanemorris" name="run" time="12.151"/>
  <system-out/>
  <testcase classname="com.jack.task.Duanemorris" name="run" time="9.856"/>
  <system-out/>
  <testcase classname="com.jack.task.Duanemorris" name="run" time="6.702"/>
  <system-out/>
  <testcase classname="com.jack.task.Duanemorris" name="run" time="10.954"/>
  <system-out/>
  <testcase classname="com.jack.task.Duanemorris" name="run" time="11.472"/>
  <system-out/>
  <testcase classname="com.jack.task.Duanemorris" name="run" time="10.202"/>
  <system-out/>
  <testcase classname="com.jack.task.Duanemorris" name="run" time="9.136"/>
  <system-out/>
  <testcase classname="com.jack.task.Duanemorris" name="run" time="10.975"/>
  <system-out/>
  <testcase classname="com.jack.task.Duanemorris" name="run" time="33.904">
    <error message="Expected condition failed: waiting for visibility of element located by By.xpath: //div[@id=&#039;Biography&#039;] (tried for 30 second(s) with 500 milliseconds interval)
Build info: version: &#039;4.7.0&#039;, revision: &#039;0a5b49d16f&#039;
System info: os.name: &#039;Windows 10&#039;, os.arch: &#039;amd64&#039;, os.version: &#039;10.0&#039;, java.version: &#039;11.0.16.1&#039;
Driver info: org.openqa.selenium.chrome.ChromeDriver
Capabilities {acceptInsecureCerts: false, browserName: chrome, browserVersion: 108.0.5359.126, chrome: {chromedriverVersion: 108.0.5359.22 (ec46c90f5938...}, goog:chromeOptions: {debuggerAddress: localhost:8050}, pageLoadStrategy: normal, platformName: ANY, proxy: Proxy(), se:cdp: ws://localhost:8050/devtool..., se:cdpVersion: 108.0.5359.126, setWindowRect: false, strictFileInteractability: false, timeouts: {implicit: 0, pageLoad: 300000, script: 30000}, unhandledPromptBehavior: dismiss and notify, webauthn:extension:credBlob: true, webauthn:extension:largeBlob: true, webauthn:virtualAuthenticators: true}
Session ID: 1d3eaf54fac4bca381ab6e8b848969f6" type="org.openqa.selenium.TimeoutException">
      <![CDATA[org.openqa.selenium.TimeoutException: Expected condition failed: waiting for visibility of element located by By.xpath: //div[@id='Biography'] (tried for 30 second(s) with 500 milliseconds interval)
Build info: version: '4.7.0', revision: '0a5b49d16f'
System info: os.name: 'Windows 10', os.arch: 'amd64', os.version: '10.0', java.version: '11.0.16.1'
Driver info: org.openqa.selenium.chrome.ChromeDriver
Capabilities {acceptInsecureCerts: false, browserName: chrome, browserVersion: 108.0.5359.126, chrome: {chromedriverVersion: 108.0.5359.22 (ec46c90f5938...}, goog:chromeOptions: {debuggerAddress: localhost:8050}, pageLoadStrategy: normal, platformName: ANY, proxy: Proxy(), se:cdp: ws://localhost:8050/devtool..., se:cdpVersion: 108.0.5359.126, setWindowRect: false, strictFileInteractability: false, timeouts: {implicit: 0, pageLoad: 300000, script: 30000}, unhandledPromptBehavior: dismiss and notify, webauthn:extension:credBlob: true, webauthn:extension:largeBlob: true, webauthn:virtualAuthenticators: true}
Session ID: 1d3eaf54fac4bca381ab6e8b848969f6
at org.openqa.selenium.support.ui.WebDriverWait.timeoutException(WebDriverWait.java:87)
at org.openqa.selenium.support.ui.FluentWait.until(FluentWait.java:231)
at com.jack.task.Duanemorris.run(Duanemorris.java:64)
at jdk.internal.reflect.GeneratedMethodAccessor1.invoke(Unknown Source)
at java.base/jdk.internal.reflect.DelegatingMethodAccessorImpl.invoke(DelegatingMethodAccessorImpl.java:43)
at java.base/java.lang.reflect.Method.invoke(Method.java:566)
at org.testng.internal.invokers.MethodInvocationHelper.invokeMethod(MethodInvocationHelper.java:139)
at org.testng.internal.invokers.TestInvoker.invokeMethod(TestInvoker.java:677)
at org.testng.internal.invokers.TestInvoker.invokeTestMethod(TestInvoker.java:221)
at org.testng.internal.invokers.MethodRunner.runInSequence(MethodRunner.java:50)
at org.testng.internal.invokers.TestInvoker$MethodInvocationAgent.invoke(TestInvoker.java:962)
at org.testng.internal.invokers.TestInvoker.invokeTestMethods(TestInvoker.java:194)
at org.testng.internal.invokers.TestMethodWorker.invokeTestMethods(TestMethodWorker.java:148)
at org.testng.internal.invokers.TestMethodWorker.run(TestMethodWorker.java:128)
at java.base/java.util.ArrayList.forEach(ArrayList.java:1541)
at org.testng.TestRunner.privateRun(TestRunner.java:806)
at org.testng.TestRunner.run(TestRunner.java:601)
at org.testng.SuiteRunner.runTest(SuiteRunner.java:433)
at org.testng.SuiteRunner.runSequentially(SuiteRunner.java:427)
at org.testng.SuiteRunner.privateRun(SuiteRunner.java:387)
at org.testng.SuiteRunner.run(SuiteRunner.java:330)
at org.testng.SuiteRunnerWorker.runSuite(SuiteRunnerWorker.java:52)
at org.testng.SuiteRunnerWorker.run(SuiteRunnerWorker.java:95)
at org.testng.TestNG.runSuitesSequentially(TestNG.java:1256)
at org.testng.TestNG.runSuitesLocally(TestNG.java:1176)
at org.testng.TestNG.runSuites(TestNG.java:1099)
at org.testng.TestNG.run(TestNG.java:1067)
at org.testng.remote.AbstractRemoteTestNG.run(AbstractRemoteTestNG.java:115)
at org.testng.remote.RemoteTestNG.initAndRun(RemoteTestNG.java:251)
at org.testng.remote.RemoteTestNG.main(RemoteTestNG.java:77)
]]>
    </error>
  </testcase> <!-- run -->
  <system-out/>
  <testcase classname="com.jack.task.Duanemorris" name="run" time="11.540"/>
  <system-out/>
  <testcase classname="com.jack.task.Duanemorris" name="run" time="11.046"/>
  <system-out/>
  <testcase classname="com.jack.task.Duanemorris" name="run" time="9.958"/>
  <system-out/>
  <testcase classname="com.jack.task.Duanemorris" name="run" time="6.709"/>
  <system-out/>
  <testcase classname="com.jack.task.Duanemorris" name="run" time="14.162"/>
  <system-out/>
  <testcase classname="com.jack.task.Duanemorris" name="run" time="10.062"/>
  <system-out/>
  <testcase classname="com.jack.task.Duanemorris" name="run" time="10.352"/>
  <system-out/>
  <testcase classname="com.jack.task.Duanemorris" name="run" time="10.379"/>
  <system-out/>
  <testcase classname="com.jack.task.Duanemorris" name="run" time="10.331"/>
  <system-out/>
  <testcase classname="com.jack.task.Duanemorris" name="run" time="8.111"/>
  <system-out/>
  <testcase classname="com.jack.task.Duanemorris" name="run" time="11.663"/>
  <system-out/>
  <testcase classname="com.jack.task.Duanemorris" name="run" time="9.647"/>
  <system-out/>
  <testcase classname="com.jack.task.Duanemorris" name="run" time="11.183"/>
  <system-out/>
  <testcase classname="com.jack.task.Duanemorris" name="run" time="10.660"/>
  <system-out/>
  <testcase classname="com.jack.task.Duanemorris" name="run" time="11.496"/>
  <system-out/>
  <testcase classname="com.jack.task.Duanemorris" name="run" time="6.855"/>
  <system-out/>
  <testcase classname="com.jack.task.Duanemorris" name="run" time="8.601"/>
  <system-out/>
  <testcase classname="com.jack.task.Duanemorris" name="run" time="10.208"/>
  <system-out/>
  <testcase classname="com.jack.task.Duanemorris" name="run" time="7.070"/>
  <system-out/>
  <testcase classname="com.jack.task.Duanemorris" name="run" time="9.961"/>
  <system-out/>
  <testcase classname="com.jack.task.Duanemorris" name="run" time="10.714"/>
  <system-out/>
  <testcase classname="com.jack.task.Duanemorris" name="run" time="9.707"/>
  <system-out/>
  <testcase classname="com.jack.task.Duanemorris" name="run" time="8.375"/>
  <system-out/>
  <testcase classname="com.jack.task.Duanemorris" name="run" time="8.107"/>
  <system-out/>
  <testcase classname="com.jack.task.Duanemorris" name="run" time="7.646"/>
  <system-out/>
  <testcase classname="com.jack.task.Duanemorris" name="run" time="9.272"/>
  <system-out/>
  <testcase classname="com.jack.task.Duanemorris" name="run" time="8.426"/>
  <system-out/>
  <testcase classname="com.jack.task.Duanemorris" name="run" time="7.687"/>
  <system-out/>
  <testcase classname="com.jack.task.Duanemorris" name="run" time="10.342"/>
  <system-out/>
  <testcase classname="com.jack.task.Duanemorris" name="run" time="7.068"/>
  <system-out/>
  <testcase classname="com.jack.task.Duanemorris" name="run" time="8.500"/>
  <system-out/>
  <testcase classname="com.jack.task.Duanemorris" name="run" time="10.867"/>
  <system-out/>
  <testcase classname="com.jack.task.Duanemorris" name="run" time="9.789"/>
  <system-out/>
  <testcase classname="com.jack.task.Duanemorris" name="run" time="7.446"/>
  <system-out/>
  <testcase classname="com.jack.task.Duanemorris" name="run" time="11.480"/>
  <system-out/>
  <testcase classname="com.jack.task.Duanemorris" name="run" time="7.904"/>
  <system-out/>
  <testcase classname="com.jack.task.Duanemorris" name="run" time="12.492"/>
  <system-out/>
  <testcase classname="com.jack.task.Duanemorris" name="run" time="7.813"/>
  <system-out/>
  <testcase classname="com.jack.task.Duanemorris" name="run" time="8.045"/>
  <system-out/>
  <testcase classname="com.jack.task.Duanemorris" name="run" time="8.187"/>
  <system-out/>
  <testcase classname="com.jack.task.Duanemorris" name="run" time="9.711"/>
  <system-out/>
  <testcase classname="com.jack.task.Duanemorris" name="run" time="9.762"/>
  <system-out/>
  <testcase classname="com.jack.task.Duanemorris" name="run" time="8.050"/>
  <system-out/>
  <testcase classname="com.jack.task.Duanemorris" name="run" time="11.725"/>
  <system-out/>
  <testcase classname="com.jack.task.Duanemorris" name="run" time="8.074"/>
  <system-out/>
  <testcase classname="com.jack.task.Duanemorris" name="run" time="7.400"/>
  <system-out/>
  <testcase classname="com.jack.task.Duanemorris" name="run" time="7.834"/>
  <system-out/>
  <testcase classname="com.jack.task.Duanemorris" name="run" time="10.877"/>
  <system-out/>
  <testcase classname="com.jack.task.Duanemorris" name="run" time="9.382"/>
  <system-out/>
  <testcase classname="com.jack.task.Duanemorris" name="run" time="7.092"/>
  <system-out/>
  <testcase classname="com.jack.task.Duanemorris" name="run" time="11.449"/>
  <system-out/>
  <testcase classname="com.jack.task.Duanemorris" name="run" time="8.719"/>
  <system-out/>
  <testcase classname="com.jack.task.Duanemorris" name="run" time="7.939"/>
  <system-out/>
  <testcase classname="com.jack.task.Duanemorris" name="run" time="10.069"/>
  <system-out/>
  <testcase classname="com.jack.task.Duanemorris" name="run" time="11.900"/>
  <system-out/>
  <testcase classname="com.jack.task.Duanemorris" name="run" time="7.693"/>
  <system-out/>
  <testcase classname="com.jack.task.Duanemorris" name="run" time="9.095"/>
  <system-out/>
  <testcase classname="com.jack.task.Duanemorris" name="run" time="9.813"/>
  <system-out/>
  <testcase classname="com.jack.task.Duanemorris" name="run" time="9.744"/>
  <system-out/>
  <testcase classname="com.jack.task.Duanemorris" name="run" time="11.221"/>
  <system-out/>
  <testcase classname="com.jack.task.Duanemorris" name="run" time="7.964"/>
  <system-out/>
  <testcase classname="com.jack.task.Duanemorris" name="run" time="9.674"/>
  <system-out/>
  <testcase classname="com.jack.task.Duanemorris" name="run" time="11.692"/>
  <system-out/>
  <testcase classname="com.jack.task.Duanemorris" name="run" time="8.625"/>
  <system-out/>
  <testcase classname="com.jack.task.Duanemorris" name="run" time="10.827"/>
  <system-out/>
  <testcase classname="com.jack.task.Duanemorris" name="run" time="9.489"/>
  <system-out/>
  <testcase classname="com.jack.task.Duanemorris" name="run" time="10.561"/>
  <system-out/>
  <testcase classname="com.jack.task.Duanemorris" name="run" time="7.238"/>
  <system-out/>
  <testcase classname="com.jack.task.Duanemorris" name="run" time="9.639"/>
  <system-out/>
  <testcase classname="com.jack.task.Duanemorris" name="run" time="7.836"/>
  <system-out/>
  <testcase classname="com.jack.task.Duanemorris" name="run" time="13.871"/>
  <system-out/>
  <testcase classname="com.jack.task.Duanemorris" name="run" time="8.138"/>
  <system-out/>
  <testcase classname="com.jack.task.Duanemorris" name="run" time="9.510"/>
  <system-out/>
  <testcase classname="com.jack.task.Duanemorris" name="run" time="8.707"/>
  <system-out/>
  <testcase classname="com.jack.task.Duanemorris" name="run" time="7.123"/>
  <system-out/>
  <testcase classname="com.jack.task.Duanemorris" name="run" time="6.986"/>
  <system-out/>
  <testcase classname="com.jack.task.Duanemorris" name="run" time="8.958"/>
  <system-out/>
  <testcase classname="com.jack.task.Duanemorris" name="run" time="11.237"/>
  <system-out/>
  <testcase classname="com.jack.task.Duanemorris" name="run" time="7.622"/>
  <system-out/>
  <testcase classname="com.jack.task.Duanemorris" name="run" time="6.920"/>
  <system-out/>
  <testcase classname="com.jack.task.Duanemorris" name="run" time="11.602"/>
  <system-out/>
  <testcase classname="com.jack.task.Duanemorris" name="run" time="9.027"/>
  <system-out/>
  <testcase classname="com.jack.task.Duanemorris" name="run" time="7.540"/>
  <system-out/>
  <testcase classname="com.jack.task.Duanemorris" name="run" time="11.563"/>
  <system-out/>
  <testcase classname="com.jack.task.Duanemorris" name="run" time="7.989"/>
  <system-out/>
  <testcase classname="com.jack.task.Duanemorris" name="run" time="7.215"/>
  <system-out/>
  <testcase classname="com.jack.task.Duanemorris" name="run" time="12.153"/>
  <system-out/>
  <testcase classname="com.jack.task.Duanemorris" name="run" time="8.807"/>
  <system-out/>
  <testcase classname="com.jack.task.Duanemorris" name="run" time="8.963"/>
  <system-out/>
  <testcase classname="com.jack.task.Duanemorris" name="run" time="11.571"/>
  <system-out/>
  <testcase classname="com.jack.task.Duanemorris" name="run" time="8.092"/>
  <system-out/>
  <testcase classname="com.jack.task.Duanemorris" name="run" time="10.803"/>
  <system-out/>
  <testcase classname="com.jack.task.Duanemorris" name="run" time="12.233"/>
  <system-out/>
  <testcase classname="com.jack.task.Duanemorris" name="run" time="10.413"/>
  <system-out/>
  <testcase classname="com.jack.task.Duanemorris" name="run" time="10.382"/>
  <system-out/>
  <testcase classname="com.jack.task.Duanemorris" name="run" time="7.945"/>
  <system-out/>
  <testcase classname="com.jack.task.Duanemorris" name="run" time="10.926"/>
  <system-out/>
  <testcase classname="com.jack.task.Duanemorris" name="run" time="9.019"/>
  <system-out/>
  <testcase classname="com.jack.task.Duanemorris" name="run" time="8.164"/>
  <system-out/>
  <testcase classname="com.jack.task.Duanemorris" name="run" time="7.098"/>
  <system-out/>
  <testcase classname="com.jack.task.Duanemorris" name="run" time="10.903"/>
  <system-out/>
  <testcase classname="com.jack.task.Duanemorris" name="run" time="10.045"/>
  <system-out/>
  <testcase classname="com.jack.task.Duanemorris" name="run" time="11.319"/>
  <system-out/>
  <testcase classname="com.jack.task.Duanemorris" name="run" time="8.613"/>
  <system-out/>
  <testcase classname="com.jack.task.Duanemorris" name="run" time="7.637"/>
  <system-out/>
  <testcase classname="com.jack.task.Duanemorris" name="run" time="11.143"/>
  <system-out/>
  <testcase classname="com.jack.task.Duanemorris" name="run" time="9.770"/>
  <system-out/>
  <testcase classname="com.jack.task.Duanemorris" name="run" time="9.035"/>
  <system-out/>
  <testcase classname="com.jack.task.Duanemorris" name="run" time="8.794"/>
  <system-out/>
  <testcase classname="com.jack.task.Duanemorris" name="run" time="7.494"/>
  <system-out/>
  <testcase classname="com.jack.task.Duanemorris" name="run" time="9.797"/>
  <system-out/>
  <testcase classname="com.jack.task.Duanemorris" name="run" time="11.619"/>
  <system-out/>
  <testcase classname="com.jack.task.Duanemorris" name="run" time="8.985"/>
  <system-out/>
  <testcase classname="com.jack.task.Duanemorris" name="run" time="10.700"/>
  <system-out/>
  <testcase classname="com.jack.task.Duanemorris" name="run" time="10.096"/>
  <system-out/>
  <testcase classname="com.jack.task.Duanemorris" name="run" time="11.179"/>
  <system-out/>
  <testcase classname="com.jack.task.Duanemorris" name="run" time="10.197"/>
  <system-out/>
  <testcase classname="com.jack.task.Duanemorris" name="run" time="13.179"/>
  <system-out/>
  <testcase classname="com.jack.task.Duanemorris" name="run" time="9.398"/>
  <system-out/>
  <testcase classname="com.jack.task.Duanemorris" name="run" time="11.508"/>
  <system-out/>
  <testcase classname="com.jack.task.Duanemorris" name="run" time="7.407"/>
  <system-out/>
  <testcase classname="com.jack.task.Duanemorris" name="run" time="10.251"/>
  <system-out/>
  <testcase classname="com.jack.task.Duanemorris" name="run" time="9.665"/>
  <system-out/>
  <testcase classname="com.jack.task.Duanemorris" name="run" time="11.765"/>
  <system-out/>
  <testcase classname="com.jack.task.Duanemorris" name="run" time="10.268"/>
  <system-out/>
  <testcase classname="com.jack.task.Duanemorris" name="run" time="7.063"/>
  <system-out/>
  <testcase classname="com.jack.task.Duanemorris" name="run" time="11.858"/>
  <system-out/>
  <testcase classname="com.jack.task.Duanemorris" name="run" time="11.112"/>
  <system-out/>
  <testcase classname="com.jack.task.Duanemorris" name="run" time="7.681"/>
  <system-out/>
  <testcase classname="com.jack.task.Duanemorris" name="run" time="13.315"/>
  <system-out/>
  <testcase classname="com.jack.task.Duanemorris" name="run" time="8.656"/>
  <system-out/>
  <testcase classname="com.jack.task.Duanemorris" name="run" time="8.217"/>
  <system-out/>
  <testcase classname="com.jack.task.Duanemorris" name="run" time="10.579"/>
  <system-out/>
  <testcase classname="com.jack.task.Duanemorris" name="run" time="7.840"/>
  <system-out/>
  <testcase classname="com.jack.task.Duanemorris" name="run" time="8.778"/>
  <system-out/>
  <testcase classname="com.jack.task.Duanemorris" name="run" time="11.609"/>
  <system-out/>
  <testcase classname="com.jack.task.Duanemorris" name="run" time="10.274"/>
  <system-out/>
  <testcase classname="com.jack.task.Duanemorris" name="run" time="7.031"/>
  <system-out/>
  <testcase classname="com.jack.task.Duanemorris" name="run" time="11.046"/>
  <system-out/>
  <testcase classname="com.jack.task.Duanemorris" name="run" time="9.140"/>
  <system-out/>
  <testcase classname="com.jack.task.Duanemorris" name="run" time="10.145"/>
  <system-out/>
  <testcase classname="com.jack.task.Duanemorris" name="run" time="9.482"/>
  <system-out/>
  <testcase classname="com.jack.task.Duanemorris" name="run" time="7.446"/>
  <system-out/>
  <testcase classname="com.jack.task.Duanemorris" name="run" time="6.580"/>
  <system-out/>
  <testcase classname="com.jack.task.Duanemorris" name="run" time="9.809"/>
  <system-out/>
  <testcase classname="com.jack.task.Duanemorris" name="run" time="9.286"/>
  <system-out/>
  <testcase classname="com.jack.task.Duanemorris" name="run" time="7.490"/>
  <system-out/>
  <testcase classname="com.jack.task.Duanemorris" name="run" time="7.119"/>
  <system-out/>
  <testcase classname="com.jack.task.Duanemorris" name="run" time="9.029"/>
  <system-out/>
  <testcase classname="com.jack.task.Duanemorris" name="run" time="7.649"/>
  <system-out/>
  <testcase classname="com.jack.task.Duanemorris" name="run" time="9.954"/>
  <system-out/>
  <testcase classname="com.jack.task.Duanemorris" name="run" time="7.663"/>
  <system-out/>
  <testcase classname="com.jack.task.Duanemorris" name="run" time="10.020"/>
  <system-out/>
  <testcase classname="com.jack.task.Duanemorris" name="run" time="8.542"/>
  <system-out/>
  <testcase classname="com.jack.task.Duanemorris" name="run" time="10.417"/>
  <system-out/>
  <testcase classname="com.jack.task.Duanemorris" name="run" time="11.295"/>
  <system-out/>
  <testcase classname="com.jack.task.Duanemorris" name="run" time="11.835"/>
  <system-out/>
  <testcase classname="com.jack.task.Duanemorris" name="run" time="11.203"/>
  <system-out/>
  <testcase classname="com.jack.task.Duanemorris" name="run" time="8.210"/>
  <system-out/>
  <testcase classname="com.jack.task.Duanemorris" name="run" time="10.823"/>
  <system-out/>
  <testcase classname="com.jack.task.Duanemorris" name="run" time="10.127"/>
  <system-out/>
  <testcase classname="com.jack.task.Duanemorris" name="run" time="11.265"/>
  <system-out/>
  <testcase classname="com.jack.task.Duanemorris" name="run" time="8.468"/>
  <system-out/>
  <testcase classname="com.jack.task.Duanemorris" name="run" time="9.361"/>
  <system-out/>
  <testcase classname="com.jack.task.Duanemorris" name="run" time="8.301"/>
  <system-out/>
  <testcase classname="com.jack.task.Duanemorris" name="run" time="7.434"/>
  <system-out/>
  <testcase classname="com.jack.task.Duanemorris" name="run" time="7.958"/>
  <system-out/>
  <testcase classname="com.jack.task.Duanemorris" name="run" time="9.165"/>
  <system-out/>
  <testcase classname="com.jack.task.Duanemorris" name="run" time="10.772"/>
  <system-out/>
  <testcase classname="com.jack.task.Duanemorris" name="run" time="8.820"/>
  <system-out/>
  <testcase classname="com.jack.task.Duanemorris" name="run" time="8.356"/>
  <system-out/>
  <testcase classname="com.jack.task.Duanemorris" name="run" time="10.974"/>
  <system-out/>
  <testcase classname="com.jack.task.Duanemorris" name="run" time="9.883"/>
  <system-out/>
  <testcase classname="com.jack.task.Duanemorris" name="run" time="9.154"/>
  <system-out/>
  <testcase classname="com.jack.task.Duanemorris" name="run" time="14.294"/>
  <system-out/>
  <testcase classname="com.jack.task.Duanemorris" name="run" time="10.455"/>
  <system-out/>
  <testcase classname="com.jack.task.Duanemorris" name="run" time="10.142"/>
  <system-out/>
  <testcase classname="com.jack.task.Duanemorris" name="run" time="10.426"/>
  <system-out/>
  <testcase classname="com.jack.task.Duanemorris" name="run" time="10.678"/>
  <system-out/>
  <testcase classname="com.jack.task.Duanemorris" name="run" time="10.051"/>
  <system-out/>
  <testcase classname="com.jack.task.Duanemorris" name="run" time="11.044"/>
  <system-out/>
  <testcase classname="com.jack.task.Duanemorris" name="run" time="6.991"/>
  <system-out/>
  <testcase classname="com.jack.task.Duanemorris" name="run" time="6.821"/>
  <system-out/>
  <testcase classname="com.jack.task.Duanemorris" name="run" time="11.016"/>
  <system-out/>
  <testcase classname="com.jack.task.Duanemorris" name="run" time="7.807"/>
  <system-out/>
  <testcase classname="com.jack.task.Duanemorris" name="run" time="10.377"/>
  <system-out/>
  <testcase classname="com.jack.task.Duanemorris" name="run" time="9.592"/>
  <system-out/>
  <testcase classname="com.jack.task.Duanemorris" name="run" time="7.656"/>
  <system-out/>
  <testcase classname="com.jack.task.Duanemorris" name="run" time="7.412"/>
  <system-out/>
  <testcase classname="com.jack.task.Duanemorris" name="run" time="11.664"/>
  <system-out/>
  <testcase classname="com.jack.task.Duanemorris" name="run" time="10.764"/>
  <system-out/>
  <testcase classname="com.jack.task.Duanemorris" name="run" time="10.204"/>
  <system-out/>
  <testcase classname="com.jack.task.Duanemorris" name="run" time="9.494"/>
  <system-out/>
  <testcase classname="com.jack.task.Duanemorris" name="run" time="9.461"/>
  <system-out/>
  <testcase classname="com.jack.task.Duanemorris" name="run" time="10.403"/>
  <system-out/>
  <testcase classname="com.jack.task.Duanemorris" name="run" time="12.680"/>
  <system-out/>
  <testcase classname="com.jack.task.Duanemorris" name="run" time="10.648"/>
  <system-out/>
  <testcase classname="com.jack.task.Duanemorris" name="run" time="9.147"/>
  <system-out/>
  <testcase classname="com.jack.task.Duanemorris" name="run" time="10.731"/>
  <system-out/>
  <testcase classname="com.jack.task.Duanemorris" name="run" time="10.973"/>
  <system-out/>
  <testcase classname="com.jack.task.Duanemorris" name="run" time="12.711"/>
  <system-out/>
  <testcase classname="com.jack.task.Duanemorris" name="run" time="12.326"/>
  <system-out/>
  <testcase classname="com.jack.task.Duanemorris" name="run" time="10.010"/>
  <system-out/>
  <testcase classname="com.jack.task.Duanemorris" name="testx" time="0.000"/>
  <system-out/>
  <testcase classname="com.jack.task.Duanemorris" name="run" time="13.935"/>
  <system-out/>
  <testcase classname="com.jack.task.Duanemorris" name="run" time="10.702"/>
  <system-out/>
  <testcase classname="com.jack.task.Duanemorris" name="run" time="12.097"/>
  <system-out/>
  <testcase classname="com.jack.task.Duanemorris" name="run" time="6.658"/>
  <system-out/>
  <testcase classname="com.jack.task.Duanemorris" name="run" time="6.802"/>
  <system-out/>
  <testcase classname="com.jack.task.Duanemorris" name="run" time="7.189"/>
  <system-out/>
  <testcase classname="com.jack.task.Duanemorris" name="run" time="8.611"/>
  <system-out/>
  <testcase classname="com.jack.task.Duanemorris" name="run" time="10.108"/>
  <system-out/>
  <testcase classname="com.jack.task.Duanemorris" name="run" time="6.288"/>
  <system-out/>
  <testcase classname="com.jack.task.Duanemorris" name="run" time="9.487"/>
  <system-out/>
  <testcase classname="com.jack.task.Duanemorris" name="run" time="7.466"/>
  <system-out/>
  <testcase classname="com.jack.task.Duanemorris" name="run" time="8.343"/>
  <system-out/>
  <testcase classname="com.jack.task.Duanemorris" name="run" time="11.449"/>
  <system-out/>
  <testcase classname="com.jack.task.Duanemorris" name="run" time="9.998"/>
  <system-out/>
  <testcase classname="com.jack.task.Duanemorris" name="run" time="8.561"/>
  <system-out/>
  <testcase classname="com.jack.task.Duanemorris" name="run" time="10.775"/>
  <system-out/>
  <testcase classname="com.jack.task.Duanemorris" name="run" time="8.403"/>
  <system-out/>
  <testcase classname="com.jack.task.Duanemorris" name="run" time="9.372"/>
  <system-out/>
  <testcase classname="com.jack.task.Duanemorris" name="run" time="10.929"/>
  <system-out/>
  <testcase classname="com.jack.task.Duanemorris" name="run" time="9.403"/>
  <system-out/>
  <testcase classname="com.jack.task.Duanemorris" name="run" time="7.389"/>
  <system-out/>
  <testcase classname="com.jack.task.Duanemorris" name="run" time="7.196"/>
  <system-out/>
  <testcase classname="com.jack.task.Duanemorris" name="run" time="8.666"/>
  <system-out/>
  <testcase classname="com.jack.task.Duanemorris" name="run" time="10.357"/>
  <system-out/>
  <testcase classname="com.jack.task.Duanemorris" name="run" time="11.998"/>
  <system-out/>
  <testcase classname="com.jack.task.Duanemorris" name="run" time="12.984"/>
  <system-out/>
  <testcase classname="com.jack.task.Duanemorris" name="run" time="8.453"/>
  <system-out/>
  <testcase classname="com.jack.task.Duanemorris" name="run" time="7.896"/>
  <system-out/>
  <testcase classname="com.jack.task.Duanemorris" name="run" time="8.463"/>
  <system-out/>
  <testcase classname="com.jack.task.Duanemorris" name="run" time="10.931"/>
  <system-out/>
  <testcase classname="com.jack.task.Duanemorris" name="run" time="9.844"/>
  <system-out/>
  <testcase classname="com.jack.task.Duanemorris" name="run" time="11.392"/>
  <system-out/>
  <testcase classname="com.jack.task.Duanemorris" name="run" time="12.824"/>
  <system-out/>
  <testcase classname="com.jack.task.Duanemorris" name="run" time="10.346"/>
  <system-out/>
  <testcase classname="com.jack.task.Duanemorris" name="run" time="10.813"/>
  <system-out/>
  <testcase classname="com.jack.task.Duanemorris" name="run" time="9.005"/>
  <system-out/>
  <testcase classname="com.jack.task.Duanemorris" name="run" time="10.675"/>
  <system-out/>
  <testcase classname="com.jack.task.Duanemorris" name="run" time="9.261"/>
  <system-out/>
  <testcase classname="com.jack.task.Duanemorris" name="run" time="9.348"/>
  <system-out/>
  <testcase classname="com.jack.task.Duanemorris" name="run" time="7.495"/>
  <system-out/>
  <testcase classname="com.jack.task.Duanemorris" name="run" time="7.019"/>
  <system-out/>
  <testcase classname="com.jack.task.Duanemorris" name="run" time="11.407"/>
  <system-out/>
  <testcase classname="com.jack.task.Duanemorris" name="run" time="9.646"/>
  <system-out/>
  <testcase classname="com.jack.task.Duanemorris" name="run" time="19.227"/>
  <system-out/>
  <testcase classname="com.jack.task.Duanemorris" name="run" time="7.269"/>
  <system-out/>
  <testcase classname="com.jack.task.Duanemorris" name="run" time="9.148"/>
  <system-out/>
  <testcase classname="com.jack.task.Duanemorris" name="run" time="8.911"/>
  <system-out/>
  <testcase classname="com.jack.task.Duanemorris" name="run" time="8.525"/>
  <system-out/>
  <testcase classname="com.jack.task.Duanemorris" name="run" time="10.443"/>
  <system-out/>
  <testcase classname="com.jack.task.Duanemorris" name="run" time="7.826"/>
  <system-out/>
  <testcase classname="com.jack.task.Duanemorris" name="run" time="7.573"/>
  <system-out/>
  <testcase classname="com.jack.task.Duanemorris" name="run" time="10.276"/>
  <system-out/>
  <testcase classname="com.jack.task.Duanemorris" name="run" time="11.428"/>
  <system-out/>
  <testcase classname="com.jack.task.Duanemorris" name="run" time="10.874"/>
  <system-out/>
  <testcase classname="com.jack.task.Duanemorris" name="run" time="12.234"/>
  <system-out/>
  <testcase classname="com.jack.task.Duanemorris" name="run" time="7.280"/>
  <system-out/>
  <testcase classname="com.jack.task.Duanemorris" name="run" time="9.658"/>
  <system-out/>
  <testcase classname="com.jack.task.Duanemorris" name="run" time="7.038"/>
  <system-out/>
  <testcase classname="com.jack.task.Duanemorris" name="run" time="11.889"/>
  <system-out/>
  <testcase classname="com.jack.task.Duanemorris" name="run" time="9.627"/>
  <system-out/>
  <testcase classname="com.jack.task.Duanemorris" name="run" time="11.480"/>
  <system-out/>
  <testcase classname="com.jack.task.Duanemorris" name="run" time="9.836"/>
  <system-out/>
  <testcase classname="com.jack.task.Duanemorris" name="run" time="7.100"/>
  <system-out/>
  <testcase classname="com.jack.task.Duanemorris" name="run" time="10.834"/>
  <system-out/>
  <testcase classname="com.jack.task.Duanemorris" name="run" time="7.110"/>
  <system-out/>
  <testcase classname="com.jack.task.Duanemorris" name="run" time="7.356"/>
  <system-out/>
  <testcase classname="com.jack.task.Duanemorris" name="run" time="10.675"/>
  <system-out/>
  <testcase classname="com.jack.task.Duanemorris" name="run" time="9.835"/>
  <system-out/>
  <testcase classname="com.jack.task.Duanemorris" name="run" time="9.926"/>
  <system-out/>
  <testcase classname="com.jack.task.Duanemorris" name="run" time="8.328"/>
  <system-out/>
  <testcase classname="com.jack.task.Duanemorris" name="run" time="9.800"/>
  <system-out/>
  <testcase classname="com.jack.task.Duanemorris" name="run" time="13.511"/>
  <system-out/>
  <testcase classname="com.jack.task.Duanemorris" name="run" time="8.117"/>
  <system-out/>
  <testcase classname="com.jack.task.Duanemorris" name="run" time="11.179"/>
  <system-out/>
  <testcase classname="com.jack.task.Duanemorris" name="run" time="7.181"/>
  <system-out/>
  <testcase classname="com.jack.task.Duanemorris" name="run" time="10.255"/>
  <system-out/>
  <testcase classname="com.jack.task.Duanemorris" name="run" time="11.309"/>
  <system-out/>
  <testcase classname="com.jack.task.Duanemorris" name="run" time="9.141"/>
  <system-out/>
  <testcase classname="com.jack.task.Duanemorris" name="run" time="9.961"/>
  <system-out/>
  <testcase classname="com.jack.task.Duanemorris" name="run" time="8.952"/>
  <system-out/>
  <testcase classname="com.jack.task.Duanemorris" name="run" time="11.153"/>
  <system-out/>
  <testcase classname="com.jack.task.Duanemorris" name="run" time="8.125"/>
  <system-out/>
  <testcase classname="com.jack.task.Duanemorris" name="run" time="7.636"/>
  <system-out/>
  <testcase classname="com.jack.task.Duanemorris" name="run" time="10.188"/>
  <system-out/>
  <testcase classname="com.jack.task.Duanemorris" name="run" time="11.309"/>
  <system-out/>
  <testcase classname="com.jack.task.Duanemorris" name="run" time="7.252"/>
  <system-out/>
  <testcase classname="com.jack.task.Duanemorris" name="run" time="9.247"/>
  <system-out/>
  <testcase classname="com.jack.task.Duanemorris" name="run" time="9.504"/>
  <system-out/>
  <testcase classname="com.jack.task.Duanemorris" name="run" time="7.865"/>
  <system-out/>
  <testcase classname="com.jack.task.Duanemorris" name="run" time="11.300"/>
  <system-out/>
  <testcase classname="com.jack.task.Duanemorris" name="run" time="11.472"/>
  <system-out/>
  <testcase classname="com.jack.task.Duanemorris" name="run" time="9.057"/>
  <system-out/>
  <testcase classname="com.jack.task.Duanemorris" name="run" time="10.023"/>
  <system-out/>
  <testcase classname="com.jack.task.Duanemorris" name="run" time="7.206"/>
  <system-out/>
  <testcase classname="com.jack.task.Duanemorris" name="run" time="10.847"/>
  <system-out/>
  <testcase classname="com.jack.task.Duanemorris" name="run" time="9.782"/>
  <system-out/>
  <testcase classname="com.jack.task.Duanemorris" name="run" time="7.796"/>
  <system-out/>
  <testcase classname="com.jack.task.Duanemorris" name="run" time="7.252"/>
  <system-out/>
  <testcase classname="com.jack.task.Duanemorris" name="run" time="7.677"/>
  <system-out/>
  <testcase classname="com.jack.task.Duanemorris" name="run" time="7.528"/>
  <system-out/>
  <testcase classname="com.jack.task.Duanemorris" name="run" time="10.236"/>
  <system-out/>
  <testcase classname="com.jack.task.Duanemorris" name="run" time="7.550"/>
  <system-out/>
  <testcase classname="com.jack.task.Duanemorris" name="run" time="10.983"/>
  <system-out/>
  <testcase classname="com.jack.task.Duanemorris" name="run" time="11.315"/>
  <system-out/>
  <testcase classname="com.jack.task.Duanemorris" name="run" time="9.737"/>
  <system-out/>
  <testcase classname="com.jack.task.Duanemorris" name="run" time="10.131"/>
  <system-out/>
  <testcase classname="com.jack.task.Duanemorris" name="run" time="13.212"/>
  <system-out/>
  <testcase classname="com.jack.task.Duanemorris" name="run" time="8.954"/>
  <system-out/>
  <testcase classname="com.jack.task.Duanemorris" name="run" time="9.725"/>
  <system-out/>
  <testcase classname="com.jack.task.Duanemorris" name="run" time="6.931"/>
  <system-out/>
  <testcase classname="com.jack.task.Duanemorris" name="run" time="7.939"/>
  <system-out/>
  <testcase classname="com.jack.task.Duanemorris" name="run" time="12.676"/>
  <system-out/>
  <testcase classname="com.jack.task.Duanemorris" name="run" time="10.641"/>
  <system-out/>
  <testcase classname="com.jack.task.Duanemorris" name="run" time="9.426"/>
  <system-out/>
  <testcase classname="com.jack.task.Duanemorris" name="run" time="8.892"/>
  <system-out/>
  <testcase classname="com.jack.task.Duanemorris" name="run" time="6.890"/>
  <system-out/>
  <testcase classname="com.jack.task.Duanemorris" name="run" time="10.964"/>
  <system-out/>
  <testcase classname="com.jack.task.Duanemorris" name="run" time="10.359"/>
  <system-out/>
  <testcase classname="com.jack.task.Duanemorris" name="run" time="9.092"/>
  <system-out/>
  <testcase classname="com.jack.task.Duanemorris" name="run" time="9.111"/>
  <system-out/>
  <testcase classname="com.jack.task.Duanemorris" name="run" time="11.107"/>
  <system-out/>
  <testcase classname="com.jack.task.Duanemorris" name="run" time="8.810"/>
  <system-out/>
  <testcase classname="com.jack.task.Duanemorris" name="run" time="8.501"/>
  <system-out/>
  <testcase classname="com.jack.task.Duanemorris" name="run" time="8.614"/>
  <system-out/>
  <testcase classname="com.jack.task.Duanemorris" name="run" time="10.758"/>
  <system-out/>
  <testcase classname="com.jack.task.Duanemorris" name="run" time="11.516"/>
  <system-out/>
  <testcase classname="com.jack.task.Duanemorris" name="run" time="11.022"/>
  <system-out/>
  <testcase classname="com.jack.task.Duanemorris" name="run" time="9.253"/>
  <system-out/>
  <testcase classname="com.jack.task.Duanemorris" name="run" time="8.676"/>
  <system-out/>
  <testcase classname="com.jack.task.Duanemorris" name="run" time="10.915"/>
  <system-out/>
  <testcase classname="com.jack.task.Duanemorris" name="run" time="13.717"/>
  <system-out/>
  <testcase classname="com.jack.task.Duanemorris" name="run" time="7.339"/>
  <system-out/>
  <testcase classname="com.jack.task.Duanemorris" name="run" time="9.005"/>
  <system-out/>
  <testcase classname="com.jack.task.Duanemorris" name="run" time="7.475"/>
  <system-out/>
  <testcase classname="com.jack.task.Duanemorris" name="run" time="10.839"/>
  <system-out/>
  <testcase classname="com.jack.task.Duanemorris" name="run" time="9.745"/>
  <system-out/>
  <testcase classname="com.jack.task.Duanemorris" name="run" time="5.895"/>
  <system-out/>
  <testcase classname="com.jack.task.Duanemorris" name="run" time="10.378"/>
  <system-out/>
  <testcase classname="com.jack.task.Duanemorris" name="run" time="11.151"/>
  <system-out/>
  <testcase classname="com.jack.task.Duanemorris" name="run" time="10.659"/>
  <system-out/>
  <testcase classname="com.jack.task.Duanemorris" name="run" time="10.045"/>
  <system-out/>
  <testcase classname="com.jack.task.Duanemorris" name="run" time="10.020"/>
  <system-out/>
  <testcase classname="com.jack.task.Duanemorris" name="run" time="9.395"/>
  <system-out/>
  <testcase classname="com.jack.task.Duanemorris" name="run" time="10.369"/>
  <system-out/>
  <testcase classname="com.jack.task.Duanemorris" name="run" time="7.216"/>
  <system-out/>
  <testcase classname="com.jack.task.Duanemorris" name="run" time="10.552"/>
  <system-out/>
  <testcase classname="com.jack.task.Duanemorris" name="run" time="8.464"/>
  <system-out/>
  <testcase classname="com.jack.task.Duanemorris" name="run" time="9.519"/>
  <system-out/>
  <testcase classname="com.jack.task.Duanemorris" name="run" time="9.311"/>
  <system-out/>
  <testcase classname="com.jack.task.Duanemorris" name="run" time="7.412"/>
  <system-out/>
  <testcase classname="com.jack.task.Duanemorris" name="run" time="11.430"/>
  <system-out/>
  <testcase classname="com.jack.task.Duanemorris" name="run" time="11.754"/>
  <system-out/>
  <testcase classname="com.jack.task.Duanemorris" name="run" time="27.539"/>
  <system-out/>
  <testcase classname="com.jack.task.Duanemorris" name="run" time="9.679"/>
  <system-out/>
  <testcase classname="com.jack.task.Duanemorris" name="run" time="10.964"/>
  <system-out/>
  <testcase classname="com.jack.task.Duanemorris" name="run" time="7.260"/>
  <system-out/>
  <testcase classname="com.jack.task.Duanemorris" name="run" time="9.501"/>
  <system-out/>
  <testcase classname="com.jack.task.Duanemorris" name="run" time="9.270"/>
  <system-out/>
  <testcase classname="com.jack.task.Duanemorris" name="run" time="9.996"/>
  <system-out/>
  <testcase classname="com.jack.task.Duanemorris" name="run" time="10.604"/>
  <system-out/>
  <testcase classname="com.jack.task.Duanemorris" name="run" time="7.650"/>
  <system-out/>
  <testcase classname="com.jack.task.Duanemorris" name="run" time="7.611"/>
  <system-out/>
  <testcase classname="com.jack.task.Duanemorris" name="run" time="8.319"/>
  <system-out/>
  <testcase classname="com.jack.task.Duanemorris" name="run" time="9.280"/>
  <system-out/>
  <testcase classname="com.jack.task.Duanemorris" name="run" time="9.023"/>
  <system-out/>
  <testcase classname="com.jack.task.Duanemorris" name="run" time="7.956"/>
  <system-out/>
  <testcase classname="com.jack.task.Duanemorris" name="run" time="12.311"/>
  <system-out/>
  <testcase classname="com.jack.task.Duanemorris" name="run" time="9.947"/>
  <system-out/>
  <testcase classname="com.jack.task.Duanemorris" name="run" time="8.654"/>
  <system-out/>
  <testcase classname="com.jack.task.Duanemorris" name="run" time="7.483"/>
  <system-out/>
  <testcase classname="com.jack.task.Duanemorris" name="run" time="10.381"/>
  <system-out/>
  <testcase classname="com.jack.task.Duanemorris" name="run" time="6.260"/>
  <system-out/>
  <testcase classname="com.jack.task.Duanemorris" name="run" time="11.541"/>
  <system-out/>
  <testcase classname="com.jack.task.Duanemorris" name="run" time="13.805"/>
  <system-out/>
  <testcase classname="com.jack.task.Duanemorris" name="run" time="11.005"/>
  <system-out/>
  <testcase classname="com.jack.task.Duanemorris" name="run" time="6.808"/>
  <system-out/>
  <testcase classname="com.jack.task.Duanemorris" name="run" time="7.860"/>
  <system-out/>
  <testcase classname="com.jack.task.Duanemorris" name="run" time="8.090"/>
  <system-out/>
  <testcase classname="com.jack.task.Duanemorris" name="run" time="10.467"/>
  <system-out/>
  <testcase classname="com.jack.task.Duanemorris" name="run" time="9.074"/>
  <system-out/>
  <testcase classname="com.jack.task.Duanemorris" name="run" time="7.235"/>
  <system-out/>
  <testcase classname="com.jack.task.Duanemorris" name="run" time="11.820"/>
  <system-out/>
  <testcase classname="com.jack.task.Duanemorris" name="run" time="11.194"/>
  <system-out/>
  <testcase classname="com.jack.task.Duanemorris" name="run" time="10.652"/>
  <system-out/>
  <testcase classname="com.jack.task.Duanemorris" name="run" time="6.525"/>
  <system-out/>
  <testcase classname="com.jack.task.Duanemorris" name="run" time="9.888"/>
  <system-out/>
  <testcase classname="com.jack.task.Duanemorris" name="run" time="10.568"/>
  <system-out/>
  <testcase classname="com.jack.task.Duanemorris" name="run" time="11.146"/>
  <system-out/>
  <testcase classname="com.jack.task.Duanemorris" name="run" time="10.113"/>
  <system-out/>
  <testcase classname="com.jack.task.Duanemorris" name="run" time="9.558"/>
  <system-out/>
  <testcase classname="com.jack.task.Duanemorris" name="run" time="10.212"/>
  <system-out/>
  <testcase classname="com.jack.task.Duanemorris" name="run" time="7.120"/>
  <system-out/>
  <testcase classname="com.jack.task.Duanemorris" name="run" time="8.911"/>
  <system-out/>
  <testcase classname="com.jack.task.Duanemorris" name="run" time="12.101"/>
  <system-out/>
  <testcase classname="com.jack.task.Duanemorris" name="run" time="8.349"/>
  <system-out/>
  <testcase classname="com.jack.task.Duanemorris" name="run" time="11.745"/>
  <system-out/>
  <testcase classname="com.jack.task.Duanemorris" name="run" time="11.028"/>
  <system-out/>
  <testcase classname="com.jack.task.Duanemorris" name="run" time="8.810"/>
  <system-out/>
  <testcase classname="com.jack.task.Duanemorris" name="run" time="14.231"/>
  <system-out/>
  <testcase classname="com.jack.task.Duanemorris" name="run" time="8.311"/>
  <system-out/>
  <testcase classname="com.jack.task.Duanemorris" name="run" time="9.759"/>
  <system-out/>
  <testcase classname="com.jack.task.Duanemorris" name="run" time="11.473"/>
  <system-out/>
  <testcase classname="com.jack.task.Duanemorris" name="run" time="10.578"/>
  <system-out/>
  <testcase classname="com.jack.task.Duanemorris" name="run" time="11.408"/>
  <system-out/>
  <testcase classname="com.jack.task.Duanemorris" name="run" time="7.012"/>
  <system-out/>
  <testcase classname="com.jack.task.Duanemorris" name="run" time="10.449"/>
  <system-out/>
  <testcase classname="com.jack.task.Duanemorris" name="run" time="8.535"/>
  <system-out/>
  <testcase classname="com.jack.task.Duanemorris" name="run" time="10.374"/>
  <system-out/>
  <testcase classname="com.jack.task.Duanemorris" name="run" time="7.028"/>
  <system-out/>
  <testcase classname="com.jack.task.Duanemorris" name="run" time="7.523"/>
  <system-out/>
  <testcase classname="com.jack.task.Duanemorris" name="run" time="9.326"/>
  <system-out/>
  <testcase classname="com.jack.task.Duanemorris" name="run" time="8.673"/>
  <system-out/>
  <testcase classname="com.jack.task.Duanemorris" name="run" time="11.711"/>
  <system-out/>
  <testcase classname="com.jack.task.Duanemorris" name="run" time="11.640"/>
  <system-out/>
  <testcase classname="com.jack.task.Duanemorris" name="run" time="9.054"/>
  <system-out/>
  <testcase classname="com.jack.task.Duanemorris" name="run" time="7.458"/>
  <system-out/>
  <testcase classname="com.jack.task.Duanemorris" name="run" time="8.448"/>
  <system-out/>
  <testcase classname="com.jack.task.Duanemorris" name="run" time="10.058"/>
  <system-out/>
  <testcase classname="com.jack.task.Duanemorris" name="run" time="9.048"/>
  <system-out/>
  <testcase classname="com.jack.task.Duanemorris" name="run" time="6.985"/>
  <system-out/>
  <testcase classname="com.jack.task.Duanemorris" name="run" time="8.132"/>
  <system-out/>
  <testcase classname="com.jack.task.Duanemorris" name="run" time="9.924"/>
  <system-out/>
  <testcase classname="com.jack.task.Duanemorris" name="run" time="14.199"/>
  <system-out/>
  <testcase classname="com.jack.task.Duanemorris" name="run" time="9.385"/>
  <system-out/>
  <testcase classname="com.jack.task.Duanemorris" name="run" time="7.598"/>
  <system-out/>
  <testcase classname="com.jack.task.Duanemorris" name="run" time="7.159"/>
  <system-out/>
  <testcase classname="com.jack.task.Duanemorris" name="run" time="6.939"/>
  <system-out/>
  <testcase classname="com.jack.task.Duanemorris" name="run" time="9.559"/>
  <system-out/>
  <testcase classname="com.jack.task.Duanemorris" name="run" time="28.682"/>
  <system-out/>
  <testcase classname="com.jack.task.Duanemorris" name="run" time="7.677"/>
  <system-out/>
  <testcase classname="com.jack.task.Duanemorris" name="run" time="8.345"/>
  <system-out/>
  <testcase classname="com.jack.task.Duanemorris" name="run" time="11.757"/>
  <system-out/>
  <testcase classname="com.jack.task.Duanemorris" name="run" time="10.597"/>
  <system-out/>
  <testcase classname="com.jack.task.Duanemorris" name="run" time="36.303"/>
  <system-out/>
  <testcase classname="com.jack.task.Duanemorris" name="run" time="9.908"/>
  <system-out/>
  <testcase classname="com.jack.task.Duanemorris" name="run" time="11.297"/>
  <system-out/>
  <testcase classname="com.jack.task.Duanemorris" name="run" time="11.165"/>
  <system-out/>
  <testcase classname="com.jack.task.Duanemorris" name="run" time="9.880"/>
  <system-out/>
  <testcase classname="com.jack.task.Duanemorris" name="run" time="9.971"/>
  <system-out/>
  <testcase classname="com.jack.task.Duanemorris" name="run" time="7.826"/>
  <system-out/>
  <testcase classname="com.jack.task.Duanemorris" name="run" time="7.113"/>
  <system-out/>
  <testcase classname="com.jack.task.Duanemorris" name="run" time="10.044"/>
  <system-out/>
  <testcase classname="com.jack.task.Duanemorris" name="run" time="10.111"/>
  <system-out/>
  <testcase classname="com.jack.task.Duanemorris" name="run" time="9.760"/>
  <system-out/>
  <testcase classname="com.jack.task.Duanemorris" name="run" time="10.336"/>
  <system-out/>
  <testcase classname="com.jack.task.Duanemorris" name="run" time="11.668"/>
  <system-out/>
  <testcase classname="com.jack.task.Duanemorris" name="run" time="7.608"/>
  <system-out/>
  <testcase classname="com.jack.task.Duanemorris" name="run" time="9.759"/>
  <system-out/>
  <testcase classname="com.jack.task.Duanemorris" name="run" time="11.574"/>
  <system-out/>
  <testcase classname="com.jack.task.Duanemorris" name="run" time="11.208"/>
  <system-out/>
  <testcase classname="com.jack.task.Duanemorris" name="run" time="10.713"/>
  <system-out/>
  <testcase classname="com.jack.task.Duanemorris" name="run" time="10.358"/>
  <system-out/>
  <testcase classname="com.jack.task.Duanemorris" name="run" time="10.846"/>
  <system-out/>
  <testcase classname="com.jack.task.Duanemorris" name="run" time="9.734"/>
  <system-out/>
  <testcase classname="com.jack.task.Duanemorris" name="run" time="10.000"/>
  <system-out/>
  <testcase classname="com.jack.task.Duanemorris" name="run" time="7.956"/>
  <system-out/>
  <testcase classname="com.jack.task.Duanemorris" name="run" time="8.081"/>
  <system-out/>
  <testcase classname="com.jack.task.Duanemorris" name="run" time="10.059"/>
  <system-out/>
  <testcase classname="com.jack.task.Duanemorris" name="run" time="7.961"/>
  <system-out/>
  <testcase classname="com.jack.task.Duanemorris" name="run" time="11.171"/>
  <system-out/>
  <testcase classname="com.jack.task.Duanemorris" name="run" time="11.846"/>
  <system-out/>
  <testcase classname="com.jack.task.Duanemorris" name="run" time="10.123"/>
  <system-out/>
  <testcase classname="com.jack.task.Duanemorris" name="run" time="11.658"/>
  <system-out/>
  <testcase classname="com.jack.task.Duanemorris" name="run" time="11.375"/>
  <system-out/>
  <testcase classname="com.jack.task.Duanemorris" name="run" time="8.171"/>
  <system-out/>
  <testcase classname="com.jack.task.Duanemorris" name="run" time="8.913"/>
  <system-out/>
  <testcase classname="com.jack.task.Duanemorris" name="run" time="7.452"/>
  <system-out/>
  <testcase classname="com.jack.task.Duanemorris" name="run" time="13.794"/>
  <system-out/>
  <testcase classname="com.jack.task.Duanemorris" name="run" time="6.750"/>
  <system-out/>
  <testcase classname="com.jack.task.Duanemorris" name="run" time="9.794"/>
  <system-out/>
  <testcase classname="com.jack.task.Duanemorris" name="run" time="10.074"/>
  <system-out/>
  <testcase classname="com.jack.task.Duanemorris" name="run" time="10.955"/>
  <system-out/>
  <testcase classname="com.jack.task.Duanemorris" name="run" time="10.718"/>
  <system-out/>
  <testcase classname="com.jack.task.Duanemorris" name="run" time="9.725"/>
  <system-out/>
  <testcase classname="com.jack.task.Duanemorris" name="run" time="5.727"/>
  <system-out/>
  <testcase classname="com.jack.task.Duanemorris" name="run" time="13.857"/>
  <system-out/>
  <testcase classname="com.jack.task.Duanemorris" name="run" time="7.656"/>
  <system-out/>
  <testcase classname="com.jack.task.Duanemorris" name="run" time="28.051"/>
  <system-out/>
  <testcase classname="com.jack.task.Duanemorris" name="run" time="10.962"/>
  <system-out/>
  <testcase classname="com.jack.task.Duanemorris" name="run" time="6.840"/>
  <system-out/>
  <testcase classname="com.jack.task.Duanemorris" name="run" time="9.435"/>
  <system-out/>
  <testcase classname="com.jack.task.Duanemorris" name="run" time="10.395"/>
  <system-out/>
  <testcase classname="com.jack.task.Duanemorris" name="run" time="6.991"/>
  <system-out/>
  <testcase classname="com.jack.task.Duanemorris" name="run" time="12.009"/>
  <system-out/>
  <testcase classname="com.jack.task.Duanemorris" name="run" time="10.875"/>
  <system-out/>
  <testcase classname="com.jack.task.Duanemorris" name="run" time="10.762"/>
  <system-out/>
  <testcase classname="com.jack.task.Duanemorris" name="run" time="6.954"/>
  <system-out/>
  <testcase classname="com.jack.task.Duanemorris" name="run" time="7.776"/>
  <system-out/>
  <testcase classname="com.jack.task.Duanemorris" name="run" time="7.208"/>
  <system-out/>
  <testcase classname="com.jack.task.Duanemorris" name="run" time="8.110"/>
  <system-out/>
  <testcase classname="com.jack.task.Duanemorris" name="run" time="10.712"/>
  <system-out/>
  <testcase classname="com.jack.task.Duanemorris" name="run" time="12.711"/>
  <system-out/>
  <testcase classname="com.jack.task.Duanemorris" name="run" time="9.383"/>
  <system-out/>
  <testcase classname="com.jack.task.Duanemorris" name="run" time="11.297"/>
  <system-out/>
  <testcase classname="com.jack.task.Duanemorris" name="run" time="7.368"/>
  <system-out/>
  <testcase classname="com.jack.task.Duanemorris" name="run" time="10.509"/>
  <system-out/>
  <testcase classname="com.jack.task.Duanemorris" name="run" time="7.450"/>
  <system-out/>
  <testcase classname="com.jack.task.Duanemorris" name="run" time="7.322"/>
  <system-out/>
  <testcase classname="com.jack.task.Duanemorris" name="run" time="7.534"/>
  <system-out/>
  <testcase classname="com.jack.task.Duanemorris" name="run" time="6.771"/>
  <system-out/>
  <testcase classname="com.jack.task.Duanemorris" name="run" time="7.038"/>
  <system-out/>
  <testcase classname="com.jack.task.Duanemorris" name="run" time="10.227"/>
  <system-out/>
  <testcase classname="com.jack.task.Duanemorris" name="run" time="10.998"/>
  <system-out/>
  <testcase classname="com.jack.task.Duanemorris" name="run" time="11.024"/>
  <system-out/>
  <testcase classname="com.jack.task.Duanemorris" name="run" time="6.735"/>
  <system-out/>
  <testcase classname="com.jack.task.Duanemorris" name="run" time="12.718"/>
  <system-out/>
  <testcase classname="com.jack.task.Duanemorris" name="run" time="11.293"/>
  <system-out/>
  <testcase classname="com.jack.task.Duanemorris" name="run" time="7.125"/>
  <system-out/>
  <testcase classname="com.jack.task.Duanemorris" name="run" time="9.614"/>
  <system-out/>
  <testcase classname="com.jack.task.Duanemorris" name="run" time="10.228"/>
  <system-out/>
  <testcase classname="com.jack.task.Duanemorris" name="run" time="9.202"/>
  <system-out/>
  <testcase classname="com.jack.task.Duanemorris" name="run" time="11.082"/>
  <system-out/>
  <testcase classname="com.jack.task.Duanemorris" name="run" time="8.100"/>
  <system-out/>
  <testcase classname="com.jack.task.Duanemorris" name="run" time="9.312"/>
  <system-out/>
  <testcase classname="com.jack.task.Duanemorris" name="run" time="7.349"/>
  <system-out/>
  <testcase classname="com.jack.task.Duanemorris" name="run" time="10.057"/>
  <system-out/>
  <testcase classname="com.jack.task.Duanemorris" name="run" time="10.097"/>
  <system-out/>
  <testcase classname="com.jack.task.Duanemorris" name="run" time="11.081"/>
  <system-out/>
  <testcase classname="com.jack.task.Duanemorris" name="run" time="7.696"/>
  <system-out/>
  <testcase classname="com.jack.task.Duanemorris" name="run" time="10.501"/>
  <system-out/>
  <testcase classname="com.jack.task.Duanemorris" name="run" time="10.013"/>
  <system-out/>
  <testcase classname="com.jack.task.Duanemorris" name="run" time="10.528"/>
  <system-out/>
  <testcase classname="com.jack.task.Duanemorris" name="run" time="10.726"/>
  <system-out/>
  <testcase classname="com.jack.task.Duanemorris" name="run" time="7.247"/>
  <system-out/>
  <testcase classname="com.jack.task.Duanemorris" name="run" time="10.471"/>
  <system-out/>
  <testcase classname="com.jack.task.Duanemorris" name="run" time="9.268"/>
  <system-out/>
  <testcase classname="com.jack.task.Duanemorris" name="run" time="11.767"/>
  <system-out/>
  <testcase classname="com.jack.task.Duanemorris" name="run" time="11.211"/>
  <system-out/>
  <testcase classname="com.jack.task.Duanemorris" name="run" time="10.604"/>
  <system-out/>
  <testcase classname="com.jack.task.Duanemorris" name="run" time="8.951"/>
  <system-out/>
  <testcase classname="com.jack.task.Duanemorris" name="run" time="14.697"/>
  <system-out/>
  <testcase classname="com.jack.task.Duanemorris" name="run" time="7.987"/>
  <system-out/>
  <testcase classname="com.jack.task.Duanemorris" name="run" time="8.953"/>
  <system-out/>
  <testcase classname="com.jack.task.Duanemorris" name="run" time="8.049"/>
  <system-out/>
  <testcase classname="com.jack.task.Duanemorris" name="run" time="10.412"/>
  <system-out/>
  <testcase classname="com.jack.task.Duanemorris" name="run" time="10.977"/>
  <system-out/>
  <testcase classname="com.jack.task.Duanemorris" name="run" time="8.858"/>
  <system-out/>
  <testcase classname="com.jack.task.Duanemorris" name="run" time="8.037"/>
  <system-out/>
  <testcase classname="com.jack.task.Duanemorris" name="run" time="10.859"/>
  <system-out/>
  <testcase classname="com.jack.task.Duanemorris" name="run" time="12.802"/>
  <system-out/>
  <testcase classname="com.jack.task.Duanemorris" name="run" time="12.489"/>
  <system-out/>
  <testcase classname="com.jack.task.Duanemorris" name="run" time="9.012"/>
  <system-out/>
  <testcase classname="com.jack.task.Duanemorris" name="run" time="9.357"/>
  <system-out/>
  <testcase classname="com.jack.task.Duanemorris" name="run" time="9.957"/>
  <system-out/>
  <testcase classname="com.jack.task.Duanemorris" name="run" time="7.041"/>
  <system-out/>
  <testcase classname="com.jack.task.Duanemorris" name="run" time="11.281"/>
  <system-out/>
  <testcase classname="com.jack.task.Duanemorris" name="run" time="9.994"/>
  <system-out/>
  <testcase classname="com.jack.task.Duanemorris" name="run" time="7.785"/>
  <system-out/>
  <testcase classname="com.jack.task.Duanemorris" name="run" time="10.732"/>
  <system-out/>
  <testcase classname="com.jack.task.Duanemorris" name="run" time="9.178"/>
  <system-out/>
  <testcase classname="com.jack.task.Duanemorris" name="run" time="11.242"/>
  <system-out/>
  <testcase classname="com.jack.task.Duanemorris" name="run" time="11.835"/>
  <system-out/>
  <testcase classname="com.jack.task.Duanemorris" name="run" time="11.095"/>
  <system-out/>
  <testcase classname="com.jack.task.Duanemorris" name="run" time="6.889"/>
  <system-out/>
  <testcase classname="com.jack.task.Duanemorris" name="run" time="10.359"/>
  <system-out/>
  <testcase classname="com.jack.task.Duanemorris" name="run" time="11.190"/>
  <system-out/>
  <testcase classname="com.jack.task.Duanemorris" name="run" time="9.827"/>
  <system-out/>
  <testcase classname="com.jack.task.Duanemorris" name="run" time="11.659"/>
  <system-out/>
  <testcase classname="com.jack.task.Duanemorris" name="run" time="7.964"/>
  <system-out/>
  <testcase classname="com.jack.task.Duanemorris" name="run" time="12.556"/>
  <system-out/>
  <testcase classname="com.jack.task.Duanemorris" name="run" time="26.653"/>
  <system-out/>
  <testcase classname="com.jack.task.Duanemorris" name="run" time="7.434"/>
  <system-out/>
  <testcase classname="com.jack.task.Duanemorris" name="run" time="12.018"/>
  <system-out/>
  <testcase classname="com.jack.task.Duanemorris" name="run" time="12.363"/>
  <system-out/>
  <testcase classname="com.jack.task.Duanemorris" name="run" time="13.700"/>
  <system-out/>
  <testcase classname="com.jack.task.Duanemorris" name="run" time="10.888"/>
  <system-out/>
  <testcase classname="com.jack.task.Duanemorris" name="run" time="9.716"/>
  <system-out/>
  <testcase classname="com.jack.task.Duanemorris" name="run" time="12.165"/>
  <system-out/>
  <testcase classname="com.jack.task.Duanemorris" name="run" time="7.248"/>
  <system-out/>
  <testcase classname="com.jack.task.Duanemorris" name="run" time="11.278"/>
  <system-out/>
  <testcase classname="com.jack.task.Duanemorris" name="run" time="7.659"/>
  <system-out/>
  <testcase classname="com.jack.task.Duanemorris" name="run" time="10.958"/>
  <system-out/>
  <testcase classname="com.jack.task.Duanemorris" name="run" time="9.843"/>
  <system-out/>
  <testcase classname="com.jack.task.Duanemorris" name="run" time="9.630"/>
  <system-out/>
  <testcase classname="com.jack.task.Duanemorris" name="run" time="7.382"/>
  <system-out/>
  <testcase classname="com.jack.task.Duanemorris" name="run" time="10.412"/>
  <system-out/>
  <testcase classname="com.jack.task.Duanemorris" name="run" time="9.134"/>
  <system-out/>
  <testcase classname="com.jack.task.Duanemorris" name="run" time="10.140"/>
  <system-out/>
  <testcase classname="com.jack.task.Duanemorris" name="run" time="6.760"/>
  <system-out/>
  <testcase classname="com.jack.task.Duanemorris" name="run" time="11.646"/>
  <system-out/>
  <testcase classname="com.jack.task.Duanemorris" name="run" time="9.861"/>
  <system-out/>
  <testcase classname="com.jack.task.Duanemorris" name="run" time="8.739"/>
  <system-out/>
  <testcase classname="com.jack.task.Duanemorris" name="run" time="11.822"/>
  <system-out/>
  <testcase classname="com.jack.task.Duanemorris" name="run" time="8.844"/>
  <system-out/>
  <testcase classname="com.jack.task.Duanemorris" name="run" time="6.143"/>
  <system-out/>
  <testcase classname="com.jack.task.Duanemorris" name="run" time="14.026"/>
  <system-out/>
  <testcase classname="com.jack.task.Duanemorris" name="run" time="8.592"/>
  <system-out/>
  <testcase classname="com.jack.task.Duanemorris" name="run" time="7.040"/>
  <system-out/>
  <testcase classname="com.jack.task.Duanemorris" name="run" time="14.641"/>
  <system-out/>
  <testcase classname="com.jack.task.Duanemorris" name="run" time="8.809"/>
  <system-out/>
  <testcase classname="com.jack.task.Duanemorris" name="run" time="7.716"/>
  <system-out/>
  <testcase classname="com.jack.task.Duanemorris" name="run" time="10.541"/>
  <system-out/>
  <testcase classname="com.jack.task.Duanemorris" name="run" time="12.783"/>
  <system-out/>
  <testcase classname="com.jack.task.Duanemorris" name="run" time="10.989"/>
  <system-out/>
  <testcase classname="com.jack.task.Duanemorris" name="run" time="7.808"/>
  <system-out/>
  <testcase classname="com.jack.task.Duanemorris" name="run" time="7.371"/>
  <system-out/>
  <testcase classname="com.jack.task.Duanemorris" name="run" time="13.032"/>
  <system-out/>
  <testcase classname="com.jack.task.Duanemorris" name="run" time="10.412"/>
  <system-out/>
  <testcase classname="com.jack.task.Duanemorris" name="run" time="8.080"/>
  <system-out/>
  <testcase classname="com.jack.task.Duanemorris" name="run" time="9.146"/>
  <system-out/>
  <testcase classname="com.jack.task.Duanemorris" name="run" time="13.432"/>
  <system-out/>
  <testcase classname="com.jack.task.Duanemorris" name="run" time="8.216"/>
  <system-out/>
  <testcase classname="com.jack.task.Duanemorris" name="run" time="10.886"/>
  <system-out/>
  <testcase classname="com.jack.task.Duanemorris" name="run" time="10.375"/>
  <system-out/>
  <testcase classname="com.jack.task.Duanemorris" name="run" time="9.033"/>
  <system-out/>
  <testcase classname="com.jack.task.Duanemorris" name="run" time="10.220"/>
  <system-out/>
  <testcase classname="com.jack.task.Duanemorris" name="run" time="9.269"/>
  <system-out/>
  <testcase classname="com.jack.task.Duanemorris" name="run" time="6.924"/>
  <system-out/>
  <testcase classname="com.jack.task.Duanemorris" name="run" time="11.500"/>
  <system-out/>
  <testcase classname="com.jack.task.Duanemorris" name="run" time="7.832"/>
  <system-out/>
  <testcase classname="com.jack.task.Duanemorris" name="run" time="10.908"/>
  <system-out/>
  <testcase classname="com.jack.task.Duanemorris" name="run" time="8.270"/>
  <system-out/>
  <testcase classname="com.jack.task.Duanemorris" name="run" time="11.085"/>
  <system-out/>
  <testcase classname="com.jack.task.Duanemorris" name="run" time="10.023"/>
  <system-out/>
  <testcase classname="com.jack.task.Duanemorris" name="run" time="9.396"/>
  <system-out/>
  <testcase classname="com.jack.task.Duanemorris" name="run" time="9.105"/>
  <system-out/>
  <testcase classname="com.jack.task.Duanemorris" name="run" time="10.708"/>
  <system-out/>
  <testcase classname="com.jack.task.Duanemorris" name="run" time="16.686"/>
  <system-out/>
  <testcase classname="com.jack.task.Duanemorris" name="run" time="9.592"/>
  <system-out/>
  <testcase classname="com.jack.task.Duanemorris" name="run" time="9.817"/>
  <system-out/>
  <testcase classname="com.jack.task.Duanemorris" name="run" time="7.264"/>
  <system-out/>
  <testcase classname="com.jack.task.Duanemorris" name="run" time="10.741"/>
  <system-out/>
  <testcase classname="com.jack.task.Duanemorris" name="run" time="8.897"/>
  <system-out/>
  <testcase classname="com.jack.task.Duanemorris" name="run" time="7.718"/>
  <system-out/>
  <testcase classname="com.jack.task.Duanemorris" name="run" time="11.570"/>
  <system-out/>
  <testcase classname="com.jack.task.Duanemorris" name="run" time="7.106"/>
  <system-out/>
  <testcase classname="com.jack.task.Duanemorris" name="run" time="7.015"/>
  <system-out/>
  <testcase classname="com.jack.task.Duanemorris" name="run" time="10.461"/>
  <system-out/>
  <testcase classname="com.jack.task.Duanemorris" name="run" time="9.562"/>
  <system-out/>
  <testcase classname="com.jack.task.Duanemorris" name="run" time="10.602"/>
  <system-out/>
  <testcase classname="com.jack.task.Duanemorris" name="run" time="10.272"/>
  <system-out/>
  <testcase classname="com.jack.task.Duanemorris" name="run" time="10.225"/>
  <system-out/>
  <testcase classname="com.jack.task.Duanemorris" name="run" time="7.477"/>
  <system-out/>
  <testcase classname="com.jack.task.Duanemorris" name="run" time="12.480"/>
  <system-out/>
  <testcase classname="com.jack.task.Duanemorris" name="run" time="7.717"/>
  <system-out/>
  <testcase classname="com.jack.task.Duanemorris" name="run" time="11.062"/>
  <system-out/>
  <testcase classname="com.jack.task.Duanemorris" name="run" time="9.340"/>
  <system-out/>
  <testcase classname="com.jack.task.Duanemorris" name="run" time="9.867"/>
  <system-out/>
  <testcase classname="com.jack.task.Duanemorris" name="run" time="11.138"/>
  <system-out/>
  <testcase classname="com.jack.task.Duanemorris" name="run" time="11.328"/>
  <system-out/>
  <testcase classname="com.jack.task.Duanemorris" name="run" time="9.387"/>
  <system-out/>
  <testcase classname="com.jack.task.Duanemorris" name="run" time="7.722"/>
  <system-out/>
  <testcase classname="com.jack.task.Duanemorris" name="run" time="11.486"/>
  <system-out/>
  <testcase classname="com.jack.task.Duanemorris" name="run" time="7.520"/>
  <system-out/>
  <testcase classname="com.jack.task.Duanemorris" name="run" time="10.842"/>
  <system-out/>
  <testcase classname="com.jack.task.Duanemorris" name="run" time="7.168"/>
  <system-out/>
  <testcase classname="com.jack.task.Duanemorris" name="run" time="9.042"/>
  <system-out/>
  <testcase classname="com.jack.task.Duanemorris" name="run" time="10.025"/>
  <system-out/>
  <testcase classname="com.jack.task.Duanemorris" name="run" time="10.793"/>
  <system-out/>
  <testcase classname="com.jack.task.Duanemorris" name="run" time="10.012"/>
  <system-out/>
</testsuite> <!-- com.jack.task.Duanemorris -->
