<?xml version="1.0" encoding="UTF-8"?>
<!-- Generated by org.testng.reporters.JUnitReportReporter -->
<testsuite hostname="DESKTOP-3DLKC1S" failures="0" tests="3" name="com.jack.task2.Hello" time="0.278" errors="0" timestamp="2023-03-03T18:37:49 BDT" skipped="0">
  <testcase classname="com.jack.task2.Hello" name="saveList" time="0.027"/>
  <system-out/>
  <testcase classname="com.jack.task2.Hello" name="run" time="0.250"/>
  <system-out/>
  <testcase classname="com.jack.task2.Hello" name="testx" time="0.001"/>
  <system-out/>
</testsuite> <!-- com.jack.task2.Hello -->
