<?xml version="1.0" encoding="UTF-8"?>
<!-- Generated by org.testng.reporters.JUnitReportReporter -->
<testsuite hostname="DESKTOP-89RDKF8" failures="0" tests="413" name="com.jack.task.Kramerlevin" time="8118.005" errors="0" timestamp="2023-01-10T23:36:04 BDT" skipped="0">
  <testcase classname="com.jack.task.Kramerlevin" name="run" time="7.975"/>
  <system-out/>
  <testcase classname="com.jack.task.Kramerlevin" name="run" time="50.513"/>
  <system-out/>
  <testcase classname="com.jack.task.Kramerlevin" name="run" time="14.529"/>
  <system-out/>
  <testcase classname="com.jack.task.Kramerlevin" name="run" time="15.750"/>
  <system-out/>
  <testcase classname="com.jack.task.Kramerlevin" name="run" time="41.763"/>
  <system-out/>
  <testcase classname="com.jack.task.Kramerlevin" name="run" time="16.710"/>
  <system-out/>
  <testcase classname="com.jack.task.Kramerlevin" name="run" time="30.808"/>
  <system-out/>
  <testcase classname="com.jack.task.Kramerlevin" name="run" time="12.026"/>
  <system-out/>
  <testcase classname="com.jack.task.Kramerlevin" name="run" time="17.482"/>
  <system-out/>
  <testcase classname="com.jack.task.Kramerlevin" name="run" time="20.697"/>
  <system-out/>
  <testcase classname="com.jack.task.Kramerlevin" name="run" time="34.093"/>
  <system-out/>
  <testcase classname="com.jack.task.Kramerlevin" name="run" time="9.212"/>
  <system-out/>
  <testcase classname="com.jack.task.Kramerlevin" name="run" time="14.955"/>
  <system-out/>
  <testcase classname="com.jack.task.Kramerlevin" name="run" time="14.625"/>
  <system-out/>
  <testcase classname="com.jack.task.Kramerlevin" name="run" time="13.322"/>
  <system-out/>
  <testcase classname="com.jack.task.Kramerlevin" name="run" time="8.610"/>
  <system-out/>
  <testcase classname="com.jack.task.Kramerlevin" name="run" time="32.350"/>
  <system-out/>
  <testcase classname="com.jack.task.Kramerlevin" name="run" time="20.838"/>
  <system-out/>
  <testcase classname="com.jack.task.Kramerlevin" name="run" time="25.187"/>
  <system-out/>
  <testcase classname="com.jack.task.Kramerlevin" name="run" time="12.711"/>
  <system-out/>
  <testcase classname="com.jack.task.Kramerlevin" name="run" time="23.126"/>
  <system-out/>
  <testcase classname="com.jack.task.Kramerlevin" name="run" time="11.590"/>
  <system-out/>
  <testcase classname="com.jack.task.Kramerlevin" name="run" time="33.451"/>
  <system-out/>
  <testcase classname="com.jack.task.Kramerlevin" name="run" time="10.487"/>
  <system-out/>
  <testcase classname="com.jack.task.Kramerlevin" name="run" time="8.493"/>
  <system-out/>
  <testcase classname="com.jack.task.Kramerlevin" name="run" time="10.871"/>
  <system-out/>
  <testcase classname="com.jack.task.Kramerlevin" name="run" time="12.851"/>
  <system-out/>
  <testcase classname="com.jack.task.Kramerlevin" name="run" time="15.956"/>
  <system-out/>
  <testcase classname="com.jack.task.Kramerlevin" name="run" time="9.104"/>
  <system-out/>
  <testcase classname="com.jack.task.Kramerlevin" name="run" time="16.837"/>
  <system-out/>
  <testcase classname="com.jack.task.Kramerlevin" name="run" time="35.382"/>
  <system-out/>
  <testcase classname="com.jack.task.Kramerlevin" name="run" time="10.295"/>
  <system-out/>
  <testcase classname="com.jack.task.Kramerlevin" name="run" time="5.783"/>
  <system-out/>
  <testcase classname="com.jack.task.Kramerlevin" name="run" time="12.941"/>
  <system-out/>
  <testcase classname="com.jack.task.Kramerlevin" name="run" time="8.912"/>
  <system-out/>
  <testcase classname="com.jack.task.Kramerlevin" name="run" time="9.527"/>
  <system-out/>
  <testcase classname="com.jack.task.Kramerlevin" name="run" time="14.561"/>
  <system-out/>
  <testcase classname="com.jack.task.Kramerlevin" name="run" time="13.824"/>
  <system-out/>
  <testcase classname="com.jack.task.Kramerlevin" name="run" time="9.255"/>
  <system-out/>
  <testcase classname="com.jack.task.Kramerlevin" name="run" time="8.458"/>
  <system-out/>
  <testcase classname="com.jack.task.Kramerlevin" name="run" time="27.128"/>
  <system-out/>
  <testcase classname="com.jack.task.Kramerlevin" name="testx" time="0.009"/>
  <system-out/>
  <testcase classname="com.jack.task.Kramerlevin" name="run" time="18.602"/>
  <system-out/>
  <testcase classname="com.jack.task.Kramerlevin" name="run" time="24.765"/>
  <system-out/>
  <testcase classname="com.jack.task.Kramerlevin" name="run" time="25.458"/>
  <system-out/>
  <testcase classname="com.jack.task.Kramerlevin" name="run" time="16.278"/>
  <system-out/>
  <testcase classname="com.jack.task.Kramerlevin" name="run" time="9.372"/>
  <system-out/>
  <testcase classname="com.jack.task.Kramerlevin" name="run" time="19.233"/>
  <system-out/>
  <testcase classname="com.jack.task.Kramerlevin" name="run" time="7.876"/>
  <system-out/>
  <testcase classname="com.jack.task.Kramerlevin" name="run" time="11.608"/>
  <system-out/>
  <testcase classname="com.jack.task.Kramerlevin" name="run" time="34.527"/>
  <system-out/>
  <testcase classname="com.jack.task.Kramerlevin" name="run" time="15.772"/>
  <system-out/>
  <testcase classname="com.jack.task.Kramerlevin" name="run" time="20.887"/>
  <system-out/>
  <testcase classname="com.jack.task.Kramerlevin" name="run" time="13.695"/>
  <system-out/>
  <testcase classname="com.jack.task.Kramerlevin" name="run" time="9.468"/>
  <system-out/>
  <testcase classname="com.jack.task.Kramerlevin" name="run" time="29.511"/>
  <system-out/>
  <testcase classname="com.jack.task.Kramerlevin" name="run" time="28.574"/>
  <system-out/>
  <testcase classname="com.jack.task.Kramerlevin" name="run" time="8.211"/>
  <system-out/>
  <testcase classname="com.jack.task.Kramerlevin" name="run" time="66.092"/>
  <system-out/>
  <testcase classname="com.jack.task.Kramerlevin" name="run" time="7.456"/>
  <system-out/>
  <testcase classname="com.jack.task.Kramerlevin" name="run" time="12.321"/>
  <system-out/>
  <testcase classname="com.jack.task.Kramerlevin" name="run" time="15.799"/>
  <system-out/>
  <testcase classname="com.jack.task.Kramerlevin" name="run" time="13.394"/>
  <system-out/>
  <testcase classname="com.jack.task.Kramerlevin" name="run" time="10.669"/>
  <system-out/>
  <testcase classname="com.jack.task.Kramerlevin" name="run" time="13.209"/>
  <system-out/>
  <testcase classname="com.jack.task.Kramerlevin" name="run" time="11.692"/>
  <system-out/>
  <testcase classname="com.jack.task.Kramerlevin" name="run" time="12.975"/>
  <system-out/>
  <testcase classname="com.jack.task.Kramerlevin" name="run" time="21.345"/>
  <system-out/>
  <testcase classname="com.jack.task.Kramerlevin" name="run" time="23.869"/>
  <system-out/>
  <testcase classname="com.jack.task.Kramerlevin" name="run" time="11.447"/>
  <system-out/>
  <testcase classname="com.jack.task.Kramerlevin" name="run" time="13.148"/>
  <system-out/>
  <testcase classname="com.jack.task.Kramerlevin" name="run" time="6.657"/>
  <system-out/>
  <testcase classname="com.jack.task.Kramerlevin" name="run" time="11.287"/>
  <system-out/>
  <testcase classname="com.jack.task.Kramerlevin" name="run" time="14.319"/>
  <system-out/>
  <testcase classname="com.jack.task.Kramerlevin" name="run" time="29.337"/>
  <system-out/>
  <testcase classname="com.jack.task.Kramerlevin" name="run" time="12.331"/>
  <system-out/>
  <testcase classname="com.jack.task.Kramerlevin" name="run" time="39.098"/>
  <system-out/>
  <testcase classname="com.jack.task.Kramerlevin" name="run" time="11.068"/>
  <system-out/>
  <testcase classname="com.jack.task.Kramerlevin" name="run" time="49.483"/>
  <system-out/>
  <testcase classname="com.jack.task.Kramerlevin" name="run" time="15.756"/>
  <system-out/>
  <testcase classname="com.jack.task.Kramerlevin" name="run" time="15.939"/>
  <system-out/>
  <testcase classname="com.jack.task.Kramerlevin" name="run" time="16.929"/>
  <system-out/>
  <testcase classname="com.jack.task.Kramerlevin" name="run" time="11.022"/>
  <system-out/>
  <testcase classname="com.jack.task.Kramerlevin" name="run" time="11.390"/>
  <system-out/>
  <testcase classname="com.jack.task.Kramerlevin" name="run" time="14.468"/>
  <system-out/>
  <testcase classname="com.jack.task.Kramerlevin" name="run" time="44.170"/>
  <system-out/>
  <testcase classname="com.jack.task.Kramerlevin" name="run" time="17.139"/>
  <system-out/>
  <testcase classname="com.jack.task.Kramerlevin" name="run" time="8.459"/>
  <system-out/>
  <testcase classname="com.jack.task.Kramerlevin" name="run" time="13.955"/>
  <system-out/>
  <testcase classname="com.jack.task.Kramerlevin" name="run" time="14.117"/>
  <system-out/>
  <testcase classname="com.jack.task.Kramerlevin" name="run" time="27.671"/>
  <system-out/>
  <testcase classname="com.jack.task.Kramerlevin" name="run" time="10.058"/>
  <system-out/>
  <testcase classname="com.jack.task.Kramerlevin" name="run" time="25.825"/>
  <system-out/>
  <testcase classname="com.jack.task.Kramerlevin" name="run" time="16.581"/>
  <system-out/>
  <testcase classname="com.jack.task.Kramerlevin" name="run" time="56.893"/>
  <system-out/>
  <testcase classname="com.jack.task.Kramerlevin" name="run" time="10.732"/>
  <system-out/>
  <testcase classname="com.jack.task.Kramerlevin" name="run" time="7.969"/>
  <system-out/>
  <testcase classname="com.jack.task.Kramerlevin" name="run" time="12.091"/>
  <system-out/>
  <testcase classname="com.jack.task.Kramerlevin" name="run" time="25.011"/>
  <system-out/>
  <testcase classname="com.jack.task.Kramerlevin" name="run" time="11.318"/>
  <system-out/>
  <testcase classname="com.jack.task.Kramerlevin" name="run" time="10.918"/>
  <system-out/>
  <testcase classname="com.jack.task.Kramerlevin" name="run" time="23.107"/>
  <system-out/>
  <testcase classname="com.jack.task.Kramerlevin" name="run" time="17.868"/>
  <system-out/>
  <testcase classname="com.jack.task.Kramerlevin" name="run" time="40.767"/>
  <system-out/>
  <testcase classname="com.jack.task.Kramerlevin" name="run" time="6.747"/>
  <system-out/>
  <testcase classname="com.jack.task.Kramerlevin" name="run" time="10.267"/>
  <system-out/>
  <testcase classname="com.jack.task.Kramerlevin" name="run" time="14.490"/>
  <system-out/>
  <testcase classname="com.jack.task.Kramerlevin" name="run" time="16.076"/>
  <system-out/>
  <testcase classname="com.jack.task.Kramerlevin" name="run" time="17.351"/>
  <system-out/>
  <testcase classname="com.jack.task.Kramerlevin" name="run" time="9.314"/>
  <system-out/>
  <testcase classname="com.jack.task.Kramerlevin" name="run" time="15.444"/>
  <system-out/>
  <testcase classname="com.jack.task.Kramerlevin" name="run" time="12.006"/>
  <system-out/>
  <testcase classname="com.jack.task.Kramerlevin" name="run" time="30.101"/>
  <system-out/>
  <testcase classname="com.jack.task.Kramerlevin" name="run" time="11.765"/>
  <system-out/>
  <testcase classname="com.jack.task.Kramerlevin" name="run" time="9.090"/>
  <system-out/>
  <testcase classname="com.jack.task.Kramerlevin" name="run" time="37.887"/>
  <system-out/>
  <testcase classname="com.jack.task.Kramerlevin" name="run" time="12.541"/>
  <system-out/>
  <testcase classname="com.jack.task.Kramerlevin" name="run" time="6.798"/>
  <system-out/>
  <testcase classname="com.jack.task.Kramerlevin" name="run" time="18.970"/>
  <system-out/>
  <testcase classname="com.jack.task.Kramerlevin" name="run" time="11.299"/>
  <system-out/>
  <testcase classname="com.jack.task.Kramerlevin" name="run" time="13.415"/>
  <system-out/>
  <testcase classname="com.jack.task.Kramerlevin" name="run" time="18.716"/>
  <system-out/>
  <testcase classname="com.jack.task.Kramerlevin" name="run" time="21.582"/>
  <system-out/>
  <testcase classname="com.jack.task.Kramerlevin" name="run" time="54.853"/>
  <system-out/>
  <testcase classname="com.jack.task.Kramerlevin" name="run" time="12.639"/>
  <system-out/>
  <testcase classname="com.jack.task.Kramerlevin" name="run" time="13.877"/>
  <system-out/>
  <testcase classname="com.jack.task.Kramerlevin" name="run" time="13.572"/>
  <system-out/>
  <testcase classname="com.jack.task.Kramerlevin" name="run" time="17.509"/>
  <system-out/>
  <testcase classname="com.jack.task.Kramerlevin" name="run" time="5.855"/>
  <system-out/>
  <testcase classname="com.jack.task.Kramerlevin" name="run" time="24.584"/>
  <system-out/>
  <testcase classname="com.jack.task.Kramerlevin" name="run" time="6.807"/>
  <system-out/>
  <testcase classname="com.jack.task.Kramerlevin" name="run" time="19.682"/>
  <system-out/>
  <testcase classname="com.jack.task.Kramerlevin" name="run" time="13.975"/>
  <system-out/>
  <testcase classname="com.jack.task.Kramerlevin" name="run" time="24.956"/>
  <system-out/>
  <testcase classname="com.jack.task.Kramerlevin" name="run" time="43.956"/>
  <system-out/>
  <testcase classname="com.jack.task.Kramerlevin" name="run" time="41.883"/>
  <system-out/>
  <testcase classname="com.jack.task.Kramerlevin" name="run" time="7.099"/>
  <system-out/>
  <testcase classname="com.jack.task.Kramerlevin" name="run" time="64.329"/>
  <system-out/>
  <testcase classname="com.jack.task.Kramerlevin" name="run" time="19.066"/>
  <system-out/>
  <testcase classname="com.jack.task.Kramerlevin" name="run" time="47.482"/>
  <system-out/>
  <testcase classname="com.jack.task.Kramerlevin" name="run" time="28.861"/>
  <system-out/>
  <testcase classname="com.jack.task.Kramerlevin" name="run" time="7.265"/>
  <system-out/>
  <testcase classname="com.jack.task.Kramerlevin" name="run" time="11.401"/>
  <system-out/>
  <testcase classname="com.jack.task.Kramerlevin" name="run" time="30.591"/>
  <system-out/>
  <testcase classname="com.jack.task.Kramerlevin" name="run" time="8.069"/>
  <system-out/>
  <testcase classname="com.jack.task.Kramerlevin" name="run" time="23.996"/>
  <system-out/>
  <testcase classname="com.jack.task.Kramerlevin" name="run" time="18.366"/>
  <system-out/>
  <testcase classname="com.jack.task.Kramerlevin" name="run" time="28.749"/>
  <system-out/>
  <testcase classname="com.jack.task.Kramerlevin" name="run" time="8.127"/>
  <system-out/>
  <testcase classname="com.jack.task.Kramerlevin" name="run" time="32.929"/>
  <system-out/>
  <testcase classname="com.jack.task.Kramerlevin" name="run" time="26.320"/>
  <system-out/>
  <testcase classname="com.jack.task.Kramerlevin" name="run" time="18.226"/>
  <system-out/>
  <testcase classname="com.jack.task.Kramerlevin" name="run" time="13.354"/>
  <system-out/>
  <testcase classname="com.jack.task.Kramerlevin" name="run" time="11.353"/>
  <system-out/>
  <testcase classname="com.jack.task.Kramerlevin" name="run" time="16.569"/>
  <system-out/>
  <testcase classname="com.jack.task.Kramerlevin" name="run" time="15.731"/>
  <system-out/>
  <testcase classname="com.jack.task.Kramerlevin" name="run" time="62.231"/>
  <system-out/>
  <testcase classname="com.jack.task.Kramerlevin" name="run" time="9.112"/>
  <system-out/>
  <testcase classname="com.jack.task.Kramerlevin" name="run" time="19.297"/>
  <system-out/>
  <testcase classname="com.jack.task.Kramerlevin" name="run" time="21.324"/>
  <system-out/>
  <testcase classname="com.jack.task.Kramerlevin" name="run" time="35.809"/>
  <system-out/>
  <testcase classname="com.jack.task.Kramerlevin" name="run" time="11.339"/>
  <system-out/>
  <testcase classname="com.jack.task.Kramerlevin" name="run" time="28.532"/>
  <system-out/>
  <testcase classname="com.jack.task.Kramerlevin" name="run" time="9.216"/>
  <system-out/>
  <testcase classname="com.jack.task.Kramerlevin" name="run" time="11.703"/>
  <system-out/>
  <testcase classname="com.jack.task.Kramerlevin" name="run" time="19.062"/>
  <system-out/>
  <testcase classname="com.jack.task.Kramerlevin" name="run" time="38.961"/>
  <system-out/>
  <testcase classname="com.jack.task.Kramerlevin" name="run" time="32.906"/>
  <system-out/>
  <testcase classname="com.jack.task.Kramerlevin" name="run" time="9.989"/>
  <system-out/>
  <testcase classname="com.jack.task.Kramerlevin" name="run" time="51.254"/>
  <system-out/>
  <testcase classname="com.jack.task.Kramerlevin" name="run" time="23.682"/>
  <system-out/>
  <testcase classname="com.jack.task.Kramerlevin" name="run" time="22.622"/>
  <system-out/>
  <testcase classname="com.jack.task.Kramerlevin" name="run" time="7.623"/>
  <system-out/>
  <testcase classname="com.jack.task.Kramerlevin" name="run" time="26.451"/>
  <system-out/>
  <testcase classname="com.jack.task.Kramerlevin" name="run" time="33.023"/>
  <system-out/>
  <testcase classname="com.jack.task.Kramerlevin" name="run" time="14.037"/>
  <system-out/>
  <testcase classname="com.jack.task.Kramerlevin" name="run" time="19.802"/>
  <system-out/>
  <testcase classname="com.jack.task.Kramerlevin" name="run" time="6.820"/>
  <system-out/>
  <testcase classname="com.jack.task.Kramerlevin" name="run" time="43.133"/>
  <system-out/>
  <testcase classname="com.jack.task.Kramerlevin" name="run" time="12.059"/>
  <system-out/>
  <testcase classname="com.jack.task.Kramerlevin" name="run" time="15.347"/>
  <system-out/>
  <testcase classname="com.jack.task.Kramerlevin" name="run" time="14.400"/>
  <system-out/>
  <testcase classname="com.jack.task.Kramerlevin" name="run" time="22.306"/>
  <system-out/>
  <testcase classname="com.jack.task.Kramerlevin" name="run" time="26.188"/>
  <system-out/>
  <testcase classname="com.jack.task.Kramerlevin" name="run" time="6.132"/>
  <system-out/>
  <testcase classname="com.jack.task.Kramerlevin" name="run" time="13.188"/>
  <system-out/>
  <testcase classname="com.jack.task.Kramerlevin" name="run" time="12.133"/>
  <system-out/>
  <testcase classname="com.jack.task.Kramerlevin" name="run" time="9.272"/>
  <system-out/>
  <testcase classname="com.jack.task.Kramerlevin" name="run" time="18.147"/>
  <system-out/>
  <testcase classname="com.jack.task.Kramerlevin" name="run" time="11.169"/>
  <system-out/>
  <testcase classname="com.jack.task.Kramerlevin" name="run" time="9.967"/>
  <system-out/>
  <testcase classname="com.jack.task.Kramerlevin" name="run" time="14.535"/>
  <system-out/>
  <testcase classname="com.jack.task.Kramerlevin" name="run" time="20.171"/>
  <system-out/>
  <testcase classname="com.jack.task.Kramerlevin" name="run" time="10.169"/>
  <system-out/>
  <testcase classname="com.jack.task.Kramerlevin" name="run" time="9.859"/>
  <system-out/>
  <testcase classname="com.jack.task.Kramerlevin" name="run" time="8.021"/>
  <system-out/>
  <testcase classname="com.jack.task.Kramerlevin" name="run" time="10.947"/>
  <system-out/>
  <testcase classname="com.jack.task.Kramerlevin" name="run" time="22.035"/>
  <system-out/>
  <testcase classname="com.jack.task.Kramerlevin" name="run" time="9.791"/>
  <system-out/>
  <testcase classname="com.jack.task.Kramerlevin" name="run" time="43.996"/>
  <system-out/>
  <testcase classname="com.jack.task.Kramerlevin" name="run" time="19.111"/>
  <system-out/>
  <testcase classname="com.jack.task.Kramerlevin" name="run" time="16.751"/>
  <system-out/>
  <testcase classname="com.jack.task.Kramerlevin" name="run" time="32.826"/>
  <system-out/>
  <testcase classname="com.jack.task.Kramerlevin" name="run" time="9.655"/>
  <system-out/>
  <testcase classname="com.jack.task.Kramerlevin" name="run" time="9.388"/>
  <system-out/>
  <testcase classname="com.jack.task.Kramerlevin" name="run" time="10.043"/>
  <system-out/>
  <testcase classname="com.jack.task.Kramerlevin" name="run" time="25.247"/>
  <system-out/>
  <testcase classname="com.jack.task.Kramerlevin" name="run" time="23.127"/>
  <system-out/>
  <testcase classname="com.jack.task.Kramerlevin" name="run" time="19.967"/>
  <system-out/>
  <testcase classname="com.jack.task.Kramerlevin" name="run" time="9.008"/>
  <system-out/>
  <testcase classname="com.jack.task.Kramerlevin" name="run" time="17.053"/>
  <system-out/>
  <testcase classname="com.jack.task.Kramerlevin" name="run" time="19.616"/>
  <system-out/>
  <testcase classname="com.jack.task.Kramerlevin" name="run" time="32.470"/>
  <system-out/>
  <testcase classname="com.jack.task.Kramerlevin" name="run" time="8.324"/>
  <system-out/>
  <testcase classname="com.jack.task.Kramerlevin" name="run" time="68.753"/>
  <system-out/>
  <testcase classname="com.jack.task.Kramerlevin" name="run" time="38.781"/>
  <system-out/>
  <testcase classname="com.jack.task.Kramerlevin" name="run" time="26.998"/>
  <system-out/>
  <testcase classname="com.jack.task.Kramerlevin" name="run" time="34.091"/>
  <system-out/>
  <testcase classname="com.jack.task.Kramerlevin" name="run" time="34.773"/>
  <system-out/>
  <testcase classname="com.jack.task.Kramerlevin" name="run" time="14.757"/>
  <system-out/>
  <testcase classname="com.jack.task.Kramerlevin" name="run" time="15.318"/>
  <system-out/>
  <testcase classname="com.jack.task.Kramerlevin" name="run" time="22.701"/>
  <system-out/>
  <testcase classname="com.jack.task.Kramerlevin" name="run" time="33.530"/>
  <system-out/>
  <testcase classname="com.jack.task.Kramerlevin" name="run" time="47.012"/>
  <system-out/>
  <testcase classname="com.jack.task.Kramerlevin" name="run" time="17.942"/>
  <system-out/>
  <testcase classname="com.jack.task.Kramerlevin" name="run" time="24.157"/>
  <system-out/>
  <testcase classname="com.jack.task.Kramerlevin" name="run" time="89.046"/>
  <system-out/>
  <testcase classname="com.jack.task.Kramerlevin" name="run" time="30.569"/>
  <system-out/>
  <testcase classname="com.jack.task.Kramerlevin" name="run" time="6.825"/>
  <system-out/>
  <testcase classname="com.jack.task.Kramerlevin" name="run" time="25.669"/>
  <system-out/>
  <testcase classname="com.jack.task.Kramerlevin" name="run" time="7.368"/>
  <system-out/>
  <testcase classname="com.jack.task.Kramerlevin" name="run" time="26.409"/>
  <system-out/>
  <testcase classname="com.jack.task.Kramerlevin" name="run" time="9.277"/>
  <system-out/>
  <testcase classname="com.jack.task.Kramerlevin" name="run" time="19.738"/>
  <system-out/>
  <testcase classname="com.jack.task.Kramerlevin" name="run" time="15.526"/>
  <system-out/>
  <testcase classname="com.jack.task.Kramerlevin" name="run" time="8.072"/>
  <system-out/>
  <testcase classname="com.jack.task.Kramerlevin" name="run" time="33.139"/>
  <system-out/>
  <testcase classname="com.jack.task.Kramerlevin" name="run" time="37.656"/>
  <system-out/>
  <testcase classname="com.jack.task.Kramerlevin" name="run" time="26.480"/>
  <system-out/>
  <testcase classname="com.jack.task.Kramerlevin" name="run" time="16.763"/>
  <system-out/>
  <testcase classname="com.jack.task.Kramerlevin" name="run" time="15.140"/>
  <system-out/>
  <testcase classname="com.jack.task.Kramerlevin" name="run" time="19.360"/>
  <system-out/>
  <testcase classname="com.jack.task.Kramerlevin" name="run" time="10.617"/>
  <system-out/>
  <testcase classname="com.jack.task.Kramerlevin" name="run" time="11.863"/>
  <system-out/>
  <testcase classname="com.jack.task.Kramerlevin" name="run" time="11.999"/>
  <system-out/>
  <testcase classname="com.jack.task.Kramerlevin" name="run" time="15.487"/>
  <system-out/>
  <testcase classname="com.jack.task.Kramerlevin" name="run" time="9.927"/>
  <system-out/>
  <testcase classname="com.jack.task.Kramerlevin" name="run" time="8.227"/>
  <system-out/>
  <testcase classname="com.jack.task.Kramerlevin" name="run" time="24.180"/>
  <system-out/>
  <testcase classname="com.jack.task.Kramerlevin" name="run" time="9.225"/>
  <system-out/>
  <testcase classname="com.jack.task.Kramerlevin" name="run" time="17.254"/>
  <system-out/>
  <testcase classname="com.jack.task.Kramerlevin" name="run" time="19.476"/>
  <system-out/>
  <testcase classname="com.jack.task.Kramerlevin" name="run" time="20.871"/>
  <system-out/>
  <testcase classname="com.jack.task.Kramerlevin" name="run" time="34.950"/>
  <system-out/>
  <testcase classname="com.jack.task.Kramerlevin" name="run" time="24.905"/>
  <system-out/>
  <testcase classname="com.jack.task.Kramerlevin" name="run" time="13.918"/>
  <system-out/>
  <testcase classname="com.jack.task.Kramerlevin" name="run" time="17.065"/>
  <system-out/>
  <testcase classname="com.jack.task.Kramerlevin" name="run" time="8.903"/>
  <system-out/>
  <testcase classname="com.jack.task.Kramerlevin" name="run" time="12.325"/>
  <system-out/>
  <testcase classname="com.jack.task.Kramerlevin" name="run" time="5.713"/>
  <system-out/>
  <testcase classname="com.jack.task.Kramerlevin" name="run" time="20.153"/>
  <system-out/>
  <testcase classname="com.jack.task.Kramerlevin" name="run" time="12.596"/>
  <system-out/>
  <testcase classname="com.jack.task.Kramerlevin" name="run" time="13.833"/>
  <system-out/>
  <testcase classname="com.jack.task.Kramerlevin" name="run" time="34.877"/>
  <system-out/>
  <testcase classname="com.jack.task.Kramerlevin" name="run" time="15.012"/>
  <system-out/>
  <testcase classname="com.jack.task.Kramerlevin" name="run" time="18.245"/>
  <system-out/>
  <testcase classname="com.jack.task.Kramerlevin" name="run" time="10.194"/>
  <system-out/>
  <testcase classname="com.jack.task.Kramerlevin" name="run" time="28.671"/>
  <system-out/>
  <testcase classname="com.jack.task.Kramerlevin" name="run" time="12.420"/>
  <system-out/>
  <testcase classname="com.jack.task.Kramerlevin" name="run" time="8.055"/>
  <system-out/>
  <testcase classname="com.jack.task.Kramerlevin" name="run" time="10.596"/>
  <system-out/>
  <testcase classname="com.jack.task.Kramerlevin" name="run" time="8.664"/>
  <system-out/>
  <testcase classname="com.jack.task.Kramerlevin" name="run" time="29.088"/>
  <system-out/>
  <testcase classname="com.jack.task.Kramerlevin" name="run" time="17.068"/>
  <system-out/>
  <testcase classname="com.jack.task.Kramerlevin" name="run" time="7.370"/>
  <system-out/>
  <testcase classname="com.jack.task.Kramerlevin" name="run" time="11.696"/>
  <system-out/>
  <testcase classname="com.jack.task.Kramerlevin" name="run" time="23.245"/>
  <system-out/>
  <testcase classname="com.jack.task.Kramerlevin" name="run" time="26.689"/>
  <system-out/>
  <testcase classname="com.jack.task.Kramerlevin" name="run" time="28.950"/>
  <system-out/>
  <testcase classname="com.jack.task.Kramerlevin" name="run" time="7.276"/>
  <system-out/>
  <testcase classname="com.jack.task.Kramerlevin" name="run" time="10.715"/>
  <system-out/>
  <testcase classname="com.jack.task.Kramerlevin" name="run" time="29.741"/>
  <system-out/>
  <testcase classname="com.jack.task.Kramerlevin" name="run" time="7.441"/>
  <system-out/>
  <testcase classname="com.jack.task.Kramerlevin" name="run" time="6.966"/>
  <system-out/>
  <testcase classname="com.jack.task.Kramerlevin" name="run" time="18.485"/>
  <system-out/>
  <testcase classname="com.jack.task.Kramerlevin" name="run" time="40.106"/>
  <system-out/>
  <testcase classname="com.jack.task.Kramerlevin" name="run" time="8.949"/>
  <system-out/>
  <testcase classname="com.jack.task.Kramerlevin" name="run" time="23.952"/>
  <system-out/>
  <testcase classname="com.jack.task.Kramerlevin" name="run" time="36.242"/>
  <system-out/>
  <testcase classname="com.jack.task.Kramerlevin" name="run" time="20.222"/>
  <system-out/>
  <testcase classname="com.jack.task.Kramerlevin" name="run" time="16.803"/>
  <system-out/>
  <testcase classname="com.jack.task.Kramerlevin" name="run" time="39.382"/>
  <system-out/>
  <testcase classname="com.jack.task.Kramerlevin" name="run" time="11.356"/>
  <system-out/>
  <testcase classname="com.jack.task.Kramerlevin" name="run" time="20.012"/>
  <system-out/>
  <testcase classname="com.jack.task.Kramerlevin" name="run" time="13.994"/>
  <system-out/>
  <testcase classname="com.jack.task.Kramerlevin" name="run" time="6.586"/>
  <system-out/>
  <testcase classname="com.jack.task.Kramerlevin" name="run" time="29.645"/>
  <system-out/>
  <testcase classname="com.jack.task.Kramerlevin" name="run" time="27.820"/>
  <system-out/>
  <testcase classname="com.jack.task.Kramerlevin" name="run" time="7.260"/>
  <system-out/>
  <testcase classname="com.jack.task.Kramerlevin" name="run" time="9.061"/>
  <system-out/>
  <testcase classname="com.jack.task.Kramerlevin" name="run" time="8.393"/>
  <system-out/>
  <testcase classname="com.jack.task.Kramerlevin" name="run" time="23.198"/>
  <system-out/>
  <testcase classname="com.jack.task.Kramerlevin" name="run" time="61.048"/>
  <system-out/>
  <testcase classname="com.jack.task.Kramerlevin" name="run" time="10.237"/>
  <system-out/>
  <testcase classname="com.jack.task.Kramerlevin" name="run" time="11.834"/>
  <system-out/>
  <testcase classname="com.jack.task.Kramerlevin" name="run" time="9.375"/>
  <system-out/>
  <testcase classname="com.jack.task.Kramerlevin" name="run" time="38.955"/>
  <system-out/>
  <testcase classname="com.jack.task.Kramerlevin" name="run" time="11.199"/>
  <system-out/>
  <testcase classname="com.jack.task.Kramerlevin" name="run" time="7.502"/>
  <system-out/>
  <testcase classname="com.jack.task.Kramerlevin" name="run" time="33.787"/>
  <system-out/>
  <testcase classname="com.jack.task.Kramerlevin" name="run" time="33.266"/>
  <system-out/>
  <testcase classname="com.jack.task.Kramerlevin" name="run" time="24.351"/>
  <system-out/>
  <testcase classname="com.jack.task.Kramerlevin" name="run" time="10.267"/>
  <system-out/>
  <testcase classname="com.jack.task.Kramerlevin" name="run" time="5.889"/>
  <system-out/>
  <testcase classname="com.jack.task.Kramerlevin" name="run" time="15.380"/>
  <system-out/>
  <testcase classname="com.jack.task.Kramerlevin" name="run" time="18.067"/>
  <system-out/>
  <testcase classname="com.jack.task.Kramerlevin" name="run" time="7.919"/>
  <system-out/>
  <testcase classname="com.jack.task.Kramerlevin" name="run" time="10.968"/>
  <system-out/>
  <testcase classname="com.jack.task.Kramerlevin" name="run" time="22.302"/>
  <system-out/>
  <testcase classname="com.jack.task.Kramerlevin" name="run" time="10.644"/>
  <system-out/>
  <testcase classname="com.jack.task.Kramerlevin" name="run" time="11.769"/>
  <system-out/>
  <testcase classname="com.jack.task.Kramerlevin" name="run" time="18.733"/>
  <system-out/>
  <testcase classname="com.jack.task.Kramerlevin" name="run" time="41.714"/>
  <system-out/>
  <testcase classname="com.jack.task.Kramerlevin" name="run" time="12.965"/>
  <system-out/>
  <testcase classname="com.jack.task.Kramerlevin" name="run" time="30.065"/>
  <system-out/>
  <testcase classname="com.jack.task.Kramerlevin" name="run" time="7.574"/>
  <system-out/>
  <testcase classname="com.jack.task.Kramerlevin" name="run" time="30.378"/>
  <system-out/>
  <testcase classname="com.jack.task.Kramerlevin" name="run" time="8.025"/>
  <system-out/>
  <testcase classname="com.jack.task.Kramerlevin" name="run" time="19.585"/>
  <system-out/>
  <testcase classname="com.jack.task.Kramerlevin" name="run" time="43.712"/>
  <system-out/>
  <testcase classname="com.jack.task.Kramerlevin" name="run" time="10.580"/>
  <system-out/>
  <testcase classname="com.jack.task.Kramerlevin" name="run" time="19.919"/>
  <system-out/>
  <testcase classname="com.jack.task.Kramerlevin" name="run" time="13.828"/>
  <system-out/>
  <testcase classname="com.jack.task.Kramerlevin" name="run" time="15.621"/>
  <system-out/>
  <testcase classname="com.jack.task.Kramerlevin" name="run" time="9.556"/>
  <system-out/>
  <testcase classname="com.jack.task.Kramerlevin" name="run" time="10.762"/>
  <system-out/>
  <testcase classname="com.jack.task.Kramerlevin" name="run" time="13.763"/>
  <system-out/>
  <testcase classname="com.jack.task.Kramerlevin" name="run" time="12.541"/>
  <system-out/>
  <testcase classname="com.jack.task.Kramerlevin" name="run" time="20.286"/>
  <system-out/>
  <testcase classname="com.jack.task.Kramerlevin" name="run" time="25.344"/>
  <system-out/>
  <testcase classname="com.jack.task.Kramerlevin" name="run" time="10.425"/>
  <system-out/>
  <testcase classname="com.jack.task.Kramerlevin" name="run" time="13.290"/>
  <system-out/>
  <testcase classname="com.jack.task.Kramerlevin" name="run" time="17.331"/>
  <system-out/>
  <testcase classname="com.jack.task.Kramerlevin" name="run" time="7.346"/>
  <system-out/>
  <testcase classname="com.jack.task.Kramerlevin" name="run" time="13.962"/>
  <system-out/>
  <testcase classname="com.jack.task.Kramerlevin" name="run" time="15.733"/>
  <system-out/>
  <testcase classname="com.jack.task.Kramerlevin" name="run" time="19.411"/>
  <system-out/>
  <testcase classname="com.jack.task.Kramerlevin" name="run" time="11.987"/>
  <system-out/>
  <testcase classname="com.jack.task.Kramerlevin" name="run" time="13.781"/>
  <system-out/>
  <testcase classname="com.jack.task.Kramerlevin" name="run" time="11.140"/>
  <system-out/>
  <testcase classname="com.jack.task.Kramerlevin" name="run" time="23.732"/>
  <system-out/>
  <testcase classname="com.jack.task.Kramerlevin" name="run" time="10.992"/>
  <system-out/>
  <testcase classname="com.jack.task.Kramerlevin" name="run" time="26.809"/>
  <system-out/>
  <testcase classname="com.jack.task.Kramerlevin" name="run" time="8.428"/>
  <system-out/>
  <testcase classname="com.jack.task.Kramerlevin" name="run" time="10.440"/>
  <system-out/>
  <testcase classname="com.jack.task.Kramerlevin" name="run" time="16.891"/>
  <system-out/>
  <testcase classname="com.jack.task.Kramerlevin" name="run" time="29.430"/>
  <system-out/>
  <testcase classname="com.jack.task.Kramerlevin" name="run" time="26.644"/>
  <system-out/>
  <testcase classname="com.jack.task.Kramerlevin" name="run" time="22.269"/>
  <system-out/>
  <testcase classname="com.jack.task.Kramerlevin" name="run" time="11.435"/>
  <system-out/>
  <testcase classname="com.jack.task.Kramerlevin" name="run" time="36.503"/>
  <system-out/>
  <testcase classname="com.jack.task.Kramerlevin" name="run" time="15.009"/>
  <system-out/>
  <testcase classname="com.jack.task.Kramerlevin" name="run" time="8.861"/>
  <system-out/>
  <testcase classname="com.jack.task.Kramerlevin" name="run" time="27.251"/>
  <system-out/>
  <testcase classname="com.jack.task.Kramerlevin" name="run" time="40.615"/>
  <system-out/>
  <testcase classname="com.jack.task.Kramerlevin" name="run" time="9.796"/>
  <system-out/>
  <testcase classname="com.jack.task.Kramerlevin" name="run" time="9.377"/>
  <system-out/>
  <testcase classname="com.jack.task.Kramerlevin" name="run" time="53.181"/>
  <system-out/>
  <testcase classname="com.jack.task.Kramerlevin" name="run" time="47.134"/>
  <system-out/>
  <testcase classname="com.jack.task.Kramerlevin" name="run" time="27.060"/>
  <system-out/>
  <testcase classname="com.jack.task.Kramerlevin" name="run" time="27.132"/>
  <system-out/>
  <testcase classname="com.jack.task.Kramerlevin" name="run" time="7.165"/>
  <system-out/>
  <testcase classname="com.jack.task.Kramerlevin" name="run" time="25.231"/>
  <system-out/>
  <testcase classname="com.jack.task.Kramerlevin" name="run" time="18.500"/>
  <system-out/>
  <testcase classname="com.jack.task.Kramerlevin" name="run" time="21.057"/>
  <system-out/>
  <testcase classname="com.jack.task.Kramerlevin" name="run" time="14.720"/>
  <system-out/>
  <testcase classname="com.jack.task.Kramerlevin" name="run" time="11.127"/>
  <system-out/>
  <testcase classname="com.jack.task.Kramerlevin" name="run" time="19.752"/>
  <system-out/>
  <testcase classname="com.jack.task.Kramerlevin" name="run" time="9.389"/>
  <system-out/>
  <testcase classname="com.jack.task.Kramerlevin" name="run" time="8.170"/>
  <system-out/>
  <testcase classname="com.jack.task.Kramerlevin" name="run" time="11.576"/>
  <system-out/>
  <testcase classname="com.jack.task.Kramerlevin" name="run" time="14.186"/>
  <system-out/>
  <testcase classname="com.jack.task.Kramerlevin" name="run" time="30.170"/>
  <system-out/>
  <testcase classname="com.jack.task.Kramerlevin" name="run" time="28.753"/>
  <system-out/>
  <testcase classname="com.jack.task.Kramerlevin" name="run" time="17.642"/>
  <system-out/>
  <testcase classname="com.jack.task.Kramerlevin" name="run" time="27.838"/>
  <system-out/>
  <testcase classname="com.jack.task.Kramerlevin" name="run" time="26.157"/>
  <system-out/>
  <testcase classname="com.jack.task.Kramerlevin" name="run" time="86.784"/>
  <system-out/>
  <testcase classname="com.jack.task.Kramerlevin" name="run" time="10.112"/>
  <system-out/>
  <testcase classname="com.jack.task.Kramerlevin" name="run" time="13.517"/>
  <system-out/>
  <testcase classname="com.jack.task.Kramerlevin" name="run" time="7.373"/>
  <system-out/>
  <testcase classname="com.jack.task.Kramerlevin" name="run" time="5.560"/>
  <system-out/>
  <testcase classname="com.jack.task.Kramerlevin" name="run" time="30.098"/>
  <system-out/>
  <testcase classname="com.jack.task.Kramerlevin" name="run" time="18.984"/>
  <system-out/>
  <testcase classname="com.jack.task.Kramerlevin" name="run" time="39.975"/>
  <system-out/>
  <testcase classname="com.jack.task.Kramerlevin" name="run" time="33.777"/>
  <system-out/>
  <testcase classname="com.jack.task.Kramerlevin" name="run" time="8.147"/>
  <system-out/>
  <testcase classname="com.jack.task.Kramerlevin" name="run" time="21.381"/>
  <system-out/>
  <testcase classname="com.jack.task.Kramerlevin" name="run" time="10.245"/>
  <system-out/>
  <testcase classname="com.jack.task.Kramerlevin" name="run" time="17.130"/>
  <system-out/>
  <testcase classname="com.jack.task.Kramerlevin" name="run" time="21.383"/>
  <system-out/>
  <testcase classname="com.jack.task.Kramerlevin" name="run" time="37.840"/>
  <system-out/>
  <testcase classname="com.jack.task.Kramerlevin" name="run" time="10.316"/>
  <system-out/>
  <testcase classname="com.jack.task.Kramerlevin" name="run" time="7.801"/>
  <system-out/>
  <testcase classname="com.jack.task.Kramerlevin" name="run" time="17.502"/>
  <system-out/>
  <testcase classname="com.jack.task.Kramerlevin" name="run" time="27.862"/>
  <system-out/>
  <testcase classname="com.jack.task.Kramerlevin" name="run" time="20.716"/>
  <system-out/>
  <testcase classname="com.jack.task.Kramerlevin" name="run" time="31.892"/>
  <system-out/>
  <testcase classname="com.jack.task.Kramerlevin" name="run" time="25.396"/>
  <system-out/>
  <testcase classname="com.jack.task.Kramerlevin" name="run" time="29.846"/>
  <system-out/>
  <testcase classname="com.jack.task.Kramerlevin" name="run" time="17.793"/>
  <system-out/>
  <testcase classname="com.jack.task.Kramerlevin" name="run" time="15.127"/>
  <system-out/>
  <testcase classname="com.jack.task.Kramerlevin" name="run" time="52.909"/>
  <system-out/>
</testsuite> <!-- com.jack.task.Kramerlevin -->
