<?xml version="1.0" encoding="UTF-8"?>
<!-- Generated by org.testng.reporters.JUnitReportReporter -->
<testsuite hostname="DESKTOP-89RDKF8" failures="0" tests="869" name="com.jack.task.Cozen" time="3453.866" errors="4" timestamp="2023-01-15T04:11:20 BDT" skipped="0">
  <testcase classname="com.jack.task.Cozen" name="run" time="3.766"/>
  <system-out/>
  <testcase classname="com.jack.task.Cozen" name="run" time="2.298"/>
  <system-out/>
  <testcase classname="com.jack.task.Cozen" name="run" time="5.506"/>
  <system-out/>
  <testcase classname="com.jack.task.Cozen" name="run" time="3.718"/>
  <system-out/>
  <testcase classname="com.jack.task.Cozen" name="run" time="1.921"/>
  <system-out/>
  <testcase classname="com.jack.task.Cozen" name="run" time="3.918"/>
  <system-out/>
  <testcase classname="com.jack.task.Cozen" name="run" time="2.857"/>
  <system-out/>
  <testcase classname="com.jack.task.Cozen" name="run" time="4.330"/>
  <system-out/>
  <testcase classname="com.jack.task.Cozen" name="run" time="3.982"/>
  <system-out/>
  <testcase classname="com.jack.task.Cozen" name="run" time="5.870"/>
  <system-out/>
  <testcase classname="com.jack.task.Cozen" name="run" time="2.873"/>
  <system-out/>
  <testcase classname="com.jack.task.Cozen" name="run" time="4.065"/>
  <system-out/>
  <testcase classname="com.jack.task.Cozen" name="run" time="2.401"/>
  <system-out/>
  <testcase classname="com.jack.task.Cozen" name="run" time="31.769">
    <error message="Expected condition failed: waiting for visibility of element located by By.xpath: //div[@class=&#039;bioinfo&#039;]/h1 (tried for 30 second(s) with 500 milliseconds interval)
Build info: version: &#039;4.7.0&#039;, revision: &#039;0a5b49d16f&#039;
System info: os.name: &#039;Windows 10&#039;, os.arch: &#039;amd64&#039;, os.version: &#039;10.0&#039;, java.version: &#039;11.0.16.1&#039;
Driver info: org.openqa.selenium.chrome.ChromeDriver
Capabilities {acceptInsecureCerts: false, browserName: chrome, browserVersion: 108.0.5359.126, chrome: {chromedriverVersion: 108.0.5359.22 (ec46c90f5938...}, goog:chromeOptions: {debuggerAddress: localhost:8050}, pageLoadStrategy: normal, platformName: ANY, proxy: Proxy(), se:cdp: ws://localhost:8050/devtool..., se:cdpVersion: 108.0.5359.126, setWindowRect: false, strictFileInteractability: false, timeouts: {implicit: 0, pageLoad: 300000, script: 30000}, unhandledPromptBehavior: dismiss and notify, webauthn:extension:credBlob: true, webauthn:extension:largeBlob: true, webauthn:virtualAuthenticators: true}
Session ID: 7754aa5e7512268f244f7649caf029e7" type="org.openqa.selenium.TimeoutException">
      <![CDATA[org.openqa.selenium.TimeoutException: Expected condition failed: waiting for visibility of element located by By.xpath: //div[@class='bioinfo']/h1 (tried for 30 second(s) with 500 milliseconds interval)
Build info: version: '4.7.0', revision: '0a5b49d16f'
System info: os.name: 'Windows 10', os.arch: 'amd64', os.version: '10.0', java.version: '11.0.16.1'
Driver info: org.openqa.selenium.chrome.ChromeDriver
Capabilities {acceptInsecureCerts: false, browserName: chrome, browserVersion: 108.0.5359.126, chrome: {chromedriverVersion: 108.0.5359.22 (ec46c90f5938...}, goog:chromeOptions: {debuggerAddress: localhost:8050}, pageLoadStrategy: normal, platformName: ANY, proxy: Proxy(), se:cdp: ws://localhost:8050/devtool..., se:cdpVersion: 108.0.5359.126, setWindowRect: false, strictFileInteractability: false, timeouts: {implicit: 0, pageLoad: 300000, script: 30000}, unhandledPromptBehavior: dismiss and notify, webauthn:extension:credBlob: true, webauthn:extension:largeBlob: true, webauthn:virtualAuthenticators: true}
Session ID: 7754aa5e7512268f244f7649caf029e7
at org.openqa.selenium.support.ui.WebDriverWait.timeoutException(WebDriverWait.java:87)
at org.openqa.selenium.support.ui.FluentWait.until(FluentWait.java:231)
at com.jack.task.Cozen.run(Cozen.java:64)
at jdk.internal.reflect.GeneratedMethodAccessor1.invoke(Unknown Source)
at java.base/jdk.internal.reflect.DelegatingMethodAccessorImpl.invoke(DelegatingMethodAccessorImpl.java:43)
at java.base/java.lang.reflect.Method.invoke(Method.java:566)
at org.testng.internal.invokers.MethodInvocationHelper.invokeMethod(MethodInvocationHelper.java:139)
at org.testng.internal.invokers.TestInvoker.invokeMethod(TestInvoker.java:677)
at org.testng.internal.invokers.TestInvoker.invokeTestMethod(TestInvoker.java:221)
at org.testng.internal.invokers.MethodRunner.runInSequence(MethodRunner.java:50)
at org.testng.internal.invokers.TestInvoker$MethodInvocationAgent.invoke(TestInvoker.java:962)
at org.testng.internal.invokers.TestInvoker.invokeTestMethods(TestInvoker.java:194)
at org.testng.internal.invokers.TestMethodWorker.invokeTestMethods(TestMethodWorker.java:148)
at org.testng.internal.invokers.TestMethodWorker.run(TestMethodWorker.java:128)
at java.base/java.util.ArrayList.forEach(ArrayList.java:1541)
at org.testng.TestRunner.privateRun(TestRunner.java:806)
at org.testng.TestRunner.run(TestRunner.java:601)
at org.testng.SuiteRunner.runTest(SuiteRunner.java:433)
at org.testng.SuiteRunner.runSequentially(SuiteRunner.java:427)
at org.testng.SuiteRunner.privateRun(SuiteRunner.java:387)
at org.testng.SuiteRunner.run(SuiteRunner.java:330)
at org.testng.SuiteRunnerWorker.runSuite(SuiteRunnerWorker.java:52)
at org.testng.SuiteRunnerWorker.run(SuiteRunnerWorker.java:95)
at org.testng.TestNG.runSuitesSequentially(TestNG.java:1256)
at org.testng.TestNG.runSuitesLocally(TestNG.java:1176)
at org.testng.TestNG.runSuites(TestNG.java:1099)
at org.testng.TestNG.run(TestNG.java:1067)
at org.testng.remote.AbstractRemoteTestNG.run(AbstractRemoteTestNG.java:115)
at org.testng.remote.RemoteTestNG.initAndRun(RemoteTestNG.java:251)
at org.testng.remote.RemoteTestNG.main(RemoteTestNG.java:77)
]]>
    </error>
  </testcase> <!-- run -->
  <system-out/>
  <testcase classname="com.jack.task.Cozen" name="run" time="4.605"/>
  <system-out/>
  <testcase classname="com.jack.task.Cozen" name="run" time="2.629"/>
  <system-out/>
  <testcase classname="com.jack.task.Cozen" name="run" time="4.685"/>
  <system-out/>
  <testcase classname="com.jack.task.Cozen" name="run" time="4.728"/>
  <system-out/>
  <testcase classname="com.jack.task.Cozen" name="run" time="4.709"/>
  <system-out/>
  <testcase classname="com.jack.task.Cozen" name="run" time="4.080"/>
  <system-out/>
  <testcase classname="com.jack.task.Cozen" name="run" time="6.096"/>
  <system-out/>
  <testcase classname="com.jack.task.Cozen" name="run" time="2.285"/>
  <system-out/>
  <testcase classname="com.jack.task.Cozen" name="run" time="2.904"/>
  <system-out/>
  <testcase classname="com.jack.task.Cozen" name="run" time="3.995"/>
  <system-out/>
  <testcase classname="com.jack.task.Cozen" name="run" time="3.274"/>
  <system-out/>
  <testcase classname="com.jack.task.Cozen" name="run" time="5.038"/>
  <system-out/>
  <testcase classname="com.jack.task.Cozen" name="run" time="4.496"/>
  <system-out/>
  <testcase classname="com.jack.task.Cozen" name="run" time="2.986"/>
  <system-out/>
  <testcase classname="com.jack.task.Cozen" name="run" time="3.683"/>
  <system-out/>
  <testcase classname="com.jack.task.Cozen" name="run" time="5.394"/>
  <system-out/>
  <testcase classname="com.jack.task.Cozen" name="run" time="5.203"/>
  <system-out/>
  <testcase classname="com.jack.task.Cozen" name="run" time="4.629"/>
  <system-out/>
  <testcase classname="com.jack.task.Cozen" name="run" time="5.020"/>
  <system-out/>
  <testcase classname="com.jack.task.Cozen" name="run" time="4.196"/>
  <system-out/>
  <testcase classname="com.jack.task.Cozen" name="run" time="5.959"/>
  <system-out/>
  <testcase classname="com.jack.task.Cozen" name="run" time="4.032"/>
  <system-out/>
  <testcase classname="com.jack.task.Cozen" name="run" time="5.358"/>
  <system-out/>
  <testcase classname="com.jack.task.Cozen" name="run" time="2.338"/>
  <system-out/>
  <testcase classname="com.jack.task.Cozen" name="run" time="2.880"/>
  <system-out/>
  <testcase classname="com.jack.task.Cozen" name="run" time="2.911"/>
  <system-out/>
  <testcase classname="com.jack.task.Cozen" name="run" time="3.687"/>
  <system-out/>
  <testcase classname="com.jack.task.Cozen" name="run" time="5.467"/>
  <system-out/>
  <testcase classname="com.jack.task.Cozen" name="run" time="2.663"/>
  <system-out/>
  <testcase classname="com.jack.task.Cozen" name="run" time="4.947"/>
  <system-out/>
  <testcase classname="com.jack.task.Cozen" name="run" time="2.141"/>
  <system-out/>
  <testcase classname="com.jack.task.Cozen" name="run" time="4.252"/>
  <system-out/>
  <testcase classname="com.jack.task.Cozen" name="run" time="4.667"/>
  <system-out/>
  <testcase classname="com.jack.task.Cozen" name="run" time="5.672"/>
  <system-out/>
  <testcase classname="com.jack.task.Cozen" name="run" time="3.636"/>
  <system-out/>
  <testcase classname="com.jack.task.Cozen" name="run" time="4.590"/>
  <system-out/>
  <testcase classname="com.jack.task.Cozen" name="run" time="2.356"/>
  <system-out/>
  <testcase classname="com.jack.task.Cozen" name="run" time="5.486"/>
  <system-out/>
  <testcase classname="com.jack.task.Cozen" name="run" time="4.403"/>
  <system-out/>
  <testcase classname="com.jack.task.Cozen" name="run" time="3.240"/>
  <system-out/>
  <testcase classname="com.jack.task.Cozen" name="run" time="2.765"/>
  <system-out/>
  <testcase classname="com.jack.task.Cozen" name="run" time="3.543"/>
  <system-out/>
  <testcase classname="com.jack.task.Cozen" name="run" time="2.353"/>
  <system-out/>
  <testcase classname="com.jack.task.Cozen" name="run" time="5.209"/>
  <system-out/>
  <testcase classname="com.jack.task.Cozen" name="run" time="2.774"/>
  <system-out/>
  <testcase classname="com.jack.task.Cozen" name="run" time="1.952"/>
  <system-out/>
  <testcase classname="com.jack.task.Cozen" name="run" time="4.380"/>
  <system-out/>
  <testcase classname="com.jack.task.Cozen" name="run" time="5.010"/>
  <system-out/>
  <testcase classname="com.jack.task.Cozen" name="run" time="2.845"/>
  <system-out/>
  <testcase classname="com.jack.task.Cozen" name="run" time="4.158"/>
  <system-out/>
  <testcase classname="com.jack.task.Cozen" name="run" time="4.851"/>
  <system-out/>
  <testcase classname="com.jack.task.Cozen" name="run" time="5.484"/>
  <system-out/>
  <testcase classname="com.jack.task.Cozen" name="run" time="5.132"/>
  <system-out/>
  <testcase classname="com.jack.task.Cozen" name="run" time="4.469"/>
  <system-out/>
  <testcase classname="com.jack.task.Cozen" name="run" time="2.871"/>
  <system-out/>
  <testcase classname="com.jack.task.Cozen" name="run" time="3.623"/>
  <system-out/>
  <testcase classname="com.jack.task.Cozen" name="run" time="4.511"/>
  <system-out/>
  <testcase classname="com.jack.task.Cozen" name="run" time="3.143"/>
  <system-out/>
  <testcase classname="com.jack.task.Cozen" name="run" time="3.292"/>
  <system-out/>
  <testcase classname="com.jack.task.Cozen" name="run" time="3.994"/>
  <system-out/>
  <testcase classname="com.jack.task.Cozen" name="run" time="4.290"/>
  <system-out/>
  <testcase classname="com.jack.task.Cozen" name="run" time="2.324"/>
  <system-out/>
  <testcase classname="com.jack.task.Cozen" name="run" time="3.944"/>
  <system-out/>
  <testcase classname="com.jack.task.Cozen" name="run" time="5.745"/>
  <system-out/>
  <testcase classname="com.jack.task.Cozen" name="run" time="5.533"/>
  <system-out/>
  <testcase classname="com.jack.task.Cozen" name="run" time="3.047"/>
  <system-out/>
  <testcase classname="com.jack.task.Cozen" name="run" time="2.148"/>
  <system-out/>
  <testcase classname="com.jack.task.Cozen" name="run" time="3.490"/>
  <system-out/>
  <testcase classname="com.jack.task.Cozen" name="run" time="1.978"/>
  <system-out/>
  <testcase classname="com.jack.task.Cozen" name="run" time="4.030"/>
  <system-out/>
  <testcase classname="com.jack.task.Cozen" name="run" time="3.010"/>
  <system-out/>
  <testcase classname="com.jack.task.Cozen" name="run" time="5.478"/>
  <system-out/>
  <testcase classname="com.jack.task.Cozen" name="run" time="2.817"/>
  <system-out/>
  <testcase classname="com.jack.task.Cozen" name="run" time="2.461"/>
  <system-out/>
  <testcase classname="com.jack.task.Cozen" name="run" time="4.637"/>
  <system-out/>
  <testcase classname="com.jack.task.Cozen" name="run" time="4.629"/>
  <system-out/>
  <testcase classname="com.jack.task.Cozen" name="run" time="4.117"/>
  <system-out/>
  <testcase classname="com.jack.task.Cozen" name="run" time="5.805"/>
  <system-out/>
  <testcase classname="com.jack.task.Cozen" name="run" time="4.510"/>
  <system-out/>
  <testcase classname="com.jack.task.Cozen" name="run" time="2.863"/>
  <system-out/>
  <testcase classname="com.jack.task.Cozen" name="run" time="3.624"/>
  <system-out/>
  <testcase classname="com.jack.task.Cozen" name="run" time="2.589"/>
  <system-out/>
  <testcase classname="com.jack.task.Cozen" name="run" time="3.726"/>
  <system-out/>
  <testcase classname="com.jack.task.Cozen" name="run" time="4.894"/>
  <system-out/>
  <testcase classname="com.jack.task.Cozen" name="run" time="4.201"/>
  <system-out/>
  <testcase classname="com.jack.task.Cozen" name="run" time="4.208"/>
  <system-out/>
  <testcase classname="com.jack.task.Cozen" name="run" time="2.602"/>
  <system-out/>
  <testcase classname="com.jack.task.Cozen" name="run" time="3.573"/>
  <system-out/>
  <testcase classname="com.jack.task.Cozen" name="run" time="3.772"/>
  <system-out/>
  <testcase classname="com.jack.task.Cozen" name="run" time="4.983"/>
  <system-out/>
  <testcase classname="com.jack.task.Cozen" name="run" time="2.301"/>
  <system-out/>
  <testcase classname="com.jack.task.Cozen" name="run" time="4.644"/>
  <system-out/>
  <testcase classname="com.jack.task.Cozen" name="run" time="3.883"/>
  <system-out/>
  <testcase classname="com.jack.task.Cozen" name="run" time="3.796"/>
  <system-out/>
  <testcase classname="com.jack.task.Cozen" name="run" time="5.303"/>
  <system-out/>
  <testcase classname="com.jack.task.Cozen" name="run" time="3.444"/>
  <system-out/>
  <testcase classname="com.jack.task.Cozen" name="run" time="4.239"/>
  <system-out/>
  <testcase classname="com.jack.task.Cozen" name="run" time="4.902"/>
  <system-out/>
  <testcase classname="com.jack.task.Cozen" name="run" time="4.905"/>
  <system-out/>
  <testcase classname="com.jack.task.Cozen" name="run" time="4.489"/>
  <system-out/>
  <testcase classname="com.jack.task.Cozen" name="run" time="3.876"/>
  <system-out/>
  <testcase classname="com.jack.task.Cozen" name="run" time="4.233"/>
  <system-out/>
  <testcase classname="com.jack.task.Cozen" name="run" time="3.837"/>
  <system-out/>
  <testcase classname="com.jack.task.Cozen" name="run" time="3.141"/>
  <system-out/>
  <testcase classname="com.jack.task.Cozen" name="run" time="2.287"/>
  <system-out/>
  <testcase classname="com.jack.task.Cozen" name="run" time="2.314"/>
  <system-out/>
  <testcase classname="com.jack.task.Cozen" name="run" time="4.309"/>
  <system-out/>
  <testcase classname="com.jack.task.Cozen" name="run" time="4.185"/>
  <system-out/>
  <testcase classname="com.jack.task.Cozen" name="run" time="2.104"/>
  <system-out/>
  <testcase classname="com.jack.task.Cozen" name="run" time="2.745"/>
  <system-out/>
  <testcase classname="com.jack.task.Cozen" name="run" time="4.725"/>
  <system-out/>
  <testcase classname="com.jack.task.Cozen" name="run" time="3.443"/>
  <system-out/>
  <testcase classname="com.jack.task.Cozen" name="run" time="4.786"/>
  <system-out/>
  <testcase classname="com.jack.task.Cozen" name="run" time="4.296"/>
  <system-out/>
  <testcase classname="com.jack.task.Cozen" name="run" time="2.139"/>
  <system-out/>
  <testcase classname="com.jack.task.Cozen" name="run" time="2.564"/>
  <system-out/>
  <testcase classname="com.jack.task.Cozen" name="run" time="3.951"/>
  <system-out/>
  <testcase classname="com.jack.task.Cozen" name="run" time="2.983"/>
  <system-out/>
  <testcase classname="com.jack.task.Cozen" name="run" time="2.329"/>
  <system-out/>
  <testcase classname="com.jack.task.Cozen" name="run" time="2.093"/>
  <system-out/>
  <testcase classname="com.jack.task.Cozen" name="run" time="3.762"/>
  <system-out/>
  <testcase classname="com.jack.task.Cozen" name="run" time="2.497"/>
  <system-out/>
  <testcase classname="com.jack.task.Cozen" name="run" time="3.770"/>
  <system-out/>
  <testcase classname="com.jack.task.Cozen" name="run" time="2.448"/>
  <system-out/>
  <testcase classname="com.jack.task.Cozen" name="run" time="1.729"/>
  <system-out/>
  <testcase classname="com.jack.task.Cozen" name="run" time="5.016"/>
  <system-out/>
  <testcase classname="com.jack.task.Cozen" name="run" time="2.220"/>
  <system-out/>
  <testcase classname="com.jack.task.Cozen" name="run" time="3.928"/>
  <system-out/>
  <testcase classname="com.jack.task.Cozen" name="run" time="5.593"/>
  <system-out/>
  <testcase classname="com.jack.task.Cozen" name="run" time="3.371"/>
  <system-out/>
  <testcase classname="com.jack.task.Cozen" name="run" time="3.593"/>
  <system-out/>
  <testcase classname="com.jack.task.Cozen" name="run" time="4.766"/>
  <system-out/>
  <testcase classname="com.jack.task.Cozen" name="run" time="4.012"/>
  <system-out/>
  <testcase classname="com.jack.task.Cozen" name="run" time="4.211"/>
  <system-out/>
  <testcase classname="com.jack.task.Cozen" name="run" time="5.055"/>
  <system-out/>
  <testcase classname="com.jack.task.Cozen" name="run" time="4.516"/>
  <system-out/>
  <testcase classname="com.jack.task.Cozen" name="run" time="4.168"/>
  <system-out/>
  <testcase classname="com.jack.task.Cozen" name="run" time="4.551"/>
  <system-out/>
  <testcase classname="com.jack.task.Cozen" name="run" time="2.040"/>
  <system-out/>
  <testcase classname="com.jack.task.Cozen" name="run" time="6.088"/>
  <system-out/>
  <testcase classname="com.jack.task.Cozen" name="run" time="5.356"/>
  <system-out/>
  <testcase classname="com.jack.task.Cozen" name="run" time="4.758"/>
  <system-out/>
  <testcase classname="com.jack.task.Cozen" name="run" time="6.051"/>
  <system-out/>
  <testcase classname="com.jack.task.Cozen" name="run" time="5.620"/>
  <system-out/>
  <testcase classname="com.jack.task.Cozen" name="run" time="2.367"/>
  <system-out/>
  <testcase classname="com.jack.task.Cozen" name="run" time="3.763"/>
  <system-out/>
  <testcase classname="com.jack.task.Cozen" name="run" time="5.021"/>
  <system-out/>
  <testcase classname="com.jack.task.Cozen" name="run" time="3.191"/>
  <system-out/>
  <testcase classname="com.jack.task.Cozen" name="run" time="6.363"/>
  <system-out/>
  <testcase classname="com.jack.task.Cozen" name="run" time="2.162"/>
  <system-out/>
  <testcase classname="com.jack.task.Cozen" name="run" time="2.630"/>
  <system-out/>
  <testcase classname="com.jack.task.Cozen" name="run" time="4.918"/>
  <system-out/>
  <testcase classname="com.jack.task.Cozen" name="run" time="4.971"/>
  <system-out/>
  <testcase classname="com.jack.task.Cozen" name="run" time="4.267"/>
  <system-out/>
  <testcase classname="com.jack.task.Cozen" name="run" time="4.349"/>
  <system-out/>
  <testcase classname="com.jack.task.Cozen" name="run" time="5.266"/>
  <system-out/>
  <testcase classname="com.jack.task.Cozen" name="run" time="3.383"/>
  <system-out/>
  <testcase classname="com.jack.task.Cozen" name="run" time="5.921"/>
  <system-out/>
  <testcase classname="com.jack.task.Cozen" name="run" time="4.583"/>
  <system-out/>
  <testcase classname="com.jack.task.Cozen" name="run" time="5.156"/>
  <system-out/>
  <testcase classname="com.jack.task.Cozen" name="run" time="4.770"/>
  <system-out/>
  <testcase classname="com.jack.task.Cozen" name="run" time="2.691"/>
  <system-out/>
  <testcase classname="com.jack.task.Cozen" name="run" time="3.898"/>
  <system-out/>
  <testcase classname="com.jack.task.Cozen" name="run" time="5.089"/>
  <system-out/>
  <testcase classname="com.jack.task.Cozen" name="run" time="3.246"/>
  <system-out/>
  <testcase classname="com.jack.task.Cozen" name="run" time="2.526"/>
  <system-out/>
  <testcase classname="com.jack.task.Cozen" name="run" time="4.847"/>
  <system-out/>
  <testcase classname="com.jack.task.Cozen" name="run" time="4.487"/>
  <system-out/>
  <testcase classname="com.jack.task.Cozen" name="run" time="2.950"/>
  <system-out/>
  <testcase classname="com.jack.task.Cozen" name="run" time="4.885"/>
  <system-out/>
  <testcase classname="com.jack.task.Cozen" name="run" time="1.936"/>
  <system-out/>
  <testcase classname="com.jack.task.Cozen" name="run" time="3.831"/>
  <system-out/>
  <testcase classname="com.jack.task.Cozen" name="run" time="4.214"/>
  <system-out/>
  <testcase classname="com.jack.task.Cozen" name="run" time="4.740"/>
  <system-out/>
  <testcase classname="com.jack.task.Cozen" name="run" time="2.125"/>
  <system-out/>
  <testcase classname="com.jack.task.Cozen" name="run" time="4.051"/>
  <system-out/>
  <testcase classname="com.jack.task.Cozen" name="run" time="5.656"/>
  <system-out/>
  <testcase classname="com.jack.task.Cozen" name="run" time="5.721"/>
  <system-out/>
  <testcase classname="com.jack.task.Cozen" name="run" time="4.734"/>
  <system-out/>
  <testcase classname="com.jack.task.Cozen" name="run" time="4.571"/>
  <system-out/>
  <testcase classname="com.jack.task.Cozen" name="run" time="3.688"/>
  <system-out/>
  <testcase classname="com.jack.task.Cozen" name="run" time="2.748"/>
  <system-out/>
  <testcase classname="com.jack.task.Cozen" name="run" time="4.949"/>
  <system-out/>
  <testcase classname="com.jack.task.Cozen" name="run" time="5.265"/>
  <system-out/>
  <testcase classname="com.jack.task.Cozen" name="run" time="2.867"/>
  <system-out/>
  <testcase classname="com.jack.task.Cozen" name="run" time="3.963"/>
  <system-out/>
  <testcase classname="com.jack.task.Cozen" name="run" time="2.210"/>
  <system-out/>
  <testcase classname="com.jack.task.Cozen" name="run" time="5.395"/>
  <system-out/>
  <testcase classname="com.jack.task.Cozen" name="run" time="4.375"/>
  <system-out/>
  <testcase classname="com.jack.task.Cozen" name="run" time="2.750"/>
  <system-out/>
  <testcase classname="com.jack.task.Cozen" name="run" time="3.761"/>
  <system-out/>
  <testcase classname="com.jack.task.Cozen" name="run" time="4.219"/>
  <system-out/>
  <testcase classname="com.jack.task.Cozen" name="run" time="4.915"/>
  <system-out/>
  <testcase classname="com.jack.task.Cozen" name="run" time="2.598"/>
  <system-out/>
  <testcase classname="com.jack.task.Cozen" name="run" time="4.279"/>
  <system-out/>
  <testcase classname="com.jack.task.Cozen" name="run" time="4.162"/>
  <system-out/>
  <testcase classname="com.jack.task.Cozen" name="run" time="2.711"/>
  <system-out/>
  <testcase classname="com.jack.task.Cozen" name="run" time="4.060"/>
  <system-out/>
  <testcase classname="com.jack.task.Cozen" name="run" time="3.531"/>
  <system-out/>
  <testcase classname="com.jack.task.Cozen" name="run" time="5.410"/>
  <system-out/>
  <testcase classname="com.jack.task.Cozen" name="run" time="2.271"/>
  <system-out/>
  <testcase classname="com.jack.task.Cozen" name="run" time="4.417"/>
  <system-out/>
  <testcase classname="com.jack.task.Cozen" name="run" time="3.387"/>
  <system-out/>
  <testcase classname="com.jack.task.Cozen" name="run" time="4.991"/>
  <system-out/>
  <testcase classname="com.jack.task.Cozen" name="run" time="4.001"/>
  <system-out/>
  <testcase classname="com.jack.task.Cozen" name="run" time="2.710"/>
  <system-out/>
  <testcase classname="com.jack.task.Cozen" name="run" time="4.839"/>
  <system-out/>
  <testcase classname="com.jack.task.Cozen" name="run" time="2.921"/>
  <system-out/>
  <testcase classname="com.jack.task.Cozen" name="run" time="2.177"/>
  <system-out/>
  <testcase classname="com.jack.task.Cozen" name="run" time="4.261"/>
  <system-out/>
  <testcase classname="com.jack.task.Cozen" name="run" time="5.194"/>
  <system-out/>
  <testcase classname="com.jack.task.Cozen" name="run" time="2.339"/>
  <system-out/>
  <testcase classname="com.jack.task.Cozen" name="run" time="4.261"/>
  <system-out/>
  <testcase classname="com.jack.task.Cozen" name="run" time="4.139"/>
  <system-out/>
  <testcase classname="com.jack.task.Cozen" name="run" time="4.250"/>
  <system-out/>
  <testcase classname="com.jack.task.Cozen" name="run" time="3.463"/>
  <system-out/>
  <testcase classname="com.jack.task.Cozen" name="run" time="4.676"/>
  <system-out/>
  <testcase classname="com.jack.task.Cozen" name="run" time="4.414"/>
  <system-out/>
  <testcase classname="com.jack.task.Cozen" name="run" time="5.051"/>
  <system-out/>
  <testcase classname="com.jack.task.Cozen" name="run" time="2.488"/>
  <system-out/>
  <testcase classname="com.jack.task.Cozen" name="run" time="5.092"/>
  <system-out/>
  <testcase classname="com.jack.task.Cozen" name="run" time="3.694"/>
  <system-out/>
  <testcase classname="com.jack.task.Cozen" name="run" time="1.649"/>
  <system-out/>
  <testcase classname="com.jack.task.Cozen" name="run" time="4.019"/>
  <system-out/>
  <testcase classname="com.jack.task.Cozen" name="run" time="2.619"/>
  <system-out/>
  <testcase classname="com.jack.task.Cozen" name="run" time="2.619"/>
  <system-out/>
  <testcase classname="com.jack.task.Cozen" name="run" time="4.453"/>
  <system-out/>
  <testcase classname="com.jack.task.Cozen" name="run" time="4.178"/>
  <system-out/>
  <testcase classname="com.jack.task.Cozen" name="run" time="4.437"/>
  <system-out/>
  <testcase classname="com.jack.task.Cozen" name="run" time="5.419"/>
  <system-out/>
  <testcase classname="com.jack.task.Cozen" name="run" time="2.180"/>
  <system-out/>
  <testcase classname="com.jack.task.Cozen" name="run" time="3.236"/>
  <system-out/>
  <testcase classname="com.jack.task.Cozen" name="run" time="2.106"/>
  <system-out/>
  <testcase classname="com.jack.task.Cozen" name="run" time="2.506"/>
  <system-out/>
  <testcase classname="com.jack.task.Cozen" name="run" time="3.443"/>
  <system-out/>
  <testcase classname="com.jack.task.Cozen" name="run" time="2.886"/>
  <system-out/>
  <testcase classname="com.jack.task.Cozen" name="run" time="4.835"/>
  <system-out/>
  <testcase classname="com.jack.task.Cozen" name="run" time="2.973"/>
  <system-out/>
  <testcase classname="com.jack.task.Cozen" name="run" time="4.281"/>
  <system-out/>
  <testcase classname="com.jack.task.Cozen" name="run" time="2.494"/>
  <system-out/>
  <testcase classname="com.jack.task.Cozen" name="run" time="5.283"/>
  <system-out/>
  <testcase classname="com.jack.task.Cozen" name="run" time="5.565"/>
  <system-out/>
  <testcase classname="com.jack.task.Cozen" name="run" time="2.786"/>
  <system-out/>
  <testcase classname="com.jack.task.Cozen" name="run" time="3.380"/>
  <system-out/>
  <testcase classname="com.jack.task.Cozen" name="run" time="2.534"/>
  <system-out/>
  <testcase classname="com.jack.task.Cozen" name="run" time="2.447"/>
  <system-out/>
  <testcase classname="com.jack.task.Cozen" name="run" time="2.187"/>
  <system-out/>
  <testcase classname="com.jack.task.Cozen" name="run" time="3.325"/>
  <system-out/>
  <testcase classname="com.jack.task.Cozen" name="run" time="5.297"/>
  <system-out/>
  <testcase classname="com.jack.task.Cozen" name="run" time="3.898"/>
  <system-out/>
  <testcase classname="com.jack.task.Cozen" name="run" time="4.152"/>
  <system-out/>
  <testcase classname="com.jack.task.Cozen" name="run" time="3.747"/>
  <system-out/>
  <testcase classname="com.jack.task.Cozen" name="run" time="4.843"/>
  <system-out/>
  <testcase classname="com.jack.task.Cozen" name="run" time="3.379"/>
  <system-out/>
  <testcase classname="com.jack.task.Cozen" name="run" time="5.272"/>
  <system-out/>
  <testcase classname="com.jack.task.Cozen" name="run" time="2.900"/>
  <system-out/>
  <testcase classname="com.jack.task.Cozen" name="run" time="4.133"/>
  <system-out/>
  <testcase classname="com.jack.task.Cozen" name="run" time="2.641"/>
  <system-out/>
  <testcase classname="com.jack.task.Cozen" name="run" time="3.656"/>
  <system-out/>
  <testcase classname="com.jack.task.Cozen" name="run" time="4.388"/>
  <system-out/>
  <testcase classname="com.jack.task.Cozen" name="run" time="2.998"/>
  <system-out/>
  <testcase classname="com.jack.task.Cozen" name="run" time="5.495"/>
  <system-out/>
  <testcase classname="com.jack.task.Cozen" name="run" time="4.601"/>
  <system-out/>
  <testcase classname="com.jack.task.Cozen" name="run" time="3.005"/>
  <system-out/>
  <testcase classname="com.jack.task.Cozen" name="run" time="5.118"/>
  <system-out/>
  <testcase classname="com.jack.task.Cozen" name="run" time="2.095"/>
  <system-out/>
  <testcase classname="com.jack.task.Cozen" name="run" time="4.059"/>
  <system-out/>
  <testcase classname="com.jack.task.Cozen" name="run" time="5.201"/>
  <system-out/>
  <testcase classname="com.jack.task.Cozen" name="run" time="2.029"/>
  <system-out/>
  <testcase classname="com.jack.task.Cozen" name="run" time="2.855"/>
  <system-out/>
  <testcase classname="com.jack.task.Cozen" name="run" time="4.133"/>
  <system-out/>
  <testcase classname="com.jack.task.Cozen" name="run" time="3.367"/>
  <system-out/>
  <testcase classname="com.jack.task.Cozen" name="run" time="2.033"/>
  <system-out/>
  <testcase classname="com.jack.task.Cozen" name="run" time="3.171"/>
  <system-out/>
  <testcase classname="com.jack.task.Cozen" name="run" time="3.502"/>
  <system-out/>
  <testcase classname="com.jack.task.Cozen" name="run" time="3.568"/>
  <system-out/>
  <testcase classname="com.jack.task.Cozen" name="run" time="3.162"/>
  <system-out/>
  <testcase classname="com.jack.task.Cozen" name="run" time="2.641"/>
  <system-out/>
  <testcase classname="com.jack.task.Cozen" name="run" time="2.045"/>
  <system-out/>
  <testcase classname="com.jack.task.Cozen" name="run" time="4.848"/>
  <system-out/>
  <testcase classname="com.jack.task.Cozen" name="run" time="3.908"/>
  <system-out/>
  <testcase classname="com.jack.task.Cozen" name="run" time="2.256"/>
  <system-out/>
  <testcase classname="com.jack.task.Cozen" name="run" time="3.395"/>
  <system-out/>
  <testcase classname="com.jack.task.Cozen" name="run" time="2.674"/>
  <system-out/>
  <testcase classname="com.jack.task.Cozen" name="run" time="2.072"/>
  <system-out/>
  <testcase classname="com.jack.task.Cozen" name="run" time="4.841"/>
  <system-out/>
  <testcase classname="com.jack.task.Cozen" name="run" time="2.253"/>
  <system-out/>
  <testcase classname="com.jack.task.Cozen" name="run" time="3.490"/>
  <system-out/>
  <testcase classname="com.jack.task.Cozen" name="run" time="5.269"/>
  <system-out/>
  <testcase classname="com.jack.task.Cozen" name="run" time="4.294"/>
  <system-out/>
  <testcase classname="com.jack.task.Cozen" name="run" time="4.504"/>
  <system-out/>
  <testcase classname="com.jack.task.Cozen" name="run" time="4.736"/>
  <system-out/>
  <testcase classname="com.jack.task.Cozen" name="run" time="2.258"/>
  <system-out/>
  <testcase classname="com.jack.task.Cozen" name="run" time="2.122"/>
  <system-out/>
  <testcase classname="com.jack.task.Cozen" name="run" time="3.490"/>
  <system-out/>
  <testcase classname="com.jack.task.Cozen" name="run" time="4.814"/>
  <system-out/>
  <testcase classname="com.jack.task.Cozen" name="run" time="2.629"/>
  <system-out/>
  <testcase classname="com.jack.task.Cozen" name="run" time="2.422"/>
  <system-out/>
  <testcase classname="com.jack.task.Cozen" name="run" time="2.244"/>
  <system-out/>
  <testcase classname="com.jack.task.Cozen" name="run" time="3.477"/>
  <system-out/>
  <testcase classname="com.jack.task.Cozen" name="run" time="4.650"/>
  <system-out/>
  <testcase classname="com.jack.task.Cozen" name="run" time="3.504"/>
  <system-out/>
  <testcase classname="com.jack.task.Cozen" name="run" time="2.410"/>
  <system-out/>
  <testcase classname="com.jack.task.Cozen" name="run" time="5.457"/>
  <system-out/>
  <testcase classname="com.jack.task.Cozen" name="run" time="4.404"/>
  <system-out/>
  <testcase classname="com.jack.task.Cozen" name="run" time="2.212"/>
  <system-out/>
  <testcase classname="com.jack.task.Cozen" name="run" time="2.350"/>
  <system-out/>
  <testcase classname="com.jack.task.Cozen" name="run" time="5.373"/>
  <system-out/>
  <testcase classname="com.jack.task.Cozen" name="run" time="5.287"/>
  <system-out/>
  <testcase classname="com.jack.task.Cozen" name="run" time="4.215"/>
  <system-out/>
  <testcase classname="com.jack.task.Cozen" name="run" time="2.519"/>
  <system-out/>
  <testcase classname="com.jack.task.Cozen" name="run" time="2.990"/>
  <system-out/>
  <testcase classname="com.jack.task.Cozen" name="run" time="4.348"/>
  <system-out/>
  <testcase classname="com.jack.task.Cozen" name="run" time="3.730"/>
  <system-out/>
  <testcase classname="com.jack.task.Cozen" name="run" time="1.768"/>
  <system-out/>
  <testcase classname="com.jack.task.Cozen" name="run" time="3.609"/>
  <system-out/>
  <testcase classname="com.jack.task.Cozen" name="run" time="4.433"/>
  <system-out/>
  <testcase classname="com.jack.task.Cozen" name="run" time="5.105"/>
  <system-out/>
  <testcase classname="com.jack.task.Cozen" name="run" time="2.641"/>
  <system-out/>
  <testcase classname="com.jack.task.Cozen" name="run" time="4.210"/>
  <system-out/>
  <testcase classname="com.jack.task.Cozen" name="run" time="4.988"/>
  <system-out/>
  <testcase classname="com.jack.task.Cozen" name="run" time="9.911"/>
  <system-out/>
  <testcase classname="com.jack.task.Cozen" name="run" time="2.646"/>
  <system-out/>
  <testcase classname="com.jack.task.Cozen" name="run" time="4.340"/>
  <system-out/>
  <testcase classname="com.jack.task.Cozen" name="run" time="4.467"/>
  <system-out/>
  <testcase classname="com.jack.task.Cozen" name="run" time="4.353"/>
  <system-out/>
  <testcase classname="com.jack.task.Cozen" name="run" time="5.029"/>
  <system-out/>
  <testcase classname="com.jack.task.Cozen" name="run" time="5.131"/>
  <system-out/>
  <testcase classname="com.jack.task.Cozen" name="run" time="2.739"/>
  <system-out/>
  <testcase classname="com.jack.task.Cozen" name="run" time="4.722"/>
  <system-out/>
  <testcase classname="com.jack.task.Cozen" name="run" time="3.035"/>
  <system-out/>
  <testcase classname="com.jack.task.Cozen" name="run" time="4.586"/>
  <system-out/>
  <testcase classname="com.jack.task.Cozen" name="run" time="5.029"/>
  <system-out/>
  <testcase classname="com.jack.task.Cozen" name="run" time="2.976"/>
  <system-out/>
  <testcase classname="com.jack.task.Cozen" name="run" time="4.872"/>
  <system-out/>
  <testcase classname="com.jack.task.Cozen" name="run" time="4.036"/>
  <system-out/>
  <testcase classname="com.jack.task.Cozen" name="run" time="5.091"/>
  <system-out/>
  <testcase classname="com.jack.task.Cozen" name="run" time="1.907"/>
  <system-out/>
  <testcase classname="com.jack.task.Cozen" name="run" time="3.046"/>
  <system-out/>
  <testcase classname="com.jack.task.Cozen" name="run" time="5.582"/>
  <system-out/>
  <testcase classname="com.jack.task.Cozen" name="run" time="2.830"/>
  <system-out/>
  <testcase classname="com.jack.task.Cozen" name="run" time="6.674"/>
  <system-out/>
  <testcase classname="com.jack.task.Cozen" name="run" time="4.930"/>
  <system-out/>
  <testcase classname="com.jack.task.Cozen" name="run" time="2.663"/>
  <system-out/>
  <testcase classname="com.jack.task.Cozen" name="run" time="5.005"/>
  <system-out/>
  <testcase classname="com.jack.task.Cozen" name="run" time="4.408"/>
  <system-out/>
  <testcase classname="com.jack.task.Cozen" name="run" time="5.401"/>
  <system-out/>
  <testcase classname="com.jack.task.Cozen" name="run" time="5.180"/>
  <system-out/>
  <testcase classname="com.jack.task.Cozen" name="run" time="3.460"/>
  <system-out/>
  <testcase classname="com.jack.task.Cozen" name="run" time="4.344"/>
  <system-out/>
  <testcase classname="com.jack.task.Cozen" name="run" time="3.354"/>
  <system-out/>
  <testcase classname="com.jack.task.Cozen" name="run" time="3.728"/>
  <system-out/>
  <testcase classname="com.jack.task.Cozen" name="run" time="4.515"/>
  <system-out/>
  <testcase classname="com.jack.task.Cozen" name="run" time="4.932"/>
  <system-out/>
  <testcase classname="com.jack.task.Cozen" name="run" time="3.182"/>
  <system-out/>
  <testcase classname="com.jack.task.Cozen" name="run" time="4.675"/>
  <system-out/>
  <testcase classname="com.jack.task.Cozen" name="run" time="2.091"/>
  <system-out/>
  <testcase classname="com.jack.task.Cozen" name="run" time="3.294"/>
  <system-out/>
  <testcase classname="com.jack.task.Cozen" name="run" time="1.847"/>
  <system-out/>
  <testcase classname="com.jack.task.Cozen" name="run" time="3.334"/>
  <system-out/>
  <testcase classname="com.jack.task.Cozen" name="run" time="5.504"/>
  <system-out/>
  <testcase classname="com.jack.task.Cozen" name="run" time="2.578"/>
  <system-out/>
  <testcase classname="com.jack.task.Cozen" name="run" time="1.929"/>
  <system-out/>
  <testcase classname="com.jack.task.Cozen" name="run" time="3.494"/>
  <system-out/>
  <testcase classname="com.jack.task.Cozen" name="run" time="4.564"/>
  <system-out/>
  <testcase classname="com.jack.task.Cozen" name="run" time="4.349"/>
  <system-out/>
  <testcase classname="com.jack.task.Cozen" name="run" time="3.563"/>
  <system-out/>
  <testcase classname="com.jack.task.Cozen" name="run" time="4.431"/>
  <system-out/>
  <testcase classname="com.jack.task.Cozen" name="run" time="4.819"/>
  <system-out/>
  <testcase classname="com.jack.task.Cozen" name="run" time="4.576"/>
  <system-out/>
  <testcase classname="com.jack.task.Cozen" name="run" time="2.458"/>
  <system-out/>
  <testcase classname="com.jack.task.Cozen" name="run" time="2.402"/>
  <system-out/>
  <testcase classname="com.jack.task.Cozen" name="run" time="1.855"/>
  <system-out/>
  <testcase classname="com.jack.task.Cozen" name="run" time="3.723"/>
  <system-out/>
  <testcase classname="com.jack.task.Cozen" name="run" time="4.894"/>
  <system-out/>
  <testcase classname="com.jack.task.Cozen" name="run" time="4.589"/>
  <system-out/>
  <testcase classname="com.jack.task.Cozen" name="run" time="2.579"/>
  <system-out/>
  <testcase classname="com.jack.task.Cozen" name="run" time="5.537"/>
  <system-out/>
  <testcase classname="com.jack.task.Cozen" name="run" time="2.784"/>
  <system-out/>
  <testcase classname="com.jack.task.Cozen" name="run" time="3.133"/>
  <system-out/>
  <testcase classname="com.jack.task.Cozen" name="run" time="2.472"/>
  <system-out/>
  <testcase classname="com.jack.task.Cozen" name="run" time="3.499"/>
  <system-out/>
  <testcase classname="com.jack.task.Cozen" name="run" time="2.893"/>
  <system-out/>
  <testcase classname="com.jack.task.Cozen" name="run" time="4.626"/>
  <system-out/>
  <testcase classname="com.jack.task.Cozen" name="run" time="3.165"/>
  <system-out/>
  <testcase classname="com.jack.task.Cozen" name="run" time="2.676"/>
  <system-out/>
  <testcase classname="com.jack.task.Cozen" name="run" time="3.891"/>
  <system-out/>
  <testcase classname="com.jack.task.Cozen" name="run" time="2.005"/>
  <system-out/>
  <testcase classname="com.jack.task.Cozen" name="run" time="2.958"/>
  <system-out/>
  <testcase classname="com.jack.task.Cozen" name="run" time="4.216"/>
  <system-out/>
  <testcase classname="com.jack.task.Cozen" name="run" time="2.581"/>
  <system-out/>
  <testcase classname="com.jack.task.Cozen" name="run" time="5.164"/>
  <system-out/>
  <testcase classname="com.jack.task.Cozen" name="run" time="2.469"/>
  <system-out/>
  <testcase classname="com.jack.task.Cozen" name="run" time="2.688"/>
  <system-out/>
  <testcase classname="com.jack.task.Cozen" name="run" time="2.366"/>
  <system-out/>
  <testcase classname="com.jack.task.Cozen" name="run" time="2.942"/>
  <system-out/>
  <testcase classname="com.jack.task.Cozen" name="run" time="4.250"/>
  <system-out/>
  <testcase classname="com.jack.task.Cozen" name="run" time="4.684"/>
  <system-out/>
  <testcase classname="com.jack.task.Cozen" name="run" time="2.192"/>
  <system-out/>
  <testcase classname="com.jack.task.Cozen" name="run" time="2.808"/>
  <system-out/>
  <testcase classname="com.jack.task.Cozen" name="run" time="4.773"/>
  <system-out/>
  <testcase classname="com.jack.task.Cozen" name="run" time="5.321"/>
  <system-out/>
  <testcase classname="com.jack.task.Cozen" name="run" time="2.165"/>
  <system-out/>
  <testcase classname="com.jack.task.Cozen" name="run" time="3.680"/>
  <system-out/>
  <testcase classname="com.jack.task.Cozen" name="run" time="3.852"/>
  <system-out/>
  <testcase classname="com.jack.task.Cozen" name="run" time="3.063"/>
  <system-out/>
  <testcase classname="com.jack.task.Cozen" name="run" time="32.114">
    <error message="Expected condition failed: waiting for visibility of element located by By.xpath: //div[@class=&#039;bioinfo&#039;]/h1 (tried for 30 second(s) with 500 milliseconds interval)
Build info: version: &#039;4.7.0&#039;, revision: &#039;0a5b49d16f&#039;
System info: os.name: &#039;Windows 10&#039;, os.arch: &#039;amd64&#039;, os.version: &#039;10.0&#039;, java.version: &#039;11.0.16.1&#039;
Driver info: org.openqa.selenium.chrome.ChromeDriver
Capabilities {acceptInsecureCerts: false, browserName: chrome, browserVersion: 108.0.5359.126, chrome: {chromedriverVersion: 108.0.5359.22 (ec46c90f5938...}, goog:chromeOptions: {debuggerAddress: localhost:8050}, pageLoadStrategy: normal, platformName: ANY, proxy: Proxy(), se:cdp: ws://localhost:8050/devtool..., se:cdpVersion: 108.0.5359.126, setWindowRect: false, strictFileInteractability: false, timeouts: {implicit: 0, pageLoad: 300000, script: 30000}, unhandledPromptBehavior: dismiss and notify, webauthn:extension:credBlob: true, webauthn:extension:largeBlob: true, webauthn:virtualAuthenticators: true}
Session ID: 7754aa5e7512268f244f7649caf029e7" type="org.openqa.selenium.TimeoutException">
      <![CDATA[org.openqa.selenium.TimeoutException: Expected condition failed: waiting for visibility of element located by By.xpath: //div[@class='bioinfo']/h1 (tried for 30 second(s) with 500 milliseconds interval)
Build info: version: '4.7.0', revision: '0a5b49d16f'
System info: os.name: 'Windows 10', os.arch: 'amd64', os.version: '10.0', java.version: '11.0.16.1'
Driver info: org.openqa.selenium.chrome.ChromeDriver
Capabilities {acceptInsecureCerts: false, browserName: chrome, browserVersion: 108.0.5359.126, chrome: {chromedriverVersion: 108.0.5359.22 (ec46c90f5938...}, goog:chromeOptions: {debuggerAddress: localhost:8050}, pageLoadStrategy: normal, platformName: ANY, proxy: Proxy(), se:cdp: ws://localhost:8050/devtool..., se:cdpVersion: 108.0.5359.126, setWindowRect: false, strictFileInteractability: false, timeouts: {implicit: 0, pageLoad: 300000, script: 30000}, unhandledPromptBehavior: dismiss and notify, webauthn:extension:credBlob: true, webauthn:extension:largeBlob: true, webauthn:virtualAuthenticators: true}
Session ID: 7754aa5e7512268f244f7649caf029e7
at org.openqa.selenium.support.ui.WebDriverWait.timeoutException(WebDriverWait.java:87)
at org.openqa.selenium.support.ui.FluentWait.until(FluentWait.java:231)
at com.jack.task.Cozen.run(Cozen.java:64)
at jdk.internal.reflect.GeneratedMethodAccessor1.invoke(Unknown Source)
at java.base/jdk.internal.reflect.DelegatingMethodAccessorImpl.invoke(DelegatingMethodAccessorImpl.java:43)
at java.base/java.lang.reflect.Method.invoke(Method.java:566)
at org.testng.internal.invokers.MethodInvocationHelper.invokeMethod(MethodInvocationHelper.java:139)
at org.testng.internal.invokers.TestInvoker.invokeMethod(TestInvoker.java:677)
at org.testng.internal.invokers.TestInvoker.invokeTestMethod(TestInvoker.java:221)
at org.testng.internal.invokers.MethodRunner.runInSequence(MethodRunner.java:50)
at org.testng.internal.invokers.TestInvoker$MethodInvocationAgent.invoke(TestInvoker.java:962)
at org.testng.internal.invokers.TestInvoker.invokeTestMethods(TestInvoker.java:194)
at org.testng.internal.invokers.TestMethodWorker.invokeTestMethods(TestMethodWorker.java:148)
at org.testng.internal.invokers.TestMethodWorker.run(TestMethodWorker.java:128)
at java.base/java.util.ArrayList.forEach(ArrayList.java:1541)
at org.testng.TestRunner.privateRun(TestRunner.java:806)
at org.testng.TestRunner.run(TestRunner.java:601)
at org.testng.SuiteRunner.runTest(SuiteRunner.java:433)
at org.testng.SuiteRunner.runSequentially(SuiteRunner.java:427)
at org.testng.SuiteRunner.privateRun(SuiteRunner.java:387)
at org.testng.SuiteRunner.run(SuiteRunner.java:330)
at org.testng.SuiteRunnerWorker.runSuite(SuiteRunnerWorker.java:52)
at org.testng.SuiteRunnerWorker.run(SuiteRunnerWorker.java:95)
at org.testng.TestNG.runSuitesSequentially(TestNG.java:1256)
at org.testng.TestNG.runSuitesLocally(TestNG.java:1176)
at org.testng.TestNG.runSuites(TestNG.java:1099)
at org.testng.TestNG.run(TestNG.java:1067)
at org.testng.remote.AbstractRemoteTestNG.run(AbstractRemoteTestNG.java:115)
at org.testng.remote.RemoteTestNG.initAndRun(RemoteTestNG.java:251)
at org.testng.remote.RemoteTestNG.main(RemoteTestNG.java:77)
]]>
    </error>
  </testcase> <!-- run -->
  <system-out/>
  <testcase classname="com.jack.task.Cozen" name="run" time="2.400"/>
  <system-out/>
  <testcase classname="com.jack.task.Cozen" name="run" time="4.250"/>
  <system-out/>
  <testcase classname="com.jack.task.Cozen" name="run" time="2.288"/>
  <system-out/>
  <testcase classname="com.jack.task.Cozen" name="run" time="2.075"/>
  <system-out/>
  <testcase classname="com.jack.task.Cozen" name="run" time="6.171"/>
  <system-out/>
  <testcase classname="com.jack.task.Cozen" name="run" time="5.456"/>
  <system-out/>
  <testcase classname="com.jack.task.Cozen" name="run" time="3.977"/>
  <system-out/>
  <testcase classname="com.jack.task.Cozen" name="run" time="5.518"/>
  <system-out/>
  <testcase classname="com.jack.task.Cozen" name="run" time="2.883"/>
  <system-out/>
  <testcase classname="com.jack.task.Cozen" name="run" time="4.195"/>
  <system-out/>
  <testcase classname="com.jack.task.Cozen" name="run" time="1.797"/>
  <system-out/>
  <testcase classname="com.jack.task.Cozen" name="run" time="2.788"/>
  <system-out/>
  <testcase classname="com.jack.task.Cozen" name="run" time="2.873"/>
  <system-out/>
  <testcase classname="com.jack.task.Cozen" name="run" time="4.845"/>
  <system-out/>
  <testcase classname="com.jack.task.Cozen" name="run" time="2.809"/>
  <system-out/>
  <testcase classname="com.jack.task.Cozen" name="run" time="3.161"/>
  <system-out/>
  <testcase classname="com.jack.task.Cozen" name="run" time="2.037"/>
  <system-out/>
  <testcase classname="com.jack.task.Cozen" name="run" time="4.317"/>
  <system-out/>
  <testcase classname="com.jack.task.Cozen" name="run" time="3.606"/>
  <system-out/>
  <testcase classname="com.jack.task.Cozen" name="run" time="5.991"/>
  <system-out/>
  <testcase classname="com.jack.task.Cozen" name="run" time="5.438"/>
  <system-out/>
  <testcase classname="com.jack.task.Cozen" name="run" time="3.717"/>
  <system-out/>
  <testcase classname="com.jack.task.Cozen" name="run" time="4.148"/>
  <system-out/>
  <testcase classname="com.jack.task.Cozen" name="run" time="2.437"/>
  <system-out/>
  <testcase classname="com.jack.task.Cozen" name="run" time="5.021"/>
  <system-out/>
  <testcase classname="com.jack.task.Cozen" name="run" time="3.406"/>
  <system-out/>
  <testcase classname="com.jack.task.Cozen" name="run" time="1.888"/>
  <system-out/>
  <testcase classname="com.jack.task.Cozen" name="run" time="3.711"/>
  <system-out/>
  <testcase classname="com.jack.task.Cozen" name="run" time="3.432"/>
  <system-out/>
  <testcase classname="com.jack.task.Cozen" name="run" time="2.635"/>
  <system-out/>
  <testcase classname="com.jack.task.Cozen" name="run" time="4.871"/>
  <system-out/>
  <testcase classname="com.jack.task.Cozen" name="run" time="2.276"/>
  <system-out/>
  <testcase classname="com.jack.task.Cozen" name="run" time="5.441"/>
  <system-out/>
  <testcase classname="com.jack.task.Cozen" name="run" time="5.475"/>
  <system-out/>
  <testcase classname="com.jack.task.Cozen" name="run" time="3.005"/>
  <system-out/>
  <testcase classname="com.jack.task.Cozen" name="run" time="3.904"/>
  <system-out/>
  <testcase classname="com.jack.task.Cozen" name="run" time="1.546"/>
  <system-out/>
  <testcase classname="com.jack.task.Cozen" name="run" time="3.241"/>
  <system-out/>
  <testcase classname="com.jack.task.Cozen" name="run" time="3.067"/>
  <system-out/>
  <testcase classname="com.jack.task.Cozen" name="run" time="3.997"/>
  <system-out/>
  <testcase classname="com.jack.task.Cozen" name="run" time="1.905"/>
  <system-out/>
  <testcase classname="com.jack.task.Cozen" name="run" time="2.584"/>
  <system-out/>
  <testcase classname="com.jack.task.Cozen" name="run" time="4.427"/>
  <system-out/>
  <testcase classname="com.jack.task.Cozen" name="run" time="4.419"/>
  <system-out/>
  <testcase classname="com.jack.task.Cozen" name="run" time="4.449"/>
  <system-out/>
  <testcase classname="com.jack.task.Cozen" name="run" time="4.065"/>
  <system-out/>
  <testcase classname="com.jack.task.Cozen" name="run" time="2.878"/>
  <system-out/>
  <testcase classname="com.jack.task.Cozen" name="run" time="2.186"/>
  <system-out/>
  <testcase classname="com.jack.task.Cozen" name="run" time="4.089"/>
  <system-out/>
  <testcase classname="com.jack.task.Cozen" name="run" time="2.424"/>
  <system-out/>
  <testcase classname="com.jack.task.Cozen" name="run" time="4.330"/>
  <system-out/>
  <testcase classname="com.jack.task.Cozen" name="run" time="3.811"/>
  <system-out/>
  <testcase classname="com.jack.task.Cozen" name="run" time="2.688"/>
  <system-out/>
  <testcase classname="com.jack.task.Cozen" name="run" time="3.177"/>
  <system-out/>
  <testcase classname="com.jack.task.Cozen" name="run" time="4.091"/>
  <system-out/>
  <testcase classname="com.jack.task.Cozen" name="run" time="2.474"/>
  <system-out/>
  <testcase classname="com.jack.task.Cozen" name="run" time="3.615"/>
  <system-out/>
  <testcase classname="com.jack.task.Cozen" name="run" time="2.107"/>
  <system-out/>
  <testcase classname="com.jack.task.Cozen" name="run" time="2.934"/>
  <system-out/>
  <testcase classname="com.jack.task.Cozen" name="run" time="4.476"/>
  <system-out/>
  <testcase classname="com.jack.task.Cozen" name="run" time="5.100"/>
  <system-out/>
  <testcase classname="com.jack.task.Cozen" name="run" time="3.804"/>
  <system-out/>
  <testcase classname="com.jack.task.Cozen" name="run" time="4.911"/>
  <system-out/>
  <testcase classname="com.jack.task.Cozen" name="run" time="3.440"/>
  <system-out/>
  <testcase classname="com.jack.task.Cozen" name="run" time="5.305"/>
  <system-out/>
  <testcase classname="com.jack.task.Cozen" name="run" time="4.103"/>
  <system-out/>
  <testcase classname="com.jack.task.Cozen" name="run" time="2.838"/>
  <system-out/>
  <testcase classname="com.jack.task.Cozen" name="run" time="4.655"/>
  <system-out/>
  <testcase classname="com.jack.task.Cozen" name="run" time="5.208"/>
  <system-out/>
  <testcase classname="com.jack.task.Cozen" name="run" time="5.834"/>
  <system-out/>
  <testcase classname="com.jack.task.Cozen" name="run" time="2.778"/>
  <system-out/>
  <testcase classname="com.jack.task.Cozen" name="run" time="3.666"/>
  <system-out/>
  <testcase classname="com.jack.task.Cozen" name="run" time="5.560"/>
  <system-out/>
  <testcase classname="com.jack.task.Cozen" name="run" time="3.872"/>
  <system-out/>
  <testcase classname="com.jack.task.Cozen" name="run" time="2.596"/>
  <system-out/>
  <testcase classname="com.jack.task.Cozen" name="run" time="5.178"/>
  <system-out/>
  <testcase classname="com.jack.task.Cozen" name="run" time="2.613"/>
  <system-out/>
  <testcase classname="com.jack.task.Cozen" name="run" time="2.774"/>
  <system-out/>
  <testcase classname="com.jack.task.Cozen" name="run" time="4.394"/>
  <system-out/>
  <testcase classname="com.jack.task.Cozen" name="run" time="2.727"/>
  <system-out/>
  <testcase classname="com.jack.task.Cozen" name="run" time="4.634"/>
  <system-out/>
  <testcase classname="com.jack.task.Cozen" name="run" time="3.510"/>
  <system-out/>
  <testcase classname="com.jack.task.Cozen" name="run" time="4.874"/>
  <system-out/>
  <testcase classname="com.jack.task.Cozen" name="run" time="5.919"/>
  <system-out/>
  <testcase classname="com.jack.task.Cozen" name="run" time="3.676"/>
  <system-out/>
  <testcase classname="com.jack.task.Cozen" name="run" time="4.339"/>
  <system-out/>
  <testcase classname="com.jack.task.Cozen" name="run" time="6.118"/>
  <system-out/>
  <testcase classname="com.jack.task.Cozen" name="testx" time="0.001"/>
  <system-out/>
  <testcase classname="com.jack.task.Cozen" name="run" time="5.296"/>
  <system-out/>
  <testcase classname="com.jack.task.Cozen" name="run" time="2.308"/>
  <system-out/>
  <testcase classname="com.jack.task.Cozen" name="run" time="4.918"/>
  <system-out/>
  <testcase classname="com.jack.task.Cozen" name="run" time="5.583"/>
  <system-out/>
  <testcase classname="com.jack.task.Cozen" name="run" time="2.288"/>
  <system-out/>
  <testcase classname="com.jack.task.Cozen" name="run" time="4.958"/>
  <system-out/>
  <testcase classname="com.jack.task.Cozen" name="run" time="2.419"/>
  <system-out/>
  <testcase classname="com.jack.task.Cozen" name="run" time="4.536"/>
  <system-out/>
  <testcase classname="com.jack.task.Cozen" name="run" time="4.662"/>
  <system-out/>
  <testcase classname="com.jack.task.Cozen" name="run" time="2.528"/>
  <system-out/>
  <testcase classname="com.jack.task.Cozen" name="run" time="2.908"/>
  <system-out/>
  <testcase classname="com.jack.task.Cozen" name="run" time="2.790"/>
  <system-out/>
  <testcase classname="com.jack.task.Cozen" name="run" time="3.538"/>
  <system-out/>
  <testcase classname="com.jack.task.Cozen" name="run" time="4.564"/>
  <system-out/>
  <testcase classname="com.jack.task.Cozen" name="run" time="2.567"/>
  <system-out/>
  <testcase classname="com.jack.task.Cozen" name="run" time="4.544"/>
  <system-out/>
  <testcase classname="com.jack.task.Cozen" name="run" time="5.117"/>
  <system-out/>
  <testcase classname="com.jack.task.Cozen" name="run" time="4.847"/>
  <system-out/>
  <testcase classname="com.jack.task.Cozen" name="run" time="2.425"/>
  <system-out/>
  <testcase classname="com.jack.task.Cozen" name="run" time="1.999"/>
  <system-out/>
  <testcase classname="com.jack.task.Cozen" name="run" time="3.617"/>
  <system-out/>
  <testcase classname="com.jack.task.Cozen" name="run" time="5.090"/>
  <system-out/>
  <testcase classname="com.jack.task.Cozen" name="run" time="3.482"/>
  <system-out/>
  <testcase classname="com.jack.task.Cozen" name="run" time="4.206"/>
  <system-out/>
  <testcase classname="com.jack.task.Cozen" name="run" time="2.663"/>
  <system-out/>
  <testcase classname="com.jack.task.Cozen" name="run" time="4.135"/>
  <system-out/>
  <testcase classname="com.jack.task.Cozen" name="run" time="3.043"/>
  <system-out/>
  <testcase classname="com.jack.task.Cozen" name="run" time="4.395"/>
  <system-out/>
  <testcase classname="com.jack.task.Cozen" name="run" time="2.750"/>
  <system-out/>
  <testcase classname="com.jack.task.Cozen" name="run" time="2.767"/>
  <system-out/>
  <testcase classname="com.jack.task.Cozen" name="run" time="1.919"/>
  <system-out/>
  <testcase classname="com.jack.task.Cozen" name="run" time="4.870"/>
  <system-out/>
  <testcase classname="com.jack.task.Cozen" name="run" time="3.991"/>
  <system-out/>
  <testcase classname="com.jack.task.Cozen" name="run" time="3.335"/>
  <system-out/>
  <testcase classname="com.jack.task.Cozen" name="run" time="4.155"/>
  <system-out/>
  <testcase classname="com.jack.task.Cozen" name="run" time="3.206"/>
  <system-out/>
  <testcase classname="com.jack.task.Cozen" name="run" time="4.091"/>
  <system-out/>
  <testcase classname="com.jack.task.Cozen" name="run" time="4.766"/>
  <system-out/>
  <testcase classname="com.jack.task.Cozen" name="run" time="5.263"/>
  <system-out/>
  <testcase classname="com.jack.task.Cozen" name="run" time="5.071"/>
  <system-out/>
  <testcase classname="com.jack.task.Cozen" name="run" time="4.936"/>
  <system-out/>
  <testcase classname="com.jack.task.Cozen" name="run" time="5.313"/>
  <system-out/>
  <testcase classname="com.jack.task.Cozen" name="run" time="4.085"/>
  <system-out/>
  <testcase classname="com.jack.task.Cozen" name="run" time="5.557"/>
  <system-out/>
  <testcase classname="com.jack.task.Cozen" name="run" time="2.545"/>
  <system-out/>
  <testcase classname="com.jack.task.Cozen" name="run" time="3.683"/>
  <system-out/>
  <testcase classname="com.jack.task.Cozen" name="run" time="2.664"/>
  <system-out/>
  <testcase classname="com.jack.task.Cozen" name="run" time="4.569"/>
  <system-out/>
  <testcase classname="com.jack.task.Cozen" name="run" time="2.795"/>
  <system-out/>
  <testcase classname="com.jack.task.Cozen" name="run" time="2.714"/>
  <system-out/>
  <testcase classname="com.jack.task.Cozen" name="run" time="4.518"/>
  <system-out/>
  <testcase classname="com.jack.task.Cozen" name="run" time="3.994"/>
  <system-out/>
  <testcase classname="com.jack.task.Cozen" name="run" time="5.046"/>
  <system-out/>
  <testcase classname="com.jack.task.Cozen" name="run" time="3.833"/>
  <system-out/>
  <testcase classname="com.jack.task.Cozen" name="run" time="5.646"/>
  <system-out/>
  <testcase classname="com.jack.task.Cozen" name="run" time="4.400"/>
  <system-out/>
  <testcase classname="com.jack.task.Cozen" name="run" time="3.936"/>
  <system-out/>
  <testcase classname="com.jack.task.Cozen" name="run" time="2.497"/>
  <system-out/>
  <testcase classname="com.jack.task.Cozen" name="run" time="4.031"/>
  <system-out/>
  <testcase classname="com.jack.task.Cozen" name="run" time="2.551"/>
  <system-out/>
  <testcase classname="com.jack.task.Cozen" name="run" time="5.321"/>
  <system-out/>
  <testcase classname="com.jack.task.Cozen" name="run" time="2.631"/>
  <system-out/>
  <testcase classname="com.jack.task.Cozen" name="run" time="4.180"/>
  <system-out/>
  <testcase classname="com.jack.task.Cozen" name="run" time="4.123"/>
  <system-out/>
  <testcase classname="com.jack.task.Cozen" name="run" time="2.369"/>
  <system-out/>
  <testcase classname="com.jack.task.Cozen" name="run" time="3.618"/>
  <system-out/>
  <testcase classname="com.jack.task.Cozen" name="run" time="3.633"/>
  <system-out/>
  <testcase classname="com.jack.task.Cozen" name="run" time="3.104"/>
  <system-out/>
  <testcase classname="com.jack.task.Cozen" name="run" time="3.940"/>
  <system-out/>
  <testcase classname="com.jack.task.Cozen" name="run" time="4.829"/>
  <system-out/>
  <testcase classname="com.jack.task.Cozen" name="run" time="4.802"/>
  <system-out/>
  <testcase classname="com.jack.task.Cozen" name="run" time="3.011"/>
  <system-out/>
  <testcase classname="com.jack.task.Cozen" name="run" time="4.935"/>
  <system-out/>
  <testcase classname="com.jack.task.Cozen" name="run" time="4.711"/>
  <system-out/>
  <testcase classname="com.jack.task.Cozen" name="run" time="3.743"/>
  <system-out/>
  <testcase classname="com.jack.task.Cozen" name="run" time="2.540"/>
  <system-out/>
  <testcase classname="com.jack.task.Cozen" name="run" time="3.130"/>
  <system-out/>
  <testcase classname="com.jack.task.Cozen" name="run" time="4.692"/>
  <system-out/>
  <testcase classname="com.jack.task.Cozen" name="run" time="5.020"/>
  <system-out/>
  <testcase classname="com.jack.task.Cozen" name="run" time="3.613"/>
  <system-out/>
  <testcase classname="com.jack.task.Cozen" name="run" time="3.430"/>
  <system-out/>
  <testcase classname="com.jack.task.Cozen" name="run" time="1.664"/>
  <system-out/>
  <testcase classname="com.jack.task.Cozen" name="run" time="2.118"/>
  <system-out/>
  <testcase classname="com.jack.task.Cozen" name="run" time="3.681"/>
  <system-out/>
  <testcase classname="com.jack.task.Cozen" name="run" time="38.984">
    <error message="Expected condition failed: waiting for visibility of element located by By.xpath: //div[@class=&#039;bioinfo&#039;]/h1 (tried for 30 second(s) with 500 milliseconds interval)
Build info: version: &#039;4.7.0&#039;, revision: &#039;0a5b49d16f&#039;
System info: os.name: &#039;Windows 10&#039;, os.arch: &#039;amd64&#039;, os.version: &#039;10.0&#039;, java.version: &#039;11.0.16.1&#039;
Driver info: org.openqa.selenium.chrome.ChromeDriver
Capabilities {acceptInsecureCerts: false, browserName: chrome, browserVersion: 108.0.5359.126, chrome: {chromedriverVersion: 108.0.5359.22 (ec46c90f5938...}, goog:chromeOptions: {debuggerAddress: localhost:8050}, pageLoadStrategy: normal, platformName: ANY, proxy: Proxy(), se:cdp: ws://localhost:8050/devtool..., se:cdpVersion: 108.0.5359.126, setWindowRect: false, strictFileInteractability: false, timeouts: {implicit: 0, pageLoad: 300000, script: 30000}, unhandledPromptBehavior: dismiss and notify, webauthn:extension:credBlob: true, webauthn:extension:largeBlob: true, webauthn:virtualAuthenticators: true}
Session ID: 7754aa5e7512268f244f7649caf029e7" type="org.openqa.selenium.TimeoutException">
      <![CDATA[org.openqa.selenium.TimeoutException: Expected condition failed: waiting for visibility of element located by By.xpath: //div[@class='bioinfo']/h1 (tried for 30 second(s) with 500 milliseconds interval)
Build info: version: '4.7.0', revision: '0a5b49d16f'
System info: os.name: 'Windows 10', os.arch: 'amd64', os.version: '10.0', java.version: '11.0.16.1'
Driver info: org.openqa.selenium.chrome.ChromeDriver
Capabilities {acceptInsecureCerts: false, browserName: chrome, browserVersion: 108.0.5359.126, chrome: {chromedriverVersion: 108.0.5359.22 (ec46c90f5938...}, goog:chromeOptions: {debuggerAddress: localhost:8050}, pageLoadStrategy: normal, platformName: ANY, proxy: Proxy(), se:cdp: ws://localhost:8050/devtool..., se:cdpVersion: 108.0.5359.126, setWindowRect: false, strictFileInteractability: false, timeouts: {implicit: 0, pageLoad: 300000, script: 30000}, unhandledPromptBehavior: dismiss and notify, webauthn:extension:credBlob: true, webauthn:extension:largeBlob: true, webauthn:virtualAuthenticators: true}
Session ID: 7754aa5e7512268f244f7649caf029e7
at org.openqa.selenium.support.ui.WebDriverWait.timeoutException(WebDriverWait.java:87)
at org.openqa.selenium.support.ui.FluentWait.until(FluentWait.java:231)
at com.jack.task.Cozen.run(Cozen.java:64)
at jdk.internal.reflect.GeneratedMethodAccessor1.invoke(Unknown Source)
at java.base/jdk.internal.reflect.DelegatingMethodAccessorImpl.invoke(DelegatingMethodAccessorImpl.java:43)
at java.base/java.lang.reflect.Method.invoke(Method.java:566)
at org.testng.internal.invokers.MethodInvocationHelper.invokeMethod(MethodInvocationHelper.java:139)
at org.testng.internal.invokers.TestInvoker.invokeMethod(TestInvoker.java:677)
at org.testng.internal.invokers.TestInvoker.invokeTestMethod(TestInvoker.java:221)
at org.testng.internal.invokers.MethodRunner.runInSequence(MethodRunner.java:50)
at org.testng.internal.invokers.TestInvoker$MethodInvocationAgent.invoke(TestInvoker.java:962)
at org.testng.internal.invokers.TestInvoker.invokeTestMethods(TestInvoker.java:194)
at org.testng.internal.invokers.TestMethodWorker.invokeTestMethods(TestMethodWorker.java:148)
at org.testng.internal.invokers.TestMethodWorker.run(TestMethodWorker.java:128)
at java.base/java.util.ArrayList.forEach(ArrayList.java:1541)
at org.testng.TestRunner.privateRun(TestRunner.java:806)
at org.testng.TestRunner.run(TestRunner.java:601)
at org.testng.SuiteRunner.runTest(SuiteRunner.java:433)
at org.testng.SuiteRunner.runSequentially(SuiteRunner.java:427)
at org.testng.SuiteRunner.privateRun(SuiteRunner.java:387)
at org.testng.SuiteRunner.run(SuiteRunner.java:330)
at org.testng.SuiteRunnerWorker.runSuite(SuiteRunnerWorker.java:52)
at org.testng.SuiteRunnerWorker.run(SuiteRunnerWorker.java:95)
at org.testng.TestNG.runSuitesSequentially(TestNG.java:1256)
at org.testng.TestNG.runSuitesLocally(TestNG.java:1176)
at org.testng.TestNG.runSuites(TestNG.java:1099)
at org.testng.TestNG.run(TestNG.java:1067)
at org.testng.remote.AbstractRemoteTestNG.run(AbstractRemoteTestNG.java:115)
at org.testng.remote.RemoteTestNG.initAndRun(RemoteTestNG.java:251)
at org.testng.remote.RemoteTestNG.main(RemoteTestNG.java:77)
]]>
    </error>
  </testcase> <!-- run -->
  <system-out/>
  <testcase classname="com.jack.task.Cozen" name="run" time="4.115"/>
  <system-out/>
  <testcase classname="com.jack.task.Cozen" name="run" time="3.230"/>
  <system-out/>
  <testcase classname="com.jack.task.Cozen" name="run" time="2.140"/>
  <system-out/>
  <testcase classname="com.jack.task.Cozen" name="run" time="3.682"/>
  <system-out/>
  <testcase classname="com.jack.task.Cozen" name="run" time="5.231"/>
  <system-out/>
  <testcase classname="com.jack.task.Cozen" name="run" time="2.428"/>
  <system-out/>
  <testcase classname="com.jack.task.Cozen" name="run" time="4.411"/>
  <system-out/>
  <testcase classname="com.jack.task.Cozen" name="run" time="1.907"/>
  <system-out/>
  <testcase classname="com.jack.task.Cozen" name="run" time="4.006"/>
  <system-out/>
  <testcase classname="com.jack.task.Cozen" name="run" time="4.007"/>
  <system-out/>
  <testcase classname="com.jack.task.Cozen" name="run" time="5.178"/>
  <system-out/>
  <testcase classname="com.jack.task.Cozen" name="run" time="4.962"/>
  <system-out/>
  <testcase classname="com.jack.task.Cozen" name="run" time="3.293"/>
  <system-out/>
  <testcase classname="com.jack.task.Cozen" name="run" time="3.659"/>
  <system-out/>
  <testcase classname="com.jack.task.Cozen" name="run" time="3.608"/>
  <system-out/>
  <testcase classname="com.jack.task.Cozen" name="run" time="4.568"/>
  <system-out/>
  <testcase classname="com.jack.task.Cozen" name="run" time="3.542"/>
  <system-out/>
  <testcase classname="com.jack.task.Cozen" name="run" time="2.782"/>
  <system-out/>
  <testcase classname="com.jack.task.Cozen" name="run" time="5.144"/>
  <system-out/>
  <testcase classname="com.jack.task.Cozen" name="run" time="3.566"/>
  <system-out/>
  <testcase classname="com.jack.task.Cozen" name="run" time="2.432"/>
  <system-out/>
  <testcase classname="com.jack.task.Cozen" name="run" time="2.987"/>
  <system-out/>
  <testcase classname="com.jack.task.Cozen" name="run" time="3.000"/>
  <system-out/>
  <testcase classname="com.jack.task.Cozen" name="run" time="5.904"/>
  <system-out/>
  <testcase classname="com.jack.task.Cozen" name="run" time="4.766"/>
  <system-out/>
  <testcase classname="com.jack.task.Cozen" name="run" time="3.198"/>
  <system-out/>
  <testcase classname="com.jack.task.Cozen" name="run" time="4.927"/>
  <system-out/>
  <testcase classname="com.jack.task.Cozen" name="run" time="2.377"/>
  <system-out/>
  <testcase classname="com.jack.task.Cozen" name="run" time="2.264"/>
  <system-out/>
  <testcase classname="com.jack.task.Cozen" name="run" time="3.001"/>
  <system-out/>
  <testcase classname="com.jack.task.Cozen" name="run" time="6.362"/>
  <system-out/>
  <testcase classname="com.jack.task.Cozen" name="run" time="4.685"/>
  <system-out/>
  <testcase classname="com.jack.task.Cozen" name="run" time="3.810"/>
  <system-out/>
  <testcase classname="com.jack.task.Cozen" name="run" time="1.895"/>
  <system-out/>
  <testcase classname="com.jack.task.Cozen" name="run" time="2.504"/>
  <system-out/>
  <testcase classname="com.jack.task.Cozen" name="run" time="5.810"/>
  <system-out/>
  <testcase classname="com.jack.task.Cozen" name="run" time="2.798"/>
  <system-out/>
  <testcase classname="com.jack.task.Cozen" name="run" time="4.126"/>
  <system-out/>
  <testcase classname="com.jack.task.Cozen" name="run" time="3.374"/>
  <system-out/>
  <testcase classname="com.jack.task.Cozen" name="run" time="2.424"/>
  <system-out/>
  <testcase classname="com.jack.task.Cozen" name="run" time="4.498"/>
  <system-out/>
  <testcase classname="com.jack.task.Cozen" name="run" time="2.562"/>
  <system-out/>
  <testcase classname="com.jack.task.Cozen" name="run" time="2.097"/>
  <system-out/>
  <testcase classname="com.jack.task.Cozen" name="run" time="5.073"/>
  <system-out/>
  <testcase classname="com.jack.task.Cozen" name="run" time="2.726"/>
  <system-out/>
  <testcase classname="com.jack.task.Cozen" name="run" time="4.035"/>
  <system-out/>
  <testcase classname="com.jack.task.Cozen" name="run" time="3.830"/>
  <system-out/>
  <testcase classname="com.jack.task.Cozen" name="run" time="4.448"/>
  <system-out/>
  <testcase classname="com.jack.task.Cozen" name="run" time="4.296"/>
  <system-out/>
  <testcase classname="com.jack.task.Cozen" name="run" time="3.685"/>
  <system-out/>
  <testcase classname="com.jack.task.Cozen" name="run" time="4.993"/>
  <system-out/>
  <testcase classname="com.jack.task.Cozen" name="run" time="1.961"/>
  <system-out/>
  <testcase classname="com.jack.task.Cozen" name="run" time="4.289"/>
  <system-out/>
  <testcase classname="com.jack.task.Cozen" name="run" time="4.477"/>
  <system-out/>
  <testcase classname="com.jack.task.Cozen" name="run" time="3.948"/>
  <system-out/>
  <testcase classname="com.jack.task.Cozen" name="run" time="4.500"/>
  <system-out/>
  <testcase classname="com.jack.task.Cozen" name="run" time="4.314"/>
  <system-out/>
  <testcase classname="com.jack.task.Cozen" name="run" time="4.862"/>
  <system-out/>
  <testcase classname="com.jack.task.Cozen" name="run" time="3.493"/>
  <system-out/>
  <testcase classname="com.jack.task.Cozen" name="run" time="2.753"/>
  <system-out/>
  <testcase classname="com.jack.task.Cozen" name="run" time="2.390"/>
  <system-out/>
  <testcase classname="com.jack.task.Cozen" name="run" time="1.982"/>
  <system-out/>
  <testcase classname="com.jack.task.Cozen" name="run" time="3.058"/>
  <system-out/>
  <testcase classname="com.jack.task.Cozen" name="run" time="3.502"/>
  <system-out/>
  <testcase classname="com.jack.task.Cozen" name="run" time="5.436"/>
  <system-out/>
  <testcase classname="com.jack.task.Cozen" name="run" time="5.426"/>
  <system-out/>
  <testcase classname="com.jack.task.Cozen" name="run" time="3.963"/>
  <system-out/>
  <testcase classname="com.jack.task.Cozen" name="run" time="2.911"/>
  <system-out/>
  <testcase classname="com.jack.task.Cozen" name="run" time="4.465"/>
  <system-out/>
  <testcase classname="com.jack.task.Cozen" name="run" time="5.731"/>
  <system-out/>
  <testcase classname="com.jack.task.Cozen" name="run" time="5.788"/>
  <system-out/>
  <testcase classname="com.jack.task.Cozen" name="run" time="4.617"/>
  <system-out/>
  <testcase classname="com.jack.task.Cozen" name="run" time="4.266"/>
  <system-out/>
  <testcase classname="com.jack.task.Cozen" name="run" time="3.109"/>
  <system-out/>
  <testcase classname="com.jack.task.Cozen" name="run" time="3.833"/>
  <system-out/>
  <testcase classname="com.jack.task.Cozen" name="run" time="3.079"/>
  <system-out/>
  <testcase classname="com.jack.task.Cozen" name="run" time="3.244"/>
  <system-out/>
  <testcase classname="com.jack.task.Cozen" name="run" time="5.551"/>
  <system-out/>
  <testcase classname="com.jack.task.Cozen" name="run" time="3.445"/>
  <system-out/>
  <testcase classname="com.jack.task.Cozen" name="run" time="3.360"/>
  <system-out/>
  <testcase classname="com.jack.task.Cozen" name="run" time="4.563"/>
  <system-out/>
  <testcase classname="com.jack.task.Cozen" name="run" time="2.958"/>
  <system-out/>
  <testcase classname="com.jack.task.Cozen" name="run" time="4.514"/>
  <system-out/>
  <testcase classname="com.jack.task.Cozen" name="run" time="4.019"/>
  <system-out/>
  <testcase classname="com.jack.task.Cozen" name="run" time="2.730"/>
  <system-out/>
  <testcase classname="com.jack.task.Cozen" name="run" time="3.621"/>
  <system-out/>
  <testcase classname="com.jack.task.Cozen" name="run" time="5.417"/>
  <system-out/>
  <testcase classname="com.jack.task.Cozen" name="run" time="5.090"/>
  <system-out/>
  <testcase classname="com.jack.task.Cozen" name="run" time="4.343"/>
  <system-out/>
  <testcase classname="com.jack.task.Cozen" name="run" time="5.102"/>
  <system-out/>
  <testcase classname="com.jack.task.Cozen" name="run" time="5.147"/>
  <system-out/>
  <testcase classname="com.jack.task.Cozen" name="run" time="4.916"/>
  <system-out/>
  <testcase classname="com.jack.task.Cozen" name="run" time="5.496"/>
  <system-out/>
  <testcase classname="com.jack.task.Cozen" name="run" time="2.887"/>
  <system-out/>
  <testcase classname="com.jack.task.Cozen" name="run" time="3.351"/>
  <system-out/>
  <testcase classname="com.jack.task.Cozen" name="run" time="5.893"/>
  <system-out/>
  <testcase classname="com.jack.task.Cozen" name="run" time="3.964"/>
  <system-out/>
  <testcase classname="com.jack.task.Cozen" name="run" time="4.254"/>
  <system-out/>
  <testcase classname="com.jack.task.Cozen" name="run" time="5.357"/>
  <system-out/>
  <testcase classname="com.jack.task.Cozen" name="run" time="4.043"/>
  <system-out/>
  <testcase classname="com.jack.task.Cozen" name="run" time="5.037"/>
  <system-out/>
  <testcase classname="com.jack.task.Cozen" name="run" time="3.328"/>
  <system-out/>
  <testcase classname="com.jack.task.Cozen" name="run" time="4.644"/>
  <system-out/>
  <testcase classname="com.jack.task.Cozen" name="run" time="1.879"/>
  <system-out/>
  <testcase classname="com.jack.task.Cozen" name="run" time="4.938"/>
  <system-out/>
  <testcase classname="com.jack.task.Cozen" name="run" time="3.120"/>
  <system-out/>
  <testcase classname="com.jack.task.Cozen" name="run" time="2.676"/>
  <system-out/>
  <testcase classname="com.jack.task.Cozen" name="run" time="3.622"/>
  <system-out/>
  <testcase classname="com.jack.task.Cozen" name="run" time="1.845"/>
  <system-out/>
  <testcase classname="com.jack.task.Cozen" name="run" time="4.269"/>
  <system-out/>
  <testcase classname="com.jack.task.Cozen" name="run" time="5.466"/>
  <system-out/>
  <testcase classname="com.jack.task.Cozen" name="run" time="5.214"/>
  <system-out/>
  <testcase classname="com.jack.task.Cozen" name="run" time="2.619"/>
  <system-out/>
  <testcase classname="com.jack.task.Cozen" name="run" time="3.905"/>
  <system-out/>
  <testcase classname="com.jack.task.Cozen" name="run" time="4.748"/>
  <system-out/>
  <testcase classname="com.jack.task.Cozen" name="run" time="3.936"/>
  <system-out/>
  <testcase classname="com.jack.task.Cozen" name="run" time="4.662"/>
  <system-out/>
  <testcase classname="com.jack.task.Cozen" name="run" time="4.468"/>
  <system-out/>
  <testcase classname="com.jack.task.Cozen" name="run" time="3.879"/>
  <system-out/>
  <testcase classname="com.jack.task.Cozen" name="run" time="4.457"/>
  <system-out/>
  <testcase classname="com.jack.task.Cozen" name="run" time="4.201"/>
  <system-out/>
  <testcase classname="com.jack.task.Cozen" name="run" time="2.419"/>
  <system-out/>
  <testcase classname="com.jack.task.Cozen" name="run" time="2.390"/>
  <system-out/>
  <testcase classname="com.jack.task.Cozen" name="run" time="3.113"/>
  <system-out/>
  <testcase classname="com.jack.task.Cozen" name="run" time="5.190"/>
  <system-out/>
  <testcase classname="com.jack.task.Cozen" name="run" time="2.742"/>
  <system-out/>
  <testcase classname="com.jack.task.Cozen" name="run" time="2.573"/>
  <system-out/>
  <testcase classname="com.jack.task.Cozen" name="run" time="1.467"/>
  <system-out/>
  <testcase classname="com.jack.task.Cozen" name="run" time="2.131"/>
  <system-out/>
  <testcase classname="com.jack.task.Cozen" name="run" time="3.335"/>
  <system-out/>
  <testcase classname="com.jack.task.Cozen" name="run" time="3.103"/>
  <system-out/>
  <testcase classname="com.jack.task.Cozen" name="run" time="5.480"/>
  <system-out/>
  <testcase classname="com.jack.task.Cozen" name="run" time="5.461"/>
  <system-out/>
  <testcase classname="com.jack.task.Cozen" name="run" time="5.774"/>
  <system-out/>
  <testcase classname="com.jack.task.Cozen" name="run" time="1.994"/>
  <system-out/>
  <testcase classname="com.jack.task.Cozen" name="run" time="3.313"/>
  <system-out/>
  <testcase classname="com.jack.task.Cozen" name="run" time="3.646"/>
  <system-out/>
  <testcase classname="com.jack.task.Cozen" name="run" time="5.056"/>
  <system-out/>
  <testcase classname="com.jack.task.Cozen" name="run" time="3.555"/>
  <system-out/>
  <testcase classname="com.jack.task.Cozen" name="run" time="3.859"/>
  <system-out/>
  <testcase classname="com.jack.task.Cozen" name="run" time="3.193"/>
  <system-out/>
  <testcase classname="com.jack.task.Cozen" name="run" time="3.857"/>
  <system-out/>
  <testcase classname="com.jack.task.Cozen" name="run" time="5.078"/>
  <system-out/>
  <testcase classname="com.jack.task.Cozen" name="run" time="3.287"/>
  <system-out/>
  <testcase classname="com.jack.task.Cozen" name="run" time="3.112"/>
  <system-out/>
  <testcase classname="com.jack.task.Cozen" name="run" time="4.165"/>
  <system-out/>
  <testcase classname="com.jack.task.Cozen" name="run" time="2.507"/>
  <system-out/>
  <testcase classname="com.jack.task.Cozen" name="run" time="4.342"/>
  <system-out/>
  <testcase classname="com.jack.task.Cozen" name="run" time="5.175"/>
  <system-out/>
  <testcase classname="com.jack.task.Cozen" name="run" time="3.963"/>
  <system-out/>
  <testcase classname="com.jack.task.Cozen" name="run" time="2.826"/>
  <system-out/>
  <testcase classname="com.jack.task.Cozen" name="run" time="4.446"/>
  <system-out/>
  <testcase classname="com.jack.task.Cozen" name="run" time="3.061"/>
  <system-out/>
  <testcase classname="com.jack.task.Cozen" name="run" time="4.541"/>
  <system-out/>
  <testcase classname="com.jack.task.Cozen" name="run" time="5.106"/>
  <system-out/>
  <testcase classname="com.jack.task.Cozen" name="run" time="3.575"/>
  <system-out/>
  <testcase classname="com.jack.task.Cozen" name="run" time="3.246"/>
  <system-out/>
  <testcase classname="com.jack.task.Cozen" name="run" time="2.571"/>
  <system-out/>
  <testcase classname="com.jack.task.Cozen" name="run" time="5.381"/>
  <system-out/>
  <testcase classname="com.jack.task.Cozen" name="run" time="4.841"/>
  <system-out/>
  <testcase classname="com.jack.task.Cozen" name="run" time="4.032"/>
  <system-out/>
  <testcase classname="com.jack.task.Cozen" name="run" time="4.909"/>
  <system-out/>
  <testcase classname="com.jack.task.Cozen" name="run" time="2.109"/>
  <system-out/>
  <testcase classname="com.jack.task.Cozen" name="run" time="2.565"/>
  <system-out/>
  <testcase classname="com.jack.task.Cozen" name="run" time="3.125"/>
  <system-out/>
  <testcase classname="com.jack.task.Cozen" name="run" time="4.504"/>
  <system-out/>
  <testcase classname="com.jack.task.Cozen" name="run" time="4.652"/>
  <system-out/>
  <testcase classname="com.jack.task.Cozen" name="run" time="5.195"/>
  <system-out/>
  <testcase classname="com.jack.task.Cozen" name="run" time="3.932"/>
  <system-out/>
  <testcase classname="com.jack.task.Cozen" name="run" time="2.736"/>
  <system-out/>
  <testcase classname="com.jack.task.Cozen" name="run" time="3.074"/>
  <system-out/>
  <testcase classname="com.jack.task.Cozen" name="run" time="2.871"/>
  <system-out/>
  <testcase classname="com.jack.task.Cozen" name="run" time="4.600"/>
  <system-out/>
  <testcase classname="com.jack.task.Cozen" name="run" time="4.456"/>
  <system-out/>
  <testcase classname="com.jack.task.Cozen" name="run" time="2.167"/>
  <system-out/>
  <testcase classname="com.jack.task.Cozen" name="run" time="3.194"/>
  <system-out/>
  <testcase classname="com.jack.task.Cozen" name="run" time="2.839"/>
  <system-out/>
  <testcase classname="com.jack.task.Cozen" name="run" time="5.716"/>
  <system-out/>
  <testcase classname="com.jack.task.Cozen" name="run" time="2.402"/>
  <system-out/>
  <testcase classname="com.jack.task.Cozen" name="run" time="3.528"/>
  <system-out/>
  <testcase classname="com.jack.task.Cozen" name="run" time="3.643"/>
  <system-out/>
  <testcase classname="com.jack.task.Cozen" name="run" time="4.764"/>
  <system-out/>
  <testcase classname="com.jack.task.Cozen" name="run" time="2.709"/>
  <system-out/>
  <testcase classname="com.jack.task.Cozen" name="run" time="4.884"/>
  <system-out/>
  <testcase classname="com.jack.task.Cozen" name="run" time="5.016"/>
  <system-out/>
  <testcase classname="com.jack.task.Cozen" name="run" time="4.731"/>
  <system-out/>
  <testcase classname="com.jack.task.Cozen" name="run" time="5.272"/>
  <system-out/>
  <testcase classname="com.jack.task.Cozen" name="run" time="3.854"/>
  <system-out/>
  <testcase classname="com.jack.task.Cozen" name="run" time="3.501"/>
  <system-out/>
  <testcase classname="com.jack.task.Cozen" name="run" time="2.769"/>
  <system-out/>
  <testcase classname="com.jack.task.Cozen" name="run" time="3.264"/>
  <system-out/>
  <testcase classname="com.jack.task.Cozen" name="run" time="3.081"/>
  <system-out/>
  <testcase classname="com.jack.task.Cozen" name="run" time="2.558"/>
  <system-out/>
  <testcase classname="com.jack.task.Cozen" name="run" time="4.897"/>
  <system-out/>
  <testcase classname="com.jack.task.Cozen" name="run" time="3.929"/>
  <system-out/>
  <testcase classname="com.jack.task.Cozen" name="run" time="5.057"/>
  <system-out/>
  <testcase classname="com.jack.task.Cozen" name="run" time="3.171"/>
  <system-out/>
  <testcase classname="com.jack.task.Cozen" name="run" time="4.450"/>
  <system-out/>
  <testcase classname="com.jack.task.Cozen" name="run" time="6.085"/>
  <system-out/>
  <testcase classname="com.jack.task.Cozen" name="run" time="11.448"/>
  <system-out/>
  <testcase classname="com.jack.task.Cozen" name="run" time="3.775"/>
  <system-out/>
  <testcase classname="com.jack.task.Cozen" name="run" time="3.702"/>
  <system-out/>
  <testcase classname="com.jack.task.Cozen" name="run" time="1.956"/>
  <system-out/>
  <testcase classname="com.jack.task.Cozen" name="run" time="4.736"/>
  <system-out/>
  <testcase classname="com.jack.task.Cozen" name="run" time="4.046"/>
  <system-out/>
  <testcase classname="com.jack.task.Cozen" name="run" time="4.374"/>
  <system-out/>
  <testcase classname="com.jack.task.Cozen" name="run" time="4.503"/>
  <system-out/>
  <testcase classname="com.jack.task.Cozen" name="run" time="2.248"/>
  <system-out/>
  <testcase classname="com.jack.task.Cozen" name="run" time="3.944"/>
  <system-out/>
  <testcase classname="com.jack.task.Cozen" name="run" time="4.093"/>
  <system-out/>
  <testcase classname="com.jack.task.Cozen" name="run" time="2.041"/>
  <system-out/>
  <testcase classname="com.jack.task.Cozen" name="run" time="3.181"/>
  <system-out/>
  <testcase classname="com.jack.task.Cozen" name="run" time="2.760"/>
  <system-out/>
  <testcase classname="com.jack.task.Cozen" name="run" time="4.114"/>
  <system-out/>
  <testcase classname="com.jack.task.Cozen" name="run" time="3.480"/>
  <system-out/>
  <testcase classname="com.jack.task.Cozen" name="run" time="3.554"/>
  <system-out/>
  <testcase classname="com.jack.task.Cozen" name="run" time="5.579"/>
  <system-out/>
  <testcase classname="com.jack.task.Cozen" name="run" time="4.128"/>
  <system-out/>
  <testcase classname="com.jack.task.Cozen" name="run" time="4.602"/>
  <system-out/>
  <testcase classname="com.jack.task.Cozen" name="run" time="3.174"/>
  <system-out/>
  <testcase classname="com.jack.task.Cozen" name="run" time="4.485"/>
  <system-out/>
  <testcase classname="com.jack.task.Cozen" name="run" time="3.035"/>
  <system-out/>
  <testcase classname="com.jack.task.Cozen" name="run" time="4.227"/>
  <system-out/>
  <testcase classname="com.jack.task.Cozen" name="run" time="4.670"/>
  <system-out/>
  <testcase classname="com.jack.task.Cozen" name="run" time="5.050"/>
  <system-out/>
  <testcase classname="com.jack.task.Cozen" name="run" time="2.499"/>
  <system-out/>
  <testcase classname="com.jack.task.Cozen" name="run" time="5.013"/>
  <system-out/>
  <testcase classname="com.jack.task.Cozen" name="run" time="1.959"/>
  <system-out/>
  <testcase classname="com.jack.task.Cozen" name="run" time="2.840"/>
  <system-out/>
  <testcase classname="com.jack.task.Cozen" name="run" time="2.984"/>
  <system-out/>
  <testcase classname="com.jack.task.Cozen" name="run" time="5.505"/>
  <system-out/>
  <testcase classname="com.jack.task.Cozen" name="run" time="3.051"/>
  <system-out/>
  <testcase classname="com.jack.task.Cozen" name="run" time="5.119"/>
  <system-out/>
  <testcase classname="com.jack.task.Cozen" name="run" time="2.055"/>
  <system-out/>
  <testcase classname="com.jack.task.Cozen" name="run" time="4.655"/>
  <system-out/>
  <testcase classname="com.jack.task.Cozen" name="run" time="2.576"/>
  <system-out/>
  <testcase classname="com.jack.task.Cozen" name="run" time="2.521"/>
  <system-out/>
  <testcase classname="com.jack.task.Cozen" name="run" time="3.716"/>
  <system-out/>
  <testcase classname="com.jack.task.Cozen" name="run" time="2.262"/>
  <system-out/>
  <testcase classname="com.jack.task.Cozen" name="run" time="4.722"/>
  <system-out/>
  <testcase classname="com.jack.task.Cozen" name="run" time="4.068"/>
  <system-out/>
  <testcase classname="com.jack.task.Cozen" name="run" time="5.744"/>
  <system-out/>
  <testcase classname="com.jack.task.Cozen" name="run" time="2.793"/>
  <system-out/>
  <testcase classname="com.jack.task.Cozen" name="run" time="3.866"/>
  <system-out/>
  <testcase classname="com.jack.task.Cozen" name="run" time="5.332"/>
  <system-out/>
  <testcase classname="com.jack.task.Cozen" name="run" time="31.413">
    <error message="Expected condition failed: waiting for visibility of element located by By.xpath: //div[@class=&#039;bioinfo&#039;]/h1 (tried for 30 second(s) with 500 milliseconds interval)
Build info: version: &#039;4.7.0&#039;, revision: &#039;0a5b49d16f&#039;
System info: os.name: &#039;Windows 10&#039;, os.arch: &#039;amd64&#039;, os.version: &#039;10.0&#039;, java.version: &#039;11.0.16.1&#039;
Driver info: org.openqa.selenium.chrome.ChromeDriver
Capabilities {acceptInsecureCerts: false, browserName: chrome, browserVersion: 108.0.5359.126, chrome: {chromedriverVersion: 108.0.5359.22 (ec46c90f5938...}, goog:chromeOptions: {debuggerAddress: localhost:8050}, pageLoadStrategy: normal, platformName: ANY, proxy: Proxy(), se:cdp: ws://localhost:8050/devtool..., se:cdpVersion: 108.0.5359.126, setWindowRect: false, strictFileInteractability: false, timeouts: {implicit: 0, pageLoad: 300000, script: 30000}, unhandledPromptBehavior: dismiss and notify, webauthn:extension:credBlob: true, webauthn:extension:largeBlob: true, webauthn:virtualAuthenticators: true}
Session ID: 7754aa5e7512268f244f7649caf029e7" type="org.openqa.selenium.TimeoutException">
      <![CDATA[org.openqa.selenium.TimeoutException: Expected condition failed: waiting for visibility of element located by By.xpath: //div[@class='bioinfo']/h1 (tried for 30 second(s) with 500 milliseconds interval)
Build info: version: '4.7.0', revision: '0a5b49d16f'
System info: os.name: 'Windows 10', os.arch: 'amd64', os.version: '10.0', java.version: '11.0.16.1'
Driver info: org.openqa.selenium.chrome.ChromeDriver
Capabilities {acceptInsecureCerts: false, browserName: chrome, browserVersion: 108.0.5359.126, chrome: {chromedriverVersion: 108.0.5359.22 (ec46c90f5938...}, goog:chromeOptions: {debuggerAddress: localhost:8050}, pageLoadStrategy: normal, platformName: ANY, proxy: Proxy(), se:cdp: ws://localhost:8050/devtool..., se:cdpVersion: 108.0.5359.126, setWindowRect: false, strictFileInteractability: false, timeouts: {implicit: 0, pageLoad: 300000, script: 30000}, unhandledPromptBehavior: dismiss and notify, webauthn:extension:credBlob: true, webauthn:extension:largeBlob: true, webauthn:virtualAuthenticators: true}
Session ID: 7754aa5e7512268f244f7649caf029e7
at org.openqa.selenium.support.ui.WebDriverWait.timeoutException(WebDriverWait.java:87)
at org.openqa.selenium.support.ui.FluentWait.until(FluentWait.java:231)
at com.jack.task.Cozen.run(Cozen.java:64)
at jdk.internal.reflect.GeneratedMethodAccessor1.invoke(Unknown Source)
at java.base/jdk.internal.reflect.DelegatingMethodAccessorImpl.invoke(DelegatingMethodAccessorImpl.java:43)
at java.base/java.lang.reflect.Method.invoke(Method.java:566)
at org.testng.internal.invokers.MethodInvocationHelper.invokeMethod(MethodInvocationHelper.java:139)
at org.testng.internal.invokers.TestInvoker.invokeMethod(TestInvoker.java:677)
at org.testng.internal.invokers.TestInvoker.invokeTestMethod(TestInvoker.java:221)
at org.testng.internal.invokers.MethodRunner.runInSequence(MethodRunner.java:50)
at org.testng.internal.invokers.TestInvoker$MethodInvocationAgent.invoke(TestInvoker.java:962)
at org.testng.internal.invokers.TestInvoker.invokeTestMethods(TestInvoker.java:194)
at org.testng.internal.invokers.TestMethodWorker.invokeTestMethods(TestMethodWorker.java:148)
at org.testng.internal.invokers.TestMethodWorker.run(TestMethodWorker.java:128)
at java.base/java.util.ArrayList.forEach(ArrayList.java:1541)
at org.testng.TestRunner.privateRun(TestRunner.java:806)
at org.testng.TestRunner.run(TestRunner.java:601)
at org.testng.SuiteRunner.runTest(SuiteRunner.java:433)
at org.testng.SuiteRunner.runSequentially(SuiteRunner.java:427)
at org.testng.SuiteRunner.privateRun(SuiteRunner.java:387)
at org.testng.SuiteRunner.run(SuiteRunner.java:330)
at org.testng.SuiteRunnerWorker.runSuite(SuiteRunnerWorker.java:52)
at org.testng.SuiteRunnerWorker.run(SuiteRunnerWorker.java:95)
at org.testng.TestNG.runSuitesSequentially(TestNG.java:1256)
at org.testng.TestNG.runSuitesLocally(TestNG.java:1176)
at org.testng.TestNG.runSuites(TestNG.java:1099)
at org.testng.TestNG.run(TestNG.java:1067)
at org.testng.remote.AbstractRemoteTestNG.run(AbstractRemoteTestNG.java:115)
at org.testng.remote.RemoteTestNG.initAndRun(RemoteTestNG.java:251)
at org.testng.remote.RemoteTestNG.main(RemoteTestNG.java:77)
]]>
    </error>
  </testcase> <!-- run -->
  <system-out/>
  <testcase classname="com.jack.task.Cozen" name="run" time="4.986"/>
  <system-out/>
  <testcase classname="com.jack.task.Cozen" name="run" time="1.998"/>
  <system-out/>
  <testcase classname="com.jack.task.Cozen" name="run" time="4.809"/>
  <system-out/>
  <testcase classname="com.jack.task.Cozen" name="run" time="4.479"/>
  <system-out/>
  <testcase classname="com.jack.task.Cozen" name="run" time="2.579"/>
  <system-out/>
  <testcase classname="com.jack.task.Cozen" name="run" time="4.404"/>
  <system-out/>
  <testcase classname="com.jack.task.Cozen" name="run" time="3.069"/>
  <system-out/>
  <testcase classname="com.jack.task.Cozen" name="run" time="4.735"/>
  <system-out/>
  <testcase classname="com.jack.task.Cozen" name="run" time="2.252"/>
  <system-out/>
  <testcase classname="com.jack.task.Cozen" name="run" time="3.090"/>
  <system-out/>
  <testcase classname="com.jack.task.Cozen" name="run" time="4.372"/>
  <system-out/>
  <testcase classname="com.jack.task.Cozen" name="run" time="5.286"/>
  <system-out/>
  <testcase classname="com.jack.task.Cozen" name="run" time="5.883"/>
  <system-out/>
  <testcase classname="com.jack.task.Cozen" name="run" time="5.236"/>
  <system-out/>
  <testcase classname="com.jack.task.Cozen" name="run" time="7.730"/>
  <system-out/>
  <testcase classname="com.jack.task.Cozen" name="run" time="5.084"/>
  <system-out/>
  <testcase classname="com.jack.task.Cozen" name="run" time="5.774"/>
  <system-out/>
  <testcase classname="com.jack.task.Cozen" name="run" time="3.931"/>
  <system-out/>
  <testcase classname="com.jack.task.Cozen" name="run" time="3.818"/>
  <system-out/>
  <testcase classname="com.jack.task.Cozen" name="run" time="2.037"/>
  <system-out/>
  <testcase classname="com.jack.task.Cozen" name="run" time="1.891"/>
  <system-out/>
  <testcase classname="com.jack.task.Cozen" name="run" time="3.811"/>
  <system-out/>
  <testcase classname="com.jack.task.Cozen" name="run" time="4.203"/>
  <system-out/>
  <testcase classname="com.jack.task.Cozen" name="run" time="3.549"/>
  <system-out/>
  <testcase classname="com.jack.task.Cozen" name="run" time="3.642"/>
  <system-out/>
  <testcase classname="com.jack.task.Cozen" name="run" time="4.961"/>
  <system-out/>
  <testcase classname="com.jack.task.Cozen" name="run" time="4.945"/>
  <system-out/>
  <testcase classname="com.jack.task.Cozen" name="run" time="2.304"/>
  <system-out/>
  <testcase classname="com.jack.task.Cozen" name="run" time="5.665"/>
  <system-out/>
</testsuite> <!-- com.jack.task.Cozen -->
