<?xml version="1.0" encoding="UTF-8"?>
<!-- Generated by org.testng.reporters.JUnitReportReporter -->
<testsuite hostname="DESKTOP-3DLKC1S" failures="0" tests="8" name="com.jack.task3.Jonesday" time="15.751" errors="0" timestamp="2023-03-22T01:19:10 BDT" skipped="0">
  <testcase classname="com.jack.task3.Jonesday" name="run" time="2.076"/>
  <system-out/>
  <testcase classname="com.jack.task3.Jonesday" name="testx" time="0.001"/>
  <system-out/>
  <testcase classname="com.jack.task3.Jonesday" name="run" time="3.268"/>
  <system-out/>
  <testcase classname="com.jack.task3.Jonesday" name="run" time="2.500"/>
  <system-out/>
  <testcase classname="com.jack.task3.Jonesday" name="saveList" time="0.194"/>
  <system-out/>
  <testcase classname="com.jack.task3.Jonesday" name="run" time="2.376"/>
  <system-out/>
  <testcase classname="com.jack.task3.Jonesday" name="run" time="2.730"/>
  <system-out/>
  <testcase classname="com.jack.task3.Jonesday" name="run" time="2.606"/>
  <system-out/>
</testsuite> <!-- com.jack.task3.Jonesday -->
