<?xml version="1.0" encoding="UTF-8"?>
<!-- Generated by org.testng.reporters.JUnitReportReporter -->
<testsuite hostname="DESKTOP-89RDKF8" failures="0" tests="907" name="com.jack.task.Lw" time="4537.903" errors="1" timestamp="2023-01-11T23:44:34 BDT" skipped="0">
  <testcase classname="com.jack.task.Lw" name="run" time="4.577"/>
  <system-out/>
  <testcase classname="com.jack.task.Lw" name="run" time="5.573"/>
  <system-out/>
  <testcase classname="com.jack.task.Lw" name="run" time="8.146"/>
  <system-out/>
  <testcase classname="com.jack.task.Lw" name="run" time="3.721"/>
  <system-out/>
  <testcase classname="com.jack.task.Lw" name="run" time="4.635"/>
  <system-out/>
  <testcase classname="com.jack.task.Lw" name="run" time="3.881"/>
  <system-out/>
  <testcase classname="com.jack.task.Lw" name="run" time="4.561"/>
  <system-out/>
  <testcase classname="com.jack.task.Lw" name="run" time="4.730"/>
  <system-out/>
  <testcase classname="com.jack.task.Lw" name="run" time="5.853"/>
  <system-out/>
  <testcase classname="com.jack.task.Lw" name="run" time="5.960"/>
  <system-out/>
  <testcase classname="com.jack.task.Lw" name="run" time="3.835"/>
  <system-out/>
  <testcase classname="com.jack.task.Lw" name="run" time="5.175"/>
  <system-out/>
  <testcase classname="com.jack.task.Lw" name="run" time="4.585"/>
  <system-out/>
  <testcase classname="com.jack.task.Lw" name="run" time="3.839"/>
  <system-out/>
  <testcase classname="com.jack.task.Lw" name="run" time="5.061"/>
  <system-out/>
  <testcase classname="com.jack.task.Lw" name="run" time="5.729"/>
  <system-out/>
  <testcase classname="com.jack.task.Lw" name="run" time="3.840"/>
  <system-out/>
  <testcase classname="com.jack.task.Lw" name="run" time="4.456"/>
  <system-out/>
  <testcase classname="com.jack.task.Lw" name="run" time="5.676"/>
  <system-out/>
  <testcase classname="com.jack.task.Lw" name="run" time="3.714"/>
  <system-out/>
  <testcase classname="com.jack.task.Lw" name="run" time="2.675"/>
  <system-out/>
  <testcase classname="com.jack.task.Lw" name="run" time="4.738"/>
  <system-out/>
  <testcase classname="com.jack.task.Lw" name="run" time="4.159"/>
  <system-out/>
  <testcase classname="com.jack.task.Lw" name="run" time="4.522"/>
  <system-out/>
  <testcase classname="com.jack.task.Lw" name="run" time="3.151"/>
  <system-out/>
  <testcase classname="com.jack.task.Lw" name="run" time="4.554"/>
  <system-out/>
  <testcase classname="com.jack.task.Lw" name="run" time="3.986"/>
  <system-out/>
  <testcase classname="com.jack.task.Lw" name="run" time="5.152"/>
  <system-out/>
  <testcase classname="com.jack.task.Lw" name="run" time="5.475"/>
  <system-out/>
  <testcase classname="com.jack.task.Lw" name="run" time="3.329"/>
  <system-out/>
  <testcase classname="com.jack.task.Lw" name="run" time="4.131"/>
  <system-out/>
  <testcase classname="com.jack.task.Lw" name="run" time="3.956"/>
  <system-out/>
  <testcase classname="com.jack.task.Lw" name="run" time="4.477"/>
  <system-out/>
  <testcase classname="com.jack.task.Lw" name="run" time="5.689"/>
  <system-out/>
  <testcase classname="com.jack.task.Lw" name="run" time="3.937"/>
  <system-out/>
  <testcase classname="com.jack.task.Lw" name="run" time="6.990"/>
  <system-out/>
  <testcase classname="com.jack.task.Lw" name="run" time="4.424"/>
  <system-out/>
  <testcase classname="com.jack.task.Lw" name="run" time="4.200"/>
  <system-out/>
  <testcase classname="com.jack.task.Lw" name="run" time="5.580"/>
  <system-out/>
  <testcase classname="com.jack.task.Lw" name="run" time="8.715"/>
  <system-out/>
  <testcase classname="com.jack.task.Lw" name="run" time="3.711"/>
  <system-out/>
  <testcase classname="com.jack.task.Lw" name="run" time="3.796"/>
  <system-out/>
  <testcase classname="com.jack.task.Lw" name="run" time="7.748"/>
  <system-out/>
  <testcase classname="com.jack.task.Lw" name="run" time="4.590"/>
  <system-out/>
  <testcase classname="com.jack.task.Lw" name="run" time="4.909"/>
  <system-out/>
  <testcase classname="com.jack.task.Lw" name="run" time="4.003"/>
  <system-out/>
  <testcase classname="com.jack.task.Lw" name="run" time="4.510"/>
  <system-out/>
  <testcase classname="com.jack.task.Lw" name="run" time="5.334"/>
  <system-out/>
  <testcase classname="com.jack.task.Lw" name="run" time="5.011"/>
  <system-out/>
  <testcase classname="com.jack.task.Lw" name="run" time="5.462"/>
  <system-out/>
  <testcase classname="com.jack.task.Lw" name="run" time="4.759"/>
  <system-out/>
  <testcase classname="com.jack.task.Lw" name="run" time="7.626"/>
  <system-out/>
  <testcase classname="com.jack.task.Lw" name="run" time="8.452"/>
  <system-out/>
  <testcase classname="com.jack.task.Lw" name="run" time="3.271"/>
  <system-out/>
  <testcase classname="com.jack.task.Lw" name="run" time="7.412"/>
  <system-out/>
  <testcase classname="com.jack.task.Lw" name="run" time="7.466"/>
  <system-out/>
  <testcase classname="com.jack.task.Lw" name="run" time="6.188"/>
  <system-out/>
  <testcase classname="com.jack.task.Lw" name="run" time="3.328"/>
  <system-out/>
  <testcase classname="com.jack.task.Lw" name="run" time="4.551"/>
  <system-out/>
  <testcase classname="com.jack.task.Lw" name="run" time="5.185"/>
  <system-out/>
  <testcase classname="com.jack.task.Lw" name="run" time="7.045"/>
  <system-out/>
  <testcase classname="com.jack.task.Lw" name="run" time="5.823"/>
  <system-out/>
  <testcase classname="com.jack.task.Lw" name="run" time="3.337"/>
  <system-out/>
  <testcase classname="com.jack.task.Lw" name="run" time="5.899"/>
  <system-out/>
  <testcase classname="com.jack.task.Lw" name="run" time="4.723"/>
  <system-out/>
  <testcase classname="com.jack.task.Lw" name="run" time="3.846"/>
  <system-out/>
  <testcase classname="com.jack.task.Lw" name="run" time="5.506"/>
  <system-out/>
  <testcase classname="com.jack.task.Lw" name="run" time="5.382"/>
  <system-out/>
  <testcase classname="com.jack.task.Lw" name="run" time="5.248"/>
  <system-out/>
  <testcase classname="com.jack.task.Lw" name="run" time="3.665"/>
  <system-out/>
  <testcase classname="com.jack.task.Lw" name="run" time="5.019"/>
  <system-out/>
  <testcase classname="com.jack.task.Lw" name="run" time="5.041"/>
  <system-out/>
  <testcase classname="com.jack.task.Lw" name="run" time="4.121"/>
  <system-out/>
  <testcase classname="com.jack.task.Lw" name="run" time="5.853"/>
  <system-out/>
  <testcase classname="com.jack.task.Lw" name="run" time="6.512"/>
  <system-out/>
  <testcase classname="com.jack.task.Lw" name="run" time="6.132"/>
  <system-out/>
  <testcase classname="com.jack.task.Lw" name="run" time="5.454"/>
  <system-out/>
  <testcase classname="com.jack.task.Lw" name="run" time="3.711"/>
  <system-out/>
  <testcase classname="com.jack.task.Lw" name="run" time="5.271"/>
  <system-out/>
  <testcase classname="com.jack.task.Lw" name="run" time="3.669"/>
  <system-out/>
  <testcase classname="com.jack.task.Lw" name="run" time="4.343"/>
  <system-out/>
  <testcase classname="com.jack.task.Lw" name="run" time="6.619"/>
  <system-out/>
  <testcase classname="com.jack.task.Lw" name="run" time="5.109"/>
  <system-out/>
  <testcase classname="com.jack.task.Lw" name="run" time="4.565"/>
  <system-out/>
  <testcase classname="com.jack.task.Lw" name="run" time="6.652"/>
  <system-out/>
  <testcase classname="com.jack.task.Lw" name="run" time="5.596"/>
  <system-out/>
  <testcase classname="com.jack.task.Lw" name="run" time="5.636"/>
  <system-out/>
  <testcase classname="com.jack.task.Lw" name="run" time="6.072"/>
  <system-out/>
  <testcase classname="com.jack.task.Lw" name="run" time="6.759"/>
  <system-out/>
  <testcase classname="com.jack.task.Lw" name="run" time="3.934"/>
  <system-out/>
  <testcase classname="com.jack.task.Lw" name="run" time="3.837"/>
  <system-out/>
  <testcase classname="com.jack.task.Lw" name="run" time="4.015"/>
  <system-out/>
  <testcase classname="com.jack.task.Lw" name="run" time="5.894"/>
  <system-out/>
  <testcase classname="com.jack.task.Lw" name="run" time="7.439"/>
  <system-out/>
  <testcase classname="com.jack.task.Lw" name="run" time="5.895"/>
  <system-out/>
  <testcase classname="com.jack.task.Lw" name="run" time="5.906"/>
  <system-out/>
  <testcase classname="com.jack.task.Lw" name="run" time="5.120"/>
  <system-out/>
  <testcase classname="com.jack.task.Lw" name="run" time="4.769"/>
  <system-out/>
  <testcase classname="com.jack.task.Lw" name="run" time="5.687"/>
  <system-out/>
  <testcase classname="com.jack.task.Lw" name="run" time="5.356"/>
  <system-out/>
  <testcase classname="com.jack.task.Lw" name="run" time="3.438"/>
  <system-out/>
  <testcase classname="com.jack.task.Lw" name="run" time="4.685"/>
  <system-out/>
  <testcase classname="com.jack.task.Lw" name="run" time="4.899"/>
  <system-out/>
  <testcase classname="com.jack.task.Lw" name="run" time="6.392"/>
  <system-out/>
  <testcase classname="com.jack.task.Lw" name="run" time="3.852"/>
  <system-out/>
  <testcase classname="com.jack.task.Lw" name="run" time="7.128"/>
  <system-out/>
  <testcase classname="com.jack.task.Lw" name="run" time="5.969"/>
  <system-out/>
  <testcase classname="com.jack.task.Lw" name="run" time="3.371"/>
  <system-out/>
  <testcase classname="com.jack.task.Lw" name="run" time="3.841"/>
  <system-out/>
  <testcase classname="com.jack.task.Lw" name="run" time="5.375"/>
  <system-out/>
  <testcase classname="com.jack.task.Lw" name="run" time="3.301"/>
  <system-out/>
  <testcase classname="com.jack.task.Lw" name="run" time="5.378"/>
  <system-out/>
  <testcase classname="com.jack.task.Lw" name="run" time="8.209"/>
  <system-out/>
  <testcase classname="com.jack.task.Lw" name="run" time="8.337"/>
  <system-out/>
  <testcase classname="com.jack.task.Lw" name="run" time="2.986"/>
  <system-out/>
  <testcase classname="com.jack.task.Lw" name="run" time="3.648"/>
  <system-out/>
  <testcase classname="com.jack.task.Lw" name="run" time="4.284"/>
  <system-out/>
  <testcase classname="com.jack.task.Lw" name="run" time="4.112"/>
  <system-out/>
  <testcase classname="com.jack.task.Lw" name="run" time="5.503"/>
  <system-out/>
  <testcase classname="com.jack.task.Lw" name="run" time="3.966"/>
  <system-out/>
  <testcase classname="com.jack.task.Lw" name="run" time="5.039"/>
  <system-out/>
  <testcase classname="com.jack.task.Lw" name="run" time="5.133"/>
  <system-out/>
  <testcase classname="com.jack.task.Lw" name="run" time="3.528"/>
  <system-out/>
  <testcase classname="com.jack.task.Lw" name="run" time="7.168"/>
  <system-out/>
  <testcase classname="com.jack.task.Lw" name="run" time="4.031"/>
  <system-out/>
  <testcase classname="com.jack.task.Lw" name="run" time="4.587"/>
  <system-out/>
  <testcase classname="com.jack.task.Lw" name="run" time="4.527"/>
  <system-out/>
  <testcase classname="com.jack.task.Lw" name="run" time="5.553"/>
  <system-out/>
  <testcase classname="com.jack.task.Lw" name="run" time="4.423"/>
  <system-out/>
  <testcase classname="com.jack.task.Lw" name="run" time="4.322"/>
  <system-out/>
  <testcase classname="com.jack.task.Lw" name="run" time="3.304"/>
  <system-out/>
  <testcase classname="com.jack.task.Lw" name="run" time="5.332"/>
  <system-out/>
  <testcase classname="com.jack.task.Lw" name="run" time="5.491"/>
  <system-out/>
  <testcase classname="com.jack.task.Lw" name="run" time="7.216"/>
  <system-out/>
  <testcase classname="com.jack.task.Lw" name="run" time="5.256"/>
  <system-out/>
  <testcase classname="com.jack.task.Lw" name="run" time="6.985"/>
  <system-out/>
  <testcase classname="com.jack.task.Lw" name="run" time="6.092"/>
  <system-out/>
  <testcase classname="com.jack.task.Lw" name="run" time="7.468"/>
  <system-out/>
  <testcase classname="com.jack.task.Lw" name="run" time="4.569"/>
  <system-out/>
  <testcase classname="com.jack.task.Lw" name="run" time="4.572"/>
  <system-out/>
  <testcase classname="com.jack.task.Lw" name="run" time="4.540"/>
  <system-out/>
  <testcase classname="com.jack.task.Lw" name="run" time="3.933"/>
  <system-out/>
  <testcase classname="com.jack.task.Lw" name="run" time="3.883"/>
  <system-out/>
  <testcase classname="com.jack.task.Lw" name="run" time="5.415"/>
  <system-out/>
  <testcase classname="com.jack.task.Lw" name="run" time="4.333"/>
  <system-out/>
  <testcase classname="com.jack.task.Lw" name="run" time="7.456"/>
  <system-out/>
  <testcase classname="com.jack.task.Lw" name="run" time="4.561"/>
  <system-out/>
  <testcase classname="com.jack.task.Lw" name="run" time="4.980"/>
  <system-out/>
  <testcase classname="com.jack.task.Lw" name="run" time="3.556"/>
  <system-out/>
  <testcase classname="com.jack.task.Lw" name="run" time="3.894"/>
  <system-out/>
  <testcase classname="com.jack.task.Lw" name="run" time="4.486"/>
  <system-out/>
  <testcase classname="com.jack.task.Lw" name="run" time="3.166"/>
  <system-out/>
  <testcase classname="com.jack.task.Lw" name="run" time="3.257"/>
  <system-out/>
  <testcase classname="com.jack.task.Lw" name="run" time="6.249"/>
  <system-out/>
  <testcase classname="com.jack.task.Lw" name="run" time="5.901"/>
  <system-out/>
  <testcase classname="com.jack.task.Lw" name="run" time="4.719"/>
  <system-out/>
  <testcase classname="com.jack.task.Lw" name="run" time="5.707"/>
  <system-out/>
  <testcase classname="com.jack.task.Lw" name="run" time="2.850"/>
  <system-out/>
  <testcase classname="com.jack.task.Lw" name="run" time="6.217"/>
  <system-out/>
  <testcase classname="com.jack.task.Lw" name="run" time="4.403"/>
  <system-out/>
  <testcase classname="com.jack.task.Lw" name="run" time="4.517"/>
  <system-out/>
  <testcase classname="com.jack.task.Lw" name="run" time="4.409"/>
  <system-out/>
  <testcase classname="com.jack.task.Lw" name="run" time="4.414"/>
  <system-out/>
  <testcase classname="com.jack.task.Lw" name="run" time="5.803"/>
  <system-out/>
  <testcase classname="com.jack.task.Lw" name="run" time="4.724"/>
  <system-out/>
  <testcase classname="com.jack.task.Lw" name="run" time="3.979"/>
  <system-out/>
  <testcase classname="com.jack.task.Lw" name="run" time="5.427"/>
  <system-out/>
  <testcase classname="com.jack.task.Lw" name="run" time="4.104"/>
  <system-out/>
  <testcase classname="com.jack.task.Lw" name="run" time="3.039"/>
  <system-out/>
  <testcase classname="com.jack.task.Lw" name="run" time="6.586"/>
  <system-out/>
  <testcase classname="com.jack.task.Lw" name="run" time="4.003"/>
  <system-out/>
  <testcase classname="com.jack.task.Lw" name="run" time="4.832"/>
  <system-out/>
  <testcase classname="com.jack.task.Lw" name="run" time="6.126"/>
  <system-out/>
  <testcase classname="com.jack.task.Lw" name="run" time="5.362"/>
  <system-out/>
  <testcase classname="com.jack.task.Lw" name="run" time="5.370"/>
  <system-out/>
  <testcase classname="com.jack.task.Lw" name="run" time="3.586"/>
  <system-out/>
  <testcase classname="com.jack.task.Lw" name="run" time="3.432"/>
  <system-out/>
  <testcase classname="com.jack.task.Lw" name="run" time="5.555"/>
  <system-out/>
  <testcase classname="com.jack.task.Lw" name="run" time="5.938"/>
  <system-out/>
  <testcase classname="com.jack.task.Lw" name="run" time="4.690"/>
  <system-out/>
  <testcase classname="com.jack.task.Lw" name="run" time="6.176"/>
  <system-out/>
  <testcase classname="com.jack.task.Lw" name="run" time="5.908"/>
  <system-out/>
  <testcase classname="com.jack.task.Lw" name="run" time="4.540"/>
  <system-out/>
  <testcase classname="com.jack.task.Lw" name="run" time="5.401"/>
  <system-out/>
  <testcase classname="com.jack.task.Lw" name="run" time="4.389"/>
  <system-out/>
  <testcase classname="com.jack.task.Lw" name="run" time="7.384"/>
  <system-out/>
  <testcase classname="com.jack.task.Lw" name="run" time="3.583"/>
  <system-out/>
  <testcase classname="com.jack.task.Lw" name="run" time="5.567"/>
  <system-out/>
  <testcase classname="com.jack.task.Lw" name="run" time="4.241"/>
  <system-out/>
  <testcase classname="com.jack.task.Lw" name="run" time="4.692"/>
  <system-out/>
  <testcase classname="com.jack.task.Lw" name="run" time="5.325"/>
  <system-out/>
  <testcase classname="com.jack.task.Lw" name="run" time="4.975"/>
  <system-out/>
  <testcase classname="com.jack.task.Lw" name="run" time="6.976"/>
  <system-out/>
  <testcase classname="com.jack.task.Lw" name="run" time="9.012"/>
  <system-out/>
  <testcase classname="com.jack.task.Lw" name="run" time="6.289"/>
  <system-out/>
  <testcase classname="com.jack.task.Lw" name="run" time="4.817"/>
  <system-out/>
  <testcase classname="com.jack.task.Lw" name="run" time="3.639"/>
  <system-out/>
  <testcase classname="com.jack.task.Lw" name="run" time="3.206"/>
  <system-out/>
  <testcase classname="com.jack.task.Lw" name="run" time="3.865"/>
  <system-out/>
  <testcase classname="com.jack.task.Lw" name="run" time="3.851"/>
  <system-out/>
  <testcase classname="com.jack.task.Lw" name="run" time="4.498"/>
  <system-out/>
  <testcase classname="com.jack.task.Lw" name="run" time="5.088"/>
  <system-out/>
  <testcase classname="com.jack.task.Lw" name="run" time="5.410"/>
  <system-out/>
  <testcase classname="com.jack.task.Lw" name="run" time="5.359"/>
  <system-out/>
  <testcase classname="com.jack.task.Lw" name="run" time="4.178"/>
  <system-out/>
  <testcase classname="com.jack.task.Lw" name="run" time="5.405"/>
  <system-out/>
  <testcase classname="com.jack.task.Lw" name="run" time="3.201"/>
  <system-out/>
  <testcase classname="com.jack.task.Lw" name="run" time="5.806"/>
  <system-out/>
  <testcase classname="com.jack.task.Lw" name="run" time="4.404"/>
  <system-out/>
  <testcase classname="com.jack.task.Lw" name="run" time="3.399"/>
  <system-out/>
  <testcase classname="com.jack.task.Lw" name="run" time="6.492"/>
  <system-out/>
  <testcase classname="com.jack.task.Lw" name="run" time="5.023"/>
  <system-out/>
  <testcase classname="com.jack.task.Lw" name="run" time="7.208"/>
  <system-out/>
  <testcase classname="com.jack.task.Lw" name="run" time="4.321"/>
  <system-out/>
  <testcase classname="com.jack.task.Lw" name="run" time="6.547"/>
  <system-out/>
  <testcase classname="com.jack.task.Lw" name="run" time="5.049"/>
  <system-out/>
  <testcase classname="com.jack.task.Lw" name="run" time="3.367"/>
  <system-out/>
  <testcase classname="com.jack.task.Lw" name="run" time="4.955"/>
  <system-out/>
  <testcase classname="com.jack.task.Lw" name="run" time="3.986"/>
  <system-out/>
  <testcase classname="com.jack.task.Lw" name="run" time="5.024"/>
  <system-out/>
  <testcase classname="com.jack.task.Lw" name="run" time="3.341"/>
  <system-out/>
  <testcase classname="com.jack.task.Lw" name="run" time="3.761"/>
  <system-out/>
  <testcase classname="com.jack.task.Lw" name="run" time="6.113"/>
  <system-out/>
  <testcase classname="com.jack.task.Lw" name="run" time="5.350"/>
  <system-out/>
  <testcase classname="com.jack.task.Lw" name="run" time="5.091"/>
  <system-out/>
  <testcase classname="com.jack.task.Lw" name="run" time="4.245"/>
  <system-out/>
  <testcase classname="com.jack.task.Lw" name="run" time="4.568"/>
  <system-out/>
  <testcase classname="com.jack.task.Lw" name="run" time="5.983"/>
  <system-out/>
  <testcase classname="com.jack.task.Lw" name="run" time="4.356"/>
  <system-out/>
  <testcase classname="com.jack.task.Lw" name="run" time="3.542"/>
  <system-out/>
  <testcase classname="com.jack.task.Lw" name="run" time="3.048"/>
  <system-out/>
  <testcase classname="com.jack.task.Lw" name="run" time="4.675"/>
  <system-out/>
  <testcase classname="com.jack.task.Lw" name="run" time="3.702"/>
  <system-out/>
  <testcase classname="com.jack.task.Lw" name="run" time="5.123"/>
  <system-out/>
  <testcase classname="com.jack.task.Lw" name="run" time="4.441"/>
  <system-out/>
  <testcase classname="com.jack.task.Lw" name="run" time="4.799"/>
  <system-out/>
  <testcase classname="com.jack.task.Lw" name="run" time="3.772"/>
  <system-out/>
  <testcase classname="com.jack.task.Lw" name="run" time="4.936"/>
  <system-out/>
  <testcase classname="com.jack.task.Lw" name="run" time="4.615"/>
  <system-out/>
  <testcase classname="com.jack.task.Lw" name="run" time="4.695"/>
  <system-out/>
  <testcase classname="com.jack.task.Lw" name="run" time="4.636"/>
  <system-out/>
  <testcase classname="com.jack.task.Lw" name="run" time="4.732"/>
  <system-out/>
  <testcase classname="com.jack.task.Lw" name="run" time="4.209"/>
  <system-out/>
  <testcase classname="com.jack.task.Lw" name="run" time="5.110"/>
  <system-out/>
  <testcase classname="com.jack.task.Lw" name="run" time="4.103"/>
  <system-out/>
  <testcase classname="com.jack.task.Lw" name="run" time="4.144"/>
  <system-out/>
  <testcase classname="com.jack.task.Lw" name="run" time="4.317"/>
  <system-out/>
  <testcase classname="com.jack.task.Lw" name="run" time="4.407"/>
  <system-out/>
  <testcase classname="com.jack.task.Lw" name="run" time="5.277"/>
  <system-out/>
  <testcase classname="com.jack.task.Lw" name="run" time="5.341"/>
  <system-out/>
  <testcase classname="com.jack.task.Lw" name="run" time="10.233"/>
  <system-out/>
  <testcase classname="com.jack.task.Lw" name="run" time="4.222"/>
  <system-out/>
  <testcase classname="com.jack.task.Lw" name="run" time="5.144"/>
  <system-out/>
  <testcase classname="com.jack.task.Lw" name="run" time="6.706"/>
  <system-out/>
  <testcase classname="com.jack.task.Lw" name="run" time="5.435"/>
  <system-out/>
  <testcase classname="com.jack.task.Lw" name="run" time="5.355"/>
  <system-out/>
  <testcase classname="com.jack.task.Lw" name="run" time="4.421"/>
  <system-out/>
  <testcase classname="com.jack.task.Lw" name="run" time="4.248"/>
  <system-out/>
  <testcase classname="com.jack.task.Lw" name="run" time="4.956"/>
  <system-out/>
  <testcase classname="com.jack.task.Lw" name="run" time="5.488"/>
  <system-out/>
  <testcase classname="com.jack.task.Lw" name="run" time="4.031"/>
  <system-out/>
  <testcase classname="com.jack.task.Lw" name="run" time="7.677"/>
  <system-out/>
  <testcase classname="com.jack.task.Lw" name="run" time="4.161"/>
  <system-out/>
  <testcase classname="com.jack.task.Lw" name="run" time="3.166"/>
  <system-out/>
  <testcase classname="com.jack.task.Lw" name="run" time="3.729"/>
  <system-out/>
  <testcase classname="com.jack.task.Lw" name="run" time="4.376"/>
  <system-out/>
  <testcase classname="com.jack.task.Lw" name="run" time="6.501"/>
  <system-out/>
  <testcase classname="com.jack.task.Lw" name="run" time="4.986"/>
  <system-out/>
  <testcase classname="com.jack.task.Lw" name="run" time="4.008"/>
  <system-out/>
  <testcase classname="com.jack.task.Lw" name="run" time="3.150"/>
  <system-out/>
  <testcase classname="com.jack.task.Lw" name="run" time="4.817"/>
  <system-out/>
  <testcase classname="com.jack.task.Lw" name="run" time="4.130"/>
  <system-out/>
  <testcase classname="com.jack.task.Lw" name="run" time="5.738"/>
  <system-out/>
  <testcase classname="com.jack.task.Lw" name="run" time="3.131"/>
  <system-out/>
  <testcase classname="com.jack.task.Lw" name="run" time="4.119"/>
  <system-out/>
  <testcase classname="com.jack.task.Lw" name="run" time="5.030"/>
  <system-out/>
  <testcase classname="com.jack.task.Lw" name="run" time="4.650"/>
  <system-out/>
  <testcase classname="com.jack.task.Lw" name="run" time="4.479"/>
  <system-out/>
  <testcase classname="com.jack.task.Lw" name="run" time="4.953"/>
  <system-out/>
  <testcase classname="com.jack.task.Lw" name="run" time="6.671"/>
  <system-out/>
  <testcase classname="com.jack.task.Lw" name="run" time="3.883"/>
  <system-out/>
  <testcase classname="com.jack.task.Lw" name="run" time="4.739"/>
  <system-out/>
  <testcase classname="com.jack.task.Lw" name="run" time="4.840"/>
  <system-out/>
  <testcase classname="com.jack.task.Lw" name="run" time="3.631"/>
  <system-out/>
  <testcase classname="com.jack.task.Lw" name="run" time="5.689"/>
  <system-out/>
  <testcase classname="com.jack.task.Lw" name="run" time="3.839"/>
  <system-out/>
  <testcase classname="com.jack.task.Lw" name="run" time="5.074"/>
  <system-out/>
  <testcase classname="com.jack.task.Lw" name="run" time="3.469"/>
  <system-out/>
  <testcase classname="com.jack.task.Lw" name="run" time="4.140"/>
  <system-out/>
  <testcase classname="com.jack.task.Lw" name="run" time="6.327"/>
  <system-out/>
  <testcase classname="com.jack.task.Lw" name="run" time="5.683"/>
  <system-out/>
  <testcase classname="com.jack.task.Lw" name="run" time="5.519"/>
  <system-out/>
  <testcase classname="com.jack.task.Lw" name="run" time="5.445"/>
  <system-out/>
  <testcase classname="com.jack.task.Lw" name="run" time="6.325"/>
  <system-out/>
  <testcase classname="com.jack.task.Lw" name="run" time="4.765"/>
  <system-out/>
  <testcase classname="com.jack.task.Lw" name="run" time="4.844"/>
  <system-out/>
  <testcase classname="com.jack.task.Lw" name="run" time="4.772"/>
  <system-out/>
  <testcase classname="com.jack.task.Lw" name="run" time="4.445"/>
  <system-out/>
  <testcase classname="com.jack.task.Lw" name="run" time="4.871"/>
  <system-out/>
  <testcase classname="com.jack.task.Lw" name="run" time="6.119"/>
  <system-out/>
  <testcase classname="com.jack.task.Lw" name="run" time="4.922"/>
  <system-out/>
  <testcase classname="com.jack.task.Lw" name="run" time="5.524"/>
  <system-out/>
  <testcase classname="com.jack.task.Lw" name="run" time="4.132"/>
  <system-out/>
  <testcase classname="com.jack.task.Lw" name="run" time="5.617"/>
  <system-out/>
  <testcase classname="com.jack.task.Lw" name="run" time="5.992"/>
  <system-out/>
  <testcase classname="com.jack.task.Lw" name="run" time="4.457"/>
  <system-out/>
  <testcase classname="com.jack.task.Lw" name="run" time="5.256"/>
  <system-out/>
  <testcase classname="com.jack.task.Lw" name="run" time="7.635"/>
  <system-out/>
  <testcase classname="com.jack.task.Lw" name="run" time="5.058"/>
  <system-out/>
  <testcase classname="com.jack.task.Lw" name="run" time="4.603"/>
  <system-out/>
  <testcase classname="com.jack.task.Lw" name="run" time="4.770"/>
  <system-out/>
  <testcase classname="com.jack.task.Lw" name="run" time="4.468"/>
  <system-out/>
  <testcase classname="com.jack.task.Lw" name="run" time="3.801"/>
  <system-out/>
  <testcase classname="com.jack.task.Lw" name="run" time="15.795"/>
  <system-out/>
  <testcase classname="com.jack.task.Lw" name="run" time="4.240"/>
  <system-out/>
  <testcase classname="com.jack.task.Lw" name="run" time="4.331"/>
  <system-out/>
  <testcase classname="com.jack.task.Lw" name="run" time="3.371"/>
  <system-out/>
  <testcase classname="com.jack.task.Lw" name="run" time="4.122"/>
  <system-out/>
  <testcase classname="com.jack.task.Lw" name="run" time="3.459"/>
  <system-out/>
  <testcase classname="com.jack.task.Lw" name="run" time="5.318"/>
  <system-out/>
  <testcase classname="com.jack.task.Lw" name="run" time="11.830"/>
  <system-out/>
  <testcase classname="com.jack.task.Lw" name="run" time="3.065"/>
  <system-out/>
  <testcase classname="com.jack.task.Lw" name="run" time="4.721"/>
  <system-out/>
  <testcase classname="com.jack.task.Lw" name="run" time="4.019"/>
  <system-out/>
  <testcase classname="com.jack.task.Lw" name="run" time="5.255"/>
  <system-out/>
  <testcase classname="com.jack.task.Lw" name="run" time="4.177"/>
  <system-out/>
  <testcase classname="com.jack.task.Lw" name="run" time="6.096"/>
  <system-out/>
  <testcase classname="com.jack.task.Lw" name="run" time="4.163"/>
  <system-out/>
  <testcase classname="com.jack.task.Lw" name="run" time="4.275"/>
  <system-out/>
  <testcase classname="com.jack.task.Lw" name="run" time="4.157"/>
  <system-out/>
  <testcase classname="com.jack.task.Lw" name="run" time="6.891"/>
  <system-out/>
  <testcase classname="com.jack.task.Lw" name="run" time="3.868"/>
  <system-out/>
  <testcase classname="com.jack.task.Lw" name="run" time="4.919"/>
  <system-out/>
  <testcase classname="com.jack.task.Lw" name="run" time="5.118"/>
  <system-out/>
  <testcase classname="com.jack.task.Lw" name="run" time="5.783"/>
  <system-out/>
  <testcase classname="com.jack.task.Lw" name="run" time="5.805"/>
  <system-out/>
  <testcase classname="com.jack.task.Lw" name="run" time="4.337"/>
  <system-out/>
  <testcase classname="com.jack.task.Lw" name="run" time="5.451"/>
  <system-out/>
  <testcase classname="com.jack.task.Lw" name="run" time="7.250"/>
  <system-out/>
  <testcase classname="com.jack.task.Lw" name="run" time="4.382"/>
  <system-out/>
  <testcase classname="com.jack.task.Lw" name="run" time="5.464"/>
  <system-out/>
  <testcase classname="com.jack.task.Lw" name="run" time="6.966"/>
  <system-out/>
  <testcase classname="com.jack.task.Lw" name="run" time="8.071"/>
  <system-out/>
  <testcase classname="com.jack.task.Lw" name="run" time="3.746"/>
  <system-out/>
  <testcase classname="com.jack.task.Lw" name="run" time="4.396"/>
  <system-out/>
  <testcase classname="com.jack.task.Lw" name="run" time="4.625"/>
  <system-out/>
  <testcase classname="com.jack.task.Lw" name="run" time="4.558"/>
  <system-out/>
  <testcase classname="com.jack.task.Lw" name="run" time="5.006"/>
  <system-out/>
  <testcase classname="com.jack.task.Lw" name="run" time="6.699"/>
  <system-out/>
  <testcase classname="com.jack.task.Lw" name="run" time="4.797"/>
  <system-out/>
  <testcase classname="com.jack.task.Lw" name="run" time="3.944"/>
  <system-out/>
  <testcase classname="com.jack.task.Lw" name="run" time="5.114"/>
  <system-out/>
  <testcase classname="com.jack.task.Lw" name="run" time="4.373"/>
  <system-out/>
  <testcase classname="com.jack.task.Lw" name="run" time="4.566"/>
  <system-out/>
  <testcase classname="com.jack.task.Lw" name="run" time="3.941"/>
  <system-out/>
  <testcase classname="com.jack.task.Lw" name="run" time="5.716"/>
  <system-out/>
  <testcase classname="com.jack.task.Lw" name="run" time="6.584"/>
  <system-out/>
  <testcase classname="com.jack.task.Lw" name="run" time="3.718"/>
  <system-out/>
  <testcase classname="com.jack.task.Lw" name="run" time="6.702"/>
  <system-out/>
  <testcase classname="com.jack.task.Lw" name="run" time="9.862"/>
  <system-out/>
  <testcase classname="com.jack.task.Lw" name="run" time="3.369"/>
  <system-out/>
  <testcase classname="com.jack.task.Lw" name="run" time="4.736"/>
  <system-out/>
  <testcase classname="com.jack.task.Lw" name="run" time="3.373"/>
  <system-out/>
  <testcase classname="com.jack.task.Lw" name="run" time="3.431"/>
  <system-out/>
  <testcase classname="com.jack.task.Lw" name="run" time="5.673"/>
  <system-out/>
  <testcase classname="com.jack.task.Lw" name="run" time="6.907"/>
  <system-out/>
  <testcase classname="com.jack.task.Lw" name="run" time="5.471"/>
  <system-out/>
  <testcase classname="com.jack.task.Lw" name="run" time="4.601"/>
  <system-out/>
  <testcase classname="com.jack.task.Lw" name="run" time="4.906"/>
  <system-out/>
  <testcase classname="com.jack.task.Lw" name="run" time="4.177"/>
  <system-out/>
  <testcase classname="com.jack.task.Lw" name="run" time="4.855"/>
  <system-out/>
  <testcase classname="com.jack.task.Lw" name="run" time="3.901"/>
  <system-out/>
  <testcase classname="com.jack.task.Lw" name="run" time="6.239"/>
  <system-out/>
  <testcase classname="com.jack.task.Lw" name="run" time="7.801"/>
  <system-out/>
  <testcase classname="com.jack.task.Lw" name="run" time="3.811"/>
  <system-out/>
  <testcase classname="com.jack.task.Lw" name="run" time="4.554"/>
  <system-out/>
  <testcase classname="com.jack.task.Lw" name="run" time="3.955"/>
  <system-out/>
  <testcase classname="com.jack.task.Lw" name="run" time="3.200"/>
  <system-out/>
  <testcase classname="com.jack.task.Lw" name="run" time="4.370"/>
  <system-out/>
  <testcase classname="com.jack.task.Lw" name="run" time="5.325"/>
  <system-out/>
  <testcase classname="com.jack.task.Lw" name="run" time="4.889"/>
  <system-out/>
  <testcase classname="com.jack.task.Lw" name="run" time="10.915"/>
  <system-out/>
  <testcase classname="com.jack.task.Lw" name="run" time="4.386"/>
  <system-out/>
  <testcase classname="com.jack.task.Lw" name="run" time="4.919"/>
  <system-out/>
  <testcase classname="com.jack.task.Lw" name="run" time="5.857"/>
  <system-out/>
  <testcase classname="com.jack.task.Lw" name="run" time="3.886"/>
  <system-out/>
  <testcase classname="com.jack.task.Lw" name="run" time="4.695"/>
  <system-out/>
  <testcase classname="com.jack.task.Lw" name="run" time="4.168"/>
  <system-out/>
  <testcase classname="com.jack.task.Lw" name="run" time="3.926"/>
  <system-out/>
  <testcase classname="com.jack.task.Lw" name="run" time="4.490"/>
  <system-out/>
  <testcase classname="com.jack.task.Lw" name="run" time="7.340"/>
  <system-out/>
  <testcase classname="com.jack.task.Lw" name="run" time="5.334"/>
  <system-out/>
  <testcase classname="com.jack.task.Lw" name="run" time="6.486"/>
  <system-out/>
  <testcase classname="com.jack.task.Lw" name="run" time="5.944"/>
  <system-out/>
  <testcase classname="com.jack.task.Lw" name="run" time="3.643"/>
  <system-out/>
  <testcase classname="com.jack.task.Lw" name="run" time="5.157"/>
  <system-out/>
  <testcase classname="com.jack.task.Lw" name="run" time="9.983"/>
  <system-out/>
  <testcase classname="com.jack.task.Lw" name="run" time="4.583"/>
  <system-out/>
  <testcase classname="com.jack.task.Lw" name="run" time="4.773"/>
  <system-out/>
  <testcase classname="com.jack.task.Lw" name="run" time="4.748"/>
  <system-out/>
  <testcase classname="com.jack.task.Lw" name="run" time="4.401"/>
  <system-out/>
  <testcase classname="com.jack.task.Lw" name="run" time="6.616"/>
  <system-out/>
  <testcase classname="com.jack.task.Lw" name="run" time="3.658"/>
  <system-out/>
  <testcase classname="com.jack.task.Lw" name="run" time="4.464"/>
  <system-out/>
  <testcase classname="com.jack.task.Lw" name="run" time="5.158"/>
  <system-out/>
  <testcase classname="com.jack.task.Lw" name="run" time="3.913"/>
  <system-out/>
  <testcase classname="com.jack.task.Lw" name="run" time="4.735"/>
  <system-out/>
  <testcase classname="com.jack.task.Lw" name="run" time="4.118"/>
  <system-out/>
  <testcase classname="com.jack.task.Lw" name="run" time="5.499"/>
  <system-out/>
  <testcase classname="com.jack.task.Lw" name="run" time="4.234"/>
  <system-out/>
  <testcase classname="com.jack.task.Lw" name="run" time="8.287"/>
  <system-out/>
  <testcase classname="com.jack.task.Lw" name="run" time="4.623"/>
  <system-out/>
  <testcase classname="com.jack.task.Lw" name="run" time="3.170"/>
  <system-out/>
  <testcase classname="com.jack.task.Lw" name="run" time="4.657"/>
  <system-out/>
  <testcase classname="com.jack.task.Lw" name="run" time="4.703"/>
  <system-out/>
  <testcase classname="com.jack.task.Lw" name="run" time="5.411"/>
  <system-out/>
  <testcase classname="com.jack.task.Lw" name="run" time="6.620"/>
  <system-out/>
  <testcase classname="com.jack.task.Lw" name="run" time="6.094"/>
  <system-out/>
  <testcase classname="com.jack.task.Lw" name="run" time="4.089"/>
  <system-out/>
  <testcase classname="com.jack.task.Lw" name="run" time="6.172"/>
  <system-out/>
  <testcase classname="com.jack.task.Lw" name="run" time="4.339"/>
  <system-out/>
  <testcase classname="com.jack.task.Lw" name="run" time="4.132"/>
  <system-out/>
  <testcase classname="com.jack.task.Lw" name="run" time="4.429"/>
  <system-out/>
  <testcase classname="com.jack.task.Lw" name="run" time="6.771"/>
  <system-out/>
  <testcase classname="com.jack.task.Lw" name="run" time="10.924"/>
  <system-out/>
  <testcase classname="com.jack.task.Lw" name="run" time="4.450"/>
  <system-out/>
  <testcase classname="com.jack.task.Lw" name="run" time="4.261"/>
  <system-out/>
  <testcase classname="com.jack.task.Lw" name="run" time="3.019"/>
  <system-out/>
  <testcase classname="com.jack.task.Lw" name="run" time="4.937"/>
  <system-out/>
  <testcase classname="com.jack.task.Lw" name="run" time="6.731"/>
  <system-out/>
  <testcase classname="com.jack.task.Lw" name="run" time="4.225"/>
  <system-out/>
  <testcase classname="com.jack.task.Lw" name="run" time="4.422"/>
  <system-out/>
  <testcase classname="com.jack.task.Lw" name="run" time="3.762"/>
  <system-out/>
  <testcase classname="com.jack.task.Lw" name="run" time="4.749"/>
  <system-out/>
  <testcase classname="com.jack.task.Lw" name="run" time="3.559"/>
  <system-out/>
  <testcase classname="com.jack.task.Lw" name="run" time="5.360"/>
  <system-out/>
  <testcase classname="com.jack.task.Lw" name="run" time="7.348"/>
  <system-out/>
  <testcase classname="com.jack.task.Lw" name="run" time="3.379"/>
  <system-out/>
  <testcase classname="com.jack.task.Lw" name="run" time="4.919"/>
  <system-out/>
  <testcase classname="com.jack.task.Lw" name="run" time="4.254"/>
  <system-out/>
  <testcase classname="com.jack.task.Lw" name="run" time="4.330"/>
  <system-out/>
  <testcase classname="com.jack.task.Lw" name="run" time="4.252"/>
  <system-out/>
  <testcase classname="com.jack.task.Lw" name="run" time="7.891"/>
  <system-out/>
  <testcase classname="com.jack.task.Lw" name="run" time="4.756"/>
  <system-out/>
  <testcase classname="com.jack.task.Lw" name="run" time="4.718"/>
  <system-out/>
  <testcase classname="com.jack.task.Lw" name="run" time="4.006"/>
  <system-out/>
  <testcase classname="com.jack.task.Lw" name="run" time="5.251"/>
  <system-out/>
  <testcase classname="com.jack.task.Lw" name="run" time="7.970"/>
  <system-out/>
  <testcase classname="com.jack.task.Lw" name="run" time="3.831"/>
  <system-out/>
  <testcase classname="com.jack.task.Lw" name="run" time="4.786"/>
  <system-out/>
  <testcase classname="com.jack.task.Lw" name="run" time="3.176"/>
  <system-out/>
  <testcase classname="com.jack.task.Lw" name="run" time="4.604"/>
  <system-out/>
  <testcase classname="com.jack.task.Lw" name="run" time="5.902"/>
  <system-out/>
  <testcase classname="com.jack.task.Lw" name="run" time="3.932"/>
  <system-out/>
  <testcase classname="com.jack.task.Lw" name="run" time="3.851"/>
  <system-out/>
  <testcase classname="com.jack.task.Lw" name="run" time="3.759"/>
  <system-out/>
  <testcase classname="com.jack.task.Lw" name="run" time="4.254"/>
  <system-out/>
  <testcase classname="com.jack.task.Lw" name="run" time="5.721"/>
  <system-out/>
  <testcase classname="com.jack.task.Lw" name="run" time="4.041"/>
  <system-out/>
  <testcase classname="com.jack.task.Lw" name="run" time="4.390"/>
  <system-out/>
  <testcase classname="com.jack.task.Lw" name="run" time="5.327"/>
  <system-out/>
  <testcase classname="com.jack.task.Lw" name="run" time="6.176"/>
  <system-out/>
  <testcase classname="com.jack.task.Lw" name="run" time="3.549"/>
  <system-out/>
  <testcase classname="com.jack.task.Lw" name="run" time="13.807"/>
  <system-out/>
  <testcase classname="com.jack.task.Lw" name="run" time="6.869"/>
  <system-out/>
  <testcase classname="com.jack.task.Lw" name="run" time="5.823"/>
  <system-out/>
  <testcase classname="com.jack.task.Lw" name="run" time="4.447"/>
  <system-out/>
  <testcase classname="com.jack.task.Lw" name="run" time="6.284"/>
  <system-out/>
  <testcase classname="com.jack.task.Lw" name="run" time="4.556"/>
  <system-out/>
  <testcase classname="com.jack.task.Lw" name="run" time="3.488"/>
  <system-out/>
  <testcase classname="com.jack.task.Lw" name="run" time="5.063"/>
  <system-out/>
  <testcase classname="com.jack.task.Lw" name="run" time="5.492"/>
  <system-out/>
  <testcase classname="com.jack.task.Lw" name="run" time="3.184"/>
  <system-out/>
  <testcase classname="com.jack.task.Lw" name="run" time="4.069"/>
  <system-out/>
  <testcase classname="com.jack.task.Lw" name="run" time="7.369"/>
  <system-out/>
  <testcase classname="com.jack.task.Lw" name="run" time="3.263"/>
  <system-out/>
  <testcase classname="com.jack.task.Lw" name="run" time="4.476"/>
  <system-out/>
  <testcase classname="com.jack.task.Lw" name="run" time="6.570"/>
  <system-out/>
  <testcase classname="com.jack.task.Lw" name="run" time="8.201"/>
  <system-out/>
  <testcase classname="com.jack.task.Lw" name="run" time="3.397"/>
  <system-out/>
  <testcase classname="com.jack.task.Lw" name="run" time="4.148"/>
  <system-out/>
  <testcase classname="com.jack.task.Lw" name="run" time="5.108"/>
  <system-out/>
  <testcase classname="com.jack.task.Lw" name="run" time="3.168"/>
  <system-out/>
  <testcase classname="com.jack.task.Lw" name="run" time="5.371"/>
  <system-out/>
  <testcase classname="com.jack.task.Lw" name="run" time="6.708"/>
  <system-out/>
  <testcase classname="com.jack.task.Lw" name="run" time="4.631"/>
  <system-out/>
  <testcase classname="com.jack.task.Lw" name="run" time="5.566"/>
  <system-out/>
  <testcase classname="com.jack.task.Lw" name="run" time="7.978"/>
  <system-out/>
  <testcase classname="com.jack.task.Lw" name="run" time="5.338"/>
  <system-out/>
  <testcase classname="com.jack.task.Lw" name="run" time="4.353"/>
  <system-out/>
  <testcase classname="com.jack.task.Lw" name="run" time="4.044"/>
  <system-out/>
  <testcase classname="com.jack.task.Lw" name="run" time="5.087"/>
  <system-out/>
  <testcase classname="com.jack.task.Lw" name="run" time="3.826"/>
  <system-out/>
  <testcase classname="com.jack.task.Lw" name="run" time="5.084"/>
  <system-out/>
  <testcase classname="com.jack.task.Lw" name="run" time="4.219"/>
  <system-out/>
  <testcase classname="com.jack.task.Lw" name="run" time="4.013"/>
  <system-out/>
  <testcase classname="com.jack.task.Lw" name="run" time="4.334"/>
  <system-out/>
  <testcase classname="com.jack.task.Lw" name="run" time="4.859"/>
  <system-out/>
  <testcase classname="com.jack.task.Lw" name="run" time="4.953"/>
  <system-out/>
  <testcase classname="com.jack.task.Lw" name="run" time="3.834"/>
  <system-out/>
  <testcase classname="com.jack.task.Lw" name="run" time="5.287"/>
  <system-out/>
  <testcase classname="com.jack.task.Lw" name="run" time="3.861"/>
  <system-out/>
  <testcase classname="com.jack.task.Lw" name="run" time="4.048"/>
  <system-out/>
  <testcase classname="com.jack.task.Lw" name="run" time="6.814"/>
  <system-out/>
  <testcase classname="com.jack.task.Lw" name="run" time="3.822"/>
  <system-out/>
  <testcase classname="com.jack.task.Lw" name="run" time="5.207"/>
  <system-out/>
  <testcase classname="com.jack.task.Lw" name="run" time="3.866"/>
  <system-out/>
  <testcase classname="com.jack.task.Lw" name="run" time="7.699"/>
  <system-out/>
  <testcase classname="com.jack.task.Lw" name="run" time="7.740"/>
  <system-out/>
  <testcase classname="com.jack.task.Lw" name="run" time="3.658"/>
  <system-out/>
  <testcase classname="com.jack.task.Lw" name="run" time="4.610"/>
  <system-out/>
  <testcase classname="com.jack.task.Lw" name="run" time="5.297"/>
  <system-out/>
  <testcase classname="com.jack.task.Lw" name="run" time="5.707"/>
  <system-out/>
  <testcase classname="com.jack.task.Lw" name="run" time="4.997"/>
  <system-out/>
  <testcase classname="com.jack.task.Lw" name="run" time="6.473"/>
  <system-out/>
  <testcase classname="com.jack.task.Lw" name="run" time="3.339"/>
  <system-out/>
  <testcase classname="com.jack.task.Lw" name="run" time="4.072"/>
  <system-out/>
  <testcase classname="com.jack.task.Lw" name="run" time="4.687"/>
  <system-out/>
  <testcase classname="com.jack.task.Lw" name="run" time="5.884"/>
  <system-out/>
  <testcase classname="com.jack.task.Lw" name="run" time="5.487"/>
  <system-out/>
  <testcase classname="com.jack.task.Lw" name="run" time="5.085"/>
  <system-out/>
  <testcase classname="com.jack.task.Lw" name="run" time="4.578"/>
  <system-out/>
  <testcase classname="com.jack.task.Lw" name="run" time="4.382"/>
  <system-out/>
  <testcase classname="com.jack.task.Lw" name="run" time="7.719"/>
  <system-out/>
  <testcase classname="com.jack.task.Lw" name="run" time="3.346"/>
  <system-out/>
  <testcase classname="com.jack.task.Lw" name="run" time="2.886"/>
  <system-out/>
  <testcase classname="com.jack.task.Lw" name="run" time="5.272"/>
  <system-out/>
  <testcase classname="com.jack.task.Lw" name="run" time="3.418"/>
  <system-out/>
  <testcase classname="com.jack.task.Lw" name="run" time="6.622"/>
  <system-out/>
  <testcase classname="com.jack.task.Lw" name="run" time="4.420"/>
  <system-out/>
  <testcase classname="com.jack.task.Lw" name="run" time="4.409"/>
  <system-out/>
  <testcase classname="com.jack.task.Lw" name="run" time="10.981"/>
  <system-out/>
  <testcase classname="com.jack.task.Lw" name="run" time="5.145"/>
  <system-out/>
  <testcase classname="com.jack.task.Lw" name="run" time="4.913"/>
  <system-out/>
  <testcase classname="com.jack.task.Lw" name="run" time="4.723"/>
  <system-out/>
  <testcase classname="com.jack.task.Lw" name="run" time="4.135"/>
  <system-out/>
  <testcase classname="com.jack.task.Lw" name="run" time="7.975"/>
  <system-out/>
  <testcase classname="com.jack.task.Lw" name="run" time="5.152"/>
  <system-out/>
  <testcase classname="com.jack.task.Lw" name="run" time="3.849"/>
  <system-out/>
  <testcase classname="com.jack.task.Lw" name="run" time="4.160"/>
  <system-out/>
  <testcase classname="com.jack.task.Lw" name="run" time="4.987"/>
  <system-out/>
  <testcase classname="com.jack.task.Lw" name="run" time="5.772"/>
  <system-out/>
  <testcase classname="com.jack.task.Lw" name="run" time="6.374"/>
  <system-out/>
  <testcase classname="com.jack.task.Lw" name="run" time="4.221"/>
  <system-out/>
  <testcase classname="com.jack.task.Lw" name="run" time="5.569"/>
  <system-out/>
  <testcase classname="com.jack.task.Lw" name="run" time="4.488"/>
  <system-out/>
  <testcase classname="com.jack.task.Lw" name="run" time="5.864"/>
  <system-out/>
  <testcase classname="com.jack.task.Lw" name="run" time="10.275"/>
  <system-out/>
  <testcase classname="com.jack.task.Lw" name="run" time="4.095"/>
  <system-out/>
  <testcase classname="com.jack.task.Lw" name="run" time="3.270"/>
  <system-out/>
  <testcase classname="com.jack.task.Lw" name="run" time="5.101"/>
  <system-out/>
  <testcase classname="com.jack.task.Lw" name="run" time="5.834"/>
  <system-out/>
  <testcase classname="com.jack.task.Lw" name="run" time="4.598"/>
  <system-out/>
  <testcase classname="com.jack.task.Lw" name="run" time="4.728"/>
  <system-out/>
  <testcase classname="com.jack.task.Lw" name="run" time="5.094"/>
  <system-out/>
  <testcase classname="com.jack.task.Lw" name="run" time="6.957"/>
  <system-out/>
  <testcase classname="com.jack.task.Lw" name="run" time="4.289"/>
  <system-out/>
  <testcase classname="com.jack.task.Lw" name="run" time="6.117"/>
  <system-out/>
  <testcase classname="com.jack.task.Lw" name="run" time="5.044"/>
  <system-out/>
  <testcase classname="com.jack.task.Lw" name="run" time="3.353"/>
  <system-out/>
  <testcase classname="com.jack.task.Lw" name="run" time="3.858"/>
  <system-out/>
  <testcase classname="com.jack.task.Lw" name="run" time="6.423"/>
  <system-out/>
  <testcase classname="com.jack.task.Lw" name="run" time="4.904"/>
  <system-out/>
  <testcase classname="com.jack.task.Lw" name="run" time="6.288"/>
  <system-out/>
  <testcase classname="com.jack.task.Lw" name="run" time="5.474"/>
  <system-out/>
  <testcase classname="com.jack.task.Lw" name="run" time="3.696"/>
  <system-out/>
  <testcase classname="com.jack.task.Lw" name="run" time="7.678"/>
  <system-out/>
  <testcase classname="com.jack.task.Lw" name="run" time="5.726"/>
  <system-out/>
  <testcase classname="com.jack.task.Lw" name="run" time="5.086"/>
  <system-out/>
  <testcase classname="com.jack.task.Lw" name="run" time="4.505"/>
  <system-out/>
  <testcase classname="com.jack.task.Lw" name="run" time="6.594"/>
  <system-out/>
  <testcase classname="com.jack.task.Lw" name="run" time="4.059"/>
  <system-out/>
  <testcase classname="com.jack.task.Lw" name="run" time="5.605"/>
  <system-out/>
  <testcase classname="com.jack.task.Lw" name="run" time="4.725"/>
  <system-out/>
  <testcase classname="com.jack.task.Lw" name="run" time="5.124"/>
  <system-out/>
  <testcase classname="com.jack.task.Lw" name="run" time="4.241"/>
  <system-out/>
  <testcase classname="com.jack.task.Lw" name="run" time="3.241"/>
  <system-out/>
  <testcase classname="com.jack.task.Lw" name="run" time="4.994"/>
  <system-out/>
  <testcase classname="com.jack.task.Lw" name="run" time="4.301"/>
  <system-out/>
  <testcase classname="com.jack.task.Lw" name="run" time="4.180"/>
  <system-out/>
  <testcase classname="com.jack.task.Lw" name="run" time="4.921"/>
  <system-out/>
  <testcase classname="com.jack.task.Lw" name="run" time="7.055"/>
  <system-out/>
  <testcase classname="com.jack.task.Lw" name="run" time="3.831"/>
  <system-out/>
  <testcase classname="com.jack.task.Lw" name="run" time="6.216"/>
  <system-out/>
  <testcase classname="com.jack.task.Lw" name="run" time="4.725"/>
  <system-out/>
  <testcase classname="com.jack.task.Lw" name="run" time="3.570"/>
  <system-out/>
  <testcase classname="com.jack.task.Lw" name="run" time="6.684"/>
  <system-out/>
  <testcase classname="com.jack.task.Lw" name="run" time="4.888"/>
  <system-out/>
  <testcase classname="com.jack.task.Lw" name="run" time="3.315"/>
  <system-out/>
  <testcase classname="com.jack.task.Lw" name="run" time="9.459"/>
  <system-out/>
  <testcase classname="com.jack.task.Lw" name="run" time="4.320"/>
  <system-out/>
  <testcase classname="com.jack.task.Lw" name="run" time="4.989"/>
  <system-out/>
  <testcase classname="com.jack.task.Lw" name="run" time="5.887"/>
  <system-out/>
  <testcase classname="com.jack.task.Lw" name="run" time="3.973"/>
  <system-out/>
  <testcase classname="com.jack.task.Lw" name="run" time="5.761"/>
  <system-out/>
  <testcase classname="com.jack.task.Lw" name="run" time="5.342"/>
  <system-out/>
  <testcase classname="com.jack.task.Lw" name="run" time="3.799"/>
  <system-out/>
  <testcase classname="com.jack.task.Lw" name="run" time="4.408"/>
  <system-out/>
  <testcase classname="com.jack.task.Lw" name="run" time="5.493"/>
  <system-out/>
  <testcase classname="com.jack.task.Lw" name="run" time="3.515"/>
  <system-out/>
  <testcase classname="com.jack.task.Lw" name="run" time="5.804"/>
  <system-out/>
  <testcase classname="com.jack.task.Lw" name="run" time="4.075"/>
  <system-out/>
  <testcase classname="com.jack.task.Lw" name="run" time="4.341"/>
  <system-out/>
  <testcase classname="com.jack.task.Lw" name="run" time="4.304"/>
  <system-out/>
  <testcase classname="com.jack.task.Lw" name="run" time="5.559"/>
  <system-out/>
  <testcase classname="com.jack.task.Lw" name="run" time="4.517"/>
  <system-out/>
  <testcase classname="com.jack.task.Lw" name="run" time="5.031"/>
  <system-out/>
  <testcase classname="com.jack.task.Lw" name="run" time="5.047"/>
  <system-out/>
  <testcase classname="com.jack.task.Lw" name="run" time="4.957"/>
  <system-out/>
  <testcase classname="com.jack.task.Lw" name="run" time="3.232"/>
  <system-out/>
  <testcase classname="com.jack.task.Lw" name="run" time="4.227"/>
  <system-out/>
  <testcase classname="com.jack.task.Lw" name="run" time="4.721"/>
  <system-out/>
  <testcase classname="com.jack.task.Lw" name="run" time="4.500"/>
  <system-out/>
  <testcase classname="com.jack.task.Lw" name="run" time="6.668"/>
  <system-out/>
  <testcase classname="com.jack.task.Lw" name="run" time="3.752"/>
  <system-out/>
  <testcase classname="com.jack.task.Lw" name="run" time="4.185"/>
  <system-out/>
  <testcase classname="com.jack.task.Lw" name="run" time="3.407"/>
  <system-out/>
  <testcase classname="com.jack.task.Lw" name="run" time="3.960"/>
  <system-out/>
  <testcase classname="com.jack.task.Lw" name="run" time="4.957"/>
  <system-out/>
  <testcase classname="com.jack.task.Lw" name="run" time="3.982"/>
  <system-out/>
  <testcase classname="com.jack.task.Lw" name="run" time="4.271"/>
  <system-out/>
  <testcase classname="com.jack.task.Lw" name="run" time="4.308"/>
  <system-out/>
  <testcase classname="com.jack.task.Lw" name="testx" time="0.003"/>
  <system-out/>
  <testcase classname="com.jack.task.Lw" name="run" time="5.074"/>
  <system-out/>
  <testcase classname="com.jack.task.Lw" name="run" time="4.100"/>
  <system-out/>
  <testcase classname="com.jack.task.Lw" name="run" time="5.660"/>
  <system-out/>
  <testcase classname="com.jack.task.Lw" name="run" time="4.461"/>
  <system-out/>
  <testcase classname="com.jack.task.Lw" name="run" time="5.111"/>
  <system-out/>
  <testcase classname="com.jack.task.Lw" name="run" time="10.085"/>
  <system-out/>
  <testcase classname="com.jack.task.Lw" name="run" time="5.902"/>
  <system-out/>
  <testcase classname="com.jack.task.Lw" name="run" time="6.065"/>
  <system-out/>
  <testcase classname="com.jack.task.Lw" name="run" time="4.592"/>
  <system-out/>
  <testcase classname="com.jack.task.Lw" name="run" time="8.040"/>
  <system-out/>
  <testcase classname="com.jack.task.Lw" name="run" time="5.220"/>
  <system-out/>
  <testcase classname="com.jack.task.Lw" name="run" time="4.192"/>
  <system-out/>
  <testcase classname="com.jack.task.Lw" name="run" time="3.896"/>
  <system-out/>
  <testcase classname="com.jack.task.Lw" name="run" time="4.262"/>
  <system-out/>
  <testcase classname="com.jack.task.Lw" name="run" time="4.136"/>
  <system-out/>
  <testcase classname="com.jack.task.Lw" name="run" time="5.726"/>
  <system-out/>
  <testcase classname="com.jack.task.Lw" name="run" time="5.245"/>
  <system-out/>
  <testcase classname="com.jack.task.Lw" name="run" time="4.498"/>
  <system-out/>
  <testcase classname="com.jack.task.Lw" name="run" time="5.852"/>
  <system-out/>
  <testcase classname="com.jack.task.Lw" name="run" time="8.287"/>
  <system-out/>
  <testcase classname="com.jack.task.Lw" name="run" time="3.708"/>
  <system-out/>
  <testcase classname="com.jack.task.Lw" name="run" time="5.058"/>
  <system-out/>
  <testcase classname="com.jack.task.Lw" name="run" time="4.480"/>
  <system-out/>
  <testcase classname="com.jack.task.Lw" name="run" time="5.062"/>
  <system-out/>
  <testcase classname="com.jack.task.Lw" name="run" time="6.680"/>
  <system-out/>
  <testcase classname="com.jack.task.Lw" name="run" time="4.249"/>
  <system-out/>
  <testcase classname="com.jack.task.Lw" name="run" time="5.212"/>
  <system-out/>
  <testcase classname="com.jack.task.Lw" name="run" time="4.099"/>
  <system-out/>
  <testcase classname="com.jack.task.Lw" name="run" time="4.529"/>
  <system-out/>
  <testcase classname="com.jack.task.Lw" name="run" time="5.328"/>
  <system-out/>
  <testcase classname="com.jack.task.Lw" name="run" time="4.286"/>
  <system-out/>
  <testcase classname="com.jack.task.Lw" name="run" time="4.375"/>
  <system-out/>
  <testcase classname="com.jack.task.Lw" name="run" time="3.179"/>
  <system-out/>
  <testcase classname="com.jack.task.Lw" name="run" time="3.769"/>
  <system-out/>
  <testcase classname="com.jack.task.Lw" name="run" time="4.106"/>
  <system-out/>
  <testcase classname="com.jack.task.Lw" name="run" time="3.982"/>
  <system-out/>
  <testcase classname="com.jack.task.Lw" name="run" time="4.334"/>
  <system-out/>
  <testcase classname="com.jack.task.Lw" name="run" time="5.501"/>
  <system-out/>
  <testcase classname="com.jack.task.Lw" name="run" time="4.364"/>
  <system-out/>
  <testcase classname="com.jack.task.Lw" name="run" time="3.319"/>
  <system-out/>
  <testcase classname="com.jack.task.Lw" name="run" time="4.418"/>
  <system-out/>
  <testcase classname="com.jack.task.Lw" name="run" time="5.836"/>
  <system-out/>
  <testcase classname="com.jack.task.Lw" name="run" time="3.736"/>
  <system-out/>
  <testcase classname="com.jack.task.Lw" name="run" time="4.432"/>
  <system-out/>
  <testcase classname="com.jack.task.Lw" name="run" time="3.923"/>
  <system-out/>
  <testcase classname="com.jack.task.Lw" name="run" time="4.669"/>
  <system-out/>
  <testcase classname="com.jack.task.Lw" name="run" time="4.755"/>
  <system-out/>
  <testcase classname="com.jack.task.Lw" name="run" time="5.330"/>
  <system-out/>
  <testcase classname="com.jack.task.Lw" name="run" time="4.820"/>
  <system-out/>
  <testcase classname="com.jack.task.Lw" name="run" time="4.229"/>
  <system-out/>
  <testcase classname="com.jack.task.Lw" name="run" time="8.033"/>
  <system-out/>
  <testcase classname="com.jack.task.Lw" name="run" time="4.905"/>
  <system-out/>
  <testcase classname="com.jack.task.Lw" name="run" time="4.320"/>
  <system-out/>
  <testcase classname="com.jack.task.Lw" name="run" time="5.389"/>
  <system-out/>
  <testcase classname="com.jack.task.Lw" name="run" time="8.328"/>
  <system-out/>
  <testcase classname="com.jack.task.Lw" name="run" time="4.737"/>
  <system-out/>
  <testcase classname="com.jack.task.Lw" name="run" time="4.315"/>
  <system-out/>
  <testcase classname="com.jack.task.Lw" name="run" time="3.854"/>
  <system-out/>
  <testcase classname="com.jack.task.Lw" name="run" time="4.634"/>
  <system-out/>
  <testcase classname="com.jack.task.Lw" name="run" time="5.509"/>
  <system-out/>
  <testcase classname="com.jack.task.Lw" name="run" time="3.538"/>
  <system-out/>
  <testcase classname="com.jack.task.Lw" name="run" time="5.422"/>
  <system-out/>
  <testcase classname="com.jack.task.Lw" name="run" time="4.260"/>
  <system-out/>
  <testcase classname="com.jack.task.Lw" name="run" time="4.587"/>
  <system-out/>
  <testcase classname="com.jack.task.Lw" name="run" time="4.150"/>
  <system-out/>
  <testcase classname="com.jack.task.Lw" name="run" time="3.258"/>
  <system-out/>
  <testcase classname="com.jack.task.Lw" name="run" time="4.633"/>
  <system-out/>
  <testcase classname="com.jack.task.Lw" name="run" time="6.025"/>
  <system-out/>
  <testcase classname="com.jack.task.Lw" name="run" time="3.757"/>
  <system-out/>
  <testcase classname="com.jack.task.Lw" name="run" time="10.209"/>
  <system-out/>
  <testcase classname="com.jack.task.Lw" name="run" time="4.436"/>
  <system-out/>
  <testcase classname="com.jack.task.Lw" name="run" time="4.205"/>
  <system-out/>
  <testcase classname="com.jack.task.Lw" name="run" time="5.514"/>
  <system-out/>
  <testcase classname="com.jack.task.Lw" name="run" time="3.583"/>
  <system-out/>
  <testcase classname="com.jack.task.Lw" name="run" time="3.525"/>
  <system-out/>
  <testcase classname="com.jack.task.Lw" name="run" time="5.088"/>
  <system-out/>
  <testcase classname="com.jack.task.Lw" name="run" time="4.158"/>
  <system-out/>
  <testcase classname="com.jack.task.Lw" name="run" time="3.495"/>
  <system-out/>
  <testcase classname="com.jack.task.Lw" name="run" time="3.571"/>
  <system-out/>
  <testcase classname="com.jack.task.Lw" name="run" time="5.840"/>
  <system-out/>
  <testcase classname="com.jack.task.Lw" name="run" time="7.456"/>
  <system-out/>
  <testcase classname="com.jack.task.Lw" name="run" time="11.392">
    <error message="Expected condition failed: waiting for visibility of element located by By.xpath: //div[@class=&#039;hero-people-detail__header&#039;] (tried for 10 second(s) with 500 milliseconds interval)
Build info: version: &#039;4.7.0&#039;, revision: &#039;0a5b49d16f&#039;
System info: os.name: &#039;Windows 10&#039;, os.arch: &#039;amd64&#039;, os.version: &#039;10.0&#039;, java.version: &#039;11.0.16.1&#039;
Driver info: org.openqa.selenium.chrome.ChromeDriver
Capabilities {acceptInsecureCerts: false, browserName: chrome, browserVersion: 108.0.5359.125, chrome: {chromedriverVersion: 108.0.5359.22 (ec46c90f5938...}, goog:chromeOptions: {debuggerAddress: localhost:8050}, pageLoadStrategy: normal, platformName: ANY, proxy: Proxy(), se:cdp: ws://localhost:8050/devtool..., se:cdpVersion: 108.0.5359.125, setWindowRect: false, strictFileInteractability: false, timeouts: {implicit: 0, pageLoad: 300000, script: 30000}, unhandledPromptBehavior: dismiss and notify, webauthn:extension:credBlob: true, webauthn:extension:largeBlob: true, webauthn:virtualAuthenticators: true}
Session ID: 1f11779cf6cda30c7fff4d243668fcd7" type="org.openqa.selenium.TimeoutException">
      <![CDATA[org.openqa.selenium.TimeoutException: Expected condition failed: waiting for visibility of element located by By.xpath: //div[@class='hero-people-detail__header'] (tried for 10 second(s) with 500 milliseconds interval)
Build info: version: '4.7.0', revision: '0a5b49d16f'
System info: os.name: 'Windows 10', os.arch: 'amd64', os.version: '10.0', java.version: '11.0.16.1'
Driver info: org.openqa.selenium.chrome.ChromeDriver
Capabilities {acceptInsecureCerts: false, browserName: chrome, browserVersion: 108.0.5359.125, chrome: {chromedriverVersion: 108.0.5359.22 (ec46c90f5938...}, goog:chromeOptions: {debuggerAddress: localhost:8050}, pageLoadStrategy: normal, platformName: ANY, proxy: Proxy(), se:cdp: ws://localhost:8050/devtool..., se:cdpVersion: 108.0.5359.125, setWindowRect: false, strictFileInteractability: false, timeouts: {implicit: 0, pageLoad: 300000, script: 30000}, unhandledPromptBehavior: dismiss and notify, webauthn:extension:credBlob: true, webauthn:extension:largeBlob: true, webauthn:virtualAuthenticators: true}
Session ID: 1f11779cf6cda30c7fff4d243668fcd7
at org.openqa.selenium.support.ui.WebDriverWait.timeoutException(WebDriverWait.java:87)
at org.openqa.selenium.support.ui.FluentWait.until(FluentWait.java:231)
at com.jack.task.Lw.run(Lw.java:99)
at jdk.internal.reflect.GeneratedMethodAccessor1.invoke(Unknown Source)
at java.base/jdk.internal.reflect.DelegatingMethodAccessorImpl.invoke(DelegatingMethodAccessorImpl.java:43)
at java.base/java.lang.reflect.Method.invoke(Method.java:566)
at org.testng.internal.invokers.MethodInvocationHelper.invokeMethod(MethodInvocationHelper.java:139)
at org.testng.internal.invokers.TestInvoker.invokeMethod(TestInvoker.java:677)
at org.testng.internal.invokers.TestInvoker.invokeTestMethod(TestInvoker.java:221)
at org.testng.internal.invokers.MethodRunner.runInSequence(MethodRunner.java:50)
at org.testng.internal.invokers.TestInvoker$MethodInvocationAgent.invoke(TestInvoker.java:962)
at org.testng.internal.invokers.TestInvoker.invokeTestMethods(TestInvoker.java:194)
at org.testng.internal.invokers.TestMethodWorker.invokeTestMethods(TestMethodWorker.java:148)
at org.testng.internal.invokers.TestMethodWorker.run(TestMethodWorker.java:128)
at java.base/java.util.ArrayList.forEach(ArrayList.java:1541)
at org.testng.TestRunner.privateRun(TestRunner.java:806)
at org.testng.TestRunner.run(TestRunner.java:601)
at org.testng.SuiteRunner.runTest(SuiteRunner.java:433)
at org.testng.SuiteRunner.runSequentially(SuiteRunner.java:427)
at org.testng.SuiteRunner.privateRun(SuiteRunner.java:387)
at org.testng.SuiteRunner.run(SuiteRunner.java:330)
at org.testng.SuiteRunnerWorker.runSuite(SuiteRunnerWorker.java:52)
at org.testng.SuiteRunnerWorker.run(SuiteRunnerWorker.java:95)
at org.testng.TestNG.runSuitesSequentially(TestNG.java:1256)
at org.testng.TestNG.runSuitesLocally(TestNG.java:1176)
at org.testng.TestNG.runSuites(TestNG.java:1099)
at org.testng.TestNG.run(TestNG.java:1067)
at org.testng.remote.AbstractRemoteTestNG.run(AbstractRemoteTestNG.java:115)
at org.testng.remote.RemoteTestNG.initAndRun(RemoteTestNG.java:251)
at org.testng.remote.RemoteTestNG.main(RemoteTestNG.java:77)
]]>
    </error>
  </testcase> <!-- run -->
  <system-out/>
  <testcase classname="com.jack.task.Lw" name="run" time="3.572"/>
  <system-out/>
  <testcase classname="com.jack.task.Lw" name="run" time="5.361"/>
  <system-out/>
  <testcase classname="com.jack.task.Lw" name="run" time="3.570"/>
  <system-out/>
  <testcase classname="com.jack.task.Lw" name="run" time="5.269"/>
  <system-out/>
  <testcase classname="com.jack.task.Lw" name="run" time="4.390"/>
  <system-out/>
  <testcase classname="com.jack.task.Lw" name="run" time="5.114"/>
  <system-out/>
  <testcase classname="com.jack.task.Lw" name="run" time="3.272"/>
  <system-out/>
  <testcase classname="com.jack.task.Lw" name="run" time="3.520"/>
  <system-out/>
  <testcase classname="com.jack.task.Lw" name="run" time="5.640"/>
  <system-out/>
  <testcase classname="com.jack.task.Lw" name="run" time="5.849"/>
  <system-out/>
  <testcase classname="com.jack.task.Lw" name="run" time="3.850"/>
  <system-out/>
  <testcase classname="com.jack.task.Lw" name="run" time="5.958"/>
  <system-out/>
  <testcase classname="com.jack.task.Lw" name="run" time="8.782"/>
  <system-out/>
  <testcase classname="com.jack.task.Lw" name="run" time="5.680"/>
  <system-out/>
  <testcase classname="com.jack.task.Lw" name="run" time="4.286"/>
  <system-out/>
  <testcase classname="com.jack.task.Lw" name="run" time="4.773"/>
  <system-out/>
  <testcase classname="com.jack.task.Lw" name="run" time="5.916"/>
  <system-out/>
  <testcase classname="com.jack.task.Lw" name="run" time="4.638"/>
  <system-out/>
  <testcase classname="com.jack.task.Lw" name="run" time="4.096"/>
  <system-out/>
  <testcase classname="com.jack.task.Lw" name="run" time="5.990"/>
  <system-out/>
  <testcase classname="com.jack.task.Lw" name="run" time="3.389"/>
  <system-out/>
  <testcase classname="com.jack.task.Lw" name="run" time="4.409"/>
  <system-out/>
  <testcase classname="com.jack.task.Lw" name="run" time="6.662"/>
  <system-out/>
  <testcase classname="com.jack.task.Lw" name="run" time="4.973"/>
  <system-out/>
  <testcase classname="com.jack.task.Lw" name="run" time="4.515"/>
  <system-out/>
  <testcase classname="com.jack.task.Lw" name="run" time="4.525"/>
  <system-out/>
  <testcase classname="com.jack.task.Lw" name="run" time="5.175"/>
  <system-out/>
  <testcase classname="com.jack.task.Lw" name="run" time="3.553"/>
  <system-out/>
  <testcase classname="com.jack.task.Lw" name="run" time="4.532"/>
  <system-out/>
  <testcase classname="com.jack.task.Lw" name="run" time="2.913"/>
  <system-out/>
  <testcase classname="com.jack.task.Lw" name="run" time="4.206"/>
  <system-out/>
  <testcase classname="com.jack.task.Lw" name="run" time="5.668"/>
  <system-out/>
  <testcase classname="com.jack.task.Lw" name="run" time="3.495"/>
  <system-out/>
  <testcase classname="com.jack.task.Lw" name="run" time="3.428"/>
  <system-out/>
  <testcase classname="com.jack.task.Lw" name="run" time="4.601"/>
  <system-out/>
  <testcase classname="com.jack.task.Lw" name="run" time="5.708"/>
  <system-out/>
  <testcase classname="com.jack.task.Lw" name="run" time="3.377"/>
  <system-out/>
  <testcase classname="com.jack.task.Lw" name="run" time="4.680"/>
  <system-out/>
  <testcase classname="com.jack.task.Lw" name="run" time="4.343"/>
  <system-out/>
  <testcase classname="com.jack.task.Lw" name="run" time="5.298"/>
  <system-out/>
  <testcase classname="com.jack.task.Lw" name="run" time="4.483"/>
  <system-out/>
  <testcase classname="com.jack.task.Lw" name="run" time="6.142"/>
  <system-out/>
  <testcase classname="com.jack.task.Lw" name="run" time="5.084"/>
  <system-out/>
  <testcase classname="com.jack.task.Lw" name="run" time="4.319"/>
  <system-out/>
  <testcase classname="com.jack.task.Lw" name="run" time="4.843"/>
  <system-out/>
  <testcase classname="com.jack.task.Lw" name="run" time="5.006"/>
  <system-out/>
  <testcase classname="com.jack.task.Lw" name="run" time="3.742"/>
  <system-out/>
  <testcase classname="com.jack.task.Lw" name="run" time="5.242"/>
  <system-out/>
  <testcase classname="com.jack.task.Lw" name="run" time="4.750"/>
  <system-out/>
  <testcase classname="com.jack.task.Lw" name="run" time="4.325"/>
  <system-out/>
  <testcase classname="com.jack.task.Lw" name="run" time="4.571"/>
  <system-out/>
  <testcase classname="com.jack.task.Lw" name="run" time="5.428"/>
  <system-out/>
  <testcase classname="com.jack.task.Lw" name="run" time="11.569"/>
  <system-out/>
  <testcase classname="com.jack.task.Lw" name="run" time="5.640"/>
  <system-out/>
  <testcase classname="com.jack.task.Lw" name="run" time="3.848"/>
  <system-out/>
  <testcase classname="com.jack.task.Lw" name="run" time="7.589"/>
  <system-out/>
  <testcase classname="com.jack.task.Lw" name="run" time="5.233"/>
  <system-out/>
  <testcase classname="com.jack.task.Lw" name="run" time="5.400"/>
  <system-out/>
  <testcase classname="com.jack.task.Lw" name="run" time="4.794"/>
  <system-out/>
  <testcase classname="com.jack.task.Lw" name="run" time="5.875"/>
  <system-out/>
  <testcase classname="com.jack.task.Lw" name="run" time="4.614"/>
  <system-out/>
  <testcase classname="com.jack.task.Lw" name="run" time="4.775"/>
  <system-out/>
  <testcase classname="com.jack.task.Lw" name="run" time="4.866"/>
  <system-out/>
  <testcase classname="com.jack.task.Lw" name="run" time="4.618"/>
  <system-out/>
  <testcase classname="com.jack.task.Lw" name="run" time="6.750"/>
  <system-out/>
  <testcase classname="com.jack.task.Lw" name="run" time="6.843"/>
  <system-out/>
  <testcase classname="com.jack.task.Lw" name="run" time="5.818"/>
  <system-out/>
  <testcase classname="com.jack.task.Lw" name="run" time="6.797"/>
  <system-out/>
  <testcase classname="com.jack.task.Lw" name="run" time="5.113"/>
  <system-out/>
  <testcase classname="com.jack.task.Lw" name="run" time="4.255"/>
  <system-out/>
  <testcase classname="com.jack.task.Lw" name="run" time="5.618"/>
  <system-out/>
  <testcase classname="com.jack.task.Lw" name="run" time="4.348"/>
  <system-out/>
  <testcase classname="com.jack.task.Lw" name="run" time="4.220"/>
  <system-out/>
  <testcase classname="com.jack.task.Lw" name="run" time="5.159"/>
  <system-out/>
  <testcase classname="com.jack.task.Lw" name="run" time="4.720"/>
  <system-out/>
  <testcase classname="com.jack.task.Lw" name="run" time="4.853"/>
  <system-out/>
  <testcase classname="com.jack.task.Lw" name="run" time="4.296"/>
  <system-out/>
  <testcase classname="com.jack.task.Lw" name="run" time="4.668"/>
  <system-out/>
  <testcase classname="com.jack.task.Lw" name="run" time="12.580"/>
  <system-out/>
  <testcase classname="com.jack.task.Lw" name="run" time="4.760"/>
  <system-out/>
  <testcase classname="com.jack.task.Lw" name="run" time="4.432"/>
  <system-out/>
  <testcase classname="com.jack.task.Lw" name="run" time="3.885"/>
  <system-out/>
  <testcase classname="com.jack.task.Lw" name="run" time="4.431"/>
  <system-out/>
  <testcase classname="com.jack.task.Lw" name="run" time="5.459"/>
  <system-out/>
  <testcase classname="com.jack.task.Lw" name="run" time="5.578"/>
  <system-out/>
  <testcase classname="com.jack.task.Lw" name="run" time="5.356"/>
  <system-out/>
  <testcase classname="com.jack.task.Lw" name="run" time="4.792"/>
  <system-out/>
  <testcase classname="com.jack.task.Lw" name="run" time="3.930"/>
  <system-out/>
  <testcase classname="com.jack.task.Lw" name="run" time="4.336"/>
  <system-out/>
  <testcase classname="com.jack.task.Lw" name="run" time="3.406"/>
  <system-out/>
  <testcase classname="com.jack.task.Lw" name="run" time="4.414"/>
  <system-out/>
  <testcase classname="com.jack.task.Lw" name="run" time="4.922"/>
  <system-out/>
  <testcase classname="com.jack.task.Lw" name="run" time="3.487"/>
  <system-out/>
  <testcase classname="com.jack.task.Lw" name="run" time="4.463"/>
  <system-out/>
  <testcase classname="com.jack.task.Lw" name="run" time="3.229"/>
  <system-out/>
  <testcase classname="com.jack.task.Lw" name="run" time="3.590"/>
  <system-out/>
  <testcase classname="com.jack.task.Lw" name="run" time="4.274"/>
  <system-out/>
  <testcase classname="com.jack.task.Lw" name="run" time="4.219"/>
  <system-out/>
  <testcase classname="com.jack.task.Lw" name="run" time="4.246"/>
  <system-out/>
  <testcase classname="com.jack.task.Lw" name="run" time="5.194"/>
  <system-out/>
  <testcase classname="com.jack.task.Lw" name="run" time="4.905"/>
  <system-out/>
  <testcase classname="com.jack.task.Lw" name="run" time="5.411"/>
  <system-out/>
  <testcase classname="com.jack.task.Lw" name="run" time="3.950"/>
  <system-out/>
  <testcase classname="com.jack.task.Lw" name="run" time="4.529"/>
  <system-out/>
  <testcase classname="com.jack.task.Lw" name="run" time="5.175"/>
  <system-out/>
  <testcase classname="com.jack.task.Lw" name="run" time="4.003"/>
  <system-out/>
  <testcase classname="com.jack.task.Lw" name="run" time="4.538"/>
  <system-out/>
  <testcase classname="com.jack.task.Lw" name="run" time="6.125"/>
  <system-out/>
  <testcase classname="com.jack.task.Lw" name="run" time="4.933"/>
  <system-out/>
  <testcase classname="com.jack.task.Lw" name="run" time="4.741"/>
  <system-out/>
  <testcase classname="com.jack.task.Lw" name="run" time="3.494"/>
  <system-out/>
  <testcase classname="com.jack.task.Lw" name="run" time="3.727"/>
  <system-out/>
  <testcase classname="com.jack.task.Lw" name="run" time="3.209"/>
  <system-out/>
  <testcase classname="com.jack.task.Lw" name="run" time="4.955"/>
  <system-out/>
  <testcase classname="com.jack.task.Lw" name="run" time="6.354"/>
  <system-out/>
  <testcase classname="com.jack.task.Lw" name="run" time="4.047"/>
  <system-out/>
  <testcase classname="com.jack.task.Lw" name="run" time="4.363"/>
  <system-out/>
  <testcase classname="com.jack.task.Lw" name="run" time="4.342"/>
  <system-out/>
  <testcase classname="com.jack.task.Lw" name="run" time="3.560"/>
  <system-out/>
  <testcase classname="com.jack.task.Lw" name="run" time="6.172"/>
  <system-out/>
  <testcase classname="com.jack.task.Lw" name="run" time="5.836"/>
  <system-out/>
  <testcase classname="com.jack.task.Lw" name="run" time="4.834"/>
  <system-out/>
  <testcase classname="com.jack.task.Lw" name="run" time="4.935"/>
  <system-out/>
  <testcase classname="com.jack.task.Lw" name="run" time="7.597"/>
  <system-out/>
  <testcase classname="com.jack.task.Lw" name="run" time="5.542"/>
  <system-out/>
  <testcase classname="com.jack.task.Lw" name="run" time="3.202"/>
  <system-out/>
  <testcase classname="com.jack.task.Lw" name="run" time="6.273"/>
  <system-out/>
  <testcase classname="com.jack.task.Lw" name="run" time="7.703"/>
  <system-out/>
  <testcase classname="com.jack.task.Lw" name="run" time="5.362"/>
  <system-out/>
  <testcase classname="com.jack.task.Lw" name="run" time="4.174"/>
  <system-out/>
  <testcase classname="com.jack.task.Lw" name="run" time="4.474"/>
  <system-out/>
  <testcase classname="com.jack.task.Lw" name="run" time="4.972"/>
  <system-out/>
  <testcase classname="com.jack.task.Lw" name="run" time="4.629"/>
  <system-out/>
  <testcase classname="com.jack.task.Lw" name="run" time="5.129"/>
  <system-out/>
  <testcase classname="com.jack.task.Lw" name="run" time="3.734"/>
  <system-out/>
  <testcase classname="com.jack.task.Lw" name="run" time="4.587"/>
  <system-out/>
  <testcase classname="com.jack.task.Lw" name="run" time="4.713"/>
  <system-out/>
  <testcase classname="com.jack.task.Lw" name="run" time="4.216"/>
  <system-out/>
  <testcase classname="com.jack.task.Lw" name="run" time="3.417"/>
  <system-out/>
  <testcase classname="com.jack.task.Lw" name="run" time="5.766"/>
  <system-out/>
  <testcase classname="com.jack.task.Lw" name="run" time="5.417"/>
  <system-out/>
  <testcase classname="com.jack.task.Lw" name="run" time="3.526"/>
  <system-out/>
  <testcase classname="com.jack.task.Lw" name="run" time="4.602"/>
  <system-out/>
  <testcase classname="com.jack.task.Lw" name="run" time="4.802"/>
  <system-out/>
  <testcase classname="com.jack.task.Lw" name="run" time="4.743"/>
  <system-out/>
  <testcase classname="com.jack.task.Lw" name="run" time="3.436"/>
  <system-out/>
  <testcase classname="com.jack.task.Lw" name="run" time="5.789"/>
  <system-out/>
  <testcase classname="com.jack.task.Lw" name="run" time="6.696"/>
  <system-out/>
  <testcase classname="com.jack.task.Lw" name="run" time="4.071"/>
  <system-out/>
  <testcase classname="com.jack.task.Lw" name="run" time="8.464"/>
  <system-out/>
  <testcase classname="com.jack.task.Lw" name="run" time="5.401"/>
  <system-out/>
  <testcase classname="com.jack.task.Lw" name="run" time="6.193"/>
  <system-out/>
  <testcase classname="com.jack.task.Lw" name="run" time="4.563"/>
  <system-out/>
  <testcase classname="com.jack.task.Lw" name="run" time="4.588"/>
  <system-out/>
  <testcase classname="com.jack.task.Lw" name="run" time="4.791"/>
  <system-out/>
  <testcase classname="com.jack.task.Lw" name="run" time="5.322"/>
  <system-out/>
  <testcase classname="com.jack.task.Lw" name="run" time="4.091"/>
  <system-out/>
  <testcase classname="com.jack.task.Lw" name="run" time="4.593"/>
  <system-out/>
  <testcase classname="com.jack.task.Lw" name="run" time="4.892"/>
  <system-out/>
  <testcase classname="com.jack.task.Lw" name="run" time="3.504"/>
  <system-out/>
  <testcase classname="com.jack.task.Lw" name="run" time="5.038"/>
  <system-out/>
  <testcase classname="com.jack.task.Lw" name="run" time="3.405"/>
  <system-out/>
  <testcase classname="com.jack.task.Lw" name="run" time="3.708"/>
  <system-out/>
  <testcase classname="com.jack.task.Lw" name="run" time="6.783"/>
  <system-out/>
  <testcase classname="com.jack.task.Lw" name="run" time="8.817"/>
  <system-out/>
  <testcase classname="com.jack.task.Lw" name="run" time="5.121"/>
  <system-out/>
  <testcase classname="com.jack.task.Lw" name="run" time="4.704"/>
  <system-out/>
  <testcase classname="com.jack.task.Lw" name="run" time="3.432"/>
  <system-out/>
  <testcase classname="com.jack.task.Lw" name="run" time="4.683"/>
  <system-out/>
  <testcase classname="com.jack.task.Lw" name="run" time="7.492"/>
  <system-out/>
  <testcase classname="com.jack.task.Lw" name="run" time="4.036"/>
  <system-out/>
  <testcase classname="com.jack.task.Lw" name="run" time="4.445"/>
  <system-out/>
  <testcase classname="com.jack.task.Lw" name="run" time="3.227"/>
  <system-out/>
  <testcase classname="com.jack.task.Lw" name="run" time="6.026"/>
  <system-out/>
  <testcase classname="com.jack.task.Lw" name="run" time="4.718"/>
  <system-out/>
  <testcase classname="com.jack.task.Lw" name="run" time="4.220"/>
  <system-out/>
  <testcase classname="com.jack.task.Lw" name="run" time="5.915"/>
  <system-out/>
  <testcase classname="com.jack.task.Lw" name="run" time="3.959"/>
  <system-out/>
  <testcase classname="com.jack.task.Lw" name="run" time="4.952"/>
  <system-out/>
  <testcase classname="com.jack.task.Lw" name="run" time="4.230"/>
  <system-out/>
  <testcase classname="com.jack.task.Lw" name="run" time="6.103"/>
  <system-out/>
  <testcase classname="com.jack.task.Lw" name="run" time="4.184"/>
  <system-out/>
  <testcase classname="com.jack.task.Lw" name="run" time="4.306"/>
  <system-out/>
  <testcase classname="com.jack.task.Lw" name="run" time="3.606"/>
  <system-out/>
  <testcase classname="com.jack.task.Lw" name="run" time="4.388"/>
  <system-out/>
  <testcase classname="com.jack.task.Lw" name="run" time="4.499"/>
  <system-out/>
  <testcase classname="com.jack.task.Lw" name="run" time="3.853"/>
  <system-out/>
  <testcase classname="com.jack.task.Lw" name="run" time="4.459"/>
  <system-out/>
  <testcase classname="com.jack.task.Lw" name="run" time="4.788"/>
  <system-out/>
  <testcase classname="com.jack.task.Lw" name="run" time="5.930"/>
  <system-out/>
  <testcase classname="com.jack.task.Lw" name="run" time="5.544"/>
  <system-out/>
  <testcase classname="com.jack.task.Lw" name="run" time="4.198"/>
  <system-out/>
  <testcase classname="com.jack.task.Lw" name="run" time="3.059"/>
  <system-out/>
  <testcase classname="com.jack.task.Lw" name="run" time="4.622"/>
  <system-out/>
  <testcase classname="com.jack.task.Lw" name="run" time="4.023"/>
  <system-out/>
  <testcase classname="com.jack.task.Lw" name="run" time="4.858"/>
  <system-out/>
  <testcase classname="com.jack.task.Lw" name="run" time="3.227"/>
  <system-out/>
  <testcase classname="com.jack.task.Lw" name="run" time="4.676"/>
  <system-out/>
  <testcase classname="com.jack.task.Lw" name="run" time="4.195"/>
  <system-out/>
  <testcase classname="com.jack.task.Lw" name="run" time="10.128"/>
  <system-out/>
  <testcase classname="com.jack.task.Lw" name="run" time="6.575"/>
  <system-out/>
  <testcase classname="com.jack.task.Lw" name="run" time="4.720"/>
  <system-out/>
</testsuite> <!-- com.jack.task.Lw -->
