<?xml version="1.0" encoding="UTF-8"?>
<!-- Generated by org.testng.reporters.JUnitReportReporter -->
<testsuite hostname="DESKTOP-89RDKF8" failures="0" tests="645" name="com.jack.task.Ballardspahr" time="2863.696" errors="0" timestamp="2023-01-14T14:25:07 BDT" skipped="0">
  <testcase classname="com.jack.task.Ballardspahr" name="run" time="4.086"/>
  <system-out/>
  <testcase classname="com.jack.task.Ballardspahr" name="run" time="5.492"/>
  <system-out/>
  <testcase classname="com.jack.task.Ballardspahr" name="run" time="3.145"/>
  <system-out/>
  <testcase classname="com.jack.task.Ballardspahr" name="run" time="2.357"/>
  <system-out/>
  <testcase classname="com.jack.task.Ballardspahr" name="run" time="2.638"/>
  <system-out/>
  <testcase classname="com.jack.task.Ballardspahr" name="run" time="2.624"/>
  <system-out/>
  <testcase classname="com.jack.task.Ballardspahr" name="run" time="7.577"/>
  <system-out/>
  <testcase classname="com.jack.task.Ballardspahr" name="run" time="3.376"/>
  <system-out/>
  <testcase classname="com.jack.task.Ballardspahr" name="run" time="3.102"/>
  <system-out/>
  <testcase classname="com.jack.task.Ballardspahr" name="run" time="6.312"/>
  <system-out/>
  <testcase classname="com.jack.task.Ballardspahr" name="run" time="5.233"/>
  <system-out/>
  <testcase classname="com.jack.task.Ballardspahr" name="run" time="4.362"/>
  <system-out/>
  <testcase classname="com.jack.task.Ballardspahr" name="run" time="2.411"/>
  <system-out/>
  <testcase classname="com.jack.task.Ballardspahr" name="run" time="3.896"/>
  <system-out/>
  <testcase classname="com.jack.task.Ballardspahr" name="run" time="6.129"/>
  <system-out/>
  <testcase classname="com.jack.task.Ballardspahr" name="run" time="3.493"/>
  <system-out/>
  <testcase classname="com.jack.task.Ballardspahr" name="run" time="7.073"/>
  <system-out/>
  <testcase classname="com.jack.task.Ballardspahr" name="run" time="4.983"/>
  <system-out/>
  <testcase classname="com.jack.task.Ballardspahr" name="run" time="7.874"/>
  <system-out/>
  <testcase classname="com.jack.task.Ballardspahr" name="run" time="3.660"/>
  <system-out/>
  <testcase classname="com.jack.task.Ballardspahr" name="run" time="5.753"/>
  <system-out/>
  <testcase classname="com.jack.task.Ballardspahr" name="run" time="5.923"/>
  <system-out/>
  <testcase classname="com.jack.task.Ballardspahr" name="run" time="9.216"/>
  <system-out/>
  <testcase classname="com.jack.task.Ballardspahr" name="run" time="7.781"/>
  <system-out/>
  <testcase classname="com.jack.task.Ballardspahr" name="run" time="4.242"/>
  <system-out/>
  <testcase classname="com.jack.task.Ballardspahr" name="run" time="8.027"/>
  <system-out/>
  <testcase classname="com.jack.task.Ballardspahr" name="run" time="5.370"/>
  <system-out/>
  <testcase classname="com.jack.task.Ballardspahr" name="run" time="4.318"/>
  <system-out/>
  <testcase classname="com.jack.task.Ballardspahr" name="run" time="7.708"/>
  <system-out/>
  <testcase classname="com.jack.task.Ballardspahr" name="run" time="5.479"/>
  <system-out/>
  <testcase classname="com.jack.task.Ballardspahr" name="run" time="6.591"/>
  <system-out/>
  <testcase classname="com.jack.task.Ballardspahr" name="run" time="6.047"/>
  <system-out/>
  <testcase classname="com.jack.task.Ballardspahr" name="run" time="2.403"/>
  <system-out/>
  <testcase classname="com.jack.task.Ballardspahr" name="run" time="6.715"/>
  <system-out/>
  <testcase classname="com.jack.task.Ballardspahr" name="run" time="6.137"/>
  <system-out/>
  <testcase classname="com.jack.task.Ballardspahr" name="run" time="5.686"/>
  <system-out/>
  <testcase classname="com.jack.task.Ballardspahr" name="run" time="4.248"/>
  <system-out/>
  <testcase classname="com.jack.task.Ballardspahr" name="run" time="3.086"/>
  <system-out/>
  <testcase classname="com.jack.task.Ballardspahr" name="run" time="2.201"/>
  <system-out/>
  <testcase classname="com.jack.task.Ballardspahr" name="run" time="3.091"/>
  <system-out/>
  <testcase classname="com.jack.task.Ballardspahr" name="run" time="2.305"/>
  <system-out/>
  <testcase classname="com.jack.task.Ballardspahr" name="run" time="2.071"/>
  <system-out/>
  <testcase classname="com.jack.task.Ballardspahr" name="run" time="2.711"/>
  <system-out/>
  <testcase classname="com.jack.task.Ballardspahr" name="run" time="5.309"/>
  <system-out/>
  <testcase classname="com.jack.task.Ballardspahr" name="run" time="5.526"/>
  <system-out/>
  <testcase classname="com.jack.task.Ballardspahr" name="run" time="5.455"/>
  <system-out/>
  <testcase classname="com.jack.task.Ballardspahr" name="run" time="4.878"/>
  <system-out/>
  <testcase classname="com.jack.task.Ballardspahr" name="run" time="2.480"/>
  <system-out/>
  <testcase classname="com.jack.task.Ballardspahr" name="run" time="6.401"/>
  <system-out/>
  <testcase classname="com.jack.task.Ballardspahr" name="run" time="3.153"/>
  <system-out/>
  <testcase classname="com.jack.task.Ballardspahr" name="run" time="3.650"/>
  <system-out/>
  <testcase classname="com.jack.task.Ballardspahr" name="run" time="4.205"/>
  <system-out/>
  <testcase classname="com.jack.task.Ballardspahr" name="run" time="2.677"/>
  <system-out/>
  <testcase classname="com.jack.task.Ballardspahr" name="run" time="3.560"/>
  <system-out/>
  <testcase classname="com.jack.task.Ballardspahr" name="run" time="5.136"/>
  <system-out/>
  <testcase classname="com.jack.task.Ballardspahr" name="run" time="3.732"/>
  <system-out/>
  <testcase classname="com.jack.task.Ballardspahr" name="run" time="3.593"/>
  <system-out/>
  <testcase classname="com.jack.task.Ballardspahr" name="run" time="3.296"/>
  <system-out/>
  <testcase classname="com.jack.task.Ballardspahr" name="run" time="2.892"/>
  <system-out/>
  <testcase classname="com.jack.task.Ballardspahr" name="run" time="2.824"/>
  <system-out/>
  <testcase classname="com.jack.task.Ballardspahr" name="run" time="3.321"/>
  <system-out/>
  <testcase classname="com.jack.task.Ballardspahr" name="run" time="3.929"/>
  <system-out/>
  <testcase classname="com.jack.task.Ballardspahr" name="run" time="3.536"/>
  <system-out/>
  <testcase classname="com.jack.task.Ballardspahr" name="run" time="3.659"/>
  <system-out/>
  <testcase classname="com.jack.task.Ballardspahr" name="run" time="3.467"/>
  <system-out/>
  <testcase classname="com.jack.task.Ballardspahr" name="run" time="3.478"/>
  <system-out/>
  <testcase classname="com.jack.task.Ballardspahr" name="run" time="4.535"/>
  <system-out/>
  <testcase classname="com.jack.task.Ballardspahr" name="run" time="2.753"/>
  <system-out/>
  <testcase classname="com.jack.task.Ballardspahr" name="run" time="3.854"/>
  <system-out/>
  <testcase classname="com.jack.task.Ballardspahr" name="run" time="6.947"/>
  <system-out/>
  <testcase classname="com.jack.task.Ballardspahr" name="run" time="3.268"/>
  <system-out/>
  <testcase classname="com.jack.task.Ballardspahr" name="run" time="3.624"/>
  <system-out/>
  <testcase classname="com.jack.task.Ballardspahr" name="run" time="6.153"/>
  <system-out/>
  <testcase classname="com.jack.task.Ballardspahr" name="run" time="4.459"/>
  <system-out/>
  <testcase classname="com.jack.task.Ballardspahr" name="run" time="4.556"/>
  <system-out/>
  <testcase classname="com.jack.task.Ballardspahr" name="run" time="5.180"/>
  <system-out/>
  <testcase classname="com.jack.task.Ballardspahr" name="run" time="3.374"/>
  <system-out/>
  <testcase classname="com.jack.task.Ballardspahr" name="run" time="4.324"/>
  <system-out/>
  <testcase classname="com.jack.task.Ballardspahr" name="run" time="4.948"/>
  <system-out/>
  <testcase classname="com.jack.task.Ballardspahr" name="run" time="3.172"/>
  <system-out/>
  <testcase classname="com.jack.task.Ballardspahr" name="run" time="4.805"/>
  <system-out/>
  <testcase classname="com.jack.task.Ballardspahr" name="run" time="4.249"/>
  <system-out/>
  <testcase classname="com.jack.task.Ballardspahr" name="run" time="3.638"/>
  <system-out/>
  <testcase classname="com.jack.task.Ballardspahr" name="run" time="4.265"/>
  <system-out/>
  <testcase classname="com.jack.task.Ballardspahr" name="run" time="5.428"/>
  <system-out/>
  <testcase classname="com.jack.task.Ballardspahr" name="run" time="2.524"/>
  <system-out/>
  <testcase classname="com.jack.task.Ballardspahr" name="run" time="5.994"/>
  <system-out/>
  <testcase classname="com.jack.task.Ballardspahr" name="run" time="6.969"/>
  <system-out/>
  <testcase classname="com.jack.task.Ballardspahr" name="run" time="3.406"/>
  <system-out/>
  <testcase classname="com.jack.task.Ballardspahr" name="run" time="2.827"/>
  <system-out/>
  <testcase classname="com.jack.task.Ballardspahr" name="run" time="8.290"/>
  <system-out/>
  <testcase classname="com.jack.task.Ballardspahr" name="run" time="3.900"/>
  <system-out/>
  <testcase classname="com.jack.task.Ballardspahr" name="run" time="8.327"/>
  <system-out/>
  <testcase classname="com.jack.task.Ballardspahr" name="run" time="3.746"/>
  <system-out/>
  <testcase classname="com.jack.task.Ballardspahr" name="run" time="6.785"/>
  <system-out/>
  <testcase classname="com.jack.task.Ballardspahr" name="run" time="7.662"/>
  <system-out/>
  <testcase classname="com.jack.task.Ballardspahr" name="run" time="2.728"/>
  <system-out/>
  <testcase classname="com.jack.task.Ballardspahr" name="run" time="3.973"/>
  <system-out/>
  <testcase classname="com.jack.task.Ballardspahr" name="run" time="5.180"/>
  <system-out/>
  <testcase classname="com.jack.task.Ballardspahr" name="run" time="6.293"/>
  <system-out/>
  <testcase classname="com.jack.task.Ballardspahr" name="run" time="3.254"/>
  <system-out/>
  <testcase classname="com.jack.task.Ballardspahr" name="run" time="8.336"/>
  <system-out/>
  <testcase classname="com.jack.task.Ballardspahr" name="run" time="4.256"/>
  <system-out/>
  <testcase classname="com.jack.task.Ballardspahr" name="run" time="4.330"/>
  <system-out/>
  <testcase classname="com.jack.task.Ballardspahr" name="run" time="4.574"/>
  <system-out/>
  <testcase classname="com.jack.task.Ballardspahr" name="run" time="8.016"/>
  <system-out/>
  <testcase classname="com.jack.task.Ballardspahr" name="run" time="7.765"/>
  <system-out/>
  <testcase classname="com.jack.task.Ballardspahr" name="run" time="5.011"/>
  <system-out/>
  <testcase classname="com.jack.task.Ballardspahr" name="run" time="5.048"/>
  <system-out/>
  <testcase classname="com.jack.task.Ballardspahr" name="run" time="7.387"/>
  <system-out/>
  <testcase classname="com.jack.task.Ballardspahr" name="run" time="5.845"/>
  <system-out/>
  <testcase classname="com.jack.task.Ballardspahr" name="run" time="2.185"/>
  <system-out/>
  <testcase classname="com.jack.task.Ballardspahr" name="testx" time="0.001"/>
  <system-out/>
  <testcase classname="com.jack.task.Ballardspahr" name="run" time="2.387"/>
  <system-out/>
  <testcase classname="com.jack.task.Ballardspahr" name="run" time="6.221"/>
  <system-out/>
  <testcase classname="com.jack.task.Ballardspahr" name="run" time="4.616"/>
  <system-out/>
  <testcase classname="com.jack.task.Ballardspahr" name="run" time="5.604"/>
  <system-out/>
  <testcase classname="com.jack.task.Ballardspahr" name="run" time="3.929"/>
  <system-out/>
  <testcase classname="com.jack.task.Ballardspahr" name="run" time="6.257"/>
  <system-out/>
  <testcase classname="com.jack.task.Ballardspahr" name="run" time="3.316"/>
  <system-out/>
  <testcase classname="com.jack.task.Ballardspahr" name="run" time="3.631"/>
  <system-out/>
  <testcase classname="com.jack.task.Ballardspahr" name="run" time="4.034"/>
  <system-out/>
  <testcase classname="com.jack.task.Ballardspahr" name="run" time="2.586"/>
  <system-out/>
  <testcase classname="com.jack.task.Ballardspahr" name="run" time="5.288"/>
  <system-out/>
  <testcase classname="com.jack.task.Ballardspahr" name="run" time="3.386"/>
  <system-out/>
  <testcase classname="com.jack.task.Ballardspahr" name="run" time="2.954"/>
  <system-out/>
  <testcase classname="com.jack.task.Ballardspahr" name="run" time="4.970"/>
  <system-out/>
  <testcase classname="com.jack.task.Ballardspahr" name="run" time="2.648"/>
  <system-out/>
  <testcase classname="com.jack.task.Ballardspahr" name="run" time="2.033"/>
  <system-out/>
  <testcase classname="com.jack.task.Ballardspahr" name="run" time="3.799"/>
  <system-out/>
  <testcase classname="com.jack.task.Ballardspahr" name="run" time="2.949"/>
  <system-out/>
  <testcase classname="com.jack.task.Ballardspahr" name="run" time="2.733"/>
  <system-out/>
  <testcase classname="com.jack.task.Ballardspahr" name="run" time="2.514"/>
  <system-out/>
  <testcase classname="com.jack.task.Ballardspahr" name="run" time="2.975"/>
  <system-out/>
  <testcase classname="com.jack.task.Ballardspahr" name="run" time="5.837"/>
  <system-out/>
  <testcase classname="com.jack.task.Ballardspahr" name="run" time="5.457"/>
  <system-out/>
  <testcase classname="com.jack.task.Ballardspahr" name="run" time="4.313"/>
  <system-out/>
  <testcase classname="com.jack.task.Ballardspahr" name="run" time="4.420"/>
  <system-out/>
  <testcase classname="com.jack.task.Ballardspahr" name="run" time="4.628"/>
  <system-out/>
  <testcase classname="com.jack.task.Ballardspahr" name="run" time="3.792"/>
  <system-out/>
  <testcase classname="com.jack.task.Ballardspahr" name="run" time="4.560"/>
  <system-out/>
  <testcase classname="com.jack.task.Ballardspahr" name="run" time="8.877"/>
  <system-out/>
  <testcase classname="com.jack.task.Ballardspahr" name="run" time="3.967"/>
  <system-out/>
  <testcase classname="com.jack.task.Ballardspahr" name="run" time="2.247"/>
  <system-out/>
  <testcase classname="com.jack.task.Ballardspahr" name="run" time="3.162"/>
  <system-out/>
  <testcase classname="com.jack.task.Ballardspahr" name="run" time="3.771"/>
  <system-out/>
  <testcase classname="com.jack.task.Ballardspahr" name="run" time="2.974"/>
  <system-out/>
  <testcase classname="com.jack.task.Ballardspahr" name="run" time="3.955"/>
  <system-out/>
  <testcase classname="com.jack.task.Ballardspahr" name="run" time="2.170"/>
  <system-out/>
  <testcase classname="com.jack.task.Ballardspahr" name="run" time="4.585"/>
  <system-out/>
  <testcase classname="com.jack.task.Ballardspahr" name="run" time="4.900"/>
  <system-out/>
  <testcase classname="com.jack.task.Ballardspahr" name="run" time="5.657"/>
  <system-out/>
  <testcase classname="com.jack.task.Ballardspahr" name="run" time="2.704"/>
  <system-out/>
  <testcase classname="com.jack.task.Ballardspahr" name="run" time="3.536"/>
  <system-out/>
  <testcase classname="com.jack.task.Ballardspahr" name="run" time="4.290"/>
  <system-out/>
  <testcase classname="com.jack.task.Ballardspahr" name="run" time="3.518"/>
  <system-out/>
  <testcase classname="com.jack.task.Ballardspahr" name="run" time="2.316"/>
  <system-out/>
  <testcase classname="com.jack.task.Ballardspahr" name="run" time="5.185"/>
  <system-out/>
  <testcase classname="com.jack.task.Ballardspahr" name="run" time="6.175"/>
  <system-out/>
  <testcase classname="com.jack.task.Ballardspahr" name="run" time="3.316"/>
  <system-out/>
  <testcase classname="com.jack.task.Ballardspahr" name="run" time="4.304"/>
  <system-out/>
  <testcase classname="com.jack.task.Ballardspahr" name="run" time="4.034"/>
  <system-out/>
  <testcase classname="com.jack.task.Ballardspahr" name="run" time="2.469"/>
  <system-out/>
  <testcase classname="com.jack.task.Ballardspahr" name="run" time="2.532"/>
  <system-out/>
  <testcase classname="com.jack.task.Ballardspahr" name="run" time="2.961"/>
  <system-out/>
  <testcase classname="com.jack.task.Ballardspahr" name="run" time="3.300"/>
  <system-out/>
  <testcase classname="com.jack.task.Ballardspahr" name="run" time="2.986"/>
  <system-out/>
  <testcase classname="com.jack.task.Ballardspahr" name="run" time="7.898"/>
  <system-out/>
  <testcase classname="com.jack.task.Ballardspahr" name="run" time="4.120"/>
  <system-out/>
  <testcase classname="com.jack.task.Ballardspahr" name="run" time="4.405"/>
  <system-out/>
  <testcase classname="com.jack.task.Ballardspahr" name="run" time="6.516"/>
  <system-out/>
  <testcase classname="com.jack.task.Ballardspahr" name="run" time="3.716"/>
  <system-out/>
  <testcase classname="com.jack.task.Ballardspahr" name="run" time="3.236"/>
  <system-out/>
  <testcase classname="com.jack.task.Ballardspahr" name="run" time="2.442"/>
  <system-out/>
  <testcase classname="com.jack.task.Ballardspahr" name="run" time="3.005"/>
  <system-out/>
  <testcase classname="com.jack.task.Ballardspahr" name="run" time="4.062"/>
  <system-out/>
  <testcase classname="com.jack.task.Ballardspahr" name="run" time="4.570"/>
  <system-out/>
  <testcase classname="com.jack.task.Ballardspahr" name="run" time="5.250"/>
  <system-out/>
  <testcase classname="com.jack.task.Ballardspahr" name="run" time="2.276"/>
  <system-out/>
  <testcase classname="com.jack.task.Ballardspahr" name="run" time="3.559"/>
  <system-out/>
  <testcase classname="com.jack.task.Ballardspahr" name="run" time="5.074"/>
  <system-out/>
  <testcase classname="com.jack.task.Ballardspahr" name="run" time="4.641"/>
  <system-out/>
  <testcase classname="com.jack.task.Ballardspahr" name="run" time="2.737"/>
  <system-out/>
  <testcase classname="com.jack.task.Ballardspahr" name="run" time="5.216"/>
  <system-out/>
  <testcase classname="com.jack.task.Ballardspahr" name="run" time="2.838"/>
  <system-out/>
  <testcase classname="com.jack.task.Ballardspahr" name="run" time="3.863"/>
  <system-out/>
  <testcase classname="com.jack.task.Ballardspahr" name="run" time="5.034"/>
  <system-out/>
  <testcase classname="com.jack.task.Ballardspahr" name="run" time="2.214"/>
  <system-out/>
  <testcase classname="com.jack.task.Ballardspahr" name="run" time="5.946"/>
  <system-out/>
  <testcase classname="com.jack.task.Ballardspahr" name="run" time="4.170"/>
  <system-out/>
  <testcase classname="com.jack.task.Ballardspahr" name="run" time="3.382"/>
  <system-out/>
  <testcase classname="com.jack.task.Ballardspahr" name="run" time="4.948"/>
  <system-out/>
  <testcase classname="com.jack.task.Ballardspahr" name="run" time="7.511"/>
  <system-out/>
  <testcase classname="com.jack.task.Ballardspahr" name="run" time="2.852"/>
  <system-out/>
  <testcase classname="com.jack.task.Ballardspahr" name="run" time="4.788"/>
  <system-out/>
  <testcase classname="com.jack.task.Ballardspahr" name="run" time="6.302"/>
  <system-out/>
  <testcase classname="com.jack.task.Ballardspahr" name="run" time="5.470"/>
  <system-out/>
  <testcase classname="com.jack.task.Ballardspahr" name="run" time="3.568"/>
  <system-out/>
  <testcase classname="com.jack.task.Ballardspahr" name="run" time="10.177"/>
  <system-out/>
  <testcase classname="com.jack.task.Ballardspahr" name="run" time="3.968"/>
  <system-out/>
  <testcase classname="com.jack.task.Ballardspahr" name="run" time="3.838"/>
  <system-out/>
  <testcase classname="com.jack.task.Ballardspahr" name="run" time="9.996"/>
  <system-out/>
  <testcase classname="com.jack.task.Ballardspahr" name="run" time="2.768"/>
  <system-out/>
  <testcase classname="com.jack.task.Ballardspahr" name="run" time="3.536"/>
  <system-out/>
  <testcase classname="com.jack.task.Ballardspahr" name="run" time="3.499"/>
  <system-out/>
  <testcase classname="com.jack.task.Ballardspahr" name="run" time="4.086"/>
  <system-out/>
  <testcase classname="com.jack.task.Ballardspahr" name="run" time="3.983"/>
  <system-out/>
  <testcase classname="com.jack.task.Ballardspahr" name="run" time="5.891"/>
  <system-out/>
  <testcase classname="com.jack.task.Ballardspahr" name="run" time="6.919"/>
  <system-out/>
  <testcase classname="com.jack.task.Ballardspahr" name="run" time="4.086"/>
  <system-out/>
  <testcase classname="com.jack.task.Ballardspahr" name="run" time="4.387"/>
  <system-out/>
  <testcase classname="com.jack.task.Ballardspahr" name="run" time="4.089"/>
  <system-out/>
  <testcase classname="com.jack.task.Ballardspahr" name="run" time="3.435"/>
  <system-out/>
  <testcase classname="com.jack.task.Ballardspahr" name="run" time="5.035"/>
  <system-out/>
  <testcase classname="com.jack.task.Ballardspahr" name="run" time="3.148"/>
  <system-out/>
  <testcase classname="com.jack.task.Ballardspahr" name="run" time="3.785"/>
  <system-out/>
  <testcase classname="com.jack.task.Ballardspahr" name="run" time="3.943"/>
  <system-out/>
  <testcase classname="com.jack.task.Ballardspahr" name="run" time="3.442"/>
  <system-out/>
  <testcase classname="com.jack.task.Ballardspahr" name="run" time="5.851"/>
  <system-out/>
  <testcase classname="com.jack.task.Ballardspahr" name="run" time="4.920"/>
  <system-out/>
  <testcase classname="com.jack.task.Ballardspahr" name="run" time="4.919"/>
  <system-out/>
  <testcase classname="com.jack.task.Ballardspahr" name="run" time="2.180"/>
  <system-out/>
  <testcase classname="com.jack.task.Ballardspahr" name="run" time="6.769"/>
  <system-out/>
  <testcase classname="com.jack.task.Ballardspahr" name="run" time="2.786"/>
  <system-out/>
  <testcase classname="com.jack.task.Ballardspahr" name="run" time="4.737"/>
  <system-out/>
  <testcase classname="com.jack.task.Ballardspahr" name="run" time="3.135"/>
  <system-out/>
  <testcase classname="com.jack.task.Ballardspahr" name="run" time="7.490"/>
  <system-out/>
  <testcase classname="com.jack.task.Ballardspahr" name="run" time="4.574"/>
  <system-out/>
  <testcase classname="com.jack.task.Ballardspahr" name="run" time="5.540"/>
  <system-out/>
  <testcase classname="com.jack.task.Ballardspahr" name="run" time="3.728"/>
  <system-out/>
  <testcase classname="com.jack.task.Ballardspahr" name="run" time="5.244"/>
  <system-out/>
  <testcase classname="com.jack.task.Ballardspahr" name="run" time="5.926"/>
  <system-out/>
  <testcase classname="com.jack.task.Ballardspahr" name="run" time="5.829"/>
  <system-out/>
  <testcase classname="com.jack.task.Ballardspahr" name="run" time="5.599"/>
  <system-out/>
  <testcase classname="com.jack.task.Ballardspahr" name="run" time="3.475"/>
  <system-out/>
  <testcase classname="com.jack.task.Ballardspahr" name="run" time="3.506"/>
  <system-out/>
  <testcase classname="com.jack.task.Ballardspahr" name="run" time="5.621"/>
  <system-out/>
  <testcase classname="com.jack.task.Ballardspahr" name="run" time="8.029"/>
  <system-out/>
  <testcase classname="com.jack.task.Ballardspahr" name="run" time="4.603"/>
  <system-out/>
  <testcase classname="com.jack.task.Ballardspahr" name="run" time="4.888"/>
  <system-out/>
  <testcase classname="com.jack.task.Ballardspahr" name="run" time="6.661"/>
  <system-out/>
  <testcase classname="com.jack.task.Ballardspahr" name="run" time="5.248"/>
  <system-out/>
  <testcase classname="com.jack.task.Ballardspahr" name="run" time="2.402"/>
  <system-out/>
  <testcase classname="com.jack.task.Ballardspahr" name="run" time="2.186"/>
  <system-out/>
  <testcase classname="com.jack.task.Ballardspahr" name="run" time="3.972"/>
  <system-out/>
  <testcase classname="com.jack.task.Ballardspahr" name="run" time="5.481"/>
  <system-out/>
  <testcase classname="com.jack.task.Ballardspahr" name="run" time="4.999"/>
  <system-out/>
  <testcase classname="com.jack.task.Ballardspahr" name="run" time="4.280"/>
  <system-out/>
  <testcase classname="com.jack.task.Ballardspahr" name="run" time="5.468"/>
  <system-out/>
  <testcase classname="com.jack.task.Ballardspahr" name="run" time="4.525"/>
  <system-out/>
  <testcase classname="com.jack.task.Ballardspahr" name="run" time="3.459"/>
  <system-out/>
  <testcase classname="com.jack.task.Ballardspahr" name="run" time="2.478"/>
  <system-out/>
  <testcase classname="com.jack.task.Ballardspahr" name="run" time="2.754"/>
  <system-out/>
  <testcase classname="com.jack.task.Ballardspahr" name="run" time="4.903"/>
  <system-out/>
  <testcase classname="com.jack.task.Ballardspahr" name="run" time="8.324"/>
  <system-out/>
  <testcase classname="com.jack.task.Ballardspahr" name="run" time="4.650"/>
  <system-out/>
  <testcase classname="com.jack.task.Ballardspahr" name="run" time="5.963"/>
  <system-out/>
  <testcase classname="com.jack.task.Ballardspahr" name="run" time="5.224"/>
  <system-out/>
  <testcase classname="com.jack.task.Ballardspahr" name="run" time="3.454"/>
  <system-out/>
  <testcase classname="com.jack.task.Ballardspahr" name="run" time="6.741"/>
  <system-out/>
  <testcase classname="com.jack.task.Ballardspahr" name="run" time="3.413"/>
  <system-out/>
  <testcase classname="com.jack.task.Ballardspahr" name="run" time="2.170"/>
  <system-out/>
  <testcase classname="com.jack.task.Ballardspahr" name="run" time="4.275"/>
  <system-out/>
  <testcase classname="com.jack.task.Ballardspahr" name="run" time="4.957"/>
  <system-out/>
  <testcase classname="com.jack.task.Ballardspahr" name="run" time="2.845"/>
  <system-out/>
  <testcase classname="com.jack.task.Ballardspahr" name="run" time="5.242"/>
  <system-out/>
  <testcase classname="com.jack.task.Ballardspahr" name="run" time="2.511"/>
  <system-out/>
  <testcase classname="com.jack.task.Ballardspahr" name="run" time="2.962"/>
  <system-out/>
  <testcase classname="com.jack.task.Ballardspahr" name="run" time="3.193"/>
  <system-out/>
  <testcase classname="com.jack.task.Ballardspahr" name="run" time="2.457"/>
  <system-out/>
  <testcase classname="com.jack.task.Ballardspahr" name="run" time="3.907"/>
  <system-out/>
  <testcase classname="com.jack.task.Ballardspahr" name="run" time="3.004"/>
  <system-out/>
  <testcase classname="com.jack.task.Ballardspahr" name="run" time="5.605"/>
  <system-out/>
  <testcase classname="com.jack.task.Ballardspahr" name="run" time="5.114"/>
  <system-out/>
  <testcase classname="com.jack.task.Ballardspahr" name="run" time="2.863"/>
  <system-out/>
  <testcase classname="com.jack.task.Ballardspahr" name="run" time="4.571"/>
  <system-out/>
  <testcase classname="com.jack.task.Ballardspahr" name="run" time="3.920"/>
  <system-out/>
  <testcase classname="com.jack.task.Ballardspahr" name="run" time="5.975"/>
  <system-out/>
  <testcase classname="com.jack.task.Ballardspahr" name="run" time="2.449"/>
  <system-out/>
  <testcase classname="com.jack.task.Ballardspahr" name="run" time="6.666"/>
  <system-out/>
  <testcase classname="com.jack.task.Ballardspahr" name="run" time="5.592"/>
  <system-out/>
  <testcase classname="com.jack.task.Ballardspahr" name="run" time="4.308"/>
  <system-out/>
  <testcase classname="com.jack.task.Ballardspahr" name="run" time="5.944"/>
  <system-out/>
  <testcase classname="com.jack.task.Ballardspahr" name="run" time="3.085"/>
  <system-out/>
  <testcase classname="com.jack.task.Ballardspahr" name="run" time="4.919"/>
  <system-out/>
  <testcase classname="com.jack.task.Ballardspahr" name="run" time="7.904"/>
  <system-out/>
  <testcase classname="com.jack.task.Ballardspahr" name="run" time="5.622"/>
  <system-out/>
  <testcase classname="com.jack.task.Ballardspahr" name="run" time="2.620"/>
  <system-out/>
  <testcase classname="com.jack.task.Ballardspahr" name="run" time="2.249"/>
  <system-out/>
  <testcase classname="com.jack.task.Ballardspahr" name="run" time="6.693"/>
  <system-out/>
  <testcase classname="com.jack.task.Ballardspahr" name="run" time="4.406"/>
  <system-out/>
  <testcase classname="com.jack.task.Ballardspahr" name="run" time="2.816"/>
  <system-out/>
  <testcase classname="com.jack.task.Ballardspahr" name="run" time="7.828"/>
  <system-out/>
  <testcase classname="com.jack.task.Ballardspahr" name="run" time="5.662"/>
  <system-out/>
  <testcase classname="com.jack.task.Ballardspahr" name="run" time="4.031"/>
  <system-out/>
  <testcase classname="com.jack.task.Ballardspahr" name="run" time="6.221"/>
  <system-out/>
  <testcase classname="com.jack.task.Ballardspahr" name="run" time="4.254"/>
  <system-out/>
  <testcase classname="com.jack.task.Ballardspahr" name="run" time="3.616"/>
  <system-out/>
  <testcase classname="com.jack.task.Ballardspahr" name="run" time="4.166"/>
  <system-out/>
  <testcase classname="com.jack.task.Ballardspahr" name="run" time="6.225"/>
  <system-out/>
  <testcase classname="com.jack.task.Ballardspahr" name="run" time="4.325"/>
  <system-out/>
  <testcase classname="com.jack.task.Ballardspahr" name="run" time="3.957"/>
  <system-out/>
  <testcase classname="com.jack.task.Ballardspahr" name="run" time="2.693"/>
  <system-out/>
  <testcase classname="com.jack.task.Ballardspahr" name="run" time="4.055"/>
  <system-out/>
  <testcase classname="com.jack.task.Ballardspahr" name="run" time="7.160"/>
  <system-out/>
  <testcase classname="com.jack.task.Ballardspahr" name="run" time="4.971"/>
  <system-out/>
  <testcase classname="com.jack.task.Ballardspahr" name="run" time="2.333"/>
  <system-out/>
  <testcase classname="com.jack.task.Ballardspahr" name="run" time="3.892"/>
  <system-out/>
  <testcase classname="com.jack.task.Ballardspahr" name="run" time="3.608"/>
  <system-out/>
  <testcase classname="com.jack.task.Ballardspahr" name="run" time="6.062"/>
  <system-out/>
  <testcase classname="com.jack.task.Ballardspahr" name="run" time="4.432"/>
  <system-out/>
  <testcase classname="com.jack.task.Ballardspahr" name="run" time="3.490"/>
  <system-out/>
  <testcase classname="com.jack.task.Ballardspahr" name="run" time="4.308"/>
  <system-out/>
  <testcase classname="com.jack.task.Ballardspahr" name="run" time="8.235"/>
  <system-out/>
  <testcase classname="com.jack.task.Ballardspahr" name="run" time="7.263"/>
  <system-out/>
  <testcase classname="com.jack.task.Ballardspahr" name="run" time="3.889"/>
  <system-out/>
  <testcase classname="com.jack.task.Ballardspahr" name="run" time="4.443"/>
  <system-out/>
  <testcase classname="com.jack.task.Ballardspahr" name="run" time="5.438"/>
  <system-out/>
  <testcase classname="com.jack.task.Ballardspahr" name="run" time="4.896"/>
  <system-out/>
  <testcase classname="com.jack.task.Ballardspahr" name="run" time="3.261"/>
  <system-out/>
  <testcase classname="com.jack.task.Ballardspahr" name="run" time="5.518"/>
  <system-out/>
  <testcase classname="com.jack.task.Ballardspahr" name="run" time="2.780"/>
  <system-out/>
  <testcase classname="com.jack.task.Ballardspahr" name="run" time="5.118"/>
  <system-out/>
  <testcase classname="com.jack.task.Ballardspahr" name="run" time="5.274"/>
  <system-out/>
  <testcase classname="com.jack.task.Ballardspahr" name="run" time="3.134"/>
  <system-out/>
  <testcase classname="com.jack.task.Ballardspahr" name="run" time="3.774"/>
  <system-out/>
  <testcase classname="com.jack.task.Ballardspahr" name="run" time="4.165"/>
  <system-out/>
  <testcase classname="com.jack.task.Ballardspahr" name="run" time="5.556"/>
  <system-out/>
  <testcase classname="com.jack.task.Ballardspahr" name="run" time="3.677"/>
  <system-out/>
  <testcase classname="com.jack.task.Ballardspahr" name="run" time="3.938"/>
  <system-out/>
  <testcase classname="com.jack.task.Ballardspahr" name="run" time="7.233"/>
  <system-out/>
  <testcase classname="com.jack.task.Ballardspahr" name="run" time="5.367"/>
  <system-out/>
  <testcase classname="com.jack.task.Ballardspahr" name="run" time="4.350"/>
  <system-out/>
  <testcase classname="com.jack.task.Ballardspahr" name="run" time="3.744"/>
  <system-out/>
  <testcase classname="com.jack.task.Ballardspahr" name="run" time="3.037"/>
  <system-out/>
  <testcase classname="com.jack.task.Ballardspahr" name="run" time="7.771"/>
  <system-out/>
  <testcase classname="com.jack.task.Ballardspahr" name="run" time="6.186"/>
  <system-out/>
  <testcase classname="com.jack.task.Ballardspahr" name="run" time="5.803"/>
  <system-out/>
  <testcase classname="com.jack.task.Ballardspahr" name="run" time="5.065"/>
  <system-out/>
  <testcase classname="com.jack.task.Ballardspahr" name="run" time="3.984"/>
  <system-out/>
  <testcase classname="com.jack.task.Ballardspahr" name="run" time="5.570"/>
  <system-out/>
  <testcase classname="com.jack.task.Ballardspahr" name="run" time="7.366"/>
  <system-out/>
  <testcase classname="com.jack.task.Ballardspahr" name="run" time="3.960"/>
  <system-out/>
  <testcase classname="com.jack.task.Ballardspahr" name="run" time="4.125"/>
  <system-out/>
  <testcase classname="com.jack.task.Ballardspahr" name="run" time="2.187"/>
  <system-out/>
  <testcase classname="com.jack.task.Ballardspahr" name="run" time="5.026"/>
  <system-out/>
  <testcase classname="com.jack.task.Ballardspahr" name="run" time="3.597"/>
  <system-out/>
  <testcase classname="com.jack.task.Ballardspahr" name="run" time="4.918"/>
  <system-out/>
  <testcase classname="com.jack.task.Ballardspahr" name="run" time="6.374"/>
  <system-out/>
  <testcase classname="com.jack.task.Ballardspahr" name="run" time="3.613"/>
  <system-out/>
  <testcase classname="com.jack.task.Ballardspahr" name="run" time="6.389"/>
  <system-out/>
  <testcase classname="com.jack.task.Ballardspahr" name="run" time="5.401"/>
  <system-out/>
  <testcase classname="com.jack.task.Ballardspahr" name="run" time="4.001"/>
  <system-out/>
  <testcase classname="com.jack.task.Ballardspahr" name="run" time="5.858"/>
  <system-out/>
  <testcase classname="com.jack.task.Ballardspahr" name="run" time="4.660"/>
  <system-out/>
  <testcase classname="com.jack.task.Ballardspahr" name="run" time="6.675"/>
  <system-out/>
  <testcase classname="com.jack.task.Ballardspahr" name="run" time="5.152"/>
  <system-out/>
  <testcase classname="com.jack.task.Ballardspahr" name="run" time="4.400"/>
  <system-out/>
  <testcase classname="com.jack.task.Ballardspahr" name="run" time="5.542"/>
  <system-out/>
  <testcase classname="com.jack.task.Ballardspahr" name="run" time="6.166"/>
  <system-out/>
  <testcase classname="com.jack.task.Ballardspahr" name="run" time="2.226"/>
  <system-out/>
  <testcase classname="com.jack.task.Ballardspahr" name="run" time="3.071"/>
  <system-out/>
  <testcase classname="com.jack.task.Ballardspahr" name="run" time="2.414"/>
  <system-out/>
  <testcase classname="com.jack.task.Ballardspahr" name="run" time="4.956"/>
  <system-out/>
  <testcase classname="com.jack.task.Ballardspahr" name="run" time="3.765"/>
  <system-out/>
  <testcase classname="com.jack.task.Ballardspahr" name="run" time="3.256"/>
  <system-out/>
  <testcase classname="com.jack.task.Ballardspahr" name="run" time="4.408"/>
  <system-out/>
  <testcase classname="com.jack.task.Ballardspahr" name="run" time="3.797"/>
  <system-out/>
  <testcase classname="com.jack.task.Ballardspahr" name="run" time="4.204"/>
  <system-out/>
  <testcase classname="com.jack.task.Ballardspahr" name="run" time="6.165"/>
  <system-out/>
  <testcase classname="com.jack.task.Ballardspahr" name="run" time="3.452"/>
  <system-out/>
  <testcase classname="com.jack.task.Ballardspahr" name="run" time="5.825"/>
  <system-out/>
  <testcase classname="com.jack.task.Ballardspahr" name="run" time="2.655"/>
  <system-out/>
  <testcase classname="com.jack.task.Ballardspahr" name="run" time="7.311"/>
  <system-out/>
  <testcase classname="com.jack.task.Ballardspahr" name="run" time="5.275"/>
  <system-out/>
  <testcase classname="com.jack.task.Ballardspahr" name="run" time="4.641"/>
  <system-out/>
  <testcase classname="com.jack.task.Ballardspahr" name="run" time="3.092"/>
  <system-out/>
  <testcase classname="com.jack.task.Ballardspahr" name="run" time="6.437"/>
  <system-out/>
  <testcase classname="com.jack.task.Ballardspahr" name="run" time="6.249"/>
  <system-out/>
  <testcase classname="com.jack.task.Ballardspahr" name="run" time="3.767"/>
  <system-out/>
  <testcase classname="com.jack.task.Ballardspahr" name="run" time="5.655"/>
  <system-out/>
  <testcase classname="com.jack.task.Ballardspahr" name="run" time="2.564"/>
  <system-out/>
  <testcase classname="com.jack.task.Ballardspahr" name="run" time="5.556"/>
  <system-out/>
  <testcase classname="com.jack.task.Ballardspahr" name="run" time="2.857"/>
  <system-out/>
  <testcase classname="com.jack.task.Ballardspahr" name="run" time="3.381"/>
  <system-out/>
  <testcase classname="com.jack.task.Ballardspahr" name="run" time="2.454"/>
  <system-out/>
  <testcase classname="com.jack.task.Ballardspahr" name="run" time="5.051"/>
  <system-out/>
  <testcase classname="com.jack.task.Ballardspahr" name="run" time="2.405"/>
  <system-out/>
  <testcase classname="com.jack.task.Ballardspahr" name="run" time="5.329"/>
  <system-out/>
  <testcase classname="com.jack.task.Ballardspahr" name="run" time="5.987"/>
  <system-out/>
  <testcase classname="com.jack.task.Ballardspahr" name="run" time="7.179"/>
  <system-out/>
  <testcase classname="com.jack.task.Ballardspahr" name="run" time="5.770"/>
  <system-out/>
  <testcase classname="com.jack.task.Ballardspahr" name="run" time="2.754"/>
  <system-out/>
  <testcase classname="com.jack.task.Ballardspahr" name="run" time="2.996"/>
  <system-out/>
  <testcase classname="com.jack.task.Ballardspahr" name="run" time="5.157"/>
  <system-out/>
  <testcase classname="com.jack.task.Ballardspahr" name="run" time="2.191"/>
  <system-out/>
  <testcase classname="com.jack.task.Ballardspahr" name="run" time="5.896"/>
  <system-out/>
  <testcase classname="com.jack.task.Ballardspahr" name="run" time="5.274"/>
  <system-out/>
  <testcase classname="com.jack.task.Ballardspahr" name="run" time="7.070"/>
  <system-out/>
  <testcase classname="com.jack.task.Ballardspahr" name="run" time="3.061"/>
  <system-out/>
  <testcase classname="com.jack.task.Ballardspahr" name="run" time="5.848"/>
  <system-out/>
  <testcase classname="com.jack.task.Ballardspahr" name="run" time="2.804"/>
  <system-out/>
  <testcase classname="com.jack.task.Ballardspahr" name="run" time="6.754"/>
  <system-out/>
  <testcase classname="com.jack.task.Ballardspahr" name="run" time="3.913"/>
  <system-out/>
  <testcase classname="com.jack.task.Ballardspahr" name="run" time="3.237"/>
  <system-out/>
  <testcase classname="com.jack.task.Ballardspahr" name="run" time="8.408"/>
  <system-out/>
  <testcase classname="com.jack.task.Ballardspahr" name="run" time="7.501"/>
  <system-out/>
  <testcase classname="com.jack.task.Ballardspahr" name="run" time="4.478"/>
  <system-out/>
  <testcase classname="com.jack.task.Ballardspahr" name="run" time="3.714"/>
  <system-out/>
  <testcase classname="com.jack.task.Ballardspahr" name="run" time="3.848"/>
  <system-out/>
  <testcase classname="com.jack.task.Ballardspahr" name="run" time="6.937"/>
  <system-out/>
  <testcase classname="com.jack.task.Ballardspahr" name="run" time="5.768"/>
  <system-out/>
  <testcase classname="com.jack.task.Ballardspahr" name="run" time="2.413"/>
  <system-out/>
  <testcase classname="com.jack.task.Ballardspahr" name="run" time="3.624"/>
  <system-out/>
  <testcase classname="com.jack.task.Ballardspahr" name="run" time="3.278"/>
  <system-out/>
  <testcase classname="com.jack.task.Ballardspahr" name="run" time="3.087"/>
  <system-out/>
  <testcase classname="com.jack.task.Ballardspahr" name="run" time="2.565"/>
  <system-out/>
  <testcase classname="com.jack.task.Ballardspahr" name="run" time="3.393"/>
  <system-out/>
  <testcase classname="com.jack.task.Ballardspahr" name="run" time="3.778"/>
  <system-out/>
  <testcase classname="com.jack.task.Ballardspahr" name="run" time="7.914"/>
  <system-out/>
  <testcase classname="com.jack.task.Ballardspahr" name="run" time="2.708"/>
  <system-out/>
  <testcase classname="com.jack.task.Ballardspahr" name="run" time="6.952"/>
  <system-out/>
  <testcase classname="com.jack.task.Ballardspahr" name="run" time="4.693"/>
  <system-out/>
  <testcase classname="com.jack.task.Ballardspahr" name="run" time="5.924"/>
  <system-out/>
  <testcase classname="com.jack.task.Ballardspahr" name="run" time="4.641"/>
  <system-out/>
  <testcase classname="com.jack.task.Ballardspahr" name="run" time="3.931"/>
  <system-out/>
  <testcase classname="com.jack.task.Ballardspahr" name="run" time="6.914"/>
  <system-out/>
  <testcase classname="com.jack.task.Ballardspahr" name="run" time="3.519"/>
  <system-out/>
  <testcase classname="com.jack.task.Ballardspahr" name="run" time="4.293"/>
  <system-out/>
  <testcase classname="com.jack.task.Ballardspahr" name="run" time="5.486"/>
  <system-out/>
  <testcase classname="com.jack.task.Ballardspahr" name="run" time="4.189"/>
  <system-out/>
  <testcase classname="com.jack.task.Ballardspahr" name="run" time="6.130"/>
  <system-out/>
  <testcase classname="com.jack.task.Ballardspahr" name="run" time="2.648"/>
  <system-out/>
  <testcase classname="com.jack.task.Ballardspahr" name="run" time="3.440"/>
  <system-out/>
  <testcase classname="com.jack.task.Ballardspahr" name="run" time="5.283"/>
  <system-out/>
  <testcase classname="com.jack.task.Ballardspahr" name="run" time="4.305"/>
  <system-out/>
  <testcase classname="com.jack.task.Ballardspahr" name="run" time="2.286"/>
  <system-out/>
  <testcase classname="com.jack.task.Ballardspahr" name="run" time="2.866"/>
  <system-out/>
  <testcase classname="com.jack.task.Ballardspahr" name="run" time="2.912"/>
  <system-out/>
  <testcase classname="com.jack.task.Ballardspahr" name="run" time="5.800"/>
  <system-out/>
  <testcase classname="com.jack.task.Ballardspahr" name="run" time="3.340"/>
  <system-out/>
  <testcase classname="com.jack.task.Ballardspahr" name="run" time="3.209"/>
  <system-out/>
  <testcase classname="com.jack.task.Ballardspahr" name="run" time="3.884"/>
  <system-out/>
  <testcase classname="com.jack.task.Ballardspahr" name="run" time="2.341"/>
  <system-out/>
  <testcase classname="com.jack.task.Ballardspahr" name="run" time="4.714"/>
  <system-out/>
  <testcase classname="com.jack.task.Ballardspahr" name="run" time="2.550"/>
  <system-out/>
  <testcase classname="com.jack.task.Ballardspahr" name="run" time="2.825"/>
  <system-out/>
  <testcase classname="com.jack.task.Ballardspahr" name="run" time="4.373"/>
  <system-out/>
  <testcase classname="com.jack.task.Ballardspahr" name="run" time="4.403"/>
  <system-out/>
  <testcase classname="com.jack.task.Ballardspahr" name="run" time="3.569"/>
  <system-out/>
  <testcase classname="com.jack.task.Ballardspahr" name="run" time="4.506"/>
  <system-out/>
  <testcase classname="com.jack.task.Ballardspahr" name="run" time="6.560"/>
  <system-out/>
  <testcase classname="com.jack.task.Ballardspahr" name="run" time="2.776"/>
  <system-out/>
  <testcase classname="com.jack.task.Ballardspahr" name="run" time="4.487"/>
  <system-out/>
  <testcase classname="com.jack.task.Ballardspahr" name="run" time="2.624"/>
  <system-out/>
  <testcase classname="com.jack.task.Ballardspahr" name="run" time="2.404"/>
  <system-out/>
  <testcase classname="com.jack.task.Ballardspahr" name="run" time="5.509"/>
  <system-out/>
  <testcase classname="com.jack.task.Ballardspahr" name="run" time="4.699"/>
  <system-out/>
  <testcase classname="com.jack.task.Ballardspahr" name="run" time="6.398"/>
  <system-out/>
  <testcase classname="com.jack.task.Ballardspahr" name="run" time="3.001"/>
  <system-out/>
  <testcase classname="com.jack.task.Ballardspahr" name="run" time="2.767"/>
  <system-out/>
  <testcase classname="com.jack.task.Ballardspahr" name="run" time="3.684"/>
  <system-out/>
  <testcase classname="com.jack.task.Ballardspahr" name="run" time="4.698"/>
  <system-out/>
  <testcase classname="com.jack.task.Ballardspahr" name="run" time="3.829"/>
  <system-out/>
  <testcase classname="com.jack.task.Ballardspahr" name="run" time="4.937"/>
  <system-out/>
  <testcase classname="com.jack.task.Ballardspahr" name="run" time="4.925"/>
  <system-out/>
  <testcase classname="com.jack.task.Ballardspahr" name="run" time="3.058"/>
  <system-out/>
  <testcase classname="com.jack.task.Ballardspahr" name="run" time="2.628"/>
  <system-out/>
  <testcase classname="com.jack.task.Ballardspahr" name="run" time="9.971"/>
  <system-out/>
  <testcase classname="com.jack.task.Ballardspahr" name="run" time="3.309"/>
  <system-out/>
  <testcase classname="com.jack.task.Ballardspahr" name="run" time="3.693"/>
  <system-out/>
  <testcase classname="com.jack.task.Ballardspahr" name="run" time="3.741"/>
  <system-out/>
  <testcase classname="com.jack.task.Ballardspahr" name="run" time="5.976"/>
  <system-out/>
  <testcase classname="com.jack.task.Ballardspahr" name="run" time="3.878"/>
  <system-out/>
  <testcase classname="com.jack.task.Ballardspahr" name="run" time="5.184"/>
  <system-out/>
  <testcase classname="com.jack.task.Ballardspahr" name="run" time="2.775"/>
  <system-out/>
  <testcase classname="com.jack.task.Ballardspahr" name="run" time="2.658"/>
  <system-out/>
  <testcase classname="com.jack.task.Ballardspahr" name="run" time="3.169"/>
  <system-out/>
  <testcase classname="com.jack.task.Ballardspahr" name="run" time="2.875"/>
  <system-out/>
  <testcase classname="com.jack.task.Ballardspahr" name="run" time="5.360"/>
  <system-out/>
  <testcase classname="com.jack.task.Ballardspahr" name="run" time="2.584"/>
  <system-out/>
  <testcase classname="com.jack.task.Ballardspahr" name="run" time="5.077"/>
  <system-out/>
  <testcase classname="com.jack.task.Ballardspahr" name="run" time="2.666"/>
  <system-out/>
  <testcase classname="com.jack.task.Ballardspahr" name="run" time="2.719"/>
  <system-out/>
  <testcase classname="com.jack.task.Ballardspahr" name="run" time="5.323"/>
  <system-out/>
  <testcase classname="com.jack.task.Ballardspahr" name="run" time="4.201"/>
  <system-out/>
  <testcase classname="com.jack.task.Ballardspahr" name="run" time="4.521"/>
  <system-out/>
  <testcase classname="com.jack.task.Ballardspahr" name="run" time="4.286"/>
  <system-out/>
  <testcase classname="com.jack.task.Ballardspahr" name="run" time="4.392"/>
  <system-out/>
  <testcase classname="com.jack.task.Ballardspahr" name="run" time="6.340"/>
  <system-out/>
  <testcase classname="com.jack.task.Ballardspahr" name="run" time="5.904"/>
  <system-out/>
  <testcase classname="com.jack.task.Ballardspahr" name="run" time="4.251"/>
  <system-out/>
  <testcase classname="com.jack.task.Ballardspahr" name="run" time="2.753"/>
  <system-out/>
  <testcase classname="com.jack.task.Ballardspahr" name="run" time="9.550"/>
  <system-out/>
  <testcase classname="com.jack.task.Ballardspahr" name="run" time="4.426"/>
  <system-out/>
  <testcase classname="com.jack.task.Ballardspahr" name="run" time="4.714"/>
  <system-out/>
  <testcase classname="com.jack.task.Ballardspahr" name="run" time="6.458"/>
  <system-out/>
  <testcase classname="com.jack.task.Ballardspahr" name="run" time="2.470"/>
  <system-out/>
  <testcase classname="com.jack.task.Ballardspahr" name="run" time="2.605"/>
  <system-out/>
  <testcase classname="com.jack.task.Ballardspahr" name="run" time="5.855"/>
  <system-out/>
  <testcase classname="com.jack.task.Ballardspahr" name="run" time="5.187"/>
  <system-out/>
  <testcase classname="com.jack.task.Ballardspahr" name="run" time="4.513"/>
  <system-out/>
  <testcase classname="com.jack.task.Ballardspahr" name="run" time="3.906"/>
  <system-out/>
  <testcase classname="com.jack.task.Ballardspahr" name="run" time="4.842"/>
  <system-out/>
  <testcase classname="com.jack.task.Ballardspahr" name="run" time="4.626"/>
  <system-out/>
  <testcase classname="com.jack.task.Ballardspahr" name="run" time="3.802"/>
  <system-out/>
  <testcase classname="com.jack.task.Ballardspahr" name="run" time="5.784"/>
  <system-out/>
  <testcase classname="com.jack.task.Ballardspahr" name="run" time="5.006"/>
  <system-out/>
  <testcase classname="com.jack.task.Ballardspahr" name="run" time="2.696"/>
  <system-out/>
  <testcase classname="com.jack.task.Ballardspahr" name="run" time="5.103"/>
  <system-out/>
  <testcase classname="com.jack.task.Ballardspahr" name="run" time="5.771"/>
  <system-out/>
  <testcase classname="com.jack.task.Ballardspahr" name="run" time="3.606"/>
  <system-out/>
  <testcase classname="com.jack.task.Ballardspahr" name="run" time="4.816"/>
  <system-out/>
  <testcase classname="com.jack.task.Ballardspahr" name="run" time="3.500"/>
  <system-out/>
  <testcase classname="com.jack.task.Ballardspahr" name="run" time="2.087"/>
  <system-out/>
  <testcase classname="com.jack.task.Ballardspahr" name="run" time="3.966"/>
  <system-out/>
  <testcase classname="com.jack.task.Ballardspahr" name="run" time="3.866"/>
  <system-out/>
  <testcase classname="com.jack.task.Ballardspahr" name="run" time="2.895"/>
  <system-out/>
  <testcase classname="com.jack.task.Ballardspahr" name="run" time="3.133"/>
  <system-out/>
  <testcase classname="com.jack.task.Ballardspahr" name="run" time="9.409"/>
  <system-out/>
  <testcase classname="com.jack.task.Ballardspahr" name="run" time="4.208"/>
  <system-out/>
  <testcase classname="com.jack.task.Ballardspahr" name="run" time="3.859"/>
  <system-out/>
  <testcase classname="com.jack.task.Ballardspahr" name="run" time="4.102"/>
  <system-out/>
  <testcase classname="com.jack.task.Ballardspahr" name="run" time="5.843"/>
  <system-out/>
  <testcase classname="com.jack.task.Ballardspahr" name="run" time="4.584"/>
  <system-out/>
  <testcase classname="com.jack.task.Ballardspahr" name="run" time="5.504"/>
  <system-out/>
  <testcase classname="com.jack.task.Ballardspahr" name="run" time="5.342"/>
  <system-out/>
  <testcase classname="com.jack.task.Ballardspahr" name="run" time="6.297"/>
  <system-out/>
  <testcase classname="com.jack.task.Ballardspahr" name="run" time="5.266"/>
  <system-out/>
  <testcase classname="com.jack.task.Ballardspahr" name="run" time="3.156"/>
  <system-out/>
  <testcase classname="com.jack.task.Ballardspahr" name="run" time="5.721"/>
  <system-out/>
  <testcase classname="com.jack.task.Ballardspahr" name="run" time="4.271"/>
  <system-out/>
  <testcase classname="com.jack.task.Ballardspahr" name="run" time="2.299"/>
  <system-out/>
  <testcase classname="com.jack.task.Ballardspahr" name="run" time="4.935"/>
  <system-out/>
  <testcase classname="com.jack.task.Ballardspahr" name="run" time="6.919"/>
  <system-out/>
  <testcase classname="com.jack.task.Ballardspahr" name="run" time="3.157"/>
  <system-out/>
  <testcase classname="com.jack.task.Ballardspahr" name="run" time="6.950"/>
  <system-out/>
  <testcase classname="com.jack.task.Ballardspahr" name="run" time="3.901"/>
  <system-out/>
  <testcase classname="com.jack.task.Ballardspahr" name="run" time="2.930"/>
  <system-out/>
  <testcase classname="com.jack.task.Ballardspahr" name="run" time="2.799"/>
  <system-out/>
  <testcase classname="com.jack.task.Ballardspahr" name="run" time="7.053"/>
  <system-out/>
  <testcase classname="com.jack.task.Ballardspahr" name="run" time="5.957"/>
  <system-out/>
  <testcase classname="com.jack.task.Ballardspahr" name="run" time="5.622"/>
  <system-out/>
  <testcase classname="com.jack.task.Ballardspahr" name="run" time="6.056"/>
  <system-out/>
  <testcase classname="com.jack.task.Ballardspahr" name="run" time="5.110"/>
  <system-out/>
  <testcase classname="com.jack.task.Ballardspahr" name="run" time="5.469"/>
  <system-out/>
  <testcase classname="com.jack.task.Ballardspahr" name="run" time="3.053"/>
  <system-out/>
  <testcase classname="com.jack.task.Ballardspahr" name="run" time="6.669"/>
  <system-out/>
  <testcase classname="com.jack.task.Ballardspahr" name="run" time="7.010"/>
  <system-out/>
  <testcase classname="com.jack.task.Ballardspahr" name="run" time="5.551"/>
  <system-out/>
  <testcase classname="com.jack.task.Ballardspahr" name="run" time="5.413"/>
  <system-out/>
  <testcase classname="com.jack.task.Ballardspahr" name="run" time="2.627"/>
  <system-out/>
  <testcase classname="com.jack.task.Ballardspahr" name="run" time="2.673"/>
  <system-out/>
  <testcase classname="com.jack.task.Ballardspahr" name="run" time="3.137"/>
  <system-out/>
  <testcase classname="com.jack.task.Ballardspahr" name="run" time="2.936"/>
  <system-out/>
  <testcase classname="com.jack.task.Ballardspahr" name="run" time="2.660"/>
  <system-out/>
  <testcase classname="com.jack.task.Ballardspahr" name="run" time="5.060"/>
  <system-out/>
  <testcase classname="com.jack.task.Ballardspahr" name="run" time="4.500"/>
  <system-out/>
  <testcase classname="com.jack.task.Ballardspahr" name="run" time="2.477"/>
  <system-out/>
  <testcase classname="com.jack.task.Ballardspahr" name="run" time="3.271"/>
  <system-out/>
  <testcase classname="com.jack.task.Ballardspahr" name="run" time="3.805"/>
  <system-out/>
  <testcase classname="com.jack.task.Ballardspahr" name="run" time="4.787"/>
  <system-out/>
  <testcase classname="com.jack.task.Ballardspahr" name="run" time="3.007"/>
  <system-out/>
  <testcase classname="com.jack.task.Ballardspahr" name="run" time="4.681"/>
  <system-out/>
  <testcase classname="com.jack.task.Ballardspahr" name="run" time="2.981"/>
  <system-out/>
  <testcase classname="com.jack.task.Ballardspahr" name="run" time="4.756"/>
  <system-out/>
  <testcase classname="com.jack.task.Ballardspahr" name="run" time="2.856"/>
  <system-out/>
  <testcase classname="com.jack.task.Ballardspahr" name="run" time="3.744"/>
  <system-out/>
  <testcase classname="com.jack.task.Ballardspahr" name="run" time="2.750"/>
  <system-out/>
  <testcase classname="com.jack.task.Ballardspahr" name="run" time="5.608"/>
  <system-out/>
  <testcase classname="com.jack.task.Ballardspahr" name="run" time="4.472"/>
  <system-out/>
  <testcase classname="com.jack.task.Ballardspahr" name="run" time="5.152"/>
  <system-out/>
  <testcase classname="com.jack.task.Ballardspahr" name="run" time="2.923"/>
  <system-out/>
  <testcase classname="com.jack.task.Ballardspahr" name="run" time="6.318"/>
  <system-out/>
  <testcase classname="com.jack.task.Ballardspahr" name="run" time="5.588"/>
  <system-out/>
  <testcase classname="com.jack.task.Ballardspahr" name="run" time="10.557"/>
  <system-out/>
  <testcase classname="com.jack.task.Ballardspahr" name="run" time="3.169"/>
  <system-out/>
  <testcase classname="com.jack.task.Ballardspahr" name="run" time="3.809"/>
  <system-out/>
  <testcase classname="com.jack.task.Ballardspahr" name="run" time="3.551"/>
  <system-out/>
  <testcase classname="com.jack.task.Ballardspahr" name="run" time="4.147"/>
  <system-out/>
  <testcase classname="com.jack.task.Ballardspahr" name="run" time="4.566"/>
  <system-out/>
  <testcase classname="com.jack.task.Ballardspahr" name="run" time="2.457"/>
  <system-out/>
  <testcase classname="com.jack.task.Ballardspahr" name="run" time="4.475"/>
  <system-out/>
  <testcase classname="com.jack.task.Ballardspahr" name="run" time="4.236"/>
  <system-out/>
  <testcase classname="com.jack.task.Ballardspahr" name="run" time="2.817"/>
  <system-out/>
  <testcase classname="com.jack.task.Ballardspahr" name="run" time="4.427"/>
  <system-out/>
  <testcase classname="com.jack.task.Ballardspahr" name="run" time="2.521"/>
  <system-out/>
  <testcase classname="com.jack.task.Ballardspahr" name="run" time="4.007"/>
  <system-out/>
  <testcase classname="com.jack.task.Ballardspahr" name="run" time="4.335"/>
  <system-out/>
  <testcase classname="com.jack.task.Ballardspahr" name="run" time="2.653"/>
  <system-out/>
  <testcase classname="com.jack.task.Ballardspahr" name="run" time="4.042"/>
  <system-out/>
  <testcase classname="com.jack.task.Ballardspahr" name="run" time="3.881"/>
  <system-out/>
  <testcase classname="com.jack.task.Ballardspahr" name="run" time="2.404"/>
  <system-out/>
  <testcase classname="com.jack.task.Ballardspahr" name="run" time="2.822"/>
  <system-out/>
  <testcase classname="com.jack.task.Ballardspahr" name="run" time="4.260"/>
  <system-out/>
  <testcase classname="com.jack.task.Ballardspahr" name="run" time="2.958"/>
  <system-out/>
  <testcase classname="com.jack.task.Ballardspahr" name="run" time="4.407"/>
  <system-out/>
  <testcase classname="com.jack.task.Ballardspahr" name="run" time="3.059"/>
  <system-out/>
  <testcase classname="com.jack.task.Ballardspahr" name="run" time="4.307"/>
  <system-out/>
  <testcase classname="com.jack.task.Ballardspahr" name="run" time="6.393"/>
  <system-out/>
  <testcase classname="com.jack.task.Ballardspahr" name="run" time="2.555"/>
  <system-out/>
  <testcase classname="com.jack.task.Ballardspahr" name="run" time="3.740"/>
  <system-out/>
  <testcase classname="com.jack.task.Ballardspahr" name="run" time="3.604"/>
  <system-out/>
  <testcase classname="com.jack.task.Ballardspahr" name="run" time="5.318"/>
  <system-out/>
  <testcase classname="com.jack.task.Ballardspahr" name="run" time="5.216"/>
  <system-out/>
  <testcase classname="com.jack.task.Ballardspahr" name="run" time="5.390"/>
  <system-out/>
  <testcase classname="com.jack.task.Ballardspahr" name="run" time="4.862"/>
  <system-out/>
  <testcase classname="com.jack.task.Ballardspahr" name="run" time="3.370"/>
  <system-out/>
  <testcase classname="com.jack.task.Ballardspahr" name="run" time="5.317"/>
  <system-out/>
  <testcase classname="com.jack.task.Ballardspahr" name="run" time="2.931"/>
  <system-out/>
  <testcase classname="com.jack.task.Ballardspahr" name="run" time="5.329"/>
  <system-out/>
  <testcase classname="com.jack.task.Ballardspahr" name="run" time="3.720"/>
  <system-out/>
  <testcase classname="com.jack.task.Ballardspahr" name="run" time="6.155"/>
  <system-out/>
  <testcase classname="com.jack.task.Ballardspahr" name="run" time="4.715"/>
  <system-out/>
  <testcase classname="com.jack.task.Ballardspahr" name="run" time="4.407"/>
  <system-out/>
  <testcase classname="com.jack.task.Ballardspahr" name="run" time="2.342"/>
  <system-out/>
  <testcase classname="com.jack.task.Ballardspahr" name="run" time="2.403"/>
  <system-out/>
  <testcase classname="com.jack.task.Ballardspahr" name="run" time="3.986"/>
  <system-out/>
  <testcase classname="com.jack.task.Ballardspahr" name="run" time="3.660"/>
  <system-out/>
  <testcase classname="com.jack.task.Ballardspahr" name="run" time="5.714"/>
  <system-out/>
  <testcase classname="com.jack.task.Ballardspahr" name="run" time="5.860"/>
  <system-out/>
  <testcase classname="com.jack.task.Ballardspahr" name="run" time="2.544"/>
  <system-out/>
  <testcase classname="com.jack.task.Ballardspahr" name="run" time="5.129"/>
  <system-out/>
  <testcase classname="com.jack.task.Ballardspahr" name="run" time="4.827"/>
  <system-out/>
  <testcase classname="com.jack.task.Ballardspahr" name="run" time="5.598"/>
  <system-out/>
  <testcase classname="com.jack.task.Ballardspahr" name="run" time="3.606"/>
  <system-out/>
  <testcase classname="com.jack.task.Ballardspahr" name="run" time="3.658"/>
  <system-out/>
  <testcase classname="com.jack.task.Ballardspahr" name="run" time="7.138"/>
  <system-out/>
  <testcase classname="com.jack.task.Ballardspahr" name="run" time="3.352"/>
  <system-out/>
  <testcase classname="com.jack.task.Ballardspahr" name="run" time="3.470"/>
  <system-out/>
  <testcase classname="com.jack.task.Ballardspahr" name="run" time="3.460"/>
  <system-out/>
  <testcase classname="com.jack.task.Ballardspahr" name="run" time="3.944"/>
  <system-out/>
  <testcase classname="com.jack.task.Ballardspahr" name="run" time="2.605"/>
  <system-out/>
  <testcase classname="com.jack.task.Ballardspahr" name="run" time="3.822"/>
  <system-out/>
  <testcase classname="com.jack.task.Ballardspahr" name="run" time="4.517"/>
  <system-out/>
  <testcase classname="com.jack.task.Ballardspahr" name="run" time="2.871"/>
  <system-out/>
  <testcase classname="com.jack.task.Ballardspahr" name="run" time="3.506"/>
  <system-out/>
  <testcase classname="com.jack.task.Ballardspahr" name="run" time="2.906"/>
  <system-out/>
  <testcase classname="com.jack.task.Ballardspahr" name="run" time="5.703"/>
  <system-out/>
  <testcase classname="com.jack.task.Ballardspahr" name="run" time="2.949"/>
  <system-out/>
  <testcase classname="com.jack.task.Ballardspahr" name="run" time="2.766"/>
  <system-out/>
  <testcase classname="com.jack.task.Ballardspahr" name="run" time="3.878"/>
  <system-out/>
  <testcase classname="com.jack.task.Ballardspahr" name="run" time="2.837"/>
  <system-out/>
  <testcase classname="com.jack.task.Ballardspahr" name="run" time="3.772"/>
  <system-out/>
  <testcase classname="com.jack.task.Ballardspahr" name="run" time="3.051"/>
  <system-out/>
</testsuite> <!-- com.jack.task.Ballardspahr -->
