<?xml version="1.0" encoding="UTF-8"?>
<!-- Generated by org.testng.reporters.JUnitReportReporter -->
<testsuite hostname="DESKTOP-3DLKC1S" failures="0" tests="11" name="com.jack.task2.Gibsondunn" time="40.522" errors="0" timestamp="2023-02-23T23:31:05 BDT" skipped="0">
  <testcase classname="com.jack.task2.Gibsondunn" name="run" time="5.482"/>
  <system-out/>
  <testcase classname="com.jack.task2.Gibsondunn" name="run" time="4.105"/>
  <system-out/>
  <testcase classname="com.jack.task2.Gibsondunn" name="run" time="3.520"/>
  <system-out/>
  <testcase classname="com.jack.task2.Gibsondunn" name="run" time="4.077"/>
  <system-out/>
  <testcase classname="com.jack.task2.Gibsondunn" name="saveList" time="0.031"/>
  <system-out/>
  <testcase classname="com.jack.task2.Gibsondunn" name="run" time="3.656"/>
  <system-out/>
  <testcase classname="com.jack.task2.Gibsondunn" name="testx" time="0.001"/>
  <system-out/>
  <testcase classname="com.jack.task2.Gibsondunn" name="run" time="7.862"/>
  <system-out/>
  <testcase classname="com.jack.task2.Gibsondunn" name="run" time="4.199"/>
  <system-out/>
  <testcase classname="com.jack.task2.Gibsondunn" name="run" time="3.826"/>
  <system-out/>
  <testcase classname="com.jack.task2.Gibsondunn" name="run" time="3.763"/>
  <system-out/>
</testsuite> <!-- com.jack.task2.Gibsondunn -->
