<?xml version="1.0" encoding="UTF-8"?>
<!-- Generated by org.testng.reporters.JUnitReportReporter -->
<testsuite hostname="DESKTOP-89RDKF8" failures="0" tests="673" name="com.jack.task.Cooley" time="4755.244" errors="0" timestamp="2023-01-10T17:53:27 BDT" skipped="0">
  <testcase classname="com.jack.task.Cooley" name="run" time="6.584"/>
  <system-out/>
  <testcase classname="com.jack.task.Cooley" name="run" time="6.419"/>
  <system-out/>
  <testcase classname="com.jack.task.Cooley" name="run" time="8.254"/>
  <system-out/>
  <testcase classname="com.jack.task.Cooley" name="run" time="6.743"/>
  <system-out/>
  <testcase classname="com.jack.task.Cooley" name="run" time="6.484"/>
  <system-out/>
  <testcase classname="com.jack.task.Cooley" name="run" time="7.108"/>
  <system-out/>
  <testcase classname="com.jack.task.Cooley" name="run" time="6.484"/>
  <system-out/>
  <testcase classname="com.jack.task.Cooley" name="run" time="8.412"/>
  <system-out/>
  <testcase classname="com.jack.task.Cooley" name="run" time="6.982"/>
  <system-out/>
  <testcase classname="com.jack.task.Cooley" name="run" time="6.928"/>
  <system-out/>
  <testcase classname="com.jack.task.Cooley" name="run" time="5.764"/>
  <system-out/>
  <testcase classname="com.jack.task.Cooley" name="run" time="5.681"/>
  <system-out/>
  <testcase classname="com.jack.task.Cooley" name="run" time="7.643"/>
  <system-out/>
  <testcase classname="com.jack.task.Cooley" name="run" time="7.173"/>
  <system-out/>
  <testcase classname="com.jack.task.Cooley" name="run" time="6.394"/>
  <system-out/>
  <testcase classname="com.jack.task.Cooley" name="run" time="7.060"/>
  <system-out/>
  <testcase classname="com.jack.task.Cooley" name="run" time="7.156"/>
  <system-out/>
  <testcase classname="com.jack.task.Cooley" name="run" time="6.115"/>
  <system-out/>
  <testcase classname="com.jack.task.Cooley" name="run" time="7.657"/>
  <system-out/>
  <testcase classname="com.jack.task.Cooley" name="run" time="8.021"/>
  <system-out/>
  <testcase classname="com.jack.task.Cooley" name="run" time="7.126"/>
  <system-out/>
  <testcase classname="com.jack.task.Cooley" name="run" time="8.441"/>
  <system-out/>
  <testcase classname="com.jack.task.Cooley" name="run" time="5.688"/>
  <system-out/>
  <testcase classname="com.jack.task.Cooley" name="run" time="7.154"/>
  <system-out/>
  <testcase classname="com.jack.task.Cooley" name="run" time="7.510"/>
  <system-out/>
  <testcase classname="com.jack.task.Cooley" name="run" time="7.240"/>
  <system-out/>
  <testcase classname="com.jack.task.Cooley" name="run" time="5.635"/>
  <system-out/>
  <testcase classname="com.jack.task.Cooley" name="run" time="6.524"/>
  <system-out/>
  <testcase classname="com.jack.task.Cooley" name="run" time="6.855"/>
  <system-out/>
  <testcase classname="com.jack.task.Cooley" name="run" time="7.827"/>
  <system-out/>
  <testcase classname="com.jack.task.Cooley" name="run" time="7.211"/>
  <system-out/>
  <testcase classname="com.jack.task.Cooley" name="run" time="6.670"/>
  <system-out/>
  <testcase classname="com.jack.task.Cooley" name="run" time="7.104"/>
  <system-out/>
  <testcase classname="com.jack.task.Cooley" name="run" time="8.275"/>
  <system-out/>
  <testcase classname="com.jack.task.Cooley" name="run" time="7.072"/>
  <system-out/>
  <testcase classname="com.jack.task.Cooley" name="run" time="7.919"/>
  <system-out/>
  <testcase classname="com.jack.task.Cooley" name="run" time="5.907"/>
  <system-out/>
  <testcase classname="com.jack.task.Cooley" name="run" time="6.623"/>
  <system-out/>
  <testcase classname="com.jack.task.Cooley" name="run" time="6.380"/>
  <system-out/>
  <testcase classname="com.jack.task.Cooley" name="run" time="7.426"/>
  <system-out/>
  <testcase classname="com.jack.task.Cooley" name="run" time="6.824"/>
  <system-out/>
  <testcase classname="com.jack.task.Cooley" name="run" time="7.581"/>
  <system-out/>
  <testcase classname="com.jack.task.Cooley" name="run" time="6.954"/>
  <system-out/>
  <testcase classname="com.jack.task.Cooley" name="run" time="6.417"/>
  <system-out/>
  <testcase classname="com.jack.task.Cooley" name="run" time="6.458"/>
  <system-out/>
  <testcase classname="com.jack.task.Cooley" name="run" time="8.237"/>
  <system-out/>
  <testcase classname="com.jack.task.Cooley" name="run" time="6.045"/>
  <system-out/>
  <testcase classname="com.jack.task.Cooley" name="run" time="6.084"/>
  <system-out/>
  <testcase classname="com.jack.task.Cooley" name="run" time="6.467"/>
  <system-out/>
  <testcase classname="com.jack.task.Cooley" name="run" time="7.440"/>
  <system-out/>
  <testcase classname="com.jack.task.Cooley" name="run" time="6.458"/>
  <system-out/>
  <testcase classname="com.jack.task.Cooley" name="run" time="6.924"/>
  <system-out/>
  <testcase classname="com.jack.task.Cooley" name="run" time="7.664"/>
  <system-out/>
  <testcase classname="com.jack.task.Cooley" name="run" time="8.097"/>
  <system-out/>
  <testcase classname="com.jack.task.Cooley" name="run" time="7.067"/>
  <system-out/>
  <testcase classname="com.jack.task.Cooley" name="run" time="7.331"/>
  <system-out/>
  <testcase classname="com.jack.task.Cooley" name="run" time="7.575"/>
  <system-out/>
  <testcase classname="com.jack.task.Cooley" name="run" time="6.022"/>
  <system-out/>
  <testcase classname="com.jack.task.Cooley" name="run" time="6.091"/>
  <system-out/>
  <testcase classname="com.jack.task.Cooley" name="run" time="7.104"/>
  <system-out/>
  <testcase classname="com.jack.task.Cooley" name="run" time="6.644"/>
  <system-out/>
  <testcase classname="com.jack.task.Cooley" name="run" time="6.370"/>
  <system-out/>
  <testcase classname="com.jack.task.Cooley" name="run" time="8.160"/>
  <system-out/>
  <testcase classname="com.jack.task.Cooley" name="run" time="6.872"/>
  <system-out/>
  <testcase classname="com.jack.task.Cooley" name="run" time="6.438"/>
  <system-out/>
  <testcase classname="com.jack.task.Cooley" name="run" time="5.402"/>
  <system-out/>
  <testcase classname="com.jack.task.Cooley" name="run" time="7.270"/>
  <system-out/>
  <testcase classname="com.jack.task.Cooley" name="run" time="7.471"/>
  <system-out/>
  <testcase classname="com.jack.task.Cooley" name="run" time="7.690"/>
  <system-out/>
  <testcase classname="com.jack.task.Cooley" name="run" time="7.105"/>
  <system-out/>
  <testcase classname="com.jack.task.Cooley" name="run" time="7.020"/>
  <system-out/>
  <testcase classname="com.jack.task.Cooley" name="run" time="7.073"/>
  <system-out/>
  <testcase classname="com.jack.task.Cooley" name="run" time="6.167"/>
  <system-out/>
  <testcase classname="com.jack.task.Cooley" name="run" time="6.938"/>
  <system-out/>
  <testcase classname="com.jack.task.Cooley" name="run" time="7.092"/>
  <system-out/>
  <testcase classname="com.jack.task.Cooley" name="run" time="8.094"/>
  <system-out/>
  <testcase classname="com.jack.task.Cooley" name="run" time="7.289"/>
  <system-out/>
  <testcase classname="com.jack.task.Cooley" name="run" time="7.564"/>
  <system-out/>
  <testcase classname="com.jack.task.Cooley" name="run" time="7.038"/>
  <system-out/>
  <testcase classname="com.jack.task.Cooley" name="run" time="6.391"/>
  <system-out/>
  <testcase classname="com.jack.task.Cooley" name="run" time="7.714"/>
  <system-out/>
  <testcase classname="com.jack.task.Cooley" name="run" time="6.788"/>
  <system-out/>
  <testcase classname="com.jack.task.Cooley" name="run" time="7.039"/>
  <system-out/>
  <testcase classname="com.jack.task.Cooley" name="run" time="8.395"/>
  <system-out/>
  <testcase classname="com.jack.task.Cooley" name="run" time="7.345"/>
  <system-out/>
  <testcase classname="com.jack.task.Cooley" name="run" time="6.002"/>
  <system-out/>
  <testcase classname="com.jack.task.Cooley" name="run" time="6.775"/>
  <system-out/>
  <testcase classname="com.jack.task.Cooley" name="run" time="7.800"/>
  <system-out/>
  <testcase classname="com.jack.task.Cooley" name="run" time="7.034"/>
  <system-out/>
  <testcase classname="com.jack.task.Cooley" name="run" time="6.035"/>
  <system-out/>
  <testcase classname="com.jack.task.Cooley" name="run" time="6.722"/>
  <system-out/>
  <testcase classname="com.jack.task.Cooley" name="run" time="7.031"/>
  <system-out/>
  <testcase classname="com.jack.task.Cooley" name="run" time="5.686"/>
  <system-out/>
  <testcase classname="com.jack.task.Cooley" name="run" time="7.359"/>
  <system-out/>
  <testcase classname="com.jack.task.Cooley" name="run" time="7.607"/>
  <system-out/>
  <testcase classname="com.jack.task.Cooley" name="run" time="6.126"/>
  <system-out/>
  <testcase classname="com.jack.task.Cooley" name="run" time="7.241"/>
  <system-out/>
  <testcase classname="com.jack.task.Cooley" name="run" time="8.071"/>
  <system-out/>
  <testcase classname="com.jack.task.Cooley" name="run" time="6.986"/>
  <system-out/>
  <testcase classname="com.jack.task.Cooley" name="run" time="6.927"/>
  <system-out/>
  <testcase classname="com.jack.task.Cooley" name="run" time="6.837"/>
  <system-out/>
  <testcase classname="com.jack.task.Cooley" name="run" time="7.672"/>
  <system-out/>
  <testcase classname="com.jack.task.Cooley" name="run" time="6.569"/>
  <system-out/>
  <testcase classname="com.jack.task.Cooley" name="run" time="9.242"/>
  <system-out/>
  <testcase classname="com.jack.task.Cooley" name="run" time="6.898"/>
  <system-out/>
  <testcase classname="com.jack.task.Cooley" name="run" time="6.619"/>
  <system-out/>
  <testcase classname="com.jack.task.Cooley" name="run" time="6.634"/>
  <system-out/>
  <testcase classname="com.jack.task.Cooley" name="run" time="7.500"/>
  <system-out/>
  <testcase classname="com.jack.task.Cooley" name="run" time="7.502"/>
  <system-out/>
  <testcase classname="com.jack.task.Cooley" name="run" time="7.572"/>
  <system-out/>
  <testcase classname="com.jack.task.Cooley" name="run" time="6.211"/>
  <system-out/>
  <testcase classname="com.jack.task.Cooley" name="run" time="6.476"/>
  <system-out/>
  <testcase classname="com.jack.task.Cooley" name="run" time="9.358"/>
  <system-out/>
  <testcase classname="com.jack.task.Cooley" name="run" time="6.588"/>
  <system-out/>
  <testcase classname="com.jack.task.Cooley" name="run" time="6.856"/>
  <system-out/>
  <testcase classname="com.jack.task.Cooley" name="run" time="8.145"/>
  <system-out/>
  <testcase classname="com.jack.task.Cooley" name="run" time="7.444"/>
  <system-out/>
  <testcase classname="com.jack.task.Cooley" name="run" time="7.929"/>
  <system-out/>
  <testcase classname="com.jack.task.Cooley" name="run" time="7.806"/>
  <system-out/>
  <testcase classname="com.jack.task.Cooley" name="run" time="8.256"/>
  <system-out/>
  <testcase classname="com.jack.task.Cooley" name="run" time="8.434"/>
  <system-out/>
  <testcase classname="com.jack.task.Cooley" name="run" time="7.118"/>
  <system-out/>
  <testcase classname="com.jack.task.Cooley" name="run" time="6.758"/>
  <system-out/>
  <testcase classname="com.jack.task.Cooley" name="run" time="6.789"/>
  <system-out/>
  <testcase classname="com.jack.task.Cooley" name="run" time="7.636"/>
  <system-out/>
  <testcase classname="com.jack.task.Cooley" name="run" time="6.430"/>
  <system-out/>
  <testcase classname="com.jack.task.Cooley" name="run" time="6.733"/>
  <system-out/>
  <testcase classname="com.jack.task.Cooley" name="run" time="7.078"/>
  <system-out/>
  <testcase classname="com.jack.task.Cooley" name="run" time="8.250"/>
  <system-out/>
  <testcase classname="com.jack.task.Cooley" name="run" time="9.476"/>
  <system-out/>
  <testcase classname="com.jack.task.Cooley" name="run" time="8.196"/>
  <system-out/>
  <testcase classname="com.jack.task.Cooley" name="run" time="7.829"/>
  <system-out/>
  <testcase classname="com.jack.task.Cooley" name="run" time="6.945"/>
  <system-out/>
  <testcase classname="com.jack.task.Cooley" name="run" time="7.332"/>
  <system-out/>
  <testcase classname="com.jack.task.Cooley" name="run" time="8.630"/>
  <system-out/>
  <testcase classname="com.jack.task.Cooley" name="run" time="7.238"/>
  <system-out/>
  <testcase classname="com.jack.task.Cooley" name="run" time="7.311"/>
  <system-out/>
  <testcase classname="com.jack.task.Cooley" name="run" time="5.641"/>
  <system-out/>
  <testcase classname="com.jack.task.Cooley" name="run" time="7.019"/>
  <system-out/>
  <testcase classname="com.jack.task.Cooley" name="run" time="7.086"/>
  <system-out/>
  <testcase classname="com.jack.task.Cooley" name="run" time="5.807"/>
  <system-out/>
  <testcase classname="com.jack.task.Cooley" name="run" time="6.274"/>
  <system-out/>
  <testcase classname="com.jack.task.Cooley" name="run" time="7.610"/>
  <system-out/>
  <testcase classname="com.jack.task.Cooley" name="run" time="6.961"/>
  <system-out/>
  <testcase classname="com.jack.task.Cooley" name="run" time="6.555"/>
  <system-out/>
  <testcase classname="com.jack.task.Cooley" name="run" time="7.031"/>
  <system-out/>
  <testcase classname="com.jack.task.Cooley" name="run" time="7.021"/>
  <system-out/>
  <testcase classname="com.jack.task.Cooley" name="run" time="7.005"/>
  <system-out/>
  <testcase classname="com.jack.task.Cooley" name="run" time="5.839"/>
  <system-out/>
  <testcase classname="com.jack.task.Cooley" name="run" time="6.884"/>
  <system-out/>
  <testcase classname="com.jack.task.Cooley" name="run" time="6.188"/>
  <system-out/>
  <testcase classname="com.jack.task.Cooley" name="run" time="8.233"/>
  <system-out/>
  <testcase classname="com.jack.task.Cooley" name="run" time="7.063"/>
  <system-out/>
  <testcase classname="com.jack.task.Cooley" name="run" time="7.509"/>
  <system-out/>
  <testcase classname="com.jack.task.Cooley" name="run" time="6.804"/>
  <system-out/>
  <testcase classname="com.jack.task.Cooley" name="run" time="7.621"/>
  <system-out/>
  <testcase classname="com.jack.task.Cooley" name="run" time="7.441"/>
  <system-out/>
  <testcase classname="com.jack.task.Cooley" name="run" time="7.539"/>
  <system-out/>
  <testcase classname="com.jack.task.Cooley" name="run" time="6.971"/>
  <system-out/>
  <testcase classname="com.jack.task.Cooley" name="run" time="10.718"/>
  <system-out/>
  <testcase classname="com.jack.task.Cooley" name="run" time="7.665"/>
  <system-out/>
  <testcase classname="com.jack.task.Cooley" name="run" time="7.176"/>
  <system-out/>
  <testcase classname="com.jack.task.Cooley" name="run" time="6.189"/>
  <system-out/>
  <testcase classname="com.jack.task.Cooley" name="run" time="6.999"/>
  <system-out/>
  <testcase classname="com.jack.task.Cooley" name="run" time="6.191"/>
  <system-out/>
  <testcase classname="com.jack.task.Cooley" name="run" time="7.134"/>
  <system-out/>
  <testcase classname="com.jack.task.Cooley" name="run" time="10.385"/>
  <system-out/>
  <testcase classname="com.jack.task.Cooley" name="run" time="6.458"/>
  <system-out/>
  <testcase classname="com.jack.task.Cooley" name="run" time="6.883"/>
  <system-out/>
  <testcase classname="com.jack.task.Cooley" name="run" time="6.058"/>
  <system-out/>
  <testcase classname="com.jack.task.Cooley" name="run" time="8.147"/>
  <system-out/>
  <testcase classname="com.jack.task.Cooley" name="run" time="6.524"/>
  <system-out/>
  <testcase classname="com.jack.task.Cooley" name="run" time="6.661"/>
  <system-out/>
  <testcase classname="com.jack.task.Cooley" name="run" time="6.631"/>
  <system-out/>
  <testcase classname="com.jack.task.Cooley" name="run" time="6.956"/>
  <system-out/>
  <testcase classname="com.jack.task.Cooley" name="run" time="7.106"/>
  <system-out/>
  <testcase classname="com.jack.task.Cooley" name="run" time="6.723"/>
  <system-out/>
  <testcase classname="com.jack.task.Cooley" name="run" time="6.498"/>
  <system-out/>
  <testcase classname="com.jack.task.Cooley" name="run" time="7.146"/>
  <system-out/>
  <testcase classname="com.jack.task.Cooley" name="run" time="7.286"/>
  <system-out/>
  <testcase classname="com.jack.task.Cooley" name="run" time="6.810"/>
  <system-out/>
  <testcase classname="com.jack.task.Cooley" name="run" time="6.813"/>
  <system-out/>
  <testcase classname="com.jack.task.Cooley" name="run" time="5.634"/>
  <system-out/>
  <testcase classname="com.jack.task.Cooley" name="run" time="7.190"/>
  <system-out/>
  <testcase classname="com.jack.task.Cooley" name="run" time="7.822"/>
  <system-out/>
  <testcase classname="com.jack.task.Cooley" name="run" time="7.516"/>
  <system-out/>
  <testcase classname="com.jack.task.Cooley" name="run" time="7.671"/>
  <system-out/>
  <testcase classname="com.jack.task.Cooley" name="run" time="6.705"/>
  <system-out/>
  <testcase classname="com.jack.task.Cooley" name="run" time="6.284"/>
  <system-out/>
  <testcase classname="com.jack.task.Cooley" name="run" time="7.261"/>
  <system-out/>
  <testcase classname="com.jack.task.Cooley" name="run" time="6.491"/>
  <system-out/>
  <testcase classname="com.jack.task.Cooley" name="run" time="6.943"/>
  <system-out/>
  <testcase classname="com.jack.task.Cooley" name="run" time="7.734"/>
  <system-out/>
  <testcase classname="com.jack.task.Cooley" name="run" time="6.289"/>
  <system-out/>
  <testcase classname="com.jack.task.Cooley" name="run" time="6.952"/>
  <system-out/>
  <testcase classname="com.jack.task.Cooley" name="run" time="7.637"/>
  <system-out/>
  <testcase classname="com.jack.task.Cooley" name="run" time="7.074"/>
  <system-out/>
  <testcase classname="com.jack.task.Cooley" name="run" time="8.238"/>
  <system-out/>
  <testcase classname="com.jack.task.Cooley" name="run" time="4.823"/>
  <system-out/>
  <testcase classname="com.jack.task.Cooley" name="run" time="7.146"/>
  <system-out/>
  <testcase classname="com.jack.task.Cooley" name="run" time="7.764"/>
  <system-out/>
  <testcase classname="com.jack.task.Cooley" name="run" time="6.770"/>
  <system-out/>
  <testcase classname="com.jack.task.Cooley" name="run" time="6.421"/>
  <system-out/>
  <testcase classname="com.jack.task.Cooley" name="run" time="7.809"/>
  <system-out/>
  <testcase classname="com.jack.task.Cooley" name="run" time="6.690"/>
  <system-out/>
  <testcase classname="com.jack.task.Cooley" name="run" time="6.962"/>
  <system-out/>
  <testcase classname="com.jack.task.Cooley" name="run" time="7.867"/>
  <system-out/>
  <testcase classname="com.jack.task.Cooley" name="run" time="8.024"/>
  <system-out/>
  <testcase classname="com.jack.task.Cooley" name="run" time="7.249"/>
  <system-out/>
  <testcase classname="com.jack.task.Cooley" name="run" time="6.468"/>
  <system-out/>
  <testcase classname="com.jack.task.Cooley" name="run" time="6.540"/>
  <system-out/>
  <testcase classname="com.jack.task.Cooley" name="run" time="7.811"/>
  <system-out/>
  <testcase classname="com.jack.task.Cooley" name="run" time="6.105"/>
  <system-out/>
  <testcase classname="com.jack.task.Cooley" name="run" time="5.883"/>
  <system-out/>
  <testcase classname="com.jack.task.Cooley" name="run" time="7.870"/>
  <system-out/>
  <testcase classname="com.jack.task.Cooley" name="run" time="7.519"/>
  <system-out/>
  <testcase classname="com.jack.task.Cooley" name="run" time="7.606"/>
  <system-out/>
  <testcase classname="com.jack.task.Cooley" name="run" time="6.869"/>
  <system-out/>
  <testcase classname="com.jack.task.Cooley" name="run" time="7.620"/>
  <system-out/>
  <testcase classname="com.jack.task.Cooley" name="run" time="7.795"/>
  <system-out/>
  <testcase classname="com.jack.task.Cooley" name="run" time="7.505"/>
  <system-out/>
  <testcase classname="com.jack.task.Cooley" name="run" time="5.301"/>
  <system-out/>
  <testcase classname="com.jack.task.Cooley" name="run" time="8.322"/>
  <system-out/>
  <testcase classname="com.jack.task.Cooley" name="run" time="9.085"/>
  <system-out/>
  <testcase classname="com.jack.task.Cooley" name="run" time="6.067"/>
  <system-out/>
  <testcase classname="com.jack.task.Cooley" name="run" time="6.765"/>
  <system-out/>
  <testcase classname="com.jack.task.Cooley" name="run" time="6.140"/>
  <system-out/>
  <testcase classname="com.jack.task.Cooley" name="run" time="6.768"/>
  <system-out/>
  <testcase classname="com.jack.task.Cooley" name="run" time="5.817"/>
  <system-out/>
  <testcase classname="com.jack.task.Cooley" name="run" time="7.151"/>
  <system-out/>
  <testcase classname="com.jack.task.Cooley" name="run" time="6.964"/>
  <system-out/>
  <testcase classname="com.jack.task.Cooley" name="run" time="6.936"/>
  <system-out/>
  <testcase classname="com.jack.task.Cooley" name="run" time="6.733"/>
  <system-out/>
  <testcase classname="com.jack.task.Cooley" name="run" time="6.092"/>
  <system-out/>
  <testcase classname="com.jack.task.Cooley" name="run" time="6.510"/>
  <system-out/>
  <testcase classname="com.jack.task.Cooley" name="run" time="6.989"/>
  <system-out/>
  <testcase classname="com.jack.task.Cooley" name="run" time="7.586"/>
  <system-out/>
  <testcase classname="com.jack.task.Cooley" name="run" time="6.639"/>
  <system-out/>
  <testcase classname="com.jack.task.Cooley" name="run" time="6.234"/>
  <system-out/>
  <testcase classname="com.jack.task.Cooley" name="run" time="7.250"/>
  <system-out/>
  <testcase classname="com.jack.task.Cooley" name="run" time="7.355"/>
  <system-out/>
  <testcase classname="com.jack.task.Cooley" name="run" time="6.019"/>
  <system-out/>
  <testcase classname="com.jack.task.Cooley" name="run" time="6.886"/>
  <system-out/>
  <testcase classname="com.jack.task.Cooley" name="run" time="7.271"/>
  <system-out/>
  <testcase classname="com.jack.task.Cooley" name="run" time="8.365"/>
  <system-out/>
  <testcase classname="com.jack.task.Cooley" name="run" time="7.505"/>
  <system-out/>
  <testcase classname="com.jack.task.Cooley" name="run" time="7.034"/>
  <system-out/>
  <testcase classname="com.jack.task.Cooley" name="run" time="5.902"/>
  <system-out/>
  <testcase classname="com.jack.task.Cooley" name="run" time="6.887"/>
  <system-out/>
  <testcase classname="com.jack.task.Cooley" name="run" time="7.572"/>
  <system-out/>
  <testcase classname="com.jack.task.Cooley" name="run" time="6.107"/>
  <system-out/>
  <testcase classname="com.jack.task.Cooley" name="run" time="7.769"/>
  <system-out/>
  <testcase classname="com.jack.task.Cooley" name="run" time="8.741"/>
  <system-out/>
  <testcase classname="com.jack.task.Cooley" name="run" time="7.577"/>
  <system-out/>
  <testcase classname="com.jack.task.Cooley" name="run" time="5.998"/>
  <system-out/>
  <testcase classname="com.jack.task.Cooley" name="run" time="6.638"/>
  <system-out/>
  <testcase classname="com.jack.task.Cooley" name="run" time="7.041"/>
  <system-out/>
  <testcase classname="com.jack.task.Cooley" name="run" time="7.850"/>
  <system-out/>
  <testcase classname="com.jack.task.Cooley" name="run" time="7.049"/>
  <system-out/>
  <testcase classname="com.jack.task.Cooley" name="run" time="6.782"/>
  <system-out/>
  <testcase classname="com.jack.task.Cooley" name="run" time="6.948"/>
  <system-out/>
  <testcase classname="com.jack.task.Cooley" name="run" time="8.305"/>
  <system-out/>
  <testcase classname="com.jack.task.Cooley" name="run" time="6.621"/>
  <system-out/>
  <testcase classname="com.jack.task.Cooley" name="run" time="7.174"/>
  <system-out/>
  <testcase classname="com.jack.task.Cooley" name="run" time="7.810"/>
  <system-out/>
  <testcase classname="com.jack.task.Cooley" name="run" time="5.980"/>
  <system-out/>
  <testcase classname="com.jack.task.Cooley" name="run" time="7.196"/>
  <system-out/>
  <testcase classname="com.jack.task.Cooley" name="run" time="6.840"/>
  <system-out/>
  <testcase classname="com.jack.task.Cooley" name="run" time="6.267"/>
  <system-out/>
  <testcase classname="com.jack.task.Cooley" name="run" time="7.395"/>
  <system-out/>
  <testcase classname="com.jack.task.Cooley" name="run" time="7.738"/>
  <system-out/>
  <testcase classname="com.jack.task.Cooley" name="run" time="6.459"/>
  <system-out/>
  <testcase classname="com.jack.task.Cooley" name="run" time="7.608"/>
  <system-out/>
  <testcase classname="com.jack.task.Cooley" name="run" time="6.141"/>
  <system-out/>
  <testcase classname="com.jack.task.Cooley" name="run" time="6.364"/>
  <system-out/>
  <testcase classname="com.jack.task.Cooley" name="run" time="7.556"/>
  <system-out/>
  <testcase classname="com.jack.task.Cooley" name="run" time="6.163"/>
  <system-out/>
  <testcase classname="com.jack.task.Cooley" name="run" time="6.811"/>
  <system-out/>
  <testcase classname="com.jack.task.Cooley" name="run" time="7.085"/>
  <system-out/>
  <testcase classname="com.jack.task.Cooley" name="run" time="7.132"/>
  <system-out/>
  <testcase classname="com.jack.task.Cooley" name="run" time="6.716"/>
  <system-out/>
  <testcase classname="com.jack.task.Cooley" name="run" time="6.573"/>
  <system-out/>
  <testcase classname="com.jack.task.Cooley" name="run" time="7.920"/>
  <system-out/>
  <testcase classname="com.jack.task.Cooley" name="run" time="8.173"/>
  <system-out/>
  <testcase classname="com.jack.task.Cooley" name="run" time="6.927"/>
  <system-out/>
  <testcase classname="com.jack.task.Cooley" name="run" time="7.025"/>
  <system-out/>
  <testcase classname="com.jack.task.Cooley" name="run" time="7.613"/>
  <system-out/>
  <testcase classname="com.jack.task.Cooley" name="run" time="7.393"/>
  <system-out/>
  <testcase classname="com.jack.task.Cooley" name="run" time="6.582"/>
  <system-out/>
  <testcase classname="com.jack.task.Cooley" name="run" time="6.514"/>
  <system-out/>
  <testcase classname="com.jack.task.Cooley" name="run" time="8.634"/>
  <system-out/>
  <testcase classname="com.jack.task.Cooley" name="run" time="6.505"/>
  <system-out/>
  <testcase classname="com.jack.task.Cooley" name="run" time="6.584"/>
  <system-out/>
  <testcase classname="com.jack.task.Cooley" name="run" time="9.392"/>
  <system-out/>
  <testcase classname="com.jack.task.Cooley" name="run" time="8.802"/>
  <system-out/>
  <testcase classname="com.jack.task.Cooley" name="run" time="7.049"/>
  <system-out/>
  <testcase classname="com.jack.task.Cooley" name="run" time="7.436"/>
  <system-out/>
  <testcase classname="com.jack.task.Cooley" name="run" time="6.720"/>
  <system-out/>
  <testcase classname="com.jack.task.Cooley" name="run" time="7.590"/>
  <system-out/>
  <testcase classname="com.jack.task.Cooley" name="run" time="6.911"/>
  <system-out/>
  <testcase classname="com.jack.task.Cooley" name="run" time="5.987"/>
  <system-out/>
  <testcase classname="com.jack.task.Cooley" name="run" time="10.614"/>
  <system-out/>
  <testcase classname="com.jack.task.Cooley" name="run" time="6.683"/>
  <system-out/>
  <testcase classname="com.jack.task.Cooley" name="run" time="6.097"/>
  <system-out/>
  <testcase classname="com.jack.task.Cooley" name="run" time="6.752"/>
  <system-out/>
  <testcase classname="com.jack.task.Cooley" name="run" time="5.751"/>
  <system-out/>
  <testcase classname="com.jack.task.Cooley" name="run" time="6.857"/>
  <system-out/>
  <testcase classname="com.jack.task.Cooley" name="run" time="7.551"/>
  <system-out/>
  <testcase classname="com.jack.task.Cooley" name="run" time="8.264"/>
  <system-out/>
  <testcase classname="com.jack.task.Cooley" name="run" time="5.520"/>
  <system-out/>
  <testcase classname="com.jack.task.Cooley" name="run" time="6.290"/>
  <system-out/>
  <testcase classname="com.jack.task.Cooley" name="run" time="8.039"/>
  <system-out/>
  <testcase classname="com.jack.task.Cooley" name="run" time="7.788"/>
  <system-out/>
  <testcase classname="com.jack.task.Cooley" name="run" time="7.546"/>
  <system-out/>
  <testcase classname="com.jack.task.Cooley" name="run" time="6.380"/>
  <system-out/>
  <testcase classname="com.jack.task.Cooley" name="run" time="5.997"/>
  <system-out/>
  <testcase classname="com.jack.task.Cooley" name="run" time="6.318"/>
  <system-out/>
  <testcase classname="com.jack.task.Cooley" name="run" time="6.329"/>
  <system-out/>
  <testcase classname="com.jack.task.Cooley" name="run" time="6.478"/>
  <system-out/>
  <testcase classname="com.jack.task.Cooley" name="run" time="6.709"/>
  <system-out/>
  <testcase classname="com.jack.task.Cooley" name="run" time="6.657"/>
  <system-out/>
  <testcase classname="com.jack.task.Cooley" name="run" time="6.812"/>
  <system-out/>
  <testcase classname="com.jack.task.Cooley" name="run" time="7.409"/>
  <system-out/>
  <testcase classname="com.jack.task.Cooley" name="run" time="6.169"/>
  <system-out/>
  <testcase classname="com.jack.task.Cooley" name="run" time="6.946"/>
  <system-out/>
  <testcase classname="com.jack.task.Cooley" name="run" time="6.149"/>
  <system-out/>
  <testcase classname="com.jack.task.Cooley" name="run" time="7.235"/>
  <system-out/>
  <testcase classname="com.jack.task.Cooley" name="run" time="8.448"/>
  <system-out/>
  <testcase classname="com.jack.task.Cooley" name="run" time="6.755"/>
  <system-out/>
  <testcase classname="com.jack.task.Cooley" name="run" time="7.052"/>
  <system-out/>
  <testcase classname="com.jack.task.Cooley" name="run" time="5.808"/>
  <system-out/>
  <testcase classname="com.jack.task.Cooley" name="run" time="8.225"/>
  <system-out/>
  <testcase classname="com.jack.task.Cooley" name="run" time="5.825"/>
  <system-out/>
  <testcase classname="com.jack.task.Cooley" name="run" time="8.387"/>
  <system-out/>
  <testcase classname="com.jack.task.Cooley" name="run" time="5.922"/>
  <system-out/>
  <testcase classname="com.jack.task.Cooley" name="run" time="6.259"/>
  <system-out/>
  <testcase classname="com.jack.task.Cooley" name="run" time="7.278"/>
  <system-out/>
  <testcase classname="com.jack.task.Cooley" name="run" time="8.126"/>
  <system-out/>
  <testcase classname="com.jack.task.Cooley" name="run" time="7.871"/>
  <system-out/>
  <testcase classname="com.jack.task.Cooley" name="run" time="6.956"/>
  <system-out/>
  <testcase classname="com.jack.task.Cooley" name="run" time="6.546"/>
  <system-out/>
  <testcase classname="com.jack.task.Cooley" name="run" time="7.357"/>
  <system-out/>
  <testcase classname="com.jack.task.Cooley" name="run" time="6.997"/>
  <system-out/>
  <testcase classname="com.jack.task.Cooley" name="run" time="7.008"/>
  <system-out/>
  <testcase classname="com.jack.task.Cooley" name="run" time="7.914"/>
  <system-out/>
  <testcase classname="com.jack.task.Cooley" name="run" time="7.773"/>
  <system-out/>
  <testcase classname="com.jack.task.Cooley" name="run" time="6.697"/>
  <system-out/>
  <testcase classname="com.jack.task.Cooley" name="run" time="7.173"/>
  <system-out/>
  <testcase classname="com.jack.task.Cooley" name="run" time="7.794"/>
  <system-out/>
  <testcase classname="com.jack.task.Cooley" name="run" time="7.958"/>
  <system-out/>
  <testcase classname="com.jack.task.Cooley" name="run" time="7.725"/>
  <system-out/>
  <testcase classname="com.jack.task.Cooley" name="run" time="6.114"/>
  <system-out/>
  <testcase classname="com.jack.task.Cooley" name="run" time="7.459"/>
  <system-out/>
  <testcase classname="com.jack.task.Cooley" name="run" time="6.140"/>
  <system-out/>
  <testcase classname="com.jack.task.Cooley" name="run" time="7.185"/>
  <system-out/>
  <testcase classname="com.jack.task.Cooley" name="run" time="6.834"/>
  <system-out/>
  <testcase classname="com.jack.task.Cooley" name="run" time="7.956"/>
  <system-out/>
  <testcase classname="com.jack.task.Cooley" name="run" time="6.473"/>
  <system-out/>
  <testcase classname="com.jack.task.Cooley" name="run" time="7.643"/>
  <system-out/>
  <testcase classname="com.jack.task.Cooley" name="run" time="7.183"/>
  <system-out/>
  <testcase classname="com.jack.task.Cooley" name="run" time="6.106"/>
  <system-out/>
  <testcase classname="com.jack.task.Cooley" name="run" time="6.583"/>
  <system-out/>
  <testcase classname="com.jack.task.Cooley" name="run" time="7.544"/>
  <system-out/>
  <testcase classname="com.jack.task.Cooley" name="run" time="6.884"/>
  <system-out/>
  <testcase classname="com.jack.task.Cooley" name="run" time="7.186"/>
  <system-out/>
  <testcase classname="com.jack.task.Cooley" name="run" time="7.059"/>
  <system-out/>
  <testcase classname="com.jack.task.Cooley" name="run" time="7.526"/>
  <system-out/>
  <testcase classname="com.jack.task.Cooley" name="run" time="6.524"/>
  <system-out/>
  <testcase classname="com.jack.task.Cooley" name="run" time="6.938"/>
  <system-out/>
  <testcase classname="com.jack.task.Cooley" name="run" time="7.425"/>
  <system-out/>
  <testcase classname="com.jack.task.Cooley" name="run" time="7.175"/>
  <system-out/>
  <testcase classname="com.jack.task.Cooley" name="run" time="8.153"/>
  <system-out/>
  <testcase classname="com.jack.task.Cooley" name="run" time="7.014"/>
  <system-out/>
  <testcase classname="com.jack.task.Cooley" name="run" time="6.062"/>
  <system-out/>
  <testcase classname="com.jack.task.Cooley" name="run" time="8.798"/>
  <system-out/>
  <testcase classname="com.jack.task.Cooley" name="run" time="7.758"/>
  <system-out/>
  <testcase classname="com.jack.task.Cooley" name="run" time="7.334"/>
  <system-out/>
  <testcase classname="com.jack.task.Cooley" name="run" time="6.602"/>
  <system-out/>
  <testcase classname="com.jack.task.Cooley" name="run" time="7.968"/>
  <system-out/>
  <testcase classname="com.jack.task.Cooley" name="run" time="6.714"/>
  <system-out/>
  <testcase classname="com.jack.task.Cooley" name="run" time="7.070"/>
  <system-out/>
  <testcase classname="com.jack.task.Cooley" name="run" time="6.867"/>
  <system-out/>
  <testcase classname="com.jack.task.Cooley" name="run" time="6.941"/>
  <system-out/>
  <testcase classname="com.jack.task.Cooley" name="run" time="7.080"/>
  <system-out/>
  <testcase classname="com.jack.task.Cooley" name="run" time="4.774"/>
  <system-out/>
  <testcase classname="com.jack.task.Cooley" name="run" time="7.509"/>
  <system-out/>
  <testcase classname="com.jack.task.Cooley" name="run" time="7.407"/>
  <system-out/>
  <testcase classname="com.jack.task.Cooley" name="run" time="7.249"/>
  <system-out/>
  <testcase classname="com.jack.task.Cooley" name="run" time="8.098"/>
  <system-out/>
  <testcase classname="com.jack.task.Cooley" name="run" time="7.110"/>
  <system-out/>
  <testcase classname="com.jack.task.Cooley" name="run" time="7.169"/>
  <system-out/>
  <testcase classname="com.jack.task.Cooley" name="run" time="7.337"/>
  <system-out/>
  <testcase classname="com.jack.task.Cooley" name="run" time="10.241"/>
  <system-out/>
  <testcase classname="com.jack.task.Cooley" name="run" time="6.037"/>
  <system-out/>
  <testcase classname="com.jack.task.Cooley" name="run" time="6.444"/>
  <system-out/>
  <testcase classname="com.jack.task.Cooley" name="run" time="6.181"/>
  <system-out/>
  <testcase classname="com.jack.task.Cooley" name="run" time="8.561"/>
  <system-out/>
  <testcase classname="com.jack.task.Cooley" name="run" time="6.774"/>
  <system-out/>
  <testcase classname="com.jack.task.Cooley" name="run" time="7.021"/>
  <system-out/>
  <testcase classname="com.jack.task.Cooley" name="run" time="7.077"/>
  <system-out/>
  <testcase classname="com.jack.task.Cooley" name="run" time="7.015"/>
  <system-out/>
  <testcase classname="com.jack.task.Cooley" name="run" time="7.198"/>
  <system-out/>
  <testcase classname="com.jack.task.Cooley" name="run" time="6.832"/>
  <system-out/>
  <testcase classname="com.jack.task.Cooley" name="run" time="8.196"/>
  <system-out/>
  <testcase classname="com.jack.task.Cooley" name="run" time="6.047"/>
  <system-out/>
  <testcase classname="com.jack.task.Cooley" name="run" time="7.877"/>
  <system-out/>
  <testcase classname="com.jack.task.Cooley" name="run" time="7.341"/>
  <system-out/>
  <testcase classname="com.jack.task.Cooley" name="run" time="6.133"/>
  <system-out/>
  <testcase classname="com.jack.task.Cooley" name="run" time="6.573"/>
  <system-out/>
  <testcase classname="com.jack.task.Cooley" name="run" time="6.453"/>
  <system-out/>
  <testcase classname="com.jack.task.Cooley" name="run" time="7.870"/>
  <system-out/>
  <testcase classname="com.jack.task.Cooley" name="run" time="7.394"/>
  <system-out/>
  <testcase classname="com.jack.task.Cooley" name="run" time="6.964"/>
  <system-out/>
  <testcase classname="com.jack.task.Cooley" name="run" time="6.550"/>
  <system-out/>
  <testcase classname="com.jack.task.Cooley" name="run" time="5.932"/>
  <system-out/>
  <testcase classname="com.jack.task.Cooley" name="run" time="6.776"/>
  <system-out/>
  <testcase classname="com.jack.task.Cooley" name="run" time="7.006"/>
  <system-out/>
  <testcase classname="com.jack.task.Cooley" name="run" time="7.204"/>
  <system-out/>
  <testcase classname="com.jack.task.Cooley" name="run" time="7.472"/>
  <system-out/>
  <testcase classname="com.jack.task.Cooley" name="run" time="7.294"/>
  <system-out/>
  <testcase classname="com.jack.task.Cooley" name="run" time="7.188"/>
  <system-out/>
  <testcase classname="com.jack.task.Cooley" name="run" time="6.406"/>
  <system-out/>
  <testcase classname="com.jack.task.Cooley" name="run" time="7.075"/>
  <system-out/>
  <testcase classname="com.jack.task.Cooley" name="run" time="8.389"/>
  <system-out/>
  <testcase classname="com.jack.task.Cooley" name="run" time="6.208"/>
  <system-out/>
  <testcase classname="com.jack.task.Cooley" name="run" time="6.238"/>
  <system-out/>
  <testcase classname="com.jack.task.Cooley" name="run" time="7.625"/>
  <system-out/>
  <testcase classname="com.jack.task.Cooley" name="run" time="6.986"/>
  <system-out/>
  <testcase classname="com.jack.task.Cooley" name="run" time="5.680"/>
  <system-out/>
  <testcase classname="com.jack.task.Cooley" name="run" time="5.641"/>
  <system-out/>
  <testcase classname="com.jack.task.Cooley" name="run" time="6.156"/>
  <system-out/>
  <testcase classname="com.jack.task.Cooley" name="run" time="7.467"/>
  <system-out/>
  <testcase classname="com.jack.task.Cooley" name="run" time="6.457"/>
  <system-out/>
  <testcase classname="com.jack.task.Cooley" name="run" time="7.475"/>
  <system-out/>
  <testcase classname="com.jack.task.Cooley" name="run" time="7.051"/>
  <system-out/>
  <testcase classname="com.jack.task.Cooley" name="run" time="6.955"/>
  <system-out/>
  <testcase classname="com.jack.task.Cooley" name="run" time="7.605"/>
  <system-out/>
  <testcase classname="com.jack.task.Cooley" name="run" time="5.899"/>
  <system-out/>
  <testcase classname="com.jack.task.Cooley" name="run" time="13.707"/>
  <system-out/>
  <testcase classname="com.jack.task.Cooley" name="run" time="8.197"/>
  <system-out/>
  <testcase classname="com.jack.task.Cooley" name="run" time="6.619"/>
  <system-out/>
  <testcase classname="com.jack.task.Cooley" name="run" time="5.936"/>
  <system-out/>
  <testcase classname="com.jack.task.Cooley" name="run" time="7.888"/>
  <system-out/>
  <testcase classname="com.jack.task.Cooley" name="run" time="7.455"/>
  <system-out/>
  <testcase classname="com.jack.task.Cooley" name="run" time="6.921"/>
  <system-out/>
  <testcase classname="com.jack.task.Cooley" name="run" time="5.536"/>
  <system-out/>
  <testcase classname="com.jack.task.Cooley" name="run" time="7.074"/>
  <system-out/>
  <testcase classname="com.jack.task.Cooley" name="run" time="6.961"/>
  <system-out/>
  <testcase classname="com.jack.task.Cooley" name="run" time="5.804"/>
  <system-out/>
  <testcase classname="com.jack.task.Cooley" name="run" time="6.312"/>
  <system-out/>
  <testcase classname="com.jack.task.Cooley" name="run" time="6.750"/>
  <system-out/>
  <testcase classname="com.jack.task.Cooley" name="run" time="8.477"/>
  <system-out/>
  <testcase classname="com.jack.task.Cooley" name="run" time="7.121"/>
  <system-out/>
  <testcase classname="com.jack.task.Cooley" name="run" time="8.244"/>
  <system-out/>
  <testcase classname="com.jack.task.Cooley" name="run" time="5.980"/>
  <system-out/>
  <testcase classname="com.jack.task.Cooley" name="run" time="5.789"/>
  <system-out/>
  <testcase classname="com.jack.task.Cooley" name="run" time="6.138"/>
  <system-out/>
  <testcase classname="com.jack.task.Cooley" name="run" time="7.188"/>
  <system-out/>
  <testcase classname="com.jack.task.Cooley" name="run" time="6.238"/>
  <system-out/>
  <testcase classname="com.jack.task.Cooley" name="run" time="6.621"/>
  <system-out/>
  <testcase classname="com.jack.task.Cooley" name="run" time="6.220"/>
  <system-out/>
  <testcase classname="com.jack.task.Cooley" name="run" time="7.917"/>
  <system-out/>
  <testcase classname="com.jack.task.Cooley" name="run" time="6.804"/>
  <system-out/>
  <testcase classname="com.jack.task.Cooley" name="run" time="7.288"/>
  <system-out/>
  <testcase classname="com.jack.task.Cooley" name="run" time="6.549"/>
  <system-out/>
  <testcase classname="com.jack.task.Cooley" name="run" time="6.690"/>
  <system-out/>
  <testcase classname="com.jack.task.Cooley" name="run" time="7.537"/>
  <system-out/>
  <testcase classname="com.jack.task.Cooley" name="run" time="6.550"/>
  <system-out/>
  <testcase classname="com.jack.task.Cooley" name="run" time="6.579"/>
  <system-out/>
  <testcase classname="com.jack.task.Cooley" name="run" time="7.244"/>
  <system-out/>
  <testcase classname="com.jack.task.Cooley" name="run" time="6.957"/>
  <system-out/>
  <testcase classname="com.jack.task.Cooley" name="run" time="6.840"/>
  <system-out/>
  <testcase classname="com.jack.task.Cooley" name="run" time="8.128"/>
  <system-out/>
  <testcase classname="com.jack.task.Cooley" name="run" time="7.974"/>
  <system-out/>
  <testcase classname="com.jack.task.Cooley" name="run" time="8.040"/>
  <system-out/>
  <testcase classname="com.jack.task.Cooley" name="run" time="7.043"/>
  <system-out/>
  <testcase classname="com.jack.task.Cooley" name="run" time="11.432"/>
  <system-out/>
  <testcase classname="com.jack.task.Cooley" name="run" time="7.893"/>
  <system-out/>
  <testcase classname="com.jack.task.Cooley" name="run" time="7.278"/>
  <system-out/>
  <testcase classname="com.jack.task.Cooley" name="run" time="6.329"/>
  <system-out/>
  <testcase classname="com.jack.task.Cooley" name="run" time="7.732"/>
  <system-out/>
  <testcase classname="com.jack.task.Cooley" name="run" time="8.305"/>
  <system-out/>
  <testcase classname="com.jack.task.Cooley" name="run" time="6.675"/>
  <system-out/>
  <testcase classname="com.jack.task.Cooley" name="run" time="4.771"/>
  <system-out/>
  <testcase classname="com.jack.task.Cooley" name="run" time="7.131"/>
  <system-out/>
  <testcase classname="com.jack.task.Cooley" name="run" time="7.589"/>
  <system-out/>
  <testcase classname="com.jack.task.Cooley" name="run" time="9.626"/>
  <system-out/>
  <testcase classname="com.jack.task.Cooley" name="run" time="5.290"/>
  <system-out/>
  <testcase classname="com.jack.task.Cooley" name="run" time="8.184"/>
  <system-out/>
  <testcase classname="com.jack.task.Cooley" name="run" time="7.538"/>
  <system-out/>
  <testcase classname="com.jack.task.Cooley" name="run" time="7.609"/>
  <system-out/>
  <testcase classname="com.jack.task.Cooley" name="run" time="7.351"/>
  <system-out/>
  <testcase classname="com.jack.task.Cooley" name="run" time="6.924"/>
  <system-out/>
  <testcase classname="com.jack.task.Cooley" name="run" time="6.486"/>
  <system-out/>
  <testcase classname="com.jack.task.Cooley" name="run" time="6.106"/>
  <system-out/>
  <testcase classname="com.jack.task.Cooley" name="run" time="7.334"/>
  <system-out/>
  <testcase classname="com.jack.task.Cooley" name="run" time="6.525"/>
  <system-out/>
  <testcase classname="com.jack.task.Cooley" name="run" time="10.130"/>
  <system-out/>
  <testcase classname="com.jack.task.Cooley" name="run" time="8.217"/>
  <system-out/>
  <testcase classname="com.jack.task.Cooley" name="run" time="6.916"/>
  <system-out/>
  <testcase classname="com.jack.task.Cooley" name="run" time="7.583"/>
  <system-out/>
  <testcase classname="com.jack.task.Cooley" name="run" time="7.622"/>
  <system-out/>
  <testcase classname="com.jack.task.Cooley" name="run" time="6.800"/>
  <system-out/>
  <testcase classname="com.jack.task.Cooley" name="run" time="7.424"/>
  <system-out/>
  <testcase classname="com.jack.task.Cooley" name="run" time="6.638"/>
  <system-out/>
  <testcase classname="com.jack.task.Cooley" name="run" time="5.939"/>
  <system-out/>
  <testcase classname="com.jack.task.Cooley" name="run" time="7.217"/>
  <system-out/>
  <testcase classname="com.jack.task.Cooley" name="run" time="5.034"/>
  <system-out/>
  <testcase classname="com.jack.task.Cooley" name="run" time="7.148"/>
  <system-out/>
  <testcase classname="com.jack.task.Cooley" name="run" time="7.382"/>
  <system-out/>
  <testcase classname="com.jack.task.Cooley" name="run" time="7.143"/>
  <system-out/>
  <testcase classname="com.jack.task.Cooley" name="run" time="7.446"/>
  <system-out/>
  <testcase classname="com.jack.task.Cooley" name="run" time="5.606"/>
  <system-out/>
  <testcase classname="com.jack.task.Cooley" name="run" time="8.234"/>
  <system-out/>
  <testcase classname="com.jack.task.Cooley" name="run" time="6.539"/>
  <system-out/>
  <testcase classname="com.jack.task.Cooley" name="run" time="5.790"/>
  <system-out/>
  <testcase classname="com.jack.task.Cooley" name="run" time="6.393"/>
  <system-out/>
  <testcase classname="com.jack.task.Cooley" name="run" time="7.321"/>
  <system-out/>
  <testcase classname="com.jack.task.Cooley" name="run" time="7.444"/>
  <system-out/>
  <testcase classname="com.jack.task.Cooley" name="run" time="6.021"/>
  <system-out/>
  <testcase classname="com.jack.task.Cooley" name="run" time="6.425"/>
  <system-out/>
  <testcase classname="com.jack.task.Cooley" name="run" time="6.612"/>
  <system-out/>
  <testcase classname="com.jack.task.Cooley" name="run" time="5.969"/>
  <system-out/>
  <testcase classname="com.jack.task.Cooley" name="run" time="6.335"/>
  <system-out/>
  <testcase classname="com.jack.task.Cooley" name="run" time="7.395"/>
  <system-out/>
  <testcase classname="com.jack.task.Cooley" name="run" time="7.997"/>
  <system-out/>
  <testcase classname="com.jack.task.Cooley" name="run" time="7.170"/>
  <system-out/>
  <testcase classname="com.jack.task.Cooley" name="run" time="5.920"/>
  <system-out/>
  <testcase classname="com.jack.task.Cooley" name="run" time="6.929"/>
  <system-out/>
  <testcase classname="com.jack.task.Cooley" name="run" time="6.191"/>
  <system-out/>
  <testcase classname="com.jack.task.Cooley" name="run" time="7.736"/>
  <system-out/>
  <testcase classname="com.jack.task.Cooley" name="run" time="6.444"/>
  <system-out/>
  <testcase classname="com.jack.task.Cooley" name="run" time="6.369"/>
  <system-out/>
  <testcase classname="com.jack.task.Cooley" name="run" time="6.219"/>
  <system-out/>
  <testcase classname="com.jack.task.Cooley" name="run" time="5.653"/>
  <system-out/>
  <testcase classname="com.jack.task.Cooley" name="run" time="7.632"/>
  <system-out/>
  <testcase classname="com.jack.task.Cooley" name="run" time="6.310"/>
  <system-out/>
  <testcase classname="com.jack.task.Cooley" name="run" time="7.286"/>
  <system-out/>
  <testcase classname="com.jack.task.Cooley" name="run" time="6.992"/>
  <system-out/>
  <testcase classname="com.jack.task.Cooley" name="run" time="7.173"/>
  <system-out/>
  <testcase classname="com.jack.task.Cooley" name="run" time="7.315"/>
  <system-out/>
  <testcase classname="com.jack.task.Cooley" name="run" time="6.238"/>
  <system-out/>
  <testcase classname="com.jack.task.Cooley" name="run" time="8.314"/>
  <system-out/>
  <testcase classname="com.jack.task.Cooley" name="run" time="7.867"/>
  <system-out/>
  <testcase classname="com.jack.task.Cooley" name="run" time="7.098"/>
  <system-out/>
  <testcase classname="com.jack.task.Cooley" name="run" time="7.067"/>
  <system-out/>
  <testcase classname="com.jack.task.Cooley" name="run" time="7.664"/>
  <system-out/>
  <testcase classname="com.jack.task.Cooley" name="run" time="5.756"/>
  <system-out/>
  <testcase classname="com.jack.task.Cooley" name="run" time="6.979"/>
  <system-out/>
  <testcase classname="com.jack.task.Cooley" name="run" time="5.883"/>
  <system-out/>
  <testcase classname="com.jack.task.Cooley" name="run" time="5.891"/>
  <system-out/>
  <testcase classname="com.jack.task.Cooley" name="run" time="6.448"/>
  <system-out/>
  <testcase classname="com.jack.task.Cooley" name="run" time="6.833"/>
  <system-out/>
  <testcase classname="com.jack.task.Cooley" name="run" time="6.947"/>
  <system-out/>
  <testcase classname="com.jack.task.Cooley" name="run" time="7.406"/>
  <system-out/>
  <testcase classname="com.jack.task.Cooley" name="run" time="7.738"/>
  <system-out/>
  <testcase classname="com.jack.task.Cooley" name="run" time="7.936"/>
  <system-out/>
  <testcase classname="com.jack.task.Cooley" name="run" time="7.127"/>
  <system-out/>
  <testcase classname="com.jack.task.Cooley" name="run" time="6.084"/>
  <system-out/>
  <testcase classname="com.jack.task.Cooley" name="run" time="6.985"/>
  <system-out/>
  <testcase classname="com.jack.task.Cooley" name="run" time="5.595"/>
  <system-out/>
  <testcase classname="com.jack.task.Cooley" name="run" time="6.011"/>
  <system-out/>
  <testcase classname="com.jack.task.Cooley" name="run" time="6.437"/>
  <system-out/>
  <testcase classname="com.jack.task.Cooley" name="run" time="7.903"/>
  <system-out/>
  <testcase classname="com.jack.task.Cooley" name="run" time="6.945"/>
  <system-out/>
  <testcase classname="com.jack.task.Cooley" name="run" time="7.408"/>
  <system-out/>
  <testcase classname="com.jack.task.Cooley" name="run" time="6.247"/>
  <system-out/>
  <testcase classname="com.jack.task.Cooley" name="run" time="7.339"/>
  <system-out/>
  <testcase classname="com.jack.task.Cooley" name="run" time="6.853"/>
  <system-out/>
  <testcase classname="com.jack.task.Cooley" name="run" time="6.996"/>
  <system-out/>
  <testcase classname="com.jack.task.Cooley" name="run" time="6.194"/>
  <system-out/>
  <testcase classname="com.jack.task.Cooley" name="run" time="6.466"/>
  <system-out/>
  <testcase classname="com.jack.task.Cooley" name="run" time="6.546"/>
  <system-out/>
  <testcase classname="com.jack.task.Cooley" name="run" time="6.747"/>
  <system-out/>
  <testcase classname="com.jack.task.Cooley" name="run" time="7.306"/>
  <system-out/>
  <testcase classname="com.jack.task.Cooley" name="run" time="7.564"/>
  <system-out/>
  <testcase classname="com.jack.task.Cooley" name="run" time="6.972"/>
  <system-out/>
  <testcase classname="com.jack.task.Cooley" name="run" time="8.332"/>
  <system-out/>
  <testcase classname="com.jack.task.Cooley" name="run" time="6.926"/>
  <system-out/>
  <testcase classname="com.jack.task.Cooley" name="run" time="7.119"/>
  <system-out/>
  <testcase classname="com.jack.task.Cooley" name="run" time="5.654"/>
  <system-out/>
  <testcase classname="com.jack.task.Cooley" name="run" time="6.864"/>
  <system-out/>
  <testcase classname="com.jack.task.Cooley" name="run" time="6.557"/>
  <system-out/>
  <testcase classname="com.jack.task.Cooley" name="run" time="7.672"/>
  <system-out/>
  <testcase classname="com.jack.task.Cooley" name="run" time="5.957"/>
  <system-out/>
  <testcase classname="com.jack.task.Cooley" name="run" time="7.298"/>
  <system-out/>
  <testcase classname="com.jack.task.Cooley" name="run" time="6.608"/>
  <system-out/>
  <testcase classname="com.jack.task.Cooley" name="run" time="5.774"/>
  <system-out/>
  <testcase classname="com.jack.task.Cooley" name="run" time="6.302"/>
  <system-out/>
  <testcase classname="com.jack.task.Cooley" name="run" time="7.248"/>
  <system-out/>
  <testcase classname="com.jack.task.Cooley" name="run" time="7.065"/>
  <system-out/>
  <testcase classname="com.jack.task.Cooley" name="run" time="6.523"/>
  <system-out/>
  <testcase classname="com.jack.task.Cooley" name="run" time="7.805"/>
  <system-out/>
  <testcase classname="com.jack.task.Cooley" name="run" time="7.355"/>
  <system-out/>
  <testcase classname="com.jack.task.Cooley" name="run" time="6.419"/>
  <system-out/>
  <testcase classname="com.jack.task.Cooley" name="run" time="6.963"/>
  <system-out/>
  <testcase classname="com.jack.task.Cooley" name="run" time="6.847"/>
  <system-out/>
  <testcase classname="com.jack.task.Cooley" name="run" time="8.145"/>
  <system-out/>
  <testcase classname="com.jack.task.Cooley" name="run" time="7.297"/>
  <system-out/>
  <testcase classname="com.jack.task.Cooley" name="run" time="5.633"/>
  <system-out/>
  <testcase classname="com.jack.task.Cooley" name="run" time="7.939"/>
  <system-out/>
  <testcase classname="com.jack.task.Cooley" name="run" time="5.953"/>
  <system-out/>
  <testcase classname="com.jack.task.Cooley" name="run" time="7.622"/>
  <system-out/>
  <testcase classname="com.jack.task.Cooley" name="run" time="6.497"/>
  <system-out/>
  <testcase classname="com.jack.task.Cooley" name="run" time="7.476"/>
  <system-out/>
  <testcase classname="com.jack.task.Cooley" name="run" time="7.317"/>
  <system-out/>
  <testcase classname="com.jack.task.Cooley" name="run" time="6.920"/>
  <system-out/>
  <testcase classname="com.jack.task.Cooley" name="run" time="8.126"/>
  <system-out/>
  <testcase classname="com.jack.task.Cooley" name="run" time="7.157"/>
  <system-out/>
  <testcase classname="com.jack.task.Cooley" name="run" time="6.679"/>
  <system-out/>
  <testcase classname="com.jack.task.Cooley" name="run" time="6.116"/>
  <system-out/>
  <testcase classname="com.jack.task.Cooley" name="run" time="7.552"/>
  <system-out/>
  <testcase classname="com.jack.task.Cooley" name="run" time="5.867"/>
  <system-out/>
  <testcase classname="com.jack.task.Cooley" name="run" time="6.338"/>
  <system-out/>
  <testcase classname="com.jack.task.Cooley" name="run" time="7.908"/>
  <system-out/>
  <testcase classname="com.jack.task.Cooley" name="run" time="7.202"/>
  <system-out/>
  <testcase classname="com.jack.task.Cooley" name="run" time="7.865"/>
  <system-out/>
  <testcase classname="com.jack.task.Cooley" name="run" time="6.440"/>
  <system-out/>
  <testcase classname="com.jack.task.Cooley" name="run" time="6.992"/>
  <system-out/>
  <testcase classname="com.jack.task.Cooley" name="run" time="7.258"/>
  <system-out/>
  <testcase classname="com.jack.task.Cooley" name="run" time="7.376"/>
  <system-out/>
  <testcase classname="com.jack.task.Cooley" name="run" time="8.220"/>
  <system-out/>
  <testcase classname="com.jack.task.Cooley" name="run" time="7.841"/>
  <system-out/>
  <testcase classname="com.jack.task.Cooley" name="run" time="7.578"/>
  <system-out/>
  <testcase classname="com.jack.task.Cooley" name="run" time="6.107"/>
  <system-out/>
  <testcase classname="com.jack.task.Cooley" name="run" time="6.734"/>
  <system-out/>
  <testcase classname="com.jack.task.Cooley" name="run" time="6.347"/>
  <system-out/>
  <testcase classname="com.jack.task.Cooley" name="run" time="7.143"/>
  <system-out/>
  <testcase classname="com.jack.task.Cooley" name="run" time="7.363"/>
  <system-out/>
  <testcase classname="com.jack.task.Cooley" name="run" time="6.629"/>
  <system-out/>
  <testcase classname="com.jack.task.Cooley" name="run" time="6.892"/>
  <system-out/>
  <testcase classname="com.jack.task.Cooley" name="run" time="5.883"/>
  <system-out/>
  <testcase classname="com.jack.task.Cooley" name="run" time="7.241"/>
  <system-out/>
  <testcase classname="com.jack.task.Cooley" name="run" time="7.985"/>
  <system-out/>
  <testcase classname="com.jack.task.Cooley" name="run" time="5.651"/>
  <system-out/>
  <testcase classname="com.jack.task.Cooley" name="run" time="6.441"/>
  <system-out/>
  <testcase classname="com.jack.task.Cooley" name="run" time="8.507"/>
  <system-out/>
  <testcase classname="com.jack.task.Cooley" name="run" time="7.649"/>
  <system-out/>
  <testcase classname="com.jack.task.Cooley" name="run" time="8.122"/>
  <system-out/>
  <testcase classname="com.jack.task.Cooley" name="run" time="7.052"/>
  <system-out/>
  <testcase classname="com.jack.task.Cooley" name="run" time="8.504"/>
  <system-out/>
  <testcase classname="com.jack.task.Cooley" name="run" time="7.071"/>
  <system-out/>
  <testcase classname="com.jack.task.Cooley" name="run" time="6.608"/>
  <system-out/>
  <testcase classname="com.jack.task.Cooley" name="run" time="6.386"/>
  <system-out/>
  <testcase classname="com.jack.task.Cooley" name="run" time="8.064"/>
  <system-out/>
  <testcase classname="com.jack.task.Cooley" name="testx" time="0.001"/>
  <system-out/>
  <testcase classname="com.jack.task.Cooley" name="run" time="6.873"/>
  <system-out/>
  <testcase classname="com.jack.task.Cooley" name="run" time="7.201"/>
  <system-out/>
  <testcase classname="com.jack.task.Cooley" name="run" time="8.343"/>
  <system-out/>
  <testcase classname="com.jack.task.Cooley" name="run" time="6.436"/>
  <system-out/>
  <testcase classname="com.jack.task.Cooley" name="run" time="7.177"/>
  <system-out/>
  <testcase classname="com.jack.task.Cooley" name="run" time="6.491"/>
  <system-out/>
  <testcase classname="com.jack.task.Cooley" name="run" time="8.663"/>
  <system-out/>
  <testcase classname="com.jack.task.Cooley" name="run" time="7.321"/>
  <system-out/>
  <testcase classname="com.jack.task.Cooley" name="run" time="8.476"/>
  <system-out/>
  <testcase classname="com.jack.task.Cooley" name="run" time="7.159"/>
  <system-out/>
  <testcase classname="com.jack.task.Cooley" name="run" time="7.390"/>
  <system-out/>
  <testcase classname="com.jack.task.Cooley" name="run" time="7.996"/>
  <system-out/>
  <testcase classname="com.jack.task.Cooley" name="run" time="7.673"/>
  <system-out/>
  <testcase classname="com.jack.task.Cooley" name="run" time="7.803"/>
  <system-out/>
  <testcase classname="com.jack.task.Cooley" name="run" time="7.818"/>
  <system-out/>
  <testcase classname="com.jack.task.Cooley" name="run" time="7.964"/>
  <system-out/>
  <testcase classname="com.jack.task.Cooley" name="run" time="6.545"/>
  <system-out/>
  <testcase classname="com.jack.task.Cooley" name="run" time="7.461"/>
  <system-out/>
  <testcase classname="com.jack.task.Cooley" name="run" time="9.478"/>
  <system-out/>
  <testcase classname="com.jack.task.Cooley" name="run" time="6.695"/>
  <system-out/>
  <testcase classname="com.jack.task.Cooley" name="run" time="5.951"/>
  <system-out/>
  <testcase classname="com.jack.task.Cooley" name="run" time="7.929"/>
  <system-out/>
  <testcase classname="com.jack.task.Cooley" name="run" time="5.590"/>
  <system-out/>
  <testcase classname="com.jack.task.Cooley" name="run" time="7.302"/>
  <system-out/>
  <testcase classname="com.jack.task.Cooley" name="run" time="7.958"/>
  <system-out/>
  <testcase classname="com.jack.task.Cooley" name="run" time="6.898"/>
  <system-out/>
  <testcase classname="com.jack.task.Cooley" name="run" time="7.580"/>
  <system-out/>
</testsuite> <!-- com.jack.task.Cooley -->
