<?xml version="1.0" encoding="UTF-8"?>
<!-- Generated by org.testng.reporters.JUnitReportReporter -->
<testsuite hostname="DESKTOP-3DLKC1S" failures="0" tests="7" name="com.jack.task3.Huntonak" time="14.885" errors="0" timestamp="2023-03-21T11:38:57 BDT" skipped="0">
  <testcase classname="com.jack.task3.Huntonak" name="run" time="2.231"/>
  <system-out/>
  <testcase classname="com.jack.task3.Huntonak" name="run" time="5.160"/>
  <system-out/>
  <testcase classname="com.jack.task3.Huntonak" name="testx" time="0.001"/>
  <system-out/>
  <testcase classname="com.jack.task3.Huntonak" name="run" time="2.958"/>
  <system-out/>
  <testcase classname="com.jack.task3.Huntonak" name="saveList" time="0.159"/>
  <system-out/>
  <testcase classname="com.jack.task3.Huntonak" name="run" time="2.236"/>
  <system-out/>
  <testcase classname="com.jack.task3.Huntonak" name="run" time="2.140"/>
  <system-out/>
</testsuite> <!-- com.jack.task3.Huntonak -->
