<?xml version="1.0" encoding="UTF-8"?>
<!-- Generated by org.testng.reporters.JUnitReportReporter -->
<testsuite hostname="DESKTOP-3DLKC1S" failures="0" tests="7" name="com.jack.task2.Bakermckenzie" time="7.817" errors="0" timestamp="2023-02-28T01:04:39 BDT" skipped="0">
  <testcase classname="com.jack.task2.Bakermckenzie" name="run" time="1.691"/>
  <system-out/>
  <testcase classname="com.jack.task2.Bakermckenzie" name="run" time="1.955"/>
  <system-out/>
  <testcase classname="com.jack.task2.Bakermckenzie" name="testx" time="0.001"/>
  <system-out/>
  <testcase classname="com.jack.task2.Bakermckenzie" name="run" time="1.449"/>
  <system-out/>
  <testcase classname="com.jack.task2.Bakermckenzie" name="saveList" time="0.030"/>
  <system-out/>
  <testcase classname="com.jack.task2.Bakermckenzie" name="run" time="1.532"/>
  <system-out/>
  <testcase classname="com.jack.task2.Bakermckenzie" name="run" time="1.159"/>
  <system-out/>
</testsuite> <!-- com.jack.task2.Bakermckenzie -->
