<?xml version="1.0" encoding="UTF-8"?>
<!-- Generated by org.testng.reporters.JUnitReportReporter -->
<testsuite hostname="DESKTOP-89RDKF8" failures="0" tests="697" name="com.jack.task.Davispolk" time="1325.287" errors="0" timestamp="2022-12-26T21:41:57 BDT" skipped="0">
  <testcase classname="com.jack.task.Davispolk" name="run" time="1.513"/>
  <system-out/>
  <testcase classname="com.jack.task.Davispolk" name="run" time="2.422"/>
  <system-out/>
  <testcase classname="com.jack.task.Davispolk" name="run" time="1.804"/>
  <system-out/>
  <testcase classname="com.jack.task.Davispolk" name="run" time="1.667"/>
  <system-out/>
  <testcase classname="com.jack.task.Davispolk" name="run" time="1.490"/>
  <system-out/>
  <testcase classname="com.jack.task.Davispolk" name="run" time="1.770"/>
  <system-out/>
  <testcase classname="com.jack.task.Davispolk" name="run" time="1.789"/>
  <system-out/>
  <testcase classname="com.jack.task.Davispolk" name="run" time="2.117"/>
  <system-out/>
  <testcase classname="com.jack.task.Davispolk" name="run" time="1.619"/>
  <system-out/>
  <testcase classname="com.jack.task.Davispolk" name="run" time="2.280"/>
  <system-out/>
  <testcase classname="com.jack.task.Davispolk" name="run" time="1.481"/>
  <system-out/>
  <testcase classname="com.jack.task.Davispolk" name="run" time="1.883"/>
  <system-out/>
  <testcase classname="com.jack.task.Davispolk" name="run" time="1.572"/>
  <system-out/>
  <testcase classname="com.jack.task.Davispolk" name="run" time="1.291"/>
  <system-out/>
  <testcase classname="com.jack.task.Davispolk" name="run" time="1.870"/>
  <system-out/>
  <testcase classname="com.jack.task.Davispolk" name="run" time="1.482"/>
  <system-out/>
  <testcase classname="com.jack.task.Davispolk" name="run" time="1.762"/>
  <system-out/>
  <testcase classname="com.jack.task.Davispolk" name="run" time="1.797"/>
  <system-out/>
  <testcase classname="com.jack.task.Davispolk" name="run" time="1.674"/>
  <system-out/>
  <testcase classname="com.jack.task.Davispolk" name="run" time="1.683"/>
  <system-out/>
  <testcase classname="com.jack.task.Davispolk" name="run" time="1.597"/>
  <system-out/>
  <testcase classname="com.jack.task.Davispolk" name="run" time="1.650"/>
  <system-out/>
  <testcase classname="com.jack.task.Davispolk" name="run" time="1.653"/>
  <system-out/>
  <testcase classname="com.jack.task.Davispolk" name="run" time="2.382"/>
  <system-out/>
  <testcase classname="com.jack.task.Davispolk" name="run" time="1.779"/>
  <system-out/>
  <testcase classname="com.jack.task.Davispolk" name="run" time="2.159"/>
  <system-out/>
  <testcase classname="com.jack.task.Davispolk" name="run" time="1.867"/>
  <system-out/>
  <testcase classname="com.jack.task.Davispolk" name="run" time="1.804"/>
  <system-out/>
  <testcase classname="com.jack.task.Davispolk" name="run" time="1.800"/>
  <system-out/>
  <testcase classname="com.jack.task.Davispolk" name="run" time="1.748"/>
  <system-out/>
  <testcase classname="com.jack.task.Davispolk" name="run" time="1.411"/>
  <system-out/>
  <testcase classname="com.jack.task.Davispolk" name="run" time="1.707"/>
  <system-out/>
  <testcase classname="com.jack.task.Davispolk" name="run" time="2.217"/>
  <system-out/>
  <testcase classname="com.jack.task.Davispolk" name="run" time="1.504"/>
  <system-out/>
  <testcase classname="com.jack.task.Davispolk" name="run" time="1.461"/>
  <system-out/>
  <testcase classname="com.jack.task.Davispolk" name="run" time="1.696"/>
  <system-out/>
  <testcase classname="com.jack.task.Davispolk" name="run" time="2.465"/>
  <system-out/>
  <testcase classname="com.jack.task.Davispolk" name="run" time="1.868"/>
  <system-out/>
  <testcase classname="com.jack.task.Davispolk" name="run" time="1.487"/>
  <system-out/>
  <testcase classname="com.jack.task.Davispolk" name="run" time="2.034"/>
  <system-out/>
  <testcase classname="com.jack.task.Davispolk" name="run" time="2.026"/>
  <system-out/>
  <testcase classname="com.jack.task.Davispolk" name="run" time="1.556"/>
  <system-out/>
  <testcase classname="com.jack.task.Davispolk" name="run" time="1.787"/>
  <system-out/>
  <testcase classname="com.jack.task.Davispolk" name="run" time="1.845"/>
  <system-out/>
  <testcase classname="com.jack.task.Davispolk" name="run" time="1.534"/>
  <system-out/>
  <testcase classname="com.jack.task.Davispolk" name="run" time="1.553"/>
  <system-out/>
  <testcase classname="com.jack.task.Davispolk" name="run" time="2.435"/>
  <system-out/>
  <testcase classname="com.jack.task.Davispolk" name="run" time="1.796"/>
  <system-out/>
  <testcase classname="com.jack.task.Davispolk" name="run" time="2.102"/>
  <system-out/>
  <testcase classname="com.jack.task.Davispolk" name="run" time="2.569"/>
  <system-out/>
  <testcase classname="com.jack.task.Davispolk" name="run" time="2.508"/>
  <system-out/>
  <testcase classname="com.jack.task.Davispolk" name="run" time="1.506"/>
  <system-out/>
  <testcase classname="com.jack.task.Davispolk" name="run" time="1.918"/>
  <system-out/>
  <testcase classname="com.jack.task.Davispolk" name="run" time="1.411"/>
  <system-out/>
  <testcase classname="com.jack.task.Davispolk" name="run" time="1.840"/>
  <system-out/>
  <testcase classname="com.jack.task.Davispolk" name="run" time="2.088"/>
  <system-out/>
  <testcase classname="com.jack.task.Davispolk" name="run" time="1.840"/>
  <system-out/>
  <testcase classname="com.jack.task.Davispolk" name="run" time="1.667"/>
  <system-out/>
  <testcase classname="com.jack.task.Davispolk" name="run" time="1.755"/>
  <system-out/>
  <testcase classname="com.jack.task.Davispolk" name="run" time="1.399"/>
  <system-out/>
  <testcase classname="com.jack.task.Davispolk" name="run" time="1.461"/>
  <system-out/>
  <testcase classname="com.jack.task.Davispolk" name="run" time="2.466"/>
  <system-out/>
  <testcase classname="com.jack.task.Davispolk" name="run" time="1.605"/>
  <system-out/>
  <testcase classname="com.jack.task.Davispolk" name="run" time="1.872"/>
  <system-out/>
  <testcase classname="com.jack.task.Davispolk" name="run" time="2.281"/>
  <system-out/>
  <testcase classname="com.jack.task.Davispolk" name="run" time="2.883"/>
  <system-out/>
  <testcase classname="com.jack.task.Davispolk" name="run" time="1.790"/>
  <system-out/>
  <testcase classname="com.jack.task.Davispolk" name="run" time="1.738"/>
  <system-out/>
  <testcase classname="com.jack.task.Davispolk" name="run" time="1.818"/>
  <system-out/>
  <testcase classname="com.jack.task.Davispolk" name="run" time="2.377"/>
  <system-out/>
  <testcase classname="com.jack.task.Davispolk" name="run" time="2.039"/>
  <system-out/>
  <testcase classname="com.jack.task.Davispolk" name="run" time="1.543"/>
  <system-out/>
  <testcase classname="com.jack.task.Davispolk" name="run" time="1.924"/>
  <system-out/>
  <testcase classname="com.jack.task.Davispolk" name="run" time="1.726"/>
  <system-out/>
  <testcase classname="com.jack.task.Davispolk" name="run" time="1.793"/>
  <system-out/>
  <testcase classname="com.jack.task.Davispolk" name="run" time="1.751"/>
  <system-out/>
  <testcase classname="com.jack.task.Davispolk" name="run" time="1.433"/>
  <system-out/>
  <testcase classname="com.jack.task.Davispolk" name="run" time="1.854"/>
  <system-out/>
  <testcase classname="com.jack.task.Davispolk" name="run" time="2.372"/>
  <system-out/>
  <testcase classname="com.jack.task.Davispolk" name="run" time="1.806"/>
  <system-out/>
  <testcase classname="com.jack.task.Davispolk" name="run" time="1.582"/>
  <system-out/>
  <testcase classname="com.jack.task.Davispolk" name="run" time="2.210"/>
  <system-out/>
  <testcase classname="com.jack.task.Davispolk" name="run" time="1.999"/>
  <system-out/>
  <testcase classname="com.jack.task.Davispolk" name="run" time="1.605"/>
  <system-out/>
  <testcase classname="com.jack.task.Davispolk" name="run" time="1.887"/>
  <system-out/>
  <testcase classname="com.jack.task.Davispolk" name="run" time="1.795"/>
  <system-out/>
  <testcase classname="com.jack.task.Davispolk" name="run" time="1.697"/>
  <system-out/>
  <testcase classname="com.jack.task.Davispolk" name="run" time="1.721"/>
  <system-out/>
  <testcase classname="com.jack.task.Davispolk" name="run" time="1.603"/>
  <system-out/>
  <testcase classname="com.jack.task.Davispolk" name="run" time="1.393"/>
  <system-out/>
  <testcase classname="com.jack.task.Davispolk" name="run" time="1.391"/>
  <system-out/>
  <testcase classname="com.jack.task.Davispolk" name="run" time="2.317"/>
  <system-out/>
  <testcase classname="com.jack.task.Davispolk" name="run" time="3.095"/>
  <system-out/>
  <testcase classname="com.jack.task.Davispolk" name="run" time="2.804"/>
  <system-out/>
  <testcase classname="com.jack.task.Davispolk" name="run" time="2.787"/>
  <system-out/>
  <testcase classname="com.jack.task.Davispolk" name="run" time="1.472"/>
  <system-out/>
  <testcase classname="com.jack.task.Davispolk" name="run" time="1.805"/>
  <system-out/>
  <testcase classname="com.jack.task.Davispolk" name="run" time="1.469"/>
  <system-out/>
  <testcase classname="com.jack.task.Davispolk" name="run" time="2.624"/>
  <system-out/>
  <testcase classname="com.jack.task.Davispolk" name="run" time="3.309"/>
  <system-out/>
  <testcase classname="com.jack.task.Davispolk" name="run" time="1.346"/>
  <system-out/>
  <testcase classname="com.jack.task.Davispolk" name="run" time="2.109"/>
  <system-out/>
  <testcase classname="com.jack.task.Davispolk" name="run" time="2.354"/>
  <system-out/>
  <testcase classname="com.jack.task.Davispolk" name="run" time="2.466"/>
  <system-out/>
  <testcase classname="com.jack.task.Davispolk" name="run" time="4.025"/>
  <system-out/>
  <testcase classname="com.jack.task.Davispolk" name="run" time="2.081"/>
  <system-out/>
  <testcase classname="com.jack.task.Davispolk" name="run" time="1.400"/>
  <system-out/>
  <testcase classname="com.jack.task.Davispolk" name="run" time="1.903"/>
  <system-out/>
  <testcase classname="com.jack.task.Davispolk" name="run" time="1.872"/>
  <system-out/>
  <testcase classname="com.jack.task.Davispolk" name="run" time="1.697"/>
  <system-out/>
  <testcase classname="com.jack.task.Davispolk" name="run" time="1.560"/>
  <system-out/>
  <testcase classname="com.jack.task.Davispolk" name="run" time="1.565"/>
  <system-out/>
  <testcase classname="com.jack.task.Davispolk" name="run" time="2.141"/>
  <system-out/>
  <testcase classname="com.jack.task.Davispolk" name="run" time="2.410"/>
  <system-out/>
  <testcase classname="com.jack.task.Davispolk" name="run" time="1.700"/>
  <system-out/>
  <testcase classname="com.jack.task.Davispolk" name="run" time="2.202"/>
  <system-out/>
  <testcase classname="com.jack.task.Davispolk" name="run" time="1.596"/>
  <system-out/>
  <testcase classname="com.jack.task.Davispolk" name="run" time="1.877"/>
  <system-out/>
  <testcase classname="com.jack.task.Davispolk" name="run" time="2.837"/>
  <system-out/>
  <testcase classname="com.jack.task.Davispolk" name="run" time="1.636"/>
  <system-out/>
  <testcase classname="com.jack.task.Davispolk" name="run" time="1.913"/>
  <system-out/>
  <testcase classname="com.jack.task.Davispolk" name="run" time="1.539"/>
  <system-out/>
  <testcase classname="com.jack.task.Davispolk" name="run" time="2.025"/>
  <system-out/>
  <testcase classname="com.jack.task.Davispolk" name="run" time="1.481"/>
  <system-out/>
  <testcase classname="com.jack.task.Davispolk" name="run" time="3.406"/>
  <system-out/>
  <testcase classname="com.jack.task.Davispolk" name="run" time="2.065"/>
  <system-out/>
  <testcase classname="com.jack.task.Davispolk" name="run" time="2.151"/>
  <system-out/>
  <testcase classname="com.jack.task.Davispolk" name="run" time="1.660"/>
  <system-out/>
  <testcase classname="com.jack.task.Davispolk" name="run" time="1.652"/>
  <system-out/>
  <testcase classname="com.jack.task.Davispolk" name="run" time="1.573"/>
  <system-out/>
  <testcase classname="com.jack.task.Davispolk" name="run" time="1.466"/>
  <system-out/>
  <testcase classname="com.jack.task.Davispolk" name="run" time="1.909"/>
  <system-out/>
  <testcase classname="com.jack.task.Davispolk" name="run" time="2.198"/>
  <system-out/>
  <testcase classname="com.jack.task.Davispolk" name="run" time="2.163"/>
  <system-out/>
  <testcase classname="com.jack.task.Davispolk" name="run" time="1.760"/>
  <system-out/>
  <testcase classname="com.jack.task.Davispolk" name="run" time="1.479"/>
  <system-out/>
  <testcase classname="com.jack.task.Davispolk" name="run" time="2.652"/>
  <system-out/>
  <testcase classname="com.jack.task.Davispolk" name="run" time="1.769"/>
  <system-out/>
  <testcase classname="com.jack.task.Davispolk" name="run" time="1.597"/>
  <system-out/>
  <testcase classname="com.jack.task.Davispolk" name="run" time="1.619"/>
  <system-out/>
  <testcase classname="com.jack.task.Davispolk" name="run" time="2.964"/>
  <system-out/>
  <testcase classname="com.jack.task.Davispolk" name="run" time="1.659"/>
  <system-out/>
  <testcase classname="com.jack.task.Davispolk" name="run" time="1.329"/>
  <system-out/>
  <testcase classname="com.jack.task.Davispolk" name="run" time="1.520"/>
  <system-out/>
  <testcase classname="com.jack.task.Davispolk" name="run" time="2.214"/>
  <system-out/>
  <testcase classname="com.jack.task.Davispolk" name="run" time="2.059"/>
  <system-out/>
  <testcase classname="com.jack.task.Davispolk" name="run" time="2.306"/>
  <system-out/>
  <testcase classname="com.jack.task.Davispolk" name="run" time="1.665"/>
  <system-out/>
  <testcase classname="com.jack.task.Davispolk" name="run" time="1.685"/>
  <system-out/>
  <testcase classname="com.jack.task.Davispolk" name="run" time="1.481"/>
  <system-out/>
  <testcase classname="com.jack.task.Davispolk" name="run" time="2.655"/>
  <system-out/>
  <testcase classname="com.jack.task.Davispolk" name="run" time="1.507"/>
  <system-out/>
  <testcase classname="com.jack.task.Davispolk" name="run" time="2.094"/>
  <system-out/>
  <testcase classname="com.jack.task.Davispolk" name="run" time="1.853"/>
  <system-out/>
  <testcase classname="com.jack.task.Davispolk" name="run" time="1.431"/>
  <system-out/>
  <testcase classname="com.jack.task.Davispolk" name="run" time="1.828"/>
  <system-out/>
  <testcase classname="com.jack.task.Davispolk" name="run" time="2.317"/>
  <system-out/>
  <testcase classname="com.jack.task.Davispolk" name="run" time="3.598"/>
  <system-out/>
  <testcase classname="com.jack.task.Davispolk" name="run" time="2.299"/>
  <system-out/>
  <testcase classname="com.jack.task.Davispolk" name="run" time="1.984"/>
  <system-out/>
  <testcase classname="com.jack.task.Davispolk" name="run" time="2.389"/>
  <system-out/>
  <testcase classname="com.jack.task.Davispolk" name="run" time="1.597"/>
  <system-out/>
  <testcase classname="com.jack.task.Davispolk" name="run" time="1.747"/>
  <system-out/>
  <testcase classname="com.jack.task.Davispolk" name="run" time="1.749"/>
  <system-out/>
  <testcase classname="com.jack.task.Davispolk" name="run" time="1.632"/>
  <system-out/>
  <testcase classname="com.jack.task.Davispolk" name="run" time="1.536"/>
  <system-out/>
  <testcase classname="com.jack.task.Davispolk" name="run" time="1.649"/>
  <system-out/>
  <testcase classname="com.jack.task.Davispolk" name="run" time="1.863"/>
  <system-out/>
  <testcase classname="com.jack.task.Davispolk" name="run" time="2.433"/>
  <system-out/>
  <testcase classname="com.jack.task.Davispolk" name="run" time="1.879"/>
  <system-out/>
  <testcase classname="com.jack.task.Davispolk" name="run" time="3.206"/>
  <system-out/>
  <testcase classname="com.jack.task.Davispolk" name="run" time="1.719"/>
  <system-out/>
  <testcase classname="com.jack.task.Davispolk" name="run" time="2.271"/>
  <system-out/>
  <testcase classname="com.jack.task.Davispolk" name="run" time="2.018"/>
  <system-out/>
  <testcase classname="com.jack.task.Davispolk" name="run" time="1.637"/>
  <system-out/>
  <testcase classname="com.jack.task.Davispolk" name="run" time="1.567"/>
  <system-out/>
  <testcase classname="com.jack.task.Davispolk" name="run" time="1.619"/>
  <system-out/>
  <testcase classname="com.jack.task.Davispolk" name="run" time="2.289"/>
  <system-out/>
  <testcase classname="com.jack.task.Davispolk" name="run" time="2.665"/>
  <system-out/>
  <testcase classname="com.jack.task.Davispolk" name="run" time="2.100"/>
  <system-out/>
  <testcase classname="com.jack.task.Davispolk" name="run" time="1.585"/>
  <system-out/>
  <testcase classname="com.jack.task.Davispolk" name="run" time="1.786"/>
  <system-out/>
  <testcase classname="com.jack.task.Davispolk" name="run" time="2.515"/>
  <system-out/>
  <testcase classname="com.jack.task.Davispolk" name="run" time="1.884"/>
  <system-out/>
  <testcase classname="com.jack.task.Davispolk" name="run" time="1.630"/>
  <system-out/>
  <testcase classname="com.jack.task.Davispolk" name="run" time="2.720"/>
  <system-out/>
  <testcase classname="com.jack.task.Davispolk" name="run" time="1.505"/>
  <system-out/>
  <testcase classname="com.jack.task.Davispolk" name="run" time="2.247"/>
  <system-out/>
  <testcase classname="com.jack.task.Davispolk" name="run" time="2.316"/>
  <system-out/>
  <testcase classname="com.jack.task.Davispolk" name="run" time="1.901"/>
  <system-out/>
  <testcase classname="com.jack.task.Davispolk" name="run" time="2.034"/>
  <system-out/>
  <testcase classname="com.jack.task.Davispolk" name="run" time="1.880"/>
  <system-out/>
  <testcase classname="com.jack.task.Davispolk" name="run" time="1.548"/>
  <system-out/>
  <testcase classname="com.jack.task.Davispolk" name="run" time="1.835"/>
  <system-out/>
  <testcase classname="com.jack.task.Davispolk" name="run" time="1.657"/>
  <system-out/>
  <testcase classname="com.jack.task.Davispolk" name="run" time="3.354"/>
  <system-out/>
  <testcase classname="com.jack.task.Davispolk" name="run" time="2.749"/>
  <system-out/>
  <testcase classname="com.jack.task.Davispolk" name="run" time="7.324"/>
  <system-out/>
  <testcase classname="com.jack.task.Davispolk" name="run" time="3.747"/>
  <system-out/>
  <testcase classname="com.jack.task.Davispolk" name="run" time="1.408"/>
  <system-out/>
  <testcase classname="com.jack.task.Davispolk" name="run" time="2.398"/>
  <system-out/>
  <testcase classname="com.jack.task.Davispolk" name="run" time="1.890"/>
  <system-out/>
  <testcase classname="com.jack.task.Davispolk" name="run" time="2.096"/>
  <system-out/>
  <testcase classname="com.jack.task.Davispolk" name="run" time="1.824"/>
  <system-out/>
  <testcase classname="com.jack.task.Davispolk" name="run" time="1.980"/>
  <system-out/>
  <testcase classname="com.jack.task.Davispolk" name="run" time="2.259"/>
  <system-out/>
  <testcase classname="com.jack.task.Davispolk" name="run" time="1.698"/>
  <system-out/>
  <testcase classname="com.jack.task.Davispolk" name="run" time="1.531"/>
  <system-out/>
  <testcase classname="com.jack.task.Davispolk" name="run" time="2.202"/>
  <system-out/>
  <testcase classname="com.jack.task.Davispolk" name="run" time="2.160"/>
  <system-out/>
  <testcase classname="com.jack.task.Davispolk" name="run" time="1.654"/>
  <system-out/>
  <testcase classname="com.jack.task.Davispolk" name="run" time="2.330"/>
  <system-out/>
  <testcase classname="com.jack.task.Davispolk" name="run" time="1.876"/>
  <system-out/>
  <testcase classname="com.jack.task.Davispolk" name="run" time="2.100"/>
  <system-out/>
  <testcase classname="com.jack.task.Davispolk" name="run" time="1.769"/>
  <system-out/>
  <testcase classname="com.jack.task.Davispolk" name="run" time="1.481"/>
  <system-out/>
  <testcase classname="com.jack.task.Davispolk" name="run" time="2.306"/>
  <system-out/>
  <testcase classname="com.jack.task.Davispolk" name="run" time="1.357"/>
  <system-out/>
  <testcase classname="com.jack.task.Davispolk" name="run" time="2.052"/>
  <system-out/>
  <testcase classname="com.jack.task.Davispolk" name="run" time="1.437"/>
  <system-out/>
  <testcase classname="com.jack.task.Davispolk" name="run" time="1.725"/>
  <system-out/>
  <testcase classname="com.jack.task.Davispolk" name="run" time="1.514"/>
  <system-out/>
  <testcase classname="com.jack.task.Davispolk" name="run" time="1.473"/>
  <system-out/>
  <testcase classname="com.jack.task.Davispolk" name="run" time="1.743"/>
  <system-out/>
  <testcase classname="com.jack.task.Davispolk" name="run" time="2.580"/>
  <system-out/>
  <testcase classname="com.jack.task.Davispolk" name="run" time="2.373"/>
  <system-out/>
  <testcase classname="com.jack.task.Davispolk" name="run" time="1.533"/>
  <system-out/>
  <testcase classname="com.jack.task.Davispolk" name="run" time="1.903"/>
  <system-out/>
  <testcase classname="com.jack.task.Davispolk" name="run" time="2.571"/>
  <system-out/>
  <testcase classname="com.jack.task.Davispolk" name="run" time="1.440"/>
  <system-out/>
  <testcase classname="com.jack.task.Davispolk" name="run" time="2.207"/>
  <system-out/>
  <testcase classname="com.jack.task.Davispolk" name="run" time="1.510"/>
  <system-out/>
  <testcase classname="com.jack.task.Davispolk" name="run" time="1.803"/>
  <system-out/>
  <testcase classname="com.jack.task.Davispolk" name="run" time="1.691"/>
  <system-out/>
  <testcase classname="com.jack.task.Davispolk" name="run" time="1.718"/>
  <system-out/>
  <testcase classname="com.jack.task.Davispolk" name="run" time="1.753"/>
  <system-out/>
  <testcase classname="com.jack.task.Davispolk" name="run" time="2.360"/>
  <system-out/>
  <testcase classname="com.jack.task.Davispolk" name="run" time="1.956"/>
  <system-out/>
  <testcase classname="com.jack.task.Davispolk" name="run" time="1.923"/>
  <system-out/>
  <testcase classname="com.jack.task.Davispolk" name="run" time="1.603"/>
  <system-out/>
  <testcase classname="com.jack.task.Davispolk" name="run" time="2.358"/>
  <system-out/>
  <testcase classname="com.jack.task.Davispolk" name="run" time="1.704"/>
  <system-out/>
  <testcase classname="com.jack.task.Davispolk" name="run" time="1.617"/>
  <system-out/>
  <testcase classname="com.jack.task.Davispolk" name="run" time="3.904"/>
  <system-out/>
  <testcase classname="com.jack.task.Davispolk" name="run" time="2.381"/>
  <system-out/>
  <testcase classname="com.jack.task.Davispolk" name="run" time="1.835"/>
  <system-out/>
  <testcase classname="com.jack.task.Davispolk" name="run" time="1.447"/>
  <system-out/>
  <testcase classname="com.jack.task.Davispolk" name="run" time="2.104"/>
  <system-out/>
  <testcase classname="com.jack.task.Davispolk" name="run" time="1.898"/>
  <system-out/>
  <testcase classname="com.jack.task.Davispolk" name="run" time="1.783"/>
  <system-out/>
  <testcase classname="com.jack.task.Davispolk" name="run" time="1.652"/>
  <system-out/>
  <testcase classname="com.jack.task.Davispolk" name="run" time="1.946"/>
  <system-out/>
  <testcase classname="com.jack.task.Davispolk" name="run" time="2.571"/>
  <system-out/>
  <testcase classname="com.jack.task.Davispolk" name="run" time="2.006"/>
  <system-out/>
  <testcase classname="com.jack.task.Davispolk" name="run" time="1.751"/>
  <system-out/>
  <testcase classname="com.jack.task.Davispolk" name="run" time="1.671"/>
  <system-out/>
  <testcase classname="com.jack.task.Davispolk" name="run" time="1.433"/>
  <system-out/>
  <testcase classname="com.jack.task.Davispolk" name="run" time="1.512"/>
  <system-out/>
  <testcase classname="com.jack.task.Davispolk" name="run" time="1.697"/>
  <system-out/>
  <testcase classname="com.jack.task.Davispolk" name="run" time="1.338"/>
  <system-out/>
  <testcase classname="com.jack.task.Davispolk" name="run" time="1.872"/>
  <system-out/>
  <testcase classname="com.jack.task.Davispolk" name="run" time="1.763"/>
  <system-out/>
  <testcase classname="com.jack.task.Davispolk" name="run" time="1.875"/>
  <system-out/>
  <testcase classname="com.jack.task.Davispolk" name="run" time="1.721"/>
  <system-out/>
  <testcase classname="com.jack.task.Davispolk" name="run" time="1.871"/>
  <system-out/>
  <testcase classname="com.jack.task.Davispolk" name="run" time="1.913"/>
  <system-out/>
  <testcase classname="com.jack.task.Davispolk" name="run" time="2.328"/>
  <system-out/>
  <testcase classname="com.jack.task.Davispolk" name="run" time="1.793"/>
  <system-out/>
  <testcase classname="com.jack.task.Davispolk" name="run" time="3.147"/>
  <system-out/>
  <testcase classname="com.jack.task.Davispolk" name="run" time="1.716"/>
  <system-out/>
  <testcase classname="com.jack.task.Davispolk" name="run" time="1.717"/>
  <system-out/>
  <testcase classname="com.jack.task.Davispolk" name="run" time="2.661"/>
  <system-out/>
  <testcase classname="com.jack.task.Davispolk" name="run" time="1.719"/>
  <system-out/>
  <testcase classname="com.jack.task.Davispolk" name="run" time="1.678"/>
  <system-out/>
  <testcase classname="com.jack.task.Davispolk" name="run" time="2.292"/>
  <system-out/>
  <testcase classname="com.jack.task.Davispolk" name="run" time="1.796"/>
  <system-out/>
  <testcase classname="com.jack.task.Davispolk" name="run" time="1.780"/>
  <system-out/>
  <testcase classname="com.jack.task.Davispolk" name="run" time="2.108"/>
  <system-out/>
  <testcase classname="com.jack.task.Davispolk" name="run" time="1.540"/>
  <system-out/>
  <testcase classname="com.jack.task.Davispolk" name="run" time="2.483"/>
  <system-out/>
  <testcase classname="com.jack.task.Davispolk" name="run" time="1.707"/>
  <system-out/>
  <testcase classname="com.jack.task.Davispolk" name="run" time="1.936"/>
  <system-out/>
  <testcase classname="com.jack.task.Davispolk" name="run" time="1.423"/>
  <system-out/>
  <testcase classname="com.jack.task.Davispolk" name="run" time="1.922"/>
  <system-out/>
  <testcase classname="com.jack.task.Davispolk" name="run" time="1.472"/>
  <system-out/>
  <testcase classname="com.jack.task.Davispolk" name="run" time="1.973"/>
  <system-out/>
  <testcase classname="com.jack.task.Davispolk" name="run" time="1.478"/>
  <system-out/>
  <testcase classname="com.jack.task.Davispolk" name="run" time="1.381"/>
  <system-out/>
  <testcase classname="com.jack.task.Davispolk" name="run" time="1.769"/>
  <system-out/>
  <testcase classname="com.jack.task.Davispolk" name="run" time="2.378"/>
  <system-out/>
  <testcase classname="com.jack.task.Davispolk" name="run" time="1.976"/>
  <system-out/>
  <testcase classname="com.jack.task.Davispolk" name="run" time="1.477"/>
  <system-out/>
  <testcase classname="com.jack.task.Davispolk" name="run" time="1.575"/>
  <system-out/>
  <testcase classname="com.jack.task.Davispolk" name="run" time="1.642"/>
  <system-out/>
  <testcase classname="com.jack.task.Davispolk" name="run" time="1.661"/>
  <system-out/>
  <testcase classname="com.jack.task.Davispolk" name="run" time="1.538"/>
  <system-out/>
  <testcase classname="com.jack.task.Davispolk" name="run" time="2.246"/>
  <system-out/>
  <testcase classname="com.jack.task.Davispolk" name="run" time="1.733"/>
  <system-out/>
  <testcase classname="com.jack.task.Davispolk" name="run" time="1.653"/>
  <system-out/>
  <testcase classname="com.jack.task.Davispolk" name="run" time="1.485"/>
  <system-out/>
  <testcase classname="com.jack.task.Davispolk" name="run" time="1.703"/>
  <system-out/>
  <testcase classname="com.jack.task.Davispolk" name="run" time="1.570"/>
  <system-out/>
  <testcase classname="com.jack.task.Davispolk" name="run" time="1.715"/>
  <system-out/>
  <testcase classname="com.jack.task.Davispolk" name="run" time="1.997"/>
  <system-out/>
  <testcase classname="com.jack.task.Davispolk" name="run" time="1.472"/>
  <system-out/>
  <testcase classname="com.jack.task.Davispolk" name="run" time="1.891"/>
  <system-out/>
  <testcase classname="com.jack.task.Davispolk" name="run" time="1.526"/>
  <system-out/>
  <testcase classname="com.jack.task.Davispolk" name="run" time="1.640"/>
  <system-out/>
  <testcase classname="com.jack.task.Davispolk" name="run" time="1.823"/>
  <system-out/>
  <testcase classname="com.jack.task.Davispolk" name="run" time="1.712"/>
  <system-out/>
  <testcase classname="com.jack.task.Davispolk" name="run" time="1.538"/>
  <system-out/>
  <testcase classname="com.jack.task.Davispolk" name="run" time="1.884"/>
  <system-out/>
  <testcase classname="com.jack.task.Davispolk" name="run" time="1.428"/>
  <system-out/>
  <testcase classname="com.jack.task.Davispolk" name="run" time="1.628"/>
  <system-out/>
  <testcase classname="com.jack.task.Davispolk" name="run" time="1.468"/>
  <system-out/>
  <testcase classname="com.jack.task.Davispolk" name="run" time="1.580"/>
  <system-out/>
  <testcase classname="com.jack.task.Davispolk" name="run" time="1.634"/>
  <system-out/>
  <testcase classname="com.jack.task.Davispolk" name="run" time="1.374"/>
  <system-out/>
  <testcase classname="com.jack.task.Davispolk" name="run" time="1.565"/>
  <system-out/>
  <testcase classname="com.jack.task.Davispolk" name="run" time="2.540"/>
  <system-out/>
  <testcase classname="com.jack.task.Davispolk" name="run" time="1.799"/>
  <system-out/>
  <testcase classname="com.jack.task.Davispolk" name="run" time="1.772"/>
  <system-out/>
  <testcase classname="com.jack.task.Davispolk" name="run" time="1.774"/>
  <system-out/>
  <testcase classname="com.jack.task.Davispolk" name="run" time="1.852"/>
  <system-out/>
  <testcase classname="com.jack.task.Davispolk" name="run" time="1.966"/>
  <system-out/>
  <testcase classname="com.jack.task.Davispolk" name="run" time="1.368"/>
  <system-out/>
  <testcase classname="com.jack.task.Davispolk" name="run" time="1.592"/>
  <system-out/>
  <testcase classname="com.jack.task.Davispolk" name="run" time="1.582"/>
  <system-out/>
  <testcase classname="com.jack.task.Davispolk" name="run" time="1.887"/>
  <system-out/>
  <testcase classname="com.jack.task.Davispolk" name="run" time="1.501"/>
  <system-out/>
  <testcase classname="com.jack.task.Davispolk" name="run" time="1.746"/>
  <system-out/>
  <testcase classname="com.jack.task.Davispolk" name="run" time="2.218"/>
  <system-out/>
  <testcase classname="com.jack.task.Davispolk" name="run" time="2.609"/>
  <system-out/>
  <testcase classname="com.jack.task.Davispolk" name="run" time="1.993"/>
  <system-out/>
  <testcase classname="com.jack.task.Davispolk" name="run" time="1.675"/>
  <system-out/>
  <testcase classname="com.jack.task.Davispolk" name="run" time="1.744"/>
  <system-out/>
  <testcase classname="com.jack.task.Davispolk" name="run" time="1.944"/>
  <system-out/>
  <testcase classname="com.jack.task.Davispolk" name="run" time="1.497"/>
  <system-out/>
  <testcase classname="com.jack.task.Davispolk" name="run" time="1.659"/>
  <system-out/>
  <testcase classname="com.jack.task.Davispolk" name="run" time="2.264"/>
  <system-out/>
  <testcase classname="com.jack.task.Davispolk" name="run" time="1.365"/>
  <system-out/>
  <testcase classname="com.jack.task.Davispolk" name="run" time="1.614"/>
  <system-out/>
  <testcase classname="com.jack.task.Davispolk" name="run" time="1.729"/>
  <system-out/>
  <testcase classname="com.jack.task.Davispolk" name="run" time="1.927"/>
  <system-out/>
  <testcase classname="com.jack.task.Davispolk" name="run" time="2.491"/>
  <system-out/>
  <testcase classname="com.jack.task.Davispolk" name="run" time="1.836"/>
  <system-out/>
  <testcase classname="com.jack.task.Davispolk" name="run" time="3.114"/>
  <system-out/>
  <testcase classname="com.jack.task.Davispolk" name="run" time="1.981"/>
  <system-out/>
  <testcase classname="com.jack.task.Davispolk" name="run" time="1.460"/>
  <system-out/>
  <testcase classname="com.jack.task.Davispolk" name="run" time="1.674"/>
  <system-out/>
  <testcase classname="com.jack.task.Davispolk" name="run" time="2.518"/>
  <system-out/>
  <testcase classname="com.jack.task.Davispolk" name="run" time="1.833"/>
  <system-out/>
  <testcase classname="com.jack.task.Davispolk" name="run" time="1.960"/>
  <system-out/>
  <testcase classname="com.jack.task.Davispolk" name="run" time="3.053"/>
  <system-out/>
  <testcase classname="com.jack.task.Davispolk" name="run" time="1.613"/>
  <system-out/>
  <testcase classname="com.jack.task.Davispolk" name="run" time="2.362"/>
  <system-out/>
  <testcase classname="com.jack.task.Davispolk" name="run" time="1.539"/>
  <system-out/>
  <testcase classname="com.jack.task.Davispolk" name="run" time="1.471"/>
  <system-out/>
  <testcase classname="com.jack.task.Davispolk" name="run" time="2.641"/>
  <system-out/>
  <testcase classname="com.jack.task.Davispolk" name="run" time="2.002"/>
  <system-out/>
  <testcase classname="com.jack.task.Davispolk" name="run" time="1.591"/>
  <system-out/>
  <testcase classname="com.jack.task.Davispolk" name="run" time="1.939"/>
  <system-out/>
  <testcase classname="com.jack.task.Davispolk" name="run" time="2.179"/>
  <system-out/>
  <testcase classname="com.jack.task.Davispolk" name="run" time="1.914"/>
  <system-out/>
  <testcase classname="com.jack.task.Davispolk" name="run" time="1.724"/>
  <system-out/>
  <testcase classname="com.jack.task.Davispolk" name="run" time="1.376"/>
  <system-out/>
  <testcase classname="com.jack.task.Davispolk" name="run" time="2.137"/>
  <system-out/>
  <testcase classname="com.jack.task.Davispolk" name="run" time="2.015"/>
  <system-out/>
  <testcase classname="com.jack.task.Davispolk" name="run" time="1.822"/>
  <system-out/>
  <testcase classname="com.jack.task.Davispolk" name="run" time="1.553"/>
  <system-out/>
  <testcase classname="com.jack.task.Davispolk" name="run" time="1.524"/>
  <system-out/>
  <testcase classname="com.jack.task.Davispolk" name="run" time="1.506"/>
  <system-out/>
  <testcase classname="com.jack.task.Davispolk" name="run" time="2.462"/>
  <system-out/>
  <testcase classname="com.jack.task.Davispolk" name="run" time="1.952"/>
  <system-out/>
  <testcase classname="com.jack.task.Davispolk" name="run" time="1.547"/>
  <system-out/>
  <testcase classname="com.jack.task.Davispolk" name="run" time="1.769"/>
  <system-out/>
  <testcase classname="com.jack.task.Davispolk" name="run" time="1.801"/>
  <system-out/>
  <testcase classname="com.jack.task.Davispolk" name="run" time="1.588"/>
  <system-out/>
  <testcase classname="com.jack.task.Davispolk" name="run" time="1.320"/>
  <system-out/>
  <testcase classname="com.jack.task.Davispolk" name="run" time="1.681"/>
  <system-out/>
  <testcase classname="com.jack.task.Davispolk" name="run" time="1.660"/>
  <system-out/>
  <testcase classname="com.jack.task.Davispolk" name="run" time="1.669"/>
  <system-out/>
  <testcase classname="com.jack.task.Davispolk" name="run" time="1.667"/>
  <system-out/>
  <testcase classname="com.jack.task.Davispolk" name="run" time="1.825"/>
  <system-out/>
  <testcase classname="com.jack.task.Davispolk" name="run" time="1.863"/>
  <system-out/>
  <testcase classname="com.jack.task.Davispolk" name="run" time="1.657"/>
  <system-out/>
  <testcase classname="com.jack.task.Davispolk" name="run" time="1.634"/>
  <system-out/>
  <testcase classname="com.jack.task.Davispolk" name="run" time="1.475"/>
  <system-out/>
  <testcase classname="com.jack.task.Davispolk" name="run" time="1.553"/>
  <system-out/>
  <testcase classname="com.jack.task.Davispolk" name="run" time="2.236"/>
  <system-out/>
  <testcase classname="com.jack.task.Davispolk" name="run" time="1.401"/>
  <system-out/>
  <testcase classname="com.jack.task.Davispolk" name="run" time="1.504"/>
  <system-out/>
  <testcase classname="com.jack.task.Davispolk" name="run" time="1.419"/>
  <system-out/>
  <testcase classname="com.jack.task.Davispolk" name="run" time="1.704"/>
  <system-out/>
  <testcase classname="com.jack.task.Davispolk" name="run" time="1.700"/>
  <system-out/>
  <testcase classname="com.jack.task.Davispolk" name="run" time="1.748"/>
  <system-out/>
  <testcase classname="com.jack.task.Davispolk" name="run" time="1.458"/>
  <system-out/>
  <testcase classname="com.jack.task.Davispolk" name="run" time="1.477"/>
  <system-out/>
  <testcase classname="com.jack.task.Davispolk" name="run" time="1.349"/>
  <system-out/>
  <testcase classname="com.jack.task.Davispolk" name="run" time="2.612"/>
  <system-out/>
  <testcase classname="com.jack.task.Davispolk" name="run" time="1.375"/>
  <system-out/>
  <testcase classname="com.jack.task.Davispolk" name="run" time="2.079"/>
  <system-out/>
  <testcase classname="com.jack.task.Davispolk" name="run" time="1.989"/>
  <system-out/>
  <testcase classname="com.jack.task.Davispolk" name="run" time="1.643"/>
  <system-out/>
  <testcase classname="com.jack.task.Davispolk" name="run" time="1.717"/>
  <system-out/>
  <testcase classname="com.jack.task.Davispolk" name="run" time="2.279"/>
  <system-out/>
  <testcase classname="com.jack.task.Davispolk" name="run" time="1.566"/>
  <system-out/>
  <testcase classname="com.jack.task.Davispolk" name="run" time="1.820"/>
  <system-out/>
  <testcase classname="com.jack.task.Davispolk" name="run" time="1.648"/>
  <system-out/>
  <testcase classname="com.jack.task.Davispolk" name="run" time="3.337"/>
  <system-out/>
  <testcase classname="com.jack.task.Davispolk" name="run" time="2.657"/>
  <system-out/>
  <testcase classname="com.jack.task.Davispolk" name="run" time="1.624"/>
  <system-out/>
  <testcase classname="com.jack.task.Davispolk" name="run" time="1.453"/>
  <system-out/>
  <testcase classname="com.jack.task.Davispolk" name="run" time="1.495"/>
  <system-out/>
  <testcase classname="com.jack.task.Davispolk" name="run" time="1.538"/>
  <system-out/>
  <testcase classname="com.jack.task.Davispolk" name="run" time="2.019"/>
  <system-out/>
  <testcase classname="com.jack.task.Davispolk" name="run" time="1.448"/>
  <system-out/>
  <testcase classname="com.jack.task.Davispolk" name="run" time="2.165"/>
  <system-out/>
  <testcase classname="com.jack.task.Davispolk" name="run" time="1.602"/>
  <system-out/>
  <testcase classname="com.jack.task.Davispolk" name="run" time="1.583"/>
  <system-out/>
  <testcase classname="com.jack.task.Davispolk" name="run" time="2.226"/>
  <system-out/>
  <testcase classname="com.jack.task.Davispolk" name="run" time="1.606"/>
  <system-out/>
  <testcase classname="com.jack.task.Davispolk" name="run" time="1.784"/>
  <system-out/>
  <testcase classname="com.jack.task.Davispolk" name="run" time="1.668"/>
  <system-out/>
  <testcase classname="com.jack.task.Davispolk" name="run" time="1.480"/>
  <system-out/>
  <testcase classname="com.jack.task.Davispolk" name="run" time="1.479"/>
  <system-out/>
  <testcase classname="com.jack.task.Davispolk" name="run" time="1.844"/>
  <system-out/>
  <testcase classname="com.jack.task.Davispolk" name="run" time="1.999"/>
  <system-out/>
  <testcase classname="com.jack.task.Davispolk" name="run" time="2.508"/>
  <system-out/>
  <testcase classname="com.jack.task.Davispolk" name="run" time="2.338"/>
  <system-out/>
  <testcase classname="com.jack.task.Davispolk" name="run" time="2.435"/>
  <system-out/>
  <testcase classname="com.jack.task.Davispolk" name="run" time="1.988"/>
  <system-out/>
  <testcase classname="com.jack.task.Davispolk" name="run" time="2.188"/>
  <system-out/>
  <testcase classname="com.jack.task.Davispolk" name="run" time="1.758"/>
  <system-out/>
  <testcase classname="com.jack.task.Davispolk" name="run" time="1.458"/>
  <system-out/>
  <testcase classname="com.jack.task.Davispolk" name="run" time="1.802"/>
  <system-out/>
  <testcase classname="com.jack.task.Davispolk" name="run" time="2.006"/>
  <system-out/>
  <testcase classname="com.jack.task.Davispolk" name="run" time="1.730"/>
  <system-out/>
  <testcase classname="com.jack.task.Davispolk" name="run" time="1.538"/>
  <system-out/>
  <testcase classname="com.jack.task.Davispolk" name="run" time="2.031"/>
  <system-out/>
  <testcase classname="com.jack.task.Davispolk" name="run" time="1.516"/>
  <system-out/>
  <testcase classname="com.jack.task.Davispolk" name="run" time="2.661"/>
  <system-out/>
  <testcase classname="com.jack.task.Davispolk" name="run" time="2.762"/>
  <system-out/>
  <testcase classname="com.jack.task.Davispolk" name="run" time="3.375"/>
  <system-out/>
  <testcase classname="com.jack.task.Davispolk" name="run" time="1.652"/>
  <system-out/>
  <testcase classname="com.jack.task.Davispolk" name="run" time="1.569"/>
  <system-out/>
  <testcase classname="com.jack.task.Davispolk" name="testx" time="0.000"/>
  <system-out/>
  <testcase classname="com.jack.task.Davispolk" name="run" time="1.639"/>
  <system-out/>
  <testcase classname="com.jack.task.Davispolk" name="run" time="2.045"/>
  <system-out/>
  <testcase classname="com.jack.task.Davispolk" name="run" time="2.435"/>
  <system-out/>
  <testcase classname="com.jack.task.Davispolk" name="run" time="1.926"/>
  <system-out/>
  <testcase classname="com.jack.task.Davispolk" name="run" time="2.453"/>
  <system-out/>
  <testcase classname="com.jack.task.Davispolk" name="run" time="2.051"/>
  <system-out/>
  <testcase classname="com.jack.task.Davispolk" name="run" time="2.580"/>
  <system-out/>
  <testcase classname="com.jack.task.Davispolk" name="run" time="2.720"/>
  <system-out/>
  <testcase classname="com.jack.task.Davispolk" name="run" time="1.431"/>
  <system-out/>
  <testcase classname="com.jack.task.Davispolk" name="run" time="1.688"/>
  <system-out/>
  <testcase classname="com.jack.task.Davispolk" name="run" time="1.524"/>
  <system-out/>
  <testcase classname="com.jack.task.Davispolk" name="run" time="1.453"/>
  <system-out/>
  <testcase classname="com.jack.task.Davispolk" name="run" time="1.513"/>
  <system-out/>
  <testcase classname="com.jack.task.Davispolk" name="run" time="1.865"/>
  <system-out/>
  <testcase classname="com.jack.task.Davispolk" name="run" time="1.505"/>
  <system-out/>
  <testcase classname="com.jack.task.Davispolk" name="run" time="1.432"/>
  <system-out/>
  <testcase classname="com.jack.task.Davispolk" name="run" time="2.322"/>
  <system-out/>
  <testcase classname="com.jack.task.Davispolk" name="run" time="2.838"/>
  <system-out/>
  <testcase classname="com.jack.task.Davispolk" name="run" time="1.546"/>
  <system-out/>
  <testcase classname="com.jack.task.Davispolk" name="run" time="1.388"/>
  <system-out/>
  <testcase classname="com.jack.task.Davispolk" name="run" time="2.253"/>
  <system-out/>
  <testcase classname="com.jack.task.Davispolk" name="run" time="3.037"/>
  <system-out/>
  <testcase classname="com.jack.task.Davispolk" name="run" time="1.457"/>
  <system-out/>
  <testcase classname="com.jack.task.Davispolk" name="run" time="1.808"/>
  <system-out/>
  <testcase classname="com.jack.task.Davispolk" name="run" time="1.726"/>
  <system-out/>
  <testcase classname="com.jack.task.Davispolk" name="run" time="2.061"/>
  <system-out/>
  <testcase classname="com.jack.task.Davispolk" name="run" time="2.268"/>
  <system-out/>
  <testcase classname="com.jack.task.Davispolk" name="run" time="2.413"/>
  <system-out/>
  <testcase classname="com.jack.task.Davispolk" name="run" time="2.787"/>
  <system-out/>
  <testcase classname="com.jack.task.Davispolk" name="run" time="1.749"/>
  <system-out/>
  <testcase classname="com.jack.task.Davispolk" name="run" time="2.037"/>
  <system-out/>
  <testcase classname="com.jack.task.Davispolk" name="run" time="2.884"/>
  <system-out/>
  <testcase classname="com.jack.task.Davispolk" name="run" time="1.754"/>
  <system-out/>
  <testcase classname="com.jack.task.Davispolk" name="run" time="1.555"/>
  <system-out/>
  <testcase classname="com.jack.task.Davispolk" name="run" time="2.555"/>
  <system-out/>
  <testcase classname="com.jack.task.Davispolk" name="run" time="1.961"/>
  <system-out/>
  <testcase classname="com.jack.task.Davispolk" name="run" time="1.860"/>
  <system-out/>
  <testcase classname="com.jack.task.Davispolk" name="run" time="1.543"/>
  <system-out/>
  <testcase classname="com.jack.task.Davispolk" name="run" time="2.286"/>
  <system-out/>
  <testcase classname="com.jack.task.Davispolk" name="run" time="3.087"/>
  <system-out/>
  <testcase classname="com.jack.task.Davispolk" name="run" time="1.606"/>
  <system-out/>
  <testcase classname="com.jack.task.Davispolk" name="run" time="1.650"/>
  <system-out/>
  <testcase classname="com.jack.task.Davispolk" name="run" time="1.709"/>
  <system-out/>
  <testcase classname="com.jack.task.Davispolk" name="run" time="1.722"/>
  <system-out/>
  <testcase classname="com.jack.task.Davispolk" name="run" time="1.537"/>
  <system-out/>
  <testcase classname="com.jack.task.Davispolk" name="run" time="1.791"/>
  <system-out/>
  <testcase classname="com.jack.task.Davispolk" name="run" time="1.509"/>
  <system-out/>
  <testcase classname="com.jack.task.Davispolk" name="run" time="1.464"/>
  <system-out/>
  <testcase classname="com.jack.task.Davispolk" name="run" time="1.599"/>
  <system-out/>
  <testcase classname="com.jack.task.Davispolk" name="run" time="1.466"/>
  <system-out/>
  <testcase classname="com.jack.task.Davispolk" name="run" time="2.202"/>
  <system-out/>
  <testcase classname="com.jack.task.Davispolk" name="run" time="1.772"/>
  <system-out/>
  <testcase classname="com.jack.task.Davispolk" name="run" time="1.602"/>
  <system-out/>
  <testcase classname="com.jack.task.Davispolk" name="run" time="2.566"/>
  <system-out/>
  <testcase classname="com.jack.task.Davispolk" name="run" time="1.555"/>
  <system-out/>
  <testcase classname="com.jack.task.Davispolk" name="run" time="2.276"/>
  <system-out/>
  <testcase classname="com.jack.task.Davispolk" name="run" time="2.738"/>
  <system-out/>
  <testcase classname="com.jack.task.Davispolk" name="run" time="1.736"/>
  <system-out/>
  <testcase classname="com.jack.task.Davispolk" name="run" time="1.706"/>
  <system-out/>
  <testcase classname="com.jack.task.Davispolk" name="run" time="1.602"/>
  <system-out/>
  <testcase classname="com.jack.task.Davispolk" name="run" time="1.733"/>
  <system-out/>
  <testcase classname="com.jack.task.Davispolk" name="run" time="1.553"/>
  <system-out/>
  <testcase classname="com.jack.task.Davispolk" name="run" time="1.639"/>
  <system-out/>
  <testcase classname="com.jack.task.Davispolk" name="run" time="3.640"/>
  <system-out/>
  <testcase classname="com.jack.task.Davispolk" name="run" time="2.222"/>
  <system-out/>
  <testcase classname="com.jack.task.Davispolk" name="run" time="1.776"/>
  <system-out/>
  <testcase classname="com.jack.task.Davispolk" name="run" time="1.633"/>
  <system-out/>
  <testcase classname="com.jack.task.Davispolk" name="run" time="2.160"/>
  <system-out/>
  <testcase classname="com.jack.task.Davispolk" name="run" time="1.930"/>
  <system-out/>
  <testcase classname="com.jack.task.Davispolk" name="run" time="1.760"/>
  <system-out/>
  <testcase classname="com.jack.task.Davispolk" name="run" time="1.699"/>
  <system-out/>
  <testcase classname="com.jack.task.Davispolk" name="run" time="2.406"/>
  <system-out/>
  <testcase classname="com.jack.task.Davispolk" name="run" time="1.493"/>
  <system-out/>
  <testcase classname="com.jack.task.Davispolk" name="run" time="1.454"/>
  <system-out/>
  <testcase classname="com.jack.task.Davispolk" name="run" time="1.504"/>
  <system-out/>
  <testcase classname="com.jack.task.Davispolk" name="run" time="1.644"/>
  <system-out/>
  <testcase classname="com.jack.task.Davispolk" name="run" time="1.665"/>
  <system-out/>
  <testcase classname="com.jack.task.Davispolk" name="run" time="2.053"/>
  <system-out/>
  <testcase classname="com.jack.task.Davispolk" name="run" time="1.495"/>
  <system-out/>
  <testcase classname="com.jack.task.Davispolk" name="run" time="1.645"/>
  <system-out/>
  <testcase classname="com.jack.task.Davispolk" name="run" time="2.524"/>
  <system-out/>
  <testcase classname="com.jack.task.Davispolk" name="run" time="4.194"/>
  <system-out/>
  <testcase classname="com.jack.task.Davispolk" name="run" time="1.529"/>
  <system-out/>
  <testcase classname="com.jack.task.Davispolk" name="run" time="1.713"/>
  <system-out/>
  <testcase classname="com.jack.task.Davispolk" name="run" time="1.590"/>
  <system-out/>
  <testcase classname="com.jack.task.Davispolk" name="run" time="1.801"/>
  <system-out/>
  <testcase classname="com.jack.task.Davispolk" name="run" time="1.531"/>
  <system-out/>
  <testcase classname="com.jack.task.Davispolk" name="run" time="1.697"/>
  <system-out/>
  <testcase classname="com.jack.task.Davispolk" name="run" time="1.702"/>
  <system-out/>
  <testcase classname="com.jack.task.Davispolk" name="run" time="1.525"/>
  <system-out/>
  <testcase classname="com.jack.task.Davispolk" name="run" time="1.878"/>
  <system-out/>
  <testcase classname="com.jack.task.Davispolk" name="run" time="1.816"/>
  <system-out/>
  <testcase classname="com.jack.task.Davispolk" name="run" time="2.236"/>
  <system-out/>
  <testcase classname="com.jack.task.Davispolk" name="run" time="2.437"/>
  <system-out/>
  <testcase classname="com.jack.task.Davispolk" name="run" time="1.962"/>
  <system-out/>
  <testcase classname="com.jack.task.Davispolk" name="run" time="1.543"/>
  <system-out/>
  <testcase classname="com.jack.task.Davispolk" name="run" time="1.373"/>
  <system-out/>
  <testcase classname="com.jack.task.Davispolk" name="run" time="1.777"/>
  <system-out/>
  <testcase classname="com.jack.task.Davispolk" name="run" time="1.884"/>
  <system-out/>
  <testcase classname="com.jack.task.Davispolk" name="run" time="1.634"/>
  <system-out/>
  <testcase classname="com.jack.task.Davispolk" name="run" time="1.685"/>
  <system-out/>
  <testcase classname="com.jack.task.Davispolk" name="run" time="3.612"/>
  <system-out/>
  <testcase classname="com.jack.task.Davispolk" name="run" time="1.516"/>
  <system-out/>
  <testcase classname="com.jack.task.Davispolk" name="run" time="1.448"/>
  <system-out/>
  <testcase classname="com.jack.task.Davispolk" name="run" time="1.859"/>
  <system-out/>
  <testcase classname="com.jack.task.Davispolk" name="run" time="1.679"/>
  <system-out/>
  <testcase classname="com.jack.task.Davispolk" name="run" time="2.233"/>
  <system-out/>
  <testcase classname="com.jack.task.Davispolk" name="run" time="2.036"/>
  <system-out/>
  <testcase classname="com.jack.task.Davispolk" name="run" time="1.576"/>
  <system-out/>
  <testcase classname="com.jack.task.Davispolk" name="run" time="2.226"/>
  <system-out/>
  <testcase classname="com.jack.task.Davispolk" name="run" time="1.705"/>
  <system-out/>
  <testcase classname="com.jack.task.Davispolk" name="run" time="1.733"/>
  <system-out/>
  <testcase classname="com.jack.task.Davispolk" name="run" time="1.416"/>
  <system-out/>
  <testcase classname="com.jack.task.Davispolk" name="run" time="1.534"/>
  <system-out/>
  <testcase classname="com.jack.task.Davispolk" name="run" time="1.687"/>
  <system-out/>
  <testcase classname="com.jack.task.Davispolk" name="run" time="1.749"/>
  <system-out/>
  <testcase classname="com.jack.task.Davispolk" name="run" time="1.397"/>
  <system-out/>
  <testcase classname="com.jack.task.Davispolk" name="run" time="2.948"/>
  <system-out/>
  <testcase classname="com.jack.task.Davispolk" name="run" time="1.416"/>
  <system-out/>
  <testcase classname="com.jack.task.Davispolk" name="run" time="1.894"/>
  <system-out/>
  <testcase classname="com.jack.task.Davispolk" name="run" time="2.627"/>
  <system-out/>
  <testcase classname="com.jack.task.Davispolk" name="run" time="1.671"/>
  <system-out/>
  <testcase classname="com.jack.task.Davispolk" name="run" time="1.764"/>
  <system-out/>
  <testcase classname="com.jack.task.Davispolk" name="run" time="2.490"/>
  <system-out/>
  <testcase classname="com.jack.task.Davispolk" name="run" time="2.765"/>
  <system-out/>
  <testcase classname="com.jack.task.Davispolk" name="run" time="2.391"/>
  <system-out/>
  <testcase classname="com.jack.task.Davispolk" name="run" time="1.507"/>
  <system-out/>
  <testcase classname="com.jack.task.Davispolk" name="run" time="2.643"/>
  <system-out/>
  <testcase classname="com.jack.task.Davispolk" name="run" time="1.824"/>
  <system-out/>
  <testcase classname="com.jack.task.Davispolk" name="run" time="1.765"/>
  <system-out/>
  <testcase classname="com.jack.task.Davispolk" name="run" time="4.577"/>
  <system-out/>
  <testcase classname="com.jack.task.Davispolk" name="run" time="1.653"/>
  <system-out/>
  <testcase classname="com.jack.task.Davispolk" name="run" time="1.800"/>
  <system-out/>
  <testcase classname="com.jack.task.Davispolk" name="run" time="1.600"/>
  <system-out/>
  <testcase classname="com.jack.task.Davispolk" name="run" time="1.461"/>
  <system-out/>
  <testcase classname="com.jack.task.Davispolk" name="run" time="1.791"/>
  <system-out/>
  <testcase classname="com.jack.task.Davispolk" name="run" time="1.771"/>
  <system-out/>
  <testcase classname="com.jack.task.Davispolk" name="run" time="1.614"/>
  <system-out/>
  <testcase classname="com.jack.task.Davispolk" name="run" time="1.773"/>
  <system-out/>
  <testcase classname="com.jack.task.Davispolk" name="run" time="1.985"/>
  <system-out/>
  <testcase classname="com.jack.task.Davispolk" name="run" time="1.539"/>
  <system-out/>
  <testcase classname="com.jack.task.Davispolk" name="run" time="1.449"/>
  <system-out/>
  <testcase classname="com.jack.task.Davispolk" name="run" time="2.333"/>
  <system-out/>
  <testcase classname="com.jack.task.Davispolk" name="run" time="2.225"/>
  <system-out/>
  <testcase classname="com.jack.task.Davispolk" name="run" time="1.530"/>
  <system-out/>
  <testcase classname="com.jack.task.Davispolk" name="run" time="1.622"/>
  <system-out/>
  <testcase classname="com.jack.task.Davispolk" name="run" time="2.279"/>
  <system-out/>
  <testcase classname="com.jack.task.Davispolk" name="run" time="1.742"/>
  <system-out/>
  <testcase classname="com.jack.task.Davispolk" name="run" time="1.417"/>
  <system-out/>
  <testcase classname="com.jack.task.Davispolk" name="run" time="2.221"/>
  <system-out/>
  <testcase classname="com.jack.task.Davispolk" name="run" time="1.762"/>
  <system-out/>
  <testcase classname="com.jack.task.Davispolk" name="run" time="2.161"/>
  <system-out/>
  <testcase classname="com.jack.task.Davispolk" name="run" time="2.351"/>
  <system-out/>
  <testcase classname="com.jack.task.Davispolk" name="run" time="1.491"/>
  <system-out/>
  <testcase classname="com.jack.task.Davispolk" name="run" time="1.584"/>
  <system-out/>
  <testcase classname="com.jack.task.Davispolk" name="run" time="2.377"/>
  <system-out/>
  <testcase classname="com.jack.task.Davispolk" name="run" time="2.117"/>
  <system-out/>
  <testcase classname="com.jack.task.Davispolk" name="run" time="1.553"/>
  <system-out/>
  <testcase classname="com.jack.task.Davispolk" name="run" time="1.469"/>
  <system-out/>
  <testcase classname="com.jack.task.Davispolk" name="run" time="1.707"/>
  <system-out/>
  <testcase classname="com.jack.task.Davispolk" name="run" time="1.507"/>
  <system-out/>
  <testcase classname="com.jack.task.Davispolk" name="run" time="1.515"/>
  <system-out/>
  <testcase classname="com.jack.task.Davispolk" name="run" time="1.933"/>
  <system-out/>
  <testcase classname="com.jack.task.Davispolk" name="run" time="1.796"/>
  <system-out/>
  <testcase classname="com.jack.task.Davispolk" name="run" time="2.047"/>
  <system-out/>
  <testcase classname="com.jack.task.Davispolk" name="run" time="2.450"/>
  <system-out/>
  <testcase classname="com.jack.task.Davispolk" name="run" time="1.492"/>
  <system-out/>
  <testcase classname="com.jack.task.Davispolk" name="run" time="1.406"/>
  <system-out/>
  <testcase classname="com.jack.task.Davispolk" name="run" time="1.585"/>
  <system-out/>
  <testcase classname="com.jack.task.Davispolk" name="run" time="1.668"/>
  <system-out/>
  <testcase classname="com.jack.task.Davispolk" name="run" time="1.608"/>
  <system-out/>
  <testcase classname="com.jack.task.Davispolk" name="run" time="1.605"/>
  <system-out/>
  <testcase classname="com.jack.task.Davispolk" name="run" time="2.063"/>
  <system-out/>
  <testcase classname="com.jack.task.Davispolk" name="run" time="1.523"/>
  <system-out/>
  <testcase classname="com.jack.task.Davispolk" name="run" time="2.686"/>
  <system-out/>
  <testcase classname="com.jack.task.Davispolk" name="run" time="1.546"/>
  <system-out/>
  <testcase classname="com.jack.task.Davispolk" name="run" time="3.134"/>
  <system-out/>
  <testcase classname="com.jack.task.Davispolk" name="run" time="1.517"/>
  <system-out/>
  <testcase classname="com.jack.task.Davispolk" name="run" time="1.504"/>
  <system-out/>
  <testcase classname="com.jack.task.Davispolk" name="run" time="2.173"/>
  <system-out/>
  <testcase classname="com.jack.task.Davispolk" name="run" time="1.553"/>
  <system-out/>
  <testcase classname="com.jack.task.Davispolk" name="run" time="1.750"/>
  <system-out/>
  <testcase classname="com.jack.task.Davispolk" name="run" time="1.955"/>
  <system-out/>
  <testcase classname="com.jack.task.Davispolk" name="run" time="1.843"/>
  <system-out/>
  <testcase classname="com.jack.task.Davispolk" name="run" time="1.835"/>
  <system-out/>
  <testcase classname="com.jack.task.Davispolk" name="run" time="2.012"/>
  <system-out/>
  <testcase classname="com.jack.task.Davispolk" name="run" time="1.491"/>
  <system-out/>
  <testcase classname="com.jack.task.Davispolk" name="run" time="1.480"/>
  <system-out/>
  <testcase classname="com.jack.task.Davispolk" name="run" time="1.749"/>
  <system-out/>
  <testcase classname="com.jack.task.Davispolk" name="run" time="2.122"/>
  <system-out/>
  <testcase classname="com.jack.task.Davispolk" name="run" time="2.167"/>
  <system-out/>
  <testcase classname="com.jack.task.Davispolk" name="run" time="1.703"/>
  <system-out/>
  <testcase classname="com.jack.task.Davispolk" name="run" time="2.170"/>
  <system-out/>
  <testcase classname="com.jack.task.Davispolk" name="run" time="1.650"/>
  <system-out/>
  <testcase classname="com.jack.task.Davispolk" name="run" time="1.867"/>
  <system-out/>
  <testcase classname="com.jack.task.Davispolk" name="run" time="1.767"/>
  <system-out/>
  <testcase classname="com.jack.task.Davispolk" name="run" time="1.473"/>
  <system-out/>
  <testcase classname="com.jack.task.Davispolk" name="run" time="1.406"/>
  <system-out/>
  <testcase classname="com.jack.task.Davispolk" name="run" time="2.137"/>
  <system-out/>
  <testcase classname="com.jack.task.Davispolk" name="run" time="1.739"/>
  <system-out/>
  <testcase classname="com.jack.task.Davispolk" name="run" time="4.036"/>
  <system-out/>
  <testcase classname="com.jack.task.Davispolk" name="run" time="1.767"/>
  <system-out/>
  <testcase classname="com.jack.task.Davispolk" name="run" time="1.480"/>
  <system-out/>
  <testcase classname="com.jack.task.Davispolk" name="run" time="1.441"/>
  <system-out/>
  <testcase classname="com.jack.task.Davispolk" name="run" time="1.690"/>
  <system-out/>
  <testcase classname="com.jack.task.Davispolk" name="run" time="1.669"/>
  <system-out/>
  <testcase classname="com.jack.task.Davispolk" name="run" time="1.697"/>
  <system-out/>
  <testcase classname="com.jack.task.Davispolk" name="run" time="1.801"/>
  <system-out/>
  <testcase classname="com.jack.task.Davispolk" name="run" time="1.845"/>
  <system-out/>
  <testcase classname="com.jack.task.Davispolk" name="run" time="1.651"/>
  <system-out/>
  <testcase classname="com.jack.task.Davispolk" name="run" time="1.711"/>
  <system-out/>
  <testcase classname="com.jack.task.Davispolk" name="run" time="1.586"/>
  <system-out/>
  <testcase classname="com.jack.task.Davispolk" name="run" time="2.428"/>
  <system-out/>
  <testcase classname="com.jack.task.Davispolk" name="run" time="2.375"/>
  <system-out/>
  <testcase classname="com.jack.task.Davispolk" name="run" time="1.918"/>
  <system-out/>
  <testcase classname="com.jack.task.Davispolk" name="run" time="1.847"/>
  <system-out/>
  <testcase classname="com.jack.task.Davispolk" name="run" time="2.009"/>
  <system-out/>
  <testcase classname="com.jack.task.Davispolk" name="run" time="1.759"/>
  <system-out/>
  <testcase classname="com.jack.task.Davispolk" name="run" time="1.885"/>
  <system-out/>
  <testcase classname="com.jack.task.Davispolk" name="run" time="2.478"/>
  <system-out/>
  <testcase classname="com.jack.task.Davispolk" name="run" time="1.501"/>
  <system-out/>
  <testcase classname="com.jack.task.Davispolk" name="run" time="2.637"/>
  <system-out/>
  <testcase classname="com.jack.task.Davispolk" name="run" time="1.776"/>
  <system-out/>
  <testcase classname="com.jack.task.Davispolk" name="run" time="2.793"/>
  <system-out/>
  <testcase classname="com.jack.task.Davispolk" name="run" time="2.145"/>
  <system-out/>
  <testcase classname="com.jack.task.Davispolk" name="run" time="1.369"/>
  <system-out/>
  <testcase classname="com.jack.task.Davispolk" name="run" time="1.642"/>
  <system-out/>
  <testcase classname="com.jack.task.Davispolk" name="run" time="1.737"/>
  <system-out/>
  <testcase classname="com.jack.task.Davispolk" name="run" time="2.087"/>
  <system-out/>
  <testcase classname="com.jack.task.Davispolk" name="run" time="2.118"/>
  <system-out/>
  <testcase classname="com.jack.task.Davispolk" name="run" time="2.088"/>
  <system-out/>
  <testcase classname="com.jack.task.Davispolk" name="run" time="1.633"/>
  <system-out/>
  <testcase classname="com.jack.task.Davispolk" name="run" time="1.561"/>
  <system-out/>
  <testcase classname="com.jack.task.Davispolk" name="run" time="1.323"/>
  <system-out/>
  <testcase classname="com.jack.task.Davispolk" name="run" time="2.369"/>
  <system-out/>
  <testcase classname="com.jack.task.Davispolk" name="run" time="1.323"/>
  <system-out/>
  <testcase classname="com.jack.task.Davispolk" name="run" time="1.681"/>
  <system-out/>
  <testcase classname="com.jack.task.Davispolk" name="run" time="1.775"/>
  <system-out/>
  <testcase classname="com.jack.task.Davispolk" name="run" time="1.683"/>
  <system-out/>
  <testcase classname="com.jack.task.Davispolk" name="run" time="1.521"/>
  <system-out/>
  <testcase classname="com.jack.task.Davispolk" name="run" time="2.215"/>
  <system-out/>
  <testcase classname="com.jack.task.Davispolk" name="run" time="1.508"/>
  <system-out/>
  <testcase classname="com.jack.task.Davispolk" name="run" time="1.613"/>
  <system-out/>
  <testcase classname="com.jack.task.Davispolk" name="run" time="1.715"/>
  <system-out/>
  <testcase classname="com.jack.task.Davispolk" name="run" time="1.606"/>
  <system-out/>
  <testcase classname="com.jack.task.Davispolk" name="run" time="1.844"/>
  <system-out/>
  <testcase classname="com.jack.task.Davispolk" name="run" time="1.758"/>
  <system-out/>
  <testcase classname="com.jack.task.Davispolk" name="run" time="2.126"/>
  <system-out/>
  <testcase classname="com.jack.task.Davispolk" name="run" time="1.552"/>
  <system-out/>
  <testcase classname="com.jack.task.Davispolk" name="run" time="2.119"/>
  <system-out/>
</testsuite> <!-- com.jack.task.Davispolk -->
