<?xml version="1.0" encoding="UTF-8"?>
<!-- Generated by org.testng.reporters.JUnitReportReporter -->
<testsuite hostname="DESKTOP-3DLKC1S" failures="0" tests="11" name="com.jack.task4.Huntonak" time="18.452" errors="0" timestamp="2023-04-03T00:43:47 BDT" skipped="0">
  <testcase classname="com.jack.task4.Huntonak" name="run" time="2.652"/>
  <system-out/>
  <testcase classname="com.jack.task4.Huntonak" name="testx" time="0.000"/>
  <system-out/>
  <testcase classname="com.jack.task4.Huntonak" name="run" time="2.175"/>
  <system-out/>
  <testcase classname="com.jack.task4.Huntonak" name="run" time="1.455"/>
  <system-out/>
  <testcase classname="com.jack.task4.Huntonak" name="run" time="2.268"/>
  <system-out/>
  <testcase classname="com.jack.task4.Huntonak" name="run" time="2.071"/>
  <system-out/>
  <testcase classname="com.jack.task4.Huntonak" name="run" time="2.186"/>
  <system-out/>
  <testcase classname="com.jack.task4.Huntonak" name="run" time="2.042"/>
  <system-out/>
  <testcase classname="com.jack.task4.Huntonak" name="saveList" time="0.034"/>
  <system-out/>
  <testcase classname="com.jack.task4.Huntonak" name="run" time="1.541"/>
  <system-out/>
  <testcase classname="com.jack.task4.Huntonak" name="run" time="2.028"/>
  <system-out/>
</testsuite> <!-- com.jack.task4.Huntonak -->
