<?xml version="1.0" encoding="UTF-8"?>
<!-- Generated by org.testng.reporters.JUnitReportReporter -->
<testsuite hostname="DESKTOP-3DLKC1S" failures="0" tests="7" name="com.jack.task3.Winston" time="33.028" errors="0" timestamp="2023-03-17T22:32:39 BDT" skipped="0">
  <testcase classname="com.jack.task3.Winston" name="run" time="10.399"/>
  <system-out/>
  <testcase classname="com.jack.task3.Winston" name="run" time="5.130"/>
  <system-out/>
  <testcase classname="com.jack.task3.Winston" name="testx" time="0.000"/>
  <system-out/>
  <testcase classname="com.jack.task3.Winston" name="run" time="4.502"/>
  <system-out/>
  <testcase classname="com.jack.task3.Winston" name="run" time="7.085"/>
  <system-out/>
  <testcase classname="com.jack.task3.Winston" name="run" time="5.727"/>
  <system-out/>
  <testcase classname="com.jack.task3.Winston" name="saveList" time="0.185"/>
  <system-out/>
</testsuite> <!-- com.jack.task3.Winston -->
